[0.920s] Invoking command in '/home/aayush/newest_frenet_planner/build/frenet_planner_ported': CMAKE_PREFIX_PATH=${CMAKE_PREFIX_PATH}:/home/aayush/newest_frenet_planner/install/dummy:/opt/ros/foxy /usr/bin/cmake --build /home/aayush/newest_frenet_planner/build/frenet_planner_ported -- -j2 -l2
[1.102s] [35m[1mScanning dependencies of target frenet_ros_obst[0m
[1.511s] [ 20%] [32mBuilding CXX object CMakeFiles/frenet_ros_obst.dir/src/frenet_planner.cpp.o[0m
[1.523s] [ 40%] [32mBuilding CXX object CMakeFiles/frenet_ros_obst.dir/src/frenet_ros_obst.cpp.o[0m
[13.271s] In file included from [01m[K/home/aayush/newest_frenet_planner/src/frenet_planner_ported/src/frenet_planner.cpp:8[m[K:
[13.271s] [01m[K/home/aayush/newest_frenet_planner/src/frenet_planner_ported/./include/matplotlibcpp.hpp:314:36:[m[K [01;35m[Kwarning: [m[Kstatic_assert without a message only available with ‘[01m[K-std=c++17[m[K’ or ‘[01m[K-std=gnu++17[m[K’ [[01;35m[K-Wpedantic[m[K]
[13.272s]   314 | static_assert(sizeof(long long) == [01;35m[K8[m[K);
[13.272s]       |                                    [01;35m[K^[m[K
[13.272s] [01m[K/home/aayush/newest_frenet_planner/src/frenet_planner_ported/./include/matplotlibcpp.hpp:316:45:[m[K [01;35m[Kwarning: [m[Kstatic_assert without a message only available with ‘[01m[K-std=c++17[m[K’ or ‘[01m[K-std=gnu++17[m[K’ [[01;35m[K-Wpedantic[m[K]
[13.272s]   316 | static_assert(sizeof(unsigned long long) == [01;35m[K8[m[K);
[13.273s]       |                                             [01;35m[K^[m[K
[17.362s] In file included from [01m[K/home/aayush/newest_frenet_planner/src/frenet_planner_ported/src/../include/../include/frenet_class.hpp:11[m[K,
[17.362s]                  from [01m[K/home/aayush/newest_frenet_planner/src/frenet_planner_ported/src/../include/frenet_optimal_trajectory.hpp:6[m[K,
[17.363s]                  from [01m[K/home/aayush/newest_frenet_planner/src/frenet_planner_ported/src/frenet_ros_obst.cpp:2[m[K:
[17.363s] [01m[K/home/aayush/newest_frenet_planner/src/frenet_planner_ported/./include/matplotlibcpp.hpp:314:36:[m[K [01;35m[Kwarning: [m[Kstatic_assert without a message only available with ‘[01m[K-std=c++17[m[K’ or ‘[01m[K-std=gnu++17[m[K’ [[01;35m[K-Wpedantic[m[K]
[17.363s]   314 | static_assert(sizeof(long long) == [01;35m[K8[m[K);
[17.364s]       |                                    [01;35m[K^[m[K
[17.364s] [01m[K/home/aayush/newest_frenet_planner/src/frenet_planner_ported/./include/matplotlibcpp.hpp:316:45:[m[K [01;35m[Kwarning: [m[Kstatic_assert without a message only available with ‘[01m[K-std=c++17[m[K’ or ‘[01m[K-std=gnu++17[m[K’ [[01;35m[K-Wpedantic[m[K]
[17.364s]   316 | static_assert(sizeof(unsigned long long) == [01;35m[K8[m[K);
[17.365s]       |                                             [01;35m[K^[m[K
[18.164s] In file included from [01m[K/home/aayush/newest_frenet_planner/src/frenet_planner_ported/src/../include/frenet_optimal_trajectory.hpp:6[m[K,
[18.164s]                  from [01m[K/home/aayush/newest_frenet_planner/src/frenet_planner_ported/src/frenet_planner.cpp:10[m[K:
[18.165s] [01m[K/home/aayush/newest_frenet_planner/src/frenet_planner_ported/src/../include/../include/frenet_class.hpp:129:81:[m[K [01;35m[Kwarning: [m[K‘[01m[Kgeometry_msgs::msg::PolygonStamped_<std::allocator<void> >::ConstPtr[m[K’ is deprecated [[01;35m[K-Wdeprecated-declarations[m[K]
[18.165s]   129 |     void footprint_callback(const geometry_msgs::msg::PolygonStamped::ConstPtr p[01;35m[K)[m[K
[18.165s]       |                                                                                 [01;35m[K^[m[K
[18.165s] In file included from [01m[K/opt/ros/foxy/include/geometry_msgs/msg/polygon_stamped.hpp:7[m[K,
[18.166s]                  from [01m[K/home/aayush/newest_frenet_planner/src/frenet_planner_ported/src/frenet_planner.cpp:6[m[K:
[18.166s] [01m[K/opt/ros/foxy/include/geometry_msgs/msg/detail/polygon_stamped__struct.hpp:114:5:[m[K [01;36m[Knote: [m[Kdeclared here
[18.166s]   114 |     [01;36m[KConstPtr[m[K;
[18.166s]       |     [01;36m[K^~~~~~~~[m[K
[18.167s] In file included from [01m[K/home/aayush/newest_frenet_planner/src/frenet_planner_ported/src/../include/frenet_optimal_trajectory.hpp:6[m[K,
[18.167s]                  from [01m[K/home/aayush/newest_frenet_planner/src/frenet_planner_ported/src/frenet_planner.cpp:10[m[K:
[18.167s] [01m[K/home/aayush/newest_frenet_planner/src/frenet_planner_ported/src/../include/../include/frenet_class.hpp:135:67:[m[K [01;35m[Kwarning: [m[K‘[01m[Knav_msgs::msg::Odometry_<std::allocator<void> >::ConstPtr[m[K’ is deprecated [[01;35m[K-Wdeprecated-declarations[m[K]
[18.168s]   135 |     void odom_callback(const nav_msgs::msg::Odometry::ConstPtr msg[01;35m[K)[m[K
[18.168s]       |                                                                   [01;35m[K^[m[K
[18.168s] In file included from [01m[K/opt/ros/foxy/include/nav_msgs/msg/odometry.hpp:7[m[K,
[18.168s]                  from [01m[K/home/aayush/newest_frenet_planner/src/frenet_planner_ported/src/frenet_planner.cpp:4[m[K:
[18.169s] [01m[K/opt/ros/foxy/include/nav_msgs/msg/detail/odometry__struct.hpp:145:5:[m[K [01;36m[Knote: [m[Kdeclared here
[18.169s]   145 |     [01;36m[KConstPtr[m[K;
[18.169s]       |     [01;36m[K^~~~~~~~[m[K
[18.170s] In file included from [01m[K/home/aayush/newest_frenet_planner/src/frenet_planner_ported/src/../include/frenet_optimal_trajectory.hpp:6[m[K,
[18.170s]                  from [01m[K/home/aayush/newest_frenet_planner/src/frenet_planner_ported/src/frenet_planner.cpp:10[m[K:
[18.170s] [01m[K/home/aayush/newest_frenet_planner/src/frenet_planner_ported/src/../include/../include/frenet_class.hpp:139:86:[m[K [01;35m[Kwarning: [m[K‘[01m[Knav_msgs::msg::OccupancyGrid_<std::allocator<void> >::ConstPtr[m[K’ is deprecated [[01;35m[K-Wdeprecated-declarations[m[K]
[18.170s]   139 |     void costmap_callback(const nav_msgs::msg::OccupancyGrid::ConstPtr occupancy_grid[01;35m[K)[m[K
[18.171s]       |                                                                                      [01;35m[K^[m[K
[18.171s] In file included from [01m[K/opt/ros/foxy/include/nav_msgs/msg/occupancy_grid.hpp:7[m[K,
[18.180s]                  from [01m[K/home/aayush/newest_frenet_planner/src/frenet_planner_ported/src/frenet_planner.cpp:5[m[K:
[18.180s] [01m[K/opt/ros/foxy/include/nav_msgs/msg/detail/occupancy_grid__struct.hpp:123:5:[m[K [01;36m[Knote: [m[Kdeclared here
[18.180s]   123 |     [01;36m[KConstPtr[m[K;
[18.181s]       |     [01;36m[K^~~~~~~~[m[K
[18.312s] In file included from [01m[K/home/aayush/newest_frenet_planner/src/frenet_planner_ported/src/../include/frenet_optimal_trajectory.hpp:6[m[K,
[18.312s]                  from [01m[K/home/aayush/newest_frenet_planner/src/frenet_planner_ported/src/frenet_planner.cpp:10[m[K:
[18.312s] [01m[K/home/aayush/newest_frenet_planner/src/frenet_planner_ported/src/../include/../include/frenet_class.hpp:[m[K In member function ‘[01m[Kvoid FrenetClass::costmap_callback(nav_msgs::msg::OccupancyGrid_<std::allocator<void> >::ConstPtr)[m[K’:
[18.312s] [01m[K/home/aayush/newest_frenet_planner/src/frenet_planner_ported/src/../include/../include/frenet_class.hpp:169:22:[m[K [01;35m[Kwarning: [m[Kcomparison of integer expressions of different signedness: ‘[01m[Klong int[m[K’ and ‘[01m[Kstd::vector<std::pair<double, double> >::size_type[m[K’ {aka ‘[01m[Klong unsigned int[m[K’} [[01;35m[K-Wsign-compare[m[K]
[18.313s]   169 |   for (long i = 0; [01;35m[Ki < ob1.size()[m[K; i++)
[18.313s]       |                    [01;35m[K~~^~~~~~~~~~~~[m[K
[18.313s] [01m[K/home/aayush/newest_frenet_planner/src/frenet_planner_ported/src/../include/../include/frenet_class.hpp:149:13:[m[K [01;35m[Kwarning: [m[Kunused variable ‘[01m[KstartTime1[m[K’ [[01;35m[K-Wunused-variable[m[K]
[18.313s]   149 |      double [01;35m[KstartTime1[m[K = omp_get_wtime();
[18.314s]       |             [01;35m[K^~~~~~~~~~[m[K
[18.316s] In file included from [01m[K/home/aayush/newest_frenet_planner/src/frenet_planner_ported/src/frenet_planner.cpp:10[m[K:
[18.317s] [01m[K/home/aayush/newest_frenet_planner/src/frenet_planner_ported/src/../include/frenet_optimal_trajectory.hpp:[m[K In function ‘[01m[Kstd::ostream& operator<<(std::ostream&, const FrenetPath&)[m[K’:
[18.317s] [01m[K/home/aayush/newest_frenet_planner/src/frenet_planner_ported/src/../include/frenet_optimal_trajectory.hpp:80:20:[m[K [01;35m[Kwarning: [m[Kstatement has no effect [[01;35m[K-Wunused-value[m[K]
[18.317s]    80 | #define trace(...) [01;35m[K42[m[K
[18.317s]       |                    [01;35m[K^~[m[K
[18.317s] [01m[K/home/aayush/newest_frenet_planner/src/frenet_planner_ported/src/../include/frenet_optimal_trajectory.hpp:80:20:[m[K [01;36m[Knote: [m[Kin definition of macro ‘[01m[Ktrace[m[K’
[18.318s]    80 | #define trace(...) [01;36m[K42[m[K
[18.318s]       |                    [01;36m[K^~[m[K
[18.318s] [01m[K/home/aayush/newest_frenet_planner/src/frenet_planner_ported/src/../include/frenet_optimal_trajectory.hpp:80:20:[m[K [01;35m[Kwarning: [m[Kstatement has no effect [[01;35m[K-Wunused-value[m[K]
[18.318s]    80 | #define trace(...) [01;35m[K42[m[K
[18.318s]       |                    [01;35m[K^~[m[K
[18.319s] [01m[K/home/aayush/newest_frenet_planner/src/frenet_planner_ported/src/../include/frenet_optimal_trajectory.hpp:80:20:[m[K [01;36m[Knote: [m[Kin definition of macro ‘[01m[Ktrace[m[K’
[18.319s]    80 | #define trace(...) [01;36m[K42[m[K
[18.319s]       |                    [01;36m[K^~[m[K
[18.319s] [01m[K/home/aayush/newest_frenet_planner/src/frenet_planner_ported/src/../include/frenet_optimal_trajectory.hpp:80:20:[m[K [01;35m[Kwarning: [m[Kstatement has no effect [[01;35m[K-Wunused-value[m[K]
[18.319s]    80 | #define trace(...) [01;35m[K42[m[K
[18.320s]       |                    [01;35m[K^~[m[K
[18.320s] [01m[K/home/aayush/newest_frenet_planner/src/frenet_planner_ported/src/../include/frenet_optimal_trajectory.hpp:80:20:[m[K [01;36m[Knote: [m[Kin definition of macro ‘[01m[Ktrace[m[K’
[18.320s]    80 | #define trace(...) [01;36m[K42[m[K
[18.320s]       |                    [01;36m[K^~[m[K
[18.321s] [01m[K/home/aayush/newest_frenet_planner/src/frenet_planner_ported/src/../include/frenet_optimal_trajectory.hpp:80:20:[m[K [01;35m[Kwarning: [m[Kstatement has no effect [[01;35m[K-Wunused-value[m[K]
[18.321s]    80 | #define trace(...) [01;35m[K42[m[K
[18.321s]       |                    [01;35m[K^~[m[K
[18.321s] [01m[K/home/aayush/newest_frenet_planner/src/frenet_planner_ported/src/../include/frenet_optimal_trajectory.hpp:80:20:[m[K [01;36m[Knote: [m[Kin definition of macro ‘[01m[Ktrace[m[K’
[18.321s]    80 | #define trace(...) [01;36m[K42[m[K
[18.322s]       |                    [01;36m[K^~[m[K
[18.322s] [01m[K/home/aayush/newest_frenet_planner/src/frenet_planner_ported/src/../include/frenet_optimal_trajectory.hpp:80:20:[m[K [01;35m[Kwarning: [m[Kstatement has no effect [[01;35m[K-Wunused-value[m[K]
[18.322s]    80 | #define trace(...) [01;35m[K42[m[K
[18.322s]       |                    [01;35m[K^~[m[K
[18.322s] [01m[K/home/aayush/newest_frenet_planner/src/frenet_planner_ported/src/../include/frenet_optimal_trajectory.hpp:80:20:[m[K [01;36m[Knote: [m[Kin definition of macro ‘[01m[Ktrace[m[K’
[18.323s]    80 | #define trace(...) [01;36m[K42[m[K
[18.323s]       |                    [01;36m[K^~[m[K
[18.323s] [01m[K/home/aayush/newest_frenet_planner/src/frenet_planner_ported/src/../include/frenet_optimal_trajectory.hpp:80:20:[m[K [01;35m[Kwarning: [m[Kstatement has no effect [[01;35m[K-Wunused-value[m[K]
[18.323s]    80 | #define trace(...) [01;35m[K42[m[K
[18.327s]       |                    [01;35m[K^~[m[K
[18.327s] [01m[K/home/aayush/newest_frenet_planner/src/frenet_planner_ported/src/../include/frenet_optimal_trajectory.hpp:80:20:[m[K [01;36m[Knote: [m[Kin definition of macro ‘[01m[Ktrace[m[K’
[18.328s]    80 | #define trace(...) [01;36m[K42[m[K
[18.328s]       |                    [01;36m[K^~[m[K
[18.328s] [01m[K/home/aayush/newest_frenet_planner/src/frenet_planner_ported/src/../include/frenet_optimal_trajectory.hpp:80:20:[m[K [01;35m[Kwarning: [m[Kstatement has no effect [[01;35m[K-Wunused-value[m[K]
[18.328s]    80 | #define trace(...) [01;35m[K42[m[K
[18.328s]       |                    [01;35m[K^~[m[K
[18.329s] [01m[K/home/aayush/newest_frenet_planner/src/frenet_planner_ported/src/../include/frenet_optimal_trajectory.hpp:80:20:[m[K [01;36m[Knote: [m[Kin definition of macro ‘[01m[Ktrace[m[K’
[18.329s]    80 | #define trace(...) [01;36m[K42[m[K
[18.329s]       |                    [01;36m[K^~[m[K
[18.337s] [01m[K/home/aayush/newest_frenet_planner/src/frenet_planner_ported/src/../include/frenet_optimal_trajectory.hpp:80:20:[m[K [01;35m[Kwarning: [m[Kstatement has no effect [[01;35m[K-Wunused-value[m[K]
[18.337s]    80 | #define trace(...) [01;35m[K42[m[K
[18.338s]       |                    [01;35m[K^~[m[K
[18.338s] [01m[K/home/aayush/newest_frenet_planner/src/frenet_planner_ported/src/../include/frenet_optimal_trajectory.hpp:80:20:[m[K [01;36m[Knote: [m[Kin definition of macro ‘[01m[Ktrace[m[K’
[18.338s]    80 | #define trace(...) [01;36m[K42[m[K
[18.339s]       |                    [01;36m[K^~[m[K
[18.339s] [01m[K/home/aayush/newest_frenet_planner/src/frenet_planner_ported/src/../include/frenet_optimal_trajectory.hpp:80:20:[m[K [01;35m[Kwarning: [m[Kstatement has no effect [[01;35m[K-Wunused-value[m[K]
[18.339s]    80 | #define trace(...) [01;35m[K42[m[K
[18.339s]       |                    [01;35m[K^~[m[K
[18.347s] [01m[K/home/aayush/newest_frenet_planner/src/frenet_planner_ported/src/../include/frenet_optimal_trajectory.hpp:80:20:[m[K [01;36m[Knote: [m[Kin definition of macro ‘[01m[Ktrace[m[K’
[18.347s]    80 | #define trace(...) [01;36m[K42[m[K
[18.347s]       |                    [01;36m[K^~[m[K
[18.348s] [01m[K/home/aayush/newest_frenet_planner/src/frenet_planner_ported/src/../include/frenet_optimal_trajectory.hpp:80:20:[m[K [01;35m[Kwarning: [m[Kstatement has no effect [[01;35m[K-Wunused-value[m[K]
[18.348s]    80 | #define trace(...) [01;35m[K42[m[K
[18.348s]       |                    [01;35m[K^~[m[K
[18.352s] [01m[K/home/aayush/newest_frenet_planner/src/frenet_planner_ported/src/../include/frenet_optimal_trajectory.hpp:80:20:[m[K [01;36m[Knote: [m[Kin definition of macro ‘[01m[Ktrace[m[K’
[18.352s]    80 | #define trace(...) [01;36m[K42[m[K
[18.352s]       |                    [01;36m[K^~[m[K
[18.352s] [01m[K/home/aayush/newest_frenet_planner/src/frenet_planner_ported/src/../include/frenet_optimal_trajectory.hpp:80:20:[m[K [01;35m[Kwarning: [m[Kstatement has no effect [[01;35m[K-Wunused-value[m[K]
[18.353s]    80 | #define trace(...) [01;35m[K42[m[K
[18.353s]       |                    [01;35m[K^~[m[K
[18.353s] [01m[K/home/aayush/newest_frenet_planner/src/frenet_planner_ported/src/../include/frenet_optimal_trajectory.hpp:80:20:[m[K [01;36m[Knote: [m[Kin definition of macro ‘[01m[Ktrace[m[K’
[18.353s]    80 | #define trace(...) [01;36m[K42[m[K
[18.353s]       |                    [01;36m[K^~[m[K
[18.354s] [01m[K/home/aayush/newest_frenet_planner/src/frenet_planner_ported/src/../include/frenet_optimal_trajectory.hpp:80:20:[m[K [01;35m[Kwarning: [m[Kstatement has no effect [[01;35m[K-Wunused-value[m[K]
[18.354s]    80 | #define trace(...) [01;35m[K42[m[K
[18.354s]       |                    [01;35m[K^~[m[K
[18.354s] [01m[K/home/aayush/newest_frenet_planner/src/frenet_planner_ported/src/../include/frenet_optimal_trajectory.hpp:80:20:[m[K [01;36m[Knote: [m[Kin definition of macro ‘[01m[Ktrace[m[K’
[18.354s]    80 | #define trace(...) [01;36m[K42[m[K
[18.359s]       |                    [01;36m[K^~[m[K
[18.359s] [01m[K/home/aayush/newest_frenet_planner/src/frenet_planner_ported/src/../include/frenet_optimal_trajectory.hpp:80:20:[m[K [01;35m[Kwarning: [m[Kstatement has no effect [[01;35m[K-Wunused-value[m[K]
[18.359s]    80 | #define trace(...) [01;35m[K42[m[K
[18.360s]       |                    [01;35m[K^~[m[K
[18.360s] [01m[K/home/aayush/newest_frenet_planner/src/frenet_planner_ported/src/../include/frenet_optimal_trajectory.hpp:80:20:[m[K [01;36m[Knote: [m[Kin definition of macro ‘[01m[Ktrace[m[K’
[18.360s]    80 | #define trace(...) [01;36m[K42[m[K
[18.360s]       |                    [01;36m[K^~[m[K
[18.360s] [01m[K/home/aayush/newest_frenet_planner/src/frenet_planner_ported/src/../include/frenet_optimal_trajectory.hpp:81:59:[m[K [01;35m[Kwarning: [m[Kunused parameter ‘[01m[Kfp[m[K’ [[01;35m[K-Wunused-parameter[m[K]
[18.361s]    81 | inline ostream& operator<<(ostream& os, [01;35m[Kconst FrenetPath& fp[m[K)
[18.361s]       |                                         [01;35m[K~~~~~~~~~~~~~~~~~~^~[m[K
[18.361s] [01m[K/home/aayush/newest_frenet_planner/src/frenet_planner_ported/src/frenet_planner.cpp:[m[K In member function ‘[01m[Kvoid FrenetPath::calc_lon_paths_quintic_poly(double, double, double, double, double)[m[K’:
[18.361s] [01m[K/home/aayush/newest_frenet_planner/src/frenet_planner_ported/src/frenet_planner.cpp:69:91:[m[K [01;35m[Kwarning: [m[Kunused parameter ‘[01m[Kts[m[K’ [[01;35m[K-Wunused-parameter[m[K]
[18.361s]    69 | void FrenetPath::calc_lon_paths_quintic_poly(double c_speed, double s0, double Ti, [01;35m[Kdouble ts[m[K,
[18.362s]       |                                                                                    [01;35m[K~~~~~~~^~[m[K
[18.362s] [01m[K/home/aayush/newest_frenet_planner/src/frenet_planner_ported/src/frenet_planner.cpp:[m[K In member function ‘[01m[Kvoid FrenetPath::adding_global_path(Spline2D)[m[K’:
[18.362s] [01m[K/home/aayush/newest_frenet_planner/src/frenet_planner_ported/src/frenet_planner.cpp:198:9:[m[K [01;35m[Kwarning: [m[Kunused variable ‘[01m[KstartTime1[m[K’ [[01;35m[K-Wunused-variable[m[K]
[18.362s]   198 |  double [01;35m[KstartTime1[m[K = omp_get_wtime();
[18.371s]       |         [01;35m[K^~~~~~~~~~[m[K
[18.371s] [01m[K/home/aayush/newest_frenet_planner/src/frenet_planner_ported/src/frenet_planner.cpp:249:9:[m[K [01;35m[Kwarning: [m[Kunused variable ‘[01m[KendTime1[m[K’ [[01;35m[K-Wunused-variable[m[K]
[18.372s]   249 |  double [01;35m[KendTime1[m[K = omp_get_wtime();
[18.372s]       |         [01;35m[K^~~~~~~~[m[K
[18.379s] In file included from [01m[K/home/aayush/newest_frenet_planner/src/frenet_planner_ported/src/frenet_planner.cpp:10[m[K:
[18.379s] [01m[K/home/aayush/newest_frenet_planner/src/frenet_planner_ported/src/frenet_planner.cpp:[m[K In function ‘[01m[KFrenetPath frenet_optimal_planning(Spline2D, double, double, double, double, double, FrenetPath, double)[m[K’:
[18.379s] [01m[K/home/aayush/newest_frenet_planner/src/frenet_planner_ported/src/../include/frenet_optimal_trajectory.hpp:80:20:[m[K [01;35m[Kwarning: [m[Kstatement has no effect [[01;35m[K-Wunused-value[m[K]
[18.380s]    80 | #define trace(...) [01;35m[K42[m[K
[18.380s]       |                    [01;35m[K^~[m[K
[18.380s] [01m[K/home/aayush/newest_frenet_planner/src/frenet_planner_ported/src/../include/frenet_optimal_trajectory.hpp:80:20:[m[K [01;36m[Knote: [m[Kin definition of macro ‘[01m[Ktrace[m[K’
[18.381s]    80 | #define trace(...) [01;36m[K42[m[K
[18.381s]       |                    [01;36m[K^~[m[K
[18.381s] [01m[K/home/aayush/newest_frenet_planner/src/frenet_planner_ported/src/../include/frenet_optimal_trajectory.hpp:80:20:[m[K [01;35m[Kwarning: [m[Kstatement has no effect [[01;35m[K-Wunused-value[m[K]
[18.381s]    80 | #define trace(...) [01;35m[K42[m[K
[18.382s]       |                    [01;35m[K^~[m[K
[18.382s] [01m[K/home/aayush/newest_frenet_planner/src/frenet_planner_ported/src/../include/frenet_optimal_trajectory.hpp:80:20:[m[K [01;36m[Knote: [m[Kin definition of macro ‘[01m[Ktrace[m[K’
[18.382s]    80 | #define trace(...) [01;36m[K42[m[K
[18.382s]       |                    [01;36m[K^~[m[K
[18.383s] [01m[K/home/aayush/newest_frenet_planner/src/frenet_planner_ported/src/../include/frenet_optimal_trajectory.hpp:80:20:[m[K [01;35m[Kwarning: [m[Kstatement has no effect [[01;35m[K-Wunused-value[m[K]
[18.383s]    80 | #define trace(...) [01;35m[K42[m[K
[18.383s]       |                    [01;35m[K^~[m[K
[18.383s] [01m[K/home/aayush/newest_frenet_planner/src/frenet_planner_ported/src/../include/frenet_optimal_trajectory.hpp:80:20:[m[K [01;36m[Knote: [m[Kin definition of macro ‘[01m[Ktrace[m[K’
[18.384s]    80 | #define trace(...) [01;36m[K42[m[K
[18.384s]       |                    [01;36m[K^~[m[K
[18.384s] [01m[K/home/aayush/newest_frenet_planner/src/frenet_planner_ported/src/../include/frenet_optimal_trajectory.hpp:80:20:[m[K [01;35m[Kwarning: [m[Kstatement has no effect [[01;35m[K-Wunused-value[m[K]
[18.385s]    80 | #define trace(...) [01;35m[K42[m[K
[18.385s]       |                    [01;35m[K^~[m[K
[18.385s] [01m[K/home/aayush/newest_frenet_planner/src/frenet_planner_ported/src/../include/frenet_optimal_trajectory.hpp:80:20:[m[K [01;36m[Knote: [m[Kin definition of macro ‘[01m[Ktrace[m[K’
[18.385s]    80 | #define trace(...) [01;36m[K42[m[K
[18.385s]       |                    [01;36m[K^~[m[K
[18.386s] [01m[K/home/aayush/newest_frenet_planner/src/frenet_planner_ported/src/../include/frenet_optimal_trajectory.hpp:80:20:[m[K [01;35m[Kwarning: [m[Kstatement has no effect [[01;35m[K-Wunused-value[m[K]
[18.386s]    80 | #define trace(...) [01;35m[K42[m[K
[18.386s]       |                    [01;35m[K^~[m[K
[18.389s] [01m[K/home/aayush/newest_frenet_planner/src/frenet_planner_ported/src/../include/frenet_optimal_trajectory.hpp:80:20:[m[K [01;36m[Knote: [m[Kin definition of macro ‘[01m[Ktrace[m[K’
[18.390s]    80 | #define trace(...) [01;36m[K42[m[K
[18.390s]       |                    [01;36m[K^~[m[K
[18.391s] In file included from [01m[K/home/aayush/newest_frenet_planner/src/frenet_planner_ported/src/../include/frenet_optimal_trajectory.hpp:6[m[K,
[18.391s]                  from [01m[K/home/aayush/newest_frenet_planner/src/frenet_planner_ported/src/frenet_ros_obst.cpp:2[m[K:
[18.391s] [01m[K/home/aayush/newest_frenet_planner/src/frenet_planner_ported/src/../include/../include/frenet_class.hpp:129:81:[m[K [01;35m[Kwarning: [m[K‘[01m[Kgeometry_msgs::msg::PolygonStamped_<std::allocator<void> >::ConstPtr[m[K’ is deprecated [[01;35m[K-Wdeprecated-declarations[m[K]
[18.392s]   129 | allback(const geometry_msgs::msg::PolygonStamped::ConstPtr p[01;35m[K)[m[K
[18.392s]       |                                                             [01;35m[K^[m[K
[18.392s] 
[18.393s] In file included from [01m[K/opt/ros/foxy/include/geometry_msgs/msg/polygon_stamped.hpp:7[m[K,
[18.393s]                  from [01m[K/home/aayush/newest_frenet_planner/src/frenet_planner_ported/src/../include/../include/parameters.hpp:5[m[K,
[18.393s]                  from [01m[K/home/aayush/newest_frenet_planner/src/frenet_planner_ported/src/../include/frenet_optimal_trajectory.hpp:5[m[K,
[18.393s]                  from [01m[K/home/aayush/newest_frenet_planner/src/frenet_planner_ported/src/frenet_ros_obst.cpp:2[m[K:
[18.394s] [01m[K/opt/ros/foxy/include/geometry_msgs/msg/detail/polygon_stamped__struct.hpp:114:5:[m[K [01;36m[Knote: [m[Kdeclared here
[18.394s]   114 |     [01;36m[KConstPtr[m[K;
[18.394s]       |     [01;36m[K^~~~~~~~[m[K
[18.394s] In file included from [01m[K/home/aayush/newest_frenet_planner/src/frenet_planner_ported/src/../include/frenet_optimal_trajectory.hpp:6[m[K,
[18.395s]                  from [01m[K/home/aayush/newest_frenet_planner/src/frenet_planner_ported/src/frenet_ros_obst.cpp:2[m[K:
[18.395s] [01m[K/home/aayush/newest_frenet_planner/src/frenet_planner_ported/src/../include/../include/frenet_class.hpp:135:67:[m[K [01;35m[Kwarning: [m[K‘[01m[Knav_msgs::msg::Odometry_<std::allocator<void> >::ConstPtr[m[K’ is deprecated [[01;35m[K-Wdeprecated-declarations[m[K]
[18.395s]   135 |     void odom_callback(const nav_msgs::msg::Odometry::ConstPtr msg[01;35m[K)[m[K
[18.395s]       |                                                                   [01;35m[K^[m[K
[18.409s] In file included from [01m[K/opt/ros/foxy/include/nav_msgs/msg/odometry.hpp:7[m[K,
[18.409s]                  from [01m[K/home/aayush/newest_frenet_planner/src/frenet_planner_ported/src/../include/../include/parameters.hpp:3[m[K,
[18.409s]                  from [01m[K/home/aayush/newest_frenet_planner/src/frenet_planner_ported/src/../include/frenet_optimal_trajectory.hpp:5[m[K,
[18.409s]                  from [01m[K/home/aayush/newest_frenet_planner/src/frenet_planner_ported/src/frenet_ros_obst.cpp:2[m[K:
[18.409s] [01m[K/opt/ros/foxy/include/nav_msgs/msg/detail/odometry__struct.hpp:145:5:[m[K [01;36m[Knote: [m[Kdeclared here
[18.410s]   145 |     [01;36m[KConstPtr[m[K;
[18.410s]       |     [01;36m[K^~~~~~~~[m[K
[18.410s] In file included from [01m[K/home/aayush/newest_frenet_planner/src/frenet_planner_ported/src/../include/frenet_optimal_trajectory.hpp:6[m[K,
[18.410s]                  from [01m[K/home/aayush/newest_frenet_planner/src/frenet_planner_ported/src/frenet_ros_obst.cpp:2[m[K:
[18.410s] [01m[K/home/aayush/newest_frenet_planner/src/frenet_planner_ported/src/../include/../include/frenet_class.hpp:139:86:[m[K [01;35m[Kwarning: [m[K‘[01m[Knav_msgs::msg::OccupancyGrid_<std::allocator<void> >::ConstPtr[m[K’ is deprecated [[01;35m[K-Wdeprecated-declarations[m[K]
[18.411s]   139 | (const nav_msgs::msg::OccupancyGrid::ConstPtr occupancy_grid[01;35m[K)[m[K
[18.411s]       |                                                             [01;35m[K^[m[K
[18.411s] 
[18.411s] In file included from [01m[K/opt/ros/foxy/include/nav_msgs/msg/occupancy_grid.hpp:7[m[K,
[18.412s]                  from [01m[K/home/aayush/newest_frenet_planner/src/frenet_planner_ported/src/../include/../include/parameters.hpp:4[m[K,
[18.412s]                  from [01m[K/home/aayush/newest_frenet_planner/src/frenet_planner_ported/src/../include/frenet_optimal_trajectory.hpp:5[m[K,
[18.412s]                  from [01m[K/home/aayush/newest_frenet_planner/src/frenet_planner_ported/src/frenet_ros_obst.cpp:2[m[K:
[18.412s] [01m[K/opt/ros/foxy/include/nav_msgs/msg/detail/occupancy_grid__struct.hpp:123:5:[m[K [01;36m[Knote: [m[Kdeclared here
[18.413s]   123 |     [01;36m[KConstPtr[m[K;
[18.413s]       |     [01;36m[K^~~~~~~~[m[K
[18.648s] In file included from [01m[K/home/aayush/newest_frenet_planner/src/frenet_planner_ported/src/../include/frenet_optimal_trajectory.hpp:6[m[K,
[18.648s]                  from [01m[K/home/aayush/newest_frenet_planner/src/frenet_planner_ported/src/frenet_ros_obst.cpp:2[m[K:
[18.648s] [01m[K/home/aayush/newest_frenet_planner/src/frenet_planner_ported/src/../include/../include/frenet_class.hpp:[m[K In member function ‘[01m[Kvoid FrenetClass::costmap_callback(nav_msgs::msg::OccupancyGrid_<std::allocator<void> >::ConstPtr)[m[K’:
[18.649s] [01m[K/home/aayush/newest_frenet_planner/src/frenet_planner_ported/src/../include/../include/frenet_class.hpp:169:22:[m[K [01;35m[Kwarning: [m[Kcomparison of integer expressions of different signedness: ‘[01m[Klong int[m[K’ and ‘[01m[Kstd::vector<std::pair<double, double> >::size_type[m[K’ {aka ‘[01m[Klong unsigned int[m[K’} [[01;35m[K-Wsign-compare[m[K]
[18.649s]   169 |   for (long i = 0; [01;35m[Ki < ob1.size()[m[K; i++)
[18.649s]       |                    [01;35m[K~~^~~~~~~~~~~~[m[K
[18.650s] [01m[K/home/aayush/newest_frenet_planner/src/frenet_planner_ported/src/../include/../include/frenet_class.hpp:149:13:[m[K [01;35m[Kwarning: [m[Kunused variable ‘[01m[KstartTime1[m[K’ [[01;35m[K-Wunused-variable[m[K]
[18.651s]   149 |      double [01;35m[KstartTime1[m[K = omp_get_wtime();
[18.651s]       |             [01;35m[K^~~~~~~~~~[m[K
[18.656s] In file included from [01m[K/home/aayush/newest_frenet_planner/src/frenet_planner_ported/src/frenet_ros_obst.cpp:2[m[K:
[18.656s] [01m[K/home/aayush/newest_frenet_planner/src/frenet_planner_ported/src/../include/frenet_optimal_trajectory.hpp:[m[K In function ‘[01m[Kstd::ostream& operator<<(std::ostream&, const FrenetPath&)[m[K’:
[18.657s] [01m[K/home/aayush/newest_frenet_planner/src/frenet_planner_ported/src/../include/frenet_optimal_trajectory.hpp:80:20:[m[K [01;35m[Kwarning: [m[Kstatement has no effect [[01;35m[K-Wunused-value[m[K]
[18.657s]    80 | #define trace(...) [01;35m[K42[m[K
[18.657s]       |                    [01;35m[K^~[m[K
[18.657s] [01m[K/home/aayush/newest_frenet_planner/src/frenet_planner_ported/src/../include/frenet_optimal_trajectory.hpp:80:20:[m[K [01;36m[Knote: [m[Kin definition of macro ‘[01m[Ktrace[m[K’
[18.657s]    80 | #define trace(...) [01;36m[K42[m[K
[18.658s]       |                    [01;36m[K^~[m[K
[18.659s] [01m[K/home/aayush/newest_frenet_planner/src/frenet_planner_ported/src/../include/frenet_optimal_trajectory.hpp:80:20:[m[K [01;35m[Kwarning: [m[Kstatement has no effect [[01;35m[K-Wunused-value[m[K]
[18.659s]    80 | #define trace(...) [01;35m[K42[m[K
[18.660s]       |                    [01;35m[K^~[m[K
[18.660s] [01m[K/home/aayush/newest_frenet_planner/src/frenet_planner_ported/src/../include/frenet_optimal_trajectory.hpp:80:20:[m[K [01;36m[Knote: [m[Kin definition of macro ‘[01m[Ktrace[m[K’
[18.660s]    80 | #define trace(...) [01;36m[K42[m[K
[18.661s]       |                    [01;36m[K^~[m[K
[18.661s] [01m[K/home/aayush/newest_frenet_planner/src/frenet_planner_ported/src/../include/frenet_optimal_trajectory.hpp:80:20:[m[K [01;35m[Kwarning: [m[Kstatement has no effect [[01;35m[K-Wunused-value[m[K]
[18.661s]    80 | #define trace(...) [01;35m[K42[m[K
[18.662s]       |                    [01;35m[K^~[m[K
[18.662s] [01m[K/home/aayush/newest_frenet_planner/src/frenet_planner_ported/src/../include/frenet_optimal_trajectory.hpp:80:20:[m[K [01;36m[Knote: [m[Kin definition of macro ‘[01m[Ktrace[m[K’
[18.662s]    80 | #define trace(...) [01;36m[K42[m[K
[18.663s]       |                    [01;36m[K^~[m[K
[18.663s] [01m[K/home/aayush/newest_frenet_planner/src/frenet_planner_ported/src/../include/frenet_optimal_trajectory.hpp:80:20:[m[K [01;35m[Kwarning: [m[Kstatement has no effect [[01;35m[K-Wunused-value[m[K]
[18.663s]    80 | #define trace(...) [01;35m[K42[m[K
[18.664s]       |                    [01;35m[K^~[m[K
[18.664s] [01m[K/home/aayush/newest_frenet_planner/src/frenet_planner_ported/src/../include/frenet_optimal_trajectory.hpp:80:20:[m[K [01;36m[Knote: [m[Kin definition of macro ‘[01m[Ktrace[m[K’
[18.664s]    80 | #define trace(...) [01;36m[K42[m[K
[18.665s]       |                    [01;36m[K^~[m[K
[18.666s] [01m[K/home/aayush/newest_frenet_planner/src/frenet_planner_ported/src/../include/frenet_optimal_trajectory.hpp:80:20:[m[K [01;35m[Kwarning: [m[Kstatement has no effect [[01;35m[K-Wunused-value[m[K]
[18.667s]    80 | #define trace(...) [01;35m[K42[m[K
[18.667s]       |                    [01;35m[K^~[m[K
[18.668s] [01m[K/home/aayush/newest_frenet_planner/src/frenet_planner_ported/src/../include/frenet_optimal_trajectory.hpp:80:20:[m[K [01;36m[Knote: [m[Kin definition of macro ‘[01m[Ktrace[m[K’
[18.668s]    80 | #define trace(...) [01;36m[K42[m[K
[18.669s]       |                    [01;36m[K^~[m[K
[18.669s] [01m[K/home/aayush/newest_frenet_planner/src/frenet_planner_ported/src/../include/frenet_optimal_trajectory.hpp:80:20:[m[K [01;35m[Kwarning: [m[Kstatement has no effect [[01;35m[K-Wunused-value[m[K]
[18.669s]    80 | #define trace(...) [01;35m[K42[m[K
[18.685s]       |                    [01;35m[K^~[m[K
[18.685s] [01m[K/home/aayush/newest_frenet_planner/src/frenet_planner_ported/src/../include/frenet_optimal_trajectory.hpp:80:20:[m[K [01;36m[Knote: [m[Kin definition of macro ‘[01m[Ktrace[m[K’
[18.685s]    80 | #define trace(...) [01;36m[K42[m[K
[18.686s]       |                    [01;36m[K^~[m[K
[18.686s] [01m[K/home/aayush/newest_frenet_planner/src/frenet_planner_ported/src/../include/frenet_optimal_trajectory.hpp:80:20:[m[K [01;35m[Kwarning: [m[Kstatement has no effect [[01;35m[K-Wunused-value[m[K]
[18.686s]    80 | #define trace(...) [01;35m[K42[m[K
[18.687s]       |                    [01;35m[K^~[m[K
[18.687s] [01m[K/home/aayush/newest_frenet_planner/src/frenet_planner_ported/src/../include/frenet_optimal_trajectory.hpp:80:20:[m[K [01;36m[Knote: [m[Kin definition of macro ‘[01m[Ktrace[m[K’
[18.687s]    80 | #define trace(...) [01;36m[K42[m[K
[18.687s]       |                    [01;36m[K^~[m[K
[18.687s] [01m[K/home/aayush/newest_frenet_planner/src/frenet_planner_ported/src/../include/frenet_optimal_trajectory.hpp:80:20:[m[K [01;35m[Kwarning: [m[Kstatement has no effect [[01;35m[K-Wunused-value[m[K]
[18.688s]    80 | #define trace(...) [01;35m[K42[m[K
[18.688s]       |                    [01;35m[K^~[m[K
[18.688s] [01m[K/home/aayush/newest_frenet_planner/src/frenet_planner_ported/src/../include/frenet_optimal_trajectory.hpp:80:20:[m[K [01;36m[Knote: [m[Kin definition of macro ‘[01m[Ktrace[m[K’
[18.688s]    80 | #define trace(...) [01;36m[K42[m[K
[18.688s]       |                    [01;36m[K^~[m[K
[18.689s] [01m[K/home/aayush/newest_frenet_planner/src/frenet_planner_ported/src/../include/frenet_optimal_trajectory.hpp:80:20:[m[K [01;35m[Kwarning: [m[Kstatement has no effect [[01;35m[K-Wunused-value[m[K]
[18.689s]    80 | #define trace(...) [01;35m[K42[m[K
[18.689s]       |                    [01;35m[K^~[m[K
[18.689s] [01m[K/home/aayush/newest_frenet_planner/src/frenet_planner_ported/src/../include/frenet_optimal_trajectory.hpp:80:20:[m[K [01;36m[Knote: [m[Kin definition of macro ‘[01m[Ktrace[m[K’
[18.689s]    80 | #define trace(...) [01;36m[K42[m[K
[18.690s]       |                    [01;36m[K^~[m[K
[18.690s] [01m[K/home/aayush/newest_frenet_planner/src/frenet_planner_ported/src/../include/frenet_optimal_trajectory.hpp:80:20:[m[K [01;35m[Kwarning: [m[Kstatement has no effect [[01;35m[K-Wunused-value[m[K]
[18.690s]    80 | #define trace(...) [01;35m[K42[m[K
[18.690s]       |                    [01;35m[K^~[m[K
[18.690s] [01m[K/home/aayush/newest_frenet_planner/src/frenet_planner_ported/src/../include/frenet_optimal_trajectory.hpp:80:20:[m[K [01;36m[Knote: [m[Kin definition of macro ‘[01m[Ktrace[m[K’
[18.691s]    80 | #define trace(...) [01;36m[K42[m[K
[18.691s]       |                    [01;36m[K^~[m[K
[18.691s] [01m[K/home/aayush/newest_frenet_planner/src/frenet_planner_ported/src/../include/frenet_optimal_trajectory.hpp:80:20:[m[K [01;35m[Kwarning: [m[Kstatement has no effect [[01;35m[K-Wunused-value[m[K]
[18.691s]    80 | #define trace(...) [01;35m[K42[m[K
[18.691s]       |                    [01;35m[K^~[m[K
[18.692s] [01m[K/home/aayush/newest_frenet_planner/src/frenet_planner_ported/src/../include/frenet_optimal_trajectory.hpp:80:20:[m[K [01;36m[Knote: [m[Kin definition of macro ‘[01m[Ktrace[m[K’
[18.692s]    80 | #define trace(...) [01;36m[K42[m[K
[18.692s]       |                    [01;36m[K^~[m[K
[18.692s] [01m[K/home/aayush/newest_frenet_planner/src/frenet_planner_ported/src/../include/frenet_optimal_trajectory.hpp:80:20:[m[K [01;35m[Kwarning: [m[Kstatement has no effect [[01;35m[K-Wunused-value[m[K]
[18.702s]    80 | #define trace(...) [01;35m[K42[m[K
[18.703s]       |                    [01;35m[K^~[m[K
[18.703s] [01m[K/home/aayush/newest_frenet_planner/src/frenet_planner_ported/src/../include/frenet_optimal_trajectory.hpp:80:20:[m[K [01;36m[Knote: [m[Kin definition of macro ‘[01m[Ktrace[m[K’
[18.703s]    80 | #define trace(...) [01;36m[K42[m[K
[18.704s]       |                    [01;36m[K^~[m[K
[18.704s] [01m[K/home/aayush/newest_frenet_planner/src/frenet_planner_ported/src/../include/frenet_optimal_trajectory.hpp:80:20:[m[K [01;35m[Kwarning: [m[Kstatement has no effect [[01;35m[K-Wunused-value[m[K]
[18.704s]    80 | #define trace(...) [01;35m[K42[m[K
[18.705s]       |                    [01;35m[K^~[m[K
[18.705s] [01m[K/home/aayush/newest_frenet_planner/src/frenet_planner_ported/src/../include/frenet_optimal_trajectory.hpp:80:20:[m[K [01;36m[Knote: [m[Kin definition of macro ‘[01m[Ktrace[m[K’
[18.705s]    80 | #define trace(...) [01;36m[K42[m[K
[18.705s]       |                    [01;36m[K^~[m[K
[18.706s] [01m[K/home/aayush/newest_frenet_planner/src/frenet_planner_ported/src/../include/frenet_optimal_trajectory.hpp:81:59:[m[K [01;35m[Kwarning: [m[Kunused parameter ‘[01m[Kfp[m[K’ [[01;35m[K-Wunused-parameter[m[K]
[18.706s]    81 | inline ostream& operator<<(ostream& os, [01;35m[Kconst FrenetPath& fp[m[K)
[18.706s]       |                                         [01;35m[K~~~~~~~~~~~~~~~~~~^~[m[K
[18.707s] [01m[K/home/aayush/newest_frenet_planner/src/frenet_planner_ported/src/frenet_ros_obst.cpp:[m[K In function ‘[01m[Kdouble get_bot_yaw()[m[K’:
[18.707s] [01m[K/home/aayush/newest_frenet_planner/src/frenet_planner_ported/src/../include/frenet_optimal_trajectory.hpp:80:20:[m[K [01;35m[Kwarning: [m[Kstatement has no effect [[01;35m[K-Wunused-value[m[K]
[18.707s]    80 | #define trace(...) [01;35m[K42[m[K
[18.707s]       |                    [01;35m[K^~[m[K
[18.708s] [01m[K/home/aayush/newest_frenet_planner/src/frenet_planner_ported/src/../include/frenet_optimal_trajectory.hpp:80:20:[m[K [01;36m[Knote: [m[Kin definition of macro ‘[01m[Ktrace[m[K’
[18.708s]    80 | #define trace(...) [01;36m[K42[m[K
[18.708s]       |                    [01;36m[K^~[m[K
[18.709s] [01m[K/home/aayush/newest_frenet_planner/src/frenet_planner_ported/src/frenet_ros_obst.cpp:[m[K In function ‘[01m[Kvoid initial_conditions_path(Spline2D&, double&, double&, double&, double&, double&, double&, FrenetPath&)[m[K’:
[18.721s] [01m[K/home/aayush/newest_frenet_planner/src/frenet_planner_ported/src/frenet_ros_obst.cpp:55:40:[m[K [01;35m[Kwarning: [m[Kunused parameter ‘[01m[Kcsp[m[K’ [[01;35m[K-Wunused-parameter[m[K]
[18.721s]    55 | void initial_conditions_path([01;35m[KSpline2D &csp[m[K, double &s0, double &c_speed, double &c_d, double &c_d_d,
[18.721s]       |                              [01;35m[K~~~~~~~~~~^~~[m[K
[18.722s] In file included from [01m[K/home/aayush/newest_frenet_planner/src/frenet_planner_ported/src/frenet_ros_obst.cpp:2[m[K:
[18.722s] [01m[K/home/aayush/newest_frenet_planner/src/frenet_planner_ported/src/frenet_ros_obst.cpp:[m[K In function ‘[01m[Kint initial_conditions_new(Spline2D&, vecD&, vecD&, vecD&, vecD&, vecD&, double&, double&, double&, double&, double&, double&, FrenetPath&)[m[K’:
[18.722s] [01m[K/home/aayush/newest_frenet_planner/src/frenet_planner_ported/src/../include/frenet_optimal_trajectory.hpp:80:20:[m[K [01;35m[Kwarning: [m[Kstatement has no effect [[01;35m[K-Wunused-value[m[K]
[18.722s]    80 | #define trace(...) [01;35m[K42[m[K
[18.722s]       |                    [01;35m[K^~[m[K
[18.723s] [01m[K/home/aayush/newest_frenet_planner/src/frenet_planner_ported/src/../include/frenet_optimal_trajectory.hpp:80:20:[m[K [01;36m[Knote: [m[Kin definition of macro ‘[01m[Ktrace[m[K’
[18.723s]    80 | #define trace(...) [01;36m[K42[m[K
[18.723s]       |                    [01;36m[K^~[m[K
[18.723s] [01m[K/home/aayush/newest_frenet_planner/src/frenet_planner_ported/src/../include/frenet_optimal_trajectory.hpp:80:20:[m[K [01;35m[Kwarning: [m[Kstatement has no effect [[01;35m[K-Wunused-value[m[K]
[18.724s]    80 | #define trace(...) [01;35m[K42[m[K
[18.724s]       |                    [01;35m[K^~[m[K
[18.724s] [01m[K/home/aayush/newest_frenet_planner/src/frenet_planner_ported/src/../include/frenet_optimal_trajectory.hpp:80:20:[m[K [01;36m[Knote: [m[Kin definition of macro ‘[01m[Ktrace[m[K’
[18.724s]    80 | #define trace(...) [01;36m[K42[m[K
[18.724s]       |                    [01;36m[K^~[m[K
[18.725s] [01m[K/home/aayush/newest_frenet_planner/src/frenet_planner_ported/src/frenet_ros_obst.cpp:71:38:[m[K [01;35m[Kwarning: [m[Kunused parameter ‘[01m[Kcsp[m[K’ [[01;35m[K-Wunused-parameter[m[K]
[18.725s]    71 | int initial_conditions_new([01;35m[KSpline2D &csp[m[K, vecD &global_s, vecD &global_x, vecD &global_y,
[18.725s]       |                            [01;35m[K~~~~~~~~~~^~~[m[K
[18.760s] In file included from [01m[K/home/aayush/newest_frenet_planner/src/frenet_planner_ported/src/frenet_ros_obst.cpp:2[m[K:
[18.761s] [01m[K/home/aayush/newest_frenet_planner/src/frenet_planner_ported/src/frenet_ros_obst.cpp:[m[K In function ‘[01m[Kint main(int, char**)[m[K’:
[18.761s] [01m[K/home/aayush/newest_frenet_planner/src/frenet_planner_ported/src/../include/frenet_optimal_trajectory.hpp:80:20:[m[K [01;35m[Kwarning: [m[Kstatement has no effect [[01;35m[K-Wunused-value[m[K]
[18.761s]    80 | #define trace(...) [01;35m[K42[m[K
[18.762s]       |                    [01;35m[K^~[m[K
[18.762s] [01m[K/home/aayush/newest_frenet_planner/src/frenet_planner_ported/src/../include/frenet_optimal_trajectory.hpp:80:20:[m[K [01;36m[Knote: [m[Kin definition of macro ‘[01m[Ktrace[m[K’
[18.762s]    80 | #define trace(...) [01;36m[K42[m[K
[18.763s]       |                    [01;36m[K^~[m[K
[18.872s] [01m[K/home/aayush/newest_frenet_planner/src/frenet_planner_ported/src/frenet_ros_obst.cpp:174:10:[m[K [01;35m[Kwarning: [m[Kunused variable ‘[01m[KstartTime1[m[K’ [[01;35m[K-Wunused-variable[m[K]
[18.872s]   174 |   double [01;35m[KstartTime1[m[K = omp_get_wtime();
[18.872s]       |          [01;35m[K^~~~~~~~~~[m[K
[18.873s] [01m[K/home/aayush/newest_frenet_planner/src/frenet_planner_ported/src/frenet_ros_obst.cpp:188:10:[m[K [01;35m[Kwarning: [m[Kunused variable ‘[01m[KendTime1[m[K’ [[01;35m[K-Wunused-variable[m[K]
[18.873s]   188 |   double [01;35m[KendTime1[m[K = omp_get_wtime();
[18.874s]       |          [01;35m[K^~~~~~~~[m[K
[18.874s] [01m[K/home/aayush/newest_frenet_planner/src/frenet_planner_ported/src/frenet_ros_obst.cpp:260:10:[m[K [01;35m[Kwarning: [m[Kunused variable ‘[01m[KstartTime3[m[K’ [[01;35m[K-Wunused-variable[m[K]
[18.875s]   260 |   double [01;35m[KstartTime3[m[K = omp_get_wtime();
[18.875s]       |          [01;35m[K^~~~~~~~~~[m[K
[18.875s] [01m[K/home/aayush/newest_frenet_planner/src/frenet_planner_ported/src/frenet_ros_obst.cpp:262:10:[m[K [01;35m[Kwarning: [m[Kunused variable ‘[01m[KendTime3[m[K’ [[01;35m[K-Wunused-variable[m[K]
[18.875s]   262 |   double [01;35m[KendTime3[m[K = omp_get_wtime();
[18.876s]       |          [01;35m[K^~~~~~~~[m[K
[18.876s] [01m[K/home/aayush/newest_frenet_planner/src/frenet_planner_ported/src/frenet_ros_obst.cpp:130:7:[m[K [01;35m[Kwarning: [m[Kunused variable ‘[01m[KgotOdom[m[K’ [[01;35m[K-Wunused-variable[m[K]
[18.876s]   130 |  bool [01;35m[KgotOdom[m[K = false;
[18.877s]       |       [01;35m[K^~~~~~~[m[K
[18.877s] [01m[K/home/aayush/newest_frenet_planner/src/frenet_planner_ported/src/frenet_ros_obst.cpp:164:9:[m[K [01;35m[Kwarning: [m[Kunused variable ‘[01m[Kpltbasetime[m[K’ [[01;35m[K-Wunused-variable[m[K]
[18.877s]   164 |  double [01;35m[Kpltbasetime[m[K = omp_get_wtime();
[18.878s]       |         [01;35m[K^~~~~~~~~~~[m[K
[18.878s] [01m[K/home/aayush/newest_frenet_planner/src/frenet_planner_ported/src/frenet_ros_obst.cpp:166:6:[m[K [01;35m[Kwarning: [m[Kunused variable ‘[01m[Kiteration_count[m[K’ [[01;35m[K-Wunused-variable[m[K]
[18.879s]   166 |  int [01;35m[Kiteration_count[m[K = 1;
[18.879s]       |      [01;35m[K^~~~~~~~~~~~~~~[m[K
[50.916s] [ 60%] [32m[1mLinking CXX executable frenet_ros_obst[0m
[52.848s] /usr/bin/ld: CMakeFiles/frenet_ros_obst.dir/src/frenet_planner.cpp.o:(.bss+0x0): multiple definition of `cost_count'; CMakeFiles/frenet_ros_obst.dir/src/frenet_ros_obst.cpp.o:(.bss+0x0): first defined here
[52.848s] /usr/bin/ld: CMakeFiles/frenet_ros_obst.dir/src/frenet_planner.cpp.o:(.bss+0x8): multiple definition of `MAX_SPEED'; CMakeFiles/frenet_ros_obst.dir/src/frenet_ros_obst.cpp.o:(.bss+0x8): first defined here
[52.848s] /usr/bin/ld: CMakeFiles/frenet_ros_obst.dir/src/frenet_planner.cpp.o:(.bss+0x10): multiple definition of `MAX_ACCEL'; CMakeFiles/frenet_ros_obst.dir/src/frenet_ros_obst.cpp.o:(.bss+0x10): first defined here
[52.849s] /usr/bin/ld: CMakeFiles/frenet_ros_obst.dir/src/frenet_planner.cpp.o:(.bss+0x18): multiple definition of `MAX_CURVATURE'; CMakeFiles/frenet_ros_obst.dir/src/frenet_ros_obst.cpp.o:(.bss+0x18): first defined here
[52.849s] /usr/bin/ld: CMakeFiles/frenet_ros_obst.dir/src/frenet_planner.cpp.o:(.bss+0x20): multiple definition of `MAX_ROAD_WIDTH'; CMakeFiles/frenet_ros_obst.dir/src/frenet_ros_obst.cpp.o:(.bss+0x20): first defined here
[52.849s] /usr/bin/ld: CMakeFiles/frenet_ros_obst.dir/src/frenet_planner.cpp.o:(.bss+0x28): multiple definition of `D_ROAD_W'; CMakeFiles/frenet_ros_obst.dir/src/frenet_ros_obst.cpp.o:(.bss+0x28): first defined here
[52.850s] /usr/bin/ld: CMakeFiles/frenet_ros_obst.dir/src/frenet_planner.cpp.o:(.bss+0x30): multiple definition of `DT'; CMakeFiles/frenet_ros_obst.dir/src/frenet_ros_obst.cpp.o:(.bss+0x30): first defined here
[52.851s] /usr/bin/ld: CMakeFiles/frenet_ros_obst.dir/src/frenet_planner.cpp.o:(.bss+0x38): multiple definition of `MAXT'; CMakeFiles/frenet_ros_obst.dir/src/frenet_ros_obst.cpp.o:(.bss+0x38): first defined here
[52.851s] /usr/bin/ld: CMakeFiles/frenet_ros_obst.dir/src/frenet_planner.cpp.o:(.bss+0x40): multiple definition of `MINT'; CMakeFiles/frenet_ros_obst.dir/src/frenet_ros_obst.cpp.o:(.bss+0x40): first defined here
[52.852s] /usr/bin/ld: CMakeFiles/frenet_ros_obst.dir/src/frenet_planner.cpp.o:(.bss+0x48): multiple definition of `TARGET_SPEED'; CMakeFiles/frenet_ros_obst.dir/src/frenet_ros_obst.cpp.o:(.bss+0x48): first defined here
[52.852s] /usr/bin/ld: CMakeFiles/frenet_ros_obst.dir/src/frenet_planner.cpp.o:(.bss+0x50): multiple definition of `D_T_S'; CMakeFiles/frenet_ros_obst.dir/src/frenet_ros_obst.cpp.o:(.bss+0x50): first defined here
[52.852s] /usr/bin/ld: CMakeFiles/frenet_ros_obst.dir/src/frenet_planner.cpp.o:(.bss+0x58): multiple definition of `N_S_SAMPLE'; CMakeFiles/frenet_ros_obst.dir/src/frenet_ros_obst.cpp.o:(.bss+0x58): first defined here
[52.856s] /usr/bin/ld: CMakeFiles/frenet_ros_obst.dir/src/frenet_planner.cpp.o:(.bss+0x60): multiple definition of `ROBOT_RADIUS'; CMakeFiles/frenet_ros_obst.dir/src/frenet_ros_obst.cpp.o:(.bss+0x60): first defined here
[52.857s] /usr/bin/ld: CMakeFiles/frenet_ros_obst.dir/src/frenet_planner.cpp.o:(.bss+0x68): multiple definition of `MIN_LAT_VEL'; CMakeFiles/frenet_ros_obst.dir/src/frenet_ros_obst.cpp.o:(.bss+0x68): first defined here
[52.857s] /usr/bin/ld: CMakeFiles/frenet_ros_obst.dir/src/frenet_planner.cpp.o:(.bss+0x70): multiple definition of `MAX_LAT_VEL'; CMakeFiles/frenet_ros_obst.dir/src/frenet_ros_obst.cpp.o:(.bss+0x70): first defined here
[52.857s] /usr/bin/ld: CMakeFiles/frenet_ros_obst.dir/src/frenet_planner.cpp.o:(.bss+0x78): multiple definition of `D_D_NS'; CMakeFiles/frenet_ros_obst.dir/src/frenet_ros_obst.cpp.o:(.bss+0x78): first defined here
[52.857s] /usr/bin/ld: CMakeFiles/frenet_ros_obst.dir/src/frenet_planner.cpp.o:(.bss+0x80): multiple definition of `MAX_SHIFT_D'; CMakeFiles/frenet_ros_obst.dir/src/frenet_ros_obst.cpp.o:(.bss+0x80): first defined here
[52.858s] /usr/bin/ld: CMakeFiles/frenet_ros_obst.dir/src/frenet_planner.cpp.o:(.bss+0x88): multiple definition of `KJ'; CMakeFiles/frenet_ros_obst.dir/src/frenet_ros_obst.cpp.o:(.bss+0x88): first defined here
[52.858s] /usr/bin/ld: CMakeFiles/frenet_ros_obst.dir/src/frenet_planner.cpp.o:(.bss+0x90): multiple definition of `KT'; CMakeFiles/frenet_ros_obst.dir/src/frenet_ros_obst.cpp.o:(.bss+0x90): first defined here
[52.858s] /usr/bin/ld: CMakeFiles/frenet_ros_obst.dir/src/frenet_planner.cpp.o:(.bss+0x98): multiple definition of `KD'; CMakeFiles/frenet_ros_obst.dir/src/frenet_ros_obst.cpp.o:(.bss+0x98): first defined here
[52.858s] /usr/bin/ld: CMakeFiles/frenet_ros_obst.dir/src/frenet_planner.cpp.o:(.bss+0xa0): multiple definition of `KD_V'; CMakeFiles/frenet_ros_obst.dir/src/frenet_ros_obst.cpp.o:(.bss+0xa0): first defined here
[52.858s] /usr/bin/ld: CMakeFiles/frenet_ros_obst.dir/src/frenet_planner.cpp.o:(.bss+0xa8): multiple definition of `KLAT'; CMakeFiles/frenet_ros_obst.dir/src/frenet_ros_obst.cpp.o:(.bss+0xa8): first defined here
[52.859s] /usr/bin/ld: CMakeFiles/frenet_ros_obst.dir/src/frenet_planner.cpp.o:(.bss+0xb0): multiple definition of `KLON'; CMakeFiles/frenet_ros_obst.dir/src/frenet_ros_obst.cpp.o:(.bss+0xb0): first defined here
[52.859s] /usr/bin/ld: CMakeFiles/frenet_ros_obst.dir/src/frenet_planner.cpp.o:(.bss+0xb8): multiple definition of `STOP_CAR'; CMakeFiles/frenet_ros_obst.dir/src/frenet_ros_obst.cpp.o:(.bss+0xb8): first defined here
[52.859s] /usr/bin/ld: CMakeFiles/frenet_ros_obst.dir/src/frenet_planner.cpp.o:(.bss+0xc0): multiple definition of `s_dest'; CMakeFiles/frenet_ros_obst.dir/src/frenet_ros_obst.cpp.o:(.bss+0xc0): first defined here
[52.860s] /usr/bin/ld: CMakeFiles/frenet_ros_obst.dir/src/frenet_planner.cpp.o:(.bss+0xd0): multiple definition of `W_X'; CMakeFiles/frenet_ros_obst.dir/src/frenet_ros_obst.cpp.o:(.bss+0xd0): first defined here
[52.860s] /usr/bin/ld: CMakeFiles/frenet_ros_obst.dir/src/frenet_planner.cpp.o:(.bss+0xf0): multiple definition of `W_Y'; CMakeFiles/frenet_ros_obst.dir/src/frenet_ros_obst.cpp.o:(.bss+0xf0): first defined here
[52.861s] /usr/bin/ld: CMakeFiles/frenet_ros_obst.dir/src/frenet_planner.cpp.o:(.bss+0x120): multiple definition of `odom'; CMakeFiles/frenet_ros_obst.dir/src/frenet_ros_obst.cpp.o:(.bss+0x120): first defined here
[52.861s] /usr/bin/ld: CMakeFiles/frenet_ros_obst.dir/src/frenet_planner.cpp.o:(.bss+0x420): multiple definition of `cmap'; CMakeFiles/frenet_ros_obst.dir/src/frenet_ros_obst.cpp.o:(.bss+0x420): first defined here
[52.861s] /usr/bin/ld: CMakeFiles/frenet_ros_obst.dir/src/frenet_planner.cpp.o:(.bss+0x4c0): multiple definition of `footprint'; CMakeFiles/frenet_ros_obst.dir/src/frenet_ros_obst.cpp.o:(.bss+0x4c0): first defined here
[52.862s] /usr/bin/ld: CMakeFiles/frenet_ros_obst.dir/src/frenet_planner.cpp.o:(.bss+0x500): multiple definition of `ob_x'; CMakeFiles/frenet_ros_obst.dir/src/frenet_ros_obst.cpp.o:(.bss+0x500): first defined here
[52.862s] /usr/bin/ld: CMakeFiles/frenet_ros_obst.dir/src/frenet_planner.cpp.o:(.bss+0x520): multiple definition of `ob_y'; CMakeFiles/frenet_ros_obst.dir/src/frenet_ros_obst.cpp.o:(.bss+0x520): first defined here
[52.866s] collect2: error: ld returned 1 exit status
[52.867s] make[2]: *** [CMakeFiles/frenet_ros_obst.dir/build.make:187: frenet_ros_obst] Error 1
[52.867s] make[1]: *** [CMakeFiles/Makefile2:78: CMakeFiles/frenet_ros_obst.dir/all] Error 2
[52.867s] make: *** [Makefile:141: all] Error 2
[52.868s] Invoked command in '/home/aayush/newest_frenet_planner/build/frenet_planner_ported' returned '2': CMAKE_PREFIX_PATH=${CMAKE_PREFIX_PATH}:/home/aayush/newest_frenet_planner/install/dummy:/opt/ros/foxy /usr/bin/cmake --build /home/aayush/newest_frenet_planner/build/frenet_planner_ported -- -j2 -l2
