[0.993s] Invoking command in '/home/aayush/newest_frenet_planner/src/dummy': PYTHONPATH=/home/aayush/newest_frenet_planner/install/dummy/lib/python3.8/site-packages:${PYTHONPATH} /usr/bin/python3 setup.py egg_info --egg-base ../../build/dummy build --build-base /home/aayush/newest_frenet_planner/build/dummy/build install --prefix /home/aayush/newest_frenet_planner/install/dummy --record /home/aayush/newest_frenet_planner/build/dummy/install.log --single-version-externally-managed
[1.989s] running egg_info
[1.990s] writing ../../build/dummy/dummy.egg-info/PKG-INFO
[1.991s] writing dependency_links to ../../build/dummy/dummy.egg-info/dependency_links.txt
[1.991s] writing entry points to ../../build/dummy/dummy.egg-info/entry_points.txt
[1.992s] writing requirements to ../../build/dummy/dummy.egg-info/requires.txt
[1.992s] writing top-level names to ../../build/dummy/dummy.egg-info/top_level.txt
[2.354s] reading manifest file '../../build/dummy/dummy.egg-info/SOURCES.txt'
[2.365s] writing manifest file '../../build/dummy/dummy.egg-info/SOURCES.txt'
[2.365s] running build
[2.366s] running build_py
[2.366s] running install
[2.391s] running install_lib
[2.414s] running install_data
[2.415s] running install_egg_info
[2.469s] removing '/home/aayush/newest_frenet_planner/install/dummy/lib/python3.8/site-packages/dummy-0.0.0-py3.8.egg-info' (and everything under it)
[2.471s] Copying ../../build/dummy/dummy.egg-info to /home/aayush/newest_frenet_planner/install/dummy/lib/python3.8/site-packages/dummy-0.0.0-py3.8.egg-info
[2.482s] running install_scripts
[2.967s] Installing dum_pub script to /home/aayush/newest_frenet_planner/install/dummy/lib/dummy
[2.967s] writing list of installed files to '/home/aayush/newest_frenet_planner/build/dummy/install.log'
[3.162s] Invoked command in '/home/aayush/newest_frenet_planner/src/dummy' returned '0': PYTHONPATH=/home/aayush/newest_frenet_planner/install/dummy/lib/python3.8/site-packages:${PYTHONPATH} /usr/bin/python3 setup.py egg_info --egg-base ../../build/dummy build --build-base /home/aayush/newest_frenet_planner/build/dummy/build install --prefix /home/aayush/newest_frenet_planner/install/dummy --record /home/aayush/newest_frenet_planner/build/dummy/install.log --single-version-externally-managed
