[0.856s] Invoking command in '/home/aayush/newest_frenet_planner/build/frenet_planner_ported': CMAKE_PREFIX_PATH=${CMAKE_PREFIX_PATH}:/home/aayush/newest_frenet_planner/install/dummy:/opt/ros/foxy /usr/bin/cmake --build /home/aayush/newest_frenet_planner/build/frenet_planner_ported -- -j2 -l2
[1.021s] [35m[1mScanning dependencies of target frenet_ros_obst[0m
[1.257s] [ 20%] [32mBuilding CXX object CMakeFiles/frenet_ros_obst.dir/src/frenet_planner.cpp.o[0m
[6.831s] In file included from [01m[K/home/aayush/newest_frenet_planner/src/frenet_planner_ported/src/frenet_planner.cpp:8[m[K:
[6.832s] [01m[K/home/aayush/newest_frenet_planner/src/frenet_planner_ported/./include/matplotlibcpp.hpp:314:36:[m[K [01;35m[Kwarning: [m[Kstatic_assert without a message only available with ‘[01m[K-std=c++17[m[K’ or ‘[01m[K-std=gnu++17[m[K’ [[01;35m[K-Wpedantic[m[K]
[6.832s]   314 | static_assert(sizeof(long long) == [01;35m[K8[m[K);
[6.832s]       |                                    [01;35m[K^[m[K
[6.832s] [01m[K/home/aayush/newest_frenet_planner/src/frenet_planner_ported/./include/matplotlibcpp.hpp:316:45:[m[K [01;35m[Kwarning: [m[Kstatic_assert without a message only available with ‘[01m[K-std=c++17[m[K’ or ‘[01m[K-std=gnu++17[m[K’ [[01;35m[K-Wpedantic[m[K]
[6.833s]   316 | static_assert(sizeof(unsigned long long) == [01;35m[K8[m[K);
[6.833s]       |                                             [01;35m[K^[m[K
[9.257s] In file included from [01m[K/home/aayush/newest_frenet_planner/src/frenet_planner_ported/src/frenet_planner.cpp:10[m[K:
[9.257s] [01m[K/home/aayush/newest_frenet_planner/src/frenet_planner_ported/src/../include/frenet_optimal_trajectory.hpp:[m[K In function ‘[01m[Kstd::ostream& operator<<(std::ostream&, const FrenetPath&)[m[K’:
[9.257s] [01m[K/home/aayush/newest_frenet_planner/src/frenet_planner_ported/src/../include/frenet_optimal_trajectory.hpp:82:20:[m[K [01;35m[Kwarning: [m[Kstatement has no effect [[01;35m[K-Wunused-value[m[K]
[9.258s]    82 | #define trace(...) [01;35m[K42[m[K
[9.258s]       |                    [01;35m[K^~[m[K
[9.258s] [01m[K/home/aayush/newest_frenet_planner/src/frenet_planner_ported/src/../include/frenet_optimal_trajectory.hpp:82:20:[m[K [01;36m[Knote: [m[Kin definition of macro ‘[01m[Ktrace[m[K’
[9.258s]    82 | #define trace(...) [01;36m[K42[m[K
[9.258s]       |                    [01;36m[K^~[m[K
[9.261s] [01m[K/home/aayush/newest_frenet_planner/src/frenet_planner_ported/src/../include/frenet_optimal_trajectory.hpp:82:20:[m[K [01;35m[Kwarning: [m[Kstatement has no effect [[01;35m[K-Wunused-value[m[K]
[9.261s]    82 | #define trace(...) [01;35m[K42[m[K
[9.262s]       |                    [01;35m[K^~[m[K
[9.262s] [01m[K/home/aayush/newest_frenet_planner/src/frenet_planner_ported/src/../include/frenet_optimal_trajectory.hpp:82:20:[m[K [01;36m[Knote: [m[Kin definition of macro ‘[01m[Ktrace[m[K’
[9.262s]    82 | #define trace(...) [01;36m[K42[m[K
[9.262s]       |                    [01;36m[K^~[m[K
[9.262s] [01m[K/home/aayush/newest_frenet_planner/src/frenet_planner_ported/src/../include/frenet_optimal_trajectory.hpp:82:20:[m[K [01;35m[Kwarning: [m[Kstatement has no effect [[01;35m[K-Wunused-value[m[K]
[9.263s]    82 | #define trace(...) [01;35m[K42[m[K
[9.263s]       |                    [01;35m[K^~[m[K
[9.263s] [01m[K/home/aayush/newest_frenet_planner/src/frenet_planner_ported/src/../include/frenet_optimal_trajectory.hpp:82:20:[m[K [01;36m[Knote: [m[Kin definition of macro ‘[01m[Ktrace[m[K’
[9.263s]    82 | #define trace(...) [01;36m[K42[m[K
[9.264s]       |                    [01;36m[K^~[m[K
[9.264s] [01m[K/home/aayush/newest_frenet_planner/src/frenet_planner_ported/src/../include/frenet_optimal_trajectory.hpp:82:20:[m[K [01;35m[Kwarning: [m[Kstatement has no effect [[01;35m[K-Wunused-value[m[K]
[9.264s]    82 | #define trace(...) [01;35m[K42[m[K
[9.265s]       |                    [01;35m[K^~[m[K
[9.265s] [01m[K/home/aayush/newest_frenet_planner/src/frenet_planner_ported/src/../include/frenet_optimal_trajectory.hpp:82:20:[m[K [01;36m[Knote: [m[Kin definition of macro ‘[01m[Ktrace[m[K’
[9.265s]    82 | #define trace(...) [01;36m[K42[m[K
[9.265s]       |                    [01;36m[K^~[m[K
[9.265s] [01m[K/home/aayush/newest_frenet_planner/src/frenet_planner_ported/src/../include/frenet_optimal_trajectory.hpp:82:20:[m[K [01;35m[Kwarning: [m[Kstatement has no effect [[01;35m[K-Wunused-value[m[K]
[9.266s]    82 | #define trace(...) [01;35m[K42[m[K
[9.266s]       |                    [01;35m[K^~[m[K
[9.266s] [01m[K/home/aayush/newest_frenet_planner/src/frenet_planner_ported/src/../include/frenet_optimal_trajectory.hpp:82:20:[m[K [01;36m[Knote: [m[Kin definition of macro ‘[01m[Ktrace[m[K’
[9.266s]    82 | #define trace(...) [01;36m[K42[m[K
[9.266s]       |                    [01;36m[K^~[m[K
[9.267s] [01m[K/home/aayush/newest_frenet_planner/src/frenet_planner_ported/src/../include/frenet_optimal_trajectory.hpp:82:20:[m[K [01;35m[Kwarning: [m[Kstatement has no effect [[01;35m[K-Wunused-value[m[K]
[9.267s]    82 | #define trace(...) [01;35m[K42[m[K
[9.267s]       |                    [01;35m[K^~[m[K
[9.267s] [01m[K/home/aayush/newest_frenet_planner/src/frenet_planner_ported/src/../include/frenet_optimal_trajectory.hpp:82:20:[m[K [01;36m[Knote: [m[Kin definition of macro ‘[01m[Ktrace[m[K’
[9.267s]    82 | #define trace(...) [01;36m[K42[m[K
[9.268s]       |                    [01;36m[K^~[m[K
[9.268s] [01m[K/home/aayush/newest_frenet_planner/src/frenet_planner_ported/src/../include/frenet_optimal_trajectory.hpp:82:20:[m[K [01;35m[Kwarning: [m[Kstatement has no effect [[01;35m[K-Wunused-value[m[K]
[9.269s]    82 | #define trace(...) [01;35m[K42[m[K
[9.269s]       |                    [01;35m[K^~[m[K
[9.269s] [01m[K/home/aayush/newest_frenet_planner/src/frenet_planner_ported/src/../include/frenet_optimal_trajectory.hpp:82:20:[m[K [01;36m[Knote: [m[Kin definition of macro ‘[01m[Ktrace[m[K’
[9.269s]    82 | #define trace(...) [01;36m[K42[m[K
[9.270s]       |                    [01;36m[K^~[m[K
[9.270s] [01m[K/home/aayush/newest_frenet_planner/src/frenet_planner_ported/src/../include/frenet_optimal_trajectory.hpp:82:20:[m[K [01;35m[Kwarning: [m[Kstatement has no effect [[01;35m[K-Wunused-value[m[K]
[9.270s]    82 | #define trace(...) [01;35m[K42[m[K
[9.270s]       |                    [01;35m[K^~[m[K
[9.270s] [01m[K/home/aayush/newest_frenet_planner/src/frenet_planner_ported/src/../include/frenet_optimal_trajectory.hpp:82:20:[m[K [01;36m[Knote: [m[Kin definition of macro ‘[01m[Ktrace[m[K’
[9.271s]    82 | #define trace(...) [01;36m[K42[m[K
[9.271s]       |                    [01;36m[K^~[m[K
[9.271s] [01m[K/home/aayush/newest_frenet_planner/src/frenet_planner_ported/src/../include/frenet_optimal_trajectory.hpp:82:20:[m[K [01;35m[Kwarning: [m[Kstatement has no effect [[01;35m[K-Wunused-value[m[K]
[9.271s]    82 | #define trace(...) [01;35m[K42[m[K
[9.271s]       |                    [01;35m[K^~[m[K
[9.272s] [01m[K/home/aayush/newest_frenet_planner/src/frenet_planner_ported/src/../include/frenet_optimal_trajectory.hpp:82:20:[m[K [01;36m[Knote: [m[Kin definition of macro ‘[01m[Ktrace[m[K’
[9.272s]    82 | #define trace(...) [01;36m[K42[m[K
[9.272s]       |                    [01;36m[K^~[m[K
[9.272s] [01m[K/home/aayush/newest_frenet_planner/src/frenet_planner_ported/src/../include/frenet_optimal_trajectory.hpp:82:20:[m[K [01;35m[Kwarning: [m[Kstatement has no effect [[01;35m[K-Wunused-value[m[K]
[9.273s]    82 | #define trace(...) [01;35m[K42[m[K
[9.273s]       |                    [01;35m[K^~[m[K
[9.273s] [01m[K/home/aayush/newest_frenet_planner/src/frenet_planner_ported/src/../include/frenet_optimal_trajectory.hpp:82:20:[m[K [01;36m[Knote: [m[Kin definition of macro ‘[01m[Ktrace[m[K’
[9.276s]    82 | #define trace(...) [01;36m[K42[m[K
[9.277s]       |                    [01;36m[K^~[m[K
[9.277s] [01m[K/home/aayush/newest_frenet_planner/src/frenet_planner_ported/src/../include/frenet_optimal_trajectory.hpp:82:20:[m[K [01;35m[Kwarning: [m[Kstatement has no effect [[01;35m[K-Wunused-value[m[K]
[9.277s]    82 | #define trace(...) [01;35m[K42[m[K
[9.277s]       |                    [01;35m[K^~[m[K
[9.278s] [01m[K/home/aayush/newest_frenet_planner/src/frenet_planner_ported/src/../include/frenet_optimal_trajectory.hpp:82:20:[m[K [01;36m[Knote: [m[Kin definition of macro ‘[01m[Ktrace[m[K’
[9.278s]    82 | #define trace(...) [01;36m[K42[m[K
[9.278s]       |                    [01;36m[K^~[m[K
[9.278s] [01m[K/home/aayush/newest_frenet_planner/src/frenet_planner_ported/src/../include/frenet_optimal_trajectory.hpp:82:20:[m[K [01;35m[Kwarning: [m[Kstatement has no effect [[01;35m[K-Wunused-value[m[K]
[9.279s]    82 | #define trace(...) [01;35m[K42[m[K
[9.279s]       |                    [01;35m[K^~[m[K
[9.279s] [01m[K/home/aayush/newest_frenet_planner/src/frenet_planner_ported/src/../include/frenet_optimal_trajectory.hpp:82:20:[m[K [01;36m[Knote: [m[Kin definition of macro ‘[01m[Ktrace[m[K’
[9.279s]    82 | #define trace(...) [01;36m[K42[m[K
[9.279s]       |                    [01;36m[K^~[m[K
[9.280s] [01m[K/home/aayush/newest_frenet_planner/src/frenet_planner_ported/src/../include/frenet_optimal_trajectory.hpp:82:20:[m[K [01;35m[Kwarning: [m[Kstatement has no effect [[01;35m[K-Wunused-value[m[K]
[9.280s]    82 | #define trace(...) [01;35m[K42[m[K
[9.280s]       |                    [01;35m[K^~[m[K
[9.280s] [01m[K/home/aayush/newest_frenet_planner/src/frenet_planner_ported/src/../include/frenet_optimal_trajectory.hpp:82:20:[m[K [01;36m[Knote: [m[Kin definition of macro ‘[01m[Ktrace[m[K’
[9.281s]    82 | #define trace(...) [01;36m[K42[m[K
[9.281s]       |                    [01;36m[K^~[m[K
[9.281s] [01m[K/home/aayush/newest_frenet_planner/src/frenet_planner_ported/src/../include/frenet_optimal_trajectory.hpp:83:59:[m[K [01;35m[Kwarning: [m[Kunused parameter ‘[01m[Kfp[m[K’ [[01;35m[K-Wunused-parameter[m[K]
[9.281s]    83 | inline ostream& operator<<(ostream& os, [01;35m[Kconst FrenetPath& fp[m[K)
[9.281s]       |                                         [01;35m[K~~~~~~~~~~~~~~~~~~^~[m[K
[9.282s] [01m[K/home/aayush/newest_frenet_planner/src/frenet_planner_ported/src/frenet_planner.cpp:[m[K In member function ‘[01m[Kvoid FrenetPath::calc_lon_paths_quintic_poly(double, double, double, double, double)[m[K’:
[9.282s] [01m[K/home/aayush/newest_frenet_planner/src/frenet_planner_ported/src/frenet_planner.cpp:69:91:[m[K [01;35m[Kwarning: [m[Kunused parameter ‘[01m[Kts[m[K’ [[01;35m[K-Wunused-parameter[m[K]
[9.282s]    69 | s_quintic_poly(double c_speed, double s0, double Ti, [01;35m[Kdouble ts[m[K,
[9.282s]       |                                                      [01;35m[K~~~~~~~^~[m[K
[9.282s] 
[9.292s] [01m[K/home/aayush/newest_frenet_planner/src/frenet_planner_ported/src/frenet_planner.cpp:[m[K In member function ‘[01m[Kvoid FrenetPath::adding_global_path(Spline2D)[m[K’:
[9.292s] [01m[K/home/aayush/newest_frenet_planner/src/frenet_planner_ported/src/frenet_planner.cpp:198:9:[m[K [01;35m[Kwarning: [m[Kunused variable ‘[01m[KstartTime1[m[K’ [[01;35m[K-Wunused-variable[m[K]
[9.292s]   198 |  double [01;35m[KstartTime1[m[K = omp_get_wtime();
[9.293s]       |         [01;35m[K^~~~~~~~~~[m[K
[9.293s] [01m[K/home/aayush/newest_frenet_planner/src/frenet_planner_ported/src/frenet_planner.cpp:249:9:[m[K [01;35m[Kwarning: [m[Kunused variable ‘[01m[KendTime1[m[K’ [[01;35m[K-Wunused-variable[m[K]
[9.293s]   249 |  double [01;35m[KendTime1[m[K = omp_get_wtime();
[9.293s]       |         [01;35m[K^~~~~~~~[m[K
[9.308s] In file included from [01m[K/home/aayush/newest_frenet_planner/src/frenet_planner_ported/src/frenet_planner.cpp:10[m[K:
[9.309s] [01m[K/home/aayush/newest_frenet_planner/src/frenet_planner_ported/src/frenet_planner.cpp:[m[K In function ‘[01m[KFrenetPath frenet_optimal_planning(Spline2D, double, double, double, double, double, FrenetPath, double)[m[K’:
[9.309s] [01m[K/home/aayush/newest_frenet_planner/src/frenet_planner_ported/src/../include/frenet_optimal_trajectory.hpp:82:20:[m[K [01;35m[Kwarning: [m[Kstatement has no effect [[01;35m[K-Wunused-value[m[K]
[9.310s]    82 | #define trace(...) [01;35m[K42[m[K
[9.310s]       |                    [01;35m[K^~[m[K
[9.311s] [01m[K/home/aayush/newest_frenet_planner/src/frenet_planner_ported/src/../include/frenet_optimal_trajectory.hpp:82:20:[m[K [01;36m[Knote: [m[Kin definition of macro ‘[01m[Ktrace[m[K’
[9.313s]    82 | #define trace(...) [01;36m[K42[m[K
[9.313s]       |                    [01;36m[K^~[m[K
[9.313s] In file included from [01m[K/opt/ros/foxy/include/rclcpp/service.hpp:34[m[K,
[9.313s]                  from [01m[K/opt/ros/foxy/include/rclcpp/callback_group.hpp:25[m[K,
[9.313s]                  from [01m[K/opt/ros/foxy/include/rclcpp/any_executable.hpp:20[m[K,
[9.314s]                  from [01m[K/opt/ros/foxy/include/rclcpp/memory_strategy.hpp:24[m[K,
[9.315s]                  from [01m[K/opt/ros/foxy/include/rclcpp/memory_strategies.hpp:18[m[K,
[9.315s]                  from [01m[K/opt/ros/foxy/include/rclcpp/executor_options.hpp:20[m[K,
[9.316s]                  from [01m[K/opt/ros/foxy/include/rclcpp/executor.hpp:33[m[K,
[9.317s]                  from [01m[K/opt/ros/foxy/include/rclcpp/executors/multi_threaded_executor.hpp:25[m[K,
[9.317s]                  from [01m[K/opt/ros/foxy/include/rclcpp/executors.hpp:21[m[K,
[9.318s]                  from [01m[K/opt/ros/foxy/include/rclcpp/rclcpp.hpp:146[m[K,
[9.318s]                  from [01m[K/opt/ros/foxy/include/tf2_ros/buffer_interface.h:35[m[K,
[9.318s]                  from [01m[K/opt/ros/foxy/include/tf2_geometry_msgs/tf2_geometry_msgs.h:38[m[K,
[9.320s]                  from [01m[K/home/aayush/newest_frenet_planner/src/frenet_planner_ported/src/frenet_planner.cpp:2[m[K:
[9.320s] [01m[K/home/aayush/newest_frenet_planner/src/frenet_planner_ported/src/frenet_planner.cpp:455:37:[m[K [01;31m[Kerror: [m[Kcannot call constructor ‘[01m[Krclcpp::Logger::Logger[m[K’ directly [[01;31m[K-fpermissive[m[K]
[9.320s]   455 |  RCLCPP_INFO(rclcpp::Logger::Logger([01;31m[K)[m[K, calc_frenet_paths_function_str);
[9.321s]       |                                     [01;31m[K^[m[K
[9.321s] [01m[K/home/aayush/newest_frenet_planner/src/frenet_planner_ported/src/frenet_planner.cpp:455:37:[m[K [01;36m[Knote: [m[Kfor a function-style cast, remove the redundant ‘[01m[K::Logger[m[K’
[9.321s] [01m[K/home/aayush/newest_frenet_planner/src/frenet_planner_ported/src/frenet_planner.cpp:455:37:[m[K [01;31m[Kerror: [m[Kcannot call constructor ‘[01m[Krclcpp::Logger::Logger[m[K’ directly [[01;31m[K-fpermissive[m[K]
[9.321s] [01m[K/home/aayush/newest_frenet_planner/src/frenet_planner_ported/src/frenet_planner.cpp:455:37:[m[K [01;36m[Knote: [m[Kfor a function-style cast, remove the redundant ‘[01m[K::Logger[m[K’
[9.322s] [01m[K/home/aayush/newest_frenet_planner/src/frenet_planner_ported/src/frenet_planner.cpp:455:2:[m[K [01;31m[Kerror: [m[K‘[01m[Krclcpp::Logger::Logger()[m[K’ is private within this context
[9.322s]   455 |  [01;31m[KRCLCPP_INFO[m[K(rclcpp::Logger::Logger(), calc_frenet_paths_function_str);
[9.322s]       |  [01;31m[K^~~~~~~~~~~[m[K
[9.322s] In file included from [01m[K/opt/ros/foxy/include/rclcpp/logging.hpp:23[m[K,
[9.322s]                  from [01m[K/opt/ros/foxy/include/rclcpp/service.hpp:34[m[K,
[9.323s]                  from [01m[K/opt/ros/foxy/include/rclcpp/callback_group.hpp:25[m[K,
[9.323s]                  from [01m[K/opt/ros/foxy/include/rclcpp/any_executable.hpp:20[m[K,
[9.323s]                  from [01m[K/opt/ros/foxy/include/rclcpp/memory_strategy.hpp:24[m[K,
[9.323s]                  from [01m[K/opt/ros/foxy/include/rclcpp/memory_strategies.hpp:18[m[K,
[9.324s]                  from [01m[K/opt/ros/foxy/include/rclcpp/executor_options.hpp:20[m[K,
[9.324s]                  from [01m[K/opt/ros/foxy/include/rclcpp/executor.hpp:33[m[K,
[9.324s]                  from [01m[K/opt/ros/foxy/include/rclcpp/executors/multi_threaded_executor.hpp:25[m[K,
[9.324s]                  from [01m[K/opt/ros/foxy/include/rclcpp/executors.hpp:21[m[K,
[9.324s]                  from [01m[K/opt/ros/foxy/include/rclcpp/rclcpp.hpp:146[m[K,
[9.325s]                  from [01m[K/opt/ros/foxy/include/tf2_ros/buffer_interface.h:35[m[K,
[9.325s]                  from [01m[K/opt/ros/foxy/include/tf2_geometry_msgs/tf2_geometry_msgs.h:38[m[K,
[9.325s]                  from [01m[K/home/aayush/newest_frenet_planner/src/frenet_planner_ported/src/frenet_planner.cpp:2[m[K:
[9.325s] [01m[K/opt/ros/foxy/include/rclcpp/logger.hpp:88:3:[m[K [01;36m[Knote: [m[Kdeclared private here
[9.325s]    88 |   [01;36m[KLogger[m[K()
[9.326s]       |   [01;36m[K^~~~~~[m[K
[9.326s] In file included from [01m[K/opt/ros/foxy/include/rclcpp/client.hpp:40[m[K,
[9.326s]                  from [01m[K/opt/ros/foxy/include/rclcpp/callback_group.hpp:23[m[K,
[9.326s]                  from [01m[K/opt/ros/foxy/include/rclcpp/any_executable.hpp:20[m[K,
[9.326s]                  from [01m[K/opt/ros/foxy/include/rclcpp/memory_strategy.hpp:24[m[K,
[9.327s]                  from [01m[K/opt/ros/foxy/include/rclcpp/memory_strategies.hpp:18[m[K,
[9.327s]                  from [01m[K/opt/ros/foxy/include/rclcpp/executor_options.hpp:20[m[K,
[9.327s]                  from [01m[K/opt/ros/foxy/include/rclcpp/executor.hpp:33[m[K,
[9.327s]                  from [01m[K/opt/ros/foxy/include/rclcpp/executors/multi_threaded_executor.hpp:25[m[K,
[9.328s]                  from [01m[K/opt/ros/foxy/include/rclcpp/executors.hpp:21[m[K,
[9.328s]                  from [01m[K/opt/ros/foxy/include/rclcpp/rclcpp.hpp:146[m[K,
[9.328s]                  from [01m[K/opt/ros/foxy/include/tf2_ros/buffer_interface.h:35[m[K,
[9.329s]                  from [01m[K/opt/ros/foxy/include/tf2_geometry_msgs/tf2_geometry_msgs.h:38[m[K,
[9.329s]                  from [01m[K/home/aayush/newest_frenet_planner/src/frenet_planner_ported/src/frenet_planner.cpp:2[m[K:
[9.329s] [01m[K/home/aayush/newest_frenet_planner/src/frenet_planner_ported/src/frenet_planner.cpp:455:37:[m[K [01;31m[Kerror: [m[Kcannot call constructor ‘[01m[Krclcpp::Logger::Logger[m[K’ directly [[01;31m[K-fpermissive[m[K]
[9.330s]   455 |  RCLCPP_INFO(rclcpp::Logger::Logger([01;31m[K)[m[K, calc_frenet_paths_function_str);
[9.330s]       |                                     [01;31m[K^[m[K
[9.330s] [01m[K/home/aayush/newest_frenet_planner/src/frenet_planner_ported/src/frenet_planner.cpp:455:37:[m[K [01;36m[Knote: [m[Kfor a function-style cast, remove the redundant ‘[01m[K::Logger[m[K’
[9.330s] [01m[K/home/aayush/newest_frenet_planner/src/frenet_planner_ported/src/frenet_planner.cpp:455:37:[m[K [01;31m[Kerror: [m[K‘[01m[Krclcpp::Logger::Logger()[m[K’ is private within this context
[9.330s] In file included from [01m[K/opt/ros/foxy/include/rclcpp/logging.hpp:23[m[K,
[9.331s]                  from [01m[K/opt/ros/foxy/include/rclcpp/service.hpp:34[m[K,
[9.331s]                  from [01m[K/opt/ros/foxy/include/rclcpp/callback_group.hpp:25[m[K,
[9.331s]                  from [01m[K/opt/ros/foxy/include/rclcpp/any_executable.hpp:20[m[K,
[9.331s]                  from [01m[K/opt/ros/foxy/include/rclcpp/memory_strategy.hpp:24[m[K,
[9.331s]                  from [01m[K/opt/ros/foxy/include/rclcpp/memory_strategies.hpp:18[m[K,
[9.332s]                  from [01m[K/opt/ros/foxy/include/rclcpp/executor_options.hpp:20[m[K,
[9.332s]                  from [01m[K/opt/ros/foxy/include/rclcpp/executor.hpp:33[m[K,
[9.332s]                  from [01m[K/opt/ros/foxy/include/rclcpp/executors/multi_threaded_executor.hpp:25[m[K,
[9.332s]                  from [01m[K/opt/ros/foxy/include/rclcpp/executors.hpp:21[m[K,
[9.333s]                  from [01m[K/opt/ros/foxy/include/rclcpp/rclcpp.hpp:146[m[K,
[9.333s]                  from [01m[K/opt/ros/foxy/include/tf2_ros/buffer_interface.h:35[m[K,
[9.333s]                  from [01m[K/opt/ros/foxy/include/tf2_geometry_msgs/tf2_geometry_msgs.h:38[m[K,
[9.333s]                  from [01m[K/home/aayush/newest_frenet_planner/src/frenet_planner_ported/src/frenet_planner.cpp:2[m[K:
[9.333s] [01m[K/opt/ros/foxy/include/rclcpp/logger.hpp:88:3:[m[K [01;36m[Knote: [m[Kdeclared private here
[9.334s]    88 |   [01;36m[KLogger[m[K()
[9.334s]       |   [01;36m[K^~~~~~[m[K
[9.334s] In file included from [01m[K/opt/ros/foxy/include/rclcpp/client.hpp:40[m[K,
[9.334s]                  from [01m[K/opt/ros/foxy/include/rclcpp/callback_group.hpp:23[m[K,
[9.334s]                  from [01m[K/opt/ros/foxy/include/rclcpp/any_executable.hpp:20[m[K,
[9.335s]                  from [01m[K/opt/ros/foxy/include/rclcpp/memory_strategy.hpp:24[m[K,
[9.335s]                  from [01m[K/opt/ros/foxy/include/rclcpp/memory_strategies.hpp:18[m[K,
[9.335s]                  from [01m[K/opt/ros/foxy/include/rclcpp/executor_options.hpp:20[m[K,
[9.335s]                  from [01m[K/opt/ros/foxy/include/rclcpp/executor.hpp:33[m[K,
[9.335s]                  from [01m[K/opt/ros/foxy/include/rclcpp/executors/multi_threaded_executor.hpp:25[m[K,
[9.336s]                  from [01m[K/opt/ros/foxy/include/rclcpp/executors.hpp:21[m[K,
[9.336s]                  from [01m[K/opt/ros/foxy/include/rclcpp/rclcpp.hpp:146[m[K,
[9.336s]                  from [01m[K/opt/ros/foxy/include/tf2_ros/buffer_interface.h:35[m[K,
[9.336s]                  from [01m[K/opt/ros/foxy/include/tf2_geometry_msgs/tf2_geometry_msgs.h:38[m[K,
[9.336s]                  from [01m[K/home/aayush/newest_frenet_planner/src/frenet_planner_ported/src/frenet_planner.cpp:2[m[K:
[9.337s] [01m[K/home/aayush/newest_frenet_planner/src/frenet_planner_ported/src/frenet_planner.cpp:455:37:[m[K [01;31m[Kerror: [m[Kcannot call constructor ‘[01m[Krclcpp::Logger::Logger[m[K’ directly [[01;31m[K-fpermissive[m[K]
[9.337s]   455 |  RCLCPP_INFO(rclcpp::Logger::Logger([01;31m[K)[m[K, calc_frenet_paths_function_str);
[9.337s]       |                                     [01;31m[K^[m[K
[9.337s] [01m[K/home/aayush/newest_frenet_planner/src/frenet_planner_ported/src/frenet_planner.cpp:455:37:[m[K [01;36m[Knote: [m[Kfor a function-style cast, remove the redundant ‘[01m[K::Logger[m[K’
[9.337s] [01m[K/home/aayush/newest_frenet_planner/src/frenet_planner_ported/src/frenet_planner.cpp:455:37:[m[K [01;31m[Kerror: [m[K‘[01m[Krclcpp::Logger::Logger()[m[K’ is private within this context
[9.338s] In file included from [01m[K/opt/ros/foxy/include/rclcpp/logging.hpp:23[m[K,
[9.338s]                  from [01m[K/opt/ros/foxy/include/rclcpp/service.hpp:34[m[K,
[9.338s]                  from [01m[K/opt/ros/foxy/include/rclcpp/callback_group.hpp:25[m[K,
[9.338s]                  from [01m[K/opt/ros/foxy/include/rclcpp/any_executable.hpp:20[m[K,
[9.338s]                  from [01m[K/opt/ros/foxy/include/rclcpp/memory_strategy.hpp:24[m[K,
[9.339s]                  from [01m[K/opt/ros/foxy/include/rclcpp/memory_strategies.hpp:18[m[K,
[9.339s]                  from [01m[K/opt/ros/foxy/include/rclcpp/executor_options.hpp:20[m[K,
[9.340s]                  from [01m[K/opt/ros/foxy/include/rclcpp/executor.hpp:33[m[K,
[9.341s]                  from [01m[K/opt/ros/foxy/include/rclcpp/executors/multi_threaded_executor.hpp:25[m[K,
[9.341s]                  from [01m[K/opt/ros/foxy/include/rclcpp/executors.hpp:21[m[K,
[9.341s]                  from [01m[K/opt/ros/foxy/include/rclcpp/rclcpp.hpp:146[m[K,
[9.341s]                  from [01m[K/opt/ros/foxy/include/tf2_ros/buffer_interface.h:35[m[K,
[9.341s]                  from [01m[K/opt/ros/foxy/include/tf2_geometry_msgs/tf2_geometry_msgs.h:38[m[K,
[9.342s]                  from [01m[K/home/aayush/newest_frenet_planner/src/frenet_planner_ported/src/frenet_planner.cpp:2[m[K:
[9.342s] [01m[K/opt/ros/foxy/include/rclcpp/logger.hpp:88:3:[m[K [01;36m[Knote: [m[Kdeclared private here
[9.342s]    88 |   [01;36m[KLogger[m[K()
[9.342s]       |   [01;36m[K^~~~~~[m[K
[9.342s] In file included from [01m[K/home/aayush/newest_frenet_planner/src/frenet_planner_ported/src/frenet_planner.cpp:10[m[K:
[9.343s] [01m[K/home/aayush/newest_frenet_planner/src/frenet_planner_ported/src/../include/frenet_optimal_trajectory.hpp:82:20:[m[K [01;35m[Kwarning: [m[Kstatement has no effect [[01;35m[K-Wunused-value[m[K]
[9.343s]    82 | #define trace(...) [01;35m[K42[m[K
[9.343s]       |                    [01;35m[K^~[m[K
[9.343s] [01m[K/home/aayush/newest_frenet_planner/src/frenet_planner_ported/src/../include/frenet_optimal_trajectory.hpp:82:20:[m[K [01;36m[Knote: [m[Kin definition of macro ‘[01m[Ktrace[m[K’
[9.344s]    82 | #define trace(...) [01;36m[K42[m[K
[9.344s]       |                    [01;36m[K^~[m[K
[9.344s] In file included from [01m[K/opt/ros/foxy/include/rclcpp/service.hpp:34[m[K,
[9.344s]                  from [01m[K/opt/ros/foxy/include/rclcpp/callback_group.hpp:25[m[K,
[9.345s]                  from [01m[K/opt/ros/foxy/include/rclcpp/any_executable.hpp:20[m[K,
[9.345s]                  from [01m[K/opt/ros/foxy/include/rclcpp/memory_strategy.hpp:24[m[K,
[9.345s]                  from [01m[K/opt/ros/foxy/include/rclcpp/memory_strategies.hpp:18[m[K,
[9.345s]                  from [01m[K/opt/ros/foxy/include/rclcpp/executor_options.hpp:20[m[K,
[9.345s]                  from [01m[K/opt/ros/foxy/include/rclcpp/executor.hpp:33[m[K,
[9.346s]                  from [01m[K/opt/ros/foxy/include/rclcpp/executors/multi_threaded_executor.hpp:25[m[K,
[9.346s]                  from [01m[K/opt/ros/foxy/include/rclcpp/executors.hpp:21[m[K,
[9.346s]                  from [01m[K/opt/ros/foxy/include/rclcpp/rclcpp.hpp:146[m[K,
[9.346s]                  from [01m[K/opt/ros/foxy/include/tf2_ros/buffer_interface.h:35[m[K,
[9.346s]                  from [01m[K/opt/ros/foxy/include/tf2_geometry_msgs/tf2_geometry_msgs.h:38[m[K,
[9.347s]                  from [01m[K/home/aayush/newest_frenet_planner/src/frenet_planner_ported/src/frenet_planner.cpp:2[m[K:
[9.347s] [01m[K/home/aayush/newest_frenet_planner/src/frenet_planner_ported/src/frenet_planner.cpp:465:37:[m[K [01;31m[Kerror: [m[Kcannot call constructor ‘[01m[Krclcpp::Logger::Logger[m[K’ directly [[01;31m[K-fpermissive[m[K]
[9.347s]   465 |  RCLCPP_INFO(rclcpp::Logger::Logger([01;31m[K)[m[K, calc_global_paths_function_str);
[9.347s]       |                                     [01;31m[K^[m[K
[9.347s] [01m[K/home/aayush/newest_frenet_planner/src/frenet_planner_ported/src/frenet_planner.cpp:465:37:[m[K [01;36m[Knote: [m[Kfor a function-style cast, remove the redundant ‘[01m[K::Logger[m[K’
[9.348s] [01m[K/home/aayush/newest_frenet_planner/src/frenet_planner_ported/src/frenet_planner.cpp:465:37:[m[K [01;31m[Kerror: [m[Kcannot call constructor ‘[01m[Krclcpp::Logger::Logger[m[K’ directly [[01;31m[K-fpermissive[m[K]
[9.348s] [01m[K/home/aayush/newest_frenet_planner/src/frenet_planner_ported/src/frenet_planner.cpp:465:37:[m[K [01;36m[Knote: [m[Kfor a function-style cast, remove the redundant ‘[01m[K::Logger[m[K’
[9.348s] [01m[K/home/aayush/newest_frenet_planner/src/frenet_planner_ported/src/frenet_planner.cpp:465:2:[m[K [01;31m[Kerror: [m[K‘[01m[Krclcpp::Logger::Logger()[m[K’ is private within this context
[9.348s]   465 |  [01;31m[KRCLCPP_INFO[m[K(rclcpp::Logger::Logger(), calc_global_paths_function_str);
[9.348s]       |  [01;31m[K^~~~~~~~~~~[m[K
[9.349s] In file included from [01m[K/opt/ros/foxy/include/rclcpp/logging.hpp:23[m[K,
[9.349s]                  from [01m[K/opt/ros/foxy/include/rclcpp/service.hpp:34[m[K,
[9.349s]                  from [01m[K/opt/ros/foxy/include/rclcpp/callback_group.hpp:25[m[K,
[9.349s]                  from [01m[K/opt/ros/foxy/include/rclcpp/any_executable.hpp:20[m[K,
[9.349s]                  from [01m[K/opt/ros/foxy/include/rclcpp/memory_strategy.hpp:24[m[K,
[9.350s]                  from [01m[K/opt/ros/foxy/include/rclcpp/memory_strategies.hpp:18[m[K,
[9.350s]                  from [01m[K/opt/ros/foxy/include/rclcpp/executor_options.hpp:20[m[K,
[9.350s]                  from [01m[K/opt/ros/foxy/include/rclcpp/executor.hpp:33[m[K,
[9.350s]                  from [01m[K/opt/ros/foxy/include/rclcpp/executors/multi_threaded_executor.hpp:25[m[K,
[9.350s]                  from [01m[K/opt/ros/foxy/include/rclcpp/executors.hpp:21[m[K,
[9.351s]                  from [01m[K/opt/ros/foxy/include/rclcpp/rclcpp.hpp:146[m[K,
[9.351s]                  from [01m[K/opt/ros/foxy/include/tf2_ros/buffer_interface.h:35[m[K,
[9.351s]                  from [01m[K/opt/ros/foxy/include/tf2_geometry_msgs/tf2_geometry_msgs.h:38[m[K,
[9.351s]                  from [01m[K/home/aayush/newest_frenet_planner/src/frenet_planner_ported/src/frenet_planner.cpp:2[m[K:
[9.351s] [01m[K/opt/ros/foxy/include/rclcpp/logger.hpp:88:3:[m[K [01;36m[Knote: [m[Kdeclared private here
[9.352s]    88 |   [01;36m[KLogger[m[K()
[9.352s]       |   [01;36m[K^~~~~~[m[K
[9.352s] In file included from [01m[K/opt/ros/foxy/include/rclcpp/client.hpp:40[m[K,
[9.352s]                  from [01m[K/opt/ros/foxy/include/rclcpp/callback_group.hpp:23[m[K,
[9.352s]                  from [01m[K/opt/ros/foxy/include/rclcpp/any_executable.hpp:20[m[K,
[9.353s]                  from [01m[K/opt/ros/foxy/include/rclcpp/memory_strategy.hpp:24[m[K,
[9.353s]                  from [01m[K/opt/ros/foxy/include/rclcpp/memory_strategies.hpp:18[m[K,
[9.353s]                  from [01m[K/opt/ros/foxy/include/rclcpp/executor_options.hpp:20[m[K,
[9.353s]                  from [01m[K/opt/ros/foxy/include/rclcpp/executor.hpp:33[m[K,
[9.353s]                  from [01m[K/opt/ros/foxy/include/rclcpp/executors/multi_threaded_executor.hpp:25[m[K,
[9.354s]                  from [01m[K/opt/ros/foxy/include/rclcpp/executors.hpp:21[m[K,
[9.354s]                  from [01m[K/opt/ros/foxy/include/rclcpp/rclcpp.hpp:146[m[K,
[9.354s]                  from [01m[K/opt/ros/foxy/include/tf2_ros/buffer_interface.h:35[m[K,
[9.354s]                  from [01m[K/opt/ros/foxy/include/tf2_geometry_msgs/tf2_geometry_msgs.h:38[m[K,
[9.354s]                  from [01m[K/home/aayush/newest_frenet_planner/src/frenet_planner_ported/src/frenet_planner.cpp:2[m[K:
[9.355s] [01m[K/home/aayush/newest_frenet_planner/src/frenet_planner_ported/src/frenet_planner.cpp:465:37:[m[K [01;31m[Kerror: [m[Kcannot call constructor ‘[01m[Krclcpp::Logger::Logger[m[K’ directly [[01;31m[K-fpermissive[m[K]
[9.355s]   465 |  RCLCPP_INFO(rclcpp::Logger::Logger([01;31m[K)[m[K, calc_global_paths_function_str);
[9.355s]       |                                     [01;31m[K^[m[K
[9.355s] [01m[K/home/aayush/newest_frenet_planner/src/frenet_planner_ported/src/frenet_planner.cpp:465:37:[m[K [01;36m[Knote: [m[Kfor a function-style cast, remove the redundant ‘[01m[K::Logger[m[K’
[9.356s] [01m[K/home/aayush/newest_frenet_planner/src/frenet_planner_ported/src/frenet_planner.cpp:465:37:[m[K [01;31m[Kerror: [m[K‘[01m[Krclcpp::Logger::Logger()[m[K’ is private within this context
[9.360s] In file included from [01m[K/opt/ros/foxy/include/rclcpp/logging.hpp:23[m[K,
[9.361s]                  from [01m[K/opt/ros/foxy/include/rclcpp/service.hpp:34[m[K,
[9.361s]                  from [01m[K/opt/ros/foxy/include/rclcpp/callback_group.hpp:25[m[K,
[9.361s]                  from [01m[K/opt/ros/foxy/include/rclcpp/any_executable.hpp:20[m[K,
[9.361s]                  from [01m[K/opt/ros/foxy/include/rclcpp/memory_strategy.hpp:24[m[K,
[9.361s]                  from [01m[K/opt/ros/foxy/include/rclcpp/memory_strategies.hpp:18[m[K,
[9.362s]                  from [01m[K/opt/ros/foxy/include/rclcpp/executor_options.hpp:20[m[K,
[9.362s]                  from [01m[K/opt/ros/foxy/include/rclcpp/executor.hpp:33[m[K,
[9.362s]                  from [01m[K/opt/ros/foxy/include/rclcpp/executors/multi_threaded_executor.hpp:25[m[K,
[9.363s]                  from [01m[K/opt/ros/foxy/include/rclcpp/executors.hpp:21[m[K,
[9.363s]                  from [01m[K/opt/ros/foxy/include/rclcpp/rclcpp.hpp:146[m[K,
[9.363s]                  from [01m[K/opt/ros/foxy/include/tf2_ros/buffer_interface.h:35[m[K,
[9.363s]                  from [01m[K/opt/ros/foxy/include/tf2_geometry_msgs/tf2_geometry_msgs.h:38[m[K,
[9.364s]                  from [01m[K/home/aayush/newest_frenet_planner/src/frenet_planner_ported/src/frenet_planner.cpp:2[m[K:
[9.364s] [01m[K/opt/ros/foxy/include/rclcpp/logger.hpp:88:3:[m[K [01;36m[Knote: [m[Kdeclared private here
[9.364s]    88 |   [01;36m[KLogger[m[K()
[9.364s]       |   [01;36m[K^~~~~~[m[K
[9.364s] In file included from [01m[K/opt/ros/foxy/include/rclcpp/client.hpp:40[m[K,
[9.365s]                  from [01m[K/opt/ros/foxy/include/rclcpp/callback_group.hpp:23[m[K,
[9.365s]                  from [01m[K/opt/ros/foxy/include/rclcpp/any_executable.hpp:20[m[K,
[9.365s]                  from [01m[K/opt/ros/foxy/include/rclcpp/memory_strategy.hpp:24[m[K,
[9.365s]                  from [01m[K/opt/ros/foxy/include/rclcpp/memory_strategies.hpp:18[m[K,
[9.365s]                  from [01m[K/opt/ros/foxy/include/rclcpp/executor_options.hpp:20[m[K,
[9.366s]                  from [01m[K/opt/ros/foxy/include/rclcpp/executor.hpp:33[m[K,
[9.366s]                  from [01m[K/opt/ros/foxy/include/rclcpp/executors/multi_threaded_executor.hpp:25[m[K,
[9.366s]                  from [01m[K/opt/ros/foxy/include/rclcpp/executors.hpp:21[m[K,
[9.366s]                  from [01m[K/opt/ros/foxy/include/rclcpp/rclcpp.hpp:146[m[K,
[9.366s]                  from [01m[K/opt/ros/foxy/include/tf2_ros/buffer_interface.h:35[m[K,
[9.367s]                  from [01m[K/opt/ros/foxy/include/tf2_geometry_msgs/tf2_geometry_msgs.h:38[m[K,
[9.367s]                  from [01m[K/home/aayush/newest_frenet_planner/src/frenet_planner_ported/src/frenet_planner.cpp:2[m[K:
[9.367s] [01m[K/home/aayush/newest_frenet_planner/src/frenet_planner_ported/src/frenet_planner.cpp:465:37:[m[K [01;31m[Kerror: [m[Kcannot call constructor ‘[01m[Krclcpp::Logger::Logger[m[K’ directly [[01;31m[K-fpermissive[m[K]
[9.368s]   465 |  RCLCPP_INFO(rclcpp::Logger::Logger([01;31m[K)[m[K, calc_global_paths_function_str);
[9.368s]       |                                     [01;31m[K^[m[K
[9.368s] [01m[K/home/aayush/newest_frenet_planner/src/frenet_planner_ported/src/frenet_planner.cpp:465:37:[m[K [01;36m[Knote: [m[Kfor a function-style cast, remove the redundant ‘[01m[K::Logger[m[K’
[9.369s] [01m[K/home/aayush/newest_frenet_planner/src/frenet_planner_ported/src/frenet_planner.cpp:465:37:[m[K [01;31m[Kerror: [m[K‘[01m[Krclcpp::Logger::Logger()[m[K’ is private within this context
[9.369s] In file included from [01m[K/opt/ros/foxy/include/rclcpp/logging.hpp:23[m[K,
[9.369s]                  from [01m[K/opt/ros/foxy/include/rclcpp/service.hpp:34[m[K,
[9.369s]                  from [01m[K/opt/ros/foxy/include/rclcpp/callback_group.hpp:25[m[K,
[9.370s]                  from [01m[K/opt/ros/foxy/include/rclcpp/any_executable.hpp:20[m[K,
[9.370s]                  from [01m[K/opt/ros/foxy/include/rclcpp/memory_strategy.hpp:24[m[K,
[9.370s]                  from [01m[K/opt/ros/foxy/include/rclcpp/memory_strategies.hpp:18[m[K,
[9.371s]                  from [01m[K/opt/ros/foxy/include/rclcpp/executor_options.hpp:20[m[K,
[9.371s]                  from [01m[K/opt/ros/foxy/include/rclcpp/executor.hpp:33[m[K,
[9.371s]                  from [01m[K/opt/ros/foxy/include/rclcpp/executors/multi_threaded_executor.hpp:25[m[K,
[9.372s]                  from [01m[K/opt/ros/foxy/include/rclcpp/executors.hpp:21[m[K,
[9.372s]                  from [01m[K/opt/ros/foxy/include/rclcpp/rclcpp.hpp:146[m[K,
[9.372s]                  from [01m[K/opt/ros/foxy/include/tf2_ros/buffer_interface.h:35[m[K,
[9.372s]                  from [01m[K/opt/ros/foxy/include/tf2_geometry_msgs/tf2_geometry_msgs.h:38[m[K,
[9.373s]                  from [01m[K/home/aayush/newest_frenet_planner/src/frenet_planner_ported/src/frenet_planner.cpp:2[m[K:
[9.373s] [01m[K/opt/ros/foxy/include/rclcpp/logger.hpp:88:3:[m[K [01;36m[Knote: [m[Kdeclared private here
[9.373s]    88 |   [01;36m[KLogger[m[K()
[9.373s]       |   [01;36m[K^~~~~~[m[K
[9.374s] In file included from [01m[K/home/aayush/newest_frenet_planner/src/frenet_planner_ported/src/frenet_planner.cpp:10[m[K:
[9.374s] [01m[K/home/aayush/newest_frenet_planner/src/frenet_planner_ported/src/../include/frenet_optimal_trajectory.hpp:82:20:[m[K [01;35m[Kwarning: [m[Kstatement has no effect [[01;35m[K-Wunused-value[m[K]
[9.374s]    82 | #define trace(...) [01;35m[K42[m[K
[9.374s]       |                    [01;35m[K^~[m[K
[9.375s] [01m[K/home/aayush/newest_frenet_planner/src/frenet_planner_ported/src/../include/frenet_optimal_trajectory.hpp:82:20:[m[K [01;36m[Knote: [m[Kin definition of macro ‘[01m[Ktrace[m[K’
[9.375s]    82 | #define trace(...) [01;36m[K42[m[K
[9.375s]       |                    [01;36m[K^~[m[K
[9.375s] In file included from [01m[K/opt/ros/foxy/include/rclcpp/service.hpp:34[m[K,
[9.376s]                  from [01m[K/opt/ros/foxy/include/rclcpp/callback_group.hpp:25[m[K,
[9.376s]                  from [01m[K/opt/ros/foxy/include/rclcpp/any_executable.hpp:20[m[K,
[9.376s]                  from [01m[K/opt/ros/foxy/include/rclcpp/memory_strategy.hpp:24[m[K,
[9.377s]                  from [01m[K/opt/ros/foxy/include/rclcpp/memory_strategies.hpp:18[m[K,
[9.377s]                  from [01m[K/opt/ros/foxy/include/rclcpp/executor_options.hpp:20[m[K,
[9.377s]                  from [01m[K/opt/ros/foxy/include/rclcpp/executor.hpp:33[m[K,
[9.377s]                  from [01m[K/opt/ros/foxy/include/rclcpp/executors/multi_threaded_executor.hpp:25[m[K,
[9.377s]                  from [01m[K/opt/ros/foxy/include/rclcpp/executors.hpp:21[m[K,
[9.378s]                  from [01m[K/opt/ros/foxy/include/rclcpp/rclcpp.hpp:146[m[K,
[9.378s]                  from [01m[K/opt/ros/foxy/include/tf2_ros/buffer_interface.h:35[m[K,
[9.378s]                  from [01m[K/opt/ros/foxy/include/tf2_geometry_msgs/tf2_geometry_msgs.h:38[m[K,
[9.378s]                  from [01m[K/home/aayush/newest_frenet_planner/src/frenet_planner_ported/src/frenet_planner.cpp:2[m[K:
[9.378s] [01m[K/home/aayush/newest_frenet_planner/src/frenet_planner_ported/src/frenet_planner.cpp:478:37:[m[K [01;31m[Kerror: [m[Kcannot call constructor ‘[01m[Krclcpp::Logger::Logger[m[K’ directly [[01;31m[K-fpermissive[m[K]
[9.379s]   478 |  RCLCPP_INFO(rclcpp::Logger::Logger([01;31m[K)[m[K, calc_path_function_str);
[9.379s]       |                                     [01;31m[K^[m[K
[9.379s] [01m[K/home/aayush/newest_frenet_planner/src/frenet_planner_ported/src/frenet_planner.cpp:478:37:[m[K [01;36m[Knote: [m[Kfor a function-style cast, remove the redundant ‘[01m[K::Logger[m[K’
[9.380s] [01m[K/home/aayush/newest_frenet_planner/src/frenet_planner_ported/src/frenet_planner.cpp:478:37:[m[K [01;31m[Kerror: [m[Kcannot call constructor ‘[01m[Krclcpp::Logger::Logger[m[K’ directly [[01;31m[K-fpermissive[m[K]
[9.380s] [01m[K/home/aayush/newest_frenet_planner/src/frenet_planner_ported/src/frenet_planner.cpp:478:37:[m[K [01;36m[Knote: [m[Kfor a function-style cast, remove the redundant ‘[01m[K::Logger[m[K’
[9.380s] [01m[K/home/aayush/newest_frenet_planner/src/frenet_planner_ported/src/frenet_planner.cpp:478:2:[m[K [01;31m[Kerror: [m[K‘[01m[Krclcpp::Logger::Logger()[m[K’ is private within this context
[9.380s]   478 |  [01;31m[KRCLCPP_INFO[m[K(rclcpp::Logger::Logger(), calc_path_function_str);
[9.380s]       |  [01;31m[K^~~~~~~~~~~[m[K
[9.381s] In file included from [01m[K/opt/ros/foxy/include/rclcpp/logging.hpp:23[m[K,
[9.381s]                  from [01m[K/opt/ros/foxy/include/rclcpp/service.hpp:34[m[K,
[9.381s]                  from [01m[K/opt/ros/foxy/include/rclcpp/callback_group.hpp:25[m[K,
[9.381s]                  from [01m[K/opt/ros/foxy/include/rclcpp/any_executable.hpp:20[m[K,
[9.381s]                  from [01m[K/opt/ros/foxy/include/rclcpp/memory_strategy.hpp:24[m[K,
[9.382s]                  from [01m[K/opt/ros/foxy/include/rclcpp/memory_strategies.hpp:18[m[K,
[9.382s]                  from [01m[K/opt/ros/foxy/include/rclcpp/executor_options.hpp:20[m[K,
[9.382s]                  from [01m[K/opt/ros/foxy/include/rclcpp/executor.hpp:33[m[K,
[9.382s]                  from [01m[K/opt/ros/foxy/include/rclcpp/executors/multi_threaded_executor.hpp:25[m[K,
[9.383s]                  from [01m[K/opt/ros/foxy/include/rclcpp/executors.hpp:21[m[K,
[9.383s]                  from [01m[K/opt/ros/foxy/include/rclcpp/rclcpp.hpp:146[m[K,
[9.383s]                  from [01m[K/opt/ros/foxy/include/tf2_ros/buffer_interface.h:35[m[K,
[9.384s]                  from [01m[K/opt/ros/foxy/include/tf2_geometry_msgs/tf2_geometry_msgs.h:38[m[K,
[9.384s]                  from [01m[K/home/aayush/newest_frenet_planner/src/frenet_planner_ported/src/frenet_planner.cpp:2[m[K:
[9.384s] [01m[K/opt/ros/foxy/include/rclcpp/logger.hpp:88:3:[m[K [01;36m[Knote: [m[Kdeclared private here
[9.384s]    88 |   [01;36m[KLogger[m[K()
[9.385s]       |   [01;36m[K^~~~~~[m[K
[9.385s] In file included from [01m[K/opt/ros/foxy/include/rclcpp/client.hpp:40[m[K,
[9.385s]                  from [01m[K/opt/ros/foxy/include/rclcpp/callback_group.hpp:23[m[K,
[9.385s]                  from [01m[K/opt/ros/foxy/include/rclcpp/any_executable.hpp:20[m[K,
[9.386s]                  from [01m[K/opt/ros/foxy/include/rclcpp/memory_strategy.hpp:24[m[K,
[9.386s]                  from [01m[K/opt/ros/foxy/include/rclcpp/memory_strategies.hpp:18[m[K,
[9.386s]                  from [01m[K/opt/ros/foxy/include/rclcpp/executor_options.hpp:20[m[K,
[9.386s]                  from [01m[K/opt/ros/foxy/include/rclcpp/executor.hpp:33[m[K,
[9.387s]                  from [01m[K/opt/ros/foxy/include/rclcpp/executors/multi_threaded_executor.hpp:25[m[K,
[9.387s]                  from [01m[K/opt/ros/foxy/include/rclcpp/executors.hpp:21[m[K,
[9.387s]                  from [01m[K/opt/ros/foxy/include/rclcpp/rclcpp.hpp:146[m[K,
[9.388s]                  from [01m[K/opt/ros/foxy/include/tf2_ros/buffer_interface.h:35[m[K,
[9.388s]                  from [01m[K/opt/ros/foxy/include/tf2_geometry_msgs/tf2_geometry_msgs.h:38[m[K,
[9.388s]                  from [01m[K/home/aayush/newest_frenet_planner/src/frenet_planner_ported/src/frenet_planner.cpp:2[m[K:
[9.388s] [01m[K/home/aayush/newest_frenet_planner/src/frenet_planner_ported/src/frenet_planner.cpp:478:37:[m[K [01;31m[Kerror: [m[Kcannot call constructor ‘[01m[Krclcpp::Logger::Logger[m[K’ directly [[01;31m[K-fpermissive[m[K]
[9.389s]   478 |  RCLCPP_INFO(rclcpp::Logger::Logger([01;31m[K)[m[K, calc_path_function_str);
[9.389s]       |                                     [01;31m[K^[m[K
[9.389s] [01m[K/home/aayush/newest_frenet_planner/src/frenet_planner_ported/src/frenet_planner.cpp:478:37:[m[K [01;36m[Knote: [m[Kfor a function-style cast, remove the redundant ‘[01m[K::Logger[m[K’
[9.389s] [01m[K/home/aayush/newest_frenet_planner/src/frenet_planner_ported/src/frenet_planner.cpp:478:37:[m[K [01;31m[Kerror: [m[K‘[01m[Krclcpp::Logger::Logger()[m[K’ is private within this context
[9.390s] In file included from [01m[K/opt/ros/foxy/include/rclcpp/logging.hpp:23[m[K,
[9.390s]                  from [01m[K/opt/ros/foxy/include/rclcpp/service.hpp:34[m[K,
[9.390s]                  from [01m[K/opt/ros/foxy/include/rclcpp/callback_group.hpp:25[m[K,
[9.390s]                  from [01m[K/opt/ros/foxy/include/rclcpp/any_executable.hpp:20[m[K,
[9.391s]                  from [01m[K/opt/ros/foxy/include/rclcpp/memory_strategy.hpp:24[m[K,
[9.391s]                  from [01m[K/opt/ros/foxy/include/rclcpp/memory_strategies.hpp:18[m[K,
[9.391s]                  from [01m[K/opt/ros/foxy/include/rclcpp/executor_options.hpp:20[m[K,
[9.391s]                  from [01m[K/opt/ros/foxy/include/rclcpp/executor.hpp:33[m[K,
[9.392s]                  from [01m[K/opt/ros/foxy/include/rclcpp/executors/multi_threaded_executor.hpp:25[m[K,
[9.393s]                  from [01m[K/opt/ros/foxy/include/rclcpp/executors.hpp:21[m[K,
[9.393s]                  from [01m[K/opt/ros/foxy/include/rclcpp/rclcpp.hpp:146[m[K,
[9.394s]                  from [01m[K/opt/ros/foxy/include/tf2_ros/buffer_interface.h:35[m[K,
[9.394s]                  from [01m[K/opt/ros/foxy/include/tf2_geometry_msgs/tf2_geometry_msgs.h:38[m[K,
[9.394s]                  from [01m[K/home/aayush/newest_frenet_planner/src/frenet_planner_ported/src/frenet_planner.cpp:2[m[K:
[9.394s] [01m[K/opt/ros/foxy/include/rclcpp/logger.hpp:88:3:[m[K [01;36m[Knote: [m[Kdeclared private here
[9.395s]    88 |   [01;36m[KLogger[m[K()
[9.395s]       |   [01;36m[K^~~~~~[m[K
[9.395s] In file included from [01m[K/opt/ros/foxy/include/rclcpp/client.hpp:40[m[K,
[9.395s]                  from [01m[K/opt/ros/foxy/include/rclcpp/callback_group.hpp:23[m[K,
[9.396s]                  from [01m[K/opt/ros/foxy/include/rclcpp/any_executable.hpp:20[m[K,
[9.396s]                  from [01m[K/opt/ros/foxy/include/rclcpp/memory_strategy.hpp:24[m[K,
[9.396s]                  from [01m[K/opt/ros/foxy/include/rclcpp/memory_strategies.hpp:18[m[K,
[9.396s]                  from [01m[K/opt/ros/foxy/include/rclcpp/executor_options.hpp:20[m[K,
[9.396s]                  from [01m[K/opt/ros/foxy/include/rclcpp/executor.hpp:33[m[K,
[9.397s]                  from [01m[K/opt/ros/foxy/include/rclcpp/executors/multi_threaded_executor.hpp:25[m[K,
[9.397s]                  from [01m[K/opt/ros/foxy/include/rclcpp/executors.hpp:21[m[K,
[9.397s]                  from [01m[K/opt/ros/foxy/include/rclcpp/rclcpp.hpp:146[m[K,
[9.397s]                  from [01m[K/opt/ros/foxy/include/tf2_ros/buffer_interface.h:35[m[K,
[9.397s]                  from [01m[K/opt/ros/foxy/include/tf2_geometry_msgs/tf2_geometry_msgs.h:38[m[K,
[9.398s]                  from [01m[K/home/aayush/newest_frenet_planner/src/frenet_planner_ported/src/frenet_planner.cpp:2[m[K:
[9.398s] [01m[K/home/aayush/newest_frenet_planner/src/frenet_planner_ported/src/frenet_planner.cpp:478:37:[m[K [01;31m[Kerror: [m[Kcannot call constructor ‘[01m[Krclcpp::Logger::Logger[m[K’ directly [[01;31m[K-fpermissive[m[K]
[9.398s]   478 |  RCLCPP_INFO(rclcpp::Logger::Logger([01;31m[K)[m[K, calc_path_function_str);
[9.398s]       |                                     [01;31m[K^[m[K
[9.398s] [01m[K/home/aayush/newest_frenet_planner/src/frenet_planner_ported/src/frenet_planner.cpp:478:37:[m[K [01;36m[Knote: [m[Kfor a function-style cast, remove the redundant ‘[01m[K::Logger[m[K’
[9.399s] [01m[K/home/aayush/newest_frenet_planner/src/frenet_planner_ported/src/frenet_planner.cpp:478:37:[m[K [01;31m[Kerror: [m[K‘[01m[Krclcpp::Logger::Logger()[m[K’ is private within this context
[9.399s] In file included from [01m[K/opt/ros/foxy/include/rclcpp/logging.hpp:23[m[K,
[9.399s]                  from [01m[K/opt/ros/foxy/include/rclcpp/service.hpp:34[m[K,
[9.399s]                  from [01m[K/opt/ros/foxy/include/rclcpp/callback_group.hpp:25[m[K,
[9.400s]                  from [01m[K/opt/ros/foxy/include/rclcpp/any_executable.hpp:20[m[K,
[9.400s]                  from [01m[K/opt/ros/foxy/include/rclcpp/memory_strategy.hpp:24[m[K,
[9.400s]                  from [01m[K/opt/ros/foxy/include/rclcpp/memory_strategies.hpp:18[m[K,
[9.400s]                  from [01m[K/opt/ros/foxy/include/rclcpp/executor_options.hpp:20[m[K,
[9.400s]                  from [01m[K/opt/ros/foxy/include/rclcpp/executor.hpp:33[m[K,
[9.401s]                  from [01m[K/opt/ros/foxy/include/rclcpp/executors/multi_threaded_executor.hpp:25[m[K,
[9.401s]                  from [01m[K/opt/ros/foxy/include/rclcpp/executors.hpp:21[m[K,
[9.401s]                  from [01m[K/opt/ros/foxy/include/rclcpp/rclcpp.hpp:146[m[K,
[9.401s]                  from [01m[K/opt/ros/foxy/include/tf2_ros/buffer_interface.h:35[m[K,
[9.401s]                  from [01m[K/opt/ros/foxy/include/tf2_geometry_msgs/tf2_geometry_msgs.h:38[m[K,
[9.402s]                  from [01m[K/home/aayush/newest_frenet_planner/src/frenet_planner_ported/src/frenet_planner.cpp:2[m[K:
[9.402s] [01m[K/opt/ros/foxy/include/rclcpp/logger.hpp:88:3:[m[K [01;36m[Knote: [m[Kdeclared private here
[9.402s]    88 |   [01;36m[KLogger[m[K()
[9.402s]       |   [01;36m[K^~~~~~[m[K
[9.402s] In file included from [01m[K/home/aayush/newest_frenet_planner/src/frenet_planner_ported/src/frenet_planner.cpp:10[m[K:
[9.403s] [01m[K/home/aayush/newest_frenet_planner/src/frenet_planner_ported/src/../include/frenet_optimal_trajectory.hpp:82:20:[m[K [01;35m[Kwarning: [m[Kstatement has no effect [[01;35m[K-Wunused-value[m[K]
[9.403s]    82 | #define trace(...) [01;35m[K42[m[K
[9.403s]       |                    [01;35m[K^~[m[K
[9.403s] [01m[K/home/aayush/newest_frenet_planner/src/frenet_planner_ported/src/../include/frenet_optimal_trajectory.hpp:82:20:[m[K [01;36m[Knote: [m[Kin definition of macro ‘[01m[Ktrace[m[K’
[9.404s]    82 | #define trace(...) [01;36m[K42[m[K
[9.404s]       |                    [01;36m[K^~[m[K
[9.404s] [01m[K/home/aayush/newest_frenet_planner/src/frenet_planner_ported/src/../include/frenet_optimal_trajectory.hpp:82:20:[m[K [01;35m[Kwarning: [m[Kstatement has no effect [[01;35m[K-Wunused-value[m[K]
[9.404s]    82 | #define trace(...) [01;35m[K42[m[K
[9.404s]       |                    [01;35m[K^~[m[K
[9.405s] [01m[K/home/aayush/newest_frenet_planner/src/frenet_planner_ported/src/../include/frenet_optimal_trajectory.hpp:82:20:[m[K [01;36m[Knote: [m[Kin definition of macro ‘[01m[Ktrace[m[K’
[9.405s]    82 | #define trace(...) [01;36m[K42[m[K
[9.405s]       |                    [01;36m[K^~[m[K
[10.694s] make[2]: *** [CMakeFiles/frenet_ros_obst.dir/build.make:76: CMakeFiles/frenet_ros_obst.dir/src/frenet_planner.cpp.o] Error 1
[10.695s] make[1]: *** [CMakeFiles/Makefile2:78: CMakeFiles/frenet_ros_obst.dir/all] Error 2
[10.695s] make: *** [Makefile:141: all] Error 2
[10.696s] Invoked command in '/home/aayush/newest_frenet_planner/build/frenet_planner_ported' returned '2': CMAKE_PREFIX_PATH=${CMAKE_PREFIX_PATH}:/home/aayush/newest_frenet_planner/install/dummy:/opt/ros/foxy /usr/bin/cmake --build /home/aayush/newest_frenet_planner/build/frenet_planner_ported -- -j2 -l2
