[0.845s] Invoking command in '/home/aayush/newest_frenet_planner/build/frenet_planner_ported': CMAKE_PREFIX_PATH=${CMAKE_PREFIX_PATH}:/home/aayush/newest_frenet_planner/install/dummy:/opt/ros/foxy /usr/bin/cmake --build /home/aayush/newest_frenet_planner/build/frenet_planner_ported -- -j2 -l2
[1.083s] [35m[1mScanning dependencies of target frenet_ros_obst[0m
[1.339s] [ 20%] [32mBuilding CXX object CMakeFiles/frenet_ros_obst.dir/src/frenet_ros_obst.cpp.o[0m
[6.779s] In file included from [01m[K/home/aayush/newest_frenet_planner/src/frenet_planner_ported/src/../include/frenet_class.hpp:11[m[K,
[6.780s]                  from [01m[K/home/aayush/newest_frenet_planner/src/frenet_planner_ported/src/frenet_ros_obst.cpp:1[m[K:
[6.780s] [01m[K/home/aayush/newest_frenet_planner/src/frenet_planner_ported/./include/matplotlibcpp.hpp:314:36:[m[K [01;35m[Kwarning: [m[Kstatic_assert without a message only available with ‘[01m[K-std=c++17[m[K’ or ‘[01m[K-std=gnu++17[m[K’ [[01;35m[K-Wpedantic[m[K]
[6.780s]   314 | static_assert(sizeof(long long) == [01;35m[K8[m[K);
[6.780s]       |                                    [01;35m[K^[m[K
[6.781s] [01m[K/home/aayush/newest_frenet_planner/src/frenet_planner_ported/./include/matplotlibcpp.hpp:316:45:[m[K [01;35m[Kwarning: [m[Kstatic_assert without a message only available with ‘[01m[K-std=c++17[m[K’ or ‘[01m[K-std=gnu++17[m[K’ [[01;35m[K-Wpedantic[m[K]
[6.781s]   316 | static_assert(sizeof(unsigned long long) == [01;35m[K8[m[K);
[6.781s]       |                                             [01;35m[K^[m[K
[9.676s] In file included from [01m[K/home/aayush/newest_frenet_planner/src/frenet_planner_ported/src/frenet_ros_obst.cpp:1[m[K:
[9.676s] [01m[K/home/aayush/newest_frenet_planner/src/frenet_planner_ported/src/../include/frenet_class.hpp:129:81:[m[K [01;35m[Kwarning: [m[K‘[01m[Kgeometry_msgs::msg::PolygonStamped_<std::allocator<void> >::ConstPtr[m[K’ is deprecated [[01;35m[K-Wdeprecated-declarations[m[K]
[9.676s]   129 | allback(const geometry_msgs::msg::PolygonStamped::ConstPtr p[01;35m[K)[m[K
[9.676s]       |                                                             [01;35m[K^[m[K
[9.677s] 
[9.677s] In file included from [01m[K/opt/ros/foxy/include/geometry_msgs/msg/polygon_stamped.hpp:7[m[K,
[9.677s]                  from [01m[K/home/aayush/newest_frenet_planner/src/frenet_planner_ported/src/../include/frenet_class.hpp:8[m[K,
[9.677s]                  from [01m[K/home/aayush/newest_frenet_planner/src/frenet_planner_ported/src/frenet_ros_obst.cpp:1[m[K:
[9.678s] [01m[K/opt/ros/foxy/include/geometry_msgs/msg/detail/polygon_stamped__struct.hpp:114:5:[m[K [01;36m[Knote: [m[Kdeclared here
[9.678s]   114 |     [01;36m[KConstPtr[m[K;
[9.678s]       |     [01;36m[K^~~~~~~~[m[K
[9.678s] In file included from [01m[K/home/aayush/newest_frenet_planner/src/frenet_planner_ported/src/frenet_ros_obst.cpp:1[m[K:
[9.679s] [01m[K/home/aayush/newest_frenet_planner/src/frenet_planner_ported/src/../include/frenet_class.hpp:135:67:[m[K [01;35m[Kwarning: [m[K‘[01m[Knav_msgs::msg::Odometry_<std::allocator<void> >::ConstPtr[m[K’ is deprecated [[01;35m[K-Wdeprecated-declarations[m[K]
[9.679s]   135 |     void odom_callback(const nav_msgs::msg::Odometry::ConstPtr msg[01;35m[K)[m[K
[9.679s]       |                                                                   [01;35m[K^[m[K
[9.679s] In file included from [01m[K/opt/ros/foxy/include/nav_msgs/msg/odometry.hpp:7[m[K,
[9.679s]                  from [01m[K/home/aayush/newest_frenet_planner/src/frenet_planner_ported/src/../include/frenet_class.hpp:6[m[K,
[9.680s]                  from [01m[K/home/aayush/newest_frenet_planner/src/frenet_planner_ported/src/frenet_ros_obst.cpp:1[m[K:
[9.680s] [01m[K/opt/ros/foxy/include/nav_msgs/msg/detail/odometry__struct.hpp:145:5:[m[K [01;36m[Knote: [m[Kdeclared here
[9.680s]   145 |     [01;36m[KConstPtr[m[K;
[9.680s]       |     [01;36m[K^~~~~~~~[m[K
[9.680s] In file included from [01m[K/home/aayush/newest_frenet_planner/src/frenet_planner_ported/src/frenet_ros_obst.cpp:1[m[K:
[9.681s] [01m[K/home/aayush/newest_frenet_planner/src/frenet_planner_ported/src/../include/frenet_class.hpp:139:86:[m[K [01;35m[Kwarning: [m[K‘[01m[Knav_msgs::msg::OccupancyGrid_<std::allocator<void> >::ConstPtr[m[K’ is deprecated [[01;35m[K-Wdeprecated-declarations[m[K]
[9.681s]   139 | (const nav_msgs::msg::OccupancyGrid::ConstPtr occupancy_grid[01;35m[K)[m[K
[9.681s]       |                                                             [01;35m[K^[m[K
[9.682s] 
[9.682s] In file included from [01m[K/opt/ros/foxy/include/nav_msgs/msg/occupancy_grid.hpp:7[m[K,
[9.682s]                  from [01m[K/home/aayush/newest_frenet_planner/src/frenet_planner_ported/src/../include/frenet_class.hpp:7[m[K,
[9.684s]                  from [01m[K/home/aayush/newest_frenet_planner/src/frenet_planner_ported/src/frenet_ros_obst.cpp:1[m[K:
[9.684s] [01m[K/opt/ros/foxy/include/nav_msgs/msg/detail/occupancy_grid__struct.hpp:123:5:[m[K [01;36m[Knote: [m[Kdeclared here
[9.684s]   123 |     [01;36m[KConstPtr[m[K;
[9.684s]       |     [01;36m[K^~~~~~~~[m[K
[9.822s] In file included from [01m[K/home/aayush/newest_frenet_planner/src/frenet_planner_ported/src/frenet_ros_obst.cpp:1[m[K:
[9.822s] [01m[K/home/aayush/newest_frenet_planner/src/frenet_planner_ported/src/../include/frenet_class.hpp:[m[K In member function ‘[01m[Kvoid FrenetClass::costmap_callback(nav_msgs::msg::OccupancyGrid_<std::allocator<void> >::ConstPtr)[m[K’:
[9.823s] [01m[K/home/aayush/newest_frenet_planner/src/frenet_planner_ported/src/../include/frenet_class.hpp:169:22:[m[K [01;35m[Kwarning: [m[Kcomparison of integer expressions of different signedness: ‘[01m[Klong int[m[K’ and ‘[01m[Kstd::vector<std::pair<double, double> >::size_type[m[K’ {aka ‘[01m[Klong unsigned int[m[K’} [[01;35m[K-Wsign-compare[m[K]
[9.823s]   169 |   for (long i = 0; [01;35m[Ki < ob1.size()[m[K; i++)
[9.823s]       |                    [01;35m[K~~^~~~~~~~~~~~[m[K
[9.823s] [01m[K/home/aayush/newest_frenet_planner/src/frenet_planner_ported/src/../include/frenet_class.hpp:149:13:[m[K [01;35m[Kwarning: [m[Kunused variable ‘[01m[KstartTime1[m[K’ [[01;35m[K-Wunused-variable[m[K]
[9.823s]   149 |      double [01;35m[KstartTime1[m[K = omp_get_wtime();
[9.823s]       |             [01;35m[K^~~~~~~~~~[m[K
[9.828s] In file included from [01m[K/home/aayush/newest_frenet_planner/src/frenet_planner_ported/src/frenet_ros_obst.cpp:2[m[K:
[9.829s] [01m[K/home/aayush/newest_frenet_planner/src/frenet_planner_ported/src/../include/frenet_optimal_trajectory.hpp:[m[K In function ‘[01m[Kstd::ostream& operator<<(std::ostream&, const FrenetPath&)[m[K’:
[9.829s] [01m[K/home/aayush/newest_frenet_planner/src/frenet_planner_ported/src/../include/frenet_optimal_trajectory.hpp:80:20:[m[K [01;35m[Kwarning: [m[Kstatement has no effect [[01;35m[K-Wunused-value[m[K]
[9.829s]    80 | #define trace(...) [01;35m[K42[m[K
[9.830s]       |                    [01;35m[K^~[m[K
[9.830s] [01m[K/home/aayush/newest_frenet_planner/src/frenet_planner_ported/src/../include/frenet_optimal_trajectory.hpp:80:20:[m[K [01;36m[Knote: [m[Kin definition of macro ‘[01m[Ktrace[m[K’
[9.830s]    80 | #define trace(...) [01;36m[K42[m[K
[9.830s]       |                    [01;36m[K^~[m[K
[9.831s] [01m[K/home/aayush/newest_frenet_planner/src/frenet_planner_ported/src/../include/frenet_optimal_trajectory.hpp:80:20:[m[K [01;35m[Kwarning: [m[Kstatement has no effect [[01;35m[K-Wunused-value[m[K]
[9.831s]    80 | #define trace(...) [01;35m[K42[m[K
[9.831s]       |                    [01;35m[K^~[m[K
[9.832s] [01m[K/home/aayush/newest_frenet_planner/src/frenet_planner_ported/src/../include/frenet_optimal_trajectory.hpp:80:20:[m[K [01;36m[Knote: [m[Kin definition of macro ‘[01m[Ktrace[m[K’
[9.832s]    80 | #define trace(...) [01;36m[K42[m[K
[9.832s]       |                    [01;36m[K^~[m[K
[9.832s] [01m[K/home/aayush/newest_frenet_planner/src/frenet_planner_ported/src/../include/frenet_optimal_trajectory.hpp:80:20:[m[K [01;35m[Kwarning: [m[Kstatement has no effect [[01;35m[K-Wunused-value[m[K]
[9.832s]    80 | #define trace(...) [01;35m[K42[m[K
[9.833s]       |                    [01;35m[K^~[m[K
[9.833s] [01m[K/home/aayush/newest_frenet_planner/src/frenet_planner_ported/src/../include/frenet_optimal_trajectory.hpp:80:20:[m[K [01;36m[Knote: [m[Kin definition of macro ‘[01m[Ktrace[m[K’
[9.833s]    80 | #define trace(...) [01;36m[K42[m[K
[9.834s]       |                    [01;36m[K^~[m[K
[9.834s] [01m[K/home/aayush/newest_frenet_planner/src/frenet_planner_ported/src/../include/frenet_optimal_trajectory.hpp:80:20:[m[K [01;35m[Kwarning: [m[Kstatement has no effect [[01;35m[K-Wunused-value[m[K]
[9.834s]    80 | #define trace(...) [01;35m[K42[m[K
[9.835s]       |                    [01;35m[K^~[m[K
[9.835s] [01m[K/home/aayush/newest_frenet_planner/src/frenet_planner_ported/src/../include/frenet_optimal_trajectory.hpp:80:20:[m[K [01;36m[Knote: [m[Kin definition of macro ‘[01m[Ktrace[m[K’
[9.835s]    80 | #define trace(...) [01;36m[K42[m[K
[9.835s]       |                    [01;36m[K^~[m[K
[9.836s] [01m[K/home/aayush/newest_frenet_planner/src/frenet_planner_ported/src/../include/frenet_optimal_trajectory.hpp:80:20:[m[K [01;35m[Kwarning: [m[Kstatement has no effect [[01;35m[K-Wunused-value[m[K]
[9.836s]    80 | #define trace(...) [01;35m[K42[m[K
[9.836s]       |                    [01;35m[K^~[m[K
[9.836s] [01m[K/home/aayush/newest_frenet_planner/src/frenet_planner_ported/src/../include/frenet_optimal_trajectory.hpp:80:20:[m[K [01;36m[Knote: [m[Kin definition of macro ‘[01m[Ktrace[m[K’
[9.837s]    80 | #define trace(...) [01;36m[K42[m[K
[9.837s]       |                    [01;36m[K^~[m[K
[9.837s] [01m[K/home/aayush/newest_frenet_planner/src/frenet_planner_ported/src/../include/frenet_optimal_trajectory.hpp:80:20:[m[K [01;35m[Kwarning: [m[Kstatement has no effect [[01;35m[K-Wunused-value[m[K]
[9.838s]    80 | #define trace(...) [01;35m[K42[m[K
[9.838s]       |                    [01;35m[K^~[m[K
[9.838s] [01m[K/home/aayush/newest_frenet_planner/src/frenet_planner_ported/src/../include/frenet_optimal_trajectory.hpp:80:20:[m[K [01;36m[Knote: [m[Kin definition of macro ‘[01m[Ktrace[m[K’
[9.839s]    80 | #define trace(...) [01;36m[K42[m[K
[9.839s]       |                    [01;36m[K^~[m[K
[9.839s] [01m[K/home/aayush/newest_frenet_planner/src/frenet_planner_ported/src/../include/frenet_optimal_trajectory.hpp:80:20:[m[K [01;35m[Kwarning: [m[Kstatement has no effect [[01;35m[K-Wunused-value[m[K]
[9.840s]    80 | #define trace(...) [01;35m[K42[m[K
[9.840s]       |                    [01;35m[K^~[m[K
[9.840s] [01m[K/home/aayush/newest_frenet_planner/src/frenet_planner_ported/src/../include/frenet_optimal_trajectory.hpp:80:20:[m[K [01;36m[Knote: [m[Kin definition of macro ‘[01m[Ktrace[m[K’
[9.840s]    80 | #define trace(...) [01;36m[K42[m[K
[9.841s]       |                    [01;36m[K^~[m[K
[9.841s] [01m[K/home/aayush/newest_frenet_planner/src/frenet_planner_ported/src/../include/frenet_optimal_trajectory.hpp:80:20:[m[K [01;35m[Kwarning: [m[Kstatement has no effect [[01;35m[K-Wunused-value[m[K]
[9.841s]    80 | #define trace(...) [01;35m[K42[m[K
[9.841s]       |                    [01;35m[K^~[m[K
[9.842s] [01m[K/home/aayush/newest_frenet_planner/src/frenet_planner_ported/src/../include/frenet_optimal_trajectory.hpp:80:20:[m[K [01;36m[Knote: [m[Kin definition of macro ‘[01m[Ktrace[m[K’
[9.842s]    80 | #define trace(...) [01;36m[K42[m[K
[9.842s]       |                    [01;36m[K^~[m[K
[9.842s] [01m[K/home/aayush/newest_frenet_planner/src/frenet_planner_ported/src/../include/frenet_optimal_trajectory.hpp:80:20:[m[K [01;35m[Kwarning: [m[Kstatement has no effect [[01;35m[K-Wunused-value[m[K]
[9.843s]    80 | #define trace(...) [01;35m[K42[m[K
[9.843s]       |                    [01;35m[K^~[m[K
[9.843s] [01m[K/home/aayush/newest_frenet_planner/src/frenet_planner_ported/src/../include/frenet_optimal_trajectory.hpp:80:20:[m[K [01;36m[Knote: [m[Kin definition of macro ‘[01m[Ktrace[m[K’
[9.844s]    80 | #define trace(...) [01;36m[K42[m[K
[9.844s]       |                    [01;36m[K^~[m[K
[9.844s] [01m[K/home/aayush/newest_frenet_planner/src/frenet_planner_ported/src/../include/frenet_optimal_trajectory.hpp:80:20:[m[K [01;35m[Kwarning: [m[Kstatement has no effect [[01;35m[K-Wunused-value[m[K]
[9.844s]    80 | #define trace(...) [01;35m[K42[m[K
[9.845s]       |                    [01;35m[K^~[m[K
[9.845s] [01m[K/home/aayush/newest_frenet_planner/src/frenet_planner_ported/src/../include/frenet_optimal_trajectory.hpp:80:20:[m[K [01;36m[Knote: [m[Kin definition of macro ‘[01m[Ktrace[m[K’
[9.845s]    80 | #define trace(...) [01;36m[K42[m[K
[9.845s]       |                    [01;36m[K^~[m[K
[9.846s] [01m[K/home/aayush/newest_frenet_planner/src/frenet_planner_ported/src/../include/frenet_optimal_trajectory.hpp:80:20:[m[K [01;35m[Kwarning: [m[Kstatement has no effect [[01;35m[K-Wunused-value[m[K]
[9.846s]    80 | #define trace(...) [01;35m[K42[m[K
[9.846s]       |                    [01;35m[K^~[m[K
[9.846s] [01m[K/home/aayush/newest_frenet_planner/src/frenet_planner_ported/src/../include/frenet_optimal_trajectory.hpp:80:20:[m[K [01;36m[Knote: [m[Kin definition of macro ‘[01m[Ktrace[m[K’
[9.846s]    80 | #define trace(...) [01;36m[K42[m[K
[9.847s]       |                    [01;36m[K^~[m[K
[9.847s] [01m[K/home/aayush/newest_frenet_planner/src/frenet_planner_ported/src/../include/frenet_optimal_trajectory.hpp:80:20:[m[K [01;35m[Kwarning: [m[Kstatement has no effect [[01;35m[K-Wunused-value[m[K]
[9.847s]    80 | #define trace(...) [01;35m[K42[m[K
[9.847s]       |                    [01;35m[K^~[m[K
[9.848s] [01m[K/home/aayush/newest_frenet_planner/src/frenet_planner_ported/src/../include/frenet_optimal_trajectory.hpp:80:20:[m[K [01;36m[Knote: [m[Kin definition of macro ‘[01m[Ktrace[m[K’
[9.848s]    80 | #define trace(...) [01;36m[K42[m[K
[9.848s]       |                    [01;36m[K^~[m[K
[9.848s] [01m[K/home/aayush/newest_frenet_planner/src/frenet_planner_ported/src/../include/frenet_optimal_trajectory.hpp:80:20:[m[K [01;35m[Kwarning: [m[Kstatement has no effect [[01;35m[K-Wunused-value[m[K]
[9.849s]    80 | #define trace(...) [01;35m[K42[m[K
[9.849s]       |                    [01;35m[K^~[m[K
[9.849s] [01m[K/home/aayush/newest_frenet_planner/src/frenet_planner_ported/src/../include/frenet_optimal_trajectory.hpp:80:20:[m[K [01;36m[Knote: [m[Kin definition of macro ‘[01m[Ktrace[m[K’
[9.849s]    80 | #define trace(...) [01;36m[K42[m[K
[9.849s]       |                    [01;36m[K^~[m[K
[9.850s] [01m[K/home/aayush/newest_frenet_planner/src/frenet_planner_ported/src/../include/frenet_optimal_trajectory.hpp:81:59:[m[K [01;35m[Kwarning: [m[Kunused parameter ‘[01m[Kfp[m[K’ [[01;35m[K-Wunused-parameter[m[K]
[9.850s]    81 | inline ostream& operator<<(ostream& os, [01;35m[Kconst FrenetPath& fp[m[K)
[9.850s]       |                                         [01;35m[K~~~~~~~~~~~~~~~~~~^~[m[K
[9.850s] [01m[K/home/aayush/newest_frenet_planner/src/frenet_planner_ported/src/frenet_ros_obst.cpp:[m[K In function ‘[01m[Kdouble get_bot_yaw()[m[K’:
[9.850s] [01m[K/home/aayush/newest_frenet_planner/src/frenet_planner_ported/src/../include/frenet_optimal_trajectory.hpp:80:20:[m[K [01;35m[Kwarning: [m[Kstatement has no effect [[01;35m[K-Wunused-value[m[K]
[9.851s]    80 | #define trace(...) [01;35m[K42[m[K
[9.851s]       |                    [01;35m[K^~[m[K
[9.851s] [01m[K/home/aayush/newest_frenet_planner/src/frenet_planner_ported/src/../include/frenet_optimal_trajectory.hpp:80:20:[m[K [01;36m[Knote: [m[Kin definition of macro ‘[01m[Ktrace[m[K’
[9.851s]    80 | #define trace(...) [01;36m[K42[m[K
[9.852s]       |                    [01;36m[K^~[m[K
[9.852s] [01m[K/home/aayush/newest_frenet_planner/src/frenet_planner_ported/src/frenet_ros_obst.cpp:[m[K In function ‘[01m[Kvoid initial_conditions_path(Spline2D&, double&, double&, double&, double&, double&, double&, FrenetPath&)[m[K’:
[9.852s] [01m[K/home/aayush/newest_frenet_planner/src/frenet_planner_ported/src/frenet_ros_obst.cpp:56:40:[m[K [01;35m[Kwarning: [m[Kunused parameter ‘[01m[Kcsp[m[K’ [[01;35m[K-Wunused-parameter[m[K]
[9.852s]    56 | void initial_conditions_path([01;35m[KSpline2D &csp[m[K, double &s0, double &c_speed, double &c_d, double &c_d_d,
[9.852s]       |                              [01;35m[K~~~~~~~~~~^~~[m[K
[9.853s] In file included from [01m[K/home/aayush/newest_frenet_planner/src/frenet_planner_ported/src/frenet_ros_obst.cpp:2[m[K:
[9.853s] [01m[K/home/aayush/newest_frenet_planner/src/frenet_planner_ported/src/frenet_ros_obst.cpp:[m[K In function ‘[01m[Kint initial_conditions_new(Spline2D&, vecD&, vecD&, vecD&, vecD&, vecD&, double&, double&, double&, double&, double&, double&, FrenetPath&)[m[K’:
[9.853s] [01m[K/home/aayush/newest_frenet_planner/src/frenet_planner_ported/src/../include/frenet_optimal_trajectory.hpp:80:20:[m[K [01;35m[Kwarning: [m[Kstatement has no effect [[01;35m[K-Wunused-value[m[K]
[9.854s]    80 | #define trace(...) [01;35m[K42[m[K
[9.854s]       |                    [01;35m[K^~[m[K
[9.854s] [01m[K/home/aayush/newest_frenet_planner/src/frenet_planner_ported/src/../include/frenet_optimal_trajectory.hpp:80:20:[m[K [01;36m[Knote: [m[Kin definition of macro ‘[01m[Ktrace[m[K’
[9.854s]    80 | #define trace(...) [01;36m[K42[m[K
[9.854s]       |                    [01;36m[K^~[m[K
[9.855s] [01m[K/home/aayush/newest_frenet_planner/src/frenet_planner_ported/src/../include/frenet_optimal_trajectory.hpp:80:20:[m[K [01;35m[Kwarning: [m[Kstatement has no effect [[01;35m[K-Wunused-value[m[K]
[9.855s]    80 | #define trace(...) [01;35m[K42[m[K
[9.855s]       |                    [01;35m[K^~[m[K
[9.855s] [01m[K/home/aayush/newest_frenet_planner/src/frenet_planner_ported/src/../include/frenet_optimal_trajectory.hpp:80:20:[m[K [01;36m[Knote: [m[Kin definition of macro ‘[01m[Ktrace[m[K’
[9.856s]    80 | #define trace(...) [01;36m[K42[m[K
[9.856s]       |                    [01;36m[K^~[m[K
[9.856s] [01m[K/home/aayush/newest_frenet_planner/src/frenet_planner_ported/src/frenet_ros_obst.cpp:72:38:[m[K [01;35m[Kwarning: [m[Kunused parameter ‘[01m[Kcsp[m[K’ [[01;35m[K-Wunused-parameter[m[K]
[9.856s]    72 | int initial_conditions_new([01;35m[KSpline2D &csp[m[K, vecD &global_s, vecD &global_x, vecD &global_y,
[9.856s]       |                            [01;35m[K~~~~~~~~~~^~~[m[K
[9.867s] [01m[K/home/aayush/newest_frenet_planner/src/frenet_planner_ported/src/frenet_ros_obst.cpp:[m[K In function ‘[01m[Kint main(int, char**)[m[K’:
[9.867s] [01m[K/home/aayush/newest_frenet_planner/src/frenet_planner_ported/src/frenet_ros_obst.cpp:191:15:[m[K [01;31m[Kerror: [m[Kcannot convert ‘[01m[Kstd::string[m[K’ {aka ‘[01m[Kstd::__cxx11::basic_string<char>[m[K’} to ‘[01m[Kchar*[m[K’
[9.868s]   191 |   std::strcat([01;31m[KInitial_Conditions[m[K, endTime_startTime);
[9.868s]       |               [01;31m[K^~~~~~~~~~~~~~~~~~[m[K
[9.868s]       |               [01;31m[K|[m[K
[9.868s]       |               [01;31m[Kstd::string {aka std::__cxx11::basic_string<char>}[m[K
[9.868s] In file included from [01m[K/opt/ros/foxy/include/rcutils/error_handling.h:34[m[K,
[9.869s]                  from [01m[K/opt/ros/foxy/include/rcutils/logging.h:23[m[K,
[9.869s]                  from [01m[K/opt/ros/foxy/include/rmw/types.h:28[m[K,
[9.869s]                  from [01m[K/opt/ros/foxy/include/rcl/types.h:18[m[K,
[9.869s]                  from [01m[K/opt/ros/foxy/include/rcl/arguments.h:20[m[K,
[9.869s]                  from [01m[K/opt/ros/foxy/include/rcl/context.h:26[m[K,
[9.870s]                  from [01m[K/opt/ros/foxy/include/rcl/guard_condition.h:24[m[K,
[9.870s]                  from [01m[K/opt/ros/foxy/include/rclcpp/executor.hpp:29[m[K,
[9.870s]                  from [01m[K/opt/ros/foxy/include/rclcpp/executors/multi_threaded_executor.hpp:25[m[K,
[9.870s]                  from [01m[K/opt/ros/foxy/include/rclcpp/executors.hpp:21[m[K,
[9.870s]                  from [01m[K/opt/ros/foxy/include/rclcpp/rclcpp.hpp:146[m[K,
[9.871s]                  from [01m[K/home/aayush/newest_frenet_planner/src/frenet_planner_ported/src/../include/frenet_class.hpp:4[m[K,
[9.871s]                  from [01m[K/home/aayush/newest_frenet_planner/src/frenet_planner_ported/src/frenet_ros_obst.cpp:1[m[K:
[9.871s] [01m[K/usr/include/string.h:130:39:[m[K [01;36m[Knote: [m[K  initializing argument 1 of ‘[01m[Kchar* strcat(char*, const char*)[m[K’
[9.871s]   130 | extern char *strcat ([01;36m[Kchar *__restrict __dest[m[K, const char *__restrict __src)
[9.871s]       |                      [01;36m[K~~~~~~~~~~~~~~~~~^~~~~~[m[K
[9.872s] In file included from [01m[K/home/aayush/newest_frenet_planner/src/frenet_planner_ported/src/frenet_ros_obst.cpp:2[m[K:
[9.872s] [01m[K/home/aayush/newest_frenet_planner/src/frenet_planner_ported/src/../include/frenet_optimal_trajectory.hpp:80:20:[m[K [01;35m[Kwarning: [m[Kstatement has no effect [[01;35m[K-Wunused-value[m[K]
[9.872s]    80 | #define trace(...) [01;35m[K42[m[K
[9.872s]       |                    [01;35m[K^~[m[K
[9.872s] [01m[K/home/aayush/newest_frenet_planner/src/frenet_planner_ported/src/../include/frenet_optimal_trajectory.hpp:80:20:[m[K [01;36m[Knote: [m[Kin definition of macro ‘[01m[Ktrace[m[K’
[9.873s]    80 | #define trace(...) [01;36m[K42[m[K
[9.873s]       |                    [01;36m[K^~[m[K
[9.934s] [01m[K/home/aayush/newest_frenet_planner/src/frenet_planner_ported/src/frenet_ros_obst.cpp:175:10:[m[K [01;35m[Kwarning: [m[Kunused variable ‘[01m[KstartTime1[m[K’ [[01;35m[K-Wunused-variable[m[K]
[9.934s]   175 |   double [01;35m[KstartTime1[m[K = omp_get_wtime();
[9.934s]       |          [01;35m[K^~~~~~~~~~[m[K
[9.935s] [01m[K/home/aayush/newest_frenet_planner/src/frenet_planner_ported/src/frenet_ros_obst.cpp:194:10:[m[K [01;35m[Kwarning: [m[Kunused variable ‘[01m[KendTime1[m[K’ [[01;35m[K-Wunused-variable[m[K]
[9.935s]   194 |   double [01;35m[KendTime1[m[K = omp_get_wtime();
[9.935s]       |          [01;35m[K^~~~~~~~[m[K
[9.935s] [01m[K/home/aayush/newest_frenet_planner/src/frenet_planner_ported/src/frenet_ros_obst.cpp:266:10:[m[K [01;35m[Kwarning: [m[Kunused variable ‘[01m[KstartTime3[m[K’ [[01;35m[K-Wunused-variable[m[K]
[9.936s]   266 |   double [01;35m[KstartTime3[m[K = omp_get_wtime();
[9.936s]       |          [01;35m[K^~~~~~~~~~[m[K
[9.936s] [01m[K/home/aayush/newest_frenet_planner/src/frenet_planner_ported/src/frenet_ros_obst.cpp:268:10:[m[K [01;35m[Kwarning: [m[Kunused variable ‘[01m[KendTime3[m[K’ [[01;35m[K-Wunused-variable[m[K]
[9.936s]   268 |   double [01;35m[KendTime3[m[K = omp_get_wtime();
[9.936s]       |          [01;35m[K^~~~~~~~[m[K
[9.937s] [01m[K/home/aayush/newest_frenet_planner/src/frenet_planner_ported/src/frenet_ros_obst.cpp:131:7:[m[K [01;35m[Kwarning: [m[Kunused variable ‘[01m[KgotOdom[m[K’ [[01;35m[K-Wunused-variable[m[K]
[9.937s]   131 |  bool [01;35m[KgotOdom[m[K = false;
[9.937s]       |       [01;35m[K^~~~~~~[m[K
[9.937s] [01m[K/home/aayush/newest_frenet_planner/src/frenet_planner_ported/src/frenet_ros_obst.cpp:165:9:[m[K [01;35m[Kwarning: [m[Kunused variable ‘[01m[Kpltbasetime[m[K’ [[01;35m[K-Wunused-variable[m[K]
[9.937s]   165 |  double [01;35m[Kpltbasetime[m[K = omp_get_wtime();
[9.938s]       |         [01;35m[K^~~~~~~~~~~[m[K
[9.938s] [01m[K/home/aayush/newest_frenet_planner/src/frenet_planner_ported/src/frenet_ros_obst.cpp:167:6:[m[K [01;35m[Kwarning: [m[Kunused variable ‘[01m[Kiteration_count[m[K’ [[01;35m[K-Wunused-variable[m[K]
[9.938s]   167 |  int [01;35m[Kiteration_count[m[K = 1;
[9.938s]       |      [01;35m[K^~~~~~~~~~~~~~~[m[K
[19.395s] make[2]: *** [CMakeFiles/frenet_ros_obst.dir/build.make:63: CMakeFiles/frenet_ros_obst.dir/src/frenet_ros_obst.cpp.o] Error 1
[19.396s] make[1]: *** [CMakeFiles/Makefile2:78: CMakeFiles/frenet_ros_obst.dir/all] Error 2
[19.396s] make: *** [Makefile:141: all] Error 2
[19.400s] Invoked command in '/home/aayush/newest_frenet_planner/build/frenet_planner_ported' returned '2': CMAKE_PREFIX_PATH=${CMAKE_PREFIX_PATH}:/home/aayush/newest_frenet_planner/install/dummy:/opt/ros/foxy /usr/bin/cmake --build /home/aayush/newest_frenet_planner/build/frenet_planner_ported -- -j2 -l2
