[0.901s] Invoking command in '/home/aayush/newest_frenet_planner/src/dummy': PYTHONPATH=/home/aayush/newest_frenet_planner/install/dummy/lib/python3.8/site-packages:${PYTHONPATH} /usr/bin/python3 setup.py egg_info --egg-base ../../build/dummy build --build-base /home/aayush/newest_frenet_planner/build/dummy/build install --prefix /home/aayush/newest_frenet_planner/install/dummy --record /home/aayush/newest_frenet_planner/build/dummy/install.log --single-version-externally-managed
[1.729s] running egg_info
[1.731s] writing ../../build/dummy/dummy.egg-info/PKG-INFO
[1.732s] writing dependency_links to ../../build/dummy/dummy.egg-info/dependency_links.txt
[1.733s] writing entry points to ../../build/dummy/dummy.egg-info/entry_points.txt
[1.734s] writing requirements to ../../build/dummy/dummy.egg-info/requires.txt
[1.735s] writing top-level names to ../../build/dummy/dummy.egg-info/top_level.txt
[1.879s] reading manifest file '../../build/dummy/dummy.egg-info/SOURCES.txt'
[1.882s] writing manifest file '../../build/dummy/dummy.egg-info/SOURCES.txt'
[1.883s] running build
[1.884s] running build_py
[1.885s] running install
[1.887s] running install_lib
[1.894s] running install_data
[1.895s] running install_egg_info
[1.906s] removing '/home/aayush/newest_frenet_planner/install/dummy/lib/python3.8/site-packages/dummy-0.0.0-py3.8.egg-info' (and everything under it)
[1.907s] Copying ../../build/dummy/dummy.egg-info to /home/aayush/newest_frenet_planner/install/dummy/lib/python3.8/site-packages/dummy-0.0.0-py3.8.egg-info
[1.909s] running install_scripts
[2.062s] Installing dum_pub script to /home/aayush/newest_frenet_planner/install/dummy/lib/dummy
[2.063s] writing list of installed files to '/home/aayush/newest_frenet_planner/build/dummy/install.log'
[2.121s] Invoked command in '/home/aayush/newest_frenet_planner/src/dummy' returned '0': PYTHONPATH=/home/aayush/newest_frenet_planner/install/dummy/lib/python3.8/site-packages:${PYTHONPATH} /usr/bin/python3 setup.py egg_info --egg-base ../../build/dummy build --build-base /home/aayush/newest_frenet_planner/build/dummy/build install --prefix /home/aayush/newest_frenet_planner/install/dummy --record /home/aayush/newest_frenet_planner/build/dummy/install.log --single-version-externally-managed
