[0.845s] Invoking command in '/home/aayush/newest_frenet_planner/build/frenet_planner_ported': CMAKE_PREFIX_PATH=${CMAKE_PREFIX_PATH}:/home/aayush/newest_frenet_planner/install/dummy:/opt/ros/foxy /usr/bin/cmake --build /home/aayush/newest_frenet_planner/build/frenet_planner_ported -- -j2 -l2
[0.988s] [35m[1mScanning dependencies of target frenet_ros_obst[0m
[1.238s] [ 20%] [32mBuilding CXX object CMakeFiles/frenet_ros_obst.dir/src/frenet_ros_obst.cpp.o[0m
[6.590s] In file included from [01m[K/home/aayush/newest_frenet_planner/src/frenet_planner_ported/src/../include/frenet_class.hpp:11[m[K,
[6.591s]                  from [01m[K/home/aayush/newest_frenet_planner/src/frenet_planner_ported/src/frenet_ros_obst.cpp:2[m[K:
[6.591s] [01m[K/home/aayush/newest_frenet_planner/src/frenet_planner_ported/./include/matplotlibcpp.hpp:314:36:[m[K [01;35m[Kwarning: [m[Kstatic_assert without a message only available with ‘[01m[K-std=c++17[m[K’ or ‘[01m[K-std=gnu++17[m[K’ [[01;35m[K-Wpedantic[m[K]
[6.591s]   314 | static_assert(sizeof(long long) == [01;35m[K8[m[K);
[6.591s]       |                                    [01;35m[K^[m[K
[6.592s] [01m[K/home/aayush/newest_frenet_planner/src/frenet_planner_ported/./include/matplotlibcpp.hpp:316:45:[m[K [01;35m[Kwarning: [m[Kstatic_assert without a message only available with ‘[01m[K-std=c++17[m[K’ or ‘[01m[K-std=gnu++17[m[K’ [[01;35m[K-Wpedantic[m[K]
[6.592s]   316 | static_assert(sizeof(unsigned long long) == [01;35m[K8[m[K);
[6.592s]       |                                             [01;35m[K^[m[K
[9.506s] In file included from [01m[K/home/aayush/newest_frenet_planner/src/frenet_planner_ported/src/frenet_ros_obst.cpp:2[m[K:
[9.506s] [01m[K/home/aayush/newest_frenet_planner/src/frenet_planner_ported/src/../include/frenet_class.hpp:129:81:[m[K [01;35m[Kwarning: [m[K‘[01m[Kgeometry_msgs::msg::PolygonStamped_<std::allocator<void> >::ConstPtr[m[K’ is deprecated [[01;35m[K-Wdeprecated-declarations[m[K]
[9.507s]   129 | allback(const geometry_msgs::msg::PolygonStamped::ConstPtr p[01;35m[K)[m[K
[9.507s]       |                                                             [01;35m[K^[m[K
[9.507s] 
[9.508s] In file included from [01m[K/opt/ros/foxy/include/geometry_msgs/msg/polygon_stamped.hpp:7[m[K,
[9.508s]                  from [01m[K/home/aayush/newest_frenet_planner/src/frenet_planner_ported/src/../include/parameters.hpp:5[m[K,
[9.508s]                  from [01m[K/home/aayush/newest_frenet_planner/src/frenet_planner_ported/src/frenet_ros_obst.cpp:1[m[K:
[9.508s] [01m[K/opt/ros/foxy/include/geometry_msgs/msg/detail/polygon_stamped__struct.hpp:114:5:[m[K [01;36m[Knote: [m[Kdeclared here
[9.509s]   114 |     [01;36m[KConstPtr[m[K;
[9.509s]       |     [01;36m[K^~~~~~~~[m[K
[9.509s] In file included from [01m[K/home/aayush/newest_frenet_planner/src/frenet_planner_ported/src/frenet_ros_obst.cpp:2[m[K:
[9.509s] [01m[K/home/aayush/newest_frenet_planner/src/frenet_planner_ported/src/../include/frenet_class.hpp:135:67:[m[K [01;35m[Kwarning: [m[K‘[01m[Knav_msgs::msg::Odometry_<std::allocator<void> >::ConstPtr[m[K’ is deprecated [[01;35m[K-Wdeprecated-declarations[m[K]
[9.510s]   135 |     void odom_callback(const nav_msgs::msg::Odometry::ConstPtr msg[01;35m[K)[m[K
[9.510s]       |                                                                   [01;35m[K^[m[K
[9.510s] In file included from [01m[K/opt/ros/foxy/include/nav_msgs/msg/odometry.hpp:7[m[K,
[9.510s]                  from [01m[K/home/aayush/newest_frenet_planner/src/frenet_planner_ported/src/../include/parameters.hpp:3[m[K,
[9.510s]                  from [01m[K/home/aayush/newest_frenet_planner/src/frenet_planner_ported/src/frenet_ros_obst.cpp:1[m[K:
[9.511s] [01m[K/opt/ros/foxy/include/nav_msgs/msg/detail/odometry__struct.hpp:145:5:[m[K [01;36m[Knote: [m[Kdeclared here
[9.511s]   145 |     [01;36m[KConstPtr[m[K;
[9.511s]       |     [01;36m[K^~~~~~~~[m[K
[9.511s] In file included from [01m[K/home/aayush/newest_frenet_planner/src/frenet_planner_ported/src/frenet_ros_obst.cpp:2[m[K:
[9.512s] [01m[K/home/aayush/newest_frenet_planner/src/frenet_planner_ported/src/../include/frenet_class.hpp:139:86:[m[K [01;35m[Kwarning: [m[K‘[01m[Knav_msgs::msg::OccupancyGrid_<std::allocator<void> >::ConstPtr[m[K’ is deprecated [[01;35m[K-Wdeprecated-declarations[m[K]
[9.512s]   139 | (const nav_msgs::msg::OccupancyGrid::ConstPtr occupancy_grid[01;35m[K)[m[K
[9.512s]       |                                                             [01;35m[K^[m[K
[9.512s] 
[9.513s] In file included from [01m[K/opt/ros/foxy/include/nav_msgs/msg/occupancy_grid.hpp:7[m[K,
[9.513s]                  from [01m[K/home/aayush/newest_frenet_planner/src/frenet_planner_ported/src/../include/parameters.hpp:4[m[K,
[9.513s]                  from [01m[K/home/aayush/newest_frenet_planner/src/frenet_planner_ported/src/frenet_ros_obst.cpp:1[m[K:
[9.513s] [01m[K/opt/ros/foxy/include/nav_msgs/msg/detail/occupancy_grid__struct.hpp:123:5:[m[K [01;36m[Knote: [m[Kdeclared here
[9.513s]   123 |     [01;36m[KConstPtr[m[K;
[9.514s]       |     [01;36m[K^~~~~~~~[m[K
[9.642s] In file included from [01m[K/home/aayush/newest_frenet_planner/src/frenet_planner_ported/src/frenet_ros_obst.cpp:2[m[K:
[9.643s] [01m[K/home/aayush/newest_frenet_planner/src/frenet_planner_ported/src/../include/frenet_class.hpp:[m[K In member function ‘[01m[Kvoid FrenetClass::costmap_callback(nav_msgs::msg::OccupancyGrid_<std::allocator<void> >::ConstPtr)[m[K’:
[9.643s] [01m[K/home/aayush/newest_frenet_planner/src/frenet_planner_ported/src/../include/frenet_class.hpp:169:22:[m[K [01;35m[Kwarning: [m[Kcomparison of integer expressions of different signedness: ‘[01m[Klong int[m[K’ and ‘[01m[Kstd::vector<std::pair<double, double> >::size_type[m[K’ {aka ‘[01m[Klong unsigned int[m[K’} [[01;35m[K-Wsign-compare[m[K]
[9.643s]   169 |   for (long i = 0; [01;35m[Ki < ob1.size()[m[K; i++)
[9.644s]       |                    [01;35m[K~~^~~~~~~~~~~~[m[K
[9.644s] [01m[K/home/aayush/newest_frenet_planner/src/frenet_planner_ported/src/../include/frenet_class.hpp:149:13:[m[K [01;35m[Kwarning: [m[Kunused variable ‘[01m[KstartTime1[m[K’ [[01;35m[K-Wunused-variable[m[K]
[9.644s]   149 |      double [01;35m[KstartTime1[m[K = omp_get_wtime();
[9.644s]       |             [01;35m[K^~~~~~~~~~[m[K
[9.648s] In file included from [01m[K/home/aayush/newest_frenet_planner/src/frenet_planner_ported/src/frenet_ros_obst.cpp:3[m[K:
[9.648s] [01m[K/home/aayush/newest_frenet_planner/src/frenet_planner_ported/src/../include/frenet_optimal_trajectory.hpp:[m[K In function ‘[01m[Kstd::ostream& operator<<(std::ostream&, const FrenetPath&)[m[K’:
[9.648s] [01m[K/home/aayush/newest_frenet_planner/src/frenet_planner_ported/src/../include/frenet_optimal_trajectory.hpp:80:20:[m[K [01;35m[Kwarning: [m[Kstatement has no effect [[01;35m[K-Wunused-value[m[K]
[9.649s]    80 | #define trace(...) [01;35m[K42[m[K
[9.649s]       |                    [01;35m[K^~[m[K
[9.649s] [01m[K/home/aayush/newest_frenet_planner/src/frenet_planner_ported/src/../include/frenet_optimal_trajectory.hpp:80:20:[m[K [01;36m[Knote: [m[Kin definition of macro ‘[01m[Ktrace[m[K’
[9.650s]    80 | #define trace(...) [01;36m[K42[m[K
[9.650s]       |                    [01;36m[K^~[m[K
[9.651s] [01m[K/home/aayush/newest_frenet_planner/src/frenet_planner_ported/src/../include/frenet_optimal_trajectory.hpp:80:20:[m[K [01;35m[Kwarning: [m[Kstatement has no effect [[01;35m[K-Wunused-value[m[K]
[9.651s]    80 | #define trace(...) [01;35m[K42[m[K
[9.651s]       |                    [01;35m[K^~[m[K
[9.651s] [01m[K/home/aayush/newest_frenet_planner/src/frenet_planner_ported/src/../include/frenet_optimal_trajectory.hpp:80:20:[m[K [01;36m[Knote: [m[Kin definition of macro ‘[01m[Ktrace[m[K’
[9.651s]    80 | #define trace(...) [01;36m[K42[m[K
[9.651s]       |                    [01;36m[K^~[m[K
[9.652s] [01m[K/home/aayush/newest_frenet_planner/src/frenet_planner_ported/src/../include/frenet_optimal_trajectory.hpp:80:20:[m[K [01;35m[Kwarning: [m[Kstatement has no effect [[01;35m[K-Wunused-value[m[K]
[9.652s]    80 | #define trace(...) [01;35m[K42[m[K
[9.652s]       |                    [01;35m[K^~[m[K
[9.652s] [01m[K/home/aayush/newest_frenet_planner/src/frenet_planner_ported/src/../include/frenet_optimal_trajectory.hpp:80:20:[m[K [01;36m[Knote: [m[Kin definition of macro ‘[01m[Ktrace[m[K’
[9.653s]    80 | #define trace(...) [01;36m[K42[m[K
[9.653s]       |                    [01;36m[K^~[m[K
[9.653s] [01m[K/home/aayush/newest_frenet_planner/src/frenet_planner_ported/src/../include/frenet_optimal_trajectory.hpp:80:20:[m[K [01;35m[Kwarning: [m[Kstatement has no effect [[01;35m[K-Wunused-value[m[K]
[9.653s]    80 | #define trace(...) [01;35m[K42[m[K
[9.654s]       |                    [01;35m[K^~[m[K
[9.654s] [01m[K/home/aayush/newest_frenet_planner/src/frenet_planner_ported/src/../include/frenet_optimal_trajectory.hpp:80:20:[m[K [01;36m[Knote: [m[Kin definition of macro ‘[01m[Ktrace[m[K’
[9.654s]    80 | #define trace(...) [01;36m[K42[m[K
[9.655s]       |                    [01;36m[K^~[m[K
[9.655s] [01m[K/home/aayush/newest_frenet_planner/src/frenet_planner_ported/src/../include/frenet_optimal_trajectory.hpp:80:20:[m[K [01;35m[Kwarning: [m[Kstatement has no effect [[01;35m[K-Wunused-value[m[K]
[9.655s]    80 | #define trace(...) [01;35m[K42[m[K
[9.655s]       |                    [01;35m[K^~[m[K
[9.656s] [01m[K/home/aayush/newest_frenet_planner/src/frenet_planner_ported/src/../include/frenet_optimal_trajectory.hpp:80:20:[m[K [01;36m[Knote: [m[Kin definition of macro ‘[01m[Ktrace[m[K’
[9.656s]    80 | #define trace(...) [01;36m[K42[m[K
[9.656s]       |                    [01;36m[K^~[m[K
[9.656s] [01m[K/home/aayush/newest_frenet_planner/src/frenet_planner_ported/src/../include/frenet_optimal_trajectory.hpp:80:20:[m[K [01;35m[Kwarning: [m[Kstatement has no effect [[01;35m[K-Wunused-value[m[K]
[9.657s]    80 | #define trace(...) [01;35m[K42[m[K
[9.657s]       |                    [01;35m[K^~[m[K
[9.657s] [01m[K/home/aayush/newest_frenet_planner/src/frenet_planner_ported/src/../include/frenet_optimal_trajectory.hpp:80:20:[m[K [01;36m[Knote: [m[Kin definition of macro ‘[01m[Ktrace[m[K’
[9.657s]    80 | #define trace(...) [01;36m[K42[m[K
[9.658s]       |                    [01;36m[K^~[m[K
[9.658s] [01m[K/home/aayush/newest_frenet_planner/src/frenet_planner_ported/src/../include/frenet_optimal_trajectory.hpp:80:20:[m[K [01;35m[Kwarning: [m[Kstatement has no effect [[01;35m[K-Wunused-value[m[K]
[9.658s]    80 | #define trace(...) [01;35m[K42[m[K
[9.659s]       |                    [01;35m[K^~[m[K
[9.659s] [01m[K/home/aayush/newest_frenet_planner/src/frenet_planner_ported/src/../include/frenet_optimal_trajectory.hpp:80:20:[m[K [01;36m[Knote: [m[Kin definition of macro ‘[01m[Ktrace[m[K’
[9.659s]    80 | #define trace(...) [01;36m[K42[m[K
[9.659s]       |                    [01;36m[K^~[m[K
[9.660s] [01m[K/home/aayush/newest_frenet_planner/src/frenet_planner_ported/src/../include/frenet_optimal_trajectory.hpp:80:20:[m[K [01;35m[Kwarning: [m[Kstatement has no effect [[01;35m[K-Wunused-value[m[K]
[9.660s]    80 | #define trace(...) [01;35m[K42[m[K
[9.660s]       |                    [01;35m[K^~[m[K
[9.660s] [01m[K/home/aayush/newest_frenet_planner/src/frenet_planner_ported/src/../include/frenet_optimal_trajectory.hpp:80:20:[m[K [01;36m[Knote: [m[Kin definition of macro ‘[01m[Ktrace[m[K’
[9.661s]    80 | #define trace(...) [01;36m[K42[m[K
[9.661s]       |                    [01;36m[K^~[m[K
[9.661s] [01m[K/home/aayush/newest_frenet_planner/src/frenet_planner_ported/src/../include/frenet_optimal_trajectory.hpp:80:20:[m[K [01;35m[Kwarning: [m[Kstatement has no effect [[01;35m[K-Wunused-value[m[K]
[9.661s]    80 | #define trace(...) [01;35m[K42[m[K
[9.661s]       |                    [01;35m[K^~[m[K
[9.661s] [01m[K/home/aayush/newest_frenet_planner/src/frenet_planner_ported/src/../include/frenet_optimal_trajectory.hpp:80:20:[m[K [01;36m[Knote: [m[Kin definition of macro ‘[01m[Ktrace[m[K’
[9.661s]    80 | #define trace(...) [01;36m[K42[m[K
[9.661s]       |                    [01;36m[K^~[m[K
[9.661s] [01m[K/home/aayush/newest_frenet_planner/src/frenet_planner_ported/src/../include/frenet_optimal_trajectory.hpp:80:20:[m[K [01;35m[Kwarning: [m[Kstatement has no effect [[01;35m[K-Wunused-value[m[K]
[9.661s]    80 | #define trace(...) [01;35m[K42[m[K
[9.662s]       |                    [01;35m[K^~[m[K
[9.662s] [01m[K/home/aayush/newest_frenet_planner/src/frenet_planner_ported/src/../include/frenet_optimal_trajectory.hpp:80:20:[m[K [01;36m[Knote: [m[Kin definition of macro ‘[01m[Ktrace[m[K’
[9.662s]    80 | #define trace(...) [01;36m[K42[m[K
[9.662s]       |                    [01;36m[K^~[m[K
[9.662s] [01m[K/home/aayush/newest_frenet_planner/src/frenet_planner_ported/src/../include/frenet_optimal_trajectory.hpp:80:20:[m[K [01;35m[Kwarning: [m[Kstatement has no effect [[01;35m[K-Wunused-value[m[K]
[9.663s]    80 | #define trace(...) [01;35m[K42[m[K
[9.663s]       |                    [01;35m[K^~[m[K
[9.663s] [01m[K/home/aayush/newest_frenet_planner/src/frenet_planner_ported/src/../include/frenet_optimal_trajectory.hpp:80:20:[m[K [01;36m[Knote: [m[Kin definition of macro ‘[01m[Ktrace[m[K’
[9.665s]    80 | #define trace(...) [01;36m[K42[m[K
[9.665s]       |                    [01;36m[K^~[m[K
[9.666s] [01m[K/home/aayush/newest_frenet_planner/src/frenet_planner_ported/src/../include/frenet_optimal_trajectory.hpp:80:20:[m[K [01;35m[Kwarning: [m[Kstatement has no effect [[01;35m[K-Wunused-value[m[K]
[9.666s]    80 | #define trace(...) [01;35m[K42[m[K
[9.666s]       |                    [01;35m[K^~[m[K
[9.666s] [01m[K/home/aayush/newest_frenet_planner/src/frenet_planner_ported/src/../include/frenet_optimal_trajectory.hpp:80:20:[m[K [01;36m[Knote: [m[Kin definition of macro ‘[01m[Ktrace[m[K’
[9.666s]    80 | #define trace(...) [01;36m[K42[m[K
[9.667s]       |                    [01;36m[K^~[m[K
[9.667s] [01m[K/home/aayush/newest_frenet_planner/src/frenet_planner_ported/src/../include/frenet_optimal_trajectory.hpp:80:20:[m[K [01;35m[Kwarning: [m[Kstatement has no effect [[01;35m[K-Wunused-value[m[K]
[9.667s]    80 | #define trace(...) [01;35m[K42[m[K
[9.668s]       |                    [01;35m[K^~[m[K
[9.668s] [01m[K/home/aayush/newest_frenet_planner/src/frenet_planner_ported/src/../include/frenet_optimal_trajectory.hpp:80:20:[m[K [01;36m[Knote: [m[Kin definition of macro ‘[01m[Ktrace[m[K’
[9.668s]    80 | #define trace(...) [01;36m[K42[m[K
[9.668s]       |                    [01;36m[K^~[m[K
[9.668s] [01m[K/home/aayush/newest_frenet_planner/src/frenet_planner_ported/src/../include/frenet_optimal_trajectory.hpp:81:59:[m[K [01;35m[Kwarning: [m[Kunused parameter ‘[01m[Kfp[m[K’ [[01;35m[K-Wunused-parameter[m[K]
[9.669s]    81 | inline ostream& operator<<(ostream& os, [01;35m[Kconst FrenetPath& fp[m[K)
[9.669s]       |                                         [01;35m[K~~~~~~~~~~~~~~~~~~^~[m[K
[9.669s] [01m[K/home/aayush/newest_frenet_planner/src/frenet_planner_ported/src/frenet_ros_obst.cpp:[m[K In function ‘[01m[Kdouble get_bot_yaw()[m[K’:
[9.669s] [01m[K/home/aayush/newest_frenet_planner/src/frenet_planner_ported/src/../include/frenet_optimal_trajectory.hpp:80:20:[m[K [01;35m[Kwarning: [m[Kstatement has no effect [[01;35m[K-Wunused-value[m[K]
[9.670s]    80 | #define trace(...) [01;35m[K42[m[K
[9.670s]       |                    [01;35m[K^~[m[K
[9.670s] [01m[K/home/aayush/newest_frenet_planner/src/frenet_planner_ported/src/../include/frenet_optimal_trajectory.hpp:80:20:[m[K [01;36m[Knote: [m[Kin definition of macro ‘[01m[Ktrace[m[K’
[9.670s]    80 | #define trace(...) [01;36m[K42[m[K
[9.670s]       |                    [01;36m[K^~[m[K
[9.671s] [01m[K/home/aayush/newest_frenet_planner/src/frenet_planner_ported/src/frenet_ros_obst.cpp:[m[K In function ‘[01m[Kvoid initial_conditions_path(Spline2D&, double&, double&, double&, double&, double&, double&, FrenetPath&)[m[K’:
[9.671s] [01m[K/home/aayush/newest_frenet_planner/src/frenet_planner_ported/src/frenet_ros_obst.cpp:56:40:[m[K [01;35m[Kwarning: [m[Kunused parameter ‘[01m[Kcsp[m[K’ [[01;35m[K-Wunused-parameter[m[K]
[9.671s]    56 | void initial_conditions_path([01;35m[KSpline2D &csp[m[K, double &s0, double &c_speed, double &c_d, double &c_d_d,
[9.671s]       |                              [01;35m[K~~~~~~~~~~^~~[m[K
[9.672s] In file included from [01m[K/home/aayush/newest_frenet_planner/src/frenet_planner_ported/src/frenet_ros_obst.cpp:3[m[K:
[9.672s] [01m[K/home/aayush/newest_frenet_planner/src/frenet_planner_ported/src/frenet_ros_obst.cpp:[m[K In function ‘[01m[Kint initial_conditions_new(Spline2D&, vecD&, vecD&, vecD&, vecD&, vecD&, double&, double&, double&, double&, double&, double&, FrenetPath&)[m[K’:
[9.672s] [01m[K/home/aayush/newest_frenet_planner/src/frenet_planner_ported/src/../include/frenet_optimal_trajectory.hpp:80:20:[m[K [01;35m[Kwarning: [m[Kstatement has no effect [[01;35m[K-Wunused-value[m[K]
[9.672s]    80 | #define trace(...) [01;35m[K42[m[K
[9.673s]       |                    [01;35m[K^~[m[K
[9.673s] [01m[K/home/aayush/newest_frenet_planner/src/frenet_planner_ported/src/../include/frenet_optimal_trajectory.hpp:80:20:[m[K [01;36m[Knote: [m[Kin definition of macro ‘[01m[Ktrace[m[K’
[9.673s]    80 | #define trace(...) [01;36m[K42[m[K
[9.673s]       |                    [01;36m[K^~[m[K
[9.673s] [01m[K/home/aayush/newest_frenet_planner/src/frenet_planner_ported/src/../include/frenet_optimal_trajectory.hpp:80:20:[m[K [01;35m[Kwarning: [m[Kstatement has no effect [[01;35m[K-Wunused-value[m[K]
[9.674s]    80 | #define trace(...) [01;35m[K42[m[K
[9.674s]       |                    [01;35m[K^~[m[K
[9.674s] [01m[K/home/aayush/newest_frenet_planner/src/frenet_planner_ported/src/../include/frenet_optimal_trajectory.hpp:80:20:[m[K [01;36m[Knote: [m[Kin definition of macro ‘[01m[Ktrace[m[K’
[9.674s]    80 | #define trace(...) [01;36m[K42[m[K
[9.674s]       |                    [01;36m[K^~[m[K
[9.675s] [01m[K/home/aayush/newest_frenet_planner/src/frenet_planner_ported/src/frenet_ros_obst.cpp:72:38:[m[K [01;35m[Kwarning: [m[Kunused parameter ‘[01m[Kcsp[m[K’ [[01;35m[K-Wunused-parameter[m[K]
[9.675s]    72 | int initial_conditions_new([01;35m[KSpline2D &csp[m[K, vecD &global_s, vecD &global_x, vecD &global_y,
[9.675s]       |                            [01;35m[K~~~~~~~~~~^~~[m[K
[9.693s] In file included from [01m[K/home/aayush/newest_frenet_planner/src/frenet_planner_ported/src/frenet_ros_obst.cpp:3[m[K:
[9.694s] [01m[K/home/aayush/newest_frenet_planner/src/frenet_planner_ported/src/frenet_ros_obst.cpp:[m[K In function ‘[01m[Kint main(int, char**)[m[K’:
[9.694s] [01m[K/home/aayush/newest_frenet_planner/src/frenet_planner_ported/src/../include/frenet_optimal_trajectory.hpp:80:20:[m[K [01;35m[Kwarning: [m[Kstatement has no effect [[01;35m[K-Wunused-value[m[K]
[9.694s]    80 | #define trace(...) [01;35m[K42[m[K
[9.694s]       |                    [01;35m[K^~[m[K
[9.694s] [01m[K/home/aayush/newest_frenet_planner/src/frenet_planner_ported/src/../include/frenet_optimal_trajectory.hpp:80:20:[m[K [01;36m[Knote: [m[Kin definition of macro ‘[01m[Ktrace[m[K’
[9.695s]    80 | #define trace(...) [01;36m[K42[m[K
[9.695s]       |                    [01;36m[K^~[m[K
[9.757s] [01m[K/home/aayush/newest_frenet_planner/src/frenet_planner_ported/src/frenet_ros_obst.cpp:175:10:[m[K [01;35m[Kwarning: [m[Kunused variable ‘[01m[KstartTime1[m[K’ [[01;35m[K-Wunused-variable[m[K]
[9.757s]   175 |   double [01;35m[KstartTime1[m[K = omp_get_wtime();
[9.757s]       |          [01;35m[K^~~~~~~~~~[m[K
[9.757s] [01m[K/home/aayush/newest_frenet_planner/src/frenet_planner_ported/src/frenet_ros_obst.cpp:189:10:[m[K [01;35m[Kwarning: [m[Kunused variable ‘[01m[KendTime1[m[K’ [[01;35m[K-Wunused-variable[m[K]
[9.758s]   189 |   double [01;35m[KendTime1[m[K = omp_get_wtime();
[9.758s]       |          [01;35m[K^~~~~~~~[m[K
[9.758s] [01m[K/home/aayush/newest_frenet_planner/src/frenet_planner_ported/src/frenet_ros_obst.cpp:261:10:[m[K [01;35m[Kwarning: [m[Kunused variable ‘[01m[KstartTime3[m[K’ [[01;35m[K-Wunused-variable[m[K]
[9.758s]   261 |   double [01;35m[KstartTime3[m[K = omp_get_wtime();
[9.758s]       |          [01;35m[K^~~~~~~~~~[m[K
[9.758s] [01m[K/home/aayush/newest_frenet_planner/src/frenet_planner_ported/src/frenet_ros_obst.cpp:263:10:[m[K [01;35m[Kwarning: [m[Kunused variable ‘[01m[KendTime3[m[K’ [[01;35m[K-Wunused-variable[m[K]
[9.758s]   263 |   double [01;35m[KendTime3[m[K = omp_get_wtime();
[9.759s]       |          [01;35m[K^~~~~~~~[m[K
[9.759s] [01m[K/home/aayush/newest_frenet_planner/src/frenet_planner_ported/src/frenet_ros_obst.cpp:131:7:[m[K [01;35m[Kwarning: [m[Kunused variable ‘[01m[KgotOdom[m[K’ [[01;35m[K-Wunused-variable[m[K]
[9.759s]   131 |  bool [01;35m[KgotOdom[m[K = false;
[9.759s]       |       [01;35m[K^~~~~~~[m[K
[9.759s] [01m[K/home/aayush/newest_frenet_planner/src/frenet_planner_ported/src/frenet_ros_obst.cpp:165:9:[m[K [01;35m[Kwarning: [m[Kunused variable ‘[01m[Kpltbasetime[m[K’ [[01;35m[K-Wunused-variable[m[K]
[9.760s]   165 |  double [01;35m[Kpltbasetime[m[K = omp_get_wtime();
[9.760s]       |         [01;35m[K^~~~~~~~~~~[m[K
[9.760s] [01m[K/home/aayush/newest_frenet_planner/src/frenet_planner_ported/src/frenet_ros_obst.cpp:167:6:[m[K [01;35m[Kwarning: [m[Kunused variable ‘[01m[Kiteration_count[m[K’ [[01;35m[K-Wunused-variable[m[K]
[9.760s]   167 |  int [01;35m[Kiteration_count[m[K = 1;
[9.760s]       |      [01;35m[K^~~~~~~~~~~~~~~[m[K
[35.700s] [ 40%] [32m[1mLinking CXX executable frenet_ros_obst[0m
[37.647s] /usr/bin/ld: CMakeFiles/frenet_ros_obst.dir/src/frenet_planner.cpp.o:(.bss+0x0): multiple definition of `cost_count'; CMakeFiles/frenet_ros_obst.dir/src/frenet_ros_obst.cpp.o:(.bss+0x0): first defined here
[37.647s] /usr/bin/ld: CMakeFiles/frenet_ros_obst.dir/src/frenet_ros_obst.cpp.o: in function `find_nearest_in_global_path(std::vector<double, std::allocator<double> >&, std::vector<double, std::allocator<double> >&, double&, double&, double&, int&, int, FrenetPath&)':
[37.648s] frenet_ros_obst.cpp:(.text+0x45b): undefined reference to `odom'
[37.648s] /usr/bin/ld: frenet_ros_obst.cpp:(.text+0x468): undefined reference to `odom'
[37.649s] /usr/bin/ld: CMakeFiles/frenet_ros_obst.dir/src/frenet_ros_obst.cpp.o: in function `initial_conditions_new(Spline2D&, std::vector<double, std::allocator<double> >&, std::vector<double, std::allocator<double> >&, std::vector<double, std::allocator<double> >&, std::vector<double, std::allocator<double> >&, std::vector<double, std::allocator<double> >&, double&, double&, double&, double&, double&, double&, FrenetPath&)':
[37.649s] frenet_ros_obst.cpp:(.text+0x8e3): undefined reference to `odom'
[37.649s] /usr/bin/ld: frenet_ros_obst.cpp:(.text+0x8f0): undefined reference to `odom'
[37.649s] /usr/bin/ld: frenet_ros_obst.cpp:(.text+0x984): undefined reference to `odom'
[37.649s] /usr/bin/ld: CMakeFiles/frenet_ros_obst.dir/src/frenet_ros_obst.cpp.o:frenet_ros_obst.cpp:(.text+0x9c5): more undefined references to `odom' follow
[37.650s] /usr/bin/ld: CMakeFiles/frenet_ros_obst.dir/src/frenet_ros_obst.cpp.o: in function `main':
[37.650s] frenet_ros_obst.cpp:(.text+0x11a9): undefined reference to `W_X'
[37.650s] /usr/bin/ld: frenet_ros_obst.cpp:(.text+0x11cd): undefined reference to `W_Y'
[37.650s] /usr/bin/ld: frenet_ros_obst.cpp:(.text+0x11f1): undefined reference to `TARGET_SPEED'
[37.650s] /usr/bin/ld: frenet_ros_obst.cpp:(.text+0x13d8): undefined reference to `W_Y'
[37.651s] /usr/bin/ld: frenet_ros_obst.cpp:(.text+0x13ee): undefined reference to `W_X'
[37.651s] /usr/bin/ld: frenet_ros_obst.cpp:(.text+0x164f): undefined reference to `s_dest'
[37.651s] /usr/bin/ld: frenet_ros_obst.cpp:(.text+0x18d2): undefined reference to `s_dest'
[37.651s] /usr/bin/ld: frenet_ros_obst.cpp:(.text+0x18fc): undefined reference to `STOP_CAR'
[37.651s] /usr/bin/ld: frenet_ros_obst.cpp:(.text+0x1909): undefined reference to `TARGET_SPEED'
[37.652s] /usr/bin/ld: frenet_ros_obst.cpp:(.text+0x1911): undefined reference to `STOP_CAR'
[37.652s] /usr/bin/ld: frenet_ros_obst.cpp:(.text+0x1922): undefined reference to `s_dest'
[37.653s] /usr/bin/ld: frenet_ros_obst.cpp:(.text+0x1dfe): undefined reference to `ob_y'
[37.653s] /usr/bin/ld: frenet_ros_obst.cpp:(.text+0x1e05): undefined reference to `ob_x'
[37.653s] /usr/bin/ld: frenet_ros_obst.cpp:(.text+0x20b4): undefined reference to `STOP_CAR'
[37.654s] /usr/bin/ld: frenet_ros_obst.cpp:(.text+0x22ca): undefined reference to `STOP_CAR'
[37.654s] /usr/bin/ld: CMakeFiles/frenet_ros_obst.dir/src/frenet_ros_obst.cpp.o: in function `FrenetClass::FrenetClass()':
[37.655s] frenet_ros_obst.cpp:(.text._ZN11FrenetClassC2Ev[_ZN11FrenetClassC5Ev]+0x930): undefined reference to `KJ'
[37.655s] /usr/bin/ld: frenet_ros_obst.cpp:(.text._ZN11FrenetClassC2Ev[_ZN11FrenetClassC5Ev]+0xa40): undefined reference to `KT'
[37.656s] /usr/bin/ld: frenet_ros_obst.cpp:(.text._ZN11FrenetClassC2Ev[_ZN11FrenetClassC5Ev]+0xb50): undefined reference to `KD'
[37.656s] /usr/bin/ld: frenet_ros_obst.cpp:(.text._ZN11FrenetClassC2Ev[_ZN11FrenetClassC5Ev]+0xc60): undefined reference to `KD_V'
[37.656s] /usr/bin/ld: frenet_ros_obst.cpp:(.text._ZN11FrenetClassC2Ev[_ZN11FrenetClassC5Ev]+0xd70): undefined reference to `KLAT'
[37.656s] /usr/bin/ld: frenet_ros_obst.cpp:(.text._ZN11FrenetClassC2Ev[_ZN11FrenetClassC5Ev]+0xe80): undefined reference to `KLON'
[37.656s] /usr/bin/ld: frenet_ros_obst.cpp:(.text._ZN11FrenetClassC2Ev[_ZN11FrenetClassC5Ev]+0xf90): undefined reference to `MAX_SPEED'
[37.657s] /usr/bin/ld: frenet_ros_obst.cpp:(.text._ZN11FrenetClassC2Ev[_ZN11FrenetClassC5Ev]+0x10a0): undefined reference to `MAX_ACCEL'
[37.657s] /usr/bin/ld: frenet_ros_obst.cpp:(.text._ZN11FrenetClassC2Ev[_ZN11FrenetClassC5Ev]+0x11b0): undefined reference to `MAX_CURVATURE'
[37.657s] /usr/bin/ld: frenet_ros_obst.cpp:(.text._ZN11FrenetClassC2Ev[_ZN11FrenetClassC5Ev]+0x12c0): undefined reference to `D_ROAD_W'
[37.659s] /usr/bin/ld: frenet_ros_obst.cpp:(.text._ZN11FrenetClassC2Ev[_ZN11FrenetClassC5Ev]+0x13d0): undefined reference to `DT'
[37.662s] /usr/bin/ld: frenet_ros_obst.cpp:(.text._ZN11FrenetClassC2Ev[_ZN11FrenetClassC5Ev]+0x14e0): undefined reference to `MAXT'
[37.663s] /usr/bin/ld: frenet_ros_obst.cpp:(.text._ZN11FrenetClassC2Ev[_ZN11FrenetClassC5Ev]+0x15f0): undefined reference to `MINT'
[37.663s] /usr/bin/ld: frenet_ros_obst.cpp:(.text._ZN11FrenetClassC2Ev[_ZN11FrenetClassC5Ev]+0x1700): undefined reference to `TARGET_SPEED'
[37.663s] /usr/bin/ld: frenet_ros_obst.cpp:(.text._ZN11FrenetClassC2Ev[_ZN11FrenetClassC5Ev]+0x1810): undefined reference to `D_T_S'
[37.663s] /usr/bin/ld: frenet_ros_obst.cpp:(.text._ZN11FrenetClassC2Ev[_ZN11FrenetClassC5Ev]+0x1920): undefined reference to `N_S_SAMPLE'
[37.669s] /usr/bin/ld: frenet_ros_obst.cpp:(.text._ZN11FrenetClassC2Ev[_ZN11FrenetClassC5Ev]+0x1a30): undefined reference to `ROBOT_RADIUS'
[37.669s] /usr/bin/ld: frenet_ros_obst.cpp:(.text._ZN11FrenetClassC2Ev[_ZN11FrenetClassC5Ev]+0x1b40): undefined reference to `MIN_LAT_VEL'
[37.669s] /usr/bin/ld: frenet_ros_obst.cpp:(.text._ZN11FrenetClassC2Ev[_ZN11FrenetClassC5Ev]+0x1c50): undefined reference to `D_D_NS'
[37.669s] /usr/bin/ld: frenet_ros_obst.cpp:(.text._ZN11FrenetClassC2Ev[_ZN11FrenetClassC5Ev]+0x1d60): undefined reference to `MAX_SHIFT_D'
[37.670s] /usr/bin/ld: CMakeFiles/frenet_ros_obst.dir/src/frenet_ros_obst.cpp.o: in function `FrenetClass::footprint_callback(std::shared_ptr<geometry_msgs::msg::PolygonStamped_<std::allocator<void> > const>)':
[37.670s] frenet_ros_obst.cpp:(.text._ZN11FrenetClass18footprint_callbackESt10shared_ptrIKN13geometry_msgs3msg15PolygonStamped_ISaIvEEEE[_ZN11FrenetClass18footprint_callbackESt10shared_ptrIKN13geometry_msgs3msg15PolygonStamped_ISaIvEEEE]+0x26): undefined reference to `footprint'
[37.670s] /usr/bin/ld: CMakeFiles/frenet_ros_obst.dir/src/frenet_ros_obst.cpp.o: in function `FrenetClass::odom_callback(std::shared_ptr<nav_msgs::msg::Odometry_<std::allocator<void> > const>)':
[37.670s] frenet_ros_obst.cpp:(.text._ZN11FrenetClass13odom_callbackESt10shared_ptrIKN8nav_msgs3msg9Odometry_ISaIvEEEE[_ZN11FrenetClass13odom_callbackESt10shared_ptrIKN8nav_msgs3msg9Odometry_ISaIvEEEE]+0x26): undefined reference to `odom'
[37.671s] /usr/bin/ld: CMakeFiles/frenet_ros_obst.dir/src/frenet_ros_obst.cpp.o: in function `FrenetClass::costmap_callback(std::shared_ptr<nav_msgs::msg::OccupancyGrid_<std::allocator<void> > const>)':
[37.671s] frenet_ros_obst.cpp:(.text._ZN11FrenetClass16costmap_callbackESt10shared_ptrIKN8nav_msgs3msg14OccupancyGrid_ISaIvEEEE[_ZN11FrenetClass16costmap_callbackESt10shared_ptrIKN8nav_msgs3msg14OccupancyGrid_ISaIvEEEE]+0x51): undefined reference to `cmap'
[37.671s] /usr/bin/ld: frenet_ros_obst.cpp:(.text._ZN11FrenetClass16costmap_callbackESt10shared_ptrIKN8nav_msgs3msg14OccupancyGrid_ISaIvEEEE[_ZN11FrenetClass16costmap_callbackESt10shared_ptrIKN8nav_msgs3msg14OccupancyGrid_ISaIvEEEE]+0x5d): undefined reference to `ob_x'
[37.671s] /usr/bin/ld: frenet_ros_obst.cpp:(.text._ZN11FrenetClass16costmap_callbackESt10shared_ptrIKN8nav_msgs3msg14OccupancyGrid_ISaIvEEEE[_ZN11FrenetClass16costmap_callbackESt10shared_ptrIKN8nav_msgs3msg14OccupancyGrid_ISaIvEEEE]+0x69): undefined reference to `ob_y'
[37.672s] /usr/bin/ld: frenet_ros_obst.cpp:(.text._ZN11FrenetClass16costmap_callbackESt10shared_ptrIKN8nav_msgs3msg14OccupancyGrid_ISaIvEEEE[_ZN11FrenetClass16costmap_callbackESt10shared_ptrIKN8nav_msgs3msg14OccupancyGrid_ISaIvEEEE]+0x155): undefined reference to `ob_x'
[37.672s] /usr/bin/ld: frenet_ros_obst.cpp:(.text._ZN11FrenetClass16costmap_callbackESt10shared_ptrIKN8nav_msgs3msg14OccupancyGrid_ISaIvEEEE[_ZN11FrenetClass16costmap_callbackESt10shared_ptrIKN8nav_msgs3msg14OccupancyGrid_ISaIvEEEE]+0x173): undefined reference to `ob_y'
[37.672s] /usr/bin/ld: frenet_ros_obst.cpp:(.text._ZN11FrenetClass16costmap_callbackESt10shared_ptrIKN8nav_msgs3msg14OccupancyGrid_ISaIvEEEE[_ZN11FrenetClass16costmap_callbackESt10shared_ptrIKN8nav_msgs3msg14OccupancyGrid_ISaIvEEEE]+0x1d4): undefined reference to `ob_x'
[37.672s] /usr/bin/ld: frenet_ros_obst.cpp:(.text._ZN11FrenetClass16costmap_callbackESt10shared_ptrIKN8nav_msgs3msg14OccupancyGrid_ISaIvEEEE[_ZN11FrenetClass16costmap_callbackESt10shared_ptrIKN8nav_msgs3msg14OccupancyGrid_ISaIvEEEE]+0x20e): undefined reference to `ob_y'
[37.673s] /usr/bin/ld: CMakeFiles/frenet_ros_obst.dir/src/frenet_ros_obst.cpp.o: in function `get_bot_yaw()':
[37.673s] frenet_ros_obst.cpp:(.text._Z11get_bot_yawv[_Z11get_bot_yawv]+0x21): undefined reference to `odom'
[37.673s] /usr/bin/ld: frenet_ros_obst.cpp:(.text._Z11get_bot_yawv[_Z11get_bot_yawv]+0x28): undefined reference to `odom'
[37.673s] /usr/bin/ld: frenet_ros_obst.cpp:(.text._Z11get_bot_yawv[_Z11get_bot_yawv]+0x3d): undefined reference to `odom'
[37.674s] /usr/bin/ld: frenet_ros_obst.cpp:(.text._Z11get_bot_yawv[_Z11get_bot_yawv]+0x44): undefined reference to `odom'
[37.674s] /usr/bin/ld: frenet_ros_obst.cpp:(.text._Z11get_bot_yawv[_Z11get_bot_yawv]+0x59): undefined reference to `odom'
[37.674s] /usr/bin/ld: CMakeFiles/frenet_ros_obst.dir/src/frenet_ros_obst.cpp.o:frenet_ros_obst.cpp:(.text._Z11get_bot_yawv[_Z11get_bot_yawv]+0x60): more undefined references to `odom' follow
[37.674s] /usr/bin/ld: CMakeFiles/frenet_ros_obst.dir/src/frenet_planner.cpp.o: in function `FrenetPath::calc_lat_paths(double, double, double, double, double, double)':
[37.675s] frenet_planner.cpp:(.text+0x2ea): undefined reference to `DT'
[37.675s] /usr/bin/ld: frenet_planner.cpp:(.text+0x42f): undefined reference to `DT'
[37.675s] /usr/bin/ld: frenet_planner.cpp:(.text+0x476): undefined reference to `DT'
[37.675s] /usr/bin/ld: frenet_planner.cpp:(.text+0x4cf): undefined reference to `DT'
[37.677s] /usr/bin/ld: frenet_planner.cpp:(.text+0x528): undefined reference to `DT'
[37.678s] /usr/bin/ld: CMakeFiles/frenet_ros_obst.dir/src/frenet_planner.cpp.o:frenet_planner.cpp:(.text+0x581): more undefined references to `DT' follow
[37.681s] /usr/bin/ld: CMakeFiles/frenet_ros_obst.dir/src/frenet_planner.cpp.o: in function `FrenetPath::calc_lon_paths(double, double, double, double)':
[37.683s] frenet_planner.cpp:(.text+0x924): undefined reference to `TARGET_SPEED'
[37.684s] /usr/bin/ld: frenet_planner.cpp:(.text+0x97f): undefined reference to `KJ'
[37.688s] /usr/bin/ld: frenet_planner.cpp:(.text+0x98b): undefined reference to `KT'
[37.688s] /usr/bin/ld: frenet_planner.cpp:(.text+0x9be): undefined reference to `KD'
[37.688s] /usr/bin/ld: frenet_planner.cpp:(.text+0xa1b): undefined reference to `KJ'
[37.688s] /usr/bin/ld: frenet_planner.cpp:(.text+0xa27): undefined reference to `KT'
[37.688s] /usr/bin/ld: frenet_planner.cpp:(.text+0xa3b): undefined reference to `KD_V'
[37.689s] /usr/bin/ld: frenet_planner.cpp:(.text+0xa6a): undefined reference to `KLAT'
[37.689s] /usr/bin/ld: frenet_planner.cpp:(.text+0xa85): undefined reference to `KLON'
[37.689s] /usr/bin/ld: CMakeFiles/frenet_ros_obst.dir/src/frenet_planner.cpp.o: in function `FrenetPath::calc_lon_paths_quintic_poly(double, double, double, double, double)':
[37.689s] frenet_planner.cpp:(.text+0xdd0): undefined reference to `STOP_CAR'
[37.689s] /usr/bin/ld: frenet_planner.cpp:(.text+0x1037): undefined reference to `TARGET_SPEED'
[37.690s] /usr/bin/ld: frenet_planner.cpp:(.text+0x1085): undefined reference to `STOP_CAR'
[37.692s] /usr/bin/ld: frenet_planner.cpp:(.text+0x111f): undefined reference to `KJ'
[37.692s] /usr/bin/ld: frenet_planner.cpp:(.text+0x112b): undefined reference to `KT'
[37.692s] /usr/bin/ld: frenet_planner.cpp:(.text+0x115e): undefined reference to `KD'
[37.692s] /usr/bin/ld: frenet_planner.cpp:(.text+0x11bb): undefined reference to `KJ'
[37.693s] /usr/bin/ld: frenet_planner.cpp:(.text+0x11c7): undefined reference to `KT'
[37.693s] /usr/bin/ld: frenet_planner.cpp:(.text+0x11db): undefined reference to `KD_V'
[37.693s] /usr/bin/ld: frenet_planner.cpp:(.text+0x120d): undefined reference to `KLAT'
[37.693s] /usr/bin/ld: frenet_planner.cpp:(.text+0x1228): undefined reference to `KLON'
[37.694s] /usr/bin/ld: CMakeFiles/frenet_ros_obst.dir/src/frenet_planner.cpp.o: in function `get_limits_d(FrenetPath, double*, double*)':
[37.694s] frenet_planner.cpp:(.text+0x12c8): undefined reference to `MAX_SHIFT_D'
[37.694s] /usr/bin/ld: frenet_planner.cpp:(.text+0x12ec): undefined reference to `MAX_SHIFT_D'
[37.695s] /usr/bin/ld: frenet_planner.cpp:(.text+0x12f8): undefined reference to `D_ROAD_W'
[37.695s] /usr/bin/ld: CMakeFiles/frenet_ros_obst.dir/src/frenet_planner.cpp.o: in function `calc_frenet_paths(double, double, double, double, double, FrenetPath)':
[37.696s] frenet_planner.cpp:(.text+0x1393): undefined reference to `MAX_ROAD_WIDTH'
[37.696s] /usr/bin/ld: frenet_planner.cpp:(.text+0x13af): undefined reference to `MAX_ROAD_WIDTH'
[37.696s] /usr/bin/ld: frenet_planner.cpp:(.text+0x13b7): undefined reference to `D_ROAD_W'
[37.697s] /usr/bin/ld: frenet_planner.cpp:(.text+0x1412): undefined reference to `STOP_CAR'
[37.697s] /usr/bin/ld: CMakeFiles/frenet_ros_obst.dir/src/frenet_planner.cpp.o: in function `point_obcheck(geometry_msgs::msg::Point32_<std::allocator<void> >, double)':
[37.697s] frenet_planner.cpp:(.text+0x2060): undefined reference to `ob_x'
[37.697s] /usr/bin/ld: frenet_planner.cpp:(.text+0x206f): undefined reference to `ob_x'
[37.698s] /usr/bin/ld: frenet_planner.cpp:(.text+0x2094): undefined reference to `ob_x'
[37.698s] /usr/bin/ld: frenet_planner.cpp:(.text+0x20b4): undefined reference to `ob_x'
[37.698s] /usr/bin/ld: frenet_planner.cpp:(.text+0x20db): undefined reference to `ob_x'
[37.698s] /usr/bin/ld: CMakeFiles/frenet_ros_obst.dir/src/frenet_planner.cpp.o:frenet_planner.cpp:(.text+0x210c): more undefined references to `ob_x' follow
[37.699s] /usr/bin/ld: CMakeFiles/frenet_ros_obst.dir/src/frenet_planner.cpp.o: in function `point_obcheck(geometry_msgs::msg::Point32_<std::allocator<void> >, double)':
[37.699s] frenet_planner.cpp:(.text+0x21df): undefined reference to `ob_y'
[37.699s] /usr/bin/ld: frenet_planner.cpp:(.text+0x21fc): undefined reference to `ob_x'
[37.699s] /usr/bin/ld: frenet_planner.cpp:(.text+0x2239): undefined reference to `ob_y'
[37.700s] /usr/bin/ld: frenet_planner.cpp:(.text+0x2256): undefined reference to `ob_x'
[37.700s] /usr/bin/ld: frenet_planner.cpp:(.text+0x22bc): undefined reference to `ob_y'
[37.700s] /usr/bin/ld: frenet_planner.cpp:(.text+0x22cb): undefined reference to `ob_y'
[37.700s] /usr/bin/ld: frenet_planner.cpp:(.text+0x22f4): undefined reference to `ob_y'
[37.701s] /usr/bin/ld: frenet_planner.cpp:(.text+0x231b): undefined reference to `ob_y'
[37.701s] /usr/bin/ld: frenet_planner.cpp:(.text+0x234c): undefined reference to `ob_y'
[37.701s] /usr/bin/ld: CMakeFiles/frenet_ros_obst.dir/src/frenet_planner.cpp.o:frenet_planner.cpp:(.text+0x2373): more undefined references to `ob_y' follow
[37.702s] /usr/bin/ld: CMakeFiles/frenet_ros_obst.dir/src/frenet_planner.cpp.o: in function `point_obcheck(geometry_msgs::msg::Point32_<std::allocator<void> >, double)':
[37.702s] frenet_planner.cpp:(.text+0x243c): undefined reference to `ob_x'
[37.702s] /usr/bin/ld: frenet_planner.cpp:(.text+0x2479): undefined reference to `ob_y'
[37.702s] /usr/bin/ld: frenet_planner.cpp:(.text+0x2496): undefined reference to `ob_x'
[37.703s] /usr/bin/ld: CMakeFiles/frenet_ros_obst.dir/src/frenet_planner.cpp.o: in function `FrenetPath::check_collision(double)':
[37.704s] frenet_planner.cpp:(.text+0x2638): undefined reference to `footprint'
[37.704s] /usr/bin/ld: frenet_planner.cpp:(.text+0x2652): undefined reference to `odom'
[37.704s] /usr/bin/ld: frenet_planner.cpp:(.text+0x2658): undefined reference to `odom'
[37.704s] /usr/bin/ld: frenet_planner.cpp:(.text+0x265e): undefined reference to `odom'
[37.705s] /usr/bin/ld: frenet_planner.cpp:(.text+0x2664): undefined reference to `odom'
[37.705s] /usr/bin/ld: frenet_planner.cpp:(.text+0x266a): undefined reference to `odom'
[37.705s] /usr/bin/ld: CMakeFiles/frenet_ros_obst.dir/src/frenet_planner.cpp.o:frenet_planner.cpp:(.text+0x2670): more undefined references to `odom' follow
[37.705s] /usr/bin/ld: CMakeFiles/frenet_ros_obst.dir/src/frenet_planner.cpp.o: in function `calc_frenet_paths(double, double, double, double, double, FrenetPath) [clone ._omp_fn.0]':
[37.706s] frenet_planner.cpp:(.text+0x310b): undefined reference to `D_ROAD_W'
[37.706s] /usr/bin/ld: frenet_planner.cpp:(.text+0x312b): undefined reference to `D_ROAD_W'
[37.706s] /usr/bin/ld: frenet_planner.cpp:(.text+0x313b): undefined reference to `MAXT'
[37.706s] /usr/bin/ld: frenet_planner.cpp:(.text+0x3143): undefined reference to `DT'
[37.709s] /usr/bin/ld: frenet_planner.cpp:(.text+0x314f): undefined reference to `DT'
[37.710s] /usr/bin/ld: frenet_planner.cpp:(.text+0x3200): undefined reference to `D_ROAD_W'
[37.710s] /usr/bin/ld: frenet_planner.cpp:(.text+0x321c): undefined reference to `D_T_S'
[37.710s] /usr/bin/ld: frenet_planner.cpp:(.text+0x324e): undefined reference to `TARGET_SPEED'
[37.710s] /usr/bin/ld: frenet_planner.cpp:(.text+0x3330): undefined reference to `TARGET_SPEED'
[37.711s] /usr/bin/ld: CMakeFiles/frenet_ros_obst.dir/src/frenet_planner.cpp.o: in function `calc_frenet_paths(double, double, double, double, double, FrenetPath) [clone ._omp_fn.1]':
[37.711s] frenet_planner.cpp:(.text+0x34d8): undefined reference to `D_ROAD_W'
[37.711s] /usr/bin/ld: frenet_planner.cpp:(.text+0x34fd): undefined reference to `D_ROAD_W'
[37.711s] /usr/bin/ld: frenet_planner.cpp:(.text+0x350d): undefined reference to `MINT'
[37.712s] /usr/bin/ld: frenet_planner.cpp:(.text+0x3515): undefined reference to `DT'
[37.712s] /usr/bin/ld: frenet_planner.cpp:(.text+0x3526): undefined reference to `MAXT'
[37.712s] /usr/bin/ld: frenet_planner.cpp:(.text+0x352e): undefined reference to `DT'
[37.712s] /usr/bin/ld: frenet_planner.cpp:(.text+0x353a): undefined reference to `DT'
[37.713s] /usr/bin/ld: frenet_planner.cpp:(.text+0x354b): undefined reference to `MAX_LAT_VEL'
[37.713s] /usr/bin/ld: frenet_planner.cpp:(.text+0x355f): undefined reference to `D_D_NS'
[37.713s] /usr/bin/ld: frenet_planner.cpp:(.text+0x3570): undefined reference to `MAX_LAT_VEL'
[37.713s] /usr/bin/ld: frenet_planner.cpp:(.text+0x3578): undefined reference to `D_D_NS'
[37.714s] /usr/bin/ld: frenet_planner.cpp:(.text+0x3584): undefined reference to `D_D_NS'
[37.714s] /usr/bin/ld: frenet_planner.cpp:(.text+0x3690): undefined reference to `D_ROAD_W'
[37.714s] /usr/bin/ld: frenet_planner.cpp:(.text+0x36ac): undefined reference to `DT'
[37.715s] /usr/bin/ld: frenet_planner.cpp:(.text+0x36c8): undefined reference to `D_D_NS'
[37.715s] /usr/bin/ld: frenet_planner.cpp:(.text+0x37d3): undefined reference to `TARGET_SPEED'
[37.715s] /usr/bin/ld: frenet_planner.cpp:(.text+0x37db): undefined reference to `D_T_S'
[37.715s] /usr/bin/ld: frenet_planner.cpp:(.text+0x37e3): undefined reference to `N_S_SAMPLE'
[37.715s] /usr/bin/ld: frenet_planner.cpp:(.text+0x37fb): undefined reference to `D_T_S'
[37.716s] /usr/bin/ld: frenet_planner.cpp:(.text+0x3803): undefined reference to `N_S_SAMPLE'
[37.716s] /usr/bin/ld: frenet_planner.cpp:(.text+0x380f): undefined reference to `TARGET_SPEED'
[37.716s] /usr/bin/ld: frenet_planner.cpp:(.text+0x3833): undefined reference to `D_T_S'
[37.716s] /usr/bin/ld: frenet_planner.cpp:(.text+0x3960): undefined reference to `D_T_S'
[37.716s] collect2: error: ld returned 1 exit status
[37.717s] make[2]: *** [CMakeFiles/frenet_ros_obst.dir/build.make:187: frenet_ros_obst] Error 1
[37.717s] make[1]: *** [CMakeFiles/Makefile2:78: CMakeFiles/frenet_ros_obst.dir/all] Error 2
[37.717s] make: *** [Makefile:141: all] Error 2
[37.718s] Invoked command in '/home/aayush/newest_frenet_planner/build/frenet_planner_ported' returned '2': CMAKE_PREFIX_PATH=${CMAKE_PREFIX_PATH}:/home/aayush/newest_frenet_planner/install/dummy:/opt/ros/foxy /usr/bin/cmake --build /home/aayush/newest_frenet_planner/build/frenet_planner_ported -- -j2 -l2
