[1.531s] DEBUG:colcon:Command line arguments: ['/home/aayush/.local/bin/colcon', 'build', '--packages-select', 'dummy', 'frenet_planner_ported']
[1.531s] DEBUG:colcon:Parsed command line arguments: Namespace(ament_cmake_args=None, base_paths=['.'], build_base='build', catkin_cmake_args=None, catkin_skip_building_tests=False, cmake_args=None, cmake_clean_cache=False, cmake_clean_first=False, cmake_force_configure=False, cmake_target=None, cmake_target_skip_unavailable=False, continue_on_error=False, event_handlers=None, executor='parallel', ignore_user_meta=False, install_base='install', log_base=None, log_level=None, main=<bound method BuildVerb.main of <colcon_core.verb.build.BuildVerb object at 0x7f814a97d220>>, merge_install=False, metas=['./colcon.meta'], packages_above=None, packages_above_and_dependencies=None, packages_above_depth=None, packages_end=None, packages_ignore=None, packages_ignore_regex=None, packages_select=['dummy', 'frenet_planner_ported'], packages_select_build_failed=False, packages_select_by_dep=None, packages_select_regex=None, packages_select_test_failures=False, packages_skip=None, packages_skip_build_finished=False, packages_skip_by_dep=None, packages_skip_regex=None, packages_skip_test_passed=False, packages_skip_up_to=None, packages_start=None, packages_up_to=None, packages_up_to_regex=None, parallel_workers=2, paths=None, symlink_install=False, test_result_base=None, verb_extension=<colcon_core.verb.build.BuildVerb object at 0x7f814a97d220>, verb_name='build', verb_parser=<colcon_defaults.argument_parser.defaults.DefaultArgumentsDecorator object at 0x7f814a97d760>)
[1.573s] Level 1:colcon.colcon_core.package_discovery:discover_packages(colcon_meta) check parameters
[1.573s] Level 1:colcon.colcon_core.package_discovery:discover_packages(recursive) check parameters
[1.573s] Level 1:colcon.colcon_core.package_discovery:discover_packages(ignore) check parameters
[1.573s] Level 1:colcon.colcon_core.package_discovery:discover_packages(path) check parameters
[1.573s] Level 1:colcon.colcon_core.package_discovery:discover_packages(colcon_meta) discover
[1.573s] Level 1:colcon.colcon_core.package_discovery:discover_packages(recursive) discover
[1.573s] INFO:colcon.colcon_core.package_discovery:Crawling recursively for packages in '/home/aayush/newest_frenet_planner'
[1.574s] Level 1:colcon.colcon_core.package_identification:_identify(.) by extensions ['ignore', 'ignore_ament_install']
[1.574s] Level 1:colcon.colcon_core.package_identification:_identify(.) by extension 'ignore'
[1.574s] Level 1:colcon.colcon_core.package_identification:_identify(.) by extension 'ignore_ament_install'
[1.574s] Level 1:colcon.colcon_core.package_identification:_identify(.) by extensions ['colcon_pkg']
[1.574s] Level 1:colcon.colcon_core.package_identification:_identify(.) by extension 'colcon_pkg'
[1.574s] Level 1:colcon.colcon_core.package_identification:_identify(.) by extensions ['colcon_meta']
[1.574s] Level 1:colcon.colcon_core.package_identification:_identify(.) by extension 'colcon_meta'
[1.574s] Level 1:colcon.colcon_core.package_identification:_identify(.) by extensions ['ros']
[1.574s] Level 1:colcon.colcon_core.package_identification:_identify(.) by extension 'ros'
[1.612s] Level 1:colcon.colcon_core.package_identification:_identify(.) by extensions ['cmake', 'python']
[1.612s] Level 1:colcon.colcon_core.package_identification:_identify(.) by extension 'cmake'
[1.613s] Level 1:colcon.colcon_core.package_identification:_identify(.) by extension 'python'
[1.613s] Level 1:colcon.colcon_core.package_identification:_identify(.) by extensions ['python_setup_py']
[1.613s] Level 1:colcon.colcon_core.package_identification:_identify(.) by extension 'python_setup_py'
[1.613s] Level 1:colcon.colcon_core.package_identification:_identify(build) by extensions ['ignore', 'ignore_ament_install']
[1.613s] Level 1:colcon.colcon_core.package_identification:_identify(build) by extension 'ignore'
[1.613s] Level 1:colcon.colcon_core.package_identification:_identify(build) ignored
[1.614s] Level 1:colcon.colcon_core.package_identification:_identify(install) by extensions ['ignore', 'ignore_ament_install']
[1.614s] Level 1:colcon.colcon_core.package_identification:_identify(install) by extension 'ignore'
[1.614s] Level 1:colcon.colcon_core.package_identification:_identify(install) ignored
[1.615s] Level 1:colcon.colcon_core.package_identification:_identify(log) by extensions ['ignore', 'ignore_ament_install']
[1.615s] Level 1:colcon.colcon_core.package_identification:_identify(log) by extension 'ignore'
[1.615s] Level 1:colcon.colcon_core.package_identification:_identify(log) ignored
[1.615s] Level 1:colcon.colcon_core.package_identification:_identify(src) by extensions ['ignore', 'ignore_ament_install']
[1.615s] Level 1:colcon.colcon_core.package_identification:_identify(src) by extension 'ignore'
[1.615s] Level 1:colcon.colcon_core.package_identification:_identify(src) by extension 'ignore_ament_install'
[1.616s] Level 1:colcon.colcon_core.package_identification:_identify(src) by extensions ['colcon_pkg']
[1.616s] Level 1:colcon.colcon_core.package_identification:_identify(src) by extension 'colcon_pkg'
[1.616s] Level 1:colcon.colcon_core.package_identification:_identify(src) by extensions ['colcon_meta']
[1.616s] Level 1:colcon.colcon_core.package_identification:_identify(src) by extension 'colcon_meta'
[1.616s] Level 1:colcon.colcon_core.package_identification:_identify(src) by extensions ['ros']
[1.616s] Level 1:colcon.colcon_core.package_identification:_identify(src) by extension 'ros'
[1.616s] Level 1:colcon.colcon_core.package_identification:_identify(src) by extensions ['cmake', 'python']
[1.616s] Level 1:colcon.colcon_core.package_identification:_identify(src) by extension 'cmake'
[1.617s] Level 1:colcon.colcon_core.package_identification:_identify(src) by extension 'python'
[1.617s] Level 1:colcon.colcon_core.package_identification:_identify(src) by extensions ['python_setup_py']
[1.617s] Level 1:colcon.colcon_core.package_identification:_identify(src) by extension 'python_setup_py'
[1.617s] Level 1:colcon.colcon_core.package_identification:_identify(src/dummy) by extensions ['ignore', 'ignore_ament_install']
[1.617s] Level 1:colcon.colcon_core.package_identification:_identify(src/dummy) by extension 'ignore'
[1.617s] Level 1:colcon.colcon_core.package_identification:_identify(src/dummy) by extension 'ignore_ament_install'
[1.618s] Level 1:colcon.colcon_core.package_identification:_identify(src/dummy) by extensions ['colcon_pkg']
[1.618s] Level 1:colcon.colcon_core.package_identification:_identify(src/dummy) by extension 'colcon_pkg'
[1.618s] Level 1:colcon.colcon_core.package_identification:_identify(src/dummy) by extensions ['colcon_meta']
[1.618s] Level 1:colcon.colcon_core.package_identification:_identify(src/dummy) by extension 'colcon_meta'
[1.618s] Level 1:colcon.colcon_core.package_identification:_identify(src/dummy) by extensions ['ros']
[1.618s] Level 1:colcon.colcon_core.package_identification:_identify(src/dummy) by extension 'ros'
[1.625s] DEBUG:colcon.colcon_core.package_identification:Package 'src/dummy' with type 'ros.ament_python' and name 'dummy'
[1.625s] Level 1:colcon.colcon_core.package_identification:_identify(src/frenet_planner) by extensions ['ignore', 'ignore_ament_install']
[1.625s] Level 1:colcon.colcon_core.package_identification:_identify(src/frenet_planner) by extension 'ignore'
[1.626s] Level 1:colcon.colcon_core.package_identification:_identify(src/frenet_planner) by extension 'ignore_ament_install'
[1.626s] Level 1:colcon.colcon_core.package_identification:_identify(src/frenet_planner) by extensions ['colcon_pkg']
[1.626s] Level 1:colcon.colcon_core.package_identification:_identify(src/frenet_planner) by extension 'colcon_pkg'
[1.626s] Level 1:colcon.colcon_core.package_identification:_identify(src/frenet_planner) by extensions ['colcon_meta']
[1.626s] Level 1:colcon.colcon_core.package_identification:_identify(src/frenet_planner) by extension 'colcon_meta'
[1.626s] Level 1:colcon.colcon_core.package_identification:_identify(src/frenet_planner) by extensions ['ros']
[1.626s] Level 1:colcon.colcon_core.package_identification:_identify(src/frenet_planner) by extension 'ros'
[1.629s] DEBUG:colcon.colcon_core.package_identification:Package 'src/frenet_planner' with type 'ros.ament_cmake' and name 'frenet_planner'
[1.630s] Level 1:colcon.colcon_core.package_identification:_identify(src/frenet_planner_ported) by extensions ['ignore', 'ignore_ament_install']
[1.630s] Level 1:colcon.colcon_core.package_identification:_identify(src/frenet_planner_ported) by extension 'ignore'
[1.630s] Level 1:colcon.colcon_core.package_identification:_identify(src/frenet_planner_ported) by extension 'ignore_ament_install'
[1.630s] Level 1:colcon.colcon_core.package_identification:_identify(src/frenet_planner_ported) by extensions ['colcon_pkg']
[1.630s] Level 1:colcon.colcon_core.package_identification:_identify(src/frenet_planner_ported) by extension 'colcon_pkg'
[1.631s] Level 1:colcon.colcon_core.package_identification:_identify(src/frenet_planner_ported) by extensions ['colcon_meta']
[1.631s] Level 1:colcon.colcon_core.package_identification:_identify(src/frenet_planner_ported) by extension 'colcon_meta'
[1.631s] Level 1:colcon.colcon_core.package_identification:_identify(src/frenet_planner_ported) by extensions ['ros']
[1.631s] Level 1:colcon.colcon_core.package_identification:_identify(src/frenet_planner_ported) by extension 'ros'
[1.634s] DEBUG:colcon.colcon_core.package_identification:Package 'src/frenet_planner_ported' with type 'ros.ament_cmake' and name 'frenet_planner_ported'
[1.634s] Level 1:colcon.colcon_core.package_discovery:discover_packages(recursive) using defaults
[1.634s] Level 1:colcon.colcon_core.package_discovery:discover_packages(ignore) discover
[1.634s] Level 1:colcon.colcon_core.package_discovery:discover_packages(ignore) using defaults
[1.634s] Level 1:colcon.colcon_core.package_discovery:discover_packages(path) discover
[1.635s] Level 1:colcon.colcon_core.package_discovery:discover_packages(path) using defaults
[1.776s] INFO:colcon.colcon_core.package_selection:Skipping not selected package 'frenet_planner' in 'src/frenet_planner'
[1.802s] Level 5:colcon.colcon_core.verb:set package 'dummy' build argument 'cmake_args' from command line to 'None'
[1.802s] Level 5:colcon.colcon_core.verb:set package 'dummy' build argument 'cmake_target' from command line to 'None'
[1.802s] Level 5:colcon.colcon_core.verb:set package 'dummy' build argument 'cmake_target_skip_unavailable' from command line to 'False'
[1.802s] Level 5:colcon.colcon_core.verb:set package 'dummy' build argument 'cmake_clean_cache' from command line to 'False'
[1.802s] Level 5:colcon.colcon_core.verb:set package 'dummy' build argument 'cmake_clean_first' from command line to 'False'
[1.802s] Level 5:colcon.colcon_core.verb:set package 'dummy' build argument 'cmake_force_configure' from command line to 'False'
[1.802s] Level 5:colcon.colcon_core.verb:set package 'dummy' build argument 'ament_cmake_args' from command line to 'None'
[1.802s] Level 5:colcon.colcon_core.verb:set package 'dummy' build argument 'catkin_cmake_args' from command line to 'None'
[1.802s] Level 5:colcon.colcon_core.verb:set package 'dummy' build argument 'catkin_skip_building_tests' from command line to 'False'
[1.803s] DEBUG:colcon.colcon_core.verb:Building package 'dummy' with the following arguments: {'ament_cmake_args': None, 'build_base': '/home/aayush/newest_frenet_planner/build/dummy', 'catkin_cmake_args': None, 'catkin_skip_building_tests': False, 'cmake_args': None, 'cmake_clean_cache': False, 'cmake_clean_first': False, 'cmake_force_configure': False, 'cmake_target': None, 'cmake_target_skip_unavailable': False, 'install_base': '/home/aayush/newest_frenet_planner/install/dummy', 'merge_install': False, 'path': '/home/aayush/newest_frenet_planner/src/dummy', 'symlink_install': False, 'test_result_base': None}
[1.827s] Level 5:colcon.colcon_core.verb:set package 'frenet_planner_ported' build argument 'cmake_args' from command line to 'None'
[1.828s] Level 5:colcon.colcon_core.verb:set package 'frenet_planner_ported' build argument 'cmake_target' from command line to 'None'
[1.828s] Level 5:colcon.colcon_core.verb:set package 'frenet_planner_ported' build argument 'cmake_target_skip_unavailable' from command line to 'False'
[1.828s] Level 5:colcon.colcon_core.verb:set package 'frenet_planner_ported' build argument 'cmake_clean_cache' from command line to 'False'
[1.828s] Level 5:colcon.colcon_core.verb:set package 'frenet_planner_ported' build argument 'cmake_clean_first' from command line to 'False'
[1.828s] Level 5:colcon.colcon_core.verb:set package 'frenet_planner_ported' build argument 'cmake_force_configure' from command line to 'False'
[1.828s] Level 5:colcon.colcon_core.verb:set package 'frenet_planner_ported' build argument 'ament_cmake_args' from command line to 'None'
[1.828s] Level 5:colcon.colcon_core.verb:set package 'frenet_planner_ported' build argument 'catkin_cmake_args' from command line to 'None'
[1.828s] Level 5:colcon.colcon_core.verb:set package 'frenet_planner_ported' build argument 'catkin_skip_building_tests' from command line to 'False'
[1.828s] DEBUG:colcon.colcon_core.verb:Building package 'frenet_planner_ported' with the following arguments: {'ament_cmake_args': None, 'build_base': '/home/aayush/newest_frenet_planner/build/frenet_planner_ported', 'catkin_cmake_args': None, 'catkin_skip_building_tests': False, 'cmake_args': None, 'cmake_clean_cache': False, 'cmake_clean_first': False, 'cmake_force_configure': False, 'cmake_target': None, 'cmake_target_skip_unavailable': False, 'install_base': '/home/aayush/newest_frenet_planner/install/frenet_planner_ported', 'merge_install': False, 'path': '/home/aayush/newest_frenet_planner/src/frenet_planner_ported', 'symlink_install': False, 'test_result_base': None}
[1.834s] INFO:colcon.colcon_core.executor:Executing jobs using 'parallel' executor
[1.881s] DEBUG:colcon.colcon_parallel_executor.executor.parallel:run_until_complete
[1.881s] INFO:colcon.colcon_ros.task.ament_python.build:Building ROS package in '/home/aayush/newest_frenet_planner/src/dummy' with build type 'ament_python'
[1.882s] Level 1:colcon.colcon_core.shell:create_environment_hook('dummy', 'ament_prefix_path')
[1.910s] INFO:colcon.colcon_core.plugin_system:Skipping extension 'colcon_core.shell.bat': Not used on non-Windows systems
[1.910s] INFO:colcon.colcon_core.shell:Creating environment hook '/home/aayush/newest_frenet_planner/install/dummy/share/dummy/hook/ament_prefix_path.ps1'
[1.912s] INFO:colcon.colcon_core.shell:Creating environment descriptor '/home/aayush/newest_frenet_planner/install/dummy/share/dummy/hook/ament_prefix_path.dsv'
[1.914s] INFO:colcon.colcon_core.shell:Creating environment hook '/home/aayush/newest_frenet_planner/install/dummy/share/dummy/hook/ament_prefix_path.sh'
[1.937s] INFO:colcon.colcon_core.shell:Skip shell extension 'powershell' for command environment: Not usable outside of PowerShell
[1.937s] DEBUG:colcon.colcon_core.shell:Skip shell extension 'dsv' for command environment
[1.960s] DEBUG:colcon.colcon_core.shell:Ignoring prefix path '/opt/ros/foxy'
[1.975s] INFO:colcon.colcon_ros.task.ament_cmake.build:Building ROS package in '/home/aayush/newest_frenet_planner/src/frenet_planner_ported' with build type 'ament_cmake'
[1.976s] INFO:colcon.colcon_cmake.task.cmake.build:Building CMake package in '/home/aayush/newest_frenet_planner/src/frenet_planner_ported'
[1.995s] INFO:colcon.colcon_core.shell:Skip shell extension 'powershell' for command environment: Not usable outside of PowerShell
[1.995s] DEBUG:colcon.colcon_core.shell:Skip shell extension 'dsv' for command environment
[2.011s] DEBUG:colcon.colcon_core.shell:Ignoring prefix path '/opt/ros/foxy'
[2.902s] INFO:colcon.colcon_core.task.python.build:Building Python package in '/home/aayush/newest_frenet_planner/src/dummy'
[2.918s] INFO:colcon.colcon_core.shell:Skip shell extension 'powershell' for command environment: Not usable outside of PowerShell
[2.918s] DEBUG:colcon.colcon_core.shell:Skip shell extension 'dsv' for command environment
[2.936s] DEBUG:colcon.colcon_core.shell:Ignoring prefix path '/opt/ros/foxy'
[2.973s] DEBUG:colcon.colcon_core.event_handler.log_command:Invoking command in '/home/aayush/newest_frenet_planner/build/frenet_planner_ported': CMAKE_PREFIX_PATH=${CMAKE_PREFIX_PATH}:/home/aayush/newest_frenet_planner/install/dummy:/opt/ros/foxy /usr/bin/cmake --build /home/aayush/newest_frenet_planner/build/frenet_planner_ported -- -j2 -l2
[3.014s] DEBUG:colcon.colcon_core.event_handler.log_command:Invoking command in '/home/aayush/newest_frenet_planner/src/dummy': PYTHONPATH=/home/aayush/newest_frenet_planner/install/dummy/lib/python3.8/site-packages:${PYTHONPATH} /usr/bin/python3 setup.py egg_info --egg-base ../../build/dummy build --build-base /home/aayush/newest_frenet_planner/build/dummy/build install --prefix /home/aayush/newest_frenet_planner/install/dummy --record /home/aayush/newest_frenet_planner/build/dummy/install.log --single-version-externally-managed
[5.195s] DEBUG:colcon.colcon_core.event_handler.log_command:Invoked command in '/home/aayush/newest_frenet_planner/src/dummy' returned '0': PYTHONPATH=/home/aayush/newest_frenet_planner/install/dummy/lib/python3.8/site-packages:${PYTHONPATH} /usr/bin/python3 setup.py egg_info --egg-base ../../build/dummy build --build-base /home/aayush/newest_frenet_planner/build/dummy/build install --prefix /home/aayush/newest_frenet_planner/install/dummy --record /home/aayush/newest_frenet_planner/build/dummy/install.log --single-version-externally-managed
[5.229s] Level 1:colcon.colcon_core.environment:checking '/home/aayush/newest_frenet_planner/install/dummy' for CMake module files
[5.239s] Level 1:colcon.colcon_core.environment:checking '/home/aayush/newest_frenet_planner/install/dummy' for CMake config files
[5.241s] Level 1:colcon.colcon_core.environment:checking '/home/aayush/newest_frenet_planner/install/dummy/lib'
[5.242s] Level 1:colcon.colcon_core.environment:checking '/home/aayush/newest_frenet_planner/install/dummy/bin'
[5.242s] Level 1:colcon.colcon_core.environment:checking '/home/aayush/newest_frenet_planner/install/dummy/lib/pkgconfig/dummy.pc'
[5.242s] Level 1:colcon.colcon_core.environment:checking '/home/aayush/newest_frenet_planner/install/dummy/lib/python3.8/site-packages'
[5.242s] Level 1:colcon.colcon_core.shell:create_environment_hook('dummy', 'pythonpath')
[5.286s] INFO:colcon.colcon_core.shell:Creating environment hook '/home/aayush/newest_frenet_planner/install/dummy/share/dummy/hook/pythonpath.ps1'
[5.287s] INFO:colcon.colcon_core.shell:Creating environment descriptor '/home/aayush/newest_frenet_planner/install/dummy/share/dummy/hook/pythonpath.dsv'
[5.288s] INFO:colcon.colcon_core.shell:Creating environment hook '/home/aayush/newest_frenet_planner/install/dummy/share/dummy/hook/pythonpath.sh'
[5.288s] Level 1:colcon.colcon_core.environment:create_environment_scripts_only(dummy)
[5.337s] INFO:colcon.colcon_core.shell:Creating package script '/home/aayush/newest_frenet_planner/install/dummy/share/dummy/package.ps1'
[5.339s] INFO:colcon.colcon_core.shell:Creating package descriptor '/home/aayush/newest_frenet_planner/install/dummy/share/dummy/package.dsv'
[5.348s] INFO:colcon.colcon_core.shell:Creating package script '/home/aayush/newest_frenet_planner/install/dummy/share/dummy/package.sh'
[5.351s] INFO:colcon.colcon_core.shell:Creating package script '/home/aayush/newest_frenet_planner/install/dummy/share/dummy/package.bash'
[5.359s] INFO:colcon.colcon_core.shell:Creating package script '/home/aayush/newest_frenet_planner/install/dummy/share/dummy/package.zsh'
[5.366s] Level 1:colcon.colcon_core.environment:create_file_with_runtime_dependencies(/home/aayush/newest_frenet_planner/install/dummy/share/colcon-core/packages/dummy)
[24.926s] DEBUG:colcon.colcon_core.event_handler.log_command:Invoked command in '/home/aayush/newest_frenet_planner/build/frenet_planner_ported' returned '2': CMAKE_PREFIX_PATH=${CMAKE_PREFIX_PATH}:/home/aayush/newest_frenet_planner/install/dummy:/opt/ros/foxy /usr/bin/cmake --build /home/aayush/newest_frenet_planner/build/frenet_planner_ported -- -j2 -l2
[25.007s] Level 1:colcon.colcon_core.environment:create_environment_scripts_only(frenet_planner_ported)
[25.027s] Level 1:colcon.colcon_core.environment:checking '/home/aayush/newest_frenet_planner/install/frenet_planner_ported' for CMake module files
[25.029s] Level 1:colcon.colcon_core.environment:checking '/home/aayush/newest_frenet_planner/install/frenet_planner_ported' for CMake config files
[25.029s] Level 1:colcon.colcon_core.shell:create_environment_hook('frenet_planner_ported', 'cmake_prefix_path')
[25.044s] INFO:colcon.colcon_core.shell:Creating environment hook '/home/aayush/newest_frenet_planner/install/frenet_planner_ported/share/frenet_planner_ported/hook/cmake_prefix_path.ps1'
[25.046s] INFO:colcon.colcon_core.shell:Creating environment descriptor '/home/aayush/newest_frenet_planner/install/frenet_planner_ported/share/frenet_planner_ported/hook/cmake_prefix_path.dsv'
[25.046s] INFO:colcon.colcon_core.shell:Creating environment hook '/home/aayush/newest_frenet_planner/install/frenet_planner_ported/share/frenet_planner_ported/hook/cmake_prefix_path.sh'
[25.047s] Level 1:colcon.colcon_core.environment:checking '/home/aayush/newest_frenet_planner/install/frenet_planner_ported/lib'
[25.048s] Level 1:colcon.colcon_core.environment:checking '/home/aayush/newest_frenet_planner/install/frenet_planner_ported/bin'
[25.048s] Level 1:colcon.colcon_core.environment:checking '/home/aayush/newest_frenet_planner/install/frenet_planner_ported/lib/pkgconfig/frenet_planner_ported.pc'
[25.048s] Level 1:colcon.colcon_core.environment:checking '/home/aayush/newest_frenet_planner/install/frenet_planner_ported/lib/python3.8/site-packages'
[25.063s] INFO:colcon.colcon_core.shell:Creating package script '/home/aayush/newest_frenet_planner/install/frenet_planner_ported/share/frenet_planner_ported/package.ps1'
[25.064s] INFO:colcon.colcon_core.shell:Creating package descriptor '/home/aayush/newest_frenet_planner/install/frenet_planner_ported/share/frenet_planner_ported/package.dsv'
[25.066s] INFO:colcon.colcon_core.shell:Creating package script '/home/aayush/newest_frenet_planner/install/frenet_planner_ported/share/frenet_planner_ported/package.sh'
[25.067s] INFO:colcon.colcon_core.shell:Creating package script '/home/aayush/newest_frenet_planner/install/frenet_planner_ported/share/frenet_planner_ported/package.bash'
[25.067s] INFO:colcon.colcon_core.shell:Creating package script '/home/aayush/newest_frenet_planner/install/frenet_planner_ported/share/frenet_planner_ported/package.zsh'
[25.068s] Level 1:colcon.colcon_core.environment:create_file_with_runtime_dependencies(/home/aayush/newest_frenet_planner/install/frenet_planner_ported/share/colcon-core/packages/frenet_planner_ported)
[25.079s] DEBUG:colcon.colcon_parallel_executor.executor.parallel:closing loop
[25.080s] DEBUG:colcon.colcon_parallel_executor.executor.parallel:loop closed
[25.080s] DEBUG:colcon.colcon_parallel_executor.executor.parallel:run_until_complete finished with '2'
[25.080s] DEBUG:colcon.colcon_core.event_reactor:joining thread
[25.151s] INFO:colcon.colcon_core.plugin_system:Skipping extension 'colcon_notification.desktop_notification.terminal_notifier': Not used on non-Darwin systems
[25.152s] INFO:colcon.colcon_core.plugin_system:Skipping extension 'colcon_notification.desktop_notification.win32': Not used on non-Windows systems
[25.152s] INFO:colcon.colcon_notification.desktop_notification:Sending desktop notification using 'notify2'
[25.207s] DEBUG:colcon.colcon_core.event_reactor:joined thread
[25.231s] INFO:colcon.colcon_core.shell:Creating prefix script '/home/aayush/newest_frenet_planner/install/local_setup.ps1'
[25.237s] INFO:colcon.colcon_core.shell:Creating prefix util module '/home/aayush/newest_frenet_planner/install/_local_setup_util_ps1.py'
[25.240s] INFO:colcon.colcon_core.shell:Creating prefix chain script '/home/aayush/newest_frenet_planner/install/setup.ps1'
[25.263s] INFO:colcon.colcon_core.shell:Creating prefix script '/home/aayush/newest_frenet_planner/install/local_setup.sh'
[25.264s] INFO:colcon.colcon_core.shell:Creating prefix util module '/home/aayush/newest_frenet_planner/install/_local_setup_util_sh.py'
[25.266s] INFO:colcon.colcon_core.shell:Creating prefix chain script '/home/aayush/newest_frenet_planner/install/setup.sh'
[25.286s] INFO:colcon.colcon_core.shell:Creating prefix script '/home/aayush/newest_frenet_planner/install/local_setup.bash'
[25.288s] INFO:colcon.colcon_core.shell:Creating prefix chain script '/home/aayush/newest_frenet_planner/install/setup.bash'
[25.307s] INFO:colcon.colcon_core.shell:Creating prefix script '/home/aayush/newest_frenet_planner/install/local_setup.zsh'
[25.308s] INFO:colcon.colcon_core.shell:Creating prefix chain script '/home/aayush/newest_frenet_planner/install/setup.zsh'
