[0.850s] Invoking command in '/home/aayush/newest_frenet_planner/build/frenet_planner_ported': CMAKE_PREFIX_PATH=${CMAKE_PREFIX_PATH}:/home/aayush/newest_frenet_planner/install/dummy:/opt/ros/foxy /usr/bin/cmake --build /home/aayush/newest_frenet_planner/build/frenet_planner_ported -- -j2 -l2
[1.012s] [35m[1mScanning dependencies of target frenet_ros_obst[0m
[1.134s] [ 20%] [32mBuilding CXX object CMakeFiles/frenet_ros_obst.dir/src/frenet_ros_obst.cpp.o[0m
[1.142s] [ 40%] [32mBuilding CXX object CMakeFiles/frenet_ros_obst.dir/src/frenet_planner.cpp.o[0m
[5.506s] In file included from [01m[K/home/aayush/newest_frenet_planner/src/frenet_planner_ported/src/frenet_ros_obst.cpp:2[m[K:
[5.507s] [01m[K/home/aayush/newest_frenet_planner/src/frenet_planner_ported/src/../include/frenet_optimal_trajectory.hpp:10:1:[m[K [01;31m[Kerror: [m[Kexpected class-name before ‘[01m[K{[m[K’ token
[5.507s]    10 | [01;31m[K{[m[K
[5.507s]       | [01;31m[K^[m[K
[5.512s] [01m[K/home/aayush/newest_frenet_planner/src/frenet_planner_ported/src/../include/frenet_optimal_trajectory.hpp:[m[K In function ‘[01m[Kstd::ostream& operator<<(std::ostream&, const FrenetPath&)[m[K’:
[5.513s] [01m[K/home/aayush/newest_frenet_planner/src/frenet_planner_ported/src/../include/frenet_optimal_trajectory.hpp:81:20:[m[K [01;35m[Kwarning: [m[Kstatement has no effect [[01;35m[K-Wunused-value[m[K]
[5.513s]    81 | #define trace(...) [01;35m[K42[m[K
[5.513s]       |                    [01;35m[K^~[m[K
[5.515s] [01m[K/home/aayush/newest_frenet_planner/src/frenet_planner_ported/src/../include/frenet_optimal_trajectory.hpp:84:3:[m[K [01;36m[Knote: [m[Kin expansion of macro ‘[01m[Ktrace[m[K’
[5.515s]    84 |   [01;36m[Ktrace[m[K(fp.t);
[5.516s]       |   [01;36m[K^~~~~[m[K
[5.517s] [01m[K/home/aayush/newest_frenet_planner/src/frenet_planner_ported/src/../include/frenet_optimal_trajectory.hpp:81:20:[m[K [01;35m[Kwarning: [m[Kstatement has no effect [[01;35m[K-Wunused-value[m[K]
[5.518s]    81 | #define trace(...) [01;35m[K42[m[K
[5.519s]       |                    [01;35m[K^~[m[K
[5.519s] [01m[K/home/aayush/newest_frenet_planner/src/frenet_planner_ported/src/../include/frenet_optimal_trajectory.hpp:85:3:[m[K [01;36m[Knote: [m[Kin expansion of macro ‘[01m[Ktrace[m[K’
[5.520s]    85 |   [01;36m[Ktrace[m[K(fp.d);
[5.521s]       |   [01;36m[K^~~~~[m[K
[5.521s] [01m[K/home/aayush/newest_frenet_planner/src/frenet_planner_ported/src/../include/frenet_optimal_trajectory.hpp:81:20:[m[K [01;35m[Kwarning: [m[Kstatement has no effect [[01;35m[K-Wunused-value[m[K]
[5.521s]    81 | #define trace(...) [01;35m[K42[m[K
[5.521s]       |                    [01;35m[K^~[m[K
[5.522s] [01m[K/home/aayush/newest_frenet_planner/src/frenet_planner_ported/src/../include/frenet_optimal_trajectory.hpp:86:3:[m[K [01;36m[Knote: [m[Kin expansion of macro ‘[01m[Ktrace[m[K’
[5.522s]    86 |   [01;36m[Ktrace[m[K(fp.d_d);
[5.522s]       |   [01;36m[K^~~~~[m[K
[5.523s] [01m[K/home/aayush/newest_frenet_planner/src/frenet_planner_ported/src/../include/frenet_optimal_trajectory.hpp:81:20:[m[K [01;35m[Kwarning: [m[Kstatement has no effect [[01;35m[K-Wunused-value[m[K]
[5.523s]    81 | #define trace(...) [01;35m[K42[m[K
[5.526s]       |                    [01;35m[K^~[m[K
[5.527s] [01m[K/home/aayush/newest_frenet_planner/src/frenet_planner_ported/src/../include/frenet_optimal_trajectory.hpp:87:3:[m[K [01;36m[Knote: [m[Kin expansion of macro ‘[01m[Ktrace[m[K’
[5.527s]    87 |   [01;36m[Ktrace[m[K(fp.d_dd);
[5.528s]       |   [01;36m[K^~~~~[m[K
[5.528s] [01m[K/home/aayush/newest_frenet_planner/src/frenet_planner_ported/src/../include/frenet_optimal_trajectory.hpp:81:20:[m[K [01;35m[Kwarning: [m[Kstatement has no effect [[01;35m[K-Wunused-value[m[K]
[5.528s]    81 | #define trace(...) [01;35m[K42[m[K
[5.529s]       |                    [01;35m[K^~[m[K
[5.529s] [01m[K/home/aayush/newest_frenet_planner/src/frenet_planner_ported/src/../include/frenet_optimal_trajectory.hpp:88:3:[m[K [01;36m[Knote: [m[Kin expansion of macro ‘[01m[Ktrace[m[K’
[5.529s]    88 |   [01;36m[Ktrace[m[K(fp.d_ddd);
[5.530s]       |   [01;36m[K^~~~~[m[K
[5.530s] [01m[K/home/aayush/newest_frenet_planner/src/frenet_planner_ported/src/../include/frenet_optimal_trajectory.hpp:81:20:[m[K [01;35m[Kwarning: [m[Kstatement has no effect [[01;35m[K-Wunused-value[m[K]
[5.530s]    81 | #define trace(...) [01;35m[K42[m[K
[5.531s]       |                    [01;35m[K^~[m[K
[5.531s] [01m[K/home/aayush/newest_frenet_planner/src/frenet_planner_ported/src/../include/frenet_optimal_trajectory.hpp:89:3:[m[K [01;36m[Knote: [m[Kin expansion of macro ‘[01m[Ktrace[m[K’
[5.531s]    89 |   [01;36m[Ktrace[m[K(fp.s);
[5.532s]       |   [01;36m[K^~~~~[m[K
[5.532s] [01m[K/home/aayush/newest_frenet_planner/src/frenet_planner_ported/src/../include/frenet_optimal_trajectory.hpp:81:20:[m[K [01;35m[Kwarning: [m[Kstatement has no effect [[01;35m[K-Wunused-value[m[K]
[5.532s]    81 | #define trace(...) [01;35m[K42[m[K
[5.532s]       |                    [01;35m[K^~[m[K
[5.533s] [01m[K/home/aayush/newest_frenet_planner/src/frenet_planner_ported/src/../include/frenet_optimal_trajectory.hpp:90:3:[m[K [01;36m[Knote: [m[Kin expansion of macro ‘[01m[Ktrace[m[K’
[5.533s]    90 |   [01;36m[Ktrace[m[K(fp.s_d);
[5.533s]       |   [01;36m[K^~~~~[m[K
[5.534s] [01m[K/home/aayush/newest_frenet_planner/src/frenet_planner_ported/src/../include/frenet_optimal_trajectory.hpp:81:20:[m[K [01;35m[Kwarning: [m[Kstatement has no effect [[01;35m[K-Wunused-value[m[K]
[5.547s]    81 | #define trace(...) [01;35m[K42[m[K
[5.547s]       |                    [01;35m[K^~[m[K
[5.548s] [01m[K/home/aayush/newest_frenet_planner/src/frenet_planner_ported/src/../include/frenet_optimal_trajectory.hpp:91:3:[m[K [01;36m[Knote: [m[Kin expansion of macro ‘[01m[Ktrace[m[K’
[5.548s]    91 |   [01;36m[Ktrace[m[K(fp.s_dd);
[5.548s]       |   [01;36m[K^~~~~[m[K
[5.548s] [01m[K/home/aayush/newest_frenet_planner/src/frenet_planner_ported/src/../include/frenet_optimal_trajectory.hpp:81:20:[m[K [01;35m[Kwarning: [m[Kstatement has no effect [[01;35m[K-Wunused-value[m[K]
[5.548s]    81 | #define trace(...) [01;35m[K42[m[K
[5.549s]       |                    [01;35m[K^~[m[K
[5.549s] [01m[K/home/aayush/newest_frenet_planner/src/frenet_planner_ported/src/../include/frenet_optimal_trajectory.hpp:92:3:[m[K [01;36m[Knote: [m[Kin expansion of macro ‘[01m[Ktrace[m[K’
[5.549s]    92 |   [01;36m[Ktrace[m[K(fp.s_ddd);
[5.549s]       |   [01;36m[K^~~~~[m[K
[5.549s] [01m[K/home/aayush/newest_frenet_planner/src/frenet_planner_ported/src/../include/frenet_optimal_trajectory.hpp:81:20:[m[K [01;35m[Kwarning: [m[Kstatement has no effect [[01;35m[K-Wunused-value[m[K]
[5.550s]    81 | #define trace(...) [01;35m[K42[m[K
[5.550s]       |                    [01;35m[K^~[m[K
[5.550s] [01m[K/home/aayush/newest_frenet_planner/src/frenet_planner_ported/src/../include/frenet_optimal_trajectory.hpp:93:3:[m[K [01;36m[Knote: [m[Kin expansion of macro ‘[01m[Ktrace[m[K’
[5.550s]    93 |   [01;36m[Ktrace[m[K(fp.x);
[5.550s]       |   [01;36m[K^~~~~[m[K
[5.551s] [01m[K/home/aayush/newest_frenet_planner/src/frenet_planner_ported/src/../include/frenet_optimal_trajectory.hpp:81:20:[m[K [01;35m[Kwarning: [m[Kstatement has no effect [[01;35m[K-Wunused-value[m[K]
[5.551s]    81 | #define trace(...) [01;35m[K42[m[K
[5.551s]       |                    [01;35m[K^~[m[K
[5.551s] [01m[K/home/aayush/newest_frenet_planner/src/frenet_planner_ported/src/../include/frenet_optimal_trajectory.hpp:94:3:[m[K [01;36m[Knote: [m[Kin expansion of macro ‘[01m[Ktrace[m[K’
[5.551s]    94 |   [01;36m[Ktrace[m[K(fp.y);
[5.552s]       |   [01;36m[K^~~~~[m[K
[5.552s] [01m[K/home/aayush/newest_frenet_planner/src/frenet_planner_ported/src/../include/frenet_optimal_trajectory.hpp:81:20:[m[K [01;35m[Kwarning: [m[Kstatement has no effect [[01;35m[K-Wunused-value[m[K]
[5.552s]    81 | #define trace(...) [01;35m[K42[m[K
[5.552s]       |                    [01;35m[K^~[m[K
[5.553s] [01m[K/home/aayush/newest_frenet_planner/src/frenet_planner_ported/src/../include/frenet_optimal_trajectory.hpp:95:3:[m[K [01;36m[Knote: [m[Kin expansion of macro ‘[01m[Ktrace[m[K’
[5.553s]    95 |   [01;36m[Ktrace[m[K(fp.yaw);
[5.553s]       |   [01;36m[K^~~~~[m[K
[5.554s] [01m[K/home/aayush/newest_frenet_planner/src/frenet_planner_ported/src/../include/frenet_optimal_trajectory.hpp:81:20:[m[K [01;35m[Kwarning: [m[Kstatement has no effect [[01;35m[K-Wunused-value[m[K]
[5.554s]    81 | #define trace(...) [01;35m[K42[m[K
[5.557s]       |                    [01;35m[K^~[m[K
[5.558s] [01m[K/home/aayush/newest_frenet_planner/src/frenet_planner_ported/src/../include/frenet_optimal_trajectory.hpp:96:3:[m[K [01;36m[Knote: [m[Kin expansion of macro ‘[01m[Ktrace[m[K’
[5.558s]    96 |   [01;36m[Ktrace[m[K(fp.ds);
[5.559s]       |   [01;36m[K^~~~~[m[K
[5.559s] [01m[K/home/aayush/newest_frenet_planner/src/frenet_planner_ported/src/../include/frenet_optimal_trajectory.hpp:82:59:[m[K [01;35m[Kwarning: [m[Kunused parameter ‘[01m[Kfp[m[K’ [[01;35m[K-Wunused-parameter[m[K]
[5.559s]    82 | inline ostream& operator<<(ostream& os, [01;35m[Kconst FrenetPath& fp[m[K)
[5.561s]       |                                         [01;35m[K~~~~~~~~~~~~~~~~~~^~[m[K
[5.561s] [01m[K/home/aayush/newest_frenet_planner/src/frenet_planner_ported/src/frenet_ros_obst.cpp:[m[K At global scope:
[5.562s] [01m[K/home/aayush/newest_frenet_planner/src/frenet_planner_ported/src/frenet_ros_obst.cpp:6:17:[m[K [01;31m[Kerror: [m[K‘[01m[Kmatplotlibcpp[m[K’ is not a namespace-name
[5.562s]     6 | namespace plt = [01;31m[Kmatplotlibcpp[m[K;
[5.568s]       |                 [01;31m[K^~~~~~~~~~~~~[m[K
[5.568s] [01m[K/home/aayush/newest_frenet_planner/src/frenet_planner_ported/src/frenet_ros_obst.cpp:[m[K In function ‘[01m[Kvoid find_nearest_in_global_path(vecD&, vecD&, double&, double&, double&, int&, int, FrenetPath&)[m[K’:
[5.568s] [01m[K/home/aayush/newest_frenet_planner/src/frenet_planner_ported/src/frenet_ros_obst.cpp:31:12:[m[K [01;31m[Kerror: [m[K‘[01m[KFLT_MAX[m[K’ was not declared in this scope
[5.569s]    31 |  min_dis = [01;31m[KFLT_MAX[m[K;
[5.569s]       |            [01;31m[K^~~~~~~[m[K
[5.569s] [01m[K/home/aayush/newest_frenet_planner/src/frenet_planner_ported/src/frenet_ros_obst.cpp:4:1:[m[K [01;36m[Knote: [m[K‘[01m[KFLT_MAX[m[K’ is defined in header ‘[01m[K<cfloat>[m[K’; did you forget to ‘[01m[K#include <cfloat>[m[K’?
[5.570s]     3 | #include "../include/cubic_spline_planner.hpp"
[5.570s]   +++ |+[32m[K#include <cfloat>[m[K
[5.570s]     4 | //#include "../include/parameters.hpp"    //COMMIT CHANGE HERE
[5.570s] [01m[K/home/aayush/newest_frenet_planner/src/frenet_planner_ported/src/frenet_ros_obst.cpp:[m[K In function ‘[01m[Kdouble get_bot_yaw()[m[K’:
[5.570s] [01m[K/home/aayush/newest_frenet_planner/src/frenet_planner_ported/src/frenet_ros_obst.cpp:48:2:[m[K [01;31m[Kerror: [m[K‘[01m[Ktf2[m[K’ has not been declared
[5.571s]    48 |  [01;31m[Ktf2[m[K::Quaternion q(p.orientation.x, p.orientation.y, p.orientation.z, p.orientation.w);
[5.571s]       |  [01;31m[K^~~[m[K
[5.571s] [01m[K/home/aayush/newest_frenet_planner/src/frenet_planner_ported/src/frenet_ros_obst.cpp:49:2:[m[K [01;31m[Kerror: [m[K‘[01m[Ktf2[m[K’ has not been declared
[5.571s]    49 |  [01;31m[Ktf2[m[K::Matrix3x3 m(q);
[5.571s]       |  [01;31m[K^~~[m[K
[5.572s] [01m[K/home/aayush/newest_frenet_planner/src/frenet_planner_ported/src/frenet_ros_obst.cpp:51:2:[m[K [01;31m[Kerror: [m[K‘[01m[Km[m[K’ was not declared in this scope
[5.572s]    51 |  [01;31m[Km[m[K.getRPY(roll, pitch, yaw);
[5.572s]       |  [01;31m[K^[m[K
[5.572s] In file included from [01m[K/home/aayush/newest_frenet_planner/src/frenet_planner_ported/src/frenet_ros_obst.cpp:2[m[K:
[5.572s] [01m[K/home/aayush/newest_frenet_planner/src/frenet_planner_ported/src/../include/frenet_optimal_trajectory.hpp:81:20:[m[K [01;35m[Kwarning: [m[Kstatement has no effect [[01;35m[K-Wunused-value[m[K]
[5.573s]    81 | #define trace(...) [01;35m[K42[m[K
[5.573s]       |                    [01;35m[K^~[m[K
[5.573s] [01m[K/home/aayush/newest_frenet_planner/src/frenet_planner_ported/src/frenet_ros_obst.cpp:52:2:[m[K [01;36m[Knote: [m[Kin expansion of macro ‘[01m[Ktrace[m[K’
[5.573s]    52 |  [01;36m[Ktrace[m[K(yaw, pitch, roll); // is -nan
[5.573s]       |  [01;36m[K^~~~~[m[K
[5.574s] [01m[K/home/aayush/newest_frenet_planner/src/frenet_planner_ported/src/frenet_ros_obst.cpp:[m[K In function ‘[01m[Kvoid initial_conditions_path(Spline2D&, double&, double&, double&, double&, double&, double&, FrenetPath&)[m[K’:
[5.574s] [01m[K/home/aayush/newest_frenet_planner/src/frenet_planner_ported/src/frenet_ros_obst.cpp:56:40:[m[K [01;35m[Kwarning: [m[Kunused parameter ‘[01m[Kcsp[m[K’ [[01;35m[K-Wunused-parameter[m[K]
[5.574s]    56 | void initial_conditions_path([01;35m[KSpline2D &csp[m[K, double &s0, double &c_speed, double &c_d, double &c_d_d,
[5.574s]       |                              [01;35m[K~~~~~~~~~~^~~[m[K
[5.575s] In file included from [01m[K/home/aayush/newest_frenet_planner/src/frenet_planner_ported/src/frenet_ros_obst.cpp:2[m[K:
[5.575s] [01m[K/home/aayush/newest_frenet_planner/src/frenet_planner_ported/src/frenet_ros_obst.cpp:[m[K In function ‘[01m[Kint initial_conditions_new(Spline2D&, vecD&, vecD&, vecD&, vecD&, vecD&, double&, double&, double&, double&, double&, double&, FrenetPath&)[m[K’:
[5.575s] [01m[K/home/aayush/newest_frenet_planner/src/frenet_planner_ported/src/../include/frenet_optimal_trajectory.hpp:81:20:[m[K [01;35m[Kwarning: [m[Kstatement has no effect [[01;35m[K-Wunused-value[m[K]
[5.575s]    81 | #define trace(...) [01;35m[K42[m[K
[5.575s]       |                    [01;35m[K^~[m[K
[5.576s] [01m[K/home/aayush/newest_frenet_planner/src/frenet_planner_ported/src/frenet_ros_obst.cpp:97:2:[m[K [01;36m[Knote: [m[Kin expansion of macro ‘[01m[Ktrace[m[K’
[5.576s]    97 |  [01;36m[Ktrace[m[K(bot_yaw, g_path_yaw);
[5.576s]       |  [01;36m[K^~~~~[m[K
[5.576s] [01m[K/home/aayush/newest_frenet_planner/src/frenet_planner_ported/src/../include/frenet_optimal_trajectory.hpp:81:20:[m[K [01;35m[Kwarning: [m[Kstatement has no effect [[01;35m[K-Wunused-value[m[K]
[5.577s]    81 | #define trace(...) [01;35m[K42[m[K
[5.577s]       |                    [01;35m[K^~[m[K
[5.577s] [01m[K/home/aayush/newest_frenet_planner/src/frenet_planner_ported/src/frenet_ros_obst.cpp:99:2:[m[K [01;36m[Knote: [m[Kin expansion of macro ‘[01m[Ktrace[m[K’
[5.577s]    99 |  [01;36m[Ktrace[m[K(delta_theta);
[5.577s]       |  [01;36m[K^~~~~[m[K
[5.578s] [01m[K/home/aayush/newest_frenet_planner/src/frenet_planner_ported/src/frenet_ros_obst.cpp:72:38:[m[K [01;35m[Kwarning: [m[Kunused parameter ‘[01m[Kcsp[m[K’ [[01;35m[K-Wunused-parameter[m[K]
[5.578s]    72 | int initial_conditions_new([01;35m[KSpline2D &csp[m[K, vecD &global_s, vecD &global_x, vecD &global_y,
[5.578s]       |                            [01;35m[K~~~~~~~~~~^~~[m[K
[5.587s] [01m[K/home/aayush/newest_frenet_planner/src/frenet_planner_ported/src/frenet_ros_obst.cpp:[m[K At global scope:
[5.588s] [01m[K/home/aayush/newest_frenet_planner/src/frenet_planner_ported/src/frenet_ros_obst.cpp:108:33:[m[K [01;31m[Kerror: [m[Kvariable or field ‘[01m[KpublishPath[m[K’ declared void
[5.588s]   108 | void publishPath(nav_msgs::msg::[01;31m[KPath[m[K &path_msg, FrenetPath &path, vecD &rk, vecD &ryaw, double &c_speed,
[5.588s]       |                                 [01;31m[K^~~~[m[K
[5.588s] [01m[K/home/aayush/newest_frenet_planner/src/frenet_planner_ported/src/frenet_ros_obst.cpp:108:33:[m[K [01;31m[Kerror: [m[K‘[01m[KPath[m[K’ is not a member of ‘[01m[Knav_msgs::msg[m[K’
[5.589s] [01m[K/home/aayush/newest_frenet_planner/src/frenet_planner_ported/src/frenet_ros_obst.cpp:108:39:[m[K [01;31m[Kerror: [m[K‘[01m[Kpath_msg[m[K’ was not declared in this scope
[5.589s]   108 | void publishPath(nav_msgs::msg::Path &[01;31m[Kpath_msg[m[K, FrenetPath &path, vecD &rk, vecD &ryaw, double &c_speed,
[5.589s]       |                                       [01;31m[K^~~~~~~~[m[K
[5.589s] [01m[K/home/aayush/newest_frenet_planner/src/frenet_planner_ported/src/frenet_ros_obst.cpp:108:60:[m[K [01;31m[Kerror: [m[Kexpected primary-expression before ‘[01m[K&[m[K’ token
[5.589s]   108 | void publishPath(nav_msgs::msg::Path &path_msg, FrenetPath [01;31m[K&[m[Kpath, vecD &rk, vecD &ryaw, double &c_speed,
[5.590s]       |                                                            [01;31m[K^[m[K
[5.590s] [01m[K/home/aayush/newest_frenet_planner/src/frenet_planner_ported/src/frenet_ros_obst.cpp:108:61:[m[K [01;31m[Kerror: [m[K‘[01m[Kpath[m[K’ was not declared in this scope
[5.590s]   108 | void publishPath(nav_msgs::msg::Path &path_msg, FrenetPath &[01;31m[Kpath[m[K, vecD &rk, vecD &ryaw, double &c_speed,
[5.590s]       |                                                             [01;31m[K^~~~[m[K
[5.591s] [01m[K/home/aayush/newest_frenet_planner/src/frenet_planner_ported/src/frenet_ros_obst.cpp:108:72:[m[K [01;31m[Kerror: [m[Kexpected primary-expression before ‘[01m[K&[m[K’ token
[5.600s]   108 | hPath(nav_msgs::msg::Path &path_msg, FrenetPath &path, vecD [01;31m[K&[m[Krk, vecD &ryaw, double &c_speed,
[5.601s]       |                                                             [01;31m[K^[m[K
[5.601s] 
[5.601s] [01m[K/home/aayush/newest_frenet_planner/src/frenet_planner_ported/src/frenet_ros_obst.cpp:108:73:[m[K [01;31m[Kerror: [m[K‘[01m[Krk[m[K’ was not declared in this scope
[5.601s]   108 | Path(nav_msgs::msg::Path &path_msg, FrenetPath &path, vecD &[01;31m[Krk[m[K, vecD &ryaw, double &c_speed,
[5.602s]       |                                                             [01;31m[K^~[m[K
[5.602s] 
[5.602s] [01m[K/home/aayush/newest_frenet_planner/src/frenet_planner_ported/src/frenet_ros_obst.cpp:108:82:[m[K [01;31m[Kerror: [m[Kexpected primary-expression before ‘[01m[K&[m[K’ token
[5.602s]   108 | msgs::msg::Path &path_msg, FrenetPath &path, vecD &rk, vecD [01;31m[K&[m[Kryaw, double &c_speed,
[5.603s]       |                                                             [01;31m[K^[m[K
[5.603s] 
[5.603s] [01m[K/home/aayush/newest_frenet_planner/src/frenet_planner_ported/src/frenet_ros_obst.cpp:108:83:[m[K [01;31m[Kerror: [m[K‘[01m[Kryaw[m[K’ was not declared in this scope
[5.603s]   108 | sgs::msg::Path &path_msg, FrenetPath &path, vecD &rk, vecD &[01;31m[Kryaw[m[K, double &c_speed,
[5.603s]       |                                                             [01;31m[K^~~~[m[K
[5.604s] 
[5.604s] [01m[K/home/aayush/newest_frenet_planner/src/frenet_planner_ported/src/frenet_ros_obst.cpp:108:89:[m[K [01;31m[Kerror: [m[Kexpected primary-expression before ‘[01m[Kdouble[m[K’
[5.604s]   108 | :msg::Path &path_msg, FrenetPath &path, vecD &rk, vecD &ryaw, [01;31m[Kdouble[m[K &c_speed,
[5.604s]       |                                                               [01;31m[K^~~~~~[m[K
[5.604s] 
[5.605s] [01m[K/home/aayush/newest_frenet_planner/src/frenet_planner_ported/src/frenet_ros_obst.cpp:109:6:[m[K [01;31m[Kerror: [m[Kexpected primary-expression before ‘[01m[Kdouble[m[K’
[5.608s]   109 |      [01;31m[Kdouble[m[K &c_d, double &c_d_d)
[5.609s]       |      [01;31m[K^~~~~~[m[K
[5.609s] [01m[K/home/aayush/newest_frenet_planner/src/frenet_planner_ported/src/frenet_ros_obst.cpp:109:19:[m[K [01;31m[Kerror: [m[Kexpected primary-expression before ‘[01m[Kdouble[m[K’
[5.609s]   109 |      double &c_d, [01;31m[Kdouble[m[K &c_d_d)
[5.609s]       |                   [01;31m[K^~~~~~[m[K
[5.610s] [01m[K/home/aayush/newest_frenet_planner/src/frenet_planner_ported/src/frenet_ros_obst.cpp:[m[K In function ‘[01m[Kint main(int, char**)[m[K’:
[5.610s] [01m[K/home/aayush/newest_frenet_planner/src/frenet_planner_ported/src/frenet_ros_obst.cpp:132:2:[m[K [01;31m[Kerror: [m[K‘[01m[Krclcpp[m[K’ has not been declared
[5.610s]   132 |  [01;31m[Krclcpp[m[K::init(argc, argv);
[5.610s]       |  [01;31m[K^~~~~~[m[K
[5.610s] [01m[K/home/aayush/newest_frenet_planner/src/frenet_planner_ported/src/frenet_ros_obst.cpp:133:31:[m[K [01;31m[Kerror: [m[K‘[01m[KFrenetClass[m[K’ was not declared in this scope
[5.611s]   133 |  auto node = std::make_shared<[01;31m[KFrenetClass[m[K>();
[5.611s]       |                               [01;31m[K^~~~~~~~~~~[m[K
[5.611s] [01m[K/home/aayush/newest_frenet_planner/src/frenet_planner_ported/src/frenet_ros_obst.cpp:133:44:[m[K [01;31m[Kerror: [m[Kno matching function for call to ‘[01m[Kmake_shared<<expression error> >()[m[K’
[5.611s]   133 |  auto node = std::make_shared<FrenetClass>([01;31m[K)[m[K;
[5.611s]       |                                            [01;31m[K^[m[K
[5.612s] In file included from [01m[K/usr/include/c++/9/memory:81[m[K,
[5.612s]                  from [01m[K/opt/ros/foxy/include/rosidl_runtime_cpp/bounded_vector.hpp:19[m[K,
[5.612s]                  from [01m[K/opt/ros/foxy/include/nav_msgs/msg/detail/odometry__struct.hpp:8[m[K,
[5.612s]                  from [01m[K/opt/ros/foxy/include/nav_msgs/msg/odometry.hpp:7[m[K,
[5.612s]                  from [01m[K/home/aayush/newest_frenet_planner/src/frenet_planner_ported/src/../include/../include/parameters.hpp:3[m[K,
[5.613s]                  from [01m[K/home/aayush/newest_frenet_planner/src/frenet_planner_ported/src/../include/frenet_optimal_trajectory.hpp:5[m[K,
[5.613s]                  from [01m[K/home/aayush/newest_frenet_planner/src/frenet_planner_ported/src/frenet_ros_obst.cpp:2[m[K:
[5.613s] [01m[K/usr/include/c++/9/bits/shared_ptr.h:714:5:[m[K [01;36m[Knote: [m[Kcandidate: ‘[01m[Ktemplate<class _Tp, class ... _Args> std::shared_ptr<_Tp> std::make_shared(_Args&& ...)[m[K’
[5.613s]   714 |     [01;36m[Kmake_shared[m[K(_Args&&... __args)
[5.613s]       |     [01;36m[K^~~~~~~~~~~[m[K
[5.614s] [01m[K/usr/include/c++/9/bits/shared_ptr.h:714:5:[m[K [01;36m[Knote: [m[K  template argument deduction/substitution failed:
[5.614s] [01m[K/home/aayush/newest_frenet_planner/src/frenet_planner_ported/src/frenet_ros_obst.cpp:133:44:[m[K [01;31m[Kerror: [m[Ktemplate argument 1 is invalid
[5.614s]   133 |  auto node = std::make_shared<FrenetClass>([01;31m[K)[m[K;
[5.614s]       |                                            [01;31m[K^[m[K
[5.615s] [01m[K/home/aayush/newest_frenet_planner/src/frenet_planner_ported/src/frenet_ros_obst.cpp:138:2:[m[K [01;31m[Kerror: [m[K‘[01m[KRCLCPP_INFO[m[K’ was not declared in this scope
[5.615s]   138 |  [01;31m[KRCLCPP_INFO[m[K(node->get_logger(), "running main");
[5.615s]       |  [01;31m[K^~~~~~~~~~~[m[K
[5.615s] [01m[K/home/aayush/newest_frenet_planner/src/frenet_planner_ported/src/frenet_ros_obst.cpp:147:13:[m[K [01;31m[Kerror: [m[K‘[01m[KFrenetPath::FrenetPath()[m[K’ is private within this context
[5.622s]   147 |  FrenetPath [01;31m[Kpath[m[K;
[5.623s]       |             [01;31m[K^~~~[m[K
[5.623s] In file included from [01m[K/home/aayush/newest_frenet_planner/src/frenet_planner_ported/src/frenet_ros_obst.cpp:2[m[K:
[5.623s] [01m[K/home/aayush/newest_frenet_planner/src/frenet_planner_ported/src/../include/frenet_optimal_trajectory.hpp:11:3:[m[K [01;36m[Knote: [m[Kdeclared private here
[5.623s]    11 |   [01;36m[KFrenetPath[m[K();
[5.623s]       |   [01;36m[K^~~~~~~~~~[m[K
[5.624s] [01m[K/home/aayush/newest_frenet_planner/src/frenet_planner_ported/src/frenet_ros_obst.cpp:148:13:[m[K [01;31m[Kerror: [m[K‘[01m[KFrenetPath::FrenetPath()[m[K’ is private within this context
[5.624s]   148 |  FrenetPath [01;31m[Klp[m[K;
[5.631s]       |             [01;31m[K^~[m[K
[5.631s] In file included from [01m[K/home/aayush/newest_frenet_planner/src/frenet_planner_ported/src/frenet_ros_obst.cpp:2[m[K:
[5.631s] [01m[K/home/aayush/newest_frenet_planner/src/frenet_planner_ported/src/../include/frenet_optimal_trajectory.hpp:11:3:[m[K [01;36m[Knote: [m[Kdeclared private here
[5.632s]    11 |   [01;36m[KFrenetPath[m[K();
[5.632s]       |   [01;36m[K^~~~~~~~~~[m[K
[5.632s] [01m[K/home/aayush/newest_frenet_planner/src/frenet_planner_ported/src/frenet_ros_obst.cpp:162:2:[m[K [01;31m[Kerror: [m[K‘[01m[Kplt[m[K’ has not been declared
[5.632s]   162 |  [01;31m[Kplt[m[K::ion();
[5.632s]       |  [01;31m[K^~~[m[K
[5.633s] [01m[K/home/aayush/newest_frenet_planner/src/frenet_planner_ported/src/frenet_ros_obst.cpp:163:3:[m[K [01;31m[Kerror: [m[K‘[01m[Kplt[m[K’ has not been declared
[5.633s]   163 |   [01;31m[Kplt[m[K::show();
[5.633s]       |   [01;31m[K^~~[m[K
[5.633s] [01m[K/home/aayush/newest_frenet_planner/src/frenet_planner_ported/src/frenet_ros_obst.cpp:168:9:[m[K [01;31m[Kerror: [m[K‘[01m[Krclcpp[m[K’ has not been declared
[5.633s]   168 |  while ([01;31m[Krclcpp[m[K::ok())
[5.634s]       |         [01;31m[K^~~~~~[m[K
[5.634s] [01m[K/home/aayush/newest_frenet_planner/src/frenet_planner_ported/src/frenet_ros_obst.cpp:171:3:[m[K [01;31m[Kerror: [m[K‘[01m[Krclcpp[m[K’ has not been declared
[5.634s]   171 |   [01;31m[Krclcpp[m[K::spin_some(node);
[5.634s]       |   [01;31m[K^~~~~~[m[K
[5.635s] [01m[K/home/aayush/newest_frenet_planner/src/frenet_planner_ported/src/frenet_ros_obst.cpp:172:12:[m[K [01;31m[Kerror: [m[Kaggregate ‘[01m[Kstd::ofstream fout[m[K’ has incomplete type and cannot be defined
[5.635s]   172 |   ofstream [01;31m[Kfout[m[K;
[5.635s]       |            [01;31m[K^~~~[m[K
[5.635s] In file included from [01m[K/home/aayush/newest_frenet_planner/src/frenet_planner_ported/src/frenet_ros_obst.cpp:2[m[K:
[5.635s] [01m[K/home/aayush/newest_frenet_planner/src/frenet_planner_ported/src/../include/frenet_optimal_trajectory.hpp:81:20:[m[K [01;35m[Kwarning: [m[Kstatement has no effect [[01;35m[K-Wunused-value[m[K]
[5.636s]    81 | #define trace(...) [01;35m[K42[m[K
[5.636s]       |                    [01;35m[K^~[m[K
[5.636s] [01m[K/home/aayush/newest_frenet_planner/src/frenet_planner_ported/src/frenet_ros_obst.cpp:205:3:[m[K [01;36m[Knote: [m[Kin expansion of macro ‘[01m[Ktrace[m[K’
[5.636s]   205 |   [01;36m[Ktrace[m[K("frenet optimal planning", s0, c_speed, c_d, c_d_d, c_d_dd, lp, bot_yaw);
[5.637s]       |   [01;36m[K^~~~~[m[K
[5.637s] [01m[K/home/aayush/newest_frenet_planner/src/frenet_planner_ported/src/frenet_ros_obst.cpp:243:18:[m[K [01;31m[Kerror: [m[K‘[01m[KPath[m[K’ is not a member of ‘[01m[Knav_msgs::msg[m[K’
[5.637s]   243 |   nav_msgs::msg::[01;31m[KPath[m[K path_msg;
[5.637s]       |                  [01;31m[K^~~~[m[K
[5.637s] [01m[K/home/aayush/newest_frenet_planner/src/frenet_planner_ported/src/frenet_ros_obst.cpp:244:18:[m[K [01;31m[Kerror: [m[K‘[01m[KPath[m[K’ is not a member of ‘[01m[Knav_msgs::msg[m[K’
[5.638s]   244 |   nav_msgs::msg::[01;31m[KPath[m[K global_path_msg;
[5.638s]       |                  [01;31m[K^~~~[m[K
[5.655s] [01m[K/home/aayush/newest_frenet_planner/src/frenet_planner_ported/src/frenet_ros_obst.cpp:245:3:[m[K [01;31m[Kerror: [m[K‘[01m[Kpath_msg[m[K’ was not declared in this scope
[5.655s]   245 |   [01;31m[Kpath_msg[m[K.header.frame_id = "map";
[5.656s]       |   [01;31m[K^~~~~~~~[m[K
[5.656s] [01m[K/home/aayush/newest_frenet_planner/src/frenet_planner_ported/src/frenet_ros_obst.cpp:246:3:[m[K [01;31m[Kerror: [m[K‘[01m[Kglobal_path_msg[m[K’ was not declared in this scope
[5.656s]   246 |   [01;31m[Kglobal_path_msg[m[K.header.frame_id = "map";
[5.656s]       |   [01;31m[K^~~~~~~~~~~~~~~[m[K
[5.657s] [01m[K/home/aayush/newest_frenet_planner/src/frenet_planner_ported/src/frenet_ros_obst.cpp:251:24:[m[K [01;31m[Kerror: [m[K‘[01m[KPoseStamped[m[K’ is not a member of ‘[01m[Kgeometry_msgs::msg[m[K’; did you mean ‘[01m[KPolygonStamped[m[K’?
[5.657s]   251 |    geometry_msgs::msg::[01;31m[KPoseStamped[m[K loc;
[5.657s]       |                        [01;31m[K^~~~~~~~~~~[m[K
[5.657s]       |                        [32m[KPolygonStamped[m[K
[5.657s] [01m[K/home/aayush/newest_frenet_planner/src/frenet_planner_ported/src/frenet_ros_obst.cpp:252:4:[m[K [01;31m[Kerror: [m[K‘[01m[Kloc[m[K’ was not declared in this scope; did you mean ‘[01m[Klog[m[K’?
[5.658s]   252 |    [01;31m[Kloc[m[K.pose.position.x = rx[i];
[5.658s]       |    [01;31m[K^~~[m[K
[5.658s]       |    [32m[Klog[m[K
[5.658s] [01m[K/home/aayush/newest_frenet_planner/src/frenet_planner_ported/src/frenet_ros_obst.cpp:259:4:[m[K [01;31m[Kerror: [m[K‘[01m[Kplt[m[K’ has not been declared
[5.659s]   259 |    [01;31m[Kplt[m[K::ion();
[5.659s]       |    [01;31m[K^~~[m[K
[5.659s] [01m[K/home/aayush/newest_frenet_planner/src/frenet_planner_ported/src/frenet_ros_obst.cpp:260:4:[m[K [01;31m[Kerror: [m[K‘[01m[Kplt[m[K’ has not been declared
[5.659s]   260 |    [01;31m[Kplt[m[K::show();
[5.659s]       |    [01;31m[K^~~[m[K
[5.660s] [01m[K/home/aayush/newest_frenet_planner/src/frenet_planner_ported/src/frenet_ros_obst.cpp:261:4:[m[K [01;31m[Kerror: [m[K‘[01m[Kplt[m[K’ has not been declared
[5.660s]   261 |    [01;31m[Kplt[m[K::plot(lp.get_x(), lp.get_y());
[5.660s]       |    [01;31m[K^~~[m[K
[5.660s] [01m[K/home/aayush/newest_frenet_planner/src/frenet_planner_ported/src/frenet_ros_obst.cpp:262:4:[m[K [01;31m[Kerror: [m[K‘[01m[Kplt[m[K’ has not been declared
[5.660s]   262 |    [01;31m[Kplt[m[K::pause(0.001);
[5.661s]       |    [01;31m[K^~~[m[K
[5.661s] [01m[K/home/aayush/newest_frenet_planner/src/frenet_planner_ported/src/frenet_ros_obst.cpp:263:4:[m[K [01;31m[Kerror: [m[K‘[01m[Kplt[m[K’ has not been declared
[5.661s]   263 |    [01;31m[Kplt[m[K::plot(rx, ry);
[5.661s]       |    [01;31m[K^~~[m[K
[5.661s] [01m[K/home/aayush/newest_frenet_planner/src/frenet_planner_ported/src/frenet_ros_obst.cpp:264:4:[m[K [01;31m[Kerror: [m[K‘[01m[Kplt[m[K’ has not been declared
[5.662s]   264 |    [01;31m[Kplt[m[K::scatter(ob_x,ob_y);
[5.662s]       |    [01;31m[K^~~[m[K
[5.662s] [01m[K/home/aayush/newest_frenet_planner/src/frenet_planner_ported/src/frenet_ros_obst.cpp:265:4:[m[K [01;31m[Kerror: [m[K‘[01m[Kplt[m[K’ has not been declared
[5.666s]   265 |    [01;31m[Kplt[m[K::pause(0.001);
[5.667s]       |    [01;31m[K^~~[m[K
[5.667s] [01m[K/home/aayush/newest_frenet_planner/src/frenet_planner_ported/src/frenet_ros_obst.cpp:275:3:[m[K [01;31m[Kerror: [m[K‘[01m[KpublishPath[m[K’ was not declared in this scope
[5.667s]   275 |   [01;31m[KpublishPath[m[K(path_msg, path, rk, ryaw, c_d, c_speed, c_d_d);
[5.667s]       |   [01;31m[K^~~~~~~~~~~[m[K
[5.667s] [01m[K/home/aayush/newest_frenet_planner/src/frenet_planner_ported/src/frenet_ros_obst.cpp:175:10:[m[K [01;35m[Kwarning: [m[Kunused variable ‘[01m[KstartTime1[m[K’ [[01;35m[K-Wunused-variable[m[K]
[5.668s]   175 |   double [01;35m[KstartTime1[m[K = omp_get_wtime();
[5.675s]       |          [01;35m[K^~~~~~~~~~[m[K
[5.675s] [01m[K/home/aayush/newest_frenet_planner/src/frenet_planner_ported/src/frenet_ros_obst.cpp:194:10:[m[K [01;35m[Kwarning: [m[Kunused variable ‘[01m[KendTime1[m[K’ [[01;35m[K-Wunused-variable[m[K]
[5.675s]   194 |   double [01;35m[KendTime1[m[K = omp_get_wtime();
[5.675s]       |          [01;35m[K^~~~~~~~[m[K
[5.676s] [01m[K/home/aayush/newest_frenet_planner/src/frenet_planner_ported/src/frenet_ros_obst.cpp:273:10:[m[K [01;35m[Kwarning: [m[Kunused variable ‘[01m[KstartTime3[m[K’ [[01;35m[K-Wunused-variable[m[K]
[5.676s]   273 |   double [01;35m[KstartTime3[m[K = omp_get_wtime();
[5.676s]       |          [01;35m[K^~~~~~~~~~[m[K
[5.676s] [01m[K/home/aayush/newest_frenet_planner/src/frenet_planner_ported/src/frenet_ros_obst.cpp:276:10:[m[K [01;35m[Kwarning: [m[Kunused variable ‘[01m[KendTime3[m[K’ [[01;35m[K-Wunused-variable[m[K]
[5.677s]   276 |   double [01;35m[KendTime3[m[K = omp_get_wtime();
[5.677s]       |          [01;35m[K^~~~~~~~[m[K
[5.677s] [01m[K/home/aayush/newest_frenet_planner/src/frenet_planner_ported/src/frenet_ros_obst.cpp:131:7:[m[K [01;35m[Kwarning: [m[Kunused variable ‘[01m[KgotOdom[m[K’ [[01;35m[K-Wunused-variable[m[K]
[5.677s]   131 |  bool [01;35m[KgotOdom[m[K = false;
[5.677s]       |       [01;35m[K^~~~~~~[m[K
[5.678s] [01m[K/home/aayush/newest_frenet_planner/src/frenet_planner_ported/src/frenet_ros_obst.cpp:165:9:[m[K [01;35m[Kwarning: [m[Kunused variable ‘[01m[Kpltbasetime[m[K’ [[01;35m[K-Wunused-variable[m[K]
[5.678s]   165 |  double [01;35m[Kpltbasetime[m[K = omp_get_wtime();
[5.678s]       |         [01;35m[K^~~~~~~~~~~[m[K
[5.678s] [01m[K/home/aayush/newest_frenet_planner/src/frenet_planner_ported/src/frenet_ros_obst.cpp:167:6:[m[K [01;35m[Kwarning: [m[Kunused variable ‘[01m[Kiteration_count[m[K’ [[01;35m[K-Wunused-variable[m[K]
[5.679s]   167 |  int [01;35m[Kiteration_count[m[K = 1;
[5.679s]       |      [01;35m[K^~~~~~~~~~~~~~~[m[K
[5.971s] make[2]: *** [CMakeFiles/frenet_ros_obst.dir/build.make:63: CMakeFiles/frenet_ros_obst.dir/src/frenet_ros_obst.cpp.o] Error 1
[5.972s] make[2]: *** Waiting for unfinished jobs....
[7.913s] In file included from [01m[K/home/aayush/newest_frenet_planner/src/frenet_planner_ported/src/frenet_planner.cpp:8[m[K:
[7.914s] [01m[K/home/aayush/newest_frenet_planner/src/frenet_planner_ported/./include/matplotlibcpp.hpp:314:36:[m[K [01;35m[Kwarning: [m[Kstatic_assert without a message only available with ‘[01m[K-std=c++17[m[K’ or ‘[01m[K-std=gnu++17[m[K’ [[01;35m[K-Wpedantic[m[K]
[7.914s]   314 | static_assert(sizeof(long long) == [01;35m[K8[m[K);
[7.914s]       |                                    [01;35m[K^[m[K
[7.914s] [01m[K/home/aayush/newest_frenet_planner/src/frenet_planner_ported/./include/matplotlibcpp.hpp:316:45:[m[K [01;35m[Kwarning: [m[Kstatic_assert without a message only available with ‘[01m[K-std=c++17[m[K’ or ‘[01m[K-std=gnu++17[m[K’ [[01;35m[K-Wpedantic[m[K]
[7.915s]   316 | static_assert(sizeof(unsigned long long) == [01;35m[K8[m[K);
[7.915s]       |                                             [01;35m[K^[m[K
[10.373s] In file included from [01m[K/home/aayush/newest_frenet_planner/src/frenet_planner_ported/src/frenet_planner.cpp:10[m[K:
[10.373s] [01m[K/home/aayush/newest_frenet_planner/src/frenet_planner_ported/src/../include/frenet_optimal_trajectory.hpp:10:1:[m[K [01;31m[Kerror: [m[Kexpected class-name before ‘[01m[K{[m[K’ token
[10.373s]    10 | [01;31m[K{[m[K
[10.374s]       | [01;31m[K^[m[K
[10.376s] [01m[K/home/aayush/newest_frenet_planner/src/frenet_planner_ported/src/../include/frenet_optimal_trajectory.hpp:[m[K In function ‘[01m[Kstd::ostream& operator<<(std::ostream&, const FrenetPath&)[m[K’:
[10.378s] [01m[K/home/aayush/newest_frenet_planner/src/frenet_planner_ported/src/../include/frenet_optimal_trajectory.hpp:81:20:[m[K [01;35m[Kwarning: [m[Kstatement has no effect [[01;35m[K-Wunused-value[m[K]
[10.378s]    81 | #define trace(...) [01;35m[K42[m[K
[10.378s]       |                    [01;35m[K^~[m[K
[10.379s] [01m[K/home/aayush/newest_frenet_planner/src/frenet_planner_ported/src/../include/frenet_optimal_trajectory.hpp:81:20:[m[K [01;36m[Knote: [m[Kin definition of macro ‘[01m[Ktrace[m[K’
[10.379s]    81 | #define trace(...) [01;36m[K42[m[K
[10.379s]       |                    [01;36m[K^~[m[K
[10.380s] [01m[K/home/aayush/newest_frenet_planner/src/frenet_planner_ported/src/../include/frenet_optimal_trajectory.hpp:81:20:[m[K [01;35m[Kwarning: [m[Kstatement has no effect [[01;35m[K-Wunused-value[m[K]
[10.380s]    81 | #define trace(...) [01;35m[K42[m[K
[10.380s]       |                    [01;35m[K^~[m[K
[10.380s] [01m[K/home/aayush/newest_frenet_planner/src/frenet_planner_ported/src/../include/frenet_optimal_trajectory.hpp:81:20:[m[K [01;36m[Knote: [m[Kin definition of macro ‘[01m[Ktrace[m[K’
[10.381s]    81 | #define trace(...) [01;36m[K42[m[K
[10.381s]       |                    [01;36m[K^~[m[K
[10.381s] [01m[K/home/aayush/newest_frenet_planner/src/frenet_planner_ported/src/../include/frenet_optimal_trajectory.hpp:81:20:[m[K [01;35m[Kwarning: [m[Kstatement has no effect [[01;35m[K-Wunused-value[m[K]
[10.381s]    81 | #define trace(...) [01;35m[K42[m[K
[10.381s]       |                    [01;35m[K^~[m[K
[10.382s] [01m[K/home/aayush/newest_frenet_planner/src/frenet_planner_ported/src/../include/frenet_optimal_trajectory.hpp:81:20:[m[K [01;36m[Knote: [m[Kin definition of macro ‘[01m[Ktrace[m[K’
[10.382s]    81 | #define trace(...) [01;36m[K42[m[K
[10.382s]       |                    [01;36m[K^~[m[K
[10.382s] [01m[K/home/aayush/newest_frenet_planner/src/frenet_planner_ported/src/../include/frenet_optimal_trajectory.hpp:81:20:[m[K [01;35m[Kwarning: [m[Kstatement has no effect [[01;35m[K-Wunused-value[m[K]
[10.382s]    81 | #define trace(...) [01;35m[K42[m[K
[10.383s]       |                    [01;35m[K^~[m[K
[10.383s] [01m[K/home/aayush/newest_frenet_planner/src/frenet_planner_ported/src/../include/frenet_optimal_trajectory.hpp:81:20:[m[K [01;36m[Knote: [m[Kin definition of macro ‘[01m[Ktrace[m[K’
[10.383s]    81 | #define trace(...) [01;36m[K42[m[K
[10.383s]       |                    [01;36m[K^~[m[K
[10.383s] [01m[K/home/aayush/newest_frenet_planner/src/frenet_planner_ported/src/../include/frenet_optimal_trajectory.hpp:81:20:[m[K [01;35m[Kwarning: [m[Kstatement has no effect [[01;35m[K-Wunused-value[m[K]
[10.384s]    81 | #define trace(...) [01;35m[K42[m[K
[10.384s]       |                    [01;35m[K^~[m[K
[10.384s] [01m[K/home/aayush/newest_frenet_planner/src/frenet_planner_ported/src/../include/frenet_optimal_trajectory.hpp:81:20:[m[K [01;36m[Knote: [m[Kin definition of macro ‘[01m[Ktrace[m[K’
[10.384s]    81 | #define trace(...) [01;36m[K42[m[K
[10.384s]       |                    [01;36m[K^~[m[K
[10.385s] [01m[K/home/aayush/newest_frenet_planner/src/frenet_planner_ported/src/../include/frenet_optimal_trajectory.hpp:81:20:[m[K [01;35m[Kwarning: [m[Kstatement has no effect [[01;35m[K-Wunused-value[m[K]
[10.385s]    81 | #define trace(...) [01;35m[K42[m[K
[10.385s]       |                    [01;35m[K^~[m[K
[10.385s] [01m[K/home/aayush/newest_frenet_planner/src/frenet_planner_ported/src/../include/frenet_optimal_trajectory.hpp:81:20:[m[K [01;36m[Knote: [m[Kin definition of macro ‘[01m[Ktrace[m[K’
[10.385s]    81 | #define trace(...) [01;36m[K42[m[K
[10.386s]       |                    [01;36m[K^~[m[K
[10.386s] [01m[K/home/aayush/newest_frenet_planner/src/frenet_planner_ported/src/../include/frenet_optimal_trajectory.hpp:81:20:[m[K [01;35m[Kwarning: [m[Kstatement has no effect [[01;35m[K-Wunused-value[m[K]
[10.386s]    81 | #define trace(...) [01;35m[K42[m[K
[10.386s]       |                    [01;35m[K^~[m[K
[10.387s] [01m[K/home/aayush/newest_frenet_planner/src/frenet_planner_ported/src/../include/frenet_optimal_trajectory.hpp:81:20:[m[K [01;36m[Knote: [m[Kin definition of macro ‘[01m[Ktrace[m[K’
[10.387s]    81 | #define trace(...) [01;36m[K42[m[K
[10.387s]       |                    [01;36m[K^~[m[K
[10.387s] [01m[K/home/aayush/newest_frenet_planner/src/frenet_planner_ported/src/../include/frenet_optimal_trajectory.hpp:81:20:[m[K [01;35m[Kwarning: [m[Kstatement has no effect [[01;35m[K-Wunused-value[m[K]
[10.388s]    81 | #define trace(...) [01;35m[K42[m[K
[10.390s]       |                    [01;35m[K^~[m[K
[10.390s] [01m[K/home/aayush/newest_frenet_planner/src/frenet_planner_ported/src/../include/frenet_optimal_trajectory.hpp:81:20:[m[K [01;36m[Knote: [m[Kin definition of macro ‘[01m[Ktrace[m[K’
[10.391s]    81 | #define trace(...) [01;36m[K42[m[K
[10.391s]       |                    [01;36m[K^~[m[K
[10.392s] [01m[K/home/aayush/newest_frenet_planner/src/frenet_planner_ported/src/../include/frenet_optimal_trajectory.hpp:81:20:[m[K [01;35m[Kwarning: [m[Kstatement has no effect [[01;35m[K-Wunused-value[m[K]
[10.392s]    81 | #define trace(...) [01;35m[K42[m[K
[10.392s]       |                    [01;35m[K^~[m[K
[10.392s] [01m[K/home/aayush/newest_frenet_planner/src/frenet_planner_ported/src/../include/frenet_optimal_trajectory.hpp:81:20:[m[K [01;36m[Knote: [m[Kin definition of macro ‘[01m[Ktrace[m[K’
[10.392s]    81 | #define trace(...) [01;36m[K42[m[K
[10.393s]       |                    [01;36m[K^~[m[K
[10.393s] [01m[K/home/aayush/newest_frenet_planner/src/frenet_planner_ported/src/../include/frenet_optimal_trajectory.hpp:81:20:[m[K [01;35m[Kwarning: [m[Kstatement has no effect [[01;35m[K-Wunused-value[m[K]
[10.393s]    81 | #define trace(...) [01;35m[K42[m[K
[10.393s]       |                    [01;35m[K^~[m[K
[10.393s] [01m[K/home/aayush/newest_frenet_planner/src/frenet_planner_ported/src/../include/frenet_optimal_trajectory.hpp:81:20:[m[K [01;36m[Knote: [m[Kin definition of macro ‘[01m[Ktrace[m[K’
[10.394s]    81 | #define trace(...) [01;36m[K42[m[K
[10.394s]       |                    [01;36m[K^~[m[K
[10.394s] [01m[K/home/aayush/newest_frenet_planner/src/frenet_planner_ported/src/../include/frenet_optimal_trajectory.hpp:81:20:[m[K [01;35m[Kwarning: [m[Kstatement has no effect [[01;35m[K-Wunused-value[m[K]
[10.394s]    81 | #define trace(...) [01;35m[K42[m[K
[10.394s]       |                    [01;35m[K^~[m[K
[10.395s] [01m[K/home/aayush/newest_frenet_planner/src/frenet_planner_ported/src/../include/frenet_optimal_trajectory.hpp:81:20:[m[K [01;36m[Knote: [m[Kin definition of macro ‘[01m[Ktrace[m[K’
[10.395s]    81 | #define trace(...) [01;36m[K42[m[K
[10.395s]       |                    [01;36m[K^~[m[K
[10.395s] [01m[K/home/aayush/newest_frenet_planner/src/frenet_planner_ported/src/../include/frenet_optimal_trajectory.hpp:81:20:[m[K [01;35m[Kwarning: [m[Kstatement has no effect [[01;35m[K-Wunused-value[m[K]
[10.396s]    81 | #define trace(...) [01;35m[K42[m[K
[10.396s]       |                    [01;35m[K^~[m[K
[10.396s] [01m[K/home/aayush/newest_frenet_planner/src/frenet_planner_ported/src/../include/frenet_optimal_trajectory.hpp:81:20:[m[K [01;36m[Knote: [m[Kin definition of macro ‘[01m[Ktrace[m[K’
[10.396s]    81 | #define trace(...) [01;36m[K42[m[K
[10.396s]       |                    [01;36m[K^~[m[K
[10.397s] [01m[K/home/aayush/newest_frenet_planner/src/frenet_planner_ported/src/../include/frenet_optimal_trajectory.hpp:81:20:[m[K [01;35m[Kwarning: [m[Kstatement has no effect [[01;35m[K-Wunused-value[m[K]
[10.397s]    81 | #define trace(...) [01;35m[K42[m[K
[10.397s]       |                    [01;35m[K^~[m[K
[10.397s] [01m[K/home/aayush/newest_frenet_planner/src/frenet_planner_ported/src/../include/frenet_optimal_trajectory.hpp:81:20:[m[K [01;36m[Knote: [m[Kin definition of macro ‘[01m[Ktrace[m[K’
[10.397s]    81 | #define trace(...) [01;36m[K42[m[K
[10.398s]       |                    [01;36m[K^~[m[K
[10.398s] [01m[K/home/aayush/newest_frenet_planner/src/frenet_planner_ported/src/../include/frenet_optimal_trajectory.hpp:82:59:[m[K [01;35m[Kwarning: [m[Kunused parameter ‘[01m[Kfp[m[K’ [[01;35m[K-Wunused-parameter[m[K]
[10.398s]    82 | inline ostream& operator<<(ostream& os, [01;35m[Kconst FrenetPath& fp[m[K)
[10.398s]       |                                         [01;35m[K~~~~~~~~~~~~~~~~~~^~[m[K
[10.398s] [01m[K/home/aayush/newest_frenet_planner/src/frenet_planner_ported/src/frenet_planner.cpp:[m[K In member function ‘[01m[Kvoid FrenetPath::calc_lon_paths_quintic_poly(double, double, double, double, double)[m[K’:
[10.399s] [01m[K/home/aayush/newest_frenet_planner/src/frenet_planner_ported/src/frenet_planner.cpp:69:91:[m[K [01;35m[Kwarning: [m[Kunused parameter ‘[01m[Kts[m[K’ [[01;35m[K-Wunused-parameter[m[K]
[10.399s]    69 | void FrenetPath::calc_lon_paths_quintic_poly(double c_speed, double s0, double Ti, [01;35m[Kdouble ts[m[K,
[10.399s]       |                                                                                    [01;35m[K~~~~~~~^~[m[K
[10.404s] [01m[K/home/aayush/newest_frenet_planner/src/frenet_planner_ported/src/frenet_planner.cpp:[m[K In function ‘[01m[Kstd::vector<FrenetPath> calc_frenet_paths(double, double, double, double, double, FrenetPath)[m[K’:
[10.406s] [01m[K/home/aayush/newest_frenet_planner/src/frenet_planner_ported/src/frenet_planner.cpp:145:16:[m[K [01;31m[Kerror: [m[K‘[01m[KFrenetPath::FrenetPath()[m[K’ is private within this context
[10.407s]   145 |     FrenetPath [01;31m[Kfp[m[K;
[10.407s]       |                [01;31m[K^~[m[K
[10.407s] In file included from [01m[K/home/aayush/newest_frenet_planner/src/frenet_planner_ported/src/frenet_planner.cpp:10[m[K:
[10.407s] [01m[K/home/aayush/newest_frenet_planner/src/frenet_planner_ported/src/../include/frenet_optimal_trajectory.hpp:11:3:[m[K [01;36m[Knote: [m[Kdeclared private here
[10.408s]    11 |   [01;36m[KFrenetPath[m[K();
[10.408s]       |   [01;36m[K^~~~~~~~~~[m[K
[10.409s] [01m[K/home/aayush/newest_frenet_planner/src/frenet_planner_ported/src/frenet_planner.cpp:146:16:[m[K [01;31m[Kerror: [m[K‘[01m[KFrenetPath::FrenetPath()[m[K’ is private within this context
[10.409s]   146 |     FrenetPath [01;31m[Ktfp[m[K;
[10.409s]       |                [01;31m[K^~~[m[K
[10.409s] In file included from [01m[K/home/aayush/newest_frenet_planner/src/frenet_planner_ported/src/frenet_planner.cpp:10[m[K:
[10.410s] [01m[K/home/aayush/newest_frenet_planner/src/frenet_planner_ported/src/../include/frenet_optimal_trajectory.hpp:11:3:[m[K [01;36m[Knote: [m[Kdeclared private here
[10.410s]    11 |   [01;36m[KFrenetPath[m[K();
[10.410s]       |   [01;36m[K^~~~~~~~~~[m[K
[10.410s] [01m[K/home/aayush/newest_frenet_planner/src/frenet_planner_ported/src/frenet_planner.cpp:173:17:[m[K [01;31m[Kerror: [m[K‘[01m[KFrenetPath::FrenetPath()[m[K’ is private within this context
[10.410s]   173 |      FrenetPath [01;31m[Kfp[m[K;
[10.411s]       |                 [01;31m[K^~[m[K
[10.411s] In file included from [01m[K/home/aayush/newest_frenet_planner/src/frenet_planner_ported/src/frenet_planner.cpp:10[m[K:
[10.411s] [01m[K/home/aayush/newest_frenet_planner/src/frenet_planner_ported/src/../include/frenet_optimal_trajectory.hpp:11:3:[m[K [01;36m[Knote: [m[Kdeclared private here
[10.411s]    11 |   [01;36m[KFrenetPath[m[K();
[10.411s]       |   [01;36m[K^~~~~~~~~~[m[K
[10.412s] [01m[K/home/aayush/newest_frenet_planner/src/frenet_planner_ported/src/frenet_planner.cpp:174:17:[m[K [01;31m[Kerror: [m[K‘[01m[KFrenetPath::FrenetPath()[m[K’ is private within this context
[10.412s]   174 |      FrenetPath [01;31m[Ktfp[m[K;
[10.412s]       |                 [01;31m[K^~~[m[K
[10.412s] In file included from [01m[K/home/aayush/newest_frenet_planner/src/frenet_planner_ported/src/frenet_planner.cpp:10[m[K:
[10.412s] [01m[K/home/aayush/newest_frenet_planner/src/frenet_planner_ported/src/../include/frenet_optimal_trajectory.hpp:11:3:[m[K [01;36m[Knote: [m[Kdeclared private here
[10.413s]    11 |   [01;36m[KFrenetPath[m[K();
[10.413s]       |   [01;36m[K^~~~~~~~~~[m[K
[10.414s] [01m[K/home/aayush/newest_frenet_planner/src/frenet_planner_ported/src/frenet_planner.cpp:[m[K In member function ‘[01m[Kvoid FrenetPath::adding_global_path(Spline2D)[m[K’:
[10.414s] [01m[K/home/aayush/newest_frenet_planner/src/frenet_planner_ported/src/frenet_planner.cpp:198:9:[m[K [01;35m[Kwarning: [m[Kunused variable ‘[01m[KstartTime1[m[K’ [[01;35m[K-Wunused-variable[m[K]
[10.414s]   198 |  double [01;35m[KstartTime1[m[K = omp_get_wtime();
[10.415s]       |         [01;35m[K^~~~~~~~~~[m[K
[10.415s] [01m[K/home/aayush/newest_frenet_planner/src/frenet_planner_ported/src/frenet_planner.cpp:249:9:[m[K [01;35m[Kwarning: [m[Kunused variable ‘[01m[KendTime1[m[K’ [[01;35m[K-Wunused-variable[m[K]
[10.415s]   249 |  double [01;35m[KendTime1[m[K = omp_get_wtime();
[10.415s]       |         [01;35m[K^~~~~~~~[m[K
[10.435s] In file included from [01m[K/home/aayush/newest_frenet_planner/src/frenet_planner_ported/src/frenet_planner.cpp:10[m[K:
[10.436s] [01m[K/home/aayush/newest_frenet_planner/src/frenet_planner_ported/src/frenet_planner.cpp:[m[K In function ‘[01m[KFrenetPath frenet_optimal_planning(Spline2D, double, double, double, double, double, FrenetPath, double)[m[K’:
[10.436s] [01m[K/home/aayush/newest_frenet_planner/src/frenet_planner_ported/src/../include/frenet_optimal_trajectory.hpp:81:20:[m[K [01;31m[Kerror: [m[Kexpected initializer before numeric constant
[10.436s]    81 | #define trace(...) [01;31m[K42[m[K
[10.437s]       |                    [01;31m[K^~[m[K
[10.437s] [01m[K/home/aayush/newest_frenet_planner/src/frenet_planner_ported/src/../include/frenet_optimal_trajectory.hpp:81:20:[m[K [01;36m[Knote: [m[Kin definition of macro ‘[01m[Ktrace[m[K’
[10.437s]    81 | #define trace(...) [01;36m[K42[m[K
[10.438s]       |                    [01;36m[K^~[m[K
[10.438s] In file included from [01m[K/opt/ros/foxy/include/rclcpp/service.hpp:34[m[K,
[10.438s]                  from [01m[K/opt/ros/foxy/include/rclcpp/callback_group.hpp:25[m[K,
[10.438s]                  from [01m[K/opt/ros/foxy/include/rclcpp/any_executable.hpp:20[m[K,
[10.438s]                  from [01m[K/opt/ros/foxy/include/rclcpp/memory_strategy.hpp:24[m[K,
[10.438s]                  from [01m[K/opt/ros/foxy/include/rclcpp/memory_strategies.hpp:18[m[K,
[10.439s]                  from [01m[K/opt/ros/foxy/include/rclcpp/executor_options.hpp:20[m[K,
[10.439s]                  from [01m[K/opt/ros/foxy/include/rclcpp/executor.hpp:33[m[K,
[10.439s]                  from [01m[K/opt/ros/foxy/include/rclcpp/executors/multi_threaded_executor.hpp:25[m[K,
[10.439s]                  from [01m[K/opt/ros/foxy/include/rclcpp/executors.hpp:21[m[K,
[10.440s]                  from [01m[K/opt/ros/foxy/include/rclcpp/rclcpp.hpp:146[m[K,
[10.440s]                  from [01m[K/opt/ros/foxy/include/tf2_ros/buffer_interface.h:35[m[K,
[10.440s]                  from [01m[K/opt/ros/foxy/include/tf2_geometry_msgs/tf2_geometry_msgs.h:38[m[K,
[10.440s]                  from [01m[K/home/aayush/newest_frenet_planner/src/frenet_planner_ported/src/frenet_planner.cpp:2[m[K:
[10.441s] [01m[K/home/aayush/newest_frenet_planner/src/frenet_planner_ported/src/frenet_planner.cpp:455:14:[m[K [01;31m[Kerror: [m[Kinvalid use of ‘[01m[Kthis[m[K’ in non-member function
[10.441s]   455 |  RCLCPP_INFO([01;31m[Kthis[m[K->get_logger(), calc_frenet_paths_function_str);
[10.441s]       |              [01;31m[K^~~~[m[K
[10.442s] [01m[K/home/aayush/newest_frenet_planner/src/frenet_planner_ported/src/frenet_planner.cpp:455:14:[m[K [01;31m[Kerror: [m[Kinvalid use of ‘[01m[Kthis[m[K’ in non-member function
[10.442s] [01m[K/home/aayush/newest_frenet_planner/src/frenet_planner_ported/src/frenet_planner.cpp:455:2:[m[K [01;31m[Kerror: [m[Ktemplate argument 1 is invalid
[10.442s]   455 |  [01;31m[KRCLCPP_INFO[m[K(this->get_logger(), calc_frenet_paths_function_str);
[10.442s]       |  [01;31m[K^~~~~~~~~~~[m[K
[10.443s] [01m[K/home/aayush/newest_frenet_planner/src/frenet_planner_ported/src/frenet_planner.cpp:455:2:[m[K [01;31m[Kerror: [m[Ktemplate argument 1 is invalid
[10.443s]   455 |  [01;31m[KRCLCPP_INFO[m[K(this->get_logger(), calc_frenet_paths_function_str);
[10.443s]       |  [01;31m[K^~~~~~~~~~~[m[K
[10.444s] [01m[K/home/aayush/newest_frenet_planner/src/frenet_planner_ported/src/frenet_planner.cpp:455:2:[m[K [01;31m[Kerror: [m[Ktemplate argument 1 is invalid
[10.444s]   455 |  [01;31m[KRCLCPP_INFO[m[K(this->get_logger(), calc_frenet_paths_function_str);
[10.445s]       |  [01;31m[K^~~~~~~~~~~[m[K
[10.445s] In file included from [01m[K/opt/ros/foxy/include/rclcpp/client.hpp:40[m[K,
[10.445s]                  from [01m[K/opt/ros/foxy/include/rclcpp/callback_group.hpp:23[m[K,
[10.446s]                  from [01m[K/opt/ros/foxy/include/rclcpp/any_executable.hpp:20[m[K,
[10.446s]                  from [01m[K/opt/ros/foxy/include/rclcpp/memory_strategy.hpp:24[m[K,
[10.446s]                  from [01m[K/opt/ros/foxy/include/rclcpp/memory_strategies.hpp:18[m[K,
[10.446s]                  from [01m[K/opt/ros/foxy/include/rclcpp/executor_options.hpp:20[m[K,
[10.446s]                  from [01m[K/opt/ros/foxy/include/rclcpp/executor.hpp:33[m[K,
[10.447s]                  from [01m[K/opt/ros/foxy/include/rclcpp/executors/multi_threaded_executor.hpp:25[m[K,
[10.447s]                  from [01m[K/opt/ros/foxy/include/rclcpp/executors.hpp:21[m[K,
[10.447s]                  from [01m[K/opt/ros/foxy/include/rclcpp/rclcpp.hpp:146[m[K,
[10.447s]                  from [01m[K/opt/ros/foxy/include/tf2_ros/buffer_interface.h:35[m[K,
[10.447s]                  from [01m[K/opt/ros/foxy/include/tf2_geometry_msgs/tf2_geometry_msgs.h:38[m[K,
[10.447s]                  from [01m[K/home/aayush/newest_frenet_planner/src/frenet_planner_ported/src/frenet_planner.cpp:2[m[K:
[10.447s] [01m[K/home/aayush/newest_frenet_planner/src/frenet_planner_ported/src/frenet_planner.cpp:455:14:[m[K [01;31m[Kerror: [m[Kinvalid use of ‘[01m[Kthis[m[K’ in non-member function
[10.447s]   455 |  RCLCPP_INFO([01;31m[Kthis[m[K->get_logger(), calc_frenet_paths_function_str);
[10.447s]       |              [01;31m[K^~~~[m[K
[10.448s] [01m[K/home/aayush/newest_frenet_planner/src/frenet_planner_ported/src/frenet_planner.cpp:455:14:[m[K [01;31m[Kerror: [m[Kinvalid use of ‘[01m[Kthis[m[K’ in non-member function
[10.448s]   455 |  RCLCPP_INFO([01;31m[Kthis[m[K->get_logger(), calc_frenet_paths_function_str);
[10.449s]       |              [01;31m[K^~~~[m[K
[10.449s] In file included from [01m[K/home/aayush/newest_frenet_planner/src/frenet_planner_ported/src/frenet_planner.cpp:10[m[K:
[10.449s] [01m[K/home/aayush/newest_frenet_planner/src/frenet_planner_ported/src/../include/frenet_optimal_trajectory.hpp:81:20:[m[K [01;35m[Kwarning: [m[Kstatement has no effect [[01;35m[K-Wunused-value[m[K]
[10.449s]    81 | #define trace(...) [01;35m[K42[m[K
[10.449s]       |                    [01;35m[K^~[m[K
[10.450s] [01m[K/home/aayush/newest_frenet_planner/src/frenet_planner_ported/src/../include/frenet_optimal_trajectory.hpp:81:20:[m[K [01;36m[Knote: [m[Kin definition of macro ‘[01m[Ktrace[m[K’
[10.450s]    81 | #define trace(...) [01;36m[K42[m[K
[10.451s]       |                    [01;36m[K^~[m[K
[10.451s] In file included from [01m[K/opt/ros/foxy/include/rclcpp/service.hpp:34[m[K,
[10.452s]                  from [01m[K/opt/ros/foxy/include/rclcpp/callback_group.hpp:25[m[K,
[10.452s]                  from [01m[K/opt/ros/foxy/include/rclcpp/any_executable.hpp:20[m[K,
[10.452s]                  from [01m[K/opt/ros/foxy/include/rclcpp/memory_strategy.hpp:24[m[K,
[10.452s]                  from [01m[K/opt/ros/foxy/include/rclcpp/memory_strategies.hpp:18[m[K,
[10.453s]                  from [01m[K/opt/ros/foxy/include/rclcpp/executor_options.hpp:20[m[K,
[10.453s]                  from [01m[K/opt/ros/foxy/include/rclcpp/executor.hpp:33[m[K,
[10.453s]                  from [01m[K/opt/ros/foxy/include/rclcpp/executors/multi_threaded_executor.hpp:25[m[K,
[10.453s]                  from [01m[K/opt/ros/foxy/include/rclcpp/executors.hpp:21[m[K,
[10.454s]                  from [01m[K/opt/ros/foxy/include/rclcpp/rclcpp.hpp:146[m[K,
[10.454s]                  from [01m[K/opt/ros/foxy/include/tf2_ros/buffer_interface.h:35[m[K,
[10.454s]                  from [01m[K/opt/ros/foxy/include/tf2_geometry_msgs/tf2_geometry_msgs.h:38[m[K,
[10.454s]                  from [01m[K/home/aayush/newest_frenet_planner/src/frenet_planner_ported/src/frenet_planner.cpp:2[m[K:
[10.454s] [01m[K/home/aayush/newest_frenet_planner/src/frenet_planner_ported/src/frenet_planner.cpp:465:14:[m[K [01;31m[Kerror: [m[Kinvalid use of ‘[01m[Kthis[m[K’ in non-member function
[10.455s]   465 |  RCLCPP_INFO([01;31m[Kthis[m[K->get_logger(), calc_global_paths_function_str);
[10.455s]       |              [01;31m[K^~~~[m[K
[10.455s] [01m[K/home/aayush/newest_frenet_planner/src/frenet_planner_ported/src/frenet_planner.cpp:465:14:[m[K [01;31m[Kerror: [m[Kinvalid use of ‘[01m[Kthis[m[K’ in non-member function
[10.455s] [01m[K/home/aayush/newest_frenet_planner/src/frenet_planner_ported/src/frenet_planner.cpp:465:2:[m[K [01;31m[Kerror: [m[Ktemplate argument 1 is invalid
[10.456s]   465 |  [01;31m[KRCLCPP_INFO[m[K(this->get_logger(), calc_global_paths_function_str);
[10.456s]       |  [01;31m[K^~~~~~~~~~~[m[K
[10.456s] [01m[K/home/aayush/newest_frenet_planner/src/frenet_planner_ported/src/frenet_planner.cpp:465:2:[m[K [01;31m[Kerror: [m[Ktemplate argument 1 is invalid
[10.456s]   465 |  [01;31m[KRCLCPP_INFO[m[K(this->get_logger(), calc_global_paths_function_str);
[10.457s]       |  [01;31m[K^~~~~~~~~~~[m[K
[10.457s] [01m[K/home/aayush/newest_frenet_planner/src/frenet_planner_ported/src/frenet_planner.cpp:465:2:[m[K [01;31m[Kerror: [m[Ktemplate argument 1 is invalid
[10.457s]   465 |  [01;31m[KRCLCPP_INFO[m[K(this->get_logger(), calc_global_paths_function_str);
[10.457s]       |  [01;31m[K^~~~~~~~~~~[m[K
[10.458s] In file included from [01m[K/opt/ros/foxy/include/rclcpp/client.hpp:40[m[K,
[10.458s]                  from [01m[K/opt/ros/foxy/include/rclcpp/callback_group.hpp:23[m[K,
[10.459s]                  from [01m[K/opt/ros/foxy/include/rclcpp/any_executable.hpp:20[m[K,
[10.459s]                  from [01m[K/opt/ros/foxy/include/rclcpp/memory_strategy.hpp:24[m[K,
[10.459s]                  from [01m[K/opt/ros/foxy/include/rclcpp/memory_strategies.hpp:18[m[K,
[10.459s]                  from [01m[K/opt/ros/foxy/include/rclcpp/executor_options.hpp:20[m[K,
[10.460s]                  from [01m[K/opt/ros/foxy/include/rclcpp/executor.hpp:33[m[K,
[10.460s]                  from [01m[K/opt/ros/foxy/include/rclcpp/executors/multi_threaded_executor.hpp:25[m[K,
[10.460s]                  from [01m[K/opt/ros/foxy/include/rclcpp/executors.hpp:21[m[K,
[10.460s]                  from [01m[K/opt/ros/foxy/include/rclcpp/rclcpp.hpp:146[m[K,
[10.461s]                  from [01m[K/opt/ros/foxy/include/tf2_ros/buffer_interface.h:35[m[K,
[10.461s]                  from [01m[K/opt/ros/foxy/include/tf2_geometry_msgs/tf2_geometry_msgs.h:38[m[K,
[10.461s]                  from [01m[K/home/aayush/newest_frenet_planner/src/frenet_planner_ported/src/frenet_planner.cpp:2[m[K:
[10.461s] [01m[K/home/aayush/newest_frenet_planner/src/frenet_planner_ported/src/frenet_planner.cpp:465:14:[m[K [01;31m[Kerror: [m[Kinvalid use of ‘[01m[Kthis[m[K’ in non-member function
[10.462s]   465 |  RCLCPP_INFO([01;31m[Kthis[m[K->get_logger(), calc_global_paths_function_str);
[10.462s]       |              [01;31m[K^~~~[m[K
[10.462s] [01m[K/home/aayush/newest_frenet_planner/src/frenet_planner_ported/src/frenet_planner.cpp:465:14:[m[K [01;31m[Kerror: [m[Kinvalid use of ‘[01m[Kthis[m[K’ in non-member function
[10.462s]   465 |  RCLCPP_INFO([01;31m[Kthis[m[K->get_logger(), calc_global_paths_function_str);
[10.463s]       |              [01;31m[K^~~~[m[K
[10.463s] In file included from [01m[K/home/aayush/newest_frenet_planner/src/frenet_planner_ported/src/frenet_planner.cpp:10[m[K:
[10.463s] [01m[K/home/aayush/newest_frenet_planner/src/frenet_planner_ported/src/../include/frenet_optimal_trajectory.hpp:81:20:[m[K [01;35m[Kwarning: [m[Kstatement has no effect [[01;35m[K-Wunused-value[m[K]
[10.463s]    81 | #define trace(...) [01;35m[K42[m[K
[10.464s]       |                    [01;35m[K^~[m[K
[10.464s] [01m[K/home/aayush/newest_frenet_planner/src/frenet_planner_ported/src/../include/frenet_optimal_trajectory.hpp:81:20:[m[K [01;36m[Knote: [m[Kin definition of macro ‘[01m[Ktrace[m[K’
[10.464s]    81 | #define trace(...) [01;36m[K42[m[K
[10.464s]       |                    [01;36m[K^~[m[K
[10.464s] In file included from [01m[K/opt/ros/foxy/include/rclcpp/service.hpp:34[m[K,
[10.465s]                  from [01m[K/opt/ros/foxy/include/rclcpp/callback_group.hpp:25[m[K,
[10.465s]                  from [01m[K/opt/ros/foxy/include/rclcpp/any_executable.hpp:20[m[K,
[10.465s]                  from [01m[K/opt/ros/foxy/include/rclcpp/memory_strategy.hpp:24[m[K,
[10.465s]                  from [01m[K/opt/ros/foxy/include/rclcpp/memory_strategies.hpp:18[m[K,
[10.465s]                  from [01m[K/opt/ros/foxy/include/rclcpp/executor_options.hpp:20[m[K,
[10.466s]                  from [01m[K/opt/ros/foxy/include/rclcpp/executor.hpp:33[m[K,
[10.466s]                  from [01m[K/opt/ros/foxy/include/rclcpp/executors/multi_threaded_executor.hpp:25[m[K,
[10.466s]                  from [01m[K/opt/ros/foxy/include/rclcpp/executors.hpp:21[m[K,
[10.466s]                  from [01m[K/opt/ros/foxy/include/rclcpp/rclcpp.hpp:146[m[K,
[10.467s]                  from [01m[K/opt/ros/foxy/include/tf2_ros/buffer_interface.h:35[m[K,
[10.467s]                  from [01m[K/opt/ros/foxy/include/tf2_geometry_msgs/tf2_geometry_msgs.h:38[m[K,
[10.467s]                  from [01m[K/home/aayush/newest_frenet_planner/src/frenet_planner_ported/src/frenet_planner.cpp:2[m[K:
[10.467s] [01m[K/home/aayush/newest_frenet_planner/src/frenet_planner_ported/src/frenet_planner.cpp:478:14:[m[K [01;31m[Kerror: [m[Kinvalid use of ‘[01m[Kthis[m[K’ in non-member function
[10.468s]   478 |  RCLCPP_INFO([01;31m[Kthis[m[K->get_logger(), calc_path_function_str);
[10.468s]       |              [01;31m[K^~~~[m[K
[10.468s] [01m[K/home/aayush/newest_frenet_planner/src/frenet_planner_ported/src/frenet_planner.cpp:478:14:[m[K [01;31m[Kerror: [m[Kinvalid use of ‘[01m[Kthis[m[K’ in non-member function
[10.468s] [01m[K/home/aayush/newest_frenet_planner/src/frenet_planner_ported/src/frenet_planner.cpp:478:2:[m[K [01;31m[Kerror: [m[Ktemplate argument 1 is invalid
[10.469s]   478 |  [01;31m[KRCLCPP_INFO[m[K(this->get_logger(), calc_path_function_str);
[10.469s]       |  [01;31m[K^~~~~~~~~~~[m[K
[10.469s] [01m[K/home/aayush/newest_frenet_planner/src/frenet_planner_ported/src/frenet_planner.cpp:478:2:[m[K [01;31m[Kerror: [m[Ktemplate argument 1 is invalid
[10.469s]   478 |  [01;31m[KRCLCPP_INFO[m[K(this->get_logger(), calc_path_function_str);
[10.469s]       |  [01;31m[K^~~~~~~~~~~[m[K
[10.470s] [01m[K/home/aayush/newest_frenet_planner/src/frenet_planner_ported/src/frenet_planner.cpp:478:2:[m[K [01;31m[Kerror: [m[Ktemplate argument 1 is invalid
[10.470s]   478 |  [01;31m[KRCLCPP_INFO[m[K(this->get_logger(), calc_path_function_str);
[10.470s]       |  [01;31m[K^~~~~~~~~~~[m[K
[10.470s] In file included from [01m[K/opt/ros/foxy/include/rclcpp/client.hpp:40[m[K,
[10.471s]                  from [01m[K/opt/ros/foxy/include/rclcpp/callback_group.hpp:23[m[K,
[10.471s]                  from [01m[K/opt/ros/foxy/include/rclcpp/any_executable.hpp:20[m[K,
[10.471s]                  from [01m[K/opt/ros/foxy/include/rclcpp/memory_strategy.hpp:24[m[K,
[10.471s]                  from [01m[K/opt/ros/foxy/include/rclcpp/memory_strategies.hpp:18[m[K,
[10.471s]                  from [01m[K/opt/ros/foxy/include/rclcpp/executor_options.hpp:20[m[K,
[10.472s]                  from [01m[K/opt/ros/foxy/include/rclcpp/executor.hpp:33[m[K,
[10.472s]                  from [01m[K/opt/ros/foxy/include/rclcpp/executors/multi_threaded_executor.hpp:25[m[K,
[10.472s]                  from [01m[K/opt/ros/foxy/include/rclcpp/executors.hpp:21[m[K,
[10.472s]                  from [01m[K/opt/ros/foxy/include/rclcpp/rclcpp.hpp:146[m[K,
[10.472s]                  from [01m[K/opt/ros/foxy/include/tf2_ros/buffer_interface.h:35[m[K,
[10.473s]                  from [01m[K/opt/ros/foxy/include/tf2_geometry_msgs/tf2_geometry_msgs.h:38[m[K,
[10.473s]                  from [01m[K/home/aayush/newest_frenet_planner/src/frenet_planner_ported/src/frenet_planner.cpp:2[m[K:
[10.473s] [01m[K/home/aayush/newest_frenet_planner/src/frenet_planner_ported/src/frenet_planner.cpp:478:14:[m[K [01;31m[Kerror: [m[Kinvalid use of ‘[01m[Kthis[m[K’ in non-member function
[10.473s]   478 |  RCLCPP_INFO([01;31m[Kthis[m[K->get_logger(), calc_path_function_str);
[10.473s]       |              [01;31m[K^~~~[m[K
[10.474s] [01m[K/home/aayush/newest_frenet_planner/src/frenet_planner_ported/src/frenet_planner.cpp:478:14:[m[K [01;31m[Kerror: [m[Kinvalid use of ‘[01m[Kthis[m[K’ in non-member function
[10.474s]   478 |  RCLCPP_INFO([01;31m[Kthis[m[K->get_logger(), calc_path_function_str);
[10.474s]       |              [01;31m[K^~~~[m[K
[10.474s] In file included from [01m[K/home/aayush/newest_frenet_planner/src/frenet_planner_ported/src/frenet_planner.cpp:10[m[K:
[10.475s] [01m[K/home/aayush/newest_frenet_planner/src/frenet_planner_ported/src/../include/frenet_optimal_trajectory.hpp:81:20:[m[K [01;35m[Kwarning: [m[Kstatement has no effect [[01;35m[K-Wunused-value[m[K]
[10.475s]    81 | #define trace(...) [01;35m[K42[m[K
[10.475s]       |                    [01;35m[K^~[m[K
[10.475s] [01m[K/home/aayush/newest_frenet_planner/src/frenet_planner_ported/src/../include/frenet_optimal_trajectory.hpp:81:20:[m[K [01;36m[Knote: [m[Kin definition of macro ‘[01m[Ktrace[m[K’
[10.476s]    81 | #define trace(...) [01;36m[K42[m[K
[10.476s]       |                    [01;36m[K^~[m[K
[10.476s] [01m[K/home/aayush/newest_frenet_planner/src/frenet_planner_ported/src/frenet_planner.cpp:488:13:[m[K [01;31m[Kerror: [m[K‘[01m[KFrenetPath::FrenetPath()[m[K’ is private within this context
[10.476s]   488 |  FrenetPath [01;31m[Kbestpath[m[K;
[10.476s]       |             [01;31m[K^~~~~~~~[m[K
[10.477s] In file included from [01m[K/home/aayush/newest_frenet_planner/src/frenet_planner_ported/src/frenet_planner.cpp:10[m[K:
[10.477s] [01m[K/home/aayush/newest_frenet_planner/src/frenet_planner_ported/src/../include/frenet_optimal_trajectory.hpp:11:3:[m[K [01;36m[Knote: [m[Kdeclared private here
[10.477s]    11 |   [01;36m[KFrenetPath[m[K();
[10.478s]       |   [01;36m[K^~~~~~~~~~[m[K
[10.478s] [01m[K/home/aayush/newest_frenet_planner/src/frenet_planner_ported/src/../include/frenet_optimal_trajectory.hpp:81:20:[m[K [01;35m[Kwarning: [m[Kstatement has no effect [[01;35m[K-Wunused-value[m[K]
[10.478s]    81 | #define trace(...) [01;35m[K42[m[K
[10.478s]       |                    [01;35m[K^~[m[K
[10.478s] [01m[K/home/aayush/newest_frenet_planner/src/frenet_planner_ported/src/../include/frenet_optimal_trajectory.hpp:81:20:[m[K [01;36m[Knote: [m[Kin definition of macro ‘[01m[Ktrace[m[K’
[10.479s]    81 | #define trace(...) [01;36m[K42[m[K
[10.479s]       |                    [01;36m[K^~[m[K
[11.823s] make[2]: *** [CMakeFiles/frenet_ros_obst.dir/build.make:76: CMakeFiles/frenet_ros_obst.dir/src/frenet_planner.cpp.o] Error 1
[11.823s] make[1]: *** [CMakeFiles/Makefile2:78: CMakeFiles/frenet_ros_obst.dir/all] Error 2
[11.823s] make: *** [Makefile:141: all] Error 2
[11.831s] Invoked command in '/home/aayush/newest_frenet_planner/build/frenet_planner_ported' returned '2': CMAKE_PREFIX_PATH=${CMAKE_PREFIX_PATH}:/home/aayush/newest_frenet_planner/install/dummy:/opt/ros/foxy /usr/bin/cmake --build /home/aayush/newest_frenet_planner/build/frenet_planner_ported -- -j2 -l2
