In file included from [01m[K/home/aayush/newest_frenet_planner/src/frenet_planner_ported/src/../include/frenet_class.hpp:11[m[K,
                 from [01m[K/home/aayush/newest_frenet_planner/src/frenet_planner_ported/src/frenet_ros_obst.cpp:1[m[K:
[01m[K/home/aayush/newest_frenet_planner/src/frenet_planner_ported/./include/matplotlibcpp.hpp:314:36:[m[K [01;35m[Kwarning: [m[Kstatic_assert without a message only available with ‘[01m[K-std=c++17[m[K’ or ‘[01m[K-std=gnu++17[m[K’ [[01;35m[K-Wpedantic[m[K]
  314 | static_assert(sizeof(long long) == [01;35m[K8[m[K);
      |                                    [01;35m[K^[m[K
[01m[K/home/aayush/newest_frenet_planner/src/frenet_planner_ported/./include/matplotlibcpp.hpp:316:45:[m[K [01;35m[Kwarning: [m[Kstatic_assert without a message only available with ‘[01m[K-std=c++17[m[K’ or ‘[01m[K-std=gnu++17[m[K’ [[01;35m[K-Wpedantic[m[K]
  316 | static_assert(sizeof(unsigned long long) == [01;35m[K8[m[K);
      |                                             [01;35m[K^[m[K
In file included from [01m[K/home/aayush/newest_frenet_planner/src/frenet_planner_ported/src/frenet_planner.cpp:8[m[K:
[01m[K/home/aayush/newest_frenet_planner/src/frenet_planner_ported/./include/matplotlibcpp.hpp:314:36:[m[K [01;35m[Kwarning: [m[Kstatic_assert without a message only available with ‘[01m[K-std=c++17[m[K’ or ‘[01m[K-std=gnu++17[m[K’ [[01;35m[K-Wpedantic[m[K]
  314 | static_assert(sizeof(long long) == [01;35m[K8[m[K);
      |                                    [01;35m[K^[m[K
[01m[K/home/aayush/newest_frenet_planner/src/frenet_planner_ported/./include/matplotlibcpp.hpp:316:45:[m[K [01;35m[Kwarning: [m[Kstatic_assert without a message only available with ‘[01m[K-std=c++17[m[K’ or ‘[01m[K-std=gnu++17[m[K’ [[01;35m[K-Wpedantic[m[K]
  316 | static_assert(sizeof(unsigned long long) == [01;35m[K8[m[K);
      |                                             [01;35m[K^[m[K
In file included from [01m[K/home/aayush/newest_frenet_planner/src/frenet_planner_ported/src/frenet_planner.cpp:10[m[K:
[01m[K/home/aayush/newest_frenet_planner/src/frenet_planner_ported/src/../include/frenet_optimal_trajectory.hpp:[m[K In function ‘[01m[Kstd::ostream& operator<<(std::ostream&, const FrenetPath&)[m[K’:
[01m[K/home/aayush/newest_frenet_planner/src/frenet_planner_ported/src/../include/frenet_optimal_trajectory.hpp:79:20:[m[K [01;35m[Kwarning: [m[Kstatement has no effect [[01;35m[K-Wunused-value[m[K]
   79 | #define trace(...) [01;35m[K42[m[K
      |                    [01;35m[K^~[m[K
[01m[K/home/aayush/newest_frenet_planner/src/frenet_planner_ported/src/../include/frenet_optimal_trajectory.hpp:79:20:[m[K [01;36m[Knote: [m[Kin definition of macro ‘[01m[Ktrace[m[K’
   79 | #define trace(...) [01;36m[K42[m[K
      |                    [01;36m[K^~[m[K
[01m[K/home/aayush/newest_frenet_planner/src/frenet_planner_ported/src/../include/frenet_optimal_trajectory.hpp:79:20:[m[K [01;35m[Kwarning: [m[Kstatement has no effect [[01;35m[K-Wunused-value[m[K]
   79 | #define trace(...) [01;35m[K42[m[K
      |                    [01;35m[K^~[m[K
[01m[K/home/aayush/newest_frenet_planner/src/frenet_planner_ported/src/../include/frenet_optimal_trajectory.hpp:79:20:[m[K [01;36m[Knote: [m[Kin definition of macro ‘[01m[Ktrace[m[K’
   79 | #define trace(...) [01;36m[K42[m[K
      |                    [01;36m[K^~[m[K
[01m[K/home/aayush/newest_frenet_planner/src/frenet_planner_ported/src/../include/frenet_optimal_trajectory.hpp:79:20:[m[K [01;35m[Kwarning: [m[Kstatement has no effect [[01;35m[K-Wunused-value[m[K]
   79 | #define trace(...) [01;35m[K42[m[K
      |                    [01;35m[K^~[m[K
[01m[K/home/aayush/newest_frenet_planner/src/frenet_planner_ported/src/../include/frenet_optimal_trajectory.hpp:79:20:[m[K [01;36m[Knote: [m[Kin definition of macro ‘[01m[Ktrace[m[K’
   79 | #define trace(...) [01;36m[K42[m[K
      |                    [01;36m[K^~[m[K
[01m[K/home/aayush/newest_frenet_planner/src/frenet_planner_ported/src/../include/frenet_optimal_trajectory.hpp:79:20:[m[K [01;35m[Kwarning: [m[Kstatement has no effect [[01;35m[K-Wunused-value[m[K]
   79 | #define trace(...) [01;35m[K42[m[K
      |                    [01;35m[K^~[m[K
[01m[K/home/aayush/newest_frenet_planner/src/frenet_planner_ported/src/../include/frenet_optimal_trajectory.hpp:79:20:[m[K [01;36m[Knote: [m[Kin definition of macro ‘[01m[Ktrace[m[K’
   79 | #define trace(...) [01;36m[K42[m[K
      |                    [01;36m[K^~[m[K
[01m[K/home/aayush/newest_frenet_planner/src/frenet_planner_ported/src/../include/frenet_optimal_trajectory.hpp:79:20:[m[K [01;35m[Kwarning: [m[Kstatement has no effect [[01;35m[K-Wunused-value[m[K]
   79 | #define trace(...) [01;35m[K42[m[K
      |                    [01;35m[K^~[m[K
[01m[K/home/aayush/newest_frenet_planner/src/frenet_planner_ported/src/../include/frenet_optimal_trajectory.hpp:79:20:[m[K [01;36m[Knote: [m[Kin definition of macro ‘[01m[Ktrace[m[K’
   79 | #define trace(...) [01;36m[K42[m[K
      |                    [01;36m[K^~[m[K
[01m[K/home/aayush/newest_frenet_planner/src/frenet_planner_ported/src/../include/frenet_optimal_trajectory.hpp:79:20:[m[K [01;35m[Kwarning: [m[Kstatement has no effect [[01;35m[K-Wunused-value[m[K]
   79 | #define trace(...) [01;35m[K42[m[K
      |                    [01;35m[K^~[m[K
[01m[K/home/aayush/newest_frenet_planner/src/frenet_planner_ported/src/../include/frenet_optimal_trajectory.hpp:79:20:[m[K [01;36m[Knote: [m[Kin definition of macro ‘[01m[Ktrace[m[K’
   79 | #define trace(...) [01;36m[K42[m[K
      |                    [01;36m[K^~[m[K
[01m[K/home/aayush/newest_frenet_planner/src/frenet_planner_ported/src/../include/frenet_optimal_trajectory.hpp:79:20:[m[K [01;35m[Kwarning: [m[Kstatement has no effect [[01;35m[K-Wunused-value[m[K]
   79 | #define trace(...) [01;35m[K42[m[K
      |                    [01;35m[K^~[m[K
[01m[K/home/aayush/newest_frenet_planner/src/frenet_planner_ported/src/../include/frenet_optimal_trajectory.hpp:79:20:[m[K [01;36m[Knote: [m[Kin definition of macro ‘[01m[Ktrace[m[K’
   79 | #define trace(...) [01;36m[K42[m[K
      |                    [01;36m[K^~[m[K
[01m[K/home/aayush/newest_frenet_planner/src/frenet_planner_ported/src/../include/frenet_optimal_trajectory.hpp:79:20:[m[K [01;35m[Kwarning: [m[Kstatement has no effect [[01;35m[K-Wunused-value[m[K]
   79 | #define trace(...) [01;35m[K42[m[K
      |                    [01;35m[K^~[m[K
[01m[K/home/aayush/newest_frenet_planner/src/frenet_planner_ported/src/../include/frenet_optimal_trajectory.hpp:79:20:[m[K [01;36m[Knote: [m[Kin definition of macro ‘[01m[Ktrace[m[K’
   79 | #define trace(...) [01;36m[K42[m[K
      |                    [01;36m[K^~[m[K
[01m[K/home/aayush/newest_frenet_planner/src/frenet_planner_ported/src/../include/frenet_optimal_trajectory.hpp:79:20:[m[K [01;35m[Kwarning: [m[Kstatement has no effect [[01;35m[K-Wunused-value[m[K]
   79 | #define trace(...) [01;35m[K42[m[K
      |                    [01;35m[K^~[m[K
[01m[K/home/aayush/newest_frenet_planner/src/frenet_planner_ported/src/../include/frenet_optimal_trajectory.hpp:79:20:[m[K [01;36m[Knote: [m[Kin definition of macro ‘[01m[Ktrace[m[K’
   79 | #define trace(...) [01;36m[K42[m[K
      |                    [01;36m[K^~[m[K
[01m[K/home/aayush/newest_frenet_planner/src/frenet_planner_ported/src/../include/frenet_optimal_trajectory.hpp:79:20:[m[K [01;35m[Kwarning: [m[Kstatement has no effect [[01;35m[K-Wunused-value[m[K]
   79 | #define trace(...) [01;35m[K42[m[K
      |                    [01;35m[K^~[m[K
[01m[K/home/aayush/newest_frenet_planner/src/frenet_planner_ported/src/../include/frenet_optimal_trajectory.hpp:79:20:[m[K [01;36m[Knote: [m[Kin definition of macro ‘[01m[Ktrace[m[K’
   79 | #define trace(...) [01;36m[K42[m[K
      |                    [01;36m[K^~[m[K
[01m[K/home/aayush/newest_frenet_planner/src/frenet_planner_ported/src/../include/frenet_optimal_trajectory.hpp:79:20:[m[K [01;35m[Kwarning: [m[Kstatement has no effect [[01;35m[K-Wunused-value[m[K]
   79 | #define trace(...) [01;35m[K42[m[K
      |                    [01;35m[K^~[m[K
[01m[K/home/aayush/newest_frenet_planner/src/frenet_planner_ported/src/../include/frenet_optimal_trajectory.hpp:79:20:[m[K [01;36m[Knote: [m[Kin definition of macro ‘[01m[Ktrace[m[K’
   79 | #define trace(...) [01;36m[K42[m[K
      |                    [01;36m[K^~[m[K
[01m[K/home/aayush/newest_frenet_planner/src/frenet_planner_ported/src/../include/frenet_optimal_trajectory.hpp:79:20:[m[K [01;35m[Kwarning: [m[Kstatement has no effect [[01;35m[K-Wunused-value[m[K]
   79 | #define trace(...) [01;35m[K42[m[K
      |                    [01;35m[K^~[m[K
[01m[K/home/aayush/newest_frenet_planner/src/frenet_planner_ported/src/../include/frenet_optimal_trajectory.hpp:79:20:[m[K [01;36m[Knote: [m[Kin definition of macro ‘[01m[Ktrace[m[K’
   79 | #define trace(...) [01;36m[K42[m[K
      |                    [01;36m[K^~[m[K
[01m[K/home/aayush/newest_frenet_planner/src/frenet_planner_ported/src/../include/frenet_optimal_trajectory.hpp:79:20:[m[K [01;35m[Kwarning: [m[Kstatement has no effect [[01;35m[K-Wunused-value[m[K]
   79 | #define trace(...) [01;35m[K42[m[K
      |                    [01;35m[K^~[m[K
[01m[K/home/aayush/newest_frenet_planner/src/frenet_planner_ported/src/../include/frenet_optimal_trajectory.hpp:79:20:[m[K [01;36m[Knote: [m[Kin definition of macro ‘[01m[Ktrace[m[K’
   79 | #define trace(...) [01;36m[K42[m[K
      |                    [01;36m[K^~[m[K
[01m[K/home/aayush/newest_frenet_planner/src/frenet_planner_ported/src/../include/frenet_optimal_trajectory.hpp:80:59:[m[K [01;35m[Kwarning: [m[Kunused parameter ‘[01m[Kfp[m[K’ [[01;35m[K-Wunused-parameter[m[K]
   80 | inline ostream& operator<<(ostream& os, [01;35m[Kconst FrenetPath& fp[m[K)
      |                                         [01;35m[K~~~~~~~~~~~~~~~~~~^~[m[K
[01m[K/home/aayush/newest_frenet_planner/src/frenet_planner_ported/src/frenet_planner.cpp:[m[K In member function ‘[01m[Kvoid FrenetPath::calc_lon_paths_quintic_poly(double, double, double, double, double)[m[K’:
[01m[K/home/aayush/newest_frenet_planner/src/frenet_planner_ported/src/frenet_planner.cpp:68:91:[m[K [01;35m[Kwarning: [m[Kunused parameter ‘[01m[Kts[m[K’ [[01;35m[K-Wunused-parameter[m[K]
   68 | void FrenetPath::calc_lon_paths_quintic_poly(double c_speed, double s0, double Ti, [01;35m[Kdouble ts[m[K,
      |                                                                                    [01;35m[K~~~~~~~^~[m[K
[01m[K/home/aayush/newest_frenet_planner/src/frenet_planner_ported/src/frenet_planner.cpp:[m[K In member function ‘[01m[Kvoid FrenetPath::adding_global_path(Spline2D)[m[K’:
[01m[K/home/aayush/newest_frenet_planner/src/frenet_planner_ported/src/frenet_planner.cpp:197:9:[m[K [01;35m[Kwarning: [m[Kunused variable ‘[01m[KstartTime1[m[K’ [[01;35m[K-Wunused-variable[m[K]
  197 |  double [01;35m[KstartTime1[m[K = omp_get_wtime();
      |         [01;35m[K^~~~~~~~~~[m[K
[01m[K/home/aayush/newest_frenet_planner/src/frenet_planner_ported/src/frenet_planner.cpp:248:9:[m[K [01;35m[Kwarning: [m[Kunused variable ‘[01m[KendTime1[m[K’ [[01;35m[K-Wunused-variable[m[K]
  248 |  double [01;35m[KendTime1[m[K = omp_get_wtime();
      |         [01;35m[K^~~~~~~~[m[K
In file included from [01m[K/home/aayush/newest_frenet_planner/src/frenet_planner_ported/src/frenet_planner.cpp:10[m[K:
[01m[K/home/aayush/newest_frenet_planner/src/frenet_planner_ported/src/frenet_planner.cpp:[m[K In function ‘[01m[KFrenetPath frenet_optimal_planning(Spline2D, double, double, double, double, double, FrenetPath, double)[m[K’:
[01m[K/home/aayush/newest_frenet_planner/src/frenet_planner_ported/src/../include/frenet_optimal_trajectory.hpp:79:20:[m[K [01;35m[Kwarning: [m[Kstatement has no effect [[01;35m[K-Wunused-value[m[K]
   79 | #define trace(...) [01;35m[K42[m[K
      |                    [01;35m[K^~[m[K
[01m[K/home/aayush/newest_frenet_planner/src/frenet_planner_ported/src/../include/frenet_optimal_trajectory.hpp:79:20:[m[K [01;36m[Knote: [m[Kin definition of macro ‘[01m[Ktrace[m[K’
   79 | #define trace(...) [01;36m[K42[m[K
      |                    [01;36m[K^~[m[K
[01m[K/home/aayush/newest_frenet_planner/src/frenet_planner_ported/src/../include/frenet_optimal_trajectory.hpp:79:20:[m[K [01;35m[Kwarning: [m[Kstatement has no effect [[01;35m[K-Wunused-value[m[K]
   79 | #define trace(...) [01;35m[K42[m[K
      |                    [01;35m[K^~[m[K
[01m[K/home/aayush/newest_frenet_planner/src/frenet_planner_ported/src/../include/frenet_optimal_trajectory.hpp:79:20:[m[K [01;36m[Knote: [m[Kin definition of macro ‘[01m[Ktrace[m[K’
   79 | #define trace(...) [01;36m[K42[m[K
      |                    [01;36m[K^~[m[K
[01m[K/home/aayush/newest_frenet_planner/src/frenet_planner_ported/src/../include/frenet_optimal_trajectory.hpp:79:20:[m[K [01;35m[Kwarning: [m[Kstatement has no effect [[01;35m[K-Wunused-value[m[K]
   79 | #define trace(...) [01;35m[K42[m[K
      |                    [01;35m[K^~[m[K
[01m[K/home/aayush/newest_frenet_planner/src/frenet_planner_ported/src/../include/frenet_optimal_trajectory.hpp:79:20:[m[K [01;36m[Knote: [m[Kin definition of macro ‘[01m[Ktrace[m[K’
   79 | #define trace(...) [01;36m[K42[m[K
      |                    [01;36m[K^~[m[K
[01m[K/home/aayush/newest_frenet_planner/src/frenet_planner_ported/src/../include/frenet_optimal_trajectory.hpp:79:20:[m[K [01;35m[Kwarning: [m[Kstatement has no effect [[01;35m[K-Wunused-value[m[K]
   79 | #define trace(...) [01;35m[K42[m[K
      |                    [01;35m[K^~[m[K
[01m[K/home/aayush/newest_frenet_planner/src/frenet_planner_ported/src/../include/frenet_optimal_trajectory.hpp:79:20:[m[K [01;36m[Knote: [m[Kin definition of macro ‘[01m[Ktrace[m[K’
   79 | #define trace(...) [01;36m[K42[m[K
      |                    [01;36m[K^~[m[K
[01m[K/home/aayush/newest_frenet_planner/src/frenet_planner_ported/src/../include/frenet_optimal_trajectory.hpp:79:20:[m[K [01;35m[Kwarning: [m[Kstatement has no effect [[01;35m[K-Wunused-value[m[K]
   79 | #define trace(...) [01;35m[K42[m[K
      |                    [01;35m[K^~[m[K
[01m[K/home/aayush/newest_frenet_planner/src/frenet_planner_ported/src/../include/frenet_optimal_trajectory.hpp:79:20:[m[K [01;36m[Knote: [m[Kin definition of macro ‘[01m[Ktrace[m[K’
   79 | #define trace(...) [01;36m[K42[m[K
      |                    [01;36m[K^~[m[K
In file included from [01m[K/home/aayush/newest_frenet_planner/src/frenet_planner_ported/src/frenet_ros_obst.cpp:1[m[K:
[01m[K/home/aayush/newest_frenet_planner/src/frenet_planner_ported/src/../include/frenet_class.hpp:131:81:[m[K [01;35m[Kwarning: [m[K‘[01m[Kgeometry_msgs::msg::PolygonStamped_<std::allocator<void> >::ConstPtr[m[K’ is deprecated [[01;35m[K-Wdeprecated-declarations[m[K]
  131 | allback(const geometry_msgs::msg::PolygonStamped::ConstPtr p[01;35m[K)[m[K
      |                                                             [01;35m[K^[m[K

In file included from [01m[K/opt/ros/foxy/include/geometry_msgs/msg/polygon_stamped.hpp:7[m[K,
                 from [01m[K/home/aayush/newest_frenet_planner/src/frenet_planner_ported/src/../include/frenet_class.hpp:8[m[K,
                 from [01m[K/home/aayush/newest_frenet_planner/src/frenet_planner_ported/src/frenet_ros_obst.cpp:1[m[K:
[01m[K/opt/ros/foxy/include/geometry_msgs/msg/detail/polygon_stamped__struct.hpp:114:5:[m[K [01;36m[Knote: [m[Kdeclared here
  114 |     [01;36m[KConstPtr[m[K;
      |     [01;36m[K^~~~~~~~[m[K
In file included from [01m[K/home/aayush/newest_frenet_planner/src/frenet_planner_ported/src/frenet_ros_obst.cpp:1[m[K:
[01m[K/home/aayush/newest_frenet_planner/src/frenet_planner_ported/src/../include/frenet_class.hpp:137:67:[m[K [01;35m[Kwarning: [m[K‘[01m[Knav_msgs::msg::Odometry_<std::allocator<void> >::ConstPtr[m[K’ is deprecated [[01;35m[K-Wdeprecated-declarations[m[K]
  137 |     void odom_callback(const nav_msgs::msg::Odometry::ConstPtr msg[01;35m[K)[m[K
      |                                                                   [01;35m[K^[m[K
In file included from [01m[K/opt/ros/foxy/include/nav_msgs/msg/odometry.hpp:7[m[K,
                 from [01m[K/home/aayush/newest_frenet_planner/src/frenet_planner_ported/src/../include/frenet_class.hpp:6[m[K,
                 from [01m[K/home/aayush/newest_frenet_planner/src/frenet_planner_ported/src/frenet_ros_obst.cpp:1[m[K:
[01m[K/opt/ros/foxy/include/nav_msgs/msg/detail/odometry__struct.hpp:145:5:[m[K [01;36m[Knote: [m[Kdeclared here
  145 |     [01;36m[KConstPtr[m[K;
      |     [01;36m[K^~~~~~~~[m[K
In file included from [01m[K/home/aayush/newest_frenet_planner/src/frenet_planner_ported/src/frenet_ros_obst.cpp:1[m[K:
[01m[K/home/aayush/newest_frenet_planner/src/frenet_planner_ported/src/../include/frenet_class.hpp:141:86:[m[K [01;35m[Kwarning: [m[K‘[01m[Knav_msgs::msg::OccupancyGrid_<std::allocator<void> >::ConstPtr[m[K’ is deprecated [[01;35m[K-Wdeprecated-declarations[m[K]
  141 | (const nav_msgs::msg::OccupancyGrid::ConstPtr occupancy_grid[01;35m[K)[m[K
      |                                                             [01;35m[K^[m[K

In file included from [01m[K/opt/ros/foxy/include/nav_msgs/msg/occupancy_grid.hpp:7[m[K,
                 from [01m[K/home/aayush/newest_frenet_planner/src/frenet_planner_ported/src/../include/frenet_class.hpp:7[m[K,
                 from [01m[K/home/aayush/newest_frenet_planner/src/frenet_planner_ported/src/frenet_ros_obst.cpp:1[m[K:
[01m[K/opt/ros/foxy/include/nav_msgs/msg/detail/occupancy_grid__struct.hpp:123:5:[m[K [01;36m[Knote: [m[Kdeclared here
  123 |     [01;36m[KConstPtr[m[K;
      |     [01;36m[K^~~~~~~~[m[K
In file included from [01m[K/home/aayush/newest_frenet_planner/src/frenet_planner_ported/src/frenet_ros_obst.cpp:1[m[K:
[01m[K/home/aayush/newest_frenet_planner/src/frenet_planner_ported/src/../include/frenet_class.hpp:[m[K In member function ‘[01m[Kvoid FrenetClass::costmap_callback(nav_msgs::msg::OccupancyGrid_<std::allocator<void> >::ConstPtr)[m[K’:
[01m[K/home/aayush/newest_frenet_planner/src/frenet_planner_ported/src/../include/frenet_class.hpp:171:22:[m[K [01;35m[Kwarning: [m[Kcomparison of integer expressions of different signedness: ‘[01m[Klong int[m[K’ and ‘[01m[Kstd::vector<std::pair<double, double> >::size_type[m[K’ {aka ‘[01m[Klong unsigned int[m[K’} [[01;35m[K-Wsign-compare[m[K]
  171 |   for (long i = 0; [01;35m[Ki < ob1.size()[m[K; i++)
      |                    [01;35m[K~~^~~~~~~~~~~~[m[K
[01m[K/home/aayush/newest_frenet_planner/src/frenet_planner_ported/src/../include/frenet_class.hpp:151:13:[m[K [01;35m[Kwarning: [m[Kunused variable ‘[01m[KstartTime1[m[K’ [[01;35m[K-Wunused-variable[m[K]
  151 |      double [01;35m[KstartTime1[m[K = omp_get_wtime();
      |             [01;35m[K^~~~~~~~~~[m[K
In file included from [01m[K/home/aayush/newest_frenet_planner/src/frenet_planner_ported/src/frenet_ros_obst.cpp:2[m[K:
[01m[K/home/aayush/newest_frenet_planner/src/frenet_planner_ported/src/../include/frenet_optimal_trajectory.hpp:[m[K In function ‘[01m[Kstd::ostream& operator<<(std::ostream&, const FrenetPath&)[m[K’:
[01m[K/home/aayush/newest_frenet_planner/src/frenet_planner_ported/src/../include/frenet_optimal_trajectory.hpp:79:20:[m[K [01;35m[Kwarning: [m[Kstatement has no effect [[01;35m[K-Wunused-value[m[K]
   79 | #define trace(...) [01;35m[K42[m[K
      |                    [01;35m[K^~[m[K
[01m[K/home/aayush/newest_frenet_planner/src/frenet_planner_ported/src/../include/frenet_optimal_trajectory.hpp:79:20:[m[K [01;36m[Knote: [m[Kin definition of macro ‘[01m[Ktrace[m[K’
   79 | #define trace(...) [01;36m[K42[m[K
      |                    [01;36m[K^~[m[K
[01m[K/home/aayush/newest_frenet_planner/src/frenet_planner_ported/src/../include/frenet_optimal_trajectory.hpp:79:20:[m[K [01;35m[Kwarning: [m[Kstatement has no effect [[01;35m[K-Wunused-value[m[K]
   79 | #define trace(...) [01;35m[K42[m[K
      |                    [01;35m[K^~[m[K
[01m[K/home/aayush/newest_frenet_planner/src/frenet_planner_ported/src/../include/frenet_optimal_trajectory.hpp:79:20:[m[K [01;36m[Knote: [m[Kin definition of macro ‘[01m[Ktrace[m[K’
   79 | #define trace(...) [01;36m[K42[m[K
      |                    [01;36m[K^~[m[K
[01m[K/home/aayush/newest_frenet_planner/src/frenet_planner_ported/src/../include/frenet_optimal_trajectory.hpp:79:20:[m[K [01;35m[Kwarning: [m[Kstatement has no effect [[01;35m[K-Wunused-value[m[K]
   79 | #define trace(...) [01;35m[K42[m[K
      |                    [01;35m[K^~[m[K
[01m[K/home/aayush/newest_frenet_planner/src/frenet_planner_ported/src/../include/frenet_optimal_trajectory.hpp:79:20:[m[K [01;36m[Knote: [m[Kin definition of macro ‘[01m[Ktrace[m[K’
   79 | #define trace(...) [01;36m[K42[m[K
      |                    [01;36m[K^~[m[K
[01m[K/home/aayush/newest_frenet_planner/src/frenet_planner_ported/src/../include/frenet_optimal_trajectory.hpp:79:20:[m[K [01;35m[Kwarning: [m[Kstatement has no effect [[01;35m[K-Wunused-value[m[K]
   79 | #define trace(...) [01;35m[K42[m[K
      |                    [01;35m[K^~[m[K
[01m[K/home/aayush/newest_frenet_planner/src/frenet_planner_ported/src/../include/frenet_optimal_trajectory.hpp:79:20:[m[K [01;36m[Knote: [m[Kin definition of macro ‘[01m[Ktrace[m[K’
   79 | #define trace(...) [01;36m[K42[m[K
      |                    [01;36m[K^~[m[K
[01m[K/home/aayush/newest_frenet_planner/src/frenet_planner_ported/src/../include/frenet_optimal_trajectory.hpp:79:20:[m[K [01;35m[Kwarning: [m[Kstatement has no effect [[01;35m[K-Wunused-value[m[K]
   79 | #define trace(...) [01;35m[K42[m[K
      |                    [01;35m[K^~[m[K
[01m[K/home/aayush/newest_frenet_planner/src/frenet_planner_ported/src/../include/frenet_optimal_trajectory.hpp:79:20:[m[K [01;36m[Knote: [m[Kin definition of macro ‘[01m[Ktrace[m[K’
   79 | #define trace(...) [01;36m[K42[m[K
      |                    [01;36m[K^~[m[K
[01m[K/home/aayush/newest_frenet_planner/src/frenet_planner_ported/src/../include/frenet_optimal_trajectory.hpp:79:20:[m[K [01;35m[Kwarning: [m[Kstatement has no effect [[01;35m[K-Wunused-value[m[K]
   79 | #define trace(...) [01;35m[K42[m[K
      |                    [01;35m[K^~[m[K
[01m[K/home/aayush/newest_frenet_planner/src/frenet_planner_ported/src/../include/frenet_optimal_trajectory.hpp:79:20:[m[K [01;36m[Knote: [m[Kin definition of macro ‘[01m[Ktrace[m[K’
   79 | #define trace(...) [01;36m[K42[m[K
      |                    [01;36m[K^~[m[K
[01m[K/home/aayush/newest_frenet_planner/src/frenet_planner_ported/src/../include/frenet_optimal_trajectory.hpp:79:20:[m[K [01;35m[Kwarning: [m[Kstatement has no effect [[01;35m[K-Wunused-value[m[K]
   79 | #define trace(...) [01;35m[K42[m[K
      |                    [01;35m[K^~[m[K
[01m[K/home/aayush/newest_frenet_planner/src/frenet_planner_ported/src/../include/frenet_optimal_trajectory.hpp:79:20:[m[K [01;36m[Knote: [m[Kin definition of macro ‘[01m[Ktrace[m[K’
   79 | #define trace(...) [01;36m[K42[m[K
      |                    [01;36m[K^~[m[K
[01m[K/home/aayush/newest_frenet_planner/src/frenet_planner_ported/src/../include/frenet_optimal_trajectory.hpp:79:20:[m[K [01;35m[Kwarning: [m[Kstatement has no effect [[01;35m[K-Wunused-value[m[K]
   79 | #define trace(...) [01;35m[K42[m[K
      |                    [01;35m[K^~[m[K
[01m[K/home/aayush/newest_frenet_planner/src/frenet_planner_ported/src/../include/frenet_optimal_trajectory.hpp:79:20:[m[K [01;36m[Knote: [m[Kin definition of macro ‘[01m[Ktrace[m[K’
   79 | #define trace(...) [01;36m[K42[m[K
      |                    [01;36m[K^~[m[K
[01m[K/home/aayush/newest_frenet_planner/src/frenet_planner_ported/src/../include/frenet_optimal_trajectory.hpp:79:20:[m[K [01;35m[Kwarning: [m[Kstatement has no effect [[01;35m[K-Wunused-value[m[K]
   79 | #define trace(...) [01;35m[K42[m[K
      |                    [01;35m[K^~[m[K
[01m[K/home/aayush/newest_frenet_planner/src/frenet_planner_ported/src/../include/frenet_optimal_trajectory.hpp:79:20:[m[K [01;36m[Knote: [m[Kin definition of macro ‘[01m[Ktrace[m[K’
   79 | #define trace(...) [01;36m[K42[m[K
      |                    [01;36m[K^~[m[K
[01m[K/home/aayush/newest_frenet_planner/src/frenet_planner_ported/src/../include/frenet_optimal_trajectory.hpp:79:20:[m[K [01;35m[Kwarning: [m[Kstatement has no effect [[01;35m[K-Wunused-value[m[K]
   79 | #define trace(...) [01;35m[K42[m[K
      |                    [01;35m[K^~[m[K
[01m[K/home/aayush/newest_frenet_planner/src/frenet_planner_ported/src/../include/frenet_optimal_trajectory.hpp:79:20:[m[K [01;36m[Knote: [m[Kin definition of macro ‘[01m[Ktrace[m[K’
   79 | #define trace(...) [01;36m[K42[m[K
      |                    [01;36m[K^~[m[K
[01m[K/home/aayush/newest_frenet_planner/src/frenet_planner_ported/src/../include/frenet_optimal_trajectory.hpp:79:20:[m[K [01;35m[Kwarning: [m[Kstatement has no effect [[01;35m[K-Wunused-value[m[K]
   79 | #define trace(...) [01;35m[K42[m[K
      |                    [01;35m[K^~[m[K
[01m[K/home/aayush/newest_frenet_planner/src/frenet_planner_ported/src/../include/frenet_optimal_trajectory.hpp:79:20:[m[K [01;36m[Knote: [m[Kin definition of macro ‘[01m[Ktrace[m[K’
   79 | #define trace(...) [01;36m[K42[m[K
      |                    [01;36m[K^~[m[K
[01m[K/home/aayush/newest_frenet_planner/src/frenet_planner_ported/src/../include/frenet_optimal_trajectory.hpp:79:20:[m[K [01;35m[Kwarning: [m[Kstatement has no effect [[01;35m[K-Wunused-value[m[K]
   79 | #define trace(...) [01;35m[K42[m[K
      |                    [01;35m[K^~[m[K
[01m[K/home/aayush/newest_frenet_planner/src/frenet_planner_ported/src/../include/frenet_optimal_trajectory.hpp:79:20:[m[K [01;36m[Knote: [m[Kin definition of macro ‘[01m[Ktrace[m[K’
   79 | #define trace(...) [01;36m[K42[m[K
      |                    [01;36m[K^~[m[K
[01m[K/home/aayush/newest_frenet_planner/src/frenet_planner_ported/src/../include/frenet_optimal_trajectory.hpp:79:20:[m[K [01;35m[Kwarning: [m[Kstatement has no effect [[01;35m[K-Wunused-value[m[K]
   79 | #define trace(...) [01;35m[K42[m[K
      |                    [01;35m[K^~[m[K
[01m[K/home/aayush/newest_frenet_planner/src/frenet_planner_ported/src/../include/frenet_optimal_trajectory.hpp:79:20:[m[K [01;36m[Knote: [m[Kin definition of macro ‘[01m[Ktrace[m[K’
   79 | #define trace(...) [01;36m[K42[m[K
      |                    [01;36m[K^~[m[K
[01m[K/home/aayush/newest_frenet_planner/src/frenet_planner_ported/src/../include/frenet_optimal_trajectory.hpp:80:59:[m[K [01;35m[Kwarning: [m[Kunused parameter ‘[01m[Kfp[m[K’ [[01;35m[K-Wunused-parameter[m[K]
   80 | inline ostream& operator<<(ostream& os, [01;35m[Kconst FrenetPath& fp[m[K)
      |                                         [01;35m[K~~~~~~~~~~~~~~~~~~^~[m[K
[01m[K/home/aayush/newest_frenet_planner/src/frenet_planner_ported/src/frenet_ros_obst.cpp:[m[K In function ‘[01m[Kdouble get_bot_yaw()[m[K’:
[01m[K/home/aayush/newest_frenet_planner/src/frenet_planner_ported/src/../include/frenet_optimal_trajectory.hpp:79:20:[m[K [01;35m[Kwarning: [m[Kstatement has no effect [[01;35m[K-Wunused-value[m[K]
   79 | #define trace(...) [01;35m[K42[m[K
      |                    [01;35m[K^~[m[K
[01m[K/home/aayush/newest_frenet_planner/src/frenet_planner_ported/src/../include/frenet_optimal_trajectory.hpp:79:20:[m[K [01;36m[Knote: [m[Kin definition of macro ‘[01m[Ktrace[m[K’
   79 | #define trace(...) [01;36m[K42[m[K
      |                    [01;36m[K^~[m[K
[01m[K/home/aayush/newest_frenet_planner/src/frenet_planner_ported/src/frenet_ros_obst.cpp:[m[K In function ‘[01m[Kvoid initial_conditions_path(Spline2D&, double&, double&, double&, double&, double&, double&, FrenetPath&)[m[K’:
[01m[K/home/aayush/newest_frenet_planner/src/frenet_planner_ported/src/frenet_ros_obst.cpp:55:40:[m[K [01;35m[Kwarning: [m[Kunused parameter ‘[01m[Kcsp[m[K’ [[01;35m[K-Wunused-parameter[m[K]
   55 | void initial_conditions_path([01;35m[KSpline2D &csp[m[K, double &s0, double &c_speed, double &c_d, double &c_d_d,
      |                              [01;35m[K~~~~~~~~~~^~~[m[K
In file included from [01m[K/home/aayush/newest_frenet_planner/src/frenet_planner_ported/src/frenet_ros_obst.cpp:2[m[K:
[01m[K/home/aayush/newest_frenet_planner/src/frenet_planner_ported/src/frenet_ros_obst.cpp:[m[K In function ‘[01m[Kint initial_conditions_new(Spline2D&, vecD&, vecD&, vecD&, vecD&, vecD&, double&, double&, double&, double&, double&, double&, FrenetPath&)[m[K’:
[01m[K/home/aayush/newest_frenet_planner/src/frenet_planner_ported/src/../include/frenet_optimal_trajectory.hpp:79:20:[m[K [01;35m[Kwarning: [m[Kstatement has no effect [[01;35m[K-Wunused-value[m[K]
   79 | #define trace(...) [01;35m[K42[m[K
      |                    [01;35m[K^~[m[K
[01m[K/home/aayush/newest_frenet_planner/src/frenet_planner_ported/src/../include/frenet_optimal_trajectory.hpp:79:20:[m[K [01;36m[Knote: [m[Kin definition of macro ‘[01m[Ktrace[m[K’
   79 | #define trace(...) [01;36m[K42[m[K
      |                    [01;36m[K^~[m[K
[01m[K/home/aayush/newest_frenet_planner/src/frenet_planner_ported/src/../include/frenet_optimal_trajectory.hpp:79:20:[m[K [01;35m[Kwarning: [m[Kstatement has no effect [[01;35m[K-Wunused-value[m[K]
   79 | #define trace(...) [01;35m[K42[m[K
      |                    [01;35m[K^~[m[K
[01m[K/home/aayush/newest_frenet_planner/src/frenet_planner_ported/src/../include/frenet_optimal_trajectory.hpp:79:20:[m[K [01;36m[Knote: [m[Kin definition of macro ‘[01m[Ktrace[m[K’
   79 | #define trace(...) [01;36m[K42[m[K
      |                    [01;36m[K^~[m[K
[01m[K/home/aayush/newest_frenet_planner/src/frenet_planner_ported/src/frenet_ros_obst.cpp:71:38:[m[K [01;35m[Kwarning: [m[Kunused parameter ‘[01m[Kcsp[m[K’ [[01;35m[K-Wunused-parameter[m[K]
   71 | int initial_conditions_new([01;35m[KSpline2D &csp[m[K, vecD &global_s, vecD &global_x, vecD &global_y,
      |                            [01;35m[K~~~~~~~~~~^~~[m[K
In file included from [01m[K/home/aayush/newest_frenet_planner/src/frenet_planner_ported/src/frenet_ros_obst.cpp:2[m[K:
[01m[K/home/aayush/newest_frenet_planner/src/frenet_planner_ported/src/frenet_ros_obst.cpp:[m[K In function ‘[01m[Kint main(int, char**)[m[K’:
[01m[K/home/aayush/newest_frenet_planner/src/frenet_planner_ported/src/../include/frenet_optimal_trajectory.hpp:79:20:[m[K [01;35m[Kwarning: [m[Kstatement has no effect [[01;35m[K-Wunused-value[m[K]
   79 | #define trace(...) [01;35m[K42[m[K
      |                    [01;35m[K^~[m[K
[01m[K/home/aayush/newest_frenet_planner/src/frenet_planner_ported/src/../include/frenet_optimal_trajectory.hpp:79:20:[m[K [01;36m[Knote: [m[Kin definition of macro ‘[01m[Ktrace[m[K’
   79 | #define trace(...) [01;36m[K42[m[K
      |                    [01;36m[K^~[m[K
[01m[K/home/aayush/newest_frenet_planner/src/frenet_planner_ported/src/frenet_ros_obst.cpp:174:10:[m[K [01;35m[Kwarning: [m[Kunused variable ‘[01m[KstartTime1[m[K’ [[01;35m[K-Wunused-variable[m[K]
  174 |   double [01;35m[KstartTime1[m[K = omp_get_wtime();
      |          [01;35m[K^~~~~~~~~~[m[K
[01m[K/home/aayush/newest_frenet_planner/src/frenet_planner_ported/src/frenet_ros_obst.cpp:188:10:[m[K [01;35m[Kwarning: [m[Kunused variable ‘[01m[KendTime1[m[K’ [[01;35m[K-Wunused-variable[m[K]
  188 |   double [01;35m[KendTime1[m[K = omp_get_wtime();
      |          [01;35m[K^~~~~~~~[m[K
[01m[K/home/aayush/newest_frenet_planner/src/frenet_planner_ported/src/frenet_ros_obst.cpp:260:10:[m[K [01;35m[Kwarning: [m[Kunused variable ‘[01m[KstartTime3[m[K’ [[01;35m[K-Wunused-variable[m[K]
  260 |   double [01;35m[KstartTime3[m[K = omp_get_wtime();
      |          [01;35m[K^~~~~~~~~~[m[K
[01m[K/home/aayush/newest_frenet_planner/src/frenet_planner_ported/src/frenet_ros_obst.cpp:262:10:[m[K [01;35m[Kwarning: [m[Kunused variable ‘[01m[KendTime3[m[K’ [[01;35m[K-Wunused-variable[m[K]
  262 |   double [01;35m[KendTime3[m[K = omp_get_wtime();
      |          [01;35m[K^~~~~~~~[m[K
[01m[K/home/aayush/newest_frenet_planner/src/frenet_planner_ported/src/frenet_ros_obst.cpp:130:7:[m[K [01;35m[Kwarning: [m[Kunused variable ‘[01m[KgotOdom[m[K’ [[01;35m[K-Wunused-variable[m[K]
  130 |  bool [01;35m[KgotOdom[m[K = false;
      |       [01;35m[K^~~~~~~[m[K
[01m[K/home/aayush/newest_frenet_planner/src/frenet_planner_ported/src/frenet_ros_obst.cpp:164:9:[m[K [01;35m[Kwarning: [m[Kunused variable ‘[01m[Kpltbasetime[m[K’ [[01;35m[K-Wunused-variable[m[K]
  164 |  double [01;35m[Kpltbasetime[m[K = omp_get_wtime();
      |         [01;35m[K^~~~~~~~~~~[m[K
[01m[K/home/aayush/newest_frenet_planner/src/frenet_planner_ported/src/frenet_ros_obst.cpp:166:6:[m[K [01;35m[Kwarning: [m[Kunused variable ‘[01m[Kiteration_count[m[K’ [[01;35m[K-Wunused-variable[m[K]
  166 |  int [01;35m[Kiteration_count[m[K = 1;
      |      [01;35m[K^~~~~~~~~~~~~~~[m[K
