[0.838s] Invoking command in '/home/aayush/newest_frenet_planner/build/frenet_planner_ported': CMAKE_PREFIX_PATH=${CMAKE_PREFIX_PATH}:/home/aayush/newest_frenet_planner/install/dummy:/opt/ros/foxy /usr/bin/cmake --build /home/aayush/newest_frenet_planner/build/frenet_planner_ported -- -j2 -l2
[1.040s] [35m[1mScanning dependencies of target frenet_ros_obst[0m
[1.353s] [ 20%] [32mBuilding CXX object CMakeFiles/frenet_ros_obst.dir/src/frenet_ros_obst.cpp.o[0m
[1.359s] [ 40%] [32mBuilding CXX object CMakeFiles/frenet_ros_obst.dir/src/frenet_planner.cpp.o[0m
[12.476s] In file included from [01m[K/home/aayush/newest_frenet_planner/src/frenet_planner_ported/src/../include/frenet_class.hpp:11[m[K,
[12.477s]                  from [01m[K/home/aayush/newest_frenet_planner/src/frenet_planner_ported/src/frenet_ros_obst.cpp:1[m[K:
[12.477s] [01m[K/home/aayush/newest_frenet_planner/src/frenet_planner_ported/./include/matplotlibcpp.hpp:314:36:[m[K [01;35m[Kwarning: [m[Kstatic_assert without a message only available with ‘[01m[K-std=c++17[m[K’ or ‘[01m[K-std=gnu++17[m[K’ [[01;35m[K-Wpedantic[m[K]
[12.477s]   314 | static_assert(sizeof(long long) == [01;35m[K8[m[K);
[12.477s]       |                                    [01;35m[K^[m[K
[12.477s] [01m[K/home/aayush/newest_frenet_planner/src/frenet_planner_ported/./include/matplotlibcpp.hpp:316:45:[m[K [01;35m[Kwarning: [m[Kstatic_assert without a message only available with ‘[01m[K-std=c++17[m[K’ or ‘[01m[K-std=gnu++17[m[K’ [[01;35m[K-Wpedantic[m[K]
[12.478s]   316 | static_assert(sizeof(unsigned long long) == [01;35m[K8[m[K);
[12.478s]       |                                             [01;35m[K^[m[K
[13.292s] In file included from [01m[K/home/aayush/newest_frenet_planner/src/frenet_planner_ported/src/frenet_planner.cpp:8[m[K:
[13.292s] [01m[K/home/aayush/newest_frenet_planner/src/frenet_planner_ported/./include/matplotlibcpp.hpp:314:36:[m[K [01;35m[Kwarning: [m[Kstatic_assert without a message only available with ‘[01m[K-std=c++17[m[K’ or ‘[01m[K-std=gnu++17[m[K’ [[01;35m[K-Wpedantic[m[K]
[13.293s]   314 | static_assert(sizeof(long long) == [01;35m[K8[m[K);
[13.293s]       |                                    [01;35m[K^[m[K
[13.293s] [01m[K/home/aayush/newest_frenet_planner/src/frenet_planner_ported/./include/matplotlibcpp.hpp:316:45:[m[K [01;35m[Kwarning: [m[Kstatic_assert without a message only available with ‘[01m[K-std=c++17[m[K’ or ‘[01m[K-std=gnu++17[m[K’ [[01;35m[K-Wpedantic[m[K]
[13.293s]   316 | static_assert(sizeof(unsigned long long) == [01;35m[K8[m[K);
[13.294s]       |                                             [01;35m[K^[m[K
[16.320s] In file included from [01m[K/home/aayush/newest_frenet_planner/src/frenet_planner_ported/src/frenet_planner.cpp:10[m[K:
[16.321s] [01m[K/home/aayush/newest_frenet_planner/src/frenet_planner_ported/src/../include/frenet_optimal_trajectory.hpp:[m[K In function ‘[01m[Kstd::ostream& operator<<(std::ostream&, const FrenetPath&)[m[K’:
[16.321s] [01m[K/home/aayush/newest_frenet_planner/src/frenet_planner_ported/src/../include/frenet_optimal_trajectory.hpp:79:20:[m[K [01;35m[Kwarning: [m[Kstatement has no effect [[01;35m[K-Wunused-value[m[K]
[16.321s]    79 | #define trace(...) [01;35m[K42[m[K
[16.321s]       |                    [01;35m[K^~[m[K
[16.322s] [01m[K/home/aayush/newest_frenet_planner/src/frenet_planner_ported/src/../include/frenet_optimal_trajectory.hpp:79:20:[m[K [01;36m[Knote: [m[Kin definition of macro ‘[01m[Ktrace[m[K’
[16.322s]    79 | #define trace(...) [01;36m[K42[m[K
[16.323s]       |                    [01;36m[K^~[m[K
[16.323s] [01m[K/home/aayush/newest_frenet_planner/src/frenet_planner_ported/src/../include/frenet_optimal_trajectory.hpp:79:20:[m[K [01;35m[Kwarning: [m[Kstatement has no effect [[01;35m[K-Wunused-value[m[K]
[16.323s]    79 | #define trace(...) [01;35m[K42[m[K
[16.323s]       |                    [01;35m[K^~[m[K
[16.323s] [01m[K/home/aayush/newest_frenet_planner/src/frenet_planner_ported/src/../include/frenet_optimal_trajectory.hpp:79:20:[m[K [01;36m[Knote: [m[Kin definition of macro ‘[01m[Ktrace[m[K’
[16.324s]    79 | #define trace(...) [01;36m[K42[m[K
[16.325s]       |                    [01;36m[K^~[m[K
[16.325s] [01m[K/home/aayush/newest_frenet_planner/src/frenet_planner_ported/src/../include/frenet_optimal_trajectory.hpp:79:20:[m[K [01;35m[Kwarning: [m[Kstatement has no effect [[01;35m[K-Wunused-value[m[K]
[16.325s]    79 | #define trace(...) [01;35m[K42[m[K
[16.325s]       |                    [01;35m[K^~[m[K
[16.326s] [01m[K/home/aayush/newest_frenet_planner/src/frenet_planner_ported/src/../include/frenet_optimal_trajectory.hpp:79:20:[m[K [01;36m[Knote: [m[Kin definition of macro ‘[01m[Ktrace[m[K’
[16.326s]    79 | #define trace(...) [01;36m[K42[m[K
[16.327s]       |                    [01;36m[K^~[m[K
[16.327s] [01m[K/home/aayush/newest_frenet_planner/src/frenet_planner_ported/src/../include/frenet_optimal_trajectory.hpp:79:20:[m[K [01;35m[Kwarning: [m[Kstatement has no effect [[01;35m[K-Wunused-value[m[K]
[16.327s]    79 | #define trace(...) [01;35m[K42[m[K
[16.327s]       |                    [01;35m[K^~[m[K
[16.328s] [01m[K/home/aayush/newest_frenet_planner/src/frenet_planner_ported/src/../include/frenet_optimal_trajectory.hpp:79:20:[m[K [01;36m[Knote: [m[Kin definition of macro ‘[01m[Ktrace[m[K’
[16.328s]    79 | #define trace(...) [01;36m[K42[m[K
[16.328s]       |                    [01;36m[K^~[m[K
[16.328s] [01m[K/home/aayush/newest_frenet_planner/src/frenet_planner_ported/src/../include/frenet_optimal_trajectory.hpp:79:20:[m[K [01;35m[Kwarning: [m[Kstatement has no effect [[01;35m[K-Wunused-value[m[K]
[16.328s]    79 | #define trace(...) [01;35m[K42[m[K
[16.329s]       |                    [01;35m[K^~[m[K
[16.329s] [01m[K/home/aayush/newest_frenet_planner/src/frenet_planner_ported/src/../include/frenet_optimal_trajectory.hpp:79:20:[m[K [01;36m[Knote: [m[Kin definition of macro ‘[01m[Ktrace[m[K’
[16.329s]    79 | #define trace(...) [01;36m[K42[m[K
[16.329s]       |                    [01;36m[K^~[m[K
[16.329s] [01m[K/home/aayush/newest_frenet_planner/src/frenet_planner_ported/src/../include/frenet_optimal_trajectory.hpp:79:20:[m[K [01;35m[Kwarning: [m[Kstatement has no effect [[01;35m[K-Wunused-value[m[K]
[16.330s]    79 | #define trace(...) [01;35m[K42[m[K
[16.330s]       |                    [01;35m[K^~[m[K
[16.330s] [01m[K/home/aayush/newest_frenet_planner/src/frenet_planner_ported/src/../include/frenet_optimal_trajectory.hpp:79:20:[m[K [01;36m[Knote: [m[Kin definition of macro ‘[01m[Ktrace[m[K’
[16.330s]    79 | #define trace(...) [01;36m[K42[m[K
[16.331s]       |                    [01;36m[K^~[m[K
[16.331s] [01m[K/home/aayush/newest_frenet_planner/src/frenet_planner_ported/src/../include/frenet_optimal_trajectory.hpp:79:20:[m[K [01;35m[Kwarning: [m[Kstatement has no effect [[01;35m[K-Wunused-value[m[K]
[16.331s]    79 | #define trace(...) [01;35m[K42[m[K
[16.331s]       |                    [01;35m[K^~[m[K
[16.331s] [01m[K/home/aayush/newest_frenet_planner/src/frenet_planner_ported/src/../include/frenet_optimal_trajectory.hpp:79:20:[m[K [01;36m[Knote: [m[Kin definition of macro ‘[01m[Ktrace[m[K’
[16.332s]    79 | #define trace(...) [01;36m[K42[m[K
[16.332s]       |                    [01;36m[K^~[m[K
[16.332s] [01m[K/home/aayush/newest_frenet_planner/src/frenet_planner_ported/src/../include/frenet_optimal_trajectory.hpp:79:20:[m[K [01;35m[Kwarning: [m[Kstatement has no effect [[01;35m[K-Wunused-value[m[K]
[16.332s]    79 | #define trace(...) [01;35m[K42[m[K
[16.332s]       |                    [01;35m[K^~[m[K
[16.333s] [01m[K/home/aayush/newest_frenet_planner/src/frenet_planner_ported/src/../include/frenet_optimal_trajectory.hpp:79:20:[m[K [01;36m[Knote: [m[Kin definition of macro ‘[01m[Ktrace[m[K’
[16.333s]    79 | #define trace(...) [01;36m[K42[m[K
[16.333s]       |                    [01;36m[K^~[m[K
[16.347s] [01m[K/home/aayush/newest_frenet_planner/src/frenet_planner_ported/src/../include/frenet_optimal_trajectory.hpp:79:20:[m[K [01;35m[Kwarning: [m[Kstatement has no effect [[01;35m[K-Wunused-value[m[K]
[16.347s]    79 | #define trace(...) [01;35m[K42[m[K
[16.348s]       |                    [01;35m[K^~[m[K
[16.348s] [01m[K/home/aayush/newest_frenet_planner/src/frenet_planner_ported/src/../include/frenet_optimal_trajectory.hpp:79:20:[m[K [01;36m[Knote: [m[Kin definition of macro ‘[01m[Ktrace[m[K’
[16.348s]    79 | #define trace(...) [01;36m[K42[m[K
[16.348s]       |                    [01;36m[K^~[m[K
[16.348s] [01m[K/home/aayush/newest_frenet_planner/src/frenet_planner_ported/src/../include/frenet_optimal_trajectory.hpp:79:20:[m[K [01;35m[Kwarning: [m[Kstatement has no effect [[01;35m[K-Wunused-value[m[K]
[16.349s]    79 | #define trace(...) [01;35m[K42[m[K
[16.349s]       |                    [01;35m[K^~[m[K
[16.349s] [01m[K/home/aayush/newest_frenet_planner/src/frenet_planner_ported/src/../include/frenet_optimal_trajectory.hpp:79:20:[m[K [01;36m[Knote: [m[Kin definition of macro ‘[01m[Ktrace[m[K’
[16.349s]    79 | #define trace(...) [01;36m[K42[m[K
[16.349s]       |                    [01;36m[K^~[m[K
[16.350s] [01m[K/home/aayush/newest_frenet_planner/src/frenet_planner_ported/src/../include/frenet_optimal_trajectory.hpp:79:20:[m[K [01;35m[Kwarning: [m[Kstatement has no effect [[01;35m[K-Wunused-value[m[K]
[16.350s]    79 | #define trace(...) [01;35m[K42[m[K
[16.350s]       |                    [01;35m[K^~[m[K
[16.350s] [01m[K/home/aayush/newest_frenet_planner/src/frenet_planner_ported/src/../include/frenet_optimal_trajectory.hpp:79:20:[m[K [01;36m[Knote: [m[Kin definition of macro ‘[01m[Ktrace[m[K’
[16.351s]    79 | #define trace(...) [01;36m[K42[m[K
[16.351s]       |                    [01;36m[K^~[m[K
[16.351s] [01m[K/home/aayush/newest_frenet_planner/src/frenet_planner_ported/src/../include/frenet_optimal_trajectory.hpp:79:20:[m[K [01;35m[Kwarning: [m[Kstatement has no effect [[01;35m[K-Wunused-value[m[K]
[16.351s]    79 | #define trace(...) [01;35m[K42[m[K
[16.352s]       |                    [01;35m[K^~[m[K
[16.352s] [01m[K/home/aayush/newest_frenet_planner/src/frenet_planner_ported/src/../include/frenet_optimal_trajectory.hpp:79:20:[m[K [01;36m[Knote: [m[Kin definition of macro ‘[01m[Ktrace[m[K’
[16.352s]    79 | #define trace(...) [01;36m[K42[m[K
[16.352s]       |                    [01;36m[K^~[m[K
[16.352s] [01m[K/home/aayush/newest_frenet_planner/src/frenet_planner_ported/src/../include/frenet_optimal_trajectory.hpp:79:20:[m[K [01;35m[Kwarning: [m[Kstatement has no effect [[01;35m[K-Wunused-value[m[K]
[16.353s]    79 | #define trace(...) [01;35m[K42[m[K
[16.353s]       |                    [01;35m[K^~[m[K
[16.353s] [01m[K/home/aayush/newest_frenet_planner/src/frenet_planner_ported/src/../include/frenet_optimal_trajectory.hpp:79:20:[m[K [01;36m[Knote: [m[Kin definition of macro ‘[01m[Ktrace[m[K’
[16.353s]    79 | #define trace(...) [01;36m[K42[m[K
[16.353s]       |                    [01;36m[K^~[m[K
[16.354s] [01m[K/home/aayush/newest_frenet_planner/src/frenet_planner_ported/src/../include/frenet_optimal_trajectory.hpp:80:59:[m[K [01;35m[Kwarning: [m[Kunused parameter ‘[01m[Kfp[m[K’ [[01;35m[K-Wunused-parameter[m[K]
[16.354s]    80 | inline ostream& operator<<(ostream& os, [01;35m[Kconst FrenetPath& fp[m[K)
[16.354s]       |                                         [01;35m[K~~~~~~~~~~~~~~~~~~^~[m[K
[16.354s] [01m[K/home/aayush/newest_frenet_planner/src/frenet_planner_ported/src/frenet_planner.cpp:[m[K In member function ‘[01m[Kvoid FrenetPath::calc_lon_paths_quintic_poly(double, double, double, double, double)[m[K’:
[16.354s] [01m[K/home/aayush/newest_frenet_planner/src/frenet_planner_ported/src/frenet_planner.cpp:68:91:[m[K [01;35m[Kwarning: [m[Kunused parameter ‘[01m[Kts[m[K’ [[01;35m[K-Wunused-parameter[m[K]
[16.355s]    68 | void FrenetPath::calc_lon_paths_quintic_poly(double c_speed, double s0, double Ti, [01;35m[Kdouble ts[m[K,
[16.358s]       |                                                                                    [01;35m[K~~~~~~~^~[m[K
[16.360s] [01m[K/home/aayush/newest_frenet_planner/src/frenet_planner_ported/src/frenet_planner.cpp:[m[K In member function ‘[01m[Kvoid FrenetPath::adding_global_path(Spline2D)[m[K’:
[16.362s] [01m[K/home/aayush/newest_frenet_planner/src/frenet_planner_ported/src/frenet_planner.cpp:197:9:[m[K [01;35m[Kwarning: [m[Kunused variable ‘[01m[KstartTime1[m[K’ [[01;35m[K-Wunused-variable[m[K]
[16.362s]   197 |  double [01;35m[KstartTime1[m[K = omp_get_wtime();
[16.362s]       |         [01;35m[K^~~~~~~~~~[m[K
[16.363s] [01m[K/home/aayush/newest_frenet_planner/src/frenet_planner_ported/src/frenet_planner.cpp:248:9:[m[K [01;35m[Kwarning: [m[Kunused variable ‘[01m[KendTime1[m[K’ [[01;35m[K-Wunused-variable[m[K]
[16.363s]   248 |  double [01;35m[KendTime1[m[K = omp_get_wtime();
[16.363s]       |         [01;35m[K^~~~~~~~[m[K
[16.377s] In file included from [01m[K/home/aayush/newest_frenet_planner/src/frenet_planner_ported/src/frenet_planner.cpp:10[m[K:
[16.377s] [01m[K/home/aayush/newest_frenet_planner/src/frenet_planner_ported/src/frenet_planner.cpp:[m[K In function ‘[01m[KFrenetPath frenet_optimal_planning(Spline2D, double, double, double, double, double, FrenetPath, double)[m[K’:
[16.378s] [01m[K/home/aayush/newest_frenet_planner/src/frenet_planner_ported/src/../include/frenet_optimal_trajectory.hpp:79:20:[m[K [01;35m[Kwarning: [m[Kstatement has no effect [[01;35m[K-Wunused-value[m[K]
[16.378s]    79 | #define trace(...) [01;35m[K42[m[K
[16.378s]       |                    [01;35m[K^~[m[K
[16.378s] [01m[K/home/aayush/newest_frenet_planner/src/frenet_planner_ported/src/../include/frenet_optimal_trajectory.hpp:79:20:[m[K [01;36m[Knote: [m[Kin definition of macro ‘[01m[Ktrace[m[K’
[16.378s]    79 | #define trace(...) [01;36m[K42[m[K
[16.379s]       |                    [01;36m[K^~[m[K
[16.379s] [01m[K/home/aayush/newest_frenet_planner/src/frenet_planner_ported/src/../include/frenet_optimal_trajectory.hpp:79:20:[m[K [01;35m[Kwarning: [m[Kstatement has no effect [[01;35m[K-Wunused-value[m[K]
[16.380s]    79 | #define trace(...) [01;35m[K42[m[K
[16.380s]       |                    [01;35m[K^~[m[K
[16.380s] [01m[K/home/aayush/newest_frenet_planner/src/frenet_planner_ported/src/../include/frenet_optimal_trajectory.hpp:79:20:[m[K [01;36m[Knote: [m[Kin definition of macro ‘[01m[Ktrace[m[K’
[16.380s]    79 | #define trace(...) [01;36m[K42[m[K
[16.380s]       |                    [01;36m[K^~[m[K
[16.381s] [01m[K/home/aayush/newest_frenet_planner/src/frenet_planner_ported/src/../include/frenet_optimal_trajectory.hpp:79:20:[m[K [01;35m[Kwarning: [m[Kstatement has no effect [[01;35m[K-Wunused-value[m[K]
[16.381s]    79 | #define trace(...) [01;35m[K42[m[K
[16.382s]       |                    [01;35m[K^~[m[K
[16.382s] [01m[K/home/aayush/newest_frenet_planner/src/frenet_planner_ported/src/../include/frenet_optimal_trajectory.hpp:79:20:[m[K [01;36m[Knote: [m[Kin definition of macro ‘[01m[Ktrace[m[K’
[16.386s]    79 | #define trace(...) [01;36m[K42[m[K
[16.386s]       |                    [01;36m[K^~[m[K
[16.389s] [01m[K/home/aayush/newest_frenet_planner/src/frenet_planner_ported/src/../include/frenet_optimal_trajectory.hpp:79:20:[m[K [01;35m[Kwarning: [m[Kstatement has no effect [[01;35m[K-Wunused-value[m[K]
[16.389s]    79 | #define trace(...) [01;35m[K42[m[K
[16.389s]       |                    [01;35m[K^~[m[K
[16.390s] [01m[K/home/aayush/newest_frenet_planner/src/frenet_planner_ported/src/../include/frenet_optimal_trajectory.hpp:79:20:[m[K [01;36m[Knote: [m[Kin definition of macro ‘[01m[Ktrace[m[K’
[16.390s]    79 | #define trace(...) [01;36m[K42[m[K
[16.390s]       |                    [01;36m[K^~[m[K
[16.391s] [01m[K/home/aayush/newest_frenet_planner/src/frenet_planner_ported/src/../include/frenet_optimal_trajectory.hpp:79:20:[m[K [01;35m[Kwarning: [m[Kstatement has no effect [[01;35m[K-Wunused-value[m[K]
[16.391s]    79 | #define trace(...) [01;35m[K42[m[K
[16.392s]       |                    [01;35m[K^~[m[K
[16.392s] [01m[K/home/aayush/newest_frenet_planner/src/frenet_planner_ported/src/../include/frenet_optimal_trajectory.hpp:79:20:[m[K [01;36m[Knote: [m[Kin definition of macro ‘[01m[Ktrace[m[K’
[16.392s]    79 | #define trace(...) [01;36m[K42[m[K
[16.393s]       |                    [01;36m[K^~[m[K
[16.631s] In file included from [01m[K/home/aayush/newest_frenet_planner/src/frenet_planner_ported/src/frenet_ros_obst.cpp:1[m[K:
[16.632s] [01m[K/home/aayush/newest_frenet_planner/src/frenet_planner_ported/src/../include/frenet_class.hpp:131:81:[m[K [01;35m[Kwarning: [m[K‘[01m[Kgeometry_msgs::msg::PolygonStamped_<std::allocator<void> >::ConstPtr[m[K’ is deprecated [[01;35m[K-Wdeprecated-declarations[m[K]
[16.632s]   131 | allback(const geometry_msgs::msg::PolygonStamped::ConstPtr p[01;35m[K)[m[K
[16.633s]       |                                                             [01;35m[K^[m[K
[16.633s] 
[16.633s] In file included from [01m[K/opt/ros/foxy/include/geometry_msgs/msg/polygon_stamped.hpp:7[m[K,
[16.633s]                  from [01m[K/home/aayush/newest_frenet_planner/src/frenet_planner_ported/src/../include/frenet_class.hpp:8[m[K,
[16.635s]                  from [01m[K/home/aayush/newest_frenet_planner/src/frenet_planner_ported/src/frenet_ros_obst.cpp:1[m[K:
[16.636s] [01m[K/opt/ros/foxy/include/geometry_msgs/msg/detail/polygon_stamped__struct.hpp:114:5:[m[K [01;36m[Knote: [m[Kdeclared here
[16.636s]   114 |     [01;36m[KConstPtr[m[K;
[16.636s]       |     [01;36m[K^~~~~~~~[m[K
[16.637s] In file included from [01m[K/home/aayush/newest_frenet_planner/src/frenet_planner_ported/src/frenet_ros_obst.cpp:1[m[K:
[16.637s] [01m[K/home/aayush/newest_frenet_planner/src/frenet_planner_ported/src/../include/frenet_class.hpp:137:67:[m[K [01;35m[Kwarning: [m[K‘[01m[Knav_msgs::msg::Odometry_<std::allocator<void> >::ConstPtr[m[K’ is deprecated [[01;35m[K-Wdeprecated-declarations[m[K]
[16.637s]   137 |     void odom_callback(const nav_msgs::msg::Odometry::ConstPtr msg[01;35m[K)[m[K
[16.637s]       |                                                                   [01;35m[K^[m[K
[16.638s] In file included from [01m[K/opt/ros/foxy/include/nav_msgs/msg/odometry.hpp:7[m[K,
[16.638s]                  from [01m[K/home/aayush/newest_frenet_planner/src/frenet_planner_ported/src/../include/frenet_class.hpp:6[m[K,
[16.639s]                  from [01m[K/home/aayush/newest_frenet_planner/src/frenet_planner_ported/src/frenet_ros_obst.cpp:1[m[K:
[16.639s] [01m[K/opt/ros/foxy/include/nav_msgs/msg/detail/odometry__struct.hpp:145:5:[m[K [01;36m[Knote: [m[Kdeclared here
[16.639s]   145 |     [01;36m[KConstPtr[m[K;
[16.639s]       |     [01;36m[K^~~~~~~~[m[K
[16.639s] In file included from [01m[K/home/aayush/newest_frenet_planner/src/frenet_planner_ported/src/frenet_ros_obst.cpp:1[m[K:
[16.640s] [01m[K/home/aayush/newest_frenet_planner/src/frenet_planner_ported/src/../include/frenet_class.hpp:141:86:[m[K [01;35m[Kwarning: [m[K‘[01m[Knav_msgs::msg::OccupancyGrid_<std::allocator<void> >::ConstPtr[m[K’ is deprecated [[01;35m[K-Wdeprecated-declarations[m[K]
[16.640s]   141 | (const nav_msgs::msg::OccupancyGrid::ConstPtr occupancy_grid[01;35m[K)[m[K
[16.640s]       |                                                             [01;35m[K^[m[K
[16.640s] 
[16.640s] In file included from [01m[K/opt/ros/foxy/include/nav_msgs/msg/occupancy_grid.hpp:7[m[K,
[16.641s]                  from [01m[K/home/aayush/newest_frenet_planner/src/frenet_planner_ported/src/../include/frenet_class.hpp:7[m[K,
[16.641s]                  from [01m[K/home/aayush/newest_frenet_planner/src/frenet_planner_ported/src/frenet_ros_obst.cpp:1[m[K:
[16.641s] [01m[K/opt/ros/foxy/include/nav_msgs/msg/detail/occupancy_grid__struct.hpp:123:5:[m[K [01;36m[Knote: [m[Kdeclared here
[16.641s]   123 |     [01;36m[KConstPtr[m[K;
[16.641s]       |     [01;36m[K^~~~~~~~[m[K
[16.783s] In file included from [01m[K/home/aayush/newest_frenet_planner/src/frenet_planner_ported/src/frenet_ros_obst.cpp:1[m[K:
[16.784s] [01m[K/home/aayush/newest_frenet_planner/src/frenet_planner_ported/src/../include/frenet_class.hpp:[m[K In member function ‘[01m[Kvoid FrenetClass::costmap_callback(nav_msgs::msg::OccupancyGrid_<std::allocator<void> >::ConstPtr)[m[K’:
[16.784s] [01m[K/home/aayush/newest_frenet_planner/src/frenet_planner_ported/src/../include/frenet_class.hpp:171:22:[m[K [01;35m[Kwarning: [m[Kcomparison of integer expressions of different signedness: ‘[01m[Klong int[m[K’ and ‘[01m[Kstd::vector<std::pair<double, double> >::size_type[m[K’ {aka ‘[01m[Klong unsigned int[m[K’} [[01;35m[K-Wsign-compare[m[K]
[16.785s]   171 |   for (long i = 0; [01;35m[Ki < ob1.size()[m[K; i++)
[16.785s]       |                    [01;35m[K~~^~~~~~~~~~~~[m[K
[16.785s] [01m[K/home/aayush/newest_frenet_planner/src/frenet_planner_ported/src/../include/frenet_class.hpp:151:13:[m[K [01;35m[Kwarning: [m[Kunused variable ‘[01m[KstartTime1[m[K’ [[01;35m[K-Wunused-variable[m[K]
[16.786s]   151 |      double [01;35m[KstartTime1[m[K = omp_get_wtime();
[16.786s]       |             [01;35m[K^~~~~~~~~~[m[K
[16.789s] In file included from [01m[K/home/aayush/newest_frenet_planner/src/frenet_planner_ported/src/frenet_ros_obst.cpp:2[m[K:
[16.789s] [01m[K/home/aayush/newest_frenet_planner/src/frenet_planner_ported/src/../include/frenet_optimal_trajectory.hpp:[m[K In function ‘[01m[Kstd::ostream& operator<<(std::ostream&, const FrenetPath&)[m[K’:
[16.790s] [01m[K/home/aayush/newest_frenet_planner/src/frenet_planner_ported/src/../include/frenet_optimal_trajectory.hpp:79:20:[m[K [01;35m[Kwarning: [m[Kstatement has no effect [[01;35m[K-Wunused-value[m[K]
[16.790s]    79 | #define trace(...) [01;35m[K42[m[K
[16.792s]       |                    [01;35m[K^~[m[K
[16.794s] [01m[K/home/aayush/newest_frenet_planner/src/frenet_planner_ported/src/../include/frenet_optimal_trajectory.hpp:79:20:[m[K [01;36m[Knote: [m[Kin definition of macro ‘[01m[Ktrace[m[K’
[16.796s]    79 | #define trace(...) [01;36m[K42[m[K
[16.796s]       |                    [01;36m[K^~[m[K
[16.796s] [01m[K/home/aayush/newest_frenet_planner/src/frenet_planner_ported/src/../include/frenet_optimal_trajectory.hpp:79:20:[m[K [01;35m[Kwarning: [m[Kstatement has no effect [[01;35m[K-Wunused-value[m[K]
[16.797s]    79 | #define trace(...) [01;35m[K42[m[K
[16.797s]       |                    [01;35m[K^~[m[K
[16.797s] [01m[K/home/aayush/newest_frenet_planner/src/frenet_planner_ported/src/../include/frenet_optimal_trajectory.hpp:79:20:[m[K [01;36m[Knote: [m[Kin definition of macro ‘[01m[Ktrace[m[K’
[16.798s]    79 | #define trace(...) [01;36m[K42[m[K
[16.798s]       |                    [01;36m[K^~[m[K
[16.798s] [01m[K/home/aayush/newest_frenet_planner/src/frenet_planner_ported/src/../include/frenet_optimal_trajectory.hpp:79:20:[m[K [01;35m[Kwarning: [m[Kstatement has no effect [[01;35m[K-Wunused-value[m[K]
[16.798s]    79 | #define trace(...) [01;35m[K42[m[K
[16.799s]       |                    [01;35m[K^~[m[K
[16.799s] [01m[K/home/aayush/newest_frenet_planner/src/frenet_planner_ported/src/../include/frenet_optimal_trajectory.hpp:79:20:[m[K [01;36m[Knote: [m[Kin definition of macro ‘[01m[Ktrace[m[K’
[16.799s]    79 | #define trace(...) [01;36m[K42[m[K
[16.803s]       |                    [01;36m[K^~[m[K
[16.804s] [01m[K/home/aayush/newest_frenet_planner/src/frenet_planner_ported/src/../include/frenet_optimal_trajectory.hpp:79:20:[m[K [01;35m[Kwarning: [m[Kstatement has no effect [[01;35m[K-Wunused-value[m[K]
[16.804s]    79 | #define trace(...) [01;35m[K42[m[K
[16.804s]       |                    [01;35m[K^~[m[K
[16.805s] [01m[K/home/aayush/newest_frenet_planner/src/frenet_planner_ported/src/../include/frenet_optimal_trajectory.hpp:79:20:[m[K [01;36m[Knote: [m[Kin definition of macro ‘[01m[Ktrace[m[K’
[16.805s]    79 | #define trace(...) [01;36m[K42[m[K
[16.806s]       |                    [01;36m[K^~[m[K
[16.806s] [01m[K/home/aayush/newest_frenet_planner/src/frenet_planner_ported/src/../include/frenet_optimal_trajectory.hpp:79:20:[m[K [01;35m[Kwarning: [m[Kstatement has no effect [[01;35m[K-Wunused-value[m[K]
[16.806s]    79 | #define trace(...) [01;35m[K42[m[K
[16.819s]       |                    [01;35m[K^~[m[K
[16.819s] [01m[K/home/aayush/newest_frenet_planner/src/frenet_planner_ported/src/../include/frenet_optimal_trajectory.hpp:79:20:[m[K [01;36m[Knote: [m[Kin definition of macro ‘[01m[Ktrace[m[K’
[16.819s]    79 | #define trace(...) [01;36m[K42[m[K
[16.820s]       |                    [01;36m[K^~[m[K
[16.820s] [01m[K/home/aayush/newest_frenet_planner/src/frenet_planner_ported/src/../include/frenet_optimal_trajectory.hpp:79:20:[m[K [01;35m[Kwarning: [m[Kstatement has no effect [[01;35m[K-Wunused-value[m[K]
[16.820s]    79 | #define trace(...) [01;35m[K42[m[K
[16.820s]       |                    [01;35m[K^~[m[K
[16.821s] [01m[K/home/aayush/newest_frenet_planner/src/frenet_planner_ported/src/../include/frenet_optimal_trajectory.hpp:79:20:[m[K [01;36m[Knote: [m[Kin definition of macro ‘[01m[Ktrace[m[K’
[16.821s]    79 | #define trace(...) [01;36m[K42[m[K
[16.821s]       |                    [01;36m[K^~[m[K
[16.821s] [01m[K/home/aayush/newest_frenet_planner/src/frenet_planner_ported/src/../include/frenet_optimal_trajectory.hpp:79:20:[m[K [01;35m[Kwarning: [m[Kstatement has no effect [[01;35m[K-Wunused-value[m[K]
[16.821s]    79 | #define trace(...) [01;35m[K42[m[K
[16.822s]       |                    [01;35m[K^~[m[K
[16.822s] [01m[K/home/aayush/newest_frenet_planner/src/frenet_planner_ported/src/../include/frenet_optimal_trajectory.hpp:79:20:[m[K [01;36m[Knote: [m[Kin definition of macro ‘[01m[Ktrace[m[K’
[16.822s]    79 | #define trace(...) [01;36m[K42[m[K
[16.823s]       |                    [01;36m[K^~[m[K
[16.823s] [01m[K/home/aayush/newest_frenet_planner/src/frenet_planner_ported/src/../include/frenet_optimal_trajectory.hpp:79:20:[m[K [01;35m[Kwarning: [m[Kstatement has no effect [[01;35m[K-Wunused-value[m[K]
[16.823s]    79 | #define trace(...) [01;35m[K42[m[K
[16.823s]       |                    [01;35m[K^~[m[K
[16.823s] [01m[K/home/aayush/newest_frenet_planner/src/frenet_planner_ported/src/../include/frenet_optimal_trajectory.hpp:79:20:[m[K [01;36m[Knote: [m[Kin definition of macro ‘[01m[Ktrace[m[K’
[16.824s]    79 | #define trace(...) [01;36m[K42[m[K
[16.824s]       |                    [01;36m[K^~[m[K
[16.824s] [01m[K/home/aayush/newest_frenet_planner/src/frenet_planner_ported/src/../include/frenet_optimal_trajectory.hpp:79:20:[m[K [01;35m[Kwarning: [m[Kstatement has no effect [[01;35m[K-Wunused-value[m[K]
[16.824s]    79 | #define trace(...) [01;35m[K42[m[K
[16.824s]       |                    [01;35m[K^~[m[K
[16.825s] [01m[K/home/aayush/newest_frenet_planner/src/frenet_planner_ported/src/../include/frenet_optimal_trajectory.hpp:79:20:[m[K [01;36m[Knote: [m[Kin definition of macro ‘[01m[Ktrace[m[K’
[16.825s]    79 | #define trace(...) [01;36m[K42[m[K
[16.825s]       |                    [01;36m[K^~[m[K
[16.825s] [01m[K/home/aayush/newest_frenet_planner/src/frenet_planner_ported/src/../include/frenet_optimal_trajectory.hpp:79:20:[m[K [01;35m[Kwarning: [m[Kstatement has no effect [[01;35m[K-Wunused-value[m[K]
[16.825s]    79 | #define trace(...) [01;35m[K42[m[K
[16.826s]       |                    [01;35m[K^~[m[K
[16.826s] [01m[K/home/aayush/newest_frenet_planner/src/frenet_planner_ported/src/../include/frenet_optimal_trajectory.hpp:79:20:[m[K [01;36m[Knote: [m[Kin definition of macro ‘[01m[Ktrace[m[K’
[16.826s]    79 | #define trace(...) [01;36m[K42[m[K
[16.826s]       |                    [01;36m[K^~[m[K
[16.827s] [01m[K/home/aayush/newest_frenet_planner/src/frenet_planner_ported/src/../include/frenet_optimal_trajectory.hpp:79:20:[m[K [01;35m[Kwarning: [m[Kstatement has no effect [[01;35m[K-Wunused-value[m[K]
[16.827s]    79 | #define trace(...) [01;35m[K42[m[K
[16.827s]       |                    [01;35m[K^~[m[K
[16.827s] [01m[K/home/aayush/newest_frenet_planner/src/frenet_planner_ported/src/../include/frenet_optimal_trajectory.hpp:79:20:[m[K [01;36m[Knote: [m[Kin definition of macro ‘[01m[Ktrace[m[K’
[16.827s]    79 | #define trace(...) [01;36m[K42[m[K
[16.828s]       |                    [01;36m[K^~[m[K
[16.828s] [01m[K/home/aayush/newest_frenet_planner/src/frenet_planner_ported/src/../include/frenet_optimal_trajectory.hpp:79:20:[m[K [01;35m[Kwarning: [m[Kstatement has no effect [[01;35m[K-Wunused-value[m[K]
[16.828s]    79 | #define trace(...) [01;35m[K42[m[K
[16.828s]       |                    [01;35m[K^~[m[K
[16.828s] [01m[K/home/aayush/newest_frenet_planner/src/frenet_planner_ported/src/../include/frenet_optimal_trajectory.hpp:79:20:[m[K [01;36m[Knote: [m[Kin definition of macro ‘[01m[Ktrace[m[K’
[16.829s]    79 | #define trace(...) [01;36m[K42[m[K
[16.829s]       |                    [01;36m[K^~[m[K
[16.829s] [01m[K/home/aayush/newest_frenet_planner/src/frenet_planner_ported/src/../include/frenet_optimal_trajectory.hpp:79:20:[m[K [01;35m[Kwarning: [m[Kstatement has no effect [[01;35m[K-Wunused-value[m[K]
[16.829s]    79 | #define trace(...) [01;35m[K42[m[K
[16.829s]       |                    [01;35m[K^~[m[K
[16.830s] [01m[K/home/aayush/newest_frenet_planner/src/frenet_planner_ported/src/../include/frenet_optimal_trajectory.hpp:79:20:[m[K [01;36m[Knote: [m[Kin definition of macro ‘[01m[Ktrace[m[K’
[16.830s]    79 | #define trace(...) [01;36m[K42[m[K
[16.830s]       |                    [01;36m[K^~[m[K
[16.830s] [01m[K/home/aayush/newest_frenet_planner/src/frenet_planner_ported/src/../include/frenet_optimal_trajectory.hpp:80:59:[m[K [01;35m[Kwarning: [m[Kunused parameter ‘[01m[Kfp[m[K’ [[01;35m[K-Wunused-parameter[m[K]
[16.839s]    80 | inline ostream& operator<<(ostream& os, [01;35m[Kconst FrenetPath& fp[m[K)
[16.840s]       |                                         [01;35m[K~~~~~~~~~~~~~~~~~~^~[m[K
[16.840s] [01m[K/home/aayush/newest_frenet_planner/src/frenet_planner_ported/src/frenet_ros_obst.cpp:[m[K In function ‘[01m[Kdouble get_bot_yaw()[m[K’:
[16.840s] [01m[K/home/aayush/newest_frenet_planner/src/frenet_planner_ported/src/../include/frenet_optimal_trajectory.hpp:79:20:[m[K [01;35m[Kwarning: [m[Kstatement has no effect [[01;35m[K-Wunused-value[m[K]
[16.840s]    79 | #define trace(...) [01;35m[K42[m[K
[16.841s]       |                    [01;35m[K^~[m[K
[16.841s] [01m[K/home/aayush/newest_frenet_planner/src/frenet_planner_ported/src/../include/frenet_optimal_trajectory.hpp:79:20:[m[K [01;36m[Knote: [m[Kin definition of macro ‘[01m[Ktrace[m[K’
[16.841s]    79 | #define trace(...) [01;36m[K42[m[K
[16.841s]       |                    [01;36m[K^~[m[K
[16.842s] [01m[K/home/aayush/newest_frenet_planner/src/frenet_planner_ported/src/frenet_ros_obst.cpp:[m[K In function ‘[01m[Kvoid initial_conditions_path(Spline2D&, double&, double&, double&, double&, double&, double&, FrenetPath&)[m[K’:
[16.842s] [01m[K/home/aayush/newest_frenet_planner/src/frenet_planner_ported/src/frenet_ros_obst.cpp:55:40:[m[K [01;35m[Kwarning: [m[Kunused parameter ‘[01m[Kcsp[m[K’ [[01;35m[K-Wunused-parameter[m[K]
[16.842s]    55 | void initial_conditions_path([01;35m[KSpline2D &csp[m[K, double &s0, double &c_speed, double &c_d, double &c_d_d,
[16.842s]       |                              [01;35m[K~~~~~~~~~~^~~[m[K
[16.843s] In file included from [01m[K/home/aayush/newest_frenet_planner/src/frenet_planner_ported/src/frenet_ros_obst.cpp:2[m[K:
[16.843s] [01m[K/home/aayush/newest_frenet_planner/src/frenet_planner_ported/src/frenet_ros_obst.cpp:[m[K In function ‘[01m[Kint initial_conditions_new(Spline2D&, vecD&, vecD&, vecD&, vecD&, vecD&, double&, double&, double&, double&, double&, double&, FrenetPath&)[m[K’:
[16.843s] [01m[K/home/aayush/newest_frenet_planner/src/frenet_planner_ported/src/../include/frenet_optimal_trajectory.hpp:79:20:[m[K [01;35m[Kwarning: [m[Kstatement has no effect [[01;35m[K-Wunused-value[m[K]
[16.843s]    79 | #define trace(...) [01;35m[K42[m[K
[16.844s]       |                    [01;35m[K^~[m[K
[16.844s] [01m[K/home/aayush/newest_frenet_planner/src/frenet_planner_ported/src/../include/frenet_optimal_trajectory.hpp:79:20:[m[K [01;36m[Knote: [m[Kin definition of macro ‘[01m[Ktrace[m[K’
[16.844s]    79 | #define trace(...) [01;36m[K42[m[K
[16.844s]       |                    [01;36m[K^~[m[K
[16.845s] [01m[K/home/aayush/newest_frenet_planner/src/frenet_planner_ported/src/../include/frenet_optimal_trajectory.hpp:79:20:[m[K [01;35m[Kwarning: [m[Kstatement has no effect [[01;35m[K-Wunused-value[m[K]
[16.845s]    79 | #define trace(...) [01;35m[K42[m[K
[16.845s]       |                    [01;35m[K^~[m[K
[16.845s] [01m[K/home/aayush/newest_frenet_planner/src/frenet_planner_ported/src/../include/frenet_optimal_trajectory.hpp:79:20:[m[K [01;36m[Knote: [m[Kin definition of macro ‘[01m[Ktrace[m[K’
[16.846s]    79 | #define trace(...) [01;36m[K42[m[K
[16.846s]       |                    [01;36m[K^~[m[K
[16.855s] [01m[K/home/aayush/newest_frenet_planner/src/frenet_planner_ported/src/frenet_ros_obst.cpp:71:38:[m[K [01;35m[Kwarning: [m[Kunused parameter ‘[01m[Kcsp[m[K’ [[01;35m[K-Wunused-parameter[m[K]
[16.856s]    71 | int initial_conditions_new([01;35m[KSpline2D &csp[m[K, vecD &global_s, vecD &global_x, vecD &global_y,
[16.856s]       |                            [01;35m[K~~~~~~~~~~^~~[m[K
[16.857s] In file included from [01m[K/home/aayush/newest_frenet_planner/src/frenet_planner_ported/src/frenet_ros_obst.cpp:2[m[K:
[16.857s] [01m[K/home/aayush/newest_frenet_planner/src/frenet_planner_ported/src/frenet_ros_obst.cpp:[m[K In function ‘[01m[Kint main(int, char**)[m[K’:
[16.857s] [01m[K/home/aayush/newest_frenet_planner/src/frenet_planner_ported/src/../include/frenet_optimal_trajectory.hpp:79:20:[m[K [01;35m[Kwarning: [m[Kstatement has no effect [[01;35m[K-Wunused-value[m[K]
[16.857s]    79 | #define trace(...) [01;35m[K42[m[K
[16.857s]       |                    [01;35m[K^~[m[K
[16.858s] [01m[K/home/aayush/newest_frenet_planner/src/frenet_planner_ported/src/../include/frenet_optimal_trajectory.hpp:79:20:[m[K [01;36m[Knote: [m[Kin definition of macro ‘[01m[Ktrace[m[K’
[16.858s]    79 | #define trace(...) [01;36m[K42[m[K
[16.858s]       |                    [01;36m[K^~[m[K
[16.909s] [01m[K/home/aayush/newest_frenet_planner/src/frenet_planner_ported/src/frenet_ros_obst.cpp:174:10:[m[K [01;35m[Kwarning: [m[Kunused variable ‘[01m[KstartTime1[m[K’ [[01;35m[K-Wunused-variable[m[K]
[16.910s]   174 |   double [01;35m[KstartTime1[m[K = omp_get_wtime();
[16.911s]       |          [01;35m[K^~~~~~~~~~[m[K
[16.911s] [01m[K/home/aayush/newest_frenet_planner/src/frenet_planner_ported/src/frenet_ros_obst.cpp:188:10:[m[K [01;35m[Kwarning: [m[Kunused variable ‘[01m[KendTime1[m[K’ [[01;35m[K-Wunused-variable[m[K]
[16.911s]   188 |   double [01;35m[KendTime1[m[K = omp_get_wtime();
[16.912s]       |          [01;35m[K^~~~~~~~[m[K
[16.912s] [01m[K/home/aayush/newest_frenet_planner/src/frenet_planner_ported/src/frenet_ros_obst.cpp:260:10:[m[K [01;35m[Kwarning: [m[Kunused variable ‘[01m[KstartTime3[m[K’ [[01;35m[K-Wunused-variable[m[K]
[16.912s]   260 |   double [01;35m[KstartTime3[m[K = omp_get_wtime();
[16.913s]       |          [01;35m[K^~~~~~~~~~[m[K
[16.913s] [01m[K/home/aayush/newest_frenet_planner/src/frenet_planner_ported/src/frenet_ros_obst.cpp:262:10:[m[K [01;35m[Kwarning: [m[Kunused variable ‘[01m[KendTime3[m[K’ [[01;35m[K-Wunused-variable[m[K]
[16.913s]   262 |   double [01;35m[KendTime3[m[K = omp_get_wtime();
[16.914s]       |          [01;35m[K^~~~~~~~[m[K
[16.914s] [01m[K/home/aayush/newest_frenet_planner/src/frenet_planner_ported/src/frenet_ros_obst.cpp:130:7:[m[K [01;35m[Kwarning: [m[Kunused variable ‘[01m[KgotOdom[m[K’ [[01;35m[K-Wunused-variable[m[K]
[16.915s]   130 |  bool [01;35m[KgotOdom[m[K = false;
[16.915s]       |       [01;35m[K^~~~~~~[m[K
[16.916s] [01m[K/home/aayush/newest_frenet_planner/src/frenet_planner_ported/src/frenet_ros_obst.cpp:164:9:[m[K [01;35m[Kwarning: [m[Kunused variable ‘[01m[Kpltbasetime[m[K’ [[01;35m[K-Wunused-variable[m[K]
[16.917s]   164 |  double [01;35m[Kpltbasetime[m[K = omp_get_wtime();
[16.917s]       |         [01;35m[K^~~~~~~~~~~[m[K
[16.917s] [01m[K/home/aayush/newest_frenet_planner/src/frenet_planner_ported/src/frenet_ros_obst.cpp:166:6:[m[K [01;35m[Kwarning: [m[Kunused variable ‘[01m[Kiteration_count[m[K’ [[01;35m[K-Wunused-variable[m[K]
[16.917s]   166 |  int [01;35m[Kiteration_count[m[K = 1;
[16.917s]       |      [01;35m[K^~~~~~~~~~~~~~~[m[K
[48.064s] [ 60%] [32m[1mLinking CXX executable frenet_ros_obst[0m
[51.412s] [100%] Built target frenet_ros_obst
[51.445s] Invoked command in '/home/aayush/newest_frenet_planner/build/frenet_planner_ported' returned '0': CMAKE_PREFIX_PATH=${CMAKE_PREFIX_PATH}:/home/aayush/newest_frenet_planner/install/dummy:/opt/ros/foxy /usr/bin/cmake --build /home/aayush/newest_frenet_planner/build/frenet_planner_ported -- -j2 -l2
[51.599s] Invoking command in '/home/aayush/newest_frenet_planner/build/frenet_planner_ported': CMAKE_PREFIX_PATH=${CMAKE_PREFIX_PATH}:/home/aayush/newest_frenet_planner/install/dummy:/opt/ros/foxy /usr/bin/cmake --install /home/aayush/newest_frenet_planner/build/frenet_planner_ported
[51.635s] -- Install configuration: ""
[51.667s] -- Installing: /home/aayush/newest_frenet_planner/install/frenet_planner_ported/lib/frenet_planner_ported/frenet_ros_obst
[51.683s] -- Set runtime path of "/home/aayush/newest_frenet_planner/install/frenet_planner_ported/lib/frenet_planner_ported/frenet_ros_obst" to ""
[51.684s] -- Up-to-date: /home/aayush/newest_frenet_planner/install/frenet_planner_ported/share/frenet_planner_ported/launch
[51.706s] -- Up-to-date: /home/aayush/newest_frenet_planner/install/frenet_planner_ported/share/frenet_planner_ported/launch/frenet_planner_launch.py
[51.706s] -- Up-to-date: /home/aayush/newest_frenet_planner/install/frenet_planner_ported/share/frenet_planner_ported/config
[51.706s] -- Up-to-date: /home/aayush/newest_frenet_planner/install/frenet_planner_ported/share/frenet_planner_ported/config/frenet_planner.yaml
[51.707s] -- Up-to-date: /home/aayush/newest_frenet_planner/install/frenet_planner_ported/share/ament_index/resource_index/package_run_dependencies/frenet_planner_ported
[51.707s] -- Up-to-date: /home/aayush/newest_frenet_planner/install/frenet_planner_ported/share/ament_index/resource_index/parent_prefix_path/frenet_planner_ported
[51.708s] -- Up-to-date: /home/aayush/newest_frenet_planner/install/frenet_planner_ported/share/frenet_planner_ported/environment/ament_prefix_path.sh
[51.708s] -- Up-to-date: /home/aayush/newest_frenet_planner/install/frenet_planner_ported/share/frenet_planner_ported/environment/ament_prefix_path.dsv
[51.708s] -- Up-to-date: /home/aayush/newest_frenet_planner/install/frenet_planner_ported/share/frenet_planner_ported/environment/path.sh
[51.709s] -- Up-to-date: /home/aayush/newest_frenet_planner/install/frenet_planner_ported/share/frenet_planner_ported/environment/path.dsv
[51.709s] -- Up-to-date: /home/aayush/newest_frenet_planner/install/frenet_planner_ported/share/frenet_planner_ported/local_setup.bash
[51.710s] -- Up-to-date: /home/aayush/newest_frenet_planner/install/frenet_planner_ported/share/frenet_planner_ported/local_setup.sh
[51.710s] -- Up-to-date: /home/aayush/newest_frenet_planner/install/frenet_planner_ported/share/frenet_planner_ported/local_setup.zsh
[51.711s] -- Up-to-date: /home/aayush/newest_frenet_planner/install/frenet_planner_ported/share/frenet_planner_ported/local_setup.dsv
[51.711s] -- Installing: /home/aayush/newest_frenet_planner/install/frenet_planner_ported/share/frenet_planner_ported/package.dsv
[51.719s] -- Up-to-date: /home/aayush/newest_frenet_planner/install/frenet_planner_ported/share/ament_index/resource_index/packages/frenet_planner_ported
[51.719s] -- Up-to-date: /home/aayush/newest_frenet_planner/install/frenet_planner_ported/share/frenet_planner_ported/cmake/frenet_planner_portedConfig.cmake
[51.719s] -- Up-to-date: /home/aayush/newest_frenet_planner/install/frenet_planner_ported/share/frenet_planner_ported/cmake/frenet_planner_portedConfig-version.cmake
[51.721s] -- Up-to-date: /home/aayush/newest_frenet_planner/install/frenet_planner_ported/share/frenet_planner_ported/package.xml
[51.733s] Invoked command in '/home/aayush/newest_frenet_planner/build/frenet_planner_ported' returned '0': CMAKE_PREFIX_PATH=${CMAKE_PREFIX_PATH}:/home/aayush/newest_frenet_planner/install/dummy:/opt/ros/foxy /usr/bin/cmake --install /home/aayush/newest_frenet_planner/build/frenet_planner_ported
