[0.909s] Invoking command in '/home/aayush/newest_frenet_planner/build/frenet_planner_ported': CMAKE_PREFIX_PATH=${CMAKE_PREFIX_PATH}:/home/aayush/newest_frenet_planner/install/dummy:/opt/ros/foxy /usr/bin/cmake --build /home/aayush/newest_frenet_planner/build/frenet_planner_ported -- -j2 -l2
[1.165s] [100%] Built target frenet_ros_obst
[1.203s] Invoked command in '/home/aayush/newest_frenet_planner/build/frenet_planner_ported' returned '0': CMAKE_PREFIX_PATH=${CMAKE_PREFIX_PATH}:/home/aayush/newest_frenet_planner/install/dummy:/opt/ros/foxy /usr/bin/cmake --build /home/aayush/newest_frenet_planner/build/frenet_planner_ported -- -j2 -l2
[1.330s] Invoking command in '/home/aayush/newest_frenet_planner/build/frenet_planner_ported': CMAKE_PREFIX_PATH=${CMAKE_PREFIX_PATH}:/home/aayush/newest_frenet_planner/install/dummy:/opt/ros/foxy /usr/bin/cmake --install /home/aayush/newest_frenet_planner/build/frenet_planner_ported
[1.357s] -- Install configuration: ""
[1.358s] -- Up-to-date: /home/aayush/newest_frenet_planner/install/frenet_planner_ported/lib/frenet_planner_ported/frenet_ros_obst
[1.359s] -- Up-to-date: /home/aayush/newest_frenet_planner/install/frenet_planner_ported/share/frenet_planner_ported/launch
[1.359s] -- Up-to-date: /home/aayush/newest_frenet_planner/install/frenet_planner_ported/share/frenet_planner_ported/launch/frenet_planner_launch.py
[1.360s] -- Up-to-date: /home/aayush/newest_frenet_planner/install/frenet_planner_ported/share/frenet_planner_ported/config
[1.360s] -- Up-to-date: /home/aayush/newest_frenet_planner/install/frenet_planner_ported/share/frenet_planner_ported/config/frenet_planner.yaml
[1.361s] -- Up-to-date: /home/aayush/newest_frenet_planner/install/frenet_planner_ported/share/ament_index/resource_index/package_run_dependencies/frenet_planner_ported
[1.361s] -- Up-to-date: /home/aayush/newest_frenet_planner/install/frenet_planner_ported/share/ament_index/resource_index/parent_prefix_path/frenet_planner_ported
[1.362s] -- Up-to-date: /home/aayush/newest_frenet_planner/install/frenet_planner_ported/share/frenet_planner_ported/environment/ament_prefix_path.sh
[1.363s] -- Up-to-date: /home/aayush/newest_frenet_planner/install/frenet_planner_ported/share/frenet_planner_ported/environment/ament_prefix_path.dsv
[1.363s] -- Up-to-date: /home/aayush/newest_frenet_planner/install/frenet_planner_ported/share/frenet_planner_ported/environment/path.sh
[1.364s] -- Up-to-date: /home/aayush/newest_frenet_planner/install/frenet_planner_ported/share/frenet_planner_ported/environment/path.dsv
[1.364s] -- Up-to-date: /home/aayush/newest_frenet_planner/install/frenet_planner_ported/share/frenet_planner_ported/local_setup.bash
[1.365s] -- Up-to-date: /home/aayush/newest_frenet_planner/install/frenet_planner_ported/share/frenet_planner_ported/local_setup.sh
[1.365s] -- Up-to-date: /home/aayush/newest_frenet_planner/install/frenet_planner_ported/share/frenet_planner_ported/local_setup.zsh
[1.366s] -- Up-to-date: /home/aayush/newest_frenet_planner/install/frenet_planner_ported/share/frenet_planner_ported/local_setup.dsv
[1.366s] -- Installing: /home/aayush/newest_frenet_planner/install/frenet_planner_ported/share/frenet_planner_ported/package.dsv
[1.367s] -- Up-to-date: /home/aayush/newest_frenet_planner/install/frenet_planner_ported/share/ament_index/resource_index/packages/frenet_planner_ported
[1.367s] -- Up-to-date: /home/aayush/newest_frenet_planner/install/frenet_planner_ported/share/frenet_planner_ported/cmake/frenet_planner_portedConfig.cmake
[1.368s] -- Up-to-date: /home/aayush/newest_frenet_planner/install/frenet_planner_ported/share/frenet_planner_ported/cmake/frenet_planner_portedConfig-version.cmake
[1.368s] -- Up-to-date: /home/aayush/newest_frenet_planner/install/frenet_planner_ported/share/frenet_planner_ported/package.xml
[1.385s] Invoked command in '/home/aayush/newest_frenet_planner/build/frenet_planner_ported' returned '0': CMAKE_PREFIX_PATH=${CMAKE_PREFIX_PATH}:/home/aayush/newest_frenet_planner/install/dummy:/opt/ros/foxy /usr/bin/cmake --install /home/aayush/newest_frenet_planner/build/frenet_planner_ported
