[0.951s] Invoking command in '/home/aayush/newest_frenet_planner/src/dummy': PYTHONPATH=/home/aayush/newest_frenet_planner/install/dummy/lib/python3.8/site-packages:${PYTHONPATH} /usr/bin/python3 setup.py egg_info --egg-base ../../build/dummy build --build-base /home/aayush/newest_frenet_planner/build/dummy/build install --prefix /home/aayush/newest_frenet_planner/install/dummy --record /home/aayush/newest_frenet_planner/build/dummy/install.log --single-version-externally-managed
[1.773s] running egg_info
[1.775s] writing ../../build/dummy/dummy.egg-info/PKG-INFO
[1.776s] writing dependency_links to ../../build/dummy/dummy.egg-info/dependency_links.txt
[1.776s] writing entry points to ../../build/dummy/dummy.egg-info/entry_points.txt
[1.778s] writing requirements to ../../build/dummy/dummy.egg-info/requires.txt
[1.778s] writing top-level names to ../../build/dummy/dummy.egg-info/top_level.txt
[1.915s] reading manifest file '../../build/dummy/dummy.egg-info/SOURCES.txt'
[1.918s] writing manifest file '../../build/dummy/dummy.egg-info/SOURCES.txt'
[1.919s] running build
[1.920s] running build_py
[1.921s] running install
[1.923s] running install_lib
[1.929s] running install_data
[1.932s] running install_egg_info
[1.942s] removing '/home/aayush/newest_frenet_planner/install/dummy/lib/python3.8/site-packages/dummy-0.0.0-py3.8.egg-info' (and everything under it)
[1.943s] Copying ../../build/dummy/dummy.egg-info to /home/aayush/newest_frenet_planner/install/dummy/lib/python3.8/site-packages/dummy-0.0.0-py3.8.egg-info
[1.945s] running install_scripts
[2.096s] Installing dum_pub script to /home/aayush/newest_frenet_planner/install/dummy/lib/dummy
[2.097s] writing list of installed files to '/home/aayush/newest_frenet_planner/build/dummy/install.log'
[2.166s] Invoked command in '/home/aayush/newest_frenet_planner/src/dummy' returned '0': PYTHONPATH=/home/aayush/newest_frenet_planner/install/dummy/lib/python3.8/site-packages:${PYTHONPATH} /usr/bin/python3 setup.py egg_info --egg-base ../../build/dummy build --build-base /home/aayush/newest_frenet_planner/build/dummy/build install --prefix /home/aayush/newest_frenet_planner/install/dummy --record /home/aayush/newest_frenet_planner/build/dummy/install.log --single-version-externally-managed
