[0.981s] Invoking command in '/home/aayush/newest_frenet_planner/src/dummy': PYTHONPATH=/home/aayush/newest_frenet_planner/install/dummy/lib/python3.8/site-packages:${PYTHONPATH} /usr/bin/python3 setup.py egg_info --egg-base ../../build/dummy build --build-base /home/aayush/newest_frenet_planner/build/dummy/build install --prefix /home/aayush/newest_frenet_planner/install/dummy --record /home/aayush/newest_frenet_planner/build/dummy/install.log --single-version-externally-managed
[1.835s] running egg_info
[1.836s] writing ../../build/dummy/dummy.egg-info/PKG-INFO
[1.837s] writing dependency_links to ../../build/dummy/dummy.egg-info/dependency_links.txt
[1.837s] writing entry points to ../../build/dummy/dummy.egg-info/entry_points.txt
[1.840s] writing requirements to ../../build/dummy/dummy.egg-info/requires.txt
[1.840s] writing top-level names to ../../build/dummy/dummy.egg-info/top_level.txt
[2.010s] reading manifest file '../../build/dummy/dummy.egg-info/SOURCES.txt'
[2.015s] writing manifest file '../../build/dummy/dummy.egg-info/SOURCES.txt'
[2.015s] running build
[2.016s] running build_py
[2.019s] running install
[2.025s] running install_lib
[2.032s] running install_data
[2.034s] running install_egg_info
[2.047s] removing '/home/aayush/newest_frenet_planner/install/dummy/lib/python3.8/site-packages/dummy-0.0.0-py3.8.egg-info' (and everything under it)
[2.053s] Copying ../../build/dummy/dummy.egg-info to /home/aayush/newest_frenet_planner/install/dummy/lib/python3.8/site-packages/dummy-0.0.0-py3.8.egg-info
[2.056s] running install_scripts
[2.231s] Installing dum_pub script to /home/aayush/newest_frenet_planner/install/dummy/lib/dummy
[2.233s] writing list of installed files to '/home/aayush/newest_frenet_planner/build/dummy/install.log'
[2.294s] Invoked command in '/home/aayush/newest_frenet_planner/src/dummy' returned '0': PYTHONPATH=/home/aayush/newest_frenet_planner/install/dummy/lib/python3.8/site-packages:${PYTHONPATH} /usr/bin/python3 setup.py egg_info --egg-base ../../build/dummy build --build-base /home/aayush/newest_frenet_planner/build/dummy/build install --prefix /home/aayush/newest_frenet_planner/install/dummy --record /home/aayush/newest_frenet_planner/build/dummy/install.log --single-version-externally-managed
