[0.885s] Invoking command in '/home/aayush/newest_frenet_planner/src/dummy': PYTHONPATH=/home/aayush/newest_frenet_planner/install/dummy/lib/python3.8/site-packages:${PYTHONPATH} /usr/bin/python3 setup.py egg_info --egg-base ../../build/dummy build --build-base /home/aayush/newest_frenet_planner/build/dummy/build install --prefix /home/aayush/newest_frenet_planner/install/dummy --record /home/aayush/newest_frenet_planner/build/dummy/install.log --single-version-externally-managed
[1.680s] running egg_info
[1.681s] writing ../../build/dummy/dummy.egg-info/PKG-INFO
[1.681s] writing dependency_links to ../../build/dummy/dummy.egg-info/dependency_links.txt
[1.682s] writing entry points to ../../build/dummy/dummy.egg-info/entry_points.txt
[1.683s] writing requirements to ../../build/dummy/dummy.egg-info/requires.txt
[1.683s] writing top-level names to ../../build/dummy/dummy.egg-info/top_level.txt
[1.821s] reading manifest file '../../build/dummy/dummy.egg-info/SOURCES.txt'
[1.824s] writing manifest file '../../build/dummy/dummy.egg-info/SOURCES.txt'
[1.824s] running build
[1.824s] running build_py
[1.825s] running install
[1.827s] running install_lib
[1.833s] running install_data
[1.834s] running install_egg_info
[1.844s] removing '/home/aayush/newest_frenet_planner/install/dummy/lib/python3.8/site-packages/dummy-0.0.0-py3.8.egg-info' (and everything under it)
[1.845s] Copying ../../build/dummy/dummy.egg-info to /home/aayush/newest_frenet_planner/install/dummy/lib/python3.8/site-packages/dummy-0.0.0-py3.8.egg-info
[1.847s] running install_scripts
[1.990s] Installing dum_pub script to /home/aayush/newest_frenet_planner/install/dummy/lib/dummy
[1.991s] writing list of installed files to '/home/aayush/newest_frenet_planner/build/dummy/install.log'
[2.047s] Invoked command in '/home/aayush/newest_frenet_planner/src/dummy' returned '0': PYTHONPATH=/home/aayush/newest_frenet_planner/install/dummy/lib/python3.8/site-packages:${PYTHONPATH} /usr/bin/python3 setup.py egg_info --egg-base ../../build/dummy build --build-base /home/aayush/newest_frenet_planner/build/dummy/build install --prefix /home/aayush/newest_frenet_planner/install/dummy --record /home/aayush/newest_frenet_planner/build/dummy/install.log --single-version-externally-managed
