[0.831s] Invoking command in '/home/aayush/newest_frenet_planner/build/frenet_planner': CMAKE_PREFIX_PATH=${CMAKE_PREFIX_PATH}:/home/aayush/newest_frenet_planner/install/dummy:/opt/ros/foxy /usr/bin/cmake --build /home/aayush/newest_frenet_planner/build/frenet_planner -- -j2 -l2
[1.399s] [100%] Built target frenet_ros_obst
[1.437s] Invoked command in '/home/aayush/newest_frenet_planner/build/frenet_planner' returned '0': CMAKE_PREFIX_PATH=${CMAKE_PREFIX_PATH}:/home/aayush/newest_frenet_planner/install/dummy:/opt/ros/foxy /usr/bin/cmake --build /home/aayush/newest_frenet_planner/build/frenet_planner -- -j2 -l2
[1.562s] Invoking command in '/home/aayush/newest_frenet_planner/build/frenet_planner': CMAKE_PREFIX_PATH=${CMAKE_PREFIX_PATH}:/home/aayush/newest_frenet_planner/install/dummy:/opt/ros/foxy /usr/bin/cmake --install /home/aayush/newest_frenet_planner/build/frenet_planner
[1.592s] -- Install configuration: ""
[1.628s] -- Up-to-date: /home/aayush/newest_frenet_planner/install/frenet_planner/lib/frenet_planner/frenet_ros_obst
[1.630s] -- Up-to-date: /home/aayush/newest_frenet_planner/install/frenet_planner/share/frenet_planner/launch
[1.632s] -- Up-to-date: /home/aayush/newest_frenet_planner/install/frenet_planner/share/frenet_planner/launch/frenet_planner_launch.py
[1.632s] -- Up-to-date: /home/aayush/newest_frenet_planner/install/frenet_planner/share/frenet_planner/config
[1.633s] -- Up-to-date: /home/aayush/newest_frenet_planner/install/frenet_planner/share/frenet_planner/config/frenet_planner.yaml
[1.634s] -- Up-to-date: /home/aayush/newest_frenet_planner/install/frenet_planner/share/ament_index/resource_index/package_run_dependencies/frenet_planner
[1.635s] -- Up-to-date: /home/aayush/newest_frenet_planner/install/frenet_planner/share/ament_index/resource_index/parent_prefix_path/frenet_planner
[1.636s] -- Up-to-date: /home/aayush/newest_frenet_planner/install/frenet_planner/share/frenet_planner/environment/ament_prefix_path.sh
[1.637s] -- Up-to-date: /home/aayush/newest_frenet_planner/install/frenet_planner/share/frenet_planner/environment/ament_prefix_path.dsv
[1.637s] -- Up-to-date: /home/aayush/newest_frenet_planner/install/frenet_planner/share/frenet_planner/environment/path.sh
[1.638s] -- Up-to-date: /home/aayush/newest_frenet_planner/install/frenet_planner/share/frenet_planner/environment/path.dsv
[1.639s] -- Up-to-date: /home/aayush/newest_frenet_planner/install/frenet_planner/share/frenet_planner/local_setup.bash
[1.639s] -- Up-to-date: /home/aayush/newest_frenet_planner/install/frenet_planner/share/frenet_planner/local_setup.sh
[1.640s] -- Up-to-date: /home/aayush/newest_frenet_planner/install/frenet_planner/share/frenet_planner/local_setup.zsh
[1.641s] -- Up-to-date: /home/aayush/newest_frenet_planner/install/frenet_planner/share/frenet_planner/local_setup.dsv
[1.641s] -- Installing: /home/aayush/newest_frenet_planner/install/frenet_planner/share/frenet_planner/package.dsv
[1.643s] -- Up-to-date: /home/aayush/newest_frenet_planner/install/frenet_planner/share/ament_index/resource_index/packages/frenet_planner
[1.644s] -- Up-to-date: /home/aayush/newest_frenet_planner/install/frenet_planner/share/frenet_planner/cmake/frenet_plannerConfig.cmake
[1.644s] -- Up-to-date: /home/aayush/newest_frenet_planner/install/frenet_planner/share/frenet_planner/cmake/frenet_plannerConfig-version.cmake
[1.645s] -- Up-to-date: /home/aayush/newest_frenet_planner/install/frenet_planner/share/frenet_planner/package.xml
[1.653s] Invoked command in '/home/aayush/newest_frenet_planner/build/frenet_planner' returned '0': CMAKE_PREFIX_PATH=${CMAKE_PREFIX_PATH}:/home/aayush/newest_frenet_planner/install/dummy:/opt/ros/foxy /usr/bin/cmake --install /home/aayush/newest_frenet_planner/build/frenet_planner
