[0.922s] Invoking command in '/home/aayush/newest_frenet_planner/build/frenet_planner_ported': CMAKE_PREFIX_PATH=${CMAKE_PREFIX_PATH}:/home/aayush/newest_frenet_planner/install/dummy:/opt/ros/foxy /usr/bin/cmake --build /home/aayush/newest_frenet_planner/build/frenet_planner_ported -- -j2 -l2
[1.129s] [35m[1mScanning dependencies of target frenet_ros_obst[0m
[1.436s] [ 20%] [32mBuilding CXX object CMakeFiles/frenet_ros_obst.dir/src/frenet_planner.cpp.o[0m
[7.994s] In file included from [01m[K/home/aayush/newest_frenet_planner/src/frenet_planner_ported/src/frenet_planner.cpp:8[m[K:
[7.994s] [01m[K/home/aayush/newest_frenet_planner/src/frenet_planner_ported/./include/matplotlibcpp.hpp:314:36:[m[K [01;35m[Kwarning: [m[Kstatic_assert without a message only available with ‘[01m[K-std=c++17[m[K’ or ‘[01m[K-std=gnu++17[m[K’ [[01;35m[K-Wpedantic[m[K]
[7.994s]   314 | static_assert(sizeof(long long) == [01;35m[K8[m[K);
[7.995s]       |                                    [01;35m[K^[m[K
[7.995s] [01m[K/home/aayush/newest_frenet_planner/src/frenet_planner_ported/./include/matplotlibcpp.hpp:316:45:[m[K [01;35m[Kwarning: [m[Kstatic_assert without a message only available with ‘[01m[K-std=c++17[m[K’ or ‘[01m[K-std=gnu++17[m[K’ [[01;35m[K-Wpedantic[m[K]
[7.995s]   316 | static_assert(sizeof(unsigned long long) == [01;35m[K8[m[K);
[7.996s]       |                                             [01;35m[K^[m[K
[10.503s] In file included from [01m[K/home/aayush/newest_frenet_planner/src/frenet_planner_ported/src/frenet_planner.cpp:10[m[K:
[10.504s] [01m[K/home/aayush/newest_frenet_planner/src/frenet_planner_ported/src/../include/frenet_optimal_trajectory.hpp:[m[K In function ‘[01m[Kstd::ostream& operator<<(std::ostream&, const FrenetPath&)[m[K’:
[10.504s] [01m[K/home/aayush/newest_frenet_planner/src/frenet_planner_ported/src/../include/frenet_optimal_trajectory.hpp:82:20:[m[K [01;35m[Kwarning: [m[Kstatement has no effect [[01;35m[K-Wunused-value[m[K]
[10.504s]    82 | #define trace(...) [01;35m[K42[m[K
[10.504s]       |                    [01;35m[K^~[m[K
[10.505s] [01m[K/home/aayush/newest_frenet_planner/src/frenet_planner_ported/src/../include/frenet_optimal_trajectory.hpp:82:20:[m[K [01;36m[Knote: [m[Kin definition of macro ‘[01m[Ktrace[m[K’
[10.505s]    82 | #define trace(...) [01;36m[K42[m[K
[10.505s]       |                    [01;36m[K^~[m[K
[10.505s] [01m[K/home/aayush/newest_frenet_planner/src/frenet_planner_ported/src/../include/frenet_optimal_trajectory.hpp:82:20:[m[K [01;35m[Kwarning: [m[Kstatement has no effect [[01;35m[K-Wunused-value[m[K]
[10.506s]    82 | #define trace(...) [01;35m[K42[m[K
[10.506s]       |                    [01;35m[K^~[m[K
[10.506s] [01m[K/home/aayush/newest_frenet_planner/src/frenet_planner_ported/src/../include/frenet_optimal_trajectory.hpp:82:20:[m[K [01;36m[Knote: [m[Kin definition of macro ‘[01m[Ktrace[m[K’
[10.506s]    82 | #define trace(...) [01;36m[K42[m[K
[10.506s]       |                    [01;36m[K^~[m[K
[10.507s] [01m[K/home/aayush/newest_frenet_planner/src/frenet_planner_ported/src/../include/frenet_optimal_trajectory.hpp:82:20:[m[K [01;35m[Kwarning: [m[Kstatement has no effect [[01;35m[K-Wunused-value[m[K]
[10.507s]    82 | #define trace(...) [01;35m[K42[m[K
[10.507s]       |                    [01;35m[K^~[m[K
[10.507s] [01m[K/home/aayush/newest_frenet_planner/src/frenet_planner_ported/src/../include/frenet_optimal_trajectory.hpp:82:20:[m[K [01;36m[Knote: [m[Kin definition of macro ‘[01m[Ktrace[m[K’
[10.507s]    82 | #define trace(...) [01;36m[K42[m[K
[10.508s]       |                    [01;36m[K^~[m[K
[10.508s] [01m[K/home/aayush/newest_frenet_planner/src/frenet_planner_ported/src/../include/frenet_optimal_trajectory.hpp:82:20:[m[K [01;35m[Kwarning: [m[Kstatement has no effect [[01;35m[K-Wunused-value[m[K]
[10.508s]    82 | #define trace(...) [01;35m[K42[m[K
[10.508s]       |                    [01;35m[K^~[m[K
[10.509s] [01m[K/home/aayush/newest_frenet_planner/src/frenet_planner_ported/src/../include/frenet_optimal_trajectory.hpp:82:20:[m[K [01;36m[Knote: [m[Kin definition of macro ‘[01m[Ktrace[m[K’
[10.509s]    82 | #define trace(...) [01;36m[K42[m[K
[10.509s]       |                    [01;36m[K^~[m[K
[10.509s] [01m[K/home/aayush/newest_frenet_planner/src/frenet_planner_ported/src/../include/frenet_optimal_trajectory.hpp:82:20:[m[K [01;35m[Kwarning: [m[Kstatement has no effect [[01;35m[K-Wunused-value[m[K]
[10.509s]    82 | #define trace(...) [01;35m[K42[m[K
[10.510s]       |                    [01;35m[K^~[m[K
[10.510s] [01m[K/home/aayush/newest_frenet_planner/src/frenet_planner_ported/src/../include/frenet_optimal_trajectory.hpp:82:20:[m[K [01;36m[Knote: [m[Kin definition of macro ‘[01m[Ktrace[m[K’
[10.510s]    82 | #define trace(...) [01;36m[K42[m[K
[10.510s]       |                    [01;36m[K^~[m[K
[10.511s] [01m[K/home/aayush/newest_frenet_planner/src/frenet_planner_ported/src/../include/frenet_optimal_trajectory.hpp:82:20:[m[K [01;35m[Kwarning: [m[Kstatement has no effect [[01;35m[K-Wunused-value[m[K]
[10.511s]    82 | #define trace(...) [01;35m[K42[m[K
[10.512s]       |                    [01;35m[K^~[m[K
[10.512s] [01m[K/home/aayush/newest_frenet_planner/src/frenet_planner_ported/src/../include/frenet_optimal_trajectory.hpp:82:20:[m[K [01;36m[Knote: [m[Kin definition of macro ‘[01m[Ktrace[m[K’
[10.512s]    82 | #define trace(...) [01;36m[K42[m[K
[10.512s]       |                    [01;36m[K^~[m[K
[10.512s] [01m[K/home/aayush/newest_frenet_planner/src/frenet_planner_ported/src/../include/frenet_optimal_trajectory.hpp:82:20:[m[K [01;35m[Kwarning: [m[Kstatement has no effect [[01;35m[K-Wunused-value[m[K]
[10.513s]    82 | #define trace(...) [01;35m[K42[m[K
[10.513s]       |                    [01;35m[K^~[m[K
[10.513s] [01m[K/home/aayush/newest_frenet_planner/src/frenet_planner_ported/src/../include/frenet_optimal_trajectory.hpp:82:20:[m[K [01;36m[Knote: [m[Kin definition of macro ‘[01m[Ktrace[m[K’
[10.513s]    82 | #define trace(...) [01;36m[K42[m[K
[10.513s]       |                    [01;36m[K^~[m[K
[10.514s] [01m[K/home/aayush/newest_frenet_planner/src/frenet_planner_ported/src/../include/frenet_optimal_trajectory.hpp:82:20:[m[K [01;35m[Kwarning: [m[Kstatement has no effect [[01;35m[K-Wunused-value[m[K]
[10.514s]    82 | #define trace(...) [01;35m[K42[m[K
[10.514s]       |                    [01;35m[K^~[m[K
[10.515s] [01m[K/home/aayush/newest_frenet_planner/src/frenet_planner_ported/src/../include/frenet_optimal_trajectory.hpp:82:20:[m[K [01;36m[Knote: [m[Kin definition of macro ‘[01m[Ktrace[m[K’
[10.515s]    82 | #define trace(...) [01;36m[K42[m[K
[10.515s]       |                    [01;36m[K^~[m[K
[10.515s] [01m[K/home/aayush/newest_frenet_planner/src/frenet_planner_ported/src/../include/frenet_optimal_trajectory.hpp:82:20:[m[K [01;35m[Kwarning: [m[Kstatement has no effect [[01;35m[K-Wunused-value[m[K]
[10.515s]    82 | #define trace(...) [01;35m[K42[m[K
[10.516s]       |                    [01;35m[K^~[m[K
[10.516s] [01m[K/home/aayush/newest_frenet_planner/src/frenet_planner_ported/src/../include/frenet_optimal_trajectory.hpp:82:20:[m[K [01;36m[Knote: [m[Kin definition of macro ‘[01m[Ktrace[m[K’
[10.516s]    82 | #define trace(...) [01;36m[K42[m[K
[10.516s]       |                    [01;36m[K^~[m[K
[10.517s] [01m[K/home/aayush/newest_frenet_planner/src/frenet_planner_ported/src/../include/frenet_optimal_trajectory.hpp:82:20:[m[K [01;35m[Kwarning: [m[Kstatement has no effect [[01;35m[K-Wunused-value[m[K]
[10.517s]    82 | #define trace(...) [01;35m[K42[m[K
[10.517s]       |                    [01;35m[K^~[m[K
[10.517s] [01m[K/home/aayush/newest_frenet_planner/src/frenet_planner_ported/src/../include/frenet_optimal_trajectory.hpp:82:20:[m[K [01;36m[Knote: [m[Kin definition of macro ‘[01m[Ktrace[m[K’
[10.517s]    82 | #define trace(...) [01;36m[K42[m[K
[10.518s]       |                    [01;36m[K^~[m[K
[10.518s] [01m[K/home/aayush/newest_frenet_planner/src/frenet_planner_ported/src/../include/frenet_optimal_trajectory.hpp:82:20:[m[K [01;35m[Kwarning: [m[Kstatement has no effect [[01;35m[K-Wunused-value[m[K]
[10.518s]    82 | #define trace(...) [01;35m[K42[m[K
[10.518s]       |                    [01;35m[K^~[m[K
[10.519s] [01m[K/home/aayush/newest_frenet_planner/src/frenet_planner_ported/src/../include/frenet_optimal_trajectory.hpp:82:20:[m[K [01;36m[Knote: [m[Kin definition of macro ‘[01m[Ktrace[m[K’
[10.519s]    82 | #define trace(...) [01;36m[K42[m[K
[10.519s]       |                    [01;36m[K^~[m[K
[10.519s] [01m[K/home/aayush/newest_frenet_planner/src/frenet_planner_ported/src/../include/frenet_optimal_trajectory.hpp:82:20:[m[K [01;35m[Kwarning: [m[Kstatement has no effect [[01;35m[K-Wunused-value[m[K]
[10.519s]    82 | #define trace(...) [01;35m[K42[m[K
[10.520s]       |                    [01;35m[K^~[m[K
[10.520s] [01m[K/home/aayush/newest_frenet_planner/src/frenet_planner_ported/src/../include/frenet_optimal_trajectory.hpp:82:20:[m[K [01;36m[Knote: [m[Kin definition of macro ‘[01m[Ktrace[m[K’
[10.520s]    82 | #define trace(...) [01;36m[K42[m[K
[10.520s]       |                    [01;36m[K^~[m[K
[10.521s] [01m[K/home/aayush/newest_frenet_planner/src/frenet_planner_ported/src/../include/frenet_optimal_trajectory.hpp:82:20:[m[K [01;35m[Kwarning: [m[Kstatement has no effect [[01;35m[K-Wunused-value[m[K]
[10.521s]    82 | #define trace(...) [01;35m[K42[m[K
[10.521s]       |                    [01;35m[K^~[m[K
[10.521s] [01m[K/home/aayush/newest_frenet_planner/src/frenet_planner_ported/src/../include/frenet_optimal_trajectory.hpp:82:20:[m[K [01;36m[Knote: [m[Kin definition of macro ‘[01m[Ktrace[m[K’
[10.521s]    82 | #define trace(...) [01;36m[K42[m[K
[10.522s]       |                    [01;36m[K^~[m[K
[10.522s] [01m[K/home/aayush/newest_frenet_planner/src/frenet_planner_ported/src/../include/frenet_optimal_trajectory.hpp:83:59:[m[K [01;35m[Kwarning: [m[Kunused parameter ‘[01m[Kfp[m[K’ [[01;35m[K-Wunused-parameter[m[K]
[10.522s]    83 | inline ostream& operator<<(ostream& os, [01;35m[Kconst FrenetPath& fp[m[K)
[10.522s]       |                                         [01;35m[K~~~~~~~~~~~~~~~~~~^~[m[K
[10.522s] [01m[K/home/aayush/newest_frenet_planner/src/frenet_planner_ported/src/frenet_planner.cpp:[m[K In member function ‘[01m[Kvoid FrenetPath::calc_lon_paths_quintic_poly(double, double, double, double, double)[m[K’:
[10.523s] [01m[K/home/aayush/newest_frenet_planner/src/frenet_planner_ported/src/frenet_planner.cpp:69:91:[m[K [01;35m[Kwarning: [m[Kunused parameter ‘[01m[Kts[m[K’ [[01;35m[K-Wunused-parameter[m[K]
[10.523s]    69 | s_quintic_poly(double c_speed, double s0, double Ti, [01;35m[Kdouble ts[m[K,
[10.523s]       |                                                      [01;35m[K~~~~~~~^~[m[K
[10.523s] 
[10.535s] [01m[K/home/aayush/newest_frenet_planner/src/frenet_planner_ported/src/frenet_planner.cpp:[m[K In member function ‘[01m[Kvoid FrenetPath::adding_global_path(Spline2D)[m[K’:
[10.536s] [01m[K/home/aayush/newest_frenet_planner/src/frenet_planner_ported/src/frenet_planner.cpp:198:9:[m[K [01;35m[Kwarning: [m[Kunused variable ‘[01m[KstartTime1[m[K’ [[01;35m[K-Wunused-variable[m[K]
[10.536s]   198 |  double [01;35m[KstartTime1[m[K = omp_get_wtime();
[10.536s]       |         [01;35m[K^~~~~~~~~~[m[K
[10.536s] [01m[K/home/aayush/newest_frenet_planner/src/frenet_planner_ported/src/frenet_planner.cpp:249:9:[m[K [01;35m[Kwarning: [m[Kunused variable ‘[01m[KendTime1[m[K’ [[01;35m[K-Wunused-variable[m[K]
[10.537s]   249 |  double [01;35m[KendTime1[m[K = omp_get_wtime();
[10.537s]       |         [01;35m[K^~~~~~~~[m[K
[10.552s] In file included from [01m[K/home/aayush/newest_frenet_planner/src/frenet_planner_ported/src/frenet_planner.cpp:10[m[K:
[10.552s] [01m[K/home/aayush/newest_frenet_planner/src/frenet_planner_ported/src/frenet_planner.cpp:[m[K In function ‘[01m[KFrenetPath frenet_optimal_planning(Spline2D, double, double, double, double, double, FrenetPath, double)[m[K’:
[10.552s] [01m[K/home/aayush/newest_frenet_planner/src/frenet_planner_ported/src/../include/frenet_optimal_trajectory.hpp:82:20:[m[K [01;31m[Kerror: [m[Kexpected initializer before numeric constant
[10.553s]    82 | #define trace(...) [01;31m[K42[m[K
[10.553s]       |                    [01;31m[K^~[m[K
[10.553s] [01m[K/home/aayush/newest_frenet_planner/src/frenet_planner_ported/src/../include/frenet_optimal_trajectory.hpp:82:20:[m[K [01;36m[Knote: [m[Kin definition of macro ‘[01m[Ktrace[m[K’
[10.553s]    82 | #define trace(...) [01;36m[K42[m[K
[10.553s]       |                    [01;36m[K^~[m[K
[10.555s] In file included from [01m[K/opt/ros/foxy/include/rclcpp/service.hpp:34[m[K,
[10.555s]                  from [01m[K/opt/ros/foxy/include/rclcpp/callback_group.hpp:25[m[K,
[10.555s]                  from [01m[K/opt/ros/foxy/include/rclcpp/any_executable.hpp:20[m[K,
[10.555s]                  from [01m[K/opt/ros/foxy/include/rclcpp/memory_strategy.hpp:24[m[K,
[10.555s]                  from [01m[K/opt/ros/foxy/include/rclcpp/memory_strategies.hpp:18[m[K,
[10.556s]                  from [01m[K/opt/ros/foxy/include/rclcpp/executor_options.hpp:20[m[K,
[10.556s]                  from [01m[K/opt/ros/foxy/include/rclcpp/executor.hpp:33[m[K,
[10.556s]                  from [01m[K/opt/ros/foxy/include/rclcpp/executors/multi_threaded_executor.hpp:25[m[K,
[10.557s]                  from [01m[K/opt/ros/foxy/include/rclcpp/executors.hpp:21[m[K,
[10.557s]                  from [01m[K/opt/ros/foxy/include/rclcpp/rclcpp.hpp:146[m[K,
[10.557s]                  from [01m[K/opt/ros/foxy/include/tf2_ros/buffer_interface.h:35[m[K,
[10.558s]                  from [01m[K/opt/ros/foxy/include/tf2_geometry_msgs/tf2_geometry_msgs.h:38[m[K,
[10.558s]                  from [01m[K/home/aayush/newest_frenet_planner/src/frenet_planner_ported/src/frenet_planner.cpp:2[m[K:
[10.558s] [01m[K/home/aayush/newest_frenet_planner/src/frenet_planner_ported/src/frenet_planner.cpp:455:39:[m[K [01;31m[Kerror: [m[Kcannot call member function ‘[01m[Krclcpp::Logger rclcpp::Node::get_logger() const[m[K’ without object
[10.559s]   455 |  RCLCPP_INFO(rclcpp::Node::get_logger([01;31m[K)[m[K, calc_frenet_paths_function_str);
[10.559s]       |                                       [01;31m[K^[m[K
[10.559s] [01m[K/home/aayush/newest_frenet_planner/src/frenet_planner_ported/src/frenet_planner.cpp:455:39:[m[K [01;31m[Kerror: [m[Kcannot call member function ‘[01m[Krclcpp::Logger rclcpp::Node::get_logger() const[m[K’ without object
[10.559s] [01m[K/home/aayush/newest_frenet_planner/src/frenet_planner_ported/src/frenet_planner.cpp:455:2:[m[K [01;31m[Kerror: [m[Ktemplate argument 1 is invalid
[10.560s]   455 |  [01;31m[KRCLCPP_INFO[m[K(rclcpp::Node::get_logger(), calc_frenet_paths_function_str);
[10.560s]       |  [01;31m[K^~~~~~~~~~~[m[K
[10.560s] [01m[K/home/aayush/newest_frenet_planner/src/frenet_planner_ported/src/frenet_planner.cpp:455:2:[m[K [01;31m[Kerror: [m[Ktemplate argument 1 is invalid
[10.561s]   455 |  [01;31m[KRCLCPP_INFO[m[K(rclcpp::Node::get_logger(), calc_frenet_paths_function_str);
[10.561s]       |  [01;31m[K^~~~~~~~~~~[m[K
[10.562s] [01m[K/home/aayush/newest_frenet_planner/src/frenet_planner_ported/src/frenet_planner.cpp:455:2:[m[K [01;31m[Kerror: [m[Ktemplate argument 1 is invalid
[10.562s]   455 |  [01;31m[KRCLCPP_INFO[m[K(rclcpp::Node::get_logger(), calc_frenet_paths_function_str);
[10.562s]       |  [01;31m[K^~~~~~~~~~~[m[K
[10.562s] In file included from [01m[K/opt/ros/foxy/include/rclcpp/client.hpp:40[m[K,
[10.562s]                  from [01m[K/opt/ros/foxy/include/rclcpp/callback_group.hpp:23[m[K,
[10.563s]                  from [01m[K/opt/ros/foxy/include/rclcpp/any_executable.hpp:20[m[K,
[10.563s]                  from [01m[K/opt/ros/foxy/include/rclcpp/memory_strategy.hpp:24[m[K,
[10.564s]                  from [01m[K/opt/ros/foxy/include/rclcpp/memory_strategies.hpp:18[m[K,
[10.564s]                  from [01m[K/opt/ros/foxy/include/rclcpp/executor_options.hpp:20[m[K,
[10.564s]                  from [01m[K/opt/ros/foxy/include/rclcpp/executor.hpp:33[m[K,
[10.565s]                  from [01m[K/opt/ros/foxy/include/rclcpp/executors/multi_threaded_executor.hpp:25[m[K,
[10.565s]                  from [01m[K/opt/ros/foxy/include/rclcpp/executors.hpp:21[m[K,
[10.565s]                  from [01m[K/opt/ros/foxy/include/rclcpp/rclcpp.hpp:146[m[K,
[10.565s]                  from [01m[K/opt/ros/foxy/include/tf2_ros/buffer_interface.h:35[m[K,
[10.566s]                  from [01m[K/opt/ros/foxy/include/tf2_geometry_msgs/tf2_geometry_msgs.h:38[m[K,
[10.566s]                  from [01m[K/home/aayush/newest_frenet_planner/src/frenet_planner_ported/src/frenet_planner.cpp:2[m[K:
[10.566s] [01m[K/home/aayush/newest_frenet_planner/src/frenet_planner_ported/src/frenet_planner.cpp:455:39:[m[K [01;31m[Kerror: [m[Kcannot call member function ‘[01m[Krclcpp::Logger rclcpp::Node::get_logger() const[m[K’ without object
[10.566s]   455 |  RCLCPP_INFO(rclcpp::Node::get_logger([01;31m[K)[m[K, calc_frenet_paths_function_str);
[10.567s]       |                                       [01;31m[K^[m[K
[10.567s] [01m[K/home/aayush/newest_frenet_planner/src/frenet_planner_ported/src/frenet_planner.cpp:455:39:[m[K [01;31m[Kerror: [m[Kcannot call member function ‘[01m[Krclcpp::Logger rclcpp::Node::get_logger() const[m[K’ without object
[10.567s]   455 |  RCLCPP_INFO(rclcpp::Node::get_logger([01;31m[K)[m[K, calc_frenet_paths_function_str);
[10.568s]       |                                       [01;31m[K^[m[K
[10.568s] In file included from [01m[K/home/aayush/newest_frenet_planner/src/frenet_planner_ported/src/frenet_planner.cpp:10[m[K:
[10.568s] [01m[K/home/aayush/newest_frenet_planner/src/frenet_planner_ported/src/../include/frenet_optimal_trajectory.hpp:82:20:[m[K [01;35m[Kwarning: [m[Kstatement has no effect [[01;35m[K-Wunused-value[m[K]
[10.568s]    82 | #define trace(...) [01;35m[K42[m[K
[10.569s]       |                    [01;35m[K^~[m[K
[10.569s] [01m[K/home/aayush/newest_frenet_planner/src/frenet_planner_ported/src/../include/frenet_optimal_trajectory.hpp:82:20:[m[K [01;36m[Knote: [m[Kin definition of macro ‘[01m[Ktrace[m[K’
[10.569s]    82 | #define trace(...) [01;36m[K42[m[K
[10.569s]       |                    [01;36m[K^~[m[K
[10.570s] In file included from [01m[K/opt/ros/foxy/include/rclcpp/service.hpp:34[m[K,
[10.570s]                  from [01m[K/opt/ros/foxy/include/rclcpp/callback_group.hpp:25[m[K,
[10.570s]                  from [01m[K/opt/ros/foxy/include/rclcpp/any_executable.hpp:20[m[K,
[10.570s]                  from [01m[K/opt/ros/foxy/include/rclcpp/memory_strategy.hpp:24[m[K,
[10.571s]                  from [01m[K/opt/ros/foxy/include/rclcpp/memory_strategies.hpp:18[m[K,
[10.571s]                  from [01m[K/opt/ros/foxy/include/rclcpp/executor_options.hpp:20[m[K,
[10.571s]                  from [01m[K/opt/ros/foxy/include/rclcpp/executor.hpp:33[m[K,
[10.572s]                  from [01m[K/opt/ros/foxy/include/rclcpp/executors/multi_threaded_executor.hpp:25[m[K,
[10.572s]                  from [01m[K/opt/ros/foxy/include/rclcpp/executors.hpp:21[m[K,
[10.572s]                  from [01m[K/opt/ros/foxy/include/rclcpp/rclcpp.hpp:146[m[K,
[10.572s]                  from [01m[K/opt/ros/foxy/include/tf2_ros/buffer_interface.h:35[m[K,
[10.573s]                  from [01m[K/opt/ros/foxy/include/tf2_geometry_msgs/tf2_geometry_msgs.h:38[m[K,
[10.573s]                  from [01m[K/home/aayush/newest_frenet_planner/src/frenet_planner_ported/src/frenet_planner.cpp:2[m[K:
[10.573s] [01m[K/home/aayush/newest_frenet_planner/src/frenet_planner_ported/src/frenet_planner.cpp:465:39:[m[K [01;31m[Kerror: [m[Kcannot call member function ‘[01m[Krclcpp::Logger rclcpp::Node::get_logger() const[m[K’ without object
[10.574s]   465 |  RCLCPP_INFO(rclcpp::Node::get_logger([01;31m[K)[m[K, calc_global_paths_function_str);
[10.574s]       |                                       [01;31m[K^[m[K
[10.574s] [01m[K/home/aayush/newest_frenet_planner/src/frenet_planner_ported/src/frenet_planner.cpp:465:39:[m[K [01;31m[Kerror: [m[Kcannot call member function ‘[01m[Krclcpp::Logger rclcpp::Node::get_logger() const[m[K’ without object
[10.574s] [01m[K/home/aayush/newest_frenet_planner/src/frenet_planner_ported/src/frenet_planner.cpp:465:2:[m[K [01;31m[Kerror: [m[Ktemplate argument 1 is invalid
[10.576s]   465 |  [01;31m[KRCLCPP_INFO[m[K(rclcpp::Node::get_logger(), calc_global_paths_function_str);
[10.578s]       |  [01;31m[K^~~~~~~~~~~[m[K
[10.579s] [01m[K/home/aayush/newest_frenet_planner/src/frenet_planner_ported/src/frenet_planner.cpp:465:2:[m[K [01;31m[Kerror: [m[Ktemplate argument 1 is invalid
[10.579s]   465 |  [01;31m[KRCLCPP_INFO[m[K(rclcpp::Node::get_logger(), calc_global_paths_function_str);
[10.579s]       |  [01;31m[K^~~~~~~~~~~[m[K
[10.579s] [01m[K/home/aayush/newest_frenet_planner/src/frenet_planner_ported/src/frenet_planner.cpp:465:2:[m[K [01;31m[Kerror: [m[Ktemplate argument 1 is invalid
[10.580s]   465 |  [01;31m[KRCLCPP_INFO[m[K(rclcpp::Node::get_logger(), calc_global_paths_function_str);
[10.580s]       |  [01;31m[K^~~~~~~~~~~[m[K
[10.580s] In file included from [01m[K/opt/ros/foxy/include/rclcpp/client.hpp:40[m[K,
[10.581s]                  from [01m[K/opt/ros/foxy/include/rclcpp/callback_group.hpp:23[m[K,
[10.581s]                  from [01m[K/opt/ros/foxy/include/rclcpp/any_executable.hpp:20[m[K,
[10.581s]                  from [01m[K/opt/ros/foxy/include/rclcpp/memory_strategy.hpp:24[m[K,
[10.582s]                  from [01m[K/opt/ros/foxy/include/rclcpp/memory_strategies.hpp:18[m[K,
[10.582s]                  from [01m[K/opt/ros/foxy/include/rclcpp/executor_options.hpp:20[m[K,
[10.582s]                  from [01m[K/opt/ros/foxy/include/rclcpp/executor.hpp:33[m[K,
[10.582s]                  from [01m[K/opt/ros/foxy/include/rclcpp/executors/multi_threaded_executor.hpp:25[m[K,
[10.583s]                  from [01m[K/opt/ros/foxy/include/rclcpp/executors.hpp:21[m[K,
[10.583s]                  from [01m[K/opt/ros/foxy/include/rclcpp/rclcpp.hpp:146[m[K,
[10.583s]                  from [01m[K/opt/ros/foxy/include/tf2_ros/buffer_interface.h:35[m[K,
[10.584s]                  from [01m[K/opt/ros/foxy/include/tf2_geometry_msgs/tf2_geometry_msgs.h:38[m[K,
[10.584s]                  from [01m[K/home/aayush/newest_frenet_planner/src/frenet_planner_ported/src/frenet_planner.cpp:2[m[K:
[10.584s] [01m[K/home/aayush/newest_frenet_planner/src/frenet_planner_ported/src/frenet_planner.cpp:465:39:[m[K [01;31m[Kerror: [m[Kcannot call member function ‘[01m[Krclcpp::Logger rclcpp::Node::get_logger() const[m[K’ without object
[10.584s]   465 |  RCLCPP_INFO(rclcpp::Node::get_logger([01;31m[K)[m[K, calc_global_paths_function_str);
[10.585s]       |                                       [01;31m[K^[m[K
[10.585s] [01m[K/home/aayush/newest_frenet_planner/src/frenet_planner_ported/src/frenet_planner.cpp:465:39:[m[K [01;31m[Kerror: [m[Kcannot call member function ‘[01m[Krclcpp::Logger rclcpp::Node::get_logger() const[m[K’ without object
[10.585s]   465 |  RCLCPP_INFO(rclcpp::Node::get_logger([01;31m[K)[m[K, calc_global_paths_function_str);
[10.586s]       |                                       [01;31m[K^[m[K
[10.586s] In file included from [01m[K/home/aayush/newest_frenet_planner/src/frenet_planner_ported/src/frenet_planner.cpp:10[m[K:
[10.586s] [01m[K/home/aayush/newest_frenet_planner/src/frenet_planner_ported/src/../include/frenet_optimal_trajectory.hpp:82:20:[m[K [01;35m[Kwarning: [m[Kstatement has no effect [[01;35m[K-Wunused-value[m[K]
[10.587s]    82 | #define trace(...) [01;35m[K42[m[K
[10.587s]       |                    [01;35m[K^~[m[K
[10.587s] [01m[K/home/aayush/newest_frenet_planner/src/frenet_planner_ported/src/../include/frenet_optimal_trajectory.hpp:82:20:[m[K [01;36m[Knote: [m[Kin definition of macro ‘[01m[Ktrace[m[K’
[10.587s]    82 | #define trace(...) [01;36m[K42[m[K
[10.588s]       |                    [01;36m[K^~[m[K
[10.588s] In file included from [01m[K/opt/ros/foxy/include/rclcpp/service.hpp:34[m[K,
[10.588s]                  from [01m[K/opt/ros/foxy/include/rclcpp/callback_group.hpp:25[m[K,
[10.588s]                  from [01m[K/opt/ros/foxy/include/rclcpp/any_executable.hpp:20[m[K,
[10.589s]                  from [01m[K/opt/ros/foxy/include/rclcpp/memory_strategy.hpp:24[m[K,
[10.589s]                  from [01m[K/opt/ros/foxy/include/rclcpp/memory_strategies.hpp:18[m[K,
[10.589s]                  from [01m[K/opt/ros/foxy/include/rclcpp/executor_options.hpp:20[m[K,
[10.590s]                  from [01m[K/opt/ros/foxy/include/rclcpp/executor.hpp:33[m[K,
[10.590s]                  from [01m[K/opt/ros/foxy/include/rclcpp/executors/multi_threaded_executor.hpp:25[m[K,
[10.590s]                  from [01m[K/opt/ros/foxy/include/rclcpp/executors.hpp:21[m[K,
[10.590s]                  from [01m[K/opt/ros/foxy/include/rclcpp/rclcpp.hpp:146[m[K,
[10.591s]                  from [01m[K/opt/ros/foxy/include/tf2_ros/buffer_interface.h:35[m[K,
[10.591s]                  from [01m[K/opt/ros/foxy/include/tf2_geometry_msgs/tf2_geometry_msgs.h:38[m[K,
[10.591s]                  from [01m[K/home/aayush/newest_frenet_planner/src/frenet_planner_ported/src/frenet_planner.cpp:2[m[K:
[10.591s] [01m[K/home/aayush/newest_frenet_planner/src/frenet_planner_ported/src/frenet_planner.cpp:478:39:[m[K [01;31m[Kerror: [m[Kcannot call member function ‘[01m[Krclcpp::Logger rclcpp::Node::get_logger() const[m[K’ without object
[10.592s]   478 |  RCLCPP_INFO(rclcpp::Node::get_logger([01;31m[K)[m[K, calc_path_function_str);
[10.592s]       |                                       [01;31m[K^[m[K
[10.592s] [01m[K/home/aayush/newest_frenet_planner/src/frenet_planner_ported/src/frenet_planner.cpp:478:39:[m[K [01;31m[Kerror: [m[Kcannot call member function ‘[01m[Krclcpp::Logger rclcpp::Node::get_logger() const[m[K’ without object
[10.592s] [01m[K/home/aayush/newest_frenet_planner/src/frenet_planner_ported/src/frenet_planner.cpp:478:2:[m[K [01;31m[Kerror: [m[Ktemplate argument 1 is invalid
[10.593s]   478 |  [01;31m[KRCLCPP_INFO[m[K(rclcpp::Node::get_logger(), calc_path_function_str);
[10.593s]       |  [01;31m[K^~~~~~~~~~~[m[K
[10.593s] [01m[K/home/aayush/newest_frenet_planner/src/frenet_planner_ported/src/frenet_planner.cpp:478:2:[m[K [01;31m[Kerror: [m[Ktemplate argument 1 is invalid
[10.594s]   478 |  [01;31m[KRCLCPP_INFO[m[K(rclcpp::Node::get_logger(), calc_path_function_str);
[10.594s]       |  [01;31m[K^~~~~~~~~~~[m[K
[10.594s] [01m[K/home/aayush/newest_frenet_planner/src/frenet_planner_ported/src/frenet_planner.cpp:478:2:[m[K [01;31m[Kerror: [m[Ktemplate argument 1 is invalid
[10.594s]   478 |  [01;31m[KRCLCPP_INFO[m[K(rclcpp::Node::get_logger(), calc_path_function_str);
[10.595s]       |  [01;31m[K^~~~~~~~~~~[m[K
[10.595s] In file included from [01m[K/opt/ros/foxy/include/rclcpp/client.hpp:40[m[K,
[10.595s]                  from [01m[K/opt/ros/foxy/include/rclcpp/callback_group.hpp:23[m[K,
[10.595s]                  from [01m[K/opt/ros/foxy/include/rclcpp/any_executable.hpp:20[m[K,
[10.596s]                  from [01m[K/opt/ros/foxy/include/rclcpp/memory_strategy.hpp:24[m[K,
[10.596s]                  from [01m[K/opt/ros/foxy/include/rclcpp/memory_strategies.hpp:18[m[K,
[10.596s]                  from [01m[K/opt/ros/foxy/include/rclcpp/executor_options.hpp:20[m[K,
[10.596s]                  from [01m[K/opt/ros/foxy/include/rclcpp/executor.hpp:33[m[K,
[10.596s]                  from [01m[K/opt/ros/foxy/include/rclcpp/executors/multi_threaded_executor.hpp:25[m[K,
[10.597s]                  from [01m[K/opt/ros/foxy/include/rclcpp/executors.hpp:21[m[K,
[10.597s]                  from [01m[K/opt/ros/foxy/include/rclcpp/rclcpp.hpp:146[m[K,
[10.597s]                  from [01m[K/opt/ros/foxy/include/tf2_ros/buffer_interface.h:35[m[K,
[10.597s]                  from [01m[K/opt/ros/foxy/include/tf2_geometry_msgs/tf2_geometry_msgs.h:38[m[K,
[10.597s]                  from [01m[K/home/aayush/newest_frenet_planner/src/frenet_planner_ported/src/frenet_planner.cpp:2[m[K:
[10.598s] [01m[K/home/aayush/newest_frenet_planner/src/frenet_planner_ported/src/frenet_planner.cpp:478:39:[m[K [01;31m[Kerror: [m[Kcannot call member function ‘[01m[Krclcpp::Logger rclcpp::Node::get_logger() const[m[K’ without object
[10.598s]   478 |  RCLCPP_INFO(rclcpp::Node::get_logger([01;31m[K)[m[K, calc_path_function_str);
[10.598s]       |                                       [01;31m[K^[m[K
[10.598s] [01m[K/home/aayush/newest_frenet_planner/src/frenet_planner_ported/src/frenet_planner.cpp:478:39:[m[K [01;31m[Kerror: [m[Kcannot call member function ‘[01m[Krclcpp::Logger rclcpp::Node::get_logger() const[m[K’ without object
[10.599s]   478 |  RCLCPP_INFO(rclcpp::Node::get_logger([01;31m[K)[m[K, calc_path_function_str);
[10.599s]       |                                       [01;31m[K^[m[K
[10.599s] In file included from [01m[K/home/aayush/newest_frenet_planner/src/frenet_planner_ported/src/frenet_planner.cpp:10[m[K:
[10.599s] [01m[K/home/aayush/newest_frenet_planner/src/frenet_planner_ported/src/../include/frenet_optimal_trajectory.hpp:82:20:[m[K [01;35m[Kwarning: [m[Kstatement has no effect [[01;35m[K-Wunused-value[m[K]
[10.599s]    82 | #define trace(...) [01;35m[K42[m[K
[10.600s]       |                    [01;35m[K^~[m[K
[10.600s] [01m[K/home/aayush/newest_frenet_planner/src/frenet_planner_ported/src/../include/frenet_optimal_trajectory.hpp:82:20:[m[K [01;36m[Knote: [m[Kin definition of macro ‘[01m[Ktrace[m[K’
[10.600s]    82 | #define trace(...) [01;36m[K42[m[K
[10.600s]       |                    [01;36m[K^~[m[K
[10.600s] [01m[K/home/aayush/newest_frenet_planner/src/frenet_planner_ported/src/../include/frenet_optimal_trajectory.hpp:82:20:[m[K [01;35m[Kwarning: [m[Kstatement has no effect [[01;35m[K-Wunused-value[m[K]
[10.601s]    82 | #define trace(...) [01;35m[K42[m[K
[10.601s]       |                    [01;35m[K^~[m[K
[10.601s] [01m[K/home/aayush/newest_frenet_planner/src/frenet_planner_ported/src/../include/frenet_optimal_trajectory.hpp:82:20:[m[K [01;36m[Knote: [m[Kin definition of macro ‘[01m[Ktrace[m[K’
[10.601s]    82 | #define trace(...) [01;36m[K42[m[K
[10.601s]       |                    [01;36m[K^~[m[K
[12.033s] make[2]: *** [CMakeFiles/frenet_ros_obst.dir/build.make:76: CMakeFiles/frenet_ros_obst.dir/src/frenet_planner.cpp.o] Error 1
[12.033s] make[1]: *** [CMakeFiles/Makefile2:78: CMakeFiles/frenet_ros_obst.dir/all] Error 2
[12.034s] make: *** [Makefile:141: all] Error 2
[12.037s] Invoked command in '/home/aayush/newest_frenet_planner/build/frenet_planner_ported' returned '2': CMAKE_PREFIX_PATH=${CMAKE_PREFIX_PATH}:/home/aayush/newest_frenet_planner/install/dummy:/opt/ros/foxy /usr/bin/cmake --build /home/aayush/newest_frenet_planner/build/frenet_planner_ported -- -j2 -l2
