[0.183s] Invoking command in '/home/aayush/newest_frenet_planner/build/frenet_planner': CMAKE_PREFIX_PATH=${CMAKE_PREFIX_PATH}:/home/aayush/new_new_frenet_planner/install/dummy:/opt/ros/foxy /usr/bin/cmake --build /home/aayush/newest_frenet_planner/build/frenet_planner -- -j2 -l2
[1.281s] [100%] Built target frenet_ros_obst
[1.320s] Invoked command in '/home/aayush/newest_frenet_planner/build/frenet_planner' returned '0': CMAKE_PREFIX_PATH=${CMAKE_PREFIX_PATH}:/home/aayush/new_new_frenet_planner/install/dummy:/opt/ros/foxy /usr/bin/cmake --build /home/aayush/newest_frenet_planner/build/frenet_planner -- -j2 -l2
[1.499s] Invoking command in '/home/aayush/newest_frenet_planner/build/frenet_planner': CMAKE_PREFIX_PATH=${CMAKE_PREFIX_PATH}:/home/aayush/new_new_frenet_planner/install/dummy:/opt/ros/foxy /usr/bin/cmake --install /home/aayush/newest_frenet_planner/build/frenet_planner
[1.521s] -- Install configuration: ""
[1.522s] -- Up-to-date: /home/aayush/newest_frenet_planner/install/frenet_planner/lib/frenet_planner/frenet_ros_obst
[1.523s] -- Up-to-date: /home/aayush/newest_frenet_planner/install/frenet_planner/share/frenet_planner/launch
[1.523s] -- Up-to-date: /home/aayush/newest_frenet_planner/install/frenet_planner/share/frenet_planner/launch/frenet_planner_launch.py
[1.523s] -- Up-to-date: /home/aayush/newest_frenet_planner/install/frenet_planner/share/frenet_planner/config
[1.523s] -- Up-to-date: /home/aayush/newest_frenet_planner/install/frenet_planner/share/frenet_planner/config/frenet_planner.yaml
[1.524s] -- Up-to-date: /home/aayush/newest_frenet_planner/install/frenet_planner/share/ament_index/resource_index/package_run_dependencies/frenet_planner
[1.524s] -- Up-to-date: /home/aayush/newest_frenet_planner/install/frenet_planner/share/ament_index/resource_index/parent_prefix_path/frenet_planner
[1.525s] -- Up-to-date: /home/aayush/newest_frenet_planner/install/frenet_planner/share/frenet_planner/environment/ament_prefix_path.sh
[1.526s] -- Up-to-date: /home/aayush/newest_frenet_planner/install/frenet_planner/share/frenet_planner/environment/ament_prefix_path.dsv
[1.529s] -- Up-to-date: /home/aayush/newest_frenet_planner/install/frenet_planner/share/frenet_planner/environment/path.sh
[1.529s] -- Up-to-date: /home/aayush/newest_frenet_planner/install/frenet_planner/share/frenet_planner/environment/path.dsv
[1.532s] -- Up-to-date: /home/aayush/newest_frenet_planner/install/frenet_planner/share/frenet_planner/local_setup.bash
[1.532s] -- Up-to-date: /home/aayush/newest_frenet_planner/install/frenet_planner/share/frenet_planner/local_setup.sh
[1.532s] -- Up-to-date: /home/aayush/newest_frenet_planner/install/frenet_planner/share/frenet_planner/local_setup.zsh
[1.533s] -- Up-to-date: /home/aayush/newest_frenet_planner/install/frenet_planner/share/frenet_planner/local_setup.dsv
[1.533s] -- Installing: /home/aayush/newest_frenet_planner/install/frenet_planner/share/frenet_planner/package.dsv
[1.533s] -- Up-to-date: /home/aayush/newest_frenet_planner/install/frenet_planner/share/ament_index/resource_index/packages/frenet_planner
[1.533s] -- Up-to-date: /home/aayush/newest_frenet_planner/install/frenet_planner/share/frenet_planner/cmake/frenet_plannerConfig.cmake
[1.534s] -- Up-to-date: /home/aayush/newest_frenet_planner/install/frenet_planner/share/frenet_planner/cmake/frenet_plannerConfig-version.cmake
[1.534s] -- Up-to-date: /home/aayush/newest_frenet_planner/install/frenet_planner/share/frenet_planner/package.xml
[1.548s] Invoked command in '/home/aayush/newest_frenet_planner/build/frenet_planner' returned '0': CMAKE_PREFIX_PATH=${CMAKE_PREFIX_PATH}:/home/aayush/new_new_frenet_planner/install/dummy:/opt/ros/foxy /usr/bin/cmake --install /home/aayush/newest_frenet_planner/build/frenet_planner
