[0.939s] Invoking command in '/home/aayush/newest_frenet_planner/build/frenet_planner_ported': CMAKE_PREFIX_PATH=${CMAKE_PREFIX_PATH}:/home/aayush/newest_frenet_planner/install/dummy:/opt/ros/foxy /usr/bin/cmake --build /home/aayush/newest_frenet_planner/build/frenet_planner_ported -- -j2 -l2
[1.202s] [35m[1mScanning dependencies of target frenet_ros_obst[0m
[1.499s] [ 20%] [32mBuilding CXX object CMakeFiles/frenet_ros_obst.dir/src/frenet_planner.cpp.o[0m
[8.685s] In file included from [01m[K/home/aayush/newest_frenet_planner/src/frenet_planner_ported/src/frenet_planner.cpp:8[m[K:
[8.685s] [01m[K/home/aayush/newest_frenet_planner/src/frenet_planner_ported/./include/matplotlibcpp.hpp:314:36:[m[K [01;35m[Kwarning: [m[Kstatic_assert without a message only available with ‘[01m[K-std=c++17[m[K’ or ‘[01m[K-std=gnu++17[m[K’ [[01;35m[K-Wpedantic[m[K]
[8.685s]   314 | static_assert(sizeof(long long) == [01;35m[K8[m[K);
[8.685s]       |                                    [01;35m[K^[m[K
[8.686s] [01m[K/home/aayush/newest_frenet_planner/src/frenet_planner_ported/./include/matplotlibcpp.hpp:316:45:[m[K [01;35m[Kwarning: [m[Kstatic_assert without a message only available with ‘[01m[K-std=c++17[m[K’ or ‘[01m[K-std=gnu++17[m[K’ [[01;35m[K-Wpedantic[m[K]
[8.686s]   316 | static_assert(sizeof(unsigned long long) == [01;35m[K8[m[K);
[8.686s]       |                                             [01;35m[K^[m[K
[11.525s] In file included from [01m[K/home/aayush/newest_frenet_planner/src/frenet_planner_ported/src/frenet_planner.cpp:10[m[K:
[11.525s] [01m[K/home/aayush/newest_frenet_planner/src/frenet_planner_ported/src/../include/frenet_optimal_trajectory.hpp:[m[K In function ‘[01m[Kstd::ostream& operator<<(std::ostream&, const FrenetPath&)[m[K’:
[11.526s] [01m[K/home/aayush/newest_frenet_planner/src/frenet_planner_ported/src/../include/frenet_optimal_trajectory.hpp:82:20:[m[K [01;35m[Kwarning: [m[Kstatement has no effect [[01;35m[K-Wunused-value[m[K]
[11.526s]    82 | #define trace(...) [01;35m[K42[m[K
[11.526s]       |                    [01;35m[K^~[m[K
[11.526s] [01m[K/home/aayush/newest_frenet_planner/src/frenet_planner_ported/src/../include/frenet_optimal_trajectory.hpp:82:20:[m[K [01;36m[Knote: [m[Kin definition of macro ‘[01m[Ktrace[m[K’
[11.526s]    82 | #define trace(...) [01;36m[K42[m[K
[11.527s]       |                    [01;36m[K^~[m[K
[11.527s] [01m[K/home/aayush/newest_frenet_planner/src/frenet_planner_ported/src/../include/frenet_optimal_trajectory.hpp:82:20:[m[K [01;35m[Kwarning: [m[Kstatement has no effect [[01;35m[K-Wunused-value[m[K]
[11.527s]    82 | #define trace(...) [01;35m[K42[m[K
[11.527s]       |                    [01;35m[K^~[m[K
[11.527s] [01m[K/home/aayush/newest_frenet_planner/src/frenet_planner_ported/src/../include/frenet_optimal_trajectory.hpp:82:20:[m[K [01;36m[Knote: [m[Kin definition of macro ‘[01m[Ktrace[m[K’
[11.529s]    82 | #define trace(...) [01;36m[K42[m[K
[11.529s]       |                    [01;36m[K^~[m[K
[11.529s] [01m[K/home/aayush/newest_frenet_planner/src/frenet_planner_ported/src/../include/frenet_optimal_trajectory.hpp:82:20:[m[K [01;35m[Kwarning: [m[Kstatement has no effect [[01;35m[K-Wunused-value[m[K]
[11.529s]    82 | #define trace(...) [01;35m[K42[m[K
[11.530s]       |                    [01;35m[K^~[m[K
[11.530s] [01m[K/home/aayush/newest_frenet_planner/src/frenet_planner_ported/src/../include/frenet_optimal_trajectory.hpp:82:20:[m[K [01;36m[Knote: [m[Kin definition of macro ‘[01m[Ktrace[m[K’
[11.530s]    82 | #define trace(...) [01;36m[K42[m[K
[11.530s]       |                    [01;36m[K^~[m[K
[11.531s] [01m[K/home/aayush/newest_frenet_planner/src/frenet_planner_ported/src/../include/frenet_optimal_trajectory.hpp:82:20:[m[K [01;35m[Kwarning: [m[Kstatement has no effect [[01;35m[K-Wunused-value[m[K]
[11.531s]    82 | #define trace(...) [01;35m[K42[m[K
[11.531s]       |                    [01;35m[K^~[m[K
[11.531s] [01m[K/home/aayush/newest_frenet_planner/src/frenet_planner_ported/src/../include/frenet_optimal_trajectory.hpp:82:20:[m[K [01;36m[Knote: [m[Kin definition of macro ‘[01m[Ktrace[m[K’
[11.531s]    82 | #define trace(...) [01;36m[K42[m[K
[11.532s]       |                    [01;36m[K^~[m[K
[11.532s] [01m[K/home/aayush/newest_frenet_planner/src/frenet_planner_ported/src/../include/frenet_optimal_trajectory.hpp:82:20:[m[K [01;35m[Kwarning: [m[Kstatement has no effect [[01;35m[K-Wunused-value[m[K]
[11.532s]    82 | #define trace(...) [01;35m[K42[m[K
[11.532s]       |                    [01;35m[K^~[m[K
[11.533s] [01m[K/home/aayush/newest_frenet_planner/src/frenet_planner_ported/src/../include/frenet_optimal_trajectory.hpp:82:20:[m[K [01;36m[Knote: [m[Kin definition of macro ‘[01m[Ktrace[m[K’
[11.533s]    82 | #define trace(...) [01;36m[K42[m[K
[11.533s]       |                    [01;36m[K^~[m[K
[11.533s] [01m[K/home/aayush/newest_frenet_planner/src/frenet_planner_ported/src/../include/frenet_optimal_trajectory.hpp:82:20:[m[K [01;35m[Kwarning: [m[Kstatement has no effect [[01;35m[K-Wunused-value[m[K]
[11.533s]    82 | #define trace(...) [01;35m[K42[m[K
[11.534s]       |                    [01;35m[K^~[m[K
[11.534s] [01m[K/home/aayush/newest_frenet_planner/src/frenet_planner_ported/src/../include/frenet_optimal_trajectory.hpp:82:20:[m[K [01;36m[Knote: [m[Kin definition of macro ‘[01m[Ktrace[m[K’
[11.534s]    82 | #define trace(...) [01;36m[K42[m[K
[11.534s]       |                    [01;36m[K^~[m[K
[11.534s] [01m[K/home/aayush/newest_frenet_planner/src/frenet_planner_ported/src/../include/frenet_optimal_trajectory.hpp:82:20:[m[K [01;35m[Kwarning: [m[Kstatement has no effect [[01;35m[K-Wunused-value[m[K]
[11.535s]    82 | #define trace(...) [01;35m[K42[m[K
[11.535s]       |                    [01;35m[K^~[m[K
[11.535s] [01m[K/home/aayush/newest_frenet_planner/src/frenet_planner_ported/src/../include/frenet_optimal_trajectory.hpp:82:20:[m[K [01;36m[Knote: [m[Kin definition of macro ‘[01m[Ktrace[m[K’
[11.535s]    82 | #define trace(...) [01;36m[K42[m[K
[11.535s]       |                    [01;36m[K^~[m[K
[11.536s] [01m[K/home/aayush/newest_frenet_planner/src/frenet_planner_ported/src/../include/frenet_optimal_trajectory.hpp:82:20:[m[K [01;35m[Kwarning: [m[Kstatement has no effect [[01;35m[K-Wunused-value[m[K]
[11.536s]    82 | #define trace(...) [01;35m[K42[m[K
[11.536s]       |                    [01;35m[K^~[m[K
[11.537s] [01m[K/home/aayush/newest_frenet_planner/src/frenet_planner_ported/src/../include/frenet_optimal_trajectory.hpp:82:20:[m[K [01;36m[Knote: [m[Kin definition of macro ‘[01m[Ktrace[m[K’
[11.537s]    82 | #define trace(...) [01;36m[K42[m[K
[11.537s]       |                    [01;36m[K^~[m[K
[11.537s] [01m[K/home/aayush/newest_frenet_planner/src/frenet_planner_ported/src/../include/frenet_optimal_trajectory.hpp:82:20:[m[K [01;35m[Kwarning: [m[Kstatement has no effect [[01;35m[K-Wunused-value[m[K]
[11.538s]    82 | #define trace(...) [01;35m[K42[m[K
[11.538s]       |                    [01;35m[K^~[m[K
[11.538s] [01m[K/home/aayush/newest_frenet_planner/src/frenet_planner_ported/src/../include/frenet_optimal_trajectory.hpp:82:20:[m[K [01;36m[Knote: [m[Kin definition of macro ‘[01m[Ktrace[m[K’
[11.538s]    82 | #define trace(...) [01;36m[K42[m[K
[11.538s]       |                    [01;36m[K^~[m[K
[11.539s] [01m[K/home/aayush/newest_frenet_planner/src/frenet_planner_ported/src/../include/frenet_optimal_trajectory.hpp:82:20:[m[K [01;35m[Kwarning: [m[Kstatement has no effect [[01;35m[K-Wunused-value[m[K]
[11.539s]    82 | #define trace(...) [01;35m[K42[m[K
[11.539s]       |                    [01;35m[K^~[m[K
[11.539s] [01m[K/home/aayush/newest_frenet_planner/src/frenet_planner_ported/src/../include/frenet_optimal_trajectory.hpp:82:20:[m[K [01;36m[Knote: [m[Kin definition of macro ‘[01m[Ktrace[m[K’
[11.539s]    82 | #define trace(...) [01;36m[K42[m[K
[11.540s]       |                    [01;36m[K^~[m[K
[11.540s] [01m[K/home/aayush/newest_frenet_planner/src/frenet_planner_ported/src/../include/frenet_optimal_trajectory.hpp:82:20:[m[K [01;35m[Kwarning: [m[Kstatement has no effect [[01;35m[K-Wunused-value[m[K]
[11.540s]    82 | #define trace(...) [01;35m[K42[m[K
[11.540s]       |                    [01;35m[K^~[m[K
[11.541s] [01m[K/home/aayush/newest_frenet_planner/src/frenet_planner_ported/src/../include/frenet_optimal_trajectory.hpp:82:20:[m[K [01;36m[Knote: [m[Kin definition of macro ‘[01m[Ktrace[m[K’
[11.541s]    82 | #define trace(...) [01;36m[K42[m[K
[11.541s]       |                    [01;36m[K^~[m[K
[11.541s] [01m[K/home/aayush/newest_frenet_planner/src/frenet_planner_ported/src/../include/frenet_optimal_trajectory.hpp:82:20:[m[K [01;35m[Kwarning: [m[Kstatement has no effect [[01;35m[K-Wunused-value[m[K]
[11.541s]    82 | #define trace(...) [01;35m[K42[m[K
[11.542s]       |                    [01;35m[K^~[m[K
[11.542s] [01m[K/home/aayush/newest_frenet_planner/src/frenet_planner_ported/src/../include/frenet_optimal_trajectory.hpp:82:20:[m[K [01;36m[Knote: [m[Kin definition of macro ‘[01m[Ktrace[m[K’
[11.542s]    82 | #define trace(...) [01;36m[K42[m[K
[11.542s]       |                    [01;36m[K^~[m[K
[11.543s] [01m[K/home/aayush/newest_frenet_planner/src/frenet_planner_ported/src/../include/frenet_optimal_trajectory.hpp:82:20:[m[K [01;35m[Kwarning: [m[Kstatement has no effect [[01;35m[K-Wunused-value[m[K]
[11.543s]    82 | #define trace(...) [01;35m[K42[m[K
[11.543s]       |                    [01;35m[K^~[m[K
[11.543s] [01m[K/home/aayush/newest_frenet_planner/src/frenet_planner_ported/src/../include/frenet_optimal_trajectory.hpp:82:20:[m[K [01;36m[Knote: [m[Kin definition of macro ‘[01m[Ktrace[m[K’
[11.544s]    82 | #define trace(...) [01;36m[K42[m[K
[11.544s]       |                    [01;36m[K^~[m[K
[11.544s] [01m[K/home/aayush/newest_frenet_planner/src/frenet_planner_ported/src/../include/frenet_optimal_trajectory.hpp:83:59:[m[K [01;35m[Kwarning: [m[Kunused parameter ‘[01m[Kfp[m[K’ [[01;35m[K-Wunused-parameter[m[K]
[11.544s]    83 | inline ostream& operator<<(ostream& os, [01;35m[Kconst FrenetPath& fp[m[K)
[11.544s]       |                                         [01;35m[K~~~~~~~~~~~~~~~~~~^~[m[K
[11.545s] [01m[K/home/aayush/newest_frenet_planner/src/frenet_planner_ported/src/frenet_planner.cpp:[m[K In member function ‘[01m[Kvoid FrenetPath::calc_lon_paths_quintic_poly(double, double, double, double, double)[m[K’:
[11.545s] [01m[K/home/aayush/newest_frenet_planner/src/frenet_planner_ported/src/frenet_planner.cpp:69:91:[m[K [01;35m[Kwarning: [m[Kunused parameter ‘[01m[Kts[m[K’ [[01;35m[K-Wunused-parameter[m[K]
[11.545s]    69 | s_quintic_poly(double c_speed, double s0, double Ti, [01;35m[Kdouble ts[m[K,
[11.545s]       |                                                      [01;35m[K~~~~~~~^~[m[K
[11.545s] 
[11.557s] [01m[K/home/aayush/newest_frenet_planner/src/frenet_planner_ported/src/frenet_planner.cpp:[m[K In member function ‘[01m[Kvoid FrenetPath::adding_global_path(Spline2D)[m[K’:
[11.558s] [01m[K/home/aayush/newest_frenet_planner/src/frenet_planner_ported/src/frenet_planner.cpp:198:9:[m[K [01;35m[Kwarning: [m[Kunused variable ‘[01m[KstartTime1[m[K’ [[01;35m[K-Wunused-variable[m[K]
[11.558s]   198 |  double [01;35m[KstartTime1[m[K = omp_get_wtime();
[11.558s]       |         [01;35m[K^~~~~~~~~~[m[K
[11.559s] [01m[K/home/aayush/newest_frenet_planner/src/frenet_planner_ported/src/frenet_planner.cpp:249:9:[m[K [01;35m[Kwarning: [m[Kunused variable ‘[01m[KendTime1[m[K’ [[01;35m[K-Wunused-variable[m[K]
[11.559s]   249 |  double [01;35m[KendTime1[m[K = omp_get_wtime();
[11.559s]       |         [01;35m[K^~~~~~~~[m[K
[11.576s] [01m[K/home/aayush/newest_frenet_planner/src/frenet_planner_ported/src/frenet_planner.cpp:[m[K In function ‘[01m[KFrenetPath frenet_optimal_planning(Spline2D, double, double, double, double, double, FrenetPath, double)[m[K’:
[11.576s] [01m[K/home/aayush/newest_frenet_planner/src/frenet_planner_ported/src/frenet_planner.cpp:446:17:[m[K [01;31m[Kerror: [m[K‘[01m[Krclcpp::Logger::Logger()[m[K’ is private within this context
[11.577s]   446 |  rclcpp::Logger [01;31m[Klogger_name[m[K;
[11.577s]       |                 [01;31m[K^~~~~~~~~~~[m[K
[11.577s] In file included from [01m[K/opt/ros/foxy/include/rclcpp/logging.hpp:23[m[K,
[11.577s]                  from [01m[K/opt/ros/foxy/include/rclcpp/service.hpp:34[m[K,
[11.578s]                  from [01m[K/opt/ros/foxy/include/rclcpp/callback_group.hpp:25[m[K,
[11.579s]                  from [01m[K/opt/ros/foxy/include/rclcpp/any_executable.hpp:20[m[K,
[11.579s]                  from [01m[K/opt/ros/foxy/include/rclcpp/memory_strategy.hpp:24[m[K,
[11.579s]                  from [01m[K/opt/ros/foxy/include/rclcpp/memory_strategies.hpp:18[m[K,
[11.579s]                  from [01m[K/opt/ros/foxy/include/rclcpp/executor_options.hpp:20[m[K,
[11.580s]                  from [01m[K/opt/ros/foxy/include/rclcpp/executor.hpp:33[m[K,
[11.580s]                  from [01m[K/opt/ros/foxy/include/rclcpp/executors/multi_threaded_executor.hpp:25[m[K,
[11.580s]                  from [01m[K/opt/ros/foxy/include/rclcpp/executors.hpp:21[m[K,
[11.580s]                  from [01m[K/opt/ros/foxy/include/rclcpp/rclcpp.hpp:146[m[K,
[11.580s]                  from [01m[K/opt/ros/foxy/include/tf2_ros/buffer_interface.h:35[m[K,
[11.581s]                  from [01m[K/opt/ros/foxy/include/tf2_geometry_msgs/tf2_geometry_msgs.h:38[m[K,
[11.581s]                  from [01m[K/home/aayush/newest_frenet_planner/src/frenet_planner_ported/src/frenet_planner.cpp:2[m[K:
[11.581s] [01m[K/opt/ros/foxy/include/rclcpp/logger.hpp:88:3:[m[K [01;36m[Knote: [m[Kdeclared private here
[11.581s]    88 |   [01;36m[KLogger[m[K()
[11.582s]       |   [01;36m[K^~~~~~[m[K
[11.582s] In file included from [01m[K/home/aayush/newest_frenet_planner/src/frenet_planner_ported/src/frenet_planner.cpp:10[m[K:
[11.582s] [01m[K/home/aayush/newest_frenet_planner/src/frenet_planner_ported/src/../include/frenet_optimal_trajectory.hpp:82:20:[m[K [01;35m[Kwarning: [m[Kstatement has no effect [[01;35m[K-Wunused-value[m[K]
[11.582s]    82 | #define trace(...) [01;35m[K42[m[K
[11.582s]       |                    [01;35m[K^~[m[K
[11.583s] [01m[K/home/aayush/newest_frenet_planner/src/frenet_planner_ported/src/../include/frenet_optimal_trajectory.hpp:82:20:[m[K [01;36m[Knote: [m[Kin definition of macro ‘[01m[Ktrace[m[K’
[11.583s]    82 | #define trace(...) [01;36m[K42[m[K
[11.583s]       |                    [01;36m[K^~[m[K
[11.583s] [01m[K/home/aayush/newest_frenet_planner/src/frenet_planner_ported/src/../include/frenet_optimal_trajectory.hpp:82:20:[m[K [01;35m[Kwarning: [m[Kstatement has no effect [[01;35m[K-Wunused-value[m[K]
[11.584s]    82 | #define trace(...) [01;35m[K42[m[K
[11.584s]       |                    [01;35m[K^~[m[K
[11.584s] [01m[K/home/aayush/newest_frenet_planner/src/frenet_planner_ported/src/../include/frenet_optimal_trajectory.hpp:82:20:[m[K [01;36m[Knote: [m[Kin definition of macro ‘[01m[Ktrace[m[K’
[11.584s]    82 | #define trace(...) [01;36m[K42[m[K
[11.585s]       |                    [01;36m[K^~[m[K
[11.585s] [01m[K/home/aayush/newest_frenet_planner/src/frenet_planner_ported/src/../include/frenet_optimal_trajectory.hpp:82:20:[m[K [01;35m[Kwarning: [m[Kstatement has no effect [[01;35m[K-Wunused-value[m[K]
[11.585s]    82 | #define trace(...) [01;35m[K42[m[K
[11.585s]       |                    [01;35m[K^~[m[K
[11.585s] [01m[K/home/aayush/newest_frenet_planner/src/frenet_planner_ported/src/../include/frenet_optimal_trajectory.hpp:82:20:[m[K [01;36m[Knote: [m[Kin definition of macro ‘[01m[Ktrace[m[K’
[11.586s]    82 | #define trace(...) [01;36m[K42[m[K
[11.586s]       |                    [01;36m[K^~[m[K
[11.586s] [01m[K/home/aayush/newest_frenet_planner/src/frenet_planner_ported/src/../include/frenet_optimal_trajectory.hpp:82:20:[m[K [01;35m[Kwarning: [m[Kstatement has no effect [[01;35m[K-Wunused-value[m[K]
[11.586s]    82 | #define trace(...) [01;35m[K42[m[K
[11.586s]       |                    [01;35m[K^~[m[K
[11.587s] [01m[K/home/aayush/newest_frenet_planner/src/frenet_planner_ported/src/../include/frenet_optimal_trajectory.hpp:82:20:[m[K [01;36m[Knote: [m[Kin definition of macro ‘[01m[Ktrace[m[K’
[11.587s]    82 | #define trace(...) [01;36m[K42[m[K
[11.587s]       |                    [01;36m[K^~[m[K
[11.587s] [01m[K/home/aayush/newest_frenet_planner/src/frenet_planner_ported/src/../include/frenet_optimal_trajectory.hpp:82:20:[m[K [01;35m[Kwarning: [m[Kstatement has no effect [[01;35m[K-Wunused-value[m[K]
[11.587s]    82 | #define trace(...) [01;35m[K42[m[K
[11.588s]       |                    [01;35m[K^~[m[K
[11.588s] [01m[K/home/aayush/newest_frenet_planner/src/frenet_planner_ported/src/../include/frenet_optimal_trajectory.hpp:82:20:[m[K [01;36m[Knote: [m[Kin definition of macro ‘[01m[Ktrace[m[K’
[11.588s]    82 | #define trace(...) [01;36m[K42[m[K
[11.588s]       |                    [01;36m[K^~[m[K
[13.211s] make[2]: *** [CMakeFiles/frenet_ros_obst.dir/build.make:76: CMakeFiles/frenet_ros_obst.dir/src/frenet_planner.cpp.o] Error 1
[13.211s] make[1]: *** [CMakeFiles/Makefile2:78: CMakeFiles/frenet_ros_obst.dir/all] Error 2
[13.212s] make: *** [Makefile:141: all] Error 2
[13.225s] Invoked command in '/home/aayush/newest_frenet_planner/build/frenet_planner_ported' returned '2': CMAKE_PREFIX_PATH=${CMAKE_PREFIX_PATH}:/home/aayush/newest_frenet_planner/install/dummy:/opt/ros/foxy /usr/bin/cmake --build /home/aayush/newest_frenet_planner/build/frenet_planner_ported -- -j2 -l2
