[0.875s] Invoking command in '/home/aayush/newest_frenet_planner/build/frenet_planner_ported': CMAKE_PREFIX_PATH=${CMAKE_PREFIX_PATH}:/home/aayush/newest_frenet_planner/install/dummy:/opt/ros/foxy /usr/bin/cmake --build /home/aayush/newest_frenet_planner/build/frenet_planner_ported -- -j2 -l2
[1.479s] [35m[1mScanning dependencies of target frenet_ros_obst[0m
[1.769s] [ 20%] [32mBuilding CXX object CMakeFiles/frenet_ros_obst.dir/src/frenet_ros_obst.cpp.o[0m
[1.788s] [ 40%] [32mBuilding CXX object CMakeFiles/frenet_ros_obst.dir/src/frenet_planner.cpp.o[0m
[9.538s] In file included from [01m[K/home/aayush/newest_frenet_planner/src/frenet_planner_ported/src/frenet_planner.cpp:8[m[K:
[9.538s] [01m[K/home/aayush/newest_frenet_planner/src/frenet_planner_ported/./include/matplotlibcpp.hpp:314:36:[m[K [01;35m[Kwarning: [m[Kstatic_assert without a message only available with ‘[01m[K-std=c++17[m[K’ or ‘[01m[K-std=gnu++17[m[K’ [[01;35m[K-Wpedantic[m[K]
[9.538s]   314 | static_assert(sizeof(long long) == [01;35m[K8[m[K);
[9.538s]       |                                    [01;35m[K^[m[K
[9.539s] [01m[K/home/aayush/newest_frenet_planner/src/frenet_planner_ported/./include/matplotlibcpp.hpp:316:45:[m[K [01;35m[Kwarning: [m[Kstatic_assert without a message only available with ‘[01m[K-std=c++17[m[K’ or ‘[01m[K-std=gnu++17[m[K’ [[01;35m[K-Wpedantic[m[K]
[9.539s]   316 | static_assert(sizeof(unsigned long long) == [01;35m[K8[m[K);
[9.540s]       |                                             [01;35m[K^[m[K
[11.933s] In file included from [01m[K/home/aayush/newest_frenet_planner/src/frenet_planner_ported/src/../include/../include/frenet_class.hpp:11[m[K,
[11.933s]                  from [01m[K/home/aayush/newest_frenet_planner/src/frenet_planner_ported/src/../include/frenet_optimal_trajectory.hpp:6[m[K,
[11.933s]                  from [01m[K/home/aayush/newest_frenet_planner/src/frenet_planner_ported/src/frenet_ros_obst.cpp:2[m[K:
[11.934s] [01m[K/home/aayush/newest_frenet_planner/src/frenet_planner_ported/./include/matplotlibcpp.hpp:314:36:[m[K [01;35m[Kwarning: [m[Kstatic_assert without a message only available with ‘[01m[K-std=c++17[m[K’ or ‘[01m[K-std=gnu++17[m[K’ [[01;35m[K-Wpedantic[m[K]
[11.934s]   314 | static_assert(sizeof(long long) == [01;35m[K8[m[K);
[11.934s]       |                                    [01;35m[K^[m[K
[11.935s] [01m[K/home/aayush/newest_frenet_planner/src/frenet_planner_ported/./include/matplotlibcpp.hpp:316:45:[m[K [01;35m[Kwarning: [m[Kstatic_assert without a message only available with ‘[01m[K-std=c++17[m[K’ or ‘[01m[K-std=gnu++17[m[K’ [[01;35m[K-Wpedantic[m[K]
[11.935s]   316 | static_assert(sizeof(unsigned long long) == [01;35m[K8[m[K);
[11.935s]       |                                             [01;35m[K^[m[K
[12.670s] In file included from [01m[K/home/aayush/newest_frenet_planner/src/frenet_planner_ported/src/../include/frenet_optimal_trajectory.hpp:6[m[K,
[12.670s]                  from [01m[K/home/aayush/newest_frenet_planner/src/frenet_planner_ported/src/frenet_ros_obst.cpp:2[m[K:
[12.671s] [01m[K/home/aayush/newest_frenet_planner/src/frenet_planner_ported/src/../include/../include/frenet_class.hpp:129:81:[m[K [01;35m[Kwarning: [m[K‘[01m[Kgeometry_msgs::msg::PolygonStamped_<std::allocator<void> >::ConstPtr[m[K’ is deprecated [[01;35m[K-Wdeprecated-declarations[m[K]
[12.671s]   129 | allback(const geometry_msgs::msg::PolygonStamped::ConstPtr p[01;35m[K)[m[K
[12.671s]       |                                                             [01;35m[K^[m[K
[12.672s] 
[12.672s] In file included from [01m[K/opt/ros/foxy/include/geometry_msgs/msg/polygon_stamped.hpp:7[m[K,
[12.672s]                  from [01m[K/home/aayush/newest_frenet_planner/src/frenet_planner_ported/src/../include/../include/parameters.hpp:5[m[K,
[12.673s]                  from [01m[K/home/aayush/newest_frenet_planner/src/frenet_planner_ported/src/../include/frenet_optimal_trajectory.hpp:5[m[K,
[12.673s]                  from [01m[K/home/aayush/newest_frenet_planner/src/frenet_planner_ported/src/frenet_ros_obst.cpp:2[m[K:
[12.673s] [01m[K/opt/ros/foxy/include/geometry_msgs/msg/detail/polygon_stamped__struct.hpp:114:5:[m[K [01;36m[Knote: [m[Kdeclared here
[12.674s]   114 |     [01;36m[KConstPtr[m[K;
[12.674s]       |     [01;36m[K^~~~~~~~[m[K
[12.674s] In file included from [01m[K/home/aayush/newest_frenet_planner/src/frenet_planner_ported/src/../include/frenet_optimal_trajectory.hpp:6[m[K,
[12.674s]                  from [01m[K/home/aayush/newest_frenet_planner/src/frenet_planner_ported/src/frenet_ros_obst.cpp:2[m[K:
[12.675s] [01m[K/home/aayush/newest_frenet_planner/src/frenet_planner_ported/src/../include/../include/frenet_class.hpp:135:67:[m[K [01;35m[Kwarning: [m[K‘[01m[Knav_msgs::msg::Odometry_<std::allocator<void> >::ConstPtr[m[K’ is deprecated [[01;35m[K-Wdeprecated-declarations[m[K]
[12.675s]   135 |     void odom_callback(const nav_msgs::msg::Odometry::ConstPtr msg[01;35m[K)[m[K
[12.675s]       |                                                                   [01;35m[K^[m[K
[12.675s] In file included from [01m[K/opt/ros/foxy/include/nav_msgs/msg/odometry.hpp:7[m[K,
[12.676s]                  from [01m[K/home/aayush/newest_frenet_planner/src/frenet_planner_ported/src/../include/../include/parameters.hpp:3[m[K,
[12.676s]                  from [01m[K/home/aayush/newest_frenet_planner/src/frenet_planner_ported/src/../include/frenet_optimal_trajectory.hpp:5[m[K,
[12.676s]                  from [01m[K/home/aayush/newest_frenet_planner/src/frenet_planner_ported/src/frenet_ros_obst.cpp:2[m[K:
[12.676s] [01m[K/opt/ros/foxy/include/nav_msgs/msg/detail/odometry__struct.hpp:145:5:[m[K [01;36m[Knote: [m[Kdeclared here
[12.677s]   145 |     [01;36m[KConstPtr[m[K;
[12.677s]       |     [01;36m[K^~~~~~~~[m[K
[12.677s] In file included from [01m[K/home/aayush/newest_frenet_planner/src/frenet_planner_ported/src/../include/frenet_optimal_trajectory.hpp:6[m[K,
[12.678s]                  from [01m[K/home/aayush/newest_frenet_planner/src/frenet_planner_ported/src/frenet_ros_obst.cpp:2[m[K:
[12.678s] [01m[K/home/aayush/newest_frenet_planner/src/frenet_planner_ported/src/../include/../include/frenet_class.hpp:139:86:[m[K [01;35m[Kwarning: [m[K‘[01m[Knav_msgs::msg::OccupancyGrid_<std::allocator<void> >::ConstPtr[m[K’ is deprecated [[01;35m[K-Wdeprecated-declarations[m[K]
[12.678s]   139 | (const nav_msgs::msg::OccupancyGrid::ConstPtr occupancy_grid[01;35m[K)[m[K
[12.678s]       |                                                             [01;35m[K^[m[K
[12.679s] 
[12.686s] In file included from [01m[K/opt/ros/foxy/include/nav_msgs/msg/occupancy_grid.hpp:7[m[K,
[12.686s]                  from [01m[K/home/aayush/newest_frenet_planner/src/frenet_planner_ported/src/../include/../include/parameters.hpp:4[m[K,
[12.686s]                  from [01m[K/home/aayush/newest_frenet_planner/src/frenet_planner_ported/src/../include/frenet_optimal_trajectory.hpp:5[m[K,
[12.687s]                  from [01m[K/home/aayush/newest_frenet_planner/src/frenet_planner_ported/src/frenet_ros_obst.cpp:2[m[K:
[12.687s] [01m[K/opt/ros/foxy/include/nav_msgs/msg/detail/occupancy_grid__struct.hpp:123:5:[m[K [01;36m[Knote: [m[Kdeclared here
[12.687s]   123 |     [01;36m[KConstPtr[m[K;
[12.687s]       |     [01;36m[K^~~~~~~~[m[K
[12.853s] In file included from [01m[K/home/aayush/newest_frenet_planner/src/frenet_planner_ported/src/../include/frenet_optimal_trajectory.hpp:6[m[K,
[12.853s]                  from [01m[K/home/aayush/newest_frenet_planner/src/frenet_planner_ported/src/frenet_ros_obst.cpp:2[m[K:
[12.854s] [01m[K/home/aayush/newest_frenet_planner/src/frenet_planner_ported/src/../include/../include/frenet_class.hpp:[m[K In member function ‘[01m[Kvoid FrenetClass::costmap_callback(nav_msgs::msg::OccupancyGrid_<std::allocator<void> >::ConstPtr)[m[K’:
[12.854s] [01m[K/home/aayush/newest_frenet_planner/src/frenet_planner_ported/src/../include/../include/frenet_class.hpp:169:22:[m[K [01;35m[Kwarning: [m[Kcomparison of integer expressions of different signedness: ‘[01m[Klong int[m[K’ and ‘[01m[Kstd::vector<std::pair<double, double> >::size_type[m[K’ {aka ‘[01m[Klong unsigned int[m[K’} [[01;35m[K-Wsign-compare[m[K]
[12.854s]   169 |   for (long i = 0; [01;35m[Ki < ob1.size()[m[K; i++)
[12.855s]       |                    [01;35m[K~~^~~~~~~~~~~~[m[K
[12.856s] [01m[K/home/aayush/newest_frenet_planner/src/frenet_planner_ported/src/../include/../include/frenet_class.hpp:149:13:[m[K [01;35m[Kwarning: [m[Kunused variable ‘[01m[KstartTime1[m[K’ [[01;35m[K-Wunused-variable[m[K]
[12.856s]   149 |      double [01;35m[KstartTime1[m[K = omp_get_wtime();
[12.856s]       |             [01;35m[K^~~~~~~~~~[m[K
[12.862s] In file included from [01m[K/home/aayush/newest_frenet_planner/src/frenet_planner_ported/src/frenet_ros_obst.cpp:2[m[K:
[12.862s] [01m[K/home/aayush/newest_frenet_planner/src/frenet_planner_ported/src/../include/frenet_optimal_trajectory.hpp:[m[K In function ‘[01m[Kstd::ostream& operator<<(std::ostream&, const FrenetPath&)[m[K’:
[12.863s] [01m[K/home/aayush/newest_frenet_planner/src/frenet_planner_ported/src/../include/frenet_optimal_trajectory.hpp:80:20:[m[K [01;35m[Kwarning: [m[Kstatement has no effect [[01;35m[K-Wunused-value[m[K]
[12.863s]    80 | #define trace(...) [01;35m[K42[m[K
[12.864s]       |                    [01;35m[K^~[m[K
[12.864s] [01m[K/home/aayush/newest_frenet_planner/src/frenet_planner_ported/src/../include/frenet_optimal_trajectory.hpp:80:20:[m[K [01;36m[Knote: [m[Kin definition of macro ‘[01m[Ktrace[m[K’
[12.864s]    80 | #define trace(...) [01;36m[K42[m[K
[12.864s]       |                    [01;36m[K^~[m[K
[12.865s] [01m[K/home/aayush/newest_frenet_planner/src/frenet_planner_ported/src/../include/frenet_optimal_trajectory.hpp:80:20:[m[K [01;35m[Kwarning: [m[Kstatement has no effect [[01;35m[K-Wunused-value[m[K]
[12.865s]    80 | #define trace(...) [01;35m[K42[m[K
[12.866s]       |                    [01;35m[K^~[m[K
[12.866s] [01m[K/home/aayush/newest_frenet_planner/src/frenet_planner_ported/src/../include/frenet_optimal_trajectory.hpp:80:20:[m[K [01;36m[Knote: [m[Kin definition of macro ‘[01m[Ktrace[m[K’
[12.866s]    80 | #define trace(...) [01;36m[K42[m[K
[12.867s]       |                    [01;36m[K^~[m[K
[12.867s] [01m[K/home/aayush/newest_frenet_planner/src/frenet_planner_ported/src/../include/frenet_optimal_trajectory.hpp:80:20:[m[K [01;35m[Kwarning: [m[Kstatement has no effect [[01;35m[K-Wunused-value[m[K]
[12.867s]    80 | #define trace(...) [01;35m[K42[m[K
[12.868s]       |                    [01;35m[K^~[m[K
[12.868s] [01m[K/home/aayush/newest_frenet_planner/src/frenet_planner_ported/src/../include/frenet_optimal_trajectory.hpp:80:20:[m[K [01;36m[Knote: [m[Kin definition of macro ‘[01m[Ktrace[m[K’
[12.868s]    80 | #define trace(...) [01;36m[K42[m[K
[12.868s]       |                    [01;36m[K^~[m[K
[12.869s] [01m[K/home/aayush/newest_frenet_planner/src/frenet_planner_ported/src/../include/frenet_optimal_trajectory.hpp:80:20:[m[K [01;35m[Kwarning: [m[Kstatement has no effect [[01;35m[K-Wunused-value[m[K]
[12.869s]    80 | #define trace(...) [01;35m[K42[m[K
[12.870s]       |                    [01;35m[K^~[m[K
[12.870s] [01m[K/home/aayush/newest_frenet_planner/src/frenet_planner_ported/src/../include/frenet_optimal_trajectory.hpp:80:20:[m[K [01;36m[Knote: [m[Kin definition of macro ‘[01m[Ktrace[m[K’
[12.870s]    80 | #define trace(...) [01;36m[K42[m[K
[12.871s]       |                    [01;36m[K^~[m[K
[12.871s] [01m[K/home/aayush/newest_frenet_planner/src/frenet_planner_ported/src/../include/frenet_optimal_trajectory.hpp:80:20:[m[K [01;35m[Kwarning: [m[Kstatement has no effect [[01;35m[K-Wunused-value[m[K]
[12.871s]    80 | #define trace(...) [01;35m[K42[m[K
[12.871s]       |                    [01;35m[K^~[m[K
[12.874s] [01m[K/home/aayush/newest_frenet_planner/src/frenet_planner_ported/src/../include/frenet_optimal_trajectory.hpp:80:20:[m[K [01;36m[Knote: [m[Kin definition of macro ‘[01m[Ktrace[m[K’
[12.874s]    80 | #define trace(...) [01;36m[K42[m[K
[12.874s]       |                    [01;36m[K^~[m[K
[12.874s] [01m[K/home/aayush/newest_frenet_planner/src/frenet_planner_ported/src/../include/frenet_optimal_trajectory.hpp:80:20:[m[K [01;35m[Kwarning: [m[Kstatement has no effect [[01;35m[K-Wunused-value[m[K]
[12.875s]    80 | #define trace(...) [01;35m[K42[m[K
[12.875s]       |                    [01;35m[K^~[m[K
[12.875s] [01m[K/home/aayush/newest_frenet_planner/src/frenet_planner_ported/src/../include/frenet_optimal_trajectory.hpp:80:20:[m[K [01;36m[Knote: [m[Kin definition of macro ‘[01m[Ktrace[m[K’
[12.875s]    80 | #define trace(...) [01;36m[K42[m[K
[12.875s]       |                    [01;36m[K^~[m[K
[12.876s] [01m[K/home/aayush/newest_frenet_planner/src/frenet_planner_ported/src/../include/frenet_optimal_trajectory.hpp:80:20:[m[K [01;35m[Kwarning: [m[Kstatement has no effect [[01;35m[K-Wunused-value[m[K]
[12.876s]    80 | #define trace(...) [01;35m[K42[m[K
[12.876s]       |                    [01;35m[K^~[m[K
[12.876s] [01m[K/home/aayush/newest_frenet_planner/src/frenet_planner_ported/src/../include/frenet_optimal_trajectory.hpp:80:20:[m[K [01;36m[Knote: [m[Kin definition of macro ‘[01m[Ktrace[m[K’
[12.877s]    80 | #define trace(...) [01;36m[K42[m[K
[12.877s]       |                    [01;36m[K^~[m[K
[12.877s] [01m[K/home/aayush/newest_frenet_planner/src/frenet_planner_ported/src/../include/frenet_optimal_trajectory.hpp:80:20:[m[K [01;35m[Kwarning: [m[Kstatement has no effect [[01;35m[K-Wunused-value[m[K]
[12.877s]    80 | #define trace(...) [01;35m[K42[m[K
[12.877s]       |                    [01;35m[K^~[m[K
[12.878s] [01m[K/home/aayush/newest_frenet_planner/src/frenet_planner_ported/src/../include/frenet_optimal_trajectory.hpp:80:20:[m[K [01;36m[Knote: [m[Kin definition of macro ‘[01m[Ktrace[m[K’
[12.878s]    80 | #define trace(...) [01;36m[K42[m[K
[12.878s]       |                    [01;36m[K^~[m[K
[12.878s] [01m[K/home/aayush/newest_frenet_planner/src/frenet_planner_ported/src/../include/frenet_optimal_trajectory.hpp:80:20:[m[K [01;35m[Kwarning: [m[Kstatement has no effect [[01;35m[K-Wunused-value[m[K]
[12.878s]    80 | #define trace(...) [01;35m[K42[m[K
[12.879s]       |                    [01;35m[K^~[m[K
[12.879s] [01m[K/home/aayush/newest_frenet_planner/src/frenet_planner_ported/src/../include/frenet_optimal_trajectory.hpp:80:20:[m[K [01;36m[Knote: [m[Kin definition of macro ‘[01m[Ktrace[m[K’
[12.879s]    80 | #define trace(...) [01;36m[K42[m[K
[12.879s]       |                    [01;36m[K^~[m[K
[12.888s] [01m[K/home/aayush/newest_frenet_planner/src/frenet_planner_ported/src/../include/frenet_optimal_trajectory.hpp:80:20:[m[K [01;35m[Kwarning: [m[Kstatement has no effect [[01;35m[K-Wunused-value[m[K]
[12.888s]    80 | #define trace(...) [01;35m[K42[m[K
[12.888s]       |                    [01;35m[K^~[m[K
[12.888s] [01m[K/home/aayush/newest_frenet_planner/src/frenet_planner_ported/src/../include/frenet_optimal_trajectory.hpp:80:20:[m[K [01;36m[Knote: [m[Kin definition of macro ‘[01m[Ktrace[m[K’
[12.889s]    80 | #define trace(...) [01;36m[K42[m[K
[12.889s]       |                    [01;36m[K^~[m[K
[12.889s] [01m[K/home/aayush/newest_frenet_planner/src/frenet_planner_ported/src/../include/frenet_optimal_trajectory.hpp:80:20:[m[K [01;35m[Kwarning: [m[Kstatement has no effect [[01;35m[K-Wunused-value[m[K]
[12.889s]    80 | #define trace(...) [01;35m[K42[m[K
[12.889s]       |                    [01;35m[K^~[m[K
[12.890s] [01m[K/home/aayush/newest_frenet_planner/src/frenet_planner_ported/src/../include/frenet_optimal_trajectory.hpp:80:20:[m[K [01;36m[Knote: [m[Kin definition of macro ‘[01m[Ktrace[m[K’
[12.890s]    80 | #define trace(...) [01;36m[K42[m[K
[12.890s]       |                    [01;36m[K^~[m[K
[12.890s] [01m[K/home/aayush/newest_frenet_planner/src/frenet_planner_ported/src/../include/frenet_optimal_trajectory.hpp:80:20:[m[K [01;35m[Kwarning: [m[Kstatement has no effect [[01;35m[K-Wunused-value[m[K]
[12.890s]    80 | #define trace(...) [01;35m[K42[m[K
[12.891s]       |                    [01;35m[K^~[m[K
[12.891s] [01m[K/home/aayush/newest_frenet_planner/src/frenet_planner_ported/src/../include/frenet_optimal_trajectory.hpp:80:20:[m[K [01;36m[Knote: [m[Kin definition of macro ‘[01m[Ktrace[m[K’
[12.891s]    80 | #define trace(...) [01;36m[K42[m[K
[12.891s]       |                    [01;36m[K^~[m[K
[12.891s] [01m[K/home/aayush/newest_frenet_planner/src/frenet_planner_ported/src/../include/frenet_optimal_trajectory.hpp:80:20:[m[K [01;35m[Kwarning: [m[Kstatement has no effect [[01;35m[K-Wunused-value[m[K]
[12.892s]    80 | #define trace(...) [01;35m[K42[m[K
[12.892s]       |                    [01;35m[K^~[m[K
[12.892s] [01m[K/home/aayush/newest_frenet_planner/src/frenet_planner_ported/src/../include/frenet_optimal_trajectory.hpp:80:20:[m[K [01;36m[Knote: [m[Kin definition of macro ‘[01m[Ktrace[m[K’
[12.892s]    80 | #define trace(...) [01;36m[K42[m[K
[12.892s]       |                    [01;36m[K^~[m[K
[12.893s] [01m[K/home/aayush/newest_frenet_planner/src/frenet_planner_ported/src/../include/frenet_optimal_trajectory.hpp:81:59:[m[K [01;35m[Kwarning: [m[Kunused parameter ‘[01m[Kfp[m[K’ [[01;35m[K-Wunused-parameter[m[K]
[12.893s]    81 | inline ostream& operator<<(ostream& os, [01;35m[Kconst FrenetPath& fp[m[K)
[12.893s]       |                                         [01;35m[K~~~~~~~~~~~~~~~~~~^~[m[K
[12.893s] [01m[K/home/aayush/newest_frenet_planner/src/frenet_planner_ported/src/frenet_ros_obst.cpp:[m[K In function ‘[01m[Kdouble get_bot_yaw()[m[K’:
[12.894s] [01m[K/home/aayush/newest_frenet_planner/src/frenet_planner_ported/src/../include/frenet_optimal_trajectory.hpp:80:20:[m[K [01;35m[Kwarning: [m[Kstatement has no effect [[01;35m[K-Wunused-value[m[K]
[12.894s]    80 | #define trace(...) [01;35m[K42[m[K
[12.894s]       |                    [01;35m[K^~[m[K
[12.894s] [01m[K/home/aayush/newest_frenet_planner/src/frenet_planner_ported/src/../include/frenet_optimal_trajectory.hpp:80:20:[m[K [01;36m[Knote: [m[Kin definition of macro ‘[01m[Ktrace[m[K’
[12.894s]    80 | #define trace(...) [01;36m[K42[m[K
[12.895s]       |                    [01;36m[K^~[m[K
[12.905s] [01m[K/home/aayush/newest_frenet_planner/src/frenet_planner_ported/src/frenet_ros_obst.cpp:[m[K In function ‘[01m[Kvoid initial_conditions_path(Spline2D&, double&, double&, double&, double&, double&, double&, FrenetPath&)[m[K’:
[12.905s] [01m[K/home/aayush/newest_frenet_planner/src/frenet_planner_ported/src/frenet_ros_obst.cpp:56:40:[m[K [01;35m[Kwarning: [m[Kunused parameter ‘[01m[Kcsp[m[K’ [[01;35m[K-Wunused-parameter[m[K]
[12.905s]    56 | void initial_conditions_path([01;35m[KSpline2D &csp[m[K, double &s0, double &c_speed, double &c_d, double &c_d_d,
[12.906s]       |                              [01;35m[K~~~~~~~~~~^~~[m[K
[12.906s] In file included from [01m[K/home/aayush/newest_frenet_planner/src/frenet_planner_ported/src/frenet_ros_obst.cpp:2[m[K:
[12.906s] [01m[K/home/aayush/newest_frenet_planner/src/frenet_planner_ported/src/frenet_ros_obst.cpp:[m[K In function ‘[01m[Kint initial_conditions_new(Spline2D&, vecD&, vecD&, vecD&, vecD&, vecD&, double&, double&, double&, double&, double&, double&, FrenetPath&)[m[K’:
[12.906s] [01m[K/home/aayush/newest_frenet_planner/src/frenet_planner_ported/src/../include/frenet_optimal_trajectory.hpp:80:20:[m[K [01;35m[Kwarning: [m[Kstatement has no effect [[01;35m[K-Wunused-value[m[K]
[12.907s]    80 | #define trace(...) [01;35m[K42[m[K
[12.907s]       |                    [01;35m[K^~[m[K
[12.907s] [01m[K/home/aayush/newest_frenet_planner/src/frenet_planner_ported/src/../include/frenet_optimal_trajectory.hpp:80:20:[m[K [01;36m[Knote: [m[Kin definition of macro ‘[01m[Ktrace[m[K’
[12.907s]    80 | #define trace(...) [01;36m[K42[m[K
[12.907s]       |                    [01;36m[K^~[m[K
[12.908s] [01m[K/home/aayush/newest_frenet_planner/src/frenet_planner_ported/src/../include/frenet_optimal_trajectory.hpp:80:20:[m[K [01;35m[Kwarning: [m[Kstatement has no effect [[01;35m[K-Wunused-value[m[K]
[12.908s]    80 | #define trace(...) [01;35m[K42[m[K
[12.908s]       |                    [01;35m[K^~[m[K
[12.908s] [01m[K/home/aayush/newest_frenet_planner/src/frenet_planner_ported/src/../include/frenet_optimal_trajectory.hpp:80:20:[m[K [01;36m[Knote: [m[Kin definition of macro ‘[01m[Ktrace[m[K’
[12.908s]    80 | #define trace(...) [01;36m[K42[m[K
[12.909s]       |                    [01;36m[K^~[m[K
[12.909s] [01m[K/home/aayush/newest_frenet_planner/src/frenet_planner_ported/src/frenet_ros_obst.cpp:72:38:[m[K [01;35m[Kwarning: [m[Kunused parameter ‘[01m[Kcsp[m[K’ [[01;35m[K-Wunused-parameter[m[K]
[12.909s]    72 | int initial_conditions_new([01;35m[KSpline2D &csp[m[K, vecD &global_s, vecD &global_x, vecD &global_y,
[12.909s]       |                            [01;35m[K~~~~~~~~~~^~~[m[K
[12.931s] In file included from [01m[K/home/aayush/newest_frenet_planner/src/frenet_planner_ported/src/frenet_ros_obst.cpp:2[m[K:
[12.931s] [01m[K/home/aayush/newest_frenet_planner/src/frenet_planner_ported/src/frenet_ros_obst.cpp:[m[K In function ‘[01m[Kint main(int, char**)[m[K’:
[12.932s] [01m[K/home/aayush/newest_frenet_planner/src/frenet_planner_ported/src/../include/frenet_optimal_trajectory.hpp:80:20:[m[K [01;35m[Kwarning: [m[Kstatement has no effect [[01;35m[K-Wunused-value[m[K]
[12.932s]    80 | #define trace(...) [01;35m[K42[m[K
[12.932s]       |                    [01;35m[K^~[m[K
[12.933s] [01m[K/home/aayush/newest_frenet_planner/src/frenet_planner_ported/src/../include/frenet_optimal_trajectory.hpp:80:20:[m[K [01;36m[Knote: [m[Kin definition of macro ‘[01m[Ktrace[m[K’
[12.933s]    80 | #define trace(...) [01;36m[K42[m[K
[12.933s]       |                    [01;36m[K^~[m[K
[12.935s] [01m[K/home/aayush/newest_frenet_planner/src/frenet_planner_ported/src/frenet_ros_obst.cpp:221:83:[m[K [01;31m[Kerror: [m[Kuse of deleted function ‘[01m[KFrenetPath::FrenetPath(const FrenetPath&)[m[K’
[12.935s]   221 | l_planning(csp, s0, c_speed, c_d, c_d_d, c_d_dd, lp, bot_yaw[01;31m[K)[m[K;
[12.936s]       |                                                             [01;31m[K^[m[K
[12.936s] 
[12.936s] In file included from [01m[K/home/aayush/newest_frenet_planner/src/frenet_planner_ported/src/frenet_ros_obst.cpp:2[m[K:
[12.936s] [01m[K/home/aayush/newest_frenet_planner/src/frenet_planner_ported/src/../include/frenet_optimal_trajectory.hpp:9:7:[m[K [01;36m[Knote: [m[K‘[01m[KFrenetPath::FrenetPath(const FrenetPath&)[m[K’ is implicitly deleted because the default definition would be ill-formed:
[12.937s]     9 | class [01;36m[KFrenetPath[m[K: public FrenetClass{
[12.937s]       |       [01;36m[K^~~~~~~~~~[m[K
[12.937s] [01m[K/home/aayush/newest_frenet_planner/src/frenet_planner_ported/src/../include/frenet_optimal_trajectory.hpp:9:7:[m[K [01;31m[Kerror: [m[Kuse of deleted function ‘[01m[KFrenetClass::FrenetClass(const FrenetClass&)[m[K’
[12.937s] In file included from [01m[K/home/aayush/newest_frenet_planner/src/frenet_planner_ported/src/../include/frenet_optimal_trajectory.hpp:6[m[K,
[12.938s]                  from [01m[K/home/aayush/newest_frenet_planner/src/frenet_planner_ported/src/frenet_ros_obst.cpp:2[m[K:
[12.938s] [01m[K/home/aayush/newest_frenet_planner/src/frenet_planner_ported/src/../include/../include/frenet_class.hpp:55:7:[m[K [01;36m[Knote: [m[K‘[01m[KFrenetClass::FrenetClass(const FrenetClass&)[m[K’ is implicitly deleted because the default definition would be ill-formed:
[12.938s]    55 | class [01;36m[KFrenetClass[m[K : public rclcpp::Node {
[12.939s]       |       [01;36m[K^~~~~~~~~~~[m[K
[12.939s] [01m[K/home/aayush/newest_frenet_planner/src/frenet_planner_ported/src/../include/../include/frenet_class.hpp:55:7:[m[K [01;31m[Kerror: [m[Kuse of deleted function ‘[01m[Krclcpp::Node::Node(const rclcpp::Node&)[m[K’
[12.939s] In file included from [01m[K/opt/ros/foxy/include/rclcpp/context.hpp:33[m[K,
[12.939s]                  from [01m[K/opt/ros/foxy/include/rclcpp/contexts/default_context.hpp:18[m[K,
[12.940s]                  from [01m[K/opt/ros/foxy/include/rclcpp/executor.hpp:32[m[K,
[12.940s]                  from [01m[K/opt/ros/foxy/include/rclcpp/executors/multi_threaded_executor.hpp:25[m[K,
[12.940s]                  from [01m[K/opt/ros/foxy/include/rclcpp/executors.hpp:21[m[K,
[12.940s]                  from [01m[K/opt/ros/foxy/include/rclcpp/rclcpp.hpp:146[m[K,
[12.941s]                  from [01m[K/home/aayush/newest_frenet_planner/src/frenet_planner_ported/src/../include/../include/frenet_class.hpp:4[m[K,
[12.941s]                  from [01m[K/home/aayush/newest_frenet_planner/src/frenet_planner_ported/src/../include/frenet_optimal_trajectory.hpp:6[m[K,
[12.941s]                  from [01m[K/home/aayush/newest_frenet_planner/src/frenet_planner_ported/src/frenet_ros_obst.cpp:2[m[K:
[12.941s] [01m[K/opt/ros/foxy/include/rclcpp/node.hpp:1195:3:[m[K [01;36m[Knote: [m[Kdeclared here
[12.942s]  1195 |   [01;36m[KRCLCPP_DISABLE_COPY[m[K(Node)
[12.942s]       |   [01;36m[K^~~~~~~~~~~~~~~~~~~[m[K
[12.956s] In file included from [01m[K/home/aayush/newest_frenet_planner/src/frenet_planner_ported/src/frenet_ros_obst.cpp:2[m[K:
[12.956s] [01m[K/home/aayush/newest_frenet_planner/src/frenet_planner_ported/src/../include/frenet_optimal_trajectory.hpp:68:86:[m[K [01;36m[Knote: [m[K  initializing argument 7 of ‘[01m[KFrenetPath frenet_optimal_planning(Spline2D, double, double, double, double, double, FrenetPath, double)[m[K’
[12.957s]    68 | optimal_planning(Spline2D, double, double, double, double, double, [01;36m[KFrenetPath[m[K,
[12.957s]       |                                                                    [01;36m[K^~~~~~~~~~[m[K
[12.957s] 
[12.958s] In file included from [01m[K/home/aayush/newest_frenet_planner/src/frenet_planner_ported/src/../include/frenet_optimal_trajectory.hpp:6[m[K,
[12.958s]                  from [01m[K/home/aayush/newest_frenet_planner/src/frenet_planner_ported/src/frenet_planner.cpp:10[m[K:
[12.958s] [01m[K/home/aayush/newest_frenet_planner/src/frenet_planner_ported/src/../include/../include/frenet_class.hpp:129:81:[m[K [01;35m[Kwarning: [m[K‘[01m[Kgeometry_msgs::msg::PolygonStamped_<std::allocator<void> >::ConstPtr[m[K’ is deprecated [[01;35m[K-Wdeprecated-declarations[m[K]
[12.958s]   129 |     void footprint_callback(const geometry_msgs::msg::PolygonStamped::ConstPtr p[01;35m[K)[m[K
[12.959s]       |                                                                                 [01;35m[K^[m[K
[12.959s] In file included from [01m[K/opt/ros/foxy/include/geometry_msgs/msg/polygon_stamped.hpp:7[m[K,
[12.959s]                  from [01m[K/home/aayush/newest_frenet_planner/src/frenet_planner_ported/src/frenet_planner.cpp:6[m[K:
[12.960s] [01m[K/opt/ros/foxy/include/geometry_msgs/msg/detail/polygon_stamped__struct.hpp:114:5:[m[K [01;36m[Knote: [m[Kdeclared here
[12.960s]   114 |     [01;36m[KConstPtr[m[K;
[12.961s]       |     [01;36m[K^~~~~~~~[m[K
[12.961s] In file included from [01m[K/home/aayush/newest_frenet_planner/src/frenet_planner_ported/src/../include/frenet_optimal_trajectory.hpp:6[m[K,
[12.961s]                  from [01m[K/home/aayush/newest_frenet_planner/src/frenet_planner_ported/src/frenet_planner.cpp:10[m[K:
[12.961s] [01m[K/home/aayush/newest_frenet_planner/src/frenet_planner_ported/src/../include/../include/frenet_class.hpp:135:67:[m[K [01;35m[Kwarning: [m[K‘[01m[Knav_msgs::msg::Odometry_<std::allocator<void> >::ConstPtr[m[K’ is deprecated [[01;35m[K-Wdeprecated-declarations[m[K]
[12.962s]   135 |     void odom_callback(const nav_msgs::msg::Odometry::ConstPtr msg[01;35m[K)[m[K
[12.962s]       |                                                                   [01;35m[K^[m[K
[12.962s] In file included from [01m[K/opt/ros/foxy/include/nav_msgs/msg/odometry.hpp:7[m[K,
[12.963s]                  from [01m[K/home/aayush/newest_frenet_planner/src/frenet_planner_ported/src/frenet_planner.cpp:4[m[K:
[12.963s] [01m[K/opt/ros/foxy/include/nav_msgs/msg/detail/odometry__struct.hpp:145:5:[m[K [01;36m[Knote: [m[Kdeclared here
[12.963s]   145 |     [01;36m[KConstPtr[m[K;
[12.963s]       |     [01;36m[K^~~~~~~~[m[K
[12.964s] In file included from [01m[K/home/aayush/newest_frenet_planner/src/frenet_planner_ported/src/../include/frenet_optimal_trajectory.hpp:6[m[K,
[12.964s]                  from [01m[K/home/aayush/newest_frenet_planner/src/frenet_planner_ported/src/frenet_planner.cpp:10[m[K:
[12.964s] [01m[K/home/aayush/newest_frenet_planner/src/frenet_planner_ported/src/../include/../include/frenet_class.hpp:139:86:[m[K [01;35m[Kwarning: [m[K‘[01m[Knav_msgs::msg::OccupancyGrid_<std::allocator<void> >::ConstPtr[m[K’ is deprecated [[01;35m[K-Wdeprecated-declarations[m[K]
[12.964s]   139 |     void costmap_callback(const nav_msgs::msg::OccupancyGrid::ConstPtr occupancy_grid[01;35m[K)[m[K
[12.964s]       |                                                                                      [01;35m[K^[m[K
[12.965s] In file included from [01m[K/opt/ros/foxy/include/nav_msgs/msg/occupancy_grid.hpp:7[m[K,
[12.965s]                  from [01m[K/home/aayush/newest_frenet_planner/src/frenet_planner_ported/src/frenet_planner.cpp:5[m[K:
[12.965s] [01m[K/opt/ros/foxy/include/nav_msgs/msg/detail/occupancy_grid__struct.hpp:123:5:[m[K [01;36m[Knote: [m[Kdeclared here
[12.965s]   123 |     [01;36m[KConstPtr[m[K;
[12.966s]       |     [01;36m[K^~~~~~~~[m[K
[12.966s] [01m[K/home/aayush/newest_frenet_planner/src/frenet_planner_ported/src/frenet_ros_obst.cpp:242:8:[m[K [01;31m[Kerror: [m[Kuse of deleted function ‘[01m[KFrenetPath& FrenetPath::operator=(const FrenetPath&)[m[K’
[12.966s]   242 |   lp = [01;31m[Kpath[m[K;
[12.966s]       |        [01;31m[K^~~~[m[K
[12.966s] In file included from [01m[K/home/aayush/newest_frenet_planner/src/frenet_planner_ported/src/frenet_ros_obst.cpp:2[m[K:
[12.967s] [01m[K/home/aayush/newest_frenet_planner/src/frenet_planner_ported/src/../include/frenet_optimal_trajectory.hpp:9:7:[m[K [01;36m[Knote: [m[K‘[01m[KFrenetPath& FrenetPath::operator=(const FrenetPath&)[m[K’ is implicitly deleted because the default definition would be ill-formed:
[12.967s]     9 | class [01;36m[KFrenetPath[m[K: public FrenetClass{
[12.967s]       |       [01;36m[K^~~~~~~~~~[m[K
[12.967s] [01m[K/home/aayush/newest_frenet_planner/src/frenet_planner_ported/src/../include/frenet_optimal_trajectory.hpp:9:7:[m[K [01;31m[Kerror: [m[Kuse of deleted function ‘[01m[KFrenetClass& FrenetClass::operator=(const FrenetClass&)[m[K’
[12.967s] In file included from [01m[K/home/aayush/newest_frenet_planner/src/frenet_planner_ported/src/../include/frenet_optimal_trajectory.hpp:6[m[K,
[12.968s]                  from [01m[K/home/aayush/newest_frenet_planner/src/frenet_planner_ported/src/frenet_ros_obst.cpp:2[m[K:
[12.968s] [01m[K/home/aayush/newest_frenet_planner/src/frenet_planner_ported/src/../include/../include/frenet_class.hpp:55:7:[m[K [01;36m[Knote: [m[K‘[01m[KFrenetClass& FrenetClass::operator=(const FrenetClass&)[m[K’ is implicitly deleted because the default definition would be ill-formed:
[12.968s]    55 | class [01;36m[KFrenetClass[m[K : public rclcpp::Node {
[12.968s]       |       [01;36m[K^~~~~~~~~~~[m[K
[12.968s] [01m[K/home/aayush/newest_frenet_planner/src/frenet_planner_ported/src/../include/../include/frenet_class.hpp:55:7:[m[K [01;31m[Kerror: [m[Kuse of deleted function ‘[01m[Krclcpp::Node& rclcpp::Node::operator=(const rclcpp::Node&)[m[K’
[12.978s] In file included from [01m[K/opt/ros/foxy/include/rclcpp/context.hpp:33[m[K,
[12.978s]                  from [01m[K/opt/ros/foxy/include/rclcpp/contexts/default_context.hpp:18[m[K,
[12.978s]                  from [01m[K/opt/ros/foxy/include/rclcpp/executor.hpp:32[m[K,
[12.978s]                  from [01m[K/opt/ros/foxy/include/rclcpp/executors/multi_threaded_executor.hpp:25[m[K,
[12.979s]                  from [01m[K/opt/ros/foxy/include/rclcpp/executors.hpp:21[m[K,
[12.979s]                  from [01m[K/opt/ros/foxy/include/rclcpp/rclcpp.hpp:146[m[K,
[12.979s]                  from [01m[K/home/aayush/newest_frenet_planner/src/frenet_planner_ported/src/../include/../include/frenet_class.hpp:4[m[K,
[12.980s]                  from [01m[K/home/aayush/newest_frenet_planner/src/frenet_planner_ported/src/../include/frenet_optimal_trajectory.hpp:6[m[K,
[12.980s]                  from [01m[K/home/aayush/newest_frenet_planner/src/frenet_planner_ported/src/frenet_ros_obst.cpp:2[m[K:
[12.980s] [01m[K/opt/ros/foxy/include/rclcpp/node.hpp:1195:3:[m[K [01;36m[Knote: [m[Kdeclared here
[12.980s]  1195 |   [01;36m[KRCLCPP_DISABLE_COPY[m[K(Node)
[12.981s]       |   [01;36m[K^~~~~~~~~~~~~~~~~~~[m[K
[13.037s] [01m[K/home/aayush/newest_frenet_planner/src/frenet_planner_ported/src/frenet_ros_obst.cpp:175:10:[m[K [01;35m[Kwarning: [m[Kunused variable ‘[01m[KstartTime1[m[K’ [[01;35m[K-Wunused-variable[m[K]
[13.038s]   175 |   double [01;35m[KstartTime1[m[K = omp_get_wtime();
[13.038s]       |          [01;35m[K^~~~~~~~~~[m[K
[13.039s] [01m[K/home/aayush/newest_frenet_planner/src/frenet_planner_ported/src/frenet_ros_obst.cpp:194:10:[m[K [01;35m[Kwarning: [m[Kunused variable ‘[01m[KendTime1[m[K’ [[01;35m[K-Wunused-variable[m[K]
[13.039s]   194 |   double [01;35m[KendTime1[m[K = omp_get_wtime();
[13.039s]       |          [01;35m[K^~~~~~~~[m[K
[13.040s] [01m[K/home/aayush/newest_frenet_planner/src/frenet_planner_ported/src/frenet_ros_obst.cpp:273:10:[m[K [01;35m[Kwarning: [m[Kunused variable ‘[01m[KstartTime3[m[K’ [[01;35m[K-Wunused-variable[m[K]
[13.040s]   273 |   double [01;35m[KstartTime3[m[K = omp_get_wtime();
[13.040s]       |          [01;35m[K^~~~~~~~~~[m[K
[13.040s] [01m[K/home/aayush/newest_frenet_planner/src/frenet_planner_ported/src/frenet_ros_obst.cpp:276:10:[m[K [01;35m[Kwarning: [m[Kunused variable ‘[01m[KendTime3[m[K’ [[01;35m[K-Wunused-variable[m[K]
[13.041s]   276 |   double [01;35m[KendTime3[m[K = omp_get_wtime();
[13.041s]       |          [01;35m[K^~~~~~~~[m[K
[13.041s] [01m[K/home/aayush/newest_frenet_planner/src/frenet_planner_ported/src/frenet_ros_obst.cpp:131:7:[m[K [01;35m[Kwarning: [m[Kunused variable ‘[01m[KgotOdom[m[K’ [[01;35m[K-Wunused-variable[m[K]
[13.041s]   131 |  bool [01;35m[KgotOdom[m[K = false;
[13.042s]       |       [01;35m[K^~~~~~~[m[K
[13.042s] [01m[K/home/aayush/newest_frenet_planner/src/frenet_planner_ported/src/frenet_ros_obst.cpp:165:9:[m[K [01;35m[Kwarning: [m[Kunused variable ‘[01m[Kpltbasetime[m[K’ [[01;35m[K-Wunused-variable[m[K]
[13.042s]   165 |  double [01;35m[Kpltbasetime[m[K = omp_get_wtime();
[13.043s]       |         [01;35m[K^~~~~~~~~~~[m[K
[13.043s] [01m[K/home/aayush/newest_frenet_planner/src/frenet_planner_ported/src/frenet_ros_obst.cpp:167:6:[m[K [01;35m[Kwarning: [m[Kunused variable ‘[01m[Kiteration_count[m[K’ [[01;35m[K-Wunused-variable[m[K]
[13.043s]   167 |  int [01;35m[Kiteration_count[m[K = 1;
[13.044s]       |      [01;35m[K^~~~~~~~~~~~~~~[m[K
[13.148s] In file included from [01m[K/home/aayush/newest_frenet_planner/src/frenet_planner_ported/src/../include/frenet_optimal_trajectory.hpp:6[m[K,
[13.148s]                  from [01m[K/home/aayush/newest_frenet_planner/src/frenet_planner_ported/src/frenet_planner.cpp:10[m[K:
[13.149s] [01m[K/home/aayush/newest_frenet_planner/src/frenet_planner_ported/src/../include/../include/frenet_class.hpp:[m[K In member function ‘[01m[Kvoid FrenetClass::costmap_callback(nav_msgs::msg::OccupancyGrid_<std::allocator<void> >::ConstPtr)[m[K’:
[13.149s] [01m[K/home/aayush/newest_frenet_planner/src/frenet_planner_ported/src/../include/../include/frenet_class.hpp:169:22:[m[K [01;35m[Kwarning: [m[Kcomparison of integer expressions of different signedness: ‘[01m[Klong int[m[K’ and ‘[01m[Kstd::vector<std::pair<double, double> >::size_type[m[K’ {aka ‘[01m[Klong unsigned int[m[K’} [[01;35m[K-Wsign-compare[m[K]
[13.149s]   169 |   for (long i = 0; [01;35m[Ki < ob1.size()[m[K; i++)
[13.149s]       |                    [01;35m[K~~^~~~~~~~~~~~[m[K
[13.150s] [01m[K/home/aayush/newest_frenet_planner/src/frenet_planner_ported/src/../include/../include/frenet_class.hpp:149:13:[m[K [01;35m[Kwarning: [m[Kunused variable ‘[01m[KstartTime1[m[K’ [[01;35m[K-Wunused-variable[m[K]
[13.150s]   149 |      double [01;35m[KstartTime1[m[K = omp_get_wtime();
[13.151s]       |             [01;35m[K^~~~~~~~~~[m[K
[13.156s] In file included from [01m[K/home/aayush/newest_frenet_planner/src/frenet_planner_ported/src/frenet_planner.cpp:10[m[K:
[13.157s] [01m[K/home/aayush/newest_frenet_planner/src/frenet_planner_ported/src/../include/frenet_optimal_trajectory.hpp:[m[K In function ‘[01m[Kstd::ostream& operator<<(std::ostream&, const FrenetPath&)[m[K’:
[13.157s] [01m[K/home/aayush/newest_frenet_planner/src/frenet_planner_ported/src/../include/frenet_optimal_trajectory.hpp:80:20:[m[K [01;35m[Kwarning: [m[Kstatement has no effect [[01;35m[K-Wunused-value[m[K]
[13.157s]    80 | #define trace(...) [01;35m[K42[m[K
[13.158s]       |                    [01;35m[K^~[m[K
[13.158s] [01m[K/home/aayush/newest_frenet_planner/src/frenet_planner_ported/src/../include/frenet_optimal_trajectory.hpp:80:20:[m[K [01;36m[Knote: [m[Kin definition of macro ‘[01m[Ktrace[m[K’
[13.158s]    80 | #define trace(...) [01;36m[K42[m[K
[13.159s]       |                    [01;36m[K^~[m[K
[13.159s] [01m[K/home/aayush/newest_frenet_planner/src/frenet_planner_ported/src/../include/frenet_optimal_trajectory.hpp:80:20:[m[K [01;35m[Kwarning: [m[Kstatement has no effect [[01;35m[K-Wunused-value[m[K]
[13.159s]    80 | #define trace(...) [01;35m[K42[m[K
[13.160s]       |                    [01;35m[K^~[m[K
[13.160s] [01m[K/home/aayush/newest_frenet_planner/src/frenet_planner_ported/src/../include/frenet_optimal_trajectory.hpp:80:20:[m[K [01;36m[Knote: [m[Kin definition of macro ‘[01m[Ktrace[m[K’
[13.160s]    80 | #define trace(...) [01;36m[K42[m[K
[13.161s]       |                    [01;36m[K^~[m[K
[13.162s] [01m[K/home/aayush/newest_frenet_planner/src/frenet_planner_ported/src/../include/frenet_optimal_trajectory.hpp:80:20:[m[K [01;35m[Kwarning: [m[Kstatement has no effect [[01;35m[K-Wunused-value[m[K]
[13.162s]    80 | #define trace(...) [01;35m[K42[m[K
[13.162s]       |                    [01;35m[K^~[m[K
[13.163s] [01m[K/home/aayush/newest_frenet_planner/src/frenet_planner_ported/src/../include/frenet_optimal_trajectory.hpp:80:20:[m[K [01;36m[Knote: [m[Kin definition of macro ‘[01m[Ktrace[m[K’
[13.163s]    80 | #define trace(...) [01;36m[K42[m[K
[13.163s]       |                    [01;36m[K^~[m[K
[13.164s] [01m[K/home/aayush/newest_frenet_planner/src/frenet_planner_ported/src/../include/frenet_optimal_trajectory.hpp:80:20:[m[K [01;35m[Kwarning: [m[Kstatement has no effect [[01;35m[K-Wunused-value[m[K]
[13.165s]    80 | #define trace(...) [01;35m[K42[m[K
[13.165s]       |                    [01;35m[K^~[m[K
[13.165s] [01m[K/home/aayush/newest_frenet_planner/src/frenet_planner_ported/src/../include/frenet_optimal_trajectory.hpp:80:20:[m[K [01;36m[Knote: [m[Kin definition of macro ‘[01m[Ktrace[m[K’
[13.165s]    80 | #define trace(...) [01;36m[K42[m[K
[13.166s]       |                    [01;36m[K^~[m[K
[13.169s] [01m[K/home/aayush/newest_frenet_planner/src/frenet_planner_ported/src/../include/frenet_optimal_trajectory.hpp:80:20:[m[K [01;35m[Kwarning: [m[Kstatement has no effect [[01;35m[K-Wunused-value[m[K]
[13.169s]    80 | #define trace(...) [01;35m[K42[m[K
[13.169s]       |                    [01;35m[K^~[m[K
[13.170s] [01m[K/home/aayush/newest_frenet_planner/src/frenet_planner_ported/src/../include/frenet_optimal_trajectory.hpp:80:20:[m[K [01;36m[Knote: [m[Kin definition of macro ‘[01m[Ktrace[m[K’
[13.170s]    80 | #define trace(...) [01;36m[K42[m[K
[13.170s]       |                    [01;36m[K^~[m[K
[13.170s] [01m[K/home/aayush/newest_frenet_planner/src/frenet_planner_ported/src/../include/frenet_optimal_trajectory.hpp:80:20:[m[K [01;35m[Kwarning: [m[Kstatement has no effect [[01;35m[K-Wunused-value[m[K]
[13.170s]    80 | #define trace(...) [01;35m[K42[m[K
[13.171s]       |                    [01;35m[K^~[m[K
[13.171s] [01m[K/home/aayush/newest_frenet_planner/src/frenet_planner_ported/src/../include/frenet_optimal_trajectory.hpp:80:20:[m[K [01;36m[Knote: [m[Kin definition of macro ‘[01m[Ktrace[m[K’
[13.171s]    80 | #define trace(...) [01;36m[K42[m[K
[13.171s]       |                    [01;36m[K^~[m[K
[13.171s] [01m[K/home/aayush/newest_frenet_planner/src/frenet_planner_ported/src/../include/frenet_optimal_trajectory.hpp:80:20:[m[K [01;35m[Kwarning: [m[Kstatement has no effect [[01;35m[K-Wunused-value[m[K]
[13.172s]    80 | #define trace(...) [01;35m[K42[m[K
[13.172s]       |                    [01;35m[K^~[m[K
[13.172s] [01m[K/home/aayush/newest_frenet_planner/src/frenet_planner_ported/src/../include/frenet_optimal_trajectory.hpp:80:20:[m[K [01;36m[Knote: [m[Kin definition of macro ‘[01m[Ktrace[m[K’
[13.172s]    80 | #define trace(...) [01;36m[K42[m[K
[13.172s]       |                    [01;36m[K^~[m[K
[13.173s] [01m[K/home/aayush/newest_frenet_planner/src/frenet_planner_ported/src/../include/frenet_optimal_trajectory.hpp:80:20:[m[K [01;35m[Kwarning: [m[Kstatement has no effect [[01;35m[K-Wunused-value[m[K]
[13.173s]    80 | #define trace(...) [01;35m[K42[m[K
[13.173s]       |                    [01;35m[K^~[m[K
[13.173s] [01m[K/home/aayush/newest_frenet_planner/src/frenet_planner_ported/src/../include/frenet_optimal_trajectory.hpp:80:20:[m[K [01;36m[Knote: [m[Kin definition of macro ‘[01m[Ktrace[m[K’
[13.173s]    80 | #define trace(...) [01;36m[K42[m[K
[13.174s]       |                    [01;36m[K^~[m[K
[13.174s] [01m[K/home/aayush/newest_frenet_planner/src/frenet_planner_ported/src/../include/frenet_optimal_trajectory.hpp:80:20:[m[K [01;35m[Kwarning: [m[Kstatement has no effect [[01;35m[K-Wunused-value[m[K]
[13.174s]    80 | #define trace(...) [01;35m[K42[m[K
[13.174s]       |                    [01;35m[K^~[m[K
[13.174s] [01m[K/home/aayush/newest_frenet_planner/src/frenet_planner_ported/src/../include/frenet_optimal_trajectory.hpp:80:20:[m[K [01;36m[Knote: [m[Kin definition of macro ‘[01m[Ktrace[m[K’
[13.175s]    80 | #define trace(...) [01;36m[K42[m[K
[13.175s]       |                    [01;36m[K^~[m[K
[13.175s] [01m[K/home/aayush/newest_frenet_planner/src/frenet_planner_ported/src/../include/frenet_optimal_trajectory.hpp:80:20:[m[K [01;35m[Kwarning: [m[Kstatement has no effect [[01;35m[K-Wunused-value[m[K]
[13.175s]    80 | #define trace(...) [01;35m[K42[m[K
[13.175s]       |                    [01;35m[K^~[m[K
[13.176s] [01m[K/home/aayush/newest_frenet_planner/src/frenet_planner_ported/src/../include/frenet_optimal_trajectory.hpp:80:20:[m[K [01;36m[Knote: [m[Kin definition of macro ‘[01m[Ktrace[m[K’
[13.176s]    80 | #define trace(...) [01;36m[K42[m[K
[13.176s]       |                    [01;36m[K^~[m[K
[13.176s] [01m[K/home/aayush/newest_frenet_planner/src/frenet_planner_ported/src/../include/frenet_optimal_trajectory.hpp:80:20:[m[K [01;35m[Kwarning: [m[Kstatement has no effect [[01;35m[K-Wunused-value[m[K]
[13.185s]    80 | #define trace(...) [01;35m[K42[m[K
[13.185s]       |                    [01;35m[K^~[m[K
[13.185s] [01m[K/home/aayush/newest_frenet_planner/src/frenet_planner_ported/src/../include/frenet_optimal_trajectory.hpp:80:20:[m[K [01;36m[Knote: [m[Kin definition of macro ‘[01m[Ktrace[m[K’
[13.186s]    80 | #define trace(...) [01;36m[K42[m[K
[13.186s]       |                    [01;36m[K^~[m[K
[13.186s] [01m[K/home/aayush/newest_frenet_planner/src/frenet_planner_ported/src/../include/frenet_optimal_trajectory.hpp:80:20:[m[K [01;35m[Kwarning: [m[Kstatement has no effect [[01;35m[K-Wunused-value[m[K]
[13.186s]    80 | #define trace(...) [01;35m[K42[m[K
[13.187s]       |                    [01;35m[K^~[m[K
[13.187s] [01m[K/home/aayush/newest_frenet_planner/src/frenet_planner_ported/src/../include/frenet_optimal_trajectory.hpp:80:20:[m[K [01;36m[Knote: [m[Kin definition of macro ‘[01m[Ktrace[m[K’
[13.187s]    80 | #define trace(...) [01;36m[K42[m[K
[13.187s]       |                    [01;36m[K^~[m[K
[13.188s] [01m[K/home/aayush/newest_frenet_planner/src/frenet_planner_ported/src/../include/frenet_optimal_trajectory.hpp:80:20:[m[K [01;35m[Kwarning: [m[Kstatement has no effect [[01;35m[K-Wunused-value[m[K]
[13.188s]    80 | #define trace(...) [01;35m[K42[m[K
[13.188s]       |                    [01;35m[K^~[m[K
[13.188s] [01m[K/home/aayush/newest_frenet_planner/src/frenet_planner_ported/src/../include/frenet_optimal_trajectory.hpp:80:20:[m[K [01;36m[Knote: [m[Kin definition of macro ‘[01m[Ktrace[m[K’
[13.189s]    80 | #define trace(...) [01;36m[K42[m[K
[13.189s]       |                    [01;36m[K^~[m[K
[13.189s] [01m[K/home/aayush/newest_frenet_planner/src/frenet_planner_ported/src/../include/frenet_optimal_trajectory.hpp:81:59:[m[K [01;35m[Kwarning: [m[Kunused parameter ‘[01m[Kfp[m[K’ [[01;35m[K-Wunused-parameter[m[K]
[13.190s]    81 | inline ostream& operator<<(ostream& os, [01;35m[Kconst FrenetPath& fp[m[K)
[13.190s]       |                                         [01;35m[K~~~~~~~~~~~~~~~~~~^~[m[K
[13.197s] [01m[K/home/aayush/newest_frenet_planner/src/frenet_planner_ported/src/frenet_planner.cpp:[m[K In member function ‘[01m[Kvoid FrenetPath::calc_lon_paths_quintic_poly(double, double, double, double, double)[m[K’:
[13.197s] [01m[K/home/aayush/newest_frenet_planner/src/frenet_planner_ported/src/frenet_planner.cpp:69:91:[m[K [01;35m[Kwarning: [m[Kunused parameter ‘[01m[Kts[m[K’ [[01;35m[K-Wunused-parameter[m[K]
[13.197s]    69 | void FrenetPath::calc_lon_paths_quintic_poly(double c_speed, double s0, double Ti, [01;35m[Kdouble ts[m[K,
[13.197s]       |                                                                                    [01;35m[K~~~~~~~^~[m[K
[13.211s] [01m[K/home/aayush/newest_frenet_planner/src/frenet_planner_ported/src/frenet_planner.cpp:[m[K In function ‘[01m[Kstd::vector<FrenetPath> calc_frenet_paths(double, double, double, double, double, FrenetPath)[m[K’:
[13.211s] [01m[K/home/aayush/newest_frenet_planner/src/frenet_planner_ported/src/frenet_planner.cpp:134:49:[m[K [01;31m[Kerror: [m[Kuse of deleted function ‘[01m[KFrenetPath::FrenetPath(const FrenetPath&)[m[K’
[13.212s]   134 |  get_limits_d(lp, &lower_limit_d, &upper_limit_d[01;31m[K)[m[K; // IF not required to sample around previous sampled d(th) then comment this line.
[13.212s]       |                                                 [01;31m[K^[m[K
[13.213s] In file included from [01m[K/home/aayush/newest_frenet_planner/src/frenet_planner_ported/src/frenet_planner.cpp:10[m[K:
[13.213s] [01m[K/home/aayush/newest_frenet_planner/src/frenet_planner_ported/src/../include/frenet_optimal_trajectory.hpp:9:7:[m[K [01;36m[Knote: [m[K‘[01m[KFrenetPath::FrenetPath(const FrenetPath&)[m[K’ is implicitly deleted because the default definition would be ill-formed:
[13.213s]     9 | class [01;36m[KFrenetPath[m[K: public FrenetClass{
[13.213s]       |       [01;36m[K^~~~~~~~~~[m[K
[13.214s] [01m[K/home/aayush/newest_frenet_planner/src/frenet_planner_ported/src/../include/frenet_optimal_trajectory.hpp:9:7:[m[K [01;31m[Kerror: [m[Kuse of deleted function ‘[01m[KFrenetClass::FrenetClass(const FrenetClass&)[m[K’
[13.215s] In file included from [01m[K/home/aayush/newest_frenet_planner/src/frenet_planner_ported/src/../include/frenet_optimal_trajectory.hpp:6[m[K,
[13.215s]                  from [01m[K/home/aayush/newest_frenet_planner/src/frenet_planner_ported/src/frenet_planner.cpp:10[m[K:
[13.215s] [01m[K/home/aayush/newest_frenet_planner/src/frenet_planner_ported/src/../include/../include/frenet_class.hpp:55:7:[m[K [01;36m[Knote: [m[K‘[01m[KFrenetClass::FrenetClass(const FrenetClass&)[m[K’ is implicitly deleted because the default definition would be ill-formed:
[13.216s]    55 | class [01;36m[KFrenetClass[m[K : public rclcpp::Node {
[13.216s]       |       [01;36m[K^~~~~~~~~~~[m[K
[13.216s] [01m[K/home/aayush/newest_frenet_planner/src/frenet_planner_ported/src/../include/../include/frenet_class.hpp:55:7:[m[K [01;31m[Kerror: [m[Kuse of deleted function ‘[01m[Krclcpp::Node::Node(const rclcpp::Node&)[m[K’
[13.217s] In file included from [01m[K/opt/ros/foxy/include/rclcpp/context.hpp:33[m[K,
[13.217s]                  from [01m[K/opt/ros/foxy/include/rclcpp/contexts/default_context.hpp:18[m[K,
[13.217s]                  from [01m[K/opt/ros/foxy/include/rclcpp/executor.hpp:32[m[K,
[13.218s]                  from [01m[K/opt/ros/foxy/include/rclcpp/executors/multi_threaded_executor.hpp:25[m[K,
[13.218s]                  from [01m[K/opt/ros/foxy/include/rclcpp/executors.hpp:21[m[K,
[13.220s]                  from [01m[K/opt/ros/foxy/include/rclcpp/rclcpp.hpp:146[m[K,
[13.220s]                  from [01m[K/opt/ros/foxy/include/tf2_ros/buffer_interface.h:35[m[K,
[13.221s]                  from [01m[K/opt/ros/foxy/include/tf2_geometry_msgs/tf2_geometry_msgs.h:38[m[K,
[13.221s]                  from [01m[K/home/aayush/newest_frenet_planner/src/frenet_planner_ported/src/frenet_planner.cpp:2[m[K:
[13.221s] [01m[K/opt/ros/foxy/include/rclcpp/node.hpp:1195:3:[m[K [01;36m[Knote: [m[Kdeclared here
[13.221s]  1195 |   [01;36m[KRCLCPP_DISABLE_COPY[m[K(Node)
[13.222s]       |   [01;36m[K^~~~~~~~~~~~~~~~~~~[m[K
[13.223s] [01m[K/home/aayush/newest_frenet_planner/src/frenet_planner_ported/src/frenet_planner.cpp:115:30:[m[K [01;36m[Knote: [m[K  initializing argument 1 of ‘[01m[Kvoid get_limits_d(FrenetPath, double*, double*)[m[K’
[13.223s]   115 | void get_limits_d([01;36m[KFrenetPath lp[m[K, double *lower_limit_d, double *upper_limit_d)
[13.223s]       |                   [01;36m[K~~~~~~~~~~~^~[m[K
[13.227s] [01m[K/home/aayush/newest_frenet_planner/src/frenet_planner_ported/src/frenet_planner.cpp:150:11:[m[K [01;31m[Kerror: [m[Kuse of deleted function ‘[01m[KFrenetPath& FrenetPath::operator=(const FrenetPath&)[m[K’
[13.227s]   150 |     tfp = [01;31m[Kfp[m[K;
[13.228s]       |           [01;31m[K^~[m[K
[13.228s] In file included from [01m[K/home/aayush/newest_frenet_planner/src/frenet_planner_ported/src/frenet_planner.cpp:10[m[K:
[13.228s] [01m[K/home/aayush/newest_frenet_planner/src/frenet_planner_ported/src/../include/frenet_optimal_trajectory.hpp:9:7:[m[K [01;36m[Knote: [m[K‘[01m[KFrenetPath& FrenetPath::operator=(const FrenetPath&)[m[K’ is implicitly deleted because the default definition would be ill-formed:
[13.228s]     9 | class [01;36m[KFrenetPath[m[K: public FrenetClass{
[13.229s]       |       [01;36m[K^~~~~~~~~~[m[K
[13.229s] [01m[K/home/aayush/newest_frenet_planner/src/frenet_planner_ported/src/../include/frenet_optimal_trajectory.hpp:9:7:[m[K [01;31m[Kerror: [m[Kuse of deleted function ‘[01m[KFrenetClass& FrenetClass::operator=(const FrenetClass&)[m[K’
[13.230s] In file included from [01m[K/home/aayush/newest_frenet_planner/src/frenet_planner_ported/src/../include/frenet_optimal_trajectory.hpp:6[m[K,
[13.230s]                  from [01m[K/home/aayush/newest_frenet_planner/src/frenet_planner_ported/src/frenet_planner.cpp:10[m[K:
[13.230s] [01m[K/home/aayush/newest_frenet_planner/src/frenet_planner_ported/src/../include/../include/frenet_class.hpp:55:7:[m[K [01;36m[Knote: [m[K‘[01m[KFrenetClass& FrenetClass::operator=(const FrenetClass&)[m[K’ is implicitly deleted because the default definition would be ill-formed:
[13.231s]    55 | class [01;36m[KFrenetClass[m[K : public rclcpp::Node {
[13.231s]       |       [01;36m[K^~~~~~~~~~~[m[K
[13.231s] [01m[K/home/aayush/newest_frenet_planner/src/frenet_planner_ported/src/../include/../include/frenet_class.hpp:55:7:[m[K [01;31m[Kerror: [m[Kuse of deleted function ‘[01m[Krclcpp::Node& rclcpp::Node::operator=(const rclcpp::Node&)[m[K’
[13.232s] In file included from [01m[K/opt/ros/foxy/include/rclcpp/context.hpp:33[m[K,
[13.232s]                  from [01m[K/opt/ros/foxy/include/rclcpp/contexts/default_context.hpp:18[m[K,
[13.232s]                  from [01m[K/opt/ros/foxy/include/rclcpp/executor.hpp:32[m[K,
[13.232s]                  from [01m[K/opt/ros/foxy/include/rclcpp/executors/multi_threaded_executor.hpp:25[m[K,
[13.233s]                  from [01m[K/opt/ros/foxy/include/rclcpp/executors.hpp:21[m[K,
[13.233s]                  from [01m[K/opt/ros/foxy/include/rclcpp/rclcpp.hpp:146[m[K,
[13.233s]                  from [01m[K/opt/ros/foxy/include/tf2_ros/buffer_interface.h:35[m[K,
[13.233s]                  from [01m[K/opt/ros/foxy/include/tf2_geometry_msgs/tf2_geometry_msgs.h:38[m[K,
[13.236s]                  from [01m[K/home/aayush/newest_frenet_planner/src/frenet_planner_ported/src/frenet_planner.cpp:2[m[K:
[13.236s] [01m[K/opt/ros/foxy/include/rclcpp/node.hpp:1195:3:[m[K [01;36m[Knote: [m[Kdeclared here
[13.236s]  1195 |   [01;36m[KRCLCPP_DISABLE_COPY[m[K(Node)
[13.236s]       |   [01;36m[K^~~~~~~~~~~~~~~~~~~[m[K
[13.237s] [01m[K/home/aayush/newest_frenet_planner/src/frenet_planner_ported/src/frenet_planner.cpp:184:13:[m[K [01;31m[Kerror: [m[Kuse of deleted function ‘[01m[KFrenetPath& FrenetPath::operator=(const FrenetPath&)[m[K’
[13.237s]   184 |       tfp = [01;31m[Kfp[m[K;
[13.238s]       |             [01;31m[K^~[m[K
[13.245s] [01m[K/home/aayush/newest_frenet_planner/src/frenet_planner_ported/src/frenet_planner.cpp:[m[K In member function ‘[01m[Kvoid FrenetPath::adding_global_path(Spline2D)[m[K’:
[13.245s] [01m[K/home/aayush/newest_frenet_planner/src/frenet_planner_ported/src/frenet_planner.cpp:198:9:[m[K [01;35m[Kwarning: [m[Kunused variable ‘[01m[KstartTime1[m[K’ [[01;35m[K-Wunused-variable[m[K]
[13.246s]   198 |  double [01;35m[KstartTime1[m[K = omp_get_wtime();
[13.246s]       |         [01;35m[K^~~~~~~~~~[m[K
[13.246s] [01m[K/home/aayush/newest_frenet_planner/src/frenet_planner_ported/src/frenet_planner.cpp:249:9:[m[K [01;35m[Kwarning: [m[Kunused variable ‘[01m[KendTime1[m[K’ [[01;35m[K-Wunused-variable[m[K]
[13.246s]   249 |  double [01;35m[KendTime1[m[K = omp_get_wtime();
[13.247s]       |         [01;35m[K^~~~~~~~[m[K
[13.261s] [01m[K/home/aayush/newest_frenet_planner/src/frenet_planner_ported/src/frenet_planner.cpp:[m[K In function ‘[01m[Kstd::vector<FrenetPath> check_path(std::vector<FrenetPath>&, double, double, double)[m[K’:
[13.262s] [01m[K/home/aayush/newest_frenet_planner/src/frenet_planner_ported/src/frenet_planner.cpp:390:27:[m[K [01;31m[Kerror: [m[Kuse of deleted function ‘[01m[KFrenetPath::FrenetPath(const FrenetPath&)[m[K’
[13.262s]   390 |   FrenetPath fp = fplist[i[01;31m[K][m[K;
[13.262s]       |                           [01;31m[K^[m[K
[13.269s] In file included from [01m[K/home/aayush/newest_frenet_planner/src/frenet_planner_ported/src/frenet_planner.cpp:10[m[K:
[13.269s] [01m[K/home/aayush/newest_frenet_planner/src/frenet_planner_ported/src/frenet_planner.cpp:[m[K In function ‘[01m[KFrenetPath frenet_optimal_planning(Spline2D, double, double, double, double, double, FrenetPath, double)[m[K’:
[13.270s] [01m[K/home/aayush/newest_frenet_planner/src/frenet_planner_ported/src/../include/frenet_optimal_trajectory.hpp:80:20:[m[K [01;31m[Kerror: [m[Kexpected initializer before numeric constant
[13.270s]    80 | #define trace(...) [01;31m[K42[m[K
[13.270s]       |                    [01;31m[K^~[m[K
[13.270s] [01m[K/home/aayush/newest_frenet_planner/src/frenet_planner_ported/src/../include/frenet_optimal_trajectory.hpp:80:20:[m[K [01;36m[Knote: [m[Kin definition of macro ‘[01m[Ktrace[m[K’
[13.271s]    80 | #define trace(...) [01;36m[K42[m[K
[13.271s]       |                    [01;36m[K^~[m[K
[13.271s] [01m[K/home/aayush/newest_frenet_planner/src/frenet_planner_ported/src/frenet_planner.cpp:449:83:[m[K [01;31m[Kerror: [m[Kuse of deleted function ‘[01m[KFrenetPath::FrenetPath(const FrenetPath&)[m[K’
[13.272s]   449 |  vector<FrenetPath> fplist = calc_frenet_paths(c_speed, c_d, c_d_d, c_d_dd, s0, lp[01;31m[K)[m[K;
[13.272s]       |                                                                                   [01;31m[K^[m[K
[13.272s] [01m[K/home/aayush/newest_frenet_planner/src/frenet_planner_ported/src/frenet_planner.cpp:127:33:[m[K [01;36m[Knote: [m[K  initializing argument 6 of ‘[01m[Kstd::vector<FrenetPath> calc_frenet_paths(double, double, double, double, double, FrenetPath)[m[K’
[13.272s]   127 |           double s0, [01;36m[KFrenetPath lp[m[K)
[13.273s]       |                      [01;36m[K~~~~~~~~~~~^~[m[K
[13.274s] In file included from [01m[K/opt/ros/foxy/include/rclcpp/service.hpp:34[m[K,
[13.275s]                  from [01m[K/opt/ros/foxy/include/rclcpp/callback_group.hpp:25[m[K,
[13.276s]                  from [01m[K/opt/ros/foxy/include/rclcpp/any_executable.hpp:20[m[K,
[13.276s]                  from [01m[K/opt/ros/foxy/include/rclcpp/memory_strategy.hpp:24[m[K,
[13.276s]                  from [01m[K/opt/ros/foxy/include/rclcpp/memory_strategies.hpp:18[m[K,
[13.277s]                  from [01m[K/opt/ros/foxy/include/rclcpp/executor_options.hpp:20[m[K,
[13.277s]                  from [01m[K/opt/ros/foxy/include/rclcpp/executor.hpp:33[m[K,
[13.277s]                  from [01m[K/opt/ros/foxy/include/rclcpp/executors/multi_threaded_executor.hpp:25[m[K,
[13.278s]                  from [01m[K/opt/ros/foxy/include/rclcpp/executors.hpp:21[m[K,
[13.278s]                  from [01m[K/opt/ros/foxy/include/rclcpp/rclcpp.hpp:146[m[K,
[13.278s]                  from [01m[K/opt/ros/foxy/include/tf2_ros/buffer_interface.h:35[m[K,
[13.278s]                  from [01m[K/opt/ros/foxy/include/tf2_geometry_msgs/tf2_geometry_msgs.h:38[m[K,
[13.280s]                  from [01m[K/home/aayush/newest_frenet_planner/src/frenet_planner_ported/src/frenet_planner.cpp:2[m[K:
[13.281s] [01m[K/home/aayush/newest_frenet_planner/src/frenet_planner_ported/src/frenet_planner.cpp:455:14:[m[K [01;31m[Kerror: [m[Kinvalid use of ‘[01m[Kthis[m[K’ in non-member function
[13.281s]   455 |  RCLCPP_INFO([01;31m[Kthis[m[K->get_logger(), calc_frenet_paths_function_str);
[13.281s]       |              [01;31m[K^~~~[m[K
[13.281s] [01m[K/home/aayush/newest_frenet_planner/src/frenet_planner_ported/src/frenet_planner.cpp:455:14:[m[K [01;31m[Kerror: [m[Kinvalid use of ‘[01m[Kthis[m[K’ in non-member function
[13.282s] [01m[K/home/aayush/newest_frenet_planner/src/frenet_planner_ported/src/frenet_planner.cpp:455:2:[m[K [01;31m[Kerror: [m[Ktemplate argument 1 is invalid
[13.282s]   455 |  [01;31m[KRCLCPP_INFO[m[K(this->get_logger(), calc_frenet_paths_function_str);
[13.284s]       |  [01;31m[K^~~~~~~~~~~[m[K
[13.285s] [01m[K/home/aayush/newest_frenet_planner/src/frenet_planner_ported/src/frenet_planner.cpp:455:2:[m[K [01;31m[Kerror: [m[Ktemplate argument 1 is invalid
[13.285s]   455 |  [01;31m[KRCLCPP_INFO[m[K(this->get_logger(), calc_frenet_paths_function_str);
[13.285s]       |  [01;31m[K^~~~~~~~~~~[m[K
[13.285s] [01m[K/home/aayush/newest_frenet_planner/src/frenet_planner_ported/src/frenet_planner.cpp:455:2:[m[K [01;31m[Kerror: [m[Ktemplate argument 1 is invalid
[13.286s]   455 |  [01;31m[KRCLCPP_INFO[m[K(this->get_logger(), calc_frenet_paths_function_str);
[13.286s]       |  [01;31m[K^~~~~~~~~~~[m[K
[13.286s] In file included from [01m[K/opt/ros/foxy/include/rclcpp/client.hpp:40[m[K,
[13.286s]                  from [01m[K/opt/ros/foxy/include/rclcpp/callback_group.hpp:23[m[K,
[13.287s]                  from [01m[K/opt/ros/foxy/include/rclcpp/any_executable.hpp:20[m[K,
[13.287s]                  from [01m[K/opt/ros/foxy/include/rclcpp/memory_strategy.hpp:24[m[K,
[13.287s]                  from [01m[K/opt/ros/foxy/include/rclcpp/memory_strategies.hpp:18[m[K,
[13.287s]                  from [01m[K/opt/ros/foxy/include/rclcpp/executor_options.hpp:20[m[K,
[13.287s]                  from [01m[K/opt/ros/foxy/include/rclcpp/executor.hpp:33[m[K,
[13.288s]                  from [01m[K/opt/ros/foxy/include/rclcpp/executors/multi_threaded_executor.hpp:25[m[K,
[13.288s]                  from [01m[K/opt/ros/foxy/include/rclcpp/executors.hpp:21[m[K,
[13.288s]                  from [01m[K/opt/ros/foxy/include/rclcpp/rclcpp.hpp:146[m[K,
[13.288s]                  from [01m[K/opt/ros/foxy/include/tf2_ros/buffer_interface.h:35[m[K,
[13.289s]                  from [01m[K/opt/ros/foxy/include/tf2_geometry_msgs/tf2_geometry_msgs.h:38[m[K,
[13.289s]                  from [01m[K/home/aayush/newest_frenet_planner/src/frenet_planner_ported/src/frenet_planner.cpp:2[m[K:
[13.289s] [01m[K/home/aayush/newest_frenet_planner/src/frenet_planner_ported/src/frenet_planner.cpp:455:14:[m[K [01;31m[Kerror: [m[Kinvalid use of ‘[01m[Kthis[m[K’ in non-member function
[13.289s]   455 |  RCLCPP_INFO([01;31m[Kthis[m[K->get_logger(), calc_frenet_paths_function_str);
[13.290s]       |              [01;31m[K^~~~[m[K
[13.290s] [01m[K/home/aayush/newest_frenet_planner/src/frenet_planner_ported/src/frenet_planner.cpp:455:14:[m[K [01;31m[Kerror: [m[Kinvalid use of ‘[01m[Kthis[m[K’ in non-member function
[13.290s]   455 |  RCLCPP_INFO([01;31m[Kthis[m[K->get_logger(), calc_frenet_paths_function_str);
[13.290s]       |              [01;31m[K^~~~[m[K
[13.291s] In file included from [01m[K/home/aayush/newest_frenet_planner/src/frenet_planner_ported/src/frenet_planner.cpp:10[m[K:
[13.298s] [01m[K/home/aayush/newest_frenet_planner/src/frenet_planner_ported/src/../include/frenet_optimal_trajectory.hpp:80:20:[m[K [01;35m[Kwarning: [m[Kstatement has no effect [[01;35m[K-Wunused-value[m[K]
[13.299s]    80 | #define trace(...) [01;35m[K42[m[K
[13.302s]       |                    [01;35m[K^~[m[K
[13.303s] [01m[K/home/aayush/newest_frenet_planner/src/frenet_planner_ported/src/../include/frenet_optimal_trajectory.hpp:80:20:[m[K [01;36m[Knote: [m[Kin definition of macro ‘[01m[Ktrace[m[K’
[13.303s]    80 | #define trace(...) [01;36m[K42[m[K
[13.303s]       |                    [01;36m[K^~[m[K
[13.303s] In file included from [01m[K/opt/ros/foxy/include/rclcpp/service.hpp:34[m[K,
[13.303s]                  from [01m[K/opt/ros/foxy/include/rclcpp/callback_group.hpp:25[m[K,
[13.304s]                  from [01m[K/opt/ros/foxy/include/rclcpp/any_executable.hpp:20[m[K,
[13.304s]                  from [01m[K/opt/ros/foxy/include/rclcpp/memory_strategy.hpp:24[m[K,
[13.304s]                  from [01m[K/opt/ros/foxy/include/rclcpp/memory_strategies.hpp:18[m[K,
[13.304s]                  from [01m[K/opt/ros/foxy/include/rclcpp/executor_options.hpp:20[m[K,
[13.304s]                  from [01m[K/opt/ros/foxy/include/rclcpp/executor.hpp:33[m[K,
[13.305s]                  from [01m[K/opt/ros/foxy/include/rclcpp/executors/multi_threaded_executor.hpp:25[m[K,
[13.305s]                  from [01m[K/opt/ros/foxy/include/rclcpp/executors.hpp:21[m[K,
[13.305s]                  from [01m[K/opt/ros/foxy/include/rclcpp/rclcpp.hpp:146[m[K,
[13.305s]                  from [01m[K/opt/ros/foxy/include/tf2_ros/buffer_interface.h:35[m[K,
[13.305s]                  from [01m[K/opt/ros/foxy/include/tf2_geometry_msgs/tf2_geometry_msgs.h:38[m[K,
[13.306s]                  from [01m[K/home/aayush/newest_frenet_planner/src/frenet_planner_ported/src/frenet_planner.cpp:2[m[K:
[13.306s] [01m[K/home/aayush/newest_frenet_planner/src/frenet_planner_ported/src/frenet_planner.cpp:465:14:[m[K [01;31m[Kerror: [m[Kinvalid use of ‘[01m[Kthis[m[K’ in non-member function
[13.306s]   465 |  RCLCPP_INFO([01;31m[Kthis[m[K->get_logger(), calc_global_paths_function_str);
[13.306s]       |              [01;31m[K^~~~[m[K
[13.306s] [01m[K/home/aayush/newest_frenet_planner/src/frenet_planner_ported/src/frenet_planner.cpp:465:14:[m[K [01;31m[Kerror: [m[Kinvalid use of ‘[01m[Kthis[m[K’ in non-member function
[13.307s] [01m[K/home/aayush/newest_frenet_planner/src/frenet_planner_ported/src/frenet_planner.cpp:465:2:[m[K [01;31m[Kerror: [m[Ktemplate argument 1 is invalid
[13.307s]   465 |  [01;31m[KRCLCPP_INFO[m[K(this->get_logger(), calc_global_paths_function_str);
[13.307s]       |  [01;31m[K^~~~~~~~~~~[m[K
[13.307s] [01m[K/home/aayush/newest_frenet_planner/src/frenet_planner_ported/src/frenet_planner.cpp:465:2:[m[K [01;31m[Kerror: [m[Ktemplate argument 1 is invalid
[13.307s]   465 |  [01;31m[KRCLCPP_INFO[m[K(this->get_logger(), calc_global_paths_function_str);
[13.308s]       |  [01;31m[K^~~~~~~~~~~[m[K
[13.308s] [01m[K/home/aayush/newest_frenet_planner/src/frenet_planner_ported/src/frenet_planner.cpp:465:2:[m[K [01;31m[Kerror: [m[Ktemplate argument 1 is invalid
[13.317s]   465 |  [01;31m[KRCLCPP_INFO[m[K(this->get_logger(), calc_global_paths_function_str);
[13.317s]       |  [01;31m[K^~~~~~~~~~~[m[K
[13.317s] In file included from [01m[K/opt/ros/foxy/include/rclcpp/client.hpp:40[m[K,
[13.318s]                  from [01m[K/opt/ros/foxy/include/rclcpp/callback_group.hpp:23[m[K,
[13.318s]                  from [01m[K/opt/ros/foxy/include/rclcpp/any_executable.hpp:20[m[K,
[13.318s]                  from [01m[K/opt/ros/foxy/include/rclcpp/memory_strategy.hpp:24[m[K,
[13.318s]                  from [01m[K/opt/ros/foxy/include/rclcpp/memory_strategies.hpp:18[m[K,
[13.318s]                  from [01m[K/opt/ros/foxy/include/rclcpp/executor_options.hpp:20[m[K,
[13.319s]                  from [01m[K/opt/ros/foxy/include/rclcpp/executor.hpp:33[m[K,
[13.319s]                  from [01m[K/opt/ros/foxy/include/rclcpp/executors/multi_threaded_executor.hpp:25[m[K,
[13.319s]                  from [01m[K/opt/ros/foxy/include/rclcpp/executors.hpp:21[m[K,
[13.319s]                  from [01m[K/opt/ros/foxy/include/rclcpp/rclcpp.hpp:146[m[K,
[13.319s]                  from [01m[K/opt/ros/foxy/include/tf2_ros/buffer_interface.h:35[m[K,
[13.321s]                  from [01m[K/opt/ros/foxy/include/tf2_geometry_msgs/tf2_geometry_msgs.h:38[m[K,
[13.322s]                  from [01m[K/home/aayush/newest_frenet_planner/src/frenet_planner_ported/src/frenet_planner.cpp:2[m[K:
[13.322s] [01m[K/home/aayush/newest_frenet_planner/src/frenet_planner_ported/src/frenet_planner.cpp:465:14:[m[K [01;31m[Kerror: [m[Kinvalid use of ‘[01m[Kthis[m[K’ in non-member function
[13.322s]   465 |  RCLCPP_INFO([01;31m[Kthis[m[K->get_logger(), calc_global_paths_function_str);
[13.322s]       |              [01;31m[K^~~~[m[K
[13.322s] [01m[K/home/aayush/newest_frenet_planner/src/frenet_planner_ported/src/frenet_planner.cpp:465:14:[m[K [01;31m[Kerror: [m[Kinvalid use of ‘[01m[Kthis[m[K’ in non-member function
[13.323s]   465 |  RCLCPP_INFO([01;31m[Kthis[m[K->get_logger(), calc_global_paths_function_str);
[13.323s]       |              [01;31m[K^~~~[m[K
[13.323s] In file included from [01m[K/home/aayush/newest_frenet_planner/src/frenet_planner_ported/src/frenet_planner.cpp:10[m[K:
[13.323s] [01m[K/home/aayush/newest_frenet_planner/src/frenet_planner_ported/src/../include/frenet_optimal_trajectory.hpp:80:20:[m[K [01;35m[Kwarning: [m[Kstatement has no effect [[01;35m[K-Wunused-value[m[K]
[13.323s]    80 | #define trace(...) [01;35m[K42[m[K
[13.324s]       |                    [01;35m[K^~[m[K
[13.324s] [01m[K/home/aayush/newest_frenet_planner/src/frenet_planner_ported/src/../include/frenet_optimal_trajectory.hpp:80:20:[m[K [01;36m[Knote: [m[Kin definition of macro ‘[01m[Ktrace[m[K’
[13.324s]    80 | #define trace(...) [01;36m[K42[m[K
[13.324s]       |                    [01;36m[K^~[m[K
[13.324s] In file included from [01m[K/opt/ros/foxy/include/rclcpp/service.hpp:34[m[K,
[13.325s]                  from [01m[K/opt/ros/foxy/include/rclcpp/callback_group.hpp:25[m[K,
[13.325s]                  from [01m[K/opt/ros/foxy/include/rclcpp/any_executable.hpp:20[m[K,
[13.325s]                  from [01m[K/opt/ros/foxy/include/rclcpp/memory_strategy.hpp:24[m[K,
[13.325s]                  from [01m[K/opt/ros/foxy/include/rclcpp/memory_strategies.hpp:18[m[K,
[13.325s]                  from [01m[K/opt/ros/foxy/include/rclcpp/executor_options.hpp:20[m[K,
[13.326s]                  from [01m[K/opt/ros/foxy/include/rclcpp/executor.hpp:33[m[K,
[13.326s]                  from [01m[K/opt/ros/foxy/include/rclcpp/executors/multi_threaded_executor.hpp:25[m[K,
[13.326s]                  from [01m[K/opt/ros/foxy/include/rclcpp/executors.hpp:21[m[K,
[13.326s]                  from [01m[K/opt/ros/foxy/include/rclcpp/rclcpp.hpp:146[m[K,
[13.326s]                  from [01m[K/opt/ros/foxy/include/tf2_ros/buffer_interface.h:35[m[K,
[13.327s]                  from [01m[K/opt/ros/foxy/include/tf2_geometry_msgs/tf2_geometry_msgs.h:38[m[K,
[13.327s]                  from [01m[K/home/aayush/newest_frenet_planner/src/frenet_planner_ported/src/frenet_planner.cpp:2[m[K:
[13.327s] [01m[K/home/aayush/newest_frenet_planner/src/frenet_planner_ported/src/frenet_planner.cpp:478:14:[m[K [01;31m[Kerror: [m[Kinvalid use of ‘[01m[Kthis[m[K’ in non-member function
[13.327s]   478 |  RCLCPP_INFO([01;31m[Kthis[m[K->get_logger(), calc_path_function_str);
[13.327s]       |              [01;31m[K^~~~[m[K
[13.328s] [01m[K/home/aayush/newest_frenet_planner/src/frenet_planner_ported/src/frenet_planner.cpp:478:14:[m[K [01;31m[Kerror: [m[Kinvalid use of ‘[01m[Kthis[m[K’ in non-member function
[13.328s] [01m[K/home/aayush/newest_frenet_planner/src/frenet_planner_ported/src/frenet_planner.cpp:478:2:[m[K [01;31m[Kerror: [m[Ktemplate argument 1 is invalid
[13.328s]   478 |  [01;31m[KRCLCPP_INFO[m[K(this->get_logger(), calc_path_function_str);
[13.328s]       |  [01;31m[K^~~~~~~~~~~[m[K
[13.328s] [01m[K/home/aayush/newest_frenet_planner/src/frenet_planner_ported/src/frenet_planner.cpp:478:2:[m[K [01;31m[Kerror: [m[Ktemplate argument 1 is invalid
[13.329s]   478 |  [01;31m[KRCLCPP_INFO[m[K(this->get_logger(), calc_path_function_str);
[13.336s]       |  [01;31m[K^~~~~~~~~~~[m[K
[13.336s] [01m[K/home/aayush/newest_frenet_planner/src/frenet_planner_ported/src/frenet_planner.cpp:478:2:[m[K [01;31m[Kerror: [m[Ktemplate argument 1 is invalid
[13.336s]   478 |  [01;31m[KRCLCPP_INFO[m[K(this->get_logger(), calc_path_function_str);
[13.337s]       |  [01;31m[K^~~~~~~~~~~[m[K
[13.337s] In file included from [01m[K/opt/ros/foxy/include/rclcpp/client.hpp:40[m[K,
[13.337s]                  from [01m[K/opt/ros/foxy/include/rclcpp/callback_group.hpp:23[m[K,
[13.337s]                  from [01m[K/opt/ros/foxy/include/rclcpp/any_executable.hpp:20[m[K,
[13.344s]                  from [01m[K/opt/ros/foxy/include/rclcpp/memory_strategy.hpp:24[m[K,
[13.345s]                  from [01m[K/opt/ros/foxy/include/rclcpp/memory_strategies.hpp:18[m[K,
[13.345s]                  from [01m[K/opt/ros/foxy/include/rclcpp/executor_options.hpp:20[m[K,
[13.345s]                  from [01m[K/opt/ros/foxy/include/rclcpp/executor.hpp:33[m[K,
[13.345s]                  from [01m[K/opt/ros/foxy/include/rclcpp/executors/multi_threaded_executor.hpp:25[m[K,
[13.345s]                  from [01m[K/opt/ros/foxy/include/rclcpp/executors.hpp:21[m[K,
[13.346s]                  from [01m[K/opt/ros/foxy/include/rclcpp/rclcpp.hpp:146[m[K,
[13.346s]                  from [01m[K/opt/ros/foxy/include/tf2_ros/buffer_interface.h:35[m[K,
[13.346s]                  from [01m[K/opt/ros/foxy/include/tf2_geometry_msgs/tf2_geometry_msgs.h:38[m[K,
[13.346s]                  from [01m[K/home/aayush/newest_frenet_planner/src/frenet_planner_ported/src/frenet_planner.cpp:2[m[K:
[13.346s] [01m[K/home/aayush/newest_frenet_planner/src/frenet_planner_ported/src/frenet_planner.cpp:478:14:[m[K [01;31m[Kerror: [m[Kinvalid use of ‘[01m[Kthis[m[K’ in non-member function
[13.347s]   478 |  RCLCPP_INFO([01;31m[Kthis[m[K->get_logger(), calc_path_function_str);
[13.347s]       |              [01;31m[K^~~~[m[K
[13.347s] [01m[K/home/aayush/newest_frenet_planner/src/frenet_planner_ported/src/frenet_planner.cpp:478:14:[m[K [01;31m[Kerror: [m[Kinvalid use of ‘[01m[Kthis[m[K’ in non-member function
[13.347s]   478 |  RCLCPP_INFO([01;31m[Kthis[m[K->get_logger(), calc_path_function_str);
[13.347s]       |              [01;31m[K^~~~[m[K
[13.348s] In file included from [01m[K/home/aayush/newest_frenet_planner/src/frenet_planner_ported/src/frenet_planner.cpp:10[m[K:
[13.348s] [01m[K/home/aayush/newest_frenet_planner/src/frenet_planner_ported/src/../include/frenet_optimal_trajectory.hpp:80:20:[m[K [01;35m[Kwarning: [m[Kstatement has no effect [[01;35m[K-Wunused-value[m[K]
[13.348s]    80 | #define trace(...) [01;35m[K42[m[K
[13.348s]       |                    [01;35m[K^~[m[K
[13.348s] [01m[K/home/aayush/newest_frenet_planner/src/frenet_planner_ported/src/../include/frenet_optimal_trajectory.hpp:80:20:[m[K [01;36m[Knote: [m[Kin definition of macro ‘[01m[Ktrace[m[K’
[13.349s]    80 | #define trace(...) [01;36m[K42[m[K
[13.349s]       |                    [01;36m[K^~[m[K
[13.349s] [01m[K/home/aayush/newest_frenet_planner/src/frenet_planner_ported/src/frenet_planner.cpp:495:15:[m[K [01;31m[Kerror: [m[Kuse of deleted function ‘[01m[KFrenetPath& FrenetPath::operator=(const FrenetPath&)[m[K’
[13.349s]   495 |    bestpath = [01;31m[Kfp[m[K;
[13.350s]       |               [01;31m[K^~[m[K
[13.350s] In file included from [01m[K/home/aayush/newest_frenet_planner/src/frenet_planner_ported/src/frenet_planner.cpp:10[m[K:
[13.350s] [01m[K/home/aayush/newest_frenet_planner/src/frenet_planner_ported/src/../include/frenet_optimal_trajectory.hpp:80:20:[m[K [01;35m[Kwarning: [m[Kstatement has no effect [[01;35m[K-Wunused-value[m[K]
[13.350s]    80 | #define trace(...) [01;35m[K42[m[K
[13.350s]       |                    [01;35m[K^~[m[K
[13.350s] [01m[K/home/aayush/newest_frenet_planner/src/frenet_planner_ported/src/../include/frenet_optimal_trajectory.hpp:80:20:[m[K [01;36m[Knote: [m[Kin definition of macro ‘[01m[Ktrace[m[K’
[13.351s]    80 | #define trace(...) [01;36m[K42[m[K
[13.351s]       |                    [01;36m[K^~[m[K
[13.351s] [01m[K/home/aayush/newest_frenet_planner/src/frenet_planner_ported/src/frenet_planner.cpp:512:9:[m[K [01;31m[Kerror: [m[Kuse of deleted function ‘[01m[KFrenetPath::FrenetPath(const FrenetPath&)[m[K’
[13.351s]   512 |  return [01;31m[Kbestpath[m[K;
[13.351s]       |         [01;31m[K^~~~~~~~[m[K
[13.682s] In file included from [01m[K/usr/include/x86_64-linux-gnu/c++/9/bits/c++allocator.h:33[m[K,
[13.682s]                  from [01m[K/usr/include/c++/9/bits/allocator.h:46[m[K,
[13.682s]                  from [01m[K/usr/include/c++/9/string:41[m[K,
[13.682s]                  from [01m[K/usr/include/c++/9/stdexcept:39[m[K,
[13.682s]                  from [01m[K/usr/include/c++/9/array:39[m[K,
[13.683s]                  from [01m[K/opt/ros/foxy/include/tf2/transform_datatypes.h:35[m[K,
[13.683s]                  from [01m[K/home/aayush/newest_frenet_planner/src/frenet_planner_ported/src/frenet_planner.cpp:1[m[K:
[13.683s] /usr/include/c++/9/ext/new_allocator.h: In instantiation of ‘[01m[Kvoid __gnu_cxx::new_allocator<_Tp>::construct(_Up*, _Args&& ...) [with _Up = FrenetPath; _Args = {const FrenetPath&}; _Tp = FrenetPath][m[K’:
[13.683s] [01m[K/usr/include/c++/9/bits/alloc_traits.h:482:2:[m[K   required from ‘[01m[Kstatic void std::allocator_traits<std::allocator<_CharT> >::construct(std::allocator_traits<std::allocator<_CharT> >::allocator_type&, _Up*, _Args&& ...) [with _Up = FrenetPath; _Args = {const FrenetPath&}; _Tp = FrenetPath; std::allocator_traits<std::allocator<_CharT> >::allocator_type = std::allocator<FrenetPath>][m[K’
[13.683s] [01m[K/usr/include/c++/9/bits/stl_vector.h:1189:30:[m[K   required from ‘[01m[Kvoid std::vector<_Tp, _Alloc>::push_back(const value_type&) [with _Tp = FrenetPath; _Alloc = std::allocator<FrenetPath>; std::vector<_Tp, _Alloc>::value_type = FrenetPath][m[K’
[13.684s] [01m[K/home/aayush/newest_frenet_planner/src/frenet_planner_ported/src/frenet_planner.cpp:153:31:[m[K   required from here
[13.684s] [01m[K/usr/include/c++/9/ext/new_allocator.h:145:20:[m[K [01;31m[Kerror: [m[Kuse of deleted function ‘[01m[KFrenetPath::FrenetPath(const FrenetPath&)[m[K’
[13.684s]   145 |  noexcept(noexcept([01;31m[K::new((void *)__p)[m[K
[13.684s]       |                    [01;31m[K^~~~~~~~~~~~~~~~~~[m[K
[13.684s]   146 | [01;31m[K       _Up(std::forward<_Args>(__args)...)[m[K))
[13.685s]       |        [01;31m[K~~~~~~~~~~~~~~~~~~~~~~~~~~~~~~~~~~~[m[K
[14.805s] In file included from [01m[K/usr/include/c++/9/memory:65[m[K,
[14.805s]                  from [01m[K/usr/include/c++/9/thread:39[m[K,
[14.805s]                  from [01m[K/opt/ros/foxy/include/tf2/time.h:37[m[K,
[14.805s]                  from [01m[K/opt/ros/foxy/include/tf2/transform_datatypes.h:38[m[K,
[14.806s]                  from [01m[K/home/aayush/newest_frenet_planner/src/frenet_planner_ported/src/frenet_planner.cpp:1[m[K:
[14.806s] /usr/include/c++/9/bits/stl_uninitialized.h: In instantiation of ‘[01m[K_ForwardIterator std::uninitialized_copy(_InputIterator, _InputIterator, _ForwardIterator) [with _InputIterator = __gnu_cxx::__normal_iterator<const FrenetPath*, std::vector<FrenetPath> >; _ForwardIterator = FrenetPath*][m[K’:
[14.806s] [01m[K/usr/include/c++/9/bits/stl_uninitialized.h:307:37:[m[K   required from ‘[01m[K_ForwardIterator std::__uninitialized_copy_a(_InputIterator, _InputIterator, _ForwardIterator, std::allocator<_Tp>&) [with _InputIterator = __gnu_cxx::__normal_iterator<const FrenetPath*, std::vector<FrenetPath> >; _ForwardIterator = FrenetPath*; _Tp = FrenetPath][m[K’
[14.806s] [01m[K/usr/include/c++/9/bits/stl_vector.h:555:31:[m[K   required from ‘[01m[Kstd::vector<_Tp, _Alloc>::vector(const std::vector<_Tp, _Alloc>&) [with _Tp = FrenetPath; _Alloc = std::allocator<FrenetPath>][m[K’
[14.806s] [01m[K/home/aayush/newest_frenet_planner/src/frenet_planner_ported/src/frenet_planner.cpp:459:40:[m[K   required from here
[14.807s] [01m[K/usr/include/c++/9/bits/stl_uninitialized.h:127:72:[m[K [01;31m[Kerror: [m[Kstatic assertion failed: result type must be constructible from value type of input range
[14.807s]   127 |       static_assert(is_constructible<_ValueType2, decltype(*__first)>::[01;31m[Kvalue[m[K,
[14.807s]       |                                                                        [01;31m[K^~~~~[m[K
[24.473s] make[2]: *** [CMakeFiles/frenet_ros_obst.dir/build.make:63: CMakeFiles/frenet_ros_obst.dir/src/frenet_ros_obst.cpp.o] Error 1
[24.473s] make[2]: *** Waiting for unfinished jobs....
[24.612s] make[2]: *** [CMakeFiles/frenet_ros_obst.dir/build.make:76: CMakeFiles/frenet_ros_obst.dir/src/frenet_planner.cpp.o] Error 1
[24.613s] make[1]: *** [CMakeFiles/Makefile2:78: CMakeFiles/frenet_ros_obst.dir/all] Error 2
[24.613s] make: *** [Makefile:141: all] Error 2
[24.617s] Invoked command in '/home/aayush/newest_frenet_planner/build/frenet_planner_ported' returned '2': CMAKE_PREFIX_PATH=${CMAKE_PREFIX_PATH}:/home/aayush/newest_frenet_planner/install/dummy:/opt/ros/foxy /usr/bin/cmake --build /home/aayush/newest_frenet_planner/build/frenet_planner_ported -- -j2 -l2
