In file included from [01m[K/home/aayush/newest_frenet_planner/src/frenet_planner_ported/src/frenet_ros_obst.cpp:2[m[K:
[01m[K/home/aayush/newest_frenet_planner/src/frenet_planner_ported/src/../include/frenet_optimal_trajectory.hpp:10:1:[m[K [01;31m[Kerror: [m[Kexpected class-name before ‘[01m[K{[m[K’ token
   10 | [01;31m[K{[m[K
      | [01;31m[K^[m[K
[01m[K/home/aayush/newest_frenet_planner/src/frenet_planner_ported/src/../include/frenet_optimal_trajectory.hpp:[m[K In function ‘[01m[Kstd::ostream& operator<<(std::ostream&, const FrenetPath&)[m[K’:
[01m[K/home/aayush/newest_frenet_planner/src/frenet_planner_ported/src/../include/frenet_optimal_trajectory.hpp:82:20:[m[K [01;35m[Kwarning: [m[Kstatement has no effect [[01;35m[K-Wunused-value[m[K]
   82 | #define trace(...) [01;35m[K42[m[K
      |                    [01;35m[K^~[m[K
[01m[K/home/aayush/newest_frenet_planner/src/frenet_planner_ported/src/../include/frenet_optimal_trajectory.hpp:85:3:[m[K [01;36m[Knote: [m[Kin expansion of macro ‘[01m[Ktrace[m[K’
   85 |   [01;36m[Ktrace[m[K(fp.t);
      |   [01;36m[K^~~~~[m[K
[01m[K/home/aayush/newest_frenet_planner/src/frenet_planner_ported/src/../include/frenet_optimal_trajectory.hpp:82:20:[m[K [01;35m[Kwarning: [m[Kstatement has no effect [[01;35m[K-Wunused-value[m[K]
   82 | #define trace(...) [01;35m[K42[m[K
      |                    [01;35m[K^~[m[K
[01m[K/home/aayush/newest_frenet_planner/src/frenet_planner_ported/src/../include/frenet_optimal_trajectory.hpp:86:3:[m[K [01;36m[Knote: [m[Kin expansion of macro ‘[01m[Ktrace[m[K’
   86 |   [01;36m[Ktrace[m[K(fp.d);
      |   [01;36m[K^~~~~[m[K
[01m[K/home/aayush/newest_frenet_planner/src/frenet_planner_ported/src/../include/frenet_optimal_trajectory.hpp:82:20:[m[K [01;35m[Kwarning: [m[Kstatement has no effect [[01;35m[K-Wunused-value[m[K]
   82 | #define trace(...) [01;35m[K42[m[K
      |                    [01;35m[K^~[m[K
[01m[K/home/aayush/newest_frenet_planner/src/frenet_planner_ported/src/../include/frenet_optimal_trajectory.hpp:87:3:[m[K [01;36m[Knote: [m[Kin expansion of macro ‘[01m[Ktrace[m[K’
   87 |   [01;36m[Ktrace[m[K(fp.d_d);
      |   [01;36m[K^~~~~[m[K
[01m[K/home/aayush/newest_frenet_planner/src/frenet_planner_ported/src/../include/frenet_optimal_trajectory.hpp:82:20:[m[K [01;35m[Kwarning: [m[Kstatement has no effect [[01;35m[K-Wunused-value[m[K]
   82 | #define trace(...) [01;35m[K42[m[K
      |                    [01;35m[K^~[m[K
[01m[K/home/aayush/newest_frenet_planner/src/frenet_planner_ported/src/../include/frenet_optimal_trajectory.hpp:88:3:[m[K [01;36m[Knote: [m[Kin expansion of macro ‘[01m[Ktrace[m[K’
   88 |   [01;36m[Ktrace[m[K(fp.d_dd);
      |   [01;36m[K^~~~~[m[K
[01m[K/home/aayush/newest_frenet_planner/src/frenet_planner_ported/src/../include/frenet_optimal_trajectory.hpp:82:20:[m[K [01;35m[Kwarning: [m[Kstatement has no effect [[01;35m[K-Wunused-value[m[K]
   82 | #define trace(...) [01;35m[K42[m[K
      |                    [01;35m[K^~[m[K
[01m[K/home/aayush/newest_frenet_planner/src/frenet_planner_ported/src/../include/frenet_optimal_trajectory.hpp:89:3:[m[K [01;36m[Knote: [m[Kin expansion of macro ‘[01m[Ktrace[m[K’
   89 |   [01;36m[Ktrace[m[K(fp.d_ddd);
      |   [01;36m[K^~~~~[m[K
[01m[K/home/aayush/newest_frenet_planner/src/frenet_planner_ported/src/../include/frenet_optimal_trajectory.hpp:82:20:[m[K [01;35m[Kwarning: [m[Kstatement has no effect [[01;35m[K-Wunused-value[m[K]
   82 | #define trace(...) [01;35m[K42[m[K
      |                    [01;35m[K^~[m[K
[01m[K/home/aayush/newest_frenet_planner/src/frenet_planner_ported/src/../include/frenet_optimal_trajectory.hpp:90:3:[m[K [01;36m[Knote: [m[Kin expansion of macro ‘[01m[Ktrace[m[K’
   90 |   [01;36m[Ktrace[m[K(fp.s);
      |   [01;36m[K^~~~~[m[K
[01m[K/home/aayush/newest_frenet_planner/src/frenet_planner_ported/src/../include/frenet_optimal_trajectory.hpp:82:20:[m[K [01;35m[Kwarning: [m[Kstatement has no effect [[01;35m[K-Wunused-value[m[K]
   82 | #define trace(...) [01;35m[K42[m[K
      |                    [01;35m[K^~[m[K
[01m[K/home/aayush/newest_frenet_planner/src/frenet_planner_ported/src/../include/frenet_optimal_trajectory.hpp:91:3:[m[K [01;36m[Knote: [m[Kin expansion of macro ‘[01m[Ktrace[m[K’
   91 |   [01;36m[Ktrace[m[K(fp.s_d);
      |   [01;36m[K^~~~~[m[K
[01m[K/home/aayush/newest_frenet_planner/src/frenet_planner_ported/src/../include/frenet_optimal_trajectory.hpp:82:20:[m[K [01;35m[Kwarning: [m[Kstatement has no effect [[01;35m[K-Wunused-value[m[K]
   82 | #define trace(...) [01;35m[K42[m[K
      |                    [01;35m[K^~[m[K
[01m[K/home/aayush/newest_frenet_planner/src/frenet_planner_ported/src/../include/frenet_optimal_trajectory.hpp:92:3:[m[K [01;36m[Knote: [m[Kin expansion of macro ‘[01m[Ktrace[m[K’
   92 |   [01;36m[Ktrace[m[K(fp.s_dd);
      |   [01;36m[K^~~~~[m[K
[01m[K/home/aayush/newest_frenet_planner/src/frenet_planner_ported/src/../include/frenet_optimal_trajectory.hpp:82:20:[m[K [01;35m[Kwarning: [m[Kstatement has no effect [[01;35m[K-Wunused-value[m[K]
   82 | #define trace(...) [01;35m[K42[m[K
      |                    [01;35m[K^~[m[K
[01m[K/home/aayush/newest_frenet_planner/src/frenet_planner_ported/src/../include/frenet_optimal_trajectory.hpp:93:3:[m[K [01;36m[Knote: [m[Kin expansion of macro ‘[01m[Ktrace[m[K’
   93 |   [01;36m[Ktrace[m[K(fp.s_ddd);
      |   [01;36m[K^~~~~[m[K
[01m[K/home/aayush/newest_frenet_planner/src/frenet_planner_ported/src/../include/frenet_optimal_trajectory.hpp:82:20:[m[K [01;35m[Kwarning: [m[Kstatement has no effect [[01;35m[K-Wunused-value[m[K]
   82 | #define trace(...) [01;35m[K42[m[K
      |                    [01;35m[K^~[m[K
[01m[K/home/aayush/newest_frenet_planner/src/frenet_planner_ported/src/../include/frenet_optimal_trajectory.hpp:94:3:[m[K [01;36m[Knote: [m[Kin expansion of macro ‘[01m[Ktrace[m[K’
   94 |   [01;36m[Ktrace[m[K(fp.x);
      |   [01;36m[K^~~~~[m[K
[01m[K/home/aayush/newest_frenet_planner/src/frenet_planner_ported/src/../include/frenet_optimal_trajectory.hpp:82:20:[m[K [01;35m[Kwarning: [m[Kstatement has no effect [[01;35m[K-Wunused-value[m[K]
   82 | #define trace(...) [01;35m[K42[m[K
      |                    [01;35m[K^~[m[K
[01m[K/home/aayush/newest_frenet_planner/src/frenet_planner_ported/src/../include/frenet_optimal_trajectory.hpp:95:3:[m[K [01;36m[Knote: [m[Kin expansion of macro ‘[01m[Ktrace[m[K’
   95 |   [01;36m[Ktrace[m[K(fp.y);
      |   [01;36m[K^~~~~[m[K
[01m[K/home/aayush/newest_frenet_planner/src/frenet_planner_ported/src/../include/frenet_optimal_trajectory.hpp:82:20:[m[K [01;35m[Kwarning: [m[Kstatement has no effect [[01;35m[K-Wunused-value[m[K]
   82 | #define trace(...) [01;35m[K42[m[K
      |                    [01;35m[K^~[m[K
[01m[K/home/aayush/newest_frenet_planner/src/frenet_planner_ported/src/../include/frenet_optimal_trajectory.hpp:96:3:[m[K [01;36m[Knote: [m[Kin expansion of macro ‘[01m[Ktrace[m[K’
   96 |   [01;36m[Ktrace[m[K(fp.yaw);
      |   [01;36m[K^~~~~[m[K
[01m[K/home/aayush/newest_frenet_planner/src/frenet_planner_ported/src/../include/frenet_optimal_trajectory.hpp:82:20:[m[K [01;35m[Kwarning: [m[Kstatement has no effect [[01;35m[K-Wunused-value[m[K]
   82 | #define trace(...) [01;35m[K42[m[K
      |                    [01;35m[K^~[m[K
[01m[K/home/aayush/newest_frenet_planner/src/frenet_planner_ported/src/../include/frenet_optimal_trajectory.hpp:97:3:[m[K [01;36m[Knote: [m[Kin expansion of macro ‘[01m[Ktrace[m[K’
   97 |   [01;36m[Ktrace[m[K(fp.ds);
      |   [01;36m[K^~~~~[m[K
[01m[K/home/aayush/newest_frenet_planner/src/frenet_planner_ported/src/../include/frenet_optimal_trajectory.hpp:83:59:[m[K [01;35m[Kwarning: [m[Kunused parameter ‘[01m[Kfp[m[K’ [[01;35m[K-Wunused-parameter[m[K]
   83 | inline ostream& operator<<(ostream& os, [01;35m[Kconst FrenetPath& fp[m[K)
      |                                         [01;35m[K~~~~~~~~~~~~~~~~~~^~[m[K
[01m[K/home/aayush/newest_frenet_planner/src/frenet_planner_ported/src/frenet_ros_obst.cpp:[m[K At global scope:
[01m[K/home/aayush/newest_frenet_planner/src/frenet_planner_ported/src/frenet_ros_obst.cpp:6:17:[m[K [01;31m[Kerror: [m[K‘[01m[Kmatplotlibcpp[m[K’ is not a namespace-name
    6 | namespace plt = [01;31m[Kmatplotlibcpp[m[K;
      |                 [01;31m[K^~~~~~~~~~~~~[m[K
[01m[K/home/aayush/newest_frenet_planner/src/frenet_planner_ported/src/frenet_ros_obst.cpp:[m[K In function ‘[01m[Kvoid find_nearest_in_global_path(vecD&, vecD&, double&, double&, double&, int&, int, FrenetPath&)[m[K’:
[01m[K/home/aayush/newest_frenet_planner/src/frenet_planner_ported/src/frenet_ros_obst.cpp:31:12:[m[K [01;31m[Kerror: [m[K‘[01m[KFLT_MAX[m[K’ was not declared in this scope
   31 |  min_dis = [01;31m[KFLT_MAX[m[K;
      |            [01;31m[K^~~~~~~[m[K
[01m[K/home/aayush/newest_frenet_planner/src/frenet_planner_ported/src/frenet_ros_obst.cpp:4:1:[m[K [01;36m[Knote: [m[K‘[01m[KFLT_MAX[m[K’ is defined in header ‘[01m[K<cfloat>[m[K’; did you forget to ‘[01m[K#include <cfloat>[m[K’?
    3 | #include "../include/cubic_spline_planner.hpp"
  +++ |+[32m[K#include <cfloat>[m[K
    4 | //#include "../include/parameters.hpp"    //COMMIT CHANGE HERE
[01m[K/home/aayush/newest_frenet_planner/src/frenet_planner_ported/src/frenet_ros_obst.cpp:[m[K In function ‘[01m[Kdouble get_bot_yaw()[m[K’:
[01m[K/home/aayush/newest_frenet_planner/src/frenet_planner_ported/src/frenet_ros_obst.cpp:48:2:[m[K [01;31m[Kerror: [m[K‘[01m[Ktf2[m[K’ has not been declared
   48 |  [01;31m[Ktf2[m[K::Quaternion q(p.orientation.x, p.orientation.y, p.orientation.z, p.orientation.w);
      |  [01;31m[K^~~[m[K
[01m[K/home/aayush/newest_frenet_planner/src/frenet_planner_ported/src/frenet_ros_obst.cpp:49:2:[m[K [01;31m[Kerror: [m[K‘[01m[Ktf2[m[K’ has not been declared
   49 |  [01;31m[Ktf2[m[K::Matrix3x3 m(q);
      |  [01;31m[K^~~[m[K
[01m[K/home/aayush/newest_frenet_planner/src/frenet_planner_ported/src/frenet_ros_obst.cpp:51:2:[m[K [01;31m[Kerror: [m[K‘[01m[Km[m[K’ was not declared in this scope
   51 |  [01;31m[Km[m[K.getRPY(roll, pitch, yaw);
      |  [01;31m[K^[m[K
In file included from [01m[K/home/aayush/newest_frenet_planner/src/frenet_planner_ported/src/frenet_ros_obst.cpp:2[m[K:
[01m[K/home/aayush/newest_frenet_planner/src/frenet_planner_ported/src/../include/frenet_optimal_trajectory.hpp:82:20:[m[K [01;35m[Kwarning: [m[Kstatement has no effect [[01;35m[K-Wunused-value[m[K]
   82 | #define trace(...) [01;35m[K42[m[K
      |                    [01;35m[K^~[m[K
[01m[K/home/aayush/newest_frenet_planner/src/frenet_planner_ported/src/frenet_ros_obst.cpp:52:2:[m[K [01;36m[Knote: [m[Kin expansion of macro ‘[01m[Ktrace[m[K’
   52 |  [01;36m[Ktrace[m[K(yaw, pitch, roll); // is -nan
      |  [01;36m[K^~~~~[m[K
[01m[K/home/aayush/newest_frenet_planner/src/frenet_planner_ported/src/frenet_ros_obst.cpp:[m[K In function ‘[01m[Kvoid initial_conditions_path(Spline2D&, double&, double&, double&, double&, double&, double&, FrenetPath&)[m[K’:
[01m[K/home/aayush/newest_frenet_planner/src/frenet_planner_ported/src/frenet_ros_obst.cpp:56:40:[m[K [01;35m[Kwarning: [m[Kunused parameter ‘[01m[Kcsp[m[K’ [[01;35m[K-Wunused-parameter[m[K]
   56 | void initial_conditions_path([01;35m[KSpline2D &csp[m[K, double &s0, double &c_speed, double &c_d, double &c_d_d,
      |                              [01;35m[K~~~~~~~~~~^~~[m[K
In file included from [01m[K/home/aayush/newest_frenet_planner/src/frenet_planner_ported/src/frenet_ros_obst.cpp:2[m[K:
[01m[K/home/aayush/newest_frenet_planner/src/frenet_planner_ported/src/frenet_ros_obst.cpp:[m[K In function ‘[01m[Kint initial_conditions_new(Spline2D&, vecD&, vecD&, vecD&, vecD&, vecD&, double&, double&, double&, double&, double&, double&, FrenetPath&)[m[K’:
[01m[K/home/aayush/newest_frenet_planner/src/frenet_planner_ported/src/../include/frenet_optimal_trajectory.hpp:82:20:[m[K [01;35m[Kwarning: [m[Kstatement has no effect [[01;35m[K-Wunused-value[m[K]
   82 | #define trace(...) [01;35m[K42[m[K
      |                    [01;35m[K^~[m[K
[01m[K/home/aayush/newest_frenet_planner/src/frenet_planner_ported/src/frenet_ros_obst.cpp:97:2:[m[K [01;36m[Knote: [m[Kin expansion of macro ‘[01m[Ktrace[m[K’
   97 |  [01;36m[Ktrace[m[K(bot_yaw, g_path_yaw);
      |  [01;36m[K^~~~~[m[K
[01m[K/home/aayush/newest_frenet_planner/src/frenet_planner_ported/src/../include/frenet_optimal_trajectory.hpp:82:20:[m[K [01;35m[Kwarning: [m[Kstatement has no effect [[01;35m[K-Wunused-value[m[K]
   82 | #define trace(...) [01;35m[K42[m[K
      |                    [01;35m[K^~[m[K
[01m[K/home/aayush/newest_frenet_planner/src/frenet_planner_ported/src/frenet_ros_obst.cpp:99:2:[m[K [01;36m[Knote: [m[Kin expansion of macro ‘[01m[Ktrace[m[K’
   99 |  [01;36m[Ktrace[m[K(delta_theta);
      |  [01;36m[K^~~~~[m[K
[01m[K/home/aayush/newest_frenet_planner/src/frenet_planner_ported/src/frenet_ros_obst.cpp:72:38:[m[K [01;35m[Kwarning: [m[Kunused parameter ‘[01m[Kcsp[m[K’ [[01;35m[K-Wunused-parameter[m[K]
   72 | int initial_conditions_new([01;35m[KSpline2D &csp[m[K, vecD &global_s, vecD &global_x, vecD &global_y,
      |                            [01;35m[K~~~~~~~~~~^~~[m[K
[01m[K/home/aayush/newest_frenet_planner/src/frenet_planner_ported/src/frenet_ros_obst.cpp:[m[K At global scope:
[01m[K/home/aayush/newest_frenet_planner/src/frenet_planner_ported/src/frenet_ros_obst.cpp:108:33:[m[K [01;31m[Kerror: [m[Kvariable or field ‘[01m[KpublishPath[m[K’ declared void
  108 | void publishPath(nav_msgs::msg::[01;31m[KPath[m[K &path_msg, FrenetPath &path, vecD &rk, vecD &ryaw, double &c_speed,
      |                                 [01;31m[K^~~~[m[K
[01m[K/home/aayush/newest_frenet_planner/src/frenet_planner_ported/src/frenet_ros_obst.cpp:108:33:[m[K [01;31m[Kerror: [m[K‘[01m[KPath[m[K’ is not a member of ‘[01m[Knav_msgs::msg[m[K’
[01m[K/home/aayush/newest_frenet_planner/src/frenet_planner_ported/src/frenet_ros_obst.cpp:108:39:[m[K [01;31m[Kerror: [m[K‘[01m[Kpath_msg[m[K’ was not declared in this scope
  108 | void publishPath(nav_msgs::msg::Path &[01;31m[Kpath_msg[m[K, FrenetPath &path, vecD &rk, vecD &ryaw, double &c_speed,
      |                                       [01;31m[K^~~~~~~~[m[K
[01m[K/home/aayush/newest_frenet_planner/src/frenet_planner_ported/src/frenet_ros_obst.cpp:108:60:[m[K [01;31m[Kerror: [m[Kexpected primary-expression before ‘[01m[K&[m[K’ token
  108 | void publishPath(nav_msgs::msg::Path &path_msg, FrenetPath [01;31m[K&[m[Kpath, vecD &rk, vecD &ryaw, double &c_speed,
      |                                                            [01;31m[K^[m[K
[01m[K/home/aayush/newest_frenet_planner/src/frenet_planner_ported/src/frenet_ros_obst.cpp:108:61:[m[K [01;31m[Kerror: [m[K‘[01m[Kpath[m[K’ was not declared in this scope
  108 | void publishPath(nav_msgs::msg::Path &path_msg, FrenetPath &[01;31m[Kpath[m[K, vecD &rk, vecD &ryaw, double &c_speed,
      |                                                             [01;31m[K^~~~[m[K
[01m[K/home/aayush/newest_frenet_planner/src/frenet_planner_ported/src/frenet_ros_obst.cpp:108:72:[m[K [01;31m[Kerror: [m[Kexpected primary-expression before ‘[01m[K&[m[K’ token
  108 | hPath(nav_msgs::msg::Path &path_msg, FrenetPath &path, vecD [01;31m[K&[m[Krk, vecD &ryaw, double &c_speed,
      |                                                             [01;31m[K^[m[K

[01m[K/home/aayush/newest_frenet_planner/src/frenet_planner_ported/src/frenet_ros_obst.cpp:108:73:[m[K [01;31m[Kerror: [m[K‘[01m[Krk[m[K’ was not declared in this scope
  108 | Path(nav_msgs::msg::Path &path_msg, FrenetPath &path, vecD &[01;31m[Krk[m[K, vecD &ryaw, double &c_speed,
      |                                                             [01;31m[K^~[m[K

[01m[K/home/aayush/newest_frenet_planner/src/frenet_planner_ported/src/frenet_ros_obst.cpp:108:82:[m[K [01;31m[Kerror: [m[Kexpected primary-expression before ‘[01m[K&[m[K’ token
  108 | msgs::msg::Path &path_msg, FrenetPath &path, vecD &rk, vecD [01;31m[K&[m[Kryaw, double &c_speed,
      |                                                             [01;31m[K^[m[K

[01m[K/home/aayush/newest_frenet_planner/src/frenet_planner_ported/src/frenet_ros_obst.cpp:108:83:[m[K [01;31m[Kerror: [m[K‘[01m[Kryaw[m[K’ was not declared in this scope
  108 | sgs::msg::Path &path_msg, FrenetPath &path, vecD &rk, vecD &[01;31m[Kryaw[m[K, double &c_speed,
      |                                                             [01;31m[K^~~~[m[K

[01m[K/home/aayush/newest_frenet_planner/src/frenet_planner_ported/src/frenet_ros_obst.cpp:108:89:[m[K [01;31m[Kerror: [m[Kexpected primary-expression before ‘[01m[Kdouble[m[K’
  108 | :msg::Path &path_msg, FrenetPath &path, vecD &rk, vecD &ryaw, [01;31m[Kdouble[m[K &c_speed,
      |                                                               [01;31m[K^~~~~~[m[K

[01m[K/home/aayush/newest_frenet_planner/src/frenet_planner_ported/src/frenet_ros_obst.cpp:109:6:[m[K [01;31m[Kerror: [m[Kexpected primary-expression before ‘[01m[Kdouble[m[K’
  109 |      [01;31m[Kdouble[m[K &c_d, double &c_d_d)
      |      [01;31m[K^~~~~~[m[K
[01m[K/home/aayush/newest_frenet_planner/src/frenet_planner_ported/src/frenet_ros_obst.cpp:109:19:[m[K [01;31m[Kerror: [m[Kexpected primary-expression before ‘[01m[Kdouble[m[K’
  109 |      double &c_d, [01;31m[Kdouble[m[K &c_d_d)
      |                   [01;31m[K^~~~~~[m[K
[01m[K/home/aayush/newest_frenet_planner/src/frenet_planner_ported/src/frenet_ros_obst.cpp:[m[K In function ‘[01m[Kint main(int, char**)[m[K’:
[01m[K/home/aayush/newest_frenet_planner/src/frenet_planner_ported/src/frenet_ros_obst.cpp:132:2:[m[K [01;31m[Kerror: [m[K‘[01m[Krclcpp[m[K’ has not been declared
  132 |  [01;31m[Krclcpp[m[K::init(argc, argv);
      |  [01;31m[K^~~~~~[m[K
[01m[K/home/aayush/newest_frenet_planner/src/frenet_planner_ported/src/frenet_ros_obst.cpp:133:31:[m[K [01;31m[Kerror: [m[K‘[01m[KFrenetClass[m[K’ was not declared in this scope
  133 |  auto node = std::make_shared<[01;31m[KFrenetClass[m[K>();
      |                               [01;31m[K^~~~~~~~~~~[m[K
[01m[K/home/aayush/newest_frenet_planner/src/frenet_planner_ported/src/frenet_ros_obst.cpp:133:44:[m[K [01;31m[Kerror: [m[Kno matching function for call to ‘[01m[Kmake_shared<<expression error> >()[m[K’
  133 |  auto node = std::make_shared<FrenetClass>([01;31m[K)[m[K;
      |                                            [01;31m[K^[m[K
In file included from [01m[K/usr/include/c++/9/memory:81[m[K,
                 from [01m[K/opt/ros/foxy/include/rosidl_runtime_cpp/bounded_vector.hpp:19[m[K,
                 from [01m[K/opt/ros/foxy/include/nav_msgs/msg/detail/odometry__struct.hpp:8[m[K,
                 from [01m[K/opt/ros/foxy/include/nav_msgs/msg/odometry.hpp:7[m[K,
                 from [01m[K/home/aayush/newest_frenet_planner/src/frenet_planner_ported/src/../include/../include/parameters.hpp:3[m[K,
                 from [01m[K/home/aayush/newest_frenet_planner/src/frenet_planner_ported/src/../include/frenet_optimal_trajectory.hpp:5[m[K,
                 from [01m[K/home/aayush/newest_frenet_planner/src/frenet_planner_ported/src/frenet_ros_obst.cpp:2[m[K:
[01m[K/usr/include/c++/9/bits/shared_ptr.h:714:5:[m[K [01;36m[Knote: [m[Kcandidate: ‘[01m[Ktemplate<class _Tp, class ... _Args> std::shared_ptr<_Tp> std::make_shared(_Args&& ...)[m[K’
  714 |     [01;36m[Kmake_shared[m[K(_Args&&... __args)
      |     [01;36m[K^~~~~~~~~~~[m[K
[01m[K/usr/include/c++/9/bits/shared_ptr.h:714:5:[m[K [01;36m[Knote: [m[K  template argument deduction/substitution failed:
[01m[K/home/aayush/newest_frenet_planner/src/frenet_planner_ported/src/frenet_ros_obst.cpp:133:44:[m[K [01;31m[Kerror: [m[Ktemplate argument 1 is invalid
  133 |  auto node = std::make_shared<FrenetClass>([01;31m[K)[m[K;
      |                                            [01;31m[K^[m[K
[01m[K/home/aayush/newest_frenet_planner/src/frenet_planner_ported/src/frenet_ros_obst.cpp:138:2:[m[K [01;31m[Kerror: [m[K‘[01m[KRCLCPP_INFO[m[K’ was not declared in this scope
  138 |  [01;31m[KRCLCPP_INFO[m[K(node->get_logger(), "running main");
      |  [01;31m[K^~~~~~~~~~~[m[K
[01m[K/home/aayush/newest_frenet_planner/src/frenet_planner_ported/src/frenet_ros_obst.cpp:162:2:[m[K [01;31m[Kerror: [m[K‘[01m[Kplt[m[K’ has not been declared
  162 |  [01;31m[Kplt[m[K::ion();
      |  [01;31m[K^~~[m[K
[01m[K/home/aayush/newest_frenet_planner/src/frenet_planner_ported/src/frenet_ros_obst.cpp:163:3:[m[K [01;31m[Kerror: [m[K‘[01m[Kplt[m[K’ has not been declared
  163 |   [01;31m[Kplt[m[K::show();
      |   [01;31m[K^~~[m[K
[01m[K/home/aayush/newest_frenet_planner/src/frenet_planner_ported/src/frenet_ros_obst.cpp:168:9:[m[K [01;31m[Kerror: [m[K‘[01m[Krclcpp[m[K’ has not been declared
  168 |  while ([01;31m[Krclcpp[m[K::ok())
      |         [01;31m[K^~~~~~[m[K
[01m[K/home/aayush/newest_frenet_planner/src/frenet_planner_ported/src/frenet_ros_obst.cpp:171:3:[m[K [01;31m[Kerror: [m[K‘[01m[Krclcpp[m[K’ has not been declared
  171 |   [01;31m[Krclcpp[m[K::spin_some(node);
      |   [01;31m[K^~~~~~[m[K
[01m[K/home/aayush/newest_frenet_planner/src/frenet_planner_ported/src/frenet_ros_obst.cpp:172:12:[m[K [01;31m[Kerror: [m[Kaggregate ‘[01m[Kstd::ofstream fout[m[K’ has incomplete type and cannot be defined
  172 |   ofstream [01;31m[Kfout[m[K;
      |            [01;31m[K^~~~[m[K
In file included from [01m[K/home/aayush/newest_frenet_planner/src/frenet_planner_ported/src/frenet_ros_obst.cpp:2[m[K:
[01m[K/home/aayush/newest_frenet_planner/src/frenet_planner_ported/src/../include/frenet_optimal_trajectory.hpp:82:20:[m[K [01;35m[Kwarning: [m[Kstatement has no effect [[01;35m[K-Wunused-value[m[K]
   82 | #define trace(...) [01;35m[K42[m[K
      |                    [01;35m[K^~[m[K
[01m[K/home/aayush/newest_frenet_planner/src/frenet_planner_ported/src/frenet_ros_obst.cpp:205:3:[m[K [01;36m[Knote: [m[Kin expansion of macro ‘[01m[Ktrace[m[K’
  205 |   [01;36m[Ktrace[m[K("frenet optimal planning", s0, c_speed, c_d, c_d_d, c_d_dd, lp, bot_yaw);
      |   [01;36m[K^~~~~[m[K
[01m[K/home/aayush/newest_frenet_planner/src/frenet_planner_ported/src/frenet_ros_obst.cpp:243:18:[m[K [01;31m[Kerror: [m[K‘[01m[KPath[m[K’ is not a member of ‘[01m[Knav_msgs::msg[m[K’
  243 |   nav_msgs::msg::[01;31m[KPath[m[K path_msg;
      |                  [01;31m[K^~~~[m[K
[01m[K/home/aayush/newest_frenet_planner/src/frenet_planner_ported/src/frenet_ros_obst.cpp:244:18:[m[K [01;31m[Kerror: [m[K‘[01m[KPath[m[K’ is not a member of ‘[01m[Knav_msgs::msg[m[K’
  244 |   nav_msgs::msg::[01;31m[KPath[m[K global_path_msg;
      |                  [01;31m[K^~~~[m[K
[01m[K/home/aayush/newest_frenet_planner/src/frenet_planner_ported/src/frenet_ros_obst.cpp:245:3:[m[K [01;31m[Kerror: [m[K‘[01m[Kpath_msg[m[K’ was not declared in this scope
  245 |   [01;31m[Kpath_msg[m[K.header.frame_id = "map";
      |   [01;31m[K^~~~~~~~[m[K
[01m[K/home/aayush/newest_frenet_planner/src/frenet_planner_ported/src/frenet_ros_obst.cpp:246:3:[m[K [01;31m[Kerror: [m[K‘[01m[Kglobal_path_msg[m[K’ was not declared in this scope
  246 |   [01;31m[Kglobal_path_msg[m[K.header.frame_id = "map";
      |   [01;31m[K^~~~~~~~~~~~~~~[m[K
[01m[K/home/aayush/newest_frenet_planner/src/frenet_planner_ported/src/frenet_ros_obst.cpp:251:24:[m[K [01;31m[Kerror: [m[K‘[01m[KPoseStamped[m[K’ is not a member of ‘[01m[Kgeometry_msgs::msg[m[K’; did you mean ‘[01m[KPolygonStamped[m[K’?
  251 |    geometry_msgs::msg::[01;31m[KPoseStamped[m[K loc;
      |                        [01;31m[K^~~~~~~~~~~[m[K
      |                        [32m[KPolygonStamped[m[K
[01m[K/home/aayush/newest_frenet_planner/src/frenet_planner_ported/src/frenet_ros_obst.cpp:252:4:[m[K [01;31m[Kerror: [m[K‘[01m[Kloc[m[K’ was not declared in this scope; did you mean ‘[01m[Klog[m[K’?
  252 |    [01;31m[Kloc[m[K.pose.position.x = rx[i];
      |    [01;31m[K^~~[m[K
      |    [32m[Klog[m[K
[01m[K/home/aayush/newest_frenet_planner/src/frenet_planner_ported/src/frenet_ros_obst.cpp:259:4:[m[K [01;31m[Kerror: [m[K‘[01m[Kplt[m[K’ has not been declared
  259 |    [01;31m[Kplt[m[K::ion();
      |    [01;31m[K^~~[m[K
[01m[K/home/aayush/newest_frenet_planner/src/frenet_planner_ported/src/frenet_ros_obst.cpp:260:4:[m[K [01;31m[Kerror: [m[K‘[01m[Kplt[m[K’ has not been declared
  260 |    [01;31m[Kplt[m[K::show();
      |    [01;31m[K^~~[m[K
[01m[K/home/aayush/newest_frenet_planner/src/frenet_planner_ported/src/frenet_ros_obst.cpp:261:4:[m[K [01;31m[Kerror: [m[K‘[01m[Kplt[m[K’ has not been declared
  261 |    [01;31m[Kplt[m[K::plot(lp.get_x(), lp.get_y());
      |    [01;31m[K^~~[m[K
[01m[K/home/aayush/newest_frenet_planner/src/frenet_planner_ported/src/frenet_ros_obst.cpp:262:4:[m[K [01;31m[Kerror: [m[K‘[01m[Kplt[m[K’ has not been declared
  262 |    [01;31m[Kplt[m[K::pause(0.001);
      |    [01;31m[K^~~[m[K
[01m[K/home/aayush/newest_frenet_planner/src/frenet_planner_ported/src/frenet_ros_obst.cpp:263:4:[m[K [01;31m[Kerror: [m[K‘[01m[Kplt[m[K’ has not been declared
  263 |    [01;31m[Kplt[m[K::plot(rx, ry);
      |    [01;31m[K^~~[m[K
[01m[K/home/aayush/newest_frenet_planner/src/frenet_planner_ported/src/frenet_ros_obst.cpp:264:4:[m[K [01;31m[Kerror: [m[K‘[01m[Kplt[m[K’ has not been declared
  264 |    [01;31m[Kplt[m[K::scatter(ob_x,ob_y);
      |    [01;31m[K^~~[m[K
[01m[K/home/aayush/newest_frenet_planner/src/frenet_planner_ported/src/frenet_ros_obst.cpp:265:4:[m[K [01;31m[Kerror: [m[K‘[01m[Kplt[m[K’ has not been declared
  265 |    [01;31m[Kplt[m[K::pause(0.001);
      |    [01;31m[K^~~[m[K
[01m[K/home/aayush/newest_frenet_planner/src/frenet_planner_ported/src/frenet_ros_obst.cpp:275:3:[m[K [01;31m[Kerror: [m[K‘[01m[KpublishPath[m[K’ was not declared in this scope
  275 |   [01;31m[KpublishPath[m[K(path_msg, path, rk, ryaw, c_d, c_speed, c_d_d);
      |   [01;31m[K^~~~~~~~~~~[m[K
[01m[K/home/aayush/newest_frenet_planner/src/frenet_planner_ported/src/frenet_ros_obst.cpp:175:10:[m[K [01;35m[Kwarning: [m[Kunused variable ‘[01m[KstartTime1[m[K’ [[01;35m[K-Wunused-variable[m[K]
  175 |   double [01;35m[KstartTime1[m[K = omp_get_wtime();
      |          [01;35m[K^~~~~~~~~~[m[K
[01m[K/home/aayush/newest_frenet_planner/src/frenet_planner_ported/src/frenet_ros_obst.cpp:194:10:[m[K [01;35m[Kwarning: [m[Kunused variable ‘[01m[KendTime1[m[K’ [[01;35m[K-Wunused-variable[m[K]
  194 |   double [01;35m[KendTime1[m[K = omp_get_wtime();
      |          [01;35m[K^~~~~~~~[m[K
[01m[K/home/aayush/newest_frenet_planner/src/frenet_planner_ported/src/frenet_ros_obst.cpp:273:10:[m[K [01;35m[Kwarning: [m[Kunused variable ‘[01m[KstartTime3[m[K’ [[01;35m[K-Wunused-variable[m[K]
  273 |   double [01;35m[KstartTime3[m[K = omp_get_wtime();
      |          [01;35m[K^~~~~~~~~~[m[K
[01m[K/home/aayush/newest_frenet_planner/src/frenet_planner_ported/src/frenet_ros_obst.cpp:276:10:[m[K [01;35m[Kwarning: [m[Kunused variable ‘[01m[KendTime3[m[K’ [[01;35m[K-Wunused-variable[m[K]
  276 |   double [01;35m[KendTime3[m[K = omp_get_wtime();
      |          [01;35m[K^~~~~~~~[m[K
[01m[K/home/aayush/newest_frenet_planner/src/frenet_planner_ported/src/frenet_ros_obst.cpp:131:7:[m[K [01;35m[Kwarning: [m[Kunused variable ‘[01m[KgotOdom[m[K’ [[01;35m[K-Wunused-variable[m[K]
  131 |  bool [01;35m[KgotOdom[m[K = false;
      |       [01;35m[K^~~~~~~[m[K
[01m[K/home/aayush/newest_frenet_planner/src/frenet_planner_ported/src/frenet_ros_obst.cpp:165:9:[m[K [01;35m[Kwarning: [m[Kunused variable ‘[01m[Kpltbasetime[m[K’ [[01;35m[K-Wunused-variable[m[K]
  165 |  double [01;35m[Kpltbasetime[m[K = omp_get_wtime();
      |         [01;35m[K^~~~~~~~~~~[m[K
[01m[K/home/aayush/newest_frenet_planner/src/frenet_planner_ported/src/frenet_ros_obst.cpp:167:6:[m[K [01;35m[Kwarning: [m[Kunused variable ‘[01m[Kiteration_count[m[K’ [[01;35m[K-Wunused-variable[m[K]
  167 |  int [01;35m[Kiteration_count[m[K = 1;
      |      [01;35m[K^~~~~~~~~~~~~~~[m[K
make[2]: *** [CMakeFiles/frenet_ros_obst.dir/build.make:63: CMakeFiles/frenet_ros_obst.dir/src/frenet_ros_obst.cpp.o] Error 1
make[1]: *** [CMakeFiles/Makefile2:78: CMakeFiles/frenet_ros_obst.dir/all] Error 2
make: *** [Makefile:141: all] Error 2
