[0.895s] Invoking command in '/home/aayush/newest_frenet_planner/build/frenet_planner_ported': CMAKE_PREFIX_PATH=${CMAKE_PREFIX_PATH}:/home/aayush/newest_frenet_planner/install/dummy:/opt/ros/foxy /usr/bin/cmake --build /home/aayush/newest_frenet_planner/build/frenet_planner_ported -- -j2 -l2
[1.067s] [35m[1mScanning dependencies of target frenet_ros_obst[0m
[1.316s] [ 20%] [32mBuilding CXX object CMakeFiles/frenet_ros_obst.dir/src/frenet_ros_obst.cpp.o[0m
[6.907s] In file included from [01m[K/home/aayush/newest_frenet_planner/src/frenet_planner_ported/src/../include/frenet_class.hpp:11[m[K,
[6.908s]                  from [01m[K/home/aayush/newest_frenet_planner/src/frenet_planner_ported/src/frenet_ros_obst.cpp:1[m[K:
[6.908s] [01m[K/home/aayush/newest_frenet_planner/src/frenet_planner_ported/./include/matplotlibcpp.hpp:314:36:[m[K [01;35m[Kwarning: [m[Kstatic_assert without a message only available with ‘[01m[K-std=c++17[m[K’ or ‘[01m[K-std=gnu++17[m[K’ [[01;35m[K-Wpedantic[m[K]
[6.908s]   314 | static_assert(sizeof(long long) == [01;35m[K8[m[K);
[6.908s]       |                                    [01;35m[K^[m[K
[6.909s] [01m[K/home/aayush/newest_frenet_planner/src/frenet_planner_ported/./include/matplotlibcpp.hpp:316:45:[m[K [01;35m[Kwarning: [m[Kstatic_assert without a message only available with ‘[01m[K-std=c++17[m[K’ or ‘[01m[K-std=gnu++17[m[K’ [[01;35m[K-Wpedantic[m[K]
[6.909s]   316 | static_assert(sizeof(unsigned long long) == [01;35m[K8[m[K);
[6.909s]       |                                             [01;35m[K^[m[K
[9.859s] In file included from [01m[K/home/aayush/newest_frenet_planner/src/frenet_planner_ported/src/frenet_ros_obst.cpp:1[m[K:
[9.859s] [01m[K/home/aayush/newest_frenet_planner/src/frenet_planner_ported/src/../include/frenet_class.hpp:129:81:[m[K [01;35m[Kwarning: [m[K‘[01m[Kgeometry_msgs::msg::PolygonStamped_<std::allocator<void> >::ConstPtr[m[K’ is deprecated [[01;35m[K-Wdeprecated-declarations[m[K]
[9.859s]   129 | allback(const geometry_msgs::msg::PolygonStamped::ConstPtr p[01;35m[K)[m[K
[9.860s]       |                                                             [01;35m[K^[m[K
[9.860s] 
[9.867s] In file included from [01m[K/opt/ros/foxy/include/geometry_msgs/msg/polygon_stamped.hpp:7[m[K,
[9.868s]                  from [01m[K/home/aayush/newest_frenet_planner/src/frenet_planner_ported/src/../include/frenet_class.hpp:8[m[K,
[9.868s]                  from [01m[K/home/aayush/newest_frenet_planner/src/frenet_planner_ported/src/frenet_ros_obst.cpp:1[m[K:
[9.868s] [01m[K/opt/ros/foxy/include/geometry_msgs/msg/detail/polygon_stamped__struct.hpp:114:5:[m[K [01;36m[Knote: [m[Kdeclared here
[9.869s]   114 |     [01;36m[KConstPtr[m[K;
[9.869s]       |     [01;36m[K^~~~~~~~[m[K
[9.869s] In file included from [01m[K/home/aayush/newest_frenet_planner/src/frenet_planner_ported/src/frenet_ros_obst.cpp:1[m[K:
[9.869s] [01m[K/home/aayush/newest_frenet_planner/src/frenet_planner_ported/src/../include/frenet_class.hpp:135:67:[m[K [01;35m[Kwarning: [m[K‘[01m[Knav_msgs::msg::Odometry_<std::allocator<void> >::ConstPtr[m[K’ is deprecated [[01;35m[K-Wdeprecated-declarations[m[K]
[9.870s]   135 |     void odom_callback(const nav_msgs::msg::Odometry::ConstPtr msg[01;35m[K)[m[K
[9.870s]       |                                                                   [01;35m[K^[m[K
[9.870s] In file included from [01m[K/opt/ros/foxy/include/nav_msgs/msg/odometry.hpp:7[m[K,
[9.870s]                  from [01m[K/home/aayush/newest_frenet_planner/src/frenet_planner_ported/src/../include/frenet_class.hpp:6[m[K,
[9.871s]                  from [01m[K/home/aayush/newest_frenet_planner/src/frenet_planner_ported/src/frenet_ros_obst.cpp:1[m[K:
[9.871s] [01m[K/opt/ros/foxy/include/nav_msgs/msg/detail/odometry__struct.hpp:145:5:[m[K [01;36m[Knote: [m[Kdeclared here
[9.871s]   145 |     [01;36m[KConstPtr[m[K;
[9.871s]       |     [01;36m[K^~~~~~~~[m[K
[9.871s] In file included from [01m[K/home/aayush/newest_frenet_planner/src/frenet_planner_ported/src/frenet_ros_obst.cpp:1[m[K:
[9.872s] [01m[K/home/aayush/newest_frenet_planner/src/frenet_planner_ported/src/../include/frenet_class.hpp:139:86:[m[K [01;35m[Kwarning: [m[K‘[01m[Knav_msgs::msg::OccupancyGrid_<std::allocator<void> >::ConstPtr[m[K’ is deprecated [[01;35m[K-Wdeprecated-declarations[m[K]
[9.872s]   139 | (const nav_msgs::msg::OccupancyGrid::ConstPtr occupancy_grid[01;35m[K)[m[K
[9.872s]       |                                                             [01;35m[K^[m[K
[9.872s] 
[9.874s] In file included from [01m[K/opt/ros/foxy/include/nav_msgs/msg/occupancy_grid.hpp:7[m[K,
[9.874s]                  from [01m[K/home/aayush/newest_frenet_planner/src/frenet_planner_ported/src/../include/frenet_class.hpp:7[m[K,
[9.874s]                  from [01m[K/home/aayush/newest_frenet_planner/src/frenet_planner_ported/src/frenet_ros_obst.cpp:1[m[K:
[9.874s] [01m[K/opt/ros/foxy/include/nav_msgs/msg/detail/occupancy_grid__struct.hpp:123:5:[m[K [01;36m[Knote: [m[Kdeclared here
[9.874s]   123 |     [01;36m[KConstPtr[m[K;
[9.875s]       |     [01;36m[K^~~~~~~~[m[K
[10.001s] In file included from [01m[K/home/aayush/newest_frenet_planner/src/frenet_planner_ported/src/frenet_ros_obst.cpp:1[m[K:
[10.001s] [01m[K/home/aayush/newest_frenet_planner/src/frenet_planner_ported/src/../include/frenet_class.hpp:[m[K In member function ‘[01m[Kvoid FrenetClass::costmap_callback(nav_msgs::msg::OccupancyGrid_<std::allocator<void> >::ConstPtr)[m[K’:
[10.001s] [01m[K/home/aayush/newest_frenet_planner/src/frenet_planner_ported/src/../include/frenet_class.hpp:169:22:[m[K [01;35m[Kwarning: [m[Kcomparison of integer expressions of different signedness: ‘[01m[Klong int[m[K’ and ‘[01m[Kstd::vector<std::pair<double, double> >::size_type[m[K’ {aka ‘[01m[Klong unsigned int[m[K’} [[01;35m[K-Wsign-compare[m[K]
[10.002s]   169 |   for (long i = 0; [01;35m[Ki < ob1.size()[m[K; i++)
[10.002s]       |                    [01;35m[K~~^~~~~~~~~~~~[m[K
[10.002s] [01m[K/home/aayush/newest_frenet_planner/src/frenet_planner_ported/src/../include/frenet_class.hpp:149:13:[m[K [01;35m[Kwarning: [m[Kunused variable ‘[01m[KstartTime1[m[K’ [[01;35m[K-Wunused-variable[m[K]
[10.003s]   149 |      double [01;35m[KstartTime1[m[K = omp_get_wtime();
[10.003s]       |             [01;35m[K^~~~~~~~~~[m[K
[10.007s] In file included from [01m[K/home/aayush/newest_frenet_planner/src/frenet_planner_ported/src/frenet_ros_obst.cpp:2[m[K:
[10.007s] [01m[K/home/aayush/newest_frenet_planner/src/frenet_planner_ported/src/../include/frenet_optimal_trajectory.hpp:[m[K In function ‘[01m[Kstd::ostream& operator<<(std::ostream&, const FrenetPath&)[m[K’:
[10.008s] [01m[K/home/aayush/newest_frenet_planner/src/frenet_planner_ported/src/../include/frenet_optimal_trajectory.hpp:80:20:[m[K [01;35m[Kwarning: [m[Kstatement has no effect [[01;35m[K-Wunused-value[m[K]
[10.008s]    80 | #define trace(...) [01;35m[K42[m[K
[10.008s]       |                    [01;35m[K^~[m[K
[10.009s] [01m[K/home/aayush/newest_frenet_planner/src/frenet_planner_ported/src/../include/frenet_optimal_trajectory.hpp:80:20:[m[K [01;36m[Knote: [m[Kin definition of macro ‘[01m[Ktrace[m[K’
[10.009s]    80 | #define trace(...) [01;36m[K42[m[K
[10.009s]       |                    [01;36m[K^~[m[K
[10.012s] [01m[K/home/aayush/newest_frenet_planner/src/frenet_planner_ported/src/../include/frenet_optimal_trajectory.hpp:80:20:[m[K [01;35m[Kwarning: [m[Kstatement has no effect [[01;35m[K-Wunused-value[m[K]
[10.012s]    80 | #define trace(...) [01;35m[K42[m[K
[10.013s]       |                    [01;35m[K^~[m[K
[10.013s] [01m[K/home/aayush/newest_frenet_planner/src/frenet_planner_ported/src/../include/frenet_optimal_trajectory.hpp:80:20:[m[K [01;36m[Knote: [m[Kin definition of macro ‘[01m[Ktrace[m[K’
[10.013s]    80 | #define trace(...) [01;36m[K42[m[K
[10.013s]       |                    [01;36m[K^~[m[K
[10.014s] [01m[K/home/aayush/newest_frenet_planner/src/frenet_planner_ported/src/../include/frenet_optimal_trajectory.hpp:80:20:[m[K [01;35m[Kwarning: [m[Kstatement has no effect [[01;35m[K-Wunused-value[m[K]
[10.014s]    80 | #define trace(...) [01;35m[K42[m[K
[10.014s]       |                    [01;35m[K^~[m[K
[10.015s] [01m[K/home/aayush/newest_frenet_planner/src/frenet_planner_ported/src/../include/frenet_optimal_trajectory.hpp:80:20:[m[K [01;36m[Knote: [m[Kin definition of macro ‘[01m[Ktrace[m[K’
[10.015s]    80 | #define trace(...) [01;36m[K42[m[K
[10.015s]       |                    [01;36m[K^~[m[K
[10.016s] [01m[K/home/aayush/newest_frenet_planner/src/frenet_planner_ported/src/../include/frenet_optimal_trajectory.hpp:80:20:[m[K [01;35m[Kwarning: [m[Kstatement has no effect [[01;35m[K-Wunused-value[m[K]
[10.016s]    80 | #define trace(...) [01;35m[K42[m[K
[10.016s]       |                    [01;35m[K^~[m[K
[10.017s] [01m[K/home/aayush/newest_frenet_planner/src/frenet_planner_ported/src/../include/frenet_optimal_trajectory.hpp:80:20:[m[K [01;36m[Knote: [m[Kin definition of macro ‘[01m[Ktrace[m[K’
[10.017s]    80 | #define trace(...) [01;36m[K42[m[K
[10.017s]       |                    [01;36m[K^~[m[K
[10.017s] [01m[K/home/aayush/newest_frenet_planner/src/frenet_planner_ported/src/../include/frenet_optimal_trajectory.hpp:80:20:[m[K [01;35m[Kwarning: [m[Kstatement has no effect [[01;35m[K-Wunused-value[m[K]
[10.018s]    80 | #define trace(...) [01;35m[K42[m[K
[10.018s]       |                    [01;35m[K^~[m[K
[10.018s] [01m[K/home/aayush/newest_frenet_planner/src/frenet_planner_ported/src/../include/frenet_optimal_trajectory.hpp:80:20:[m[K [01;36m[Knote: [m[Kin definition of macro ‘[01m[Ktrace[m[K’
[10.019s]    80 | #define trace(...) [01;36m[K42[m[K
[10.019s]       |                    [01;36m[K^~[m[K
[10.019s] [01m[K/home/aayush/newest_frenet_planner/src/frenet_planner_ported/src/../include/frenet_optimal_trajectory.hpp:80:20:[m[K [01;35m[Kwarning: [m[Kstatement has no effect [[01;35m[K-Wunused-value[m[K]
[10.020s]    80 | #define trace(...) [01;35m[K42[m[K
[10.020s]       |                    [01;35m[K^~[m[K
[10.020s] [01m[K/home/aayush/newest_frenet_planner/src/frenet_planner_ported/src/../include/frenet_optimal_trajectory.hpp:80:20:[m[K [01;36m[Knote: [m[Kin definition of macro ‘[01m[Ktrace[m[K’
[10.021s]    80 | #define trace(...) [01;36m[K42[m[K
[10.021s]       |                    [01;36m[K^~[m[K
[10.021s] [01m[K/home/aayush/newest_frenet_planner/src/frenet_planner_ported/src/../include/frenet_optimal_trajectory.hpp:80:20:[m[K [01;35m[Kwarning: [m[Kstatement has no effect [[01;35m[K-Wunused-value[m[K]
[10.022s]    80 | #define trace(...) [01;35m[K42[m[K
[10.022s]       |                    [01;35m[K^~[m[K
[10.022s] [01m[K/home/aayush/newest_frenet_planner/src/frenet_planner_ported/src/../include/frenet_optimal_trajectory.hpp:80:20:[m[K [01;36m[Knote: [m[Kin definition of macro ‘[01m[Ktrace[m[K’
[10.022s]    80 | #define trace(...) [01;36m[K42[m[K
[10.023s]       |                    [01;36m[K^~[m[K
[10.023s] [01m[K/home/aayush/newest_frenet_planner/src/frenet_planner_ported/src/../include/frenet_optimal_trajectory.hpp:80:20:[m[K [01;35m[Kwarning: [m[Kstatement has no effect [[01;35m[K-Wunused-value[m[K]
[10.023s]    80 | #define trace(...) [01;35m[K42[m[K
[10.023s]       |                    [01;35m[K^~[m[K
[10.024s] [01m[K/home/aayush/newest_frenet_planner/src/frenet_planner_ported/src/../include/frenet_optimal_trajectory.hpp:80:20:[m[K [01;36m[Knote: [m[Kin definition of macro ‘[01m[Ktrace[m[K’
[10.024s]    80 | #define trace(...) [01;36m[K42[m[K
[10.024s]       |                    [01;36m[K^~[m[K
[10.024s] [01m[K/home/aayush/newest_frenet_planner/src/frenet_planner_ported/src/../include/frenet_optimal_trajectory.hpp:80:20:[m[K [01;35m[Kwarning: [m[Kstatement has no effect [[01;35m[K-Wunused-value[m[K]
[10.025s]    80 | #define trace(...) [01;35m[K42[m[K
[10.025s]       |                    [01;35m[K^~[m[K
[10.025s] [01m[K/home/aayush/newest_frenet_planner/src/frenet_planner_ported/src/../include/frenet_optimal_trajectory.hpp:80:20:[m[K [01;36m[Knote: [m[Kin definition of macro ‘[01m[Ktrace[m[K’
[10.025s]    80 | #define trace(...) [01;36m[K42[m[K
[10.026s]       |                    [01;36m[K^~[m[K
[10.026s] [01m[K/home/aayush/newest_frenet_planner/src/frenet_planner_ported/src/../include/frenet_optimal_trajectory.hpp:80:20:[m[K [01;35m[Kwarning: [m[Kstatement has no effect [[01;35m[K-Wunused-value[m[K]
[10.026s]    80 | #define trace(...) [01;35m[K42[m[K
[10.027s]       |                    [01;35m[K^~[m[K
[10.027s] [01m[K/home/aayush/newest_frenet_planner/src/frenet_planner_ported/src/../include/frenet_optimal_trajectory.hpp:80:20:[m[K [01;36m[Knote: [m[Kin definition of macro ‘[01m[Ktrace[m[K’
[10.027s]    80 | #define trace(...) [01;36m[K42[m[K
[10.027s]       |                    [01;36m[K^~[m[K
[10.027s] [01m[K/home/aayush/newest_frenet_planner/src/frenet_planner_ported/src/../include/frenet_optimal_trajectory.hpp:80:20:[m[K [01;35m[Kwarning: [m[Kstatement has no effect [[01;35m[K-Wunused-value[m[K]
[10.028s]    80 | #define trace(...) [01;35m[K42[m[K
[10.028s]       |                    [01;35m[K^~[m[K
[10.028s] [01m[K/home/aayush/newest_frenet_planner/src/frenet_planner_ported/src/../include/frenet_optimal_trajectory.hpp:80:20:[m[K [01;36m[Knote: [m[Kin definition of macro ‘[01m[Ktrace[m[K’
[10.028s]    80 | #define trace(...) [01;36m[K42[m[K
[10.029s]       |                    [01;36m[K^~[m[K
[10.029s] [01m[K/home/aayush/newest_frenet_planner/src/frenet_planner_ported/src/../include/frenet_optimal_trajectory.hpp:80:20:[m[K [01;35m[Kwarning: [m[Kstatement has no effect [[01;35m[K-Wunused-value[m[K]
[10.029s]    80 | #define trace(...) [01;35m[K42[m[K
[10.029s]       |                    [01;35m[K^~[m[K
[10.030s] [01m[K/home/aayush/newest_frenet_planner/src/frenet_planner_ported/src/../include/frenet_optimal_trajectory.hpp:80:20:[m[K [01;36m[Knote: [m[Kin definition of macro ‘[01m[Ktrace[m[K’
[10.030s]    80 | #define trace(...) [01;36m[K42[m[K
[10.030s]       |                    [01;36m[K^~[m[K
[10.030s] [01m[K/home/aayush/newest_frenet_planner/src/frenet_planner_ported/src/../include/frenet_optimal_trajectory.hpp:80:20:[m[K [01;35m[Kwarning: [m[Kstatement has no effect [[01;35m[K-Wunused-value[m[K]
[10.031s]    80 | #define trace(...) [01;35m[K42[m[K
[10.031s]       |                    [01;35m[K^~[m[K
[10.031s] [01m[K/home/aayush/newest_frenet_planner/src/frenet_planner_ported/src/../include/frenet_optimal_trajectory.hpp:80:20:[m[K [01;36m[Knote: [m[Kin definition of macro ‘[01m[Ktrace[m[K’
[10.031s]    80 | #define trace(...) [01;36m[K42[m[K
[10.032s]       |                    [01;36m[K^~[m[K
[10.032s] [01m[K/home/aayush/newest_frenet_planner/src/frenet_planner_ported/src/../include/frenet_optimal_trajectory.hpp:81:59:[m[K [01;35m[Kwarning: [m[Kunused parameter ‘[01m[Kfp[m[K’ [[01;35m[K-Wunused-parameter[m[K]
[10.032s]    81 | inline ostream& operator<<(ostream& os, [01;35m[Kconst FrenetPath& fp[m[K)
[10.033s]       |                                         [01;35m[K~~~~~~~~~~~~~~~~~~^~[m[K
[10.033s] [01m[K/home/aayush/newest_frenet_planner/src/frenet_planner_ported/src/frenet_ros_obst.cpp:[m[K In function ‘[01m[Kdouble get_bot_yaw()[m[K’:
[10.033s] [01m[K/home/aayush/newest_frenet_planner/src/frenet_planner_ported/src/../include/frenet_optimal_trajectory.hpp:80:20:[m[K [01;35m[Kwarning: [m[Kstatement has no effect [[01;35m[K-Wunused-value[m[K]
[10.033s]    80 | #define trace(...) [01;35m[K42[m[K
[10.034s]       |                    [01;35m[K^~[m[K
[10.034s] [01m[K/home/aayush/newest_frenet_planner/src/frenet_planner_ported/src/../include/frenet_optimal_trajectory.hpp:80:20:[m[K [01;36m[Knote: [m[Kin definition of macro ‘[01m[Ktrace[m[K’
[10.034s]    80 | #define trace(...) [01;36m[K42[m[K
[10.034s]       |                    [01;36m[K^~[m[K
[10.035s] [01m[K/home/aayush/newest_frenet_planner/src/frenet_planner_ported/src/frenet_ros_obst.cpp:[m[K In function ‘[01m[Kvoid initial_conditions_path(Spline2D&, double&, double&, double&, double&, double&, double&, FrenetPath&)[m[K’:
[10.035s] [01m[K/home/aayush/newest_frenet_planner/src/frenet_planner_ported/src/frenet_ros_obst.cpp:56:40:[m[K [01;35m[Kwarning: [m[Kunused parameter ‘[01m[Kcsp[m[K’ [[01;35m[K-Wunused-parameter[m[K]
[10.035s]    56 | void initial_conditions_path([01;35m[KSpline2D &csp[m[K, double &s0, double &c_speed, double &c_d, double &c_d_d,
[10.035s]       |                              [01;35m[K~~~~~~~~~~^~~[m[K
[10.036s] In file included from [01m[K/home/aayush/newest_frenet_planner/src/frenet_planner_ported/src/frenet_ros_obst.cpp:2[m[K:
[10.036s] [01m[K/home/aayush/newest_frenet_planner/src/frenet_planner_ported/src/frenet_ros_obst.cpp:[m[K In function ‘[01m[Kint initial_conditions_new(Spline2D&, vecD&, vecD&, vecD&, vecD&, vecD&, double&, double&, double&, double&, double&, double&, FrenetPath&)[m[K’:
[10.036s] [01m[K/home/aayush/newest_frenet_planner/src/frenet_planner_ported/src/../include/frenet_optimal_trajectory.hpp:80:20:[m[K [01;35m[Kwarning: [m[Kstatement has no effect [[01;35m[K-Wunused-value[m[K]
[10.037s]    80 | #define trace(...) [01;35m[K42[m[K
[10.037s]       |                    [01;35m[K^~[m[K
[10.037s] [01m[K/home/aayush/newest_frenet_planner/src/frenet_planner_ported/src/../include/frenet_optimal_trajectory.hpp:80:20:[m[K [01;36m[Knote: [m[Kin definition of macro ‘[01m[Ktrace[m[K’
[10.038s]    80 | #define trace(...) [01;36m[K42[m[K
[10.038s]       |                    [01;36m[K^~[m[K
[10.038s] [01m[K/home/aayush/newest_frenet_planner/src/frenet_planner_ported/src/../include/frenet_optimal_trajectory.hpp:80:20:[m[K [01;35m[Kwarning: [m[Kstatement has no effect [[01;35m[K-Wunused-value[m[K]
[10.038s]    80 | #define trace(...) [01;35m[K42[m[K
[10.039s]       |                    [01;35m[K^~[m[K
[10.039s] [01m[K/home/aayush/newest_frenet_planner/src/frenet_planner_ported/src/../include/frenet_optimal_trajectory.hpp:80:20:[m[K [01;36m[Knote: [m[Kin definition of macro ‘[01m[Ktrace[m[K’
[10.039s]    80 | #define trace(...) [01;36m[K42[m[K
[10.039s]       |                    [01;36m[K^~[m[K
[10.040s] [01m[K/home/aayush/newest_frenet_planner/src/frenet_planner_ported/src/frenet_ros_obst.cpp:72:38:[m[K [01;35m[Kwarning: [m[Kunused parameter ‘[01m[Kcsp[m[K’ [[01;35m[K-Wunused-parameter[m[K]
[10.040s]    72 | int initial_conditions_new([01;35m[KSpline2D &csp[m[K, vecD &global_s, vecD &global_x, vecD &global_y,
[10.040s]       |                            [01;35m[K~~~~~~~~~~^~~[m[K
[10.053s] [01m[K/home/aayush/newest_frenet_planner/src/frenet_planner_ported/src/frenet_ros_obst.cpp:[m[K In function ‘[01m[Kint main(int, char**)[m[K’:
[10.053s] [01m[K/home/aayush/newest_frenet_planner/src/frenet_planner_ported/src/frenet_ros_obst.cpp:191:15:[m[K [01;31m[Kerror: [m[Kcannot convert ‘[01m[Kstd::string*[m[K’ {aka ‘[01m[Kstd::__cxx11::basic_string<char>*[m[K’} to ‘[01m[Kchar*[m[K’
[10.054s]   191 |   std::strcat([01;31m[K&Initial_Conditions[m[K, &endTime_startTime);
[10.054s]       |               [01;31m[K^~~~~~~~~~~~~~~~~~~[m[K
[10.054s]       |               [01;31m[K|[m[K
[10.054s]       |               [01;31m[Kstd::string* {aka std::__cxx11::basic_string<char>*}[m[K
[10.055s] In file included from [01m[K/opt/ros/foxy/include/rcutils/error_handling.h:34[m[K,
[10.055s]                  from [01m[K/opt/ros/foxy/include/rcutils/logging.h:23[m[K,
[10.055s]                  from [01m[K/opt/ros/foxy/include/rmw/types.h:28[m[K,
[10.055s]                  from [01m[K/opt/ros/foxy/include/rcl/types.h:18[m[K,
[10.056s]                  from [01m[K/opt/ros/foxy/include/rcl/arguments.h:20[m[K,
[10.056s]                  from [01m[K/opt/ros/foxy/include/rcl/context.h:26[m[K,
[10.056s]                  from [01m[K/opt/ros/foxy/include/rcl/guard_condition.h:24[m[K,
[10.056s]                  from [01m[K/opt/ros/foxy/include/rclcpp/executor.hpp:29[m[K,
[10.057s]                  from [01m[K/opt/ros/foxy/include/rclcpp/executors/multi_threaded_executor.hpp:25[m[K,
[10.057s]                  from [01m[K/opt/ros/foxy/include/rclcpp/executors.hpp:21[m[K,
[10.057s]                  from [01m[K/opt/ros/foxy/include/rclcpp/rclcpp.hpp:146[m[K,
[10.057s]                  from [01m[K/home/aayush/newest_frenet_planner/src/frenet_planner_ported/src/../include/frenet_class.hpp:4[m[K,
[10.058s]                  from [01m[K/home/aayush/newest_frenet_planner/src/frenet_planner_ported/src/frenet_ros_obst.cpp:1[m[K:
[10.058s] [01m[K/usr/include/string.h:130:39:[m[K [01;36m[Knote: [m[K  initializing argument 1 of ‘[01m[Kchar* strcat(char*, const char*)[m[K’
[10.058s]   130 | extern char *strcat ([01;36m[Kchar *__restrict __dest[m[K, const char *__restrict __src)
[10.058s]       |                      [01;36m[K~~~~~~~~~~~~~~~~~^~~~~~[m[K
[10.059s] In file included from [01m[K/home/aayush/newest_frenet_planner/src/frenet_planner_ported/src/frenet_ros_obst.cpp:2[m[K:
[10.059s] [01m[K/home/aayush/newest_frenet_planner/src/frenet_planner_ported/src/../include/frenet_optimal_trajectory.hpp:80:20:[m[K [01;35m[Kwarning: [m[Kstatement has no effect [[01;35m[K-Wunused-value[m[K]
[10.059s]    80 | #define trace(...) [01;35m[K42[m[K
[10.059s]       |                    [01;35m[K^~[m[K
[10.060s] [01m[K/home/aayush/newest_frenet_planner/src/frenet_planner_ported/src/../include/frenet_optimal_trajectory.hpp:80:20:[m[K [01;36m[Knote: [m[Kin definition of macro ‘[01m[Ktrace[m[K’
[10.060s]    80 | #define trace(...) [01;36m[K42[m[K
[10.060s]       |                    [01;36m[K^~[m[K
[10.120s] [01m[K/home/aayush/newest_frenet_planner/src/frenet_planner_ported/src/frenet_ros_obst.cpp:175:10:[m[K [01;35m[Kwarning: [m[Kunused variable ‘[01m[KstartTime1[m[K’ [[01;35m[K-Wunused-variable[m[K]
[10.120s]   175 |   double [01;35m[KstartTime1[m[K = omp_get_wtime();
[10.120s]       |          [01;35m[K^~~~~~~~~~[m[K
[10.120s] [01m[K/home/aayush/newest_frenet_planner/src/frenet_planner_ported/src/frenet_ros_obst.cpp:194:10:[m[K [01;35m[Kwarning: [m[Kunused variable ‘[01m[KendTime1[m[K’ [[01;35m[K-Wunused-variable[m[K]
[10.121s]   194 |   double [01;35m[KendTime1[m[K = omp_get_wtime();
[10.121s]       |          [01;35m[K^~~~~~~~[m[K
[10.121s] [01m[K/home/aayush/newest_frenet_planner/src/frenet_planner_ported/src/frenet_ros_obst.cpp:266:10:[m[K [01;35m[Kwarning: [m[Kunused variable ‘[01m[KstartTime3[m[K’ [[01;35m[K-Wunused-variable[m[K]
[10.121s]   266 |   double [01;35m[KstartTime3[m[K = omp_get_wtime();
[10.121s]       |          [01;35m[K^~~~~~~~~~[m[K
[10.122s] [01m[K/home/aayush/newest_frenet_planner/src/frenet_planner_ported/src/frenet_ros_obst.cpp:268:10:[m[K [01;35m[Kwarning: [m[Kunused variable ‘[01m[KendTime3[m[K’ [[01;35m[K-Wunused-variable[m[K]
[10.122s]   268 |   double [01;35m[KendTime3[m[K = omp_get_wtime();
[10.122s]       |          [01;35m[K^~~~~~~~[m[K
[10.122s] [01m[K/home/aayush/newest_frenet_planner/src/frenet_planner_ported/src/frenet_ros_obst.cpp:131:7:[m[K [01;35m[Kwarning: [m[Kunused variable ‘[01m[KgotOdom[m[K’ [[01;35m[K-Wunused-variable[m[K]
[10.122s]   131 |  bool [01;35m[KgotOdom[m[K = false;
[10.123s]       |       [01;35m[K^~~~~~~[m[K
[10.123s] [01m[K/home/aayush/newest_frenet_planner/src/frenet_planner_ported/src/frenet_ros_obst.cpp:165:9:[m[K [01;35m[Kwarning: [m[Kunused variable ‘[01m[Kpltbasetime[m[K’ [[01;35m[K-Wunused-variable[m[K]
[10.123s]   165 |  double [01;35m[Kpltbasetime[m[K = omp_get_wtime();
[10.123s]       |         [01;35m[K^~~~~~~~~~~[m[K
[10.123s] [01m[K/home/aayush/newest_frenet_planner/src/frenet_planner_ported/src/frenet_ros_obst.cpp:167:6:[m[K [01;35m[Kwarning: [m[Kunused variable ‘[01m[Kiteration_count[m[K’ [[01;35m[K-Wunused-variable[m[K]
[10.124s]   167 |  int [01;35m[Kiteration_count[m[K = 1;
[10.124s]       |      [01;35m[K^~~~~~~~~~~~~~~[m[K
[19.568s] make[2]: *** [CMakeFiles/frenet_ros_obst.dir/build.make:63: CMakeFiles/frenet_ros_obst.dir/src/frenet_ros_obst.cpp.o] Error 1
[19.568s] make[1]: *** [CMakeFiles/Makefile2:78: CMakeFiles/frenet_ros_obst.dir/all] Error 2
[19.568s] make: *** [Makefile:141: all] Error 2
[19.575s] Invoked command in '/home/aayush/newest_frenet_planner/build/frenet_planner_ported' returned '2': CMAKE_PREFIX_PATH=${CMAKE_PREFIX_PATH}:/home/aayush/newest_frenet_planner/install/dummy:/opt/ros/foxy /usr/bin/cmake --build /home/aayush/newest_frenet_planner/build/frenet_planner_ported -- -j2 -l2
