[0.855s] Invoking command in '/home/aayush/newest_frenet_planner/build/frenet_planner_ported': CMAKE_PREFIX_PATH=${CMAKE_PREFIX_PATH}:/home/aayush/newest_frenet_planner/install/dummy:/opt/ros/foxy /usr/bin/cmake --build /home/aayush/newest_frenet_planner/build/frenet_planner_ported -- -j2 -l2
[1.116s] [100%] Built target frenet_ros_obst
[1.152s] Invoked command in '/home/aayush/newest_frenet_planner/build/frenet_planner_ported' returned '0': CMAKE_PREFIX_PATH=${CMAKE_PREFIX_PATH}:/home/aayush/newest_frenet_planner/install/dummy:/opt/ros/foxy /usr/bin/cmake --build /home/aayush/newest_frenet_planner/build/frenet_planner_ported -- -j2 -l2
[1.270s] Invoking command in '/home/aayush/newest_frenet_planner/build/frenet_planner_ported': CMAKE_PREFIX_PATH=${CMAKE_PREFIX_PATH}:/home/aayush/newest_frenet_planner/install/dummy:/opt/ros/foxy /usr/bin/cmake --install /home/aayush/newest_frenet_planner/build/frenet_planner_ported
[1.297s] -- Install configuration: ""
[1.298s] -- Up-to-date: /home/aayush/newest_frenet_planner/install/frenet_planner_ported/lib/frenet_planner_ported/frenet_ros_obst
[1.299s] -- Up-to-date: /home/aayush/newest_frenet_planner/install/frenet_planner_ported/share/frenet_planner_ported/launch
[1.300s] -- Up-to-date: /home/aayush/newest_frenet_planner/install/frenet_planner_ported/share/frenet_planner_ported/launch/frenet_planner_launch.py
[1.300s] -- Up-to-date: /home/aayush/newest_frenet_planner/install/frenet_planner_ported/share/frenet_planner_ported/config
[1.300s] -- Up-to-date: /home/aayush/newest_frenet_planner/install/frenet_planner_ported/share/frenet_planner_ported/config/frenet_planner.yaml
[1.300s] -- Up-to-date: /home/aayush/newest_frenet_planner/install/frenet_planner_ported/share/ament_index/resource_index/package_run_dependencies/frenet_planner_ported
[1.301s] -- Up-to-date: /home/aayush/newest_frenet_planner/install/frenet_planner_ported/share/ament_index/resource_index/parent_prefix_path/frenet_planner_ported
[1.301s] -- Up-to-date: /home/aayush/newest_frenet_planner/install/frenet_planner_ported/share/frenet_planner_ported/environment/ament_prefix_path.sh
[1.302s] -- Up-to-date: /home/aayush/newest_frenet_planner/install/frenet_planner_ported/share/frenet_planner_ported/environment/ament_prefix_path.dsv
[1.302s] -- Up-to-date: /home/aayush/newest_frenet_planner/install/frenet_planner_ported/share/frenet_planner_ported/environment/path.sh
[1.302s] -- Up-to-date: /home/aayush/newest_frenet_planner/install/frenet_planner_ported/share/frenet_planner_ported/environment/path.dsv
[1.303s] -- Up-to-date: /home/aayush/newest_frenet_planner/install/frenet_planner_ported/share/frenet_planner_ported/local_setup.bash
[1.303s] -- Up-to-date: /home/aayush/newest_frenet_planner/install/frenet_planner_ported/share/frenet_planner_ported/local_setup.sh
[1.303s] -- Up-to-date: /home/aayush/newest_frenet_planner/install/frenet_planner_ported/share/frenet_planner_ported/local_setup.zsh
[1.304s] -- Up-to-date: /home/aayush/newest_frenet_planner/install/frenet_planner_ported/share/frenet_planner_ported/local_setup.dsv
[1.304s] -- Installing: /home/aayush/newest_frenet_planner/install/frenet_planner_ported/share/frenet_planner_ported/package.dsv
[1.304s] -- Up-to-date: /home/aayush/newest_frenet_planner/install/frenet_planner_ported/share/ament_index/resource_index/packages/frenet_planner_ported
[1.305s] -- Up-to-date: /home/aayush/newest_frenet_planner/install/frenet_planner_ported/share/frenet_planner_ported/cmake/frenet_planner_portedConfig.cmake
[1.305s] -- Up-to-date: /home/aayush/newest_frenet_planner/install/frenet_planner_ported/share/frenet_planner_ported/cmake/frenet_planner_portedConfig-version.cmake
[1.306s] -- Up-to-date: /home/aayush/newest_frenet_planner/install/frenet_planner_ported/share/frenet_planner_ported/package.xml
[1.314s] Invoked command in '/home/aayush/newest_frenet_planner/build/frenet_planner_ported' returned '0': CMAKE_PREFIX_PATH=${CMAKE_PREFIX_PATH}:/home/aayush/newest_frenet_planner/install/dummy:/opt/ros/foxy /usr/bin/cmake --install /home/aayush/newest_frenet_planner/build/frenet_planner_ported
