[0.960s] Invoking command in '/home/aayush/newest_frenet_planner/src/dummy': PYTHONPATH=/home/aayush/newest_frenet_planner/install/dummy/lib/python3.8/site-packages:${PYTHONPATH} /usr/bin/python3 setup.py egg_info --egg-base ../../build/dummy build --build-base /home/aayush/newest_frenet_planner/build/dummy/build install --prefix /home/aayush/newest_frenet_planner/install/dummy --record /home/aayush/newest_frenet_planner/build/dummy/install.log --single-version-externally-managed
[2.012s] running egg_info
[2.013s] writing ../../build/dummy/dummy.egg-info/PKG-INFO
[2.014s] writing dependency_links to ../../build/dummy/dummy.egg-info/dependency_links.txt
[2.014s] writing entry points to ../../build/dummy/dummy.egg-info/entry_points.txt
[2.015s] writing requirements to ../../build/dummy/dummy.egg-info/requires.txt
[2.016s] writing top-level names to ../../build/dummy/dummy.egg-info/top_level.txt
[2.285s] reading manifest file '../../build/dummy/dummy.egg-info/SOURCES.txt'
[2.289s] writing manifest file '../../build/dummy/dummy.egg-info/SOURCES.txt'
[2.289s] running build
[2.289s] running build_py
[2.290s] running install
[2.292s] running install_lib
[2.298s] running install_data
[2.299s] running install_egg_info
[2.310s] removing '/home/aayush/newest_frenet_planner/install/dummy/lib/python3.8/site-packages/dummy-0.0.0-py3.8.egg-info' (and everything under it)
[2.311s] Copying ../../build/dummy/dummy.egg-info to /home/aayush/newest_frenet_planner/install/dummy/lib/python3.8/site-packages/dummy-0.0.0-py3.8.egg-info
[2.313s] running install_scripts
[2.547s] Installing dum_pub script to /home/aayush/newest_frenet_planner/install/dummy/lib/dummy
[2.548s] writing list of installed files to '/home/aayush/newest_frenet_planner/build/dummy/install.log'
[2.613s] Invoked command in '/home/aayush/newest_frenet_planner/src/dummy' returned '0': PYTHONPATH=/home/aayush/newest_frenet_planner/install/dummy/lib/python3.8/site-packages:${PYTHONPATH} /usr/bin/python3 setup.py egg_info --egg-base ../../build/dummy build --build-base /home/aayush/newest_frenet_planner/build/dummy/build install --prefix /home/aayush/newest_frenet_planner/install/dummy --record /home/aayush/newest_frenet_planner/build/dummy/install.log --single-version-externally-managed
