[0.848s] Invoking command in '/home/aayush/newest_frenet_planner/build/frenet_planner_ported': CMAKE_PREFIX_PATH=${CMAKE_PREFIX_PATH}:/home/aayush/newest_frenet_planner/install/dummy:/opt/ros/foxy /usr/bin/cmake --build /home/aayush/newest_frenet_planner/build/frenet_planner_ported -- -j2 -l2
[1.021s] [35m[1mScanning dependencies of target frenet_ros_obst[0m
[1.288s] [ 20%] [32mBuilding CXX object CMakeFiles/frenet_ros_obst.dir/src/frenet_ros_obst.cpp.o[0m
[1.316s] [ 40%] [32mBuilding CXX object CMakeFiles/frenet_ros_obst.dir/src/frenet_planner.cpp.o[0m
[8.547s] In file included from [01m[K/home/aayush/newest_frenet_planner/src/frenet_planner_ported/src/../include/frenet_class.hpp:11[m[K,
[8.548s]                  from [01m[K/home/aayush/newest_frenet_planner/src/frenet_planner_ported/src/frenet_ros_obst.cpp:1[m[K:
[8.548s] [01m[K/home/aayush/newest_frenet_planner/src/frenet_planner_ported/./include/matplotlibcpp.hpp:314:36:[m[K [01;35m[Kwarning: [m[Kstatic_assert without a message only available with ‘[01m[K-std=c++17[m[K’ or ‘[01m[K-std=gnu++17[m[K’ [[01;35m[K-Wpedantic[m[K]
[8.548s]   314 | static_assert(sizeof(long long) == [01;35m[K8[m[K);
[8.548s]       |                                    [01;35m[K^[m[K
[8.549s] [01m[K/home/aayush/newest_frenet_planner/src/frenet_planner_ported/./include/matplotlibcpp.hpp:316:45:[m[K [01;35m[Kwarning: [m[Kstatic_assert without a message only available with ‘[01m[K-std=c++17[m[K’ or ‘[01m[K-std=gnu++17[m[K’ [[01;35m[K-Wpedantic[m[K]
[8.549s]   316 | static_assert(sizeof(unsigned long long) == [01;35m[K8[m[K);
[8.549s]       |                                             [01;35m[K^[m[K
[9.226s] In file included from [01m[K/home/aayush/newest_frenet_planner/src/frenet_planner_ported/src/frenet_planner.cpp:8[m[K:
[9.227s] [01m[K/home/aayush/newest_frenet_planner/src/frenet_planner_ported/./include/matplotlibcpp.hpp:314:36:[m[K [01;35m[Kwarning: [m[Kstatic_assert without a message only available with ‘[01m[K-std=c++17[m[K’ or ‘[01m[K-std=gnu++17[m[K’ [[01;35m[K-Wpedantic[m[K]
[9.227s]   314 | static_assert(sizeof(long long) == [01;35m[K8[m[K);
[9.227s]       |                                    [01;35m[K^[m[K
[9.227s] [01m[K/home/aayush/newest_frenet_planner/src/frenet_planner_ported/./include/matplotlibcpp.hpp:316:45:[m[K [01;35m[Kwarning: [m[Kstatic_assert without a message only available with ‘[01m[K-std=c++17[m[K’ or ‘[01m[K-std=gnu++17[m[K’ [[01;35m[K-Wpedantic[m[K]
[9.228s]   316 | static_assert(sizeof(unsigned long long) == [01;35m[K8[m[K);
[9.228s]       |                                             [01;35m[K^[m[K
[11.879s] In file included from [01m[K/home/aayush/newest_frenet_planner/src/frenet_planner_ported/src/frenet_ros_obst.cpp:1[m[K:
[11.879s] [01m[K/home/aayush/newest_frenet_planner/src/frenet_planner_ported/src/../include/frenet_class.hpp:129:81:[m[K [01;35m[Kwarning: [m[K‘[01m[Kgeometry_msgs::msg::PolygonStamped_<std::allocator<void> >::ConstPtr[m[K’ is deprecated [[01;35m[K-Wdeprecated-declarations[m[K]
[11.879s]   129 | allback(const geometry_msgs::msg::PolygonStamped::ConstPtr p[01;35m[K)[m[K
[11.880s]       |                                                             [01;35m[K^[m[K
[11.880s] 
[11.880s] In file included from [01m[K/opt/ros/foxy/include/geometry_msgs/msg/polygon_stamped.hpp:7[m[K,
[11.881s]                  from [01m[K/home/aayush/newest_frenet_planner/src/frenet_planner_ported/src/../include/frenet_class.hpp:8[m[K,
[11.881s]                  from [01m[K/home/aayush/newest_frenet_planner/src/frenet_planner_ported/src/frenet_ros_obst.cpp:1[m[K:
[11.881s] [01m[K/opt/ros/foxy/include/geometry_msgs/msg/detail/polygon_stamped__struct.hpp:114:5:[m[K [01;36m[Knote: [m[Kdeclared here
[11.881s]   114 |     [01;36m[KConstPtr[m[K;
[11.882s]       |     [01;36m[K^~~~~~~~[m[K
[11.882s] In file included from [01m[K/home/aayush/newest_frenet_planner/src/frenet_planner_ported/src/frenet_ros_obst.cpp:1[m[K:
[11.882s] [01m[K/home/aayush/newest_frenet_planner/src/frenet_planner_ported/src/../include/frenet_class.hpp:135:67:[m[K [01;35m[Kwarning: [m[K‘[01m[Knav_msgs::msg::Odometry_<std::allocator<void> >::ConstPtr[m[K’ is deprecated [[01;35m[K-Wdeprecated-declarations[m[K]
[11.882s]   135 |     void odom_callback(const nav_msgs::msg::Odometry::ConstPtr msg[01;35m[K)[m[K
[11.883s]       |                                                                   [01;35m[K^[m[K
[11.883s] In file included from [01m[K/opt/ros/foxy/include/nav_msgs/msg/odometry.hpp:7[m[K,
[11.883s]                  from [01m[K/home/aayush/newest_frenet_planner/src/frenet_planner_ported/src/../include/frenet_class.hpp:6[m[K,
[11.883s]                  from [01m[K/home/aayush/newest_frenet_planner/src/frenet_planner_ported/src/frenet_ros_obst.cpp:1[m[K:
[11.884s] [01m[K/opt/ros/foxy/include/nav_msgs/msg/detail/odometry__struct.hpp:145:5:[m[K [01;36m[Knote: [m[Kdeclared here
[11.888s]   145 |     [01;36m[KConstPtr[m[K;
[11.888s]       |     [01;36m[K^~~~~~~~[m[K
[11.888s] In file included from [01m[K/home/aayush/newest_frenet_planner/src/frenet_planner_ported/src/frenet_ros_obst.cpp:1[m[K:
[11.889s] [01m[K/home/aayush/newest_frenet_planner/src/frenet_planner_ported/src/../include/frenet_class.hpp:139:86:[m[K [01;35m[Kwarning: [m[K‘[01m[Knav_msgs::msg::OccupancyGrid_<std::allocator<void> >::ConstPtr[m[K’ is deprecated [[01;35m[K-Wdeprecated-declarations[m[K]
[11.889s]   139 | (const nav_msgs::msg::OccupancyGrid::ConstPtr occupancy_grid[01;35m[K)[m[K
[11.889s]       |                                                             [01;35m[K^[m[K
[11.889s] 
[11.890s] In file included from [01m[K/opt/ros/foxy/include/nav_msgs/msg/occupancy_grid.hpp:7[m[K,
[11.890s]                  from [01m[K/home/aayush/newest_frenet_planner/src/frenet_planner_ported/src/../include/frenet_class.hpp:7[m[K,
[11.890s]                  from [01m[K/home/aayush/newest_frenet_planner/src/frenet_planner_ported/src/frenet_ros_obst.cpp:1[m[K:
[11.890s] [01m[K/opt/ros/foxy/include/nav_msgs/msg/detail/occupancy_grid__struct.hpp:123:5:[m[K [01;36m[Knote: [m[Kdeclared here
[11.890s]   123 |     [01;36m[KConstPtr[m[K;
[11.891s]       |     [01;36m[K^~~~~~~~[m[K
[12.035s] In file included from [01m[K/home/aayush/newest_frenet_planner/src/frenet_planner_ported/src/frenet_ros_obst.cpp:1[m[K:
[12.036s] [01m[K/home/aayush/newest_frenet_planner/src/frenet_planner_ported/src/../include/frenet_class.hpp:[m[K In member function ‘[01m[Kvoid FrenetClass::costmap_callback(nav_msgs::msg::OccupancyGrid_<std::allocator<void> >::ConstPtr)[m[K’:
[12.036s] [01m[K/home/aayush/newest_frenet_planner/src/frenet_planner_ported/src/../include/frenet_class.hpp:169:22:[m[K [01;35m[Kwarning: [m[Kcomparison of integer expressions of different signedness: ‘[01m[Klong int[m[K’ and ‘[01m[Kstd::vector<std::pair<double, double> >::size_type[m[K’ {aka ‘[01m[Klong unsigned int[m[K’} [[01;35m[K-Wsign-compare[m[K]
[12.036s]   169 |   for (long i = 0; [01;35m[Ki < ob1.size()[m[K; i++)
[12.037s]       |                    [01;35m[K~~^~~~~~~~~~~~[m[K
[12.037s] [01m[K/home/aayush/newest_frenet_planner/src/frenet_planner_ported/src/../include/frenet_class.hpp:149:13:[m[K [01;35m[Kwarning: [m[Kunused variable ‘[01m[KstartTime1[m[K’ [[01;35m[K-Wunused-variable[m[K]
[12.037s]   149 |      double [01;35m[KstartTime1[m[K = omp_get_wtime();
[12.038s]       |             [01;35m[K^~~~~~~~~~[m[K
[12.045s] In file included from [01m[K/home/aayush/newest_frenet_planner/src/frenet_planner_ported/src/frenet_ros_obst.cpp:2[m[K:
[12.046s] [01m[K/home/aayush/newest_frenet_planner/src/frenet_planner_ported/src/../include/frenet_optimal_trajectory.hpp:[m[K In function ‘[01m[Kstd::ostream& operator<<(std::ostream&, const FrenetPath&)[m[K’:
[12.046s] [01m[K/home/aayush/newest_frenet_planner/src/frenet_planner_ported/src/../include/frenet_optimal_trajectory.hpp:80:20:[m[K [01;35m[Kwarning: [m[Kstatement has no effect [[01;35m[K-Wunused-value[m[K]
[12.046s]    80 | #define trace(...) [01;35m[K42[m[K
[12.047s]       |                    [01;35m[K^~[m[K
[12.047s] [01m[K/home/aayush/newest_frenet_planner/src/frenet_planner_ported/src/../include/frenet_optimal_trajectory.hpp:80:20:[m[K [01;36m[Knote: [m[Kin definition of macro ‘[01m[Ktrace[m[K’
[12.047s]    80 | #define trace(...) [01;36m[K42[m[K
[12.048s]       |                    [01;36m[K^~[m[K
[12.049s] [01m[K/home/aayush/newest_frenet_planner/src/frenet_planner_ported/src/../include/frenet_optimal_trajectory.hpp:80:20:[m[K [01;35m[Kwarning: [m[Kstatement has no effect [[01;35m[K-Wunused-value[m[K]
[12.049s]    80 | #define trace(...) [01;35m[K42[m[K
[12.049s]       |                    [01;35m[K^~[m[K
[12.049s] [01m[K/home/aayush/newest_frenet_planner/src/frenet_planner_ported/src/../include/frenet_optimal_trajectory.hpp:80:20:[m[K [01;36m[Knote: [m[Kin definition of macro ‘[01m[Ktrace[m[K’
[12.050s]    80 | #define trace(...) [01;36m[K42[m[K
[12.050s]       |                    [01;36m[K^~[m[K
[12.050s] [01m[K/home/aayush/newest_frenet_planner/src/frenet_planner_ported/src/../include/frenet_optimal_trajectory.hpp:80:20:[m[K [01;35m[Kwarning: [m[Kstatement has no effect [[01;35m[K-Wunused-value[m[K]
[12.050s]    80 | #define trace(...) [01;35m[K42[m[K
[12.051s]       |                    [01;35m[K^~[m[K
[12.051s] [01m[K/home/aayush/newest_frenet_planner/src/frenet_planner_ported/src/../include/frenet_optimal_trajectory.hpp:80:20:[m[K [01;36m[Knote: [m[Kin definition of macro ‘[01m[Ktrace[m[K’
[12.051s]    80 | #define trace(...) [01;36m[K42[m[K
[12.052s]       |                    [01;36m[K^~[m[K
[12.052s] [01m[K/home/aayush/newest_frenet_planner/src/frenet_planner_ported/src/../include/frenet_optimal_trajectory.hpp:80:20:[m[K [01;35m[Kwarning: [m[Kstatement has no effect [[01;35m[K-Wunused-value[m[K]
[12.052s]    80 | #define trace(...) [01;35m[K42[m[K
[12.052s]       |                    [01;35m[K^~[m[K
[12.053s] [01m[K/home/aayush/newest_frenet_planner/src/frenet_planner_ported/src/../include/frenet_optimal_trajectory.hpp:80:20:[m[K [01;36m[Knote: [m[Kin definition of macro ‘[01m[Ktrace[m[K’
[12.053s]    80 | #define trace(...) [01;36m[K42[m[K
[12.053s]       |                    [01;36m[K^~[m[K
[12.056s] [01m[K/home/aayush/newest_frenet_planner/src/frenet_planner_ported/src/../include/frenet_optimal_trajectory.hpp:80:20:[m[K [01;35m[Kwarning: [m[Kstatement has no effect [[01;35m[K-Wunused-value[m[K]
[12.057s]    80 | #define trace(...) [01;35m[K42[m[K
[12.190s]       |                    [01;35m[K^~[m[K
[12.190s] [01m[K/home/aayush/newest_frenet_planner/src/frenet_planner_ported/src/../include/frenet_optimal_trajectory.hpp:80:20:[m[K [01;36m[Knote: [m[Kin definition of macro ‘[01m[Ktrace[m[K’
[12.191s]    80 | #define trace(...) [01;36m[K42[m[K
[12.191s]       |                    [01;36m[K^~[m[K
[12.191s] [01m[K/home/aayush/newest_frenet_planner/src/frenet_planner_ported/src/../include/frenet_optimal_trajectory.hpp:80:20:[m[K [01;35m[Kwarning: [m[Kstatement has no effect [[01;35m[K-Wunused-value[m[K]
[12.192s]    80 | #define trace(...) [01;35m[K42[m[K
[12.192s]       |                    [01;35m[K^~[m[K
[12.192s] [01m[K/home/aayush/newest_frenet_planner/src/frenet_planner_ported/src/../include/frenet_optimal_trajectory.hpp:80:20:[m[K [01;36m[Knote: [m[Kin definition of macro ‘[01m[Ktrace[m[K’
[12.193s]    80 | #define trace(...) [01;36m[K42[m[K
[12.193s]       |                    [01;36m[K^~[m[K
[12.193s] [01m[K/home/aayush/newest_frenet_planner/src/frenet_planner_ported/src/../include/frenet_optimal_trajectory.hpp:80:20:[m[K [01;35m[Kwarning: [m[Kstatement has no effect [[01;35m[K-Wunused-value[m[K]
[12.194s]    80 | #define trace(...) [01;35m[K42[m[K
[12.194s]       |                    [01;35m[K^~[m[K
[12.194s] [01m[K/home/aayush/newest_frenet_planner/src/frenet_planner_ported/src/../include/frenet_optimal_trajectory.hpp:80:20:[m[K [01;36m[Knote: [m[Kin definition of macro ‘[01m[Ktrace[m[K’
[12.194s]    80 | #define trace(...) [01;36m[K42[m[K
[12.195s]       |                    [01;36m[K^~[m[K
[12.195s] [01m[K/home/aayush/newest_frenet_planner/src/frenet_planner_ported/src/../include/frenet_optimal_trajectory.hpp:80:20:[m[K [01;35m[Kwarning: [m[Kstatement has no effect [[01;35m[K-Wunused-value[m[K]
[12.195s]    80 | #define trace(...) [01;35m[K42[m[K
[12.204s]       |                    [01;35m[K^~[m[K
[12.204s] [01m[K/home/aayush/newest_frenet_planner/src/frenet_planner_ported/src/../include/frenet_optimal_trajectory.hpp:80:20:[m[K [01;36m[Knote: [m[Kin definition of macro ‘[01m[Ktrace[m[K’
[12.205s]    80 | #define trace(...) [01;36m[K42[m[K
[12.205s]       |                    [01;36m[K^~[m[K
[12.205s] [01m[K/home/aayush/newest_frenet_planner/src/frenet_planner_ported/src/../include/frenet_optimal_trajectory.hpp:80:20:[m[K [01;35m[Kwarning: [m[Kstatement has no effect [[01;35m[K-Wunused-value[m[K]
[12.205s]    80 | #define trace(...) [01;35m[K42[m[K
[12.206s]       |                    [01;35m[K^~[m[K
[12.206s] [01m[K/home/aayush/newest_frenet_planner/src/frenet_planner_ported/src/../include/frenet_optimal_trajectory.hpp:80:20:[m[K [01;36m[Knote: [m[Kin definition of macro ‘[01m[Ktrace[m[K’
[12.206s]    80 | #define trace(...) [01;36m[K42[m[K
[12.206s]       |                    [01;36m[K^~[m[K
[12.207s] [01m[K/home/aayush/newest_frenet_planner/src/frenet_planner_ported/src/../include/frenet_optimal_trajectory.hpp:80:20:[m[K [01;35m[Kwarning: [m[Kstatement has no effect [[01;35m[K-Wunused-value[m[K]
[12.207s]    80 | #define trace(...) [01;35m[K42[m[K
[12.207s]       |                    [01;35m[K^~[m[K
[12.207s] [01m[K/home/aayush/newest_frenet_planner/src/frenet_planner_ported/src/../include/frenet_optimal_trajectory.hpp:80:20:[m[K [01;36m[Knote: [m[Kin definition of macro ‘[01m[Ktrace[m[K’
[12.208s]    80 | #define trace(...) [01;36m[K42[m[K
[12.208s]       |                    [01;36m[K^~[m[K
[12.208s] [01m[K/home/aayush/newest_frenet_planner/src/frenet_planner_ported/src/../include/frenet_optimal_trajectory.hpp:80:20:[m[K [01;35m[Kwarning: [m[Kstatement has no effect [[01;35m[K-Wunused-value[m[K]
[12.209s]    80 | #define trace(...) [01;35m[K42[m[K
[12.209s]       |                    [01;35m[K^~[m[K
[12.209s] [01m[K/home/aayush/newest_frenet_planner/src/frenet_planner_ported/src/../include/frenet_optimal_trajectory.hpp:80:20:[m[K [01;36m[Knote: [m[Kin definition of macro ‘[01m[Ktrace[m[K’
[12.209s]    80 | #define trace(...) [01;36m[K42[m[K
[12.210s]       |                    [01;36m[K^~[m[K
[12.210s] [01m[K/home/aayush/newest_frenet_planner/src/frenet_planner_ported/src/../include/frenet_optimal_trajectory.hpp:80:20:[m[K [01;35m[Kwarning: [m[Kstatement has no effect [[01;35m[K-Wunused-value[m[K]
[12.210s]    80 | #define trace(...) [01;35m[K42[m[K
[12.210s]       |                    [01;35m[K^~[m[K
[12.211s] [01m[K/home/aayush/newest_frenet_planner/src/frenet_planner_ported/src/../include/frenet_optimal_trajectory.hpp:80:20:[m[K [01;36m[Knote: [m[Kin definition of macro ‘[01m[Ktrace[m[K’
[12.211s]    80 | #define trace(...) [01;36m[K42[m[K
[12.211s]       |                    [01;36m[K^~[m[K
[12.211s] [01m[K/home/aayush/newest_frenet_planner/src/frenet_planner_ported/src/../include/frenet_optimal_trajectory.hpp:80:20:[m[K [01;35m[Kwarning: [m[Kstatement has no effect [[01;35m[K-Wunused-value[m[K]
[12.212s]    80 | #define trace(...) [01;35m[K42[m[K
[12.220s]       |                    [01;35m[K^~[m[K
[12.221s] [01m[K/home/aayush/newest_frenet_planner/src/frenet_planner_ported/src/../include/frenet_optimal_trajectory.hpp:80:20:[m[K [01;36m[Knote: [m[Kin definition of macro ‘[01m[Ktrace[m[K’
[12.221s]    80 | #define trace(...) [01;36m[K42[m[K
[12.221s]       |                    [01;36m[K^~[m[K
[12.221s] [01m[K/home/aayush/newest_frenet_planner/src/frenet_planner_ported/src/../include/frenet_optimal_trajectory.hpp:81:59:[m[K [01;35m[Kwarning: [m[Kunused parameter ‘[01m[Kfp[m[K’ [[01;35m[K-Wunused-parameter[m[K]
[12.222s]    81 | inline ostream& operator<<(ostream& os, [01;35m[Kconst FrenetPath& fp[m[K)
[12.222s]       |                                         [01;35m[K~~~~~~~~~~~~~~~~~~^~[m[K
[12.222s] [01m[K/home/aayush/newest_frenet_planner/src/frenet_planner_ported/src/frenet_ros_obst.cpp:[m[K In function ‘[01m[Kdouble get_bot_yaw()[m[K’:
[12.222s] [01m[K/home/aayush/newest_frenet_planner/src/frenet_planner_ported/src/../include/frenet_optimal_trajectory.hpp:80:20:[m[K [01;35m[Kwarning: [m[Kstatement has no effect [[01;35m[K-Wunused-value[m[K]
[12.223s]    80 | #define trace(...) [01;35m[K42[m[K
[12.223s]       |                    [01;35m[K^~[m[K
[12.223s] [01m[K/home/aayush/newest_frenet_planner/src/frenet_planner_ported/src/../include/frenet_optimal_trajectory.hpp:80:20:[m[K [01;36m[Knote: [m[Kin definition of macro ‘[01m[Ktrace[m[K’
[12.224s]    80 | #define trace(...) [01;36m[K42[m[K
[12.224s]       |                    [01;36m[K^~[m[K
[12.224s] [01m[K/home/aayush/newest_frenet_planner/src/frenet_planner_ported/src/frenet_ros_obst.cpp:[m[K In function ‘[01m[Kvoid initial_conditions_path(Spline2D&, double&, double&, double&, double&, double&, double&, FrenetPath&)[m[K’:
[12.224s] [01m[K/home/aayush/newest_frenet_planner/src/frenet_planner_ported/src/frenet_ros_obst.cpp:56:40:[m[K [01;35m[Kwarning: [m[Kunused parameter ‘[01m[Kcsp[m[K’ [[01;35m[K-Wunused-parameter[m[K]
[12.225s]    56 | void initial_conditions_path([01;35m[KSpline2D &csp[m[K, double &s0, double &c_speed, double &c_d, double &c_d_d,
[12.225s]       |                              [01;35m[K~~~~~~~~~~^~~[m[K
[12.225s] In file included from [01m[K/home/aayush/newest_frenet_planner/src/frenet_planner_ported/src/frenet_ros_obst.cpp:2[m[K:
[12.225s] [01m[K/home/aayush/newest_frenet_planner/src/frenet_planner_ported/src/frenet_ros_obst.cpp:[m[K In function ‘[01m[Kint initial_conditions_new(Spline2D&, vecD&, vecD&, vecD&, vecD&, vecD&, double&, double&, double&, double&, double&, double&, FrenetPath&)[m[K’:
[12.226s] [01m[K/home/aayush/newest_frenet_planner/src/frenet_planner_ported/src/../include/frenet_optimal_trajectory.hpp:80:20:[m[K [01;35m[Kwarning: [m[Kstatement has no effect [[01;35m[K-Wunused-value[m[K]
[12.230s]    80 | #define trace(...) [01;35m[K42[m[K
[12.230s]       |                    [01;35m[K^~[m[K
[12.230s] [01m[K/home/aayush/newest_frenet_planner/src/frenet_planner_ported/src/../include/frenet_optimal_trajectory.hpp:80:20:[m[K [01;36m[Knote: [m[Kin definition of macro ‘[01m[Ktrace[m[K’
[12.231s]    80 | #define trace(...) [01;36m[K42[m[K
[12.231s]       |                    [01;36m[K^~[m[K
[12.231s] [01m[K/home/aayush/newest_frenet_planner/src/frenet_planner_ported/src/../include/frenet_optimal_trajectory.hpp:80:20:[m[K [01;35m[Kwarning: [m[Kstatement has no effect [[01;35m[K-Wunused-value[m[K]
[12.232s]    80 | #define trace(...) [01;35m[K42[m[K
[12.237s]       |                    [01;35m[K^~[m[K
[12.238s] [01m[K/home/aayush/newest_frenet_planner/src/frenet_planner_ported/src/../include/frenet_optimal_trajectory.hpp:80:20:[m[K [01;36m[Knote: [m[Kin definition of macro ‘[01m[Ktrace[m[K’
[12.238s]    80 | #define trace(...) [01;36m[K42[m[K
[12.238s]       |                    [01;36m[K^~[m[K
[12.238s] [01m[K/home/aayush/newest_frenet_planner/src/frenet_planner_ported/src/frenet_ros_obst.cpp:72:38:[m[K [01;35m[Kwarning: [m[Kunused parameter ‘[01m[Kcsp[m[K’ [[01;35m[K-Wunused-parameter[m[K]
[12.239s]    72 | int initial_conditions_new([01;35m[KSpline2D &csp[m[K, vecD &global_s, vecD &global_x, vecD &global_y,
[12.239s]       |                            [01;35m[K~~~~~~~~~~^~~[m[K
[12.239s] In file included from [01m[K/home/aayush/newest_frenet_planner/src/frenet_planner_ported/src/frenet_ros_obst.cpp:2[m[K:
[12.240s] [01m[K/home/aayush/newest_frenet_planner/src/frenet_planner_ported/src/frenet_ros_obst.cpp:[m[K In function ‘[01m[Kint main(int, char**)[m[K’:
[12.240s] [01m[K/home/aayush/newest_frenet_planner/src/frenet_planner_ported/src/../include/frenet_optimal_trajectory.hpp:80:20:[m[K [01;35m[Kwarning: [m[Kstatement has no effect [[01;35m[K-Wunused-value[m[K]
[12.240s]    80 | #define trace(...) [01;35m[K42[m[K
[12.245s]       |                    [01;35m[K^~[m[K
[12.246s] [01m[K/home/aayush/newest_frenet_planner/src/frenet_planner_ported/src/../include/frenet_optimal_trajectory.hpp:80:20:[m[K [01;36m[Knote: [m[Kin definition of macro ‘[01m[Ktrace[m[K’
[12.246s]    80 | #define trace(...) [01;36m[K42[m[K
[12.246s]       |                    [01;36m[K^~[m[K
[12.247s] [01m[K/home/aayush/newest_frenet_planner/src/frenet_planner_ported/src/frenet_ros_obst.cpp:269:48:[m[K [01;31m[Kerror: [m[Kconversion from ‘[01m[Kdouble[m[K’ to non-scalar type ‘[01m[Kstd::string[m[K’ {aka ‘[01m[Kstd::__cxx11::basic_string<char>[m[K’} requested
[12.247s]   269 |   std::string time_plot2_time_plot = [01;31m[Ktime_plot2-time_plot[m[K;
[12.247s]       |                                      [01;31m[K~~~~~~~~~~^~~~~~~~~~[m[K
[12.248s] [01m[K/home/aayush/newest_frenet_planner/src/frenet_planner_ported/src/frenet_ros_obst.cpp:275:3:[m[K [01;31m[Kerror: [m[Kexpected ‘[01m[K,[m[K’ or ‘[01m[K;[m[K’ before ‘[01m[KpublishPath[m[K’
[12.248s]   275 |   [01;31m[KpublishPath[m[K(path_msg, path, rk, ryaw, c_d, c_speed, c_d_d);
[12.248s]       |   [01;31m[K^~~~~~~~~~~[m[K
[12.249s] [01m[K/home/aayush/newest_frenet_planner/src/frenet_planner_ported/src/frenet_ros_obst.cpp:317:38:[m[K [01;31m[Kerror: [m[Kconversion from ‘[01m[Kdouble[m[K’ to non-scalar type ‘[01m[Kstd::string[m[K’ {aka ‘[01m[Kstd::__cxx11::basic_string<char>[m[K’} requested
[12.249s]   317 |   std::string time_2_time_1 = [01;31m[Ktime_2 - time_1[m[K;
[12.249s]       |                               [01;31m[K~~~~~~~^~~~~~~~[m[K
[12.250s] [01m[K/home/aayush/newest_frenet_planner/src/frenet_planner_ported/src/frenet_ros_obst.cpp:329:46:[m[K [01;31m[Kerror: [m[Kconversion from ‘[01m[Kdouble[m[K’ to non-scalar type ‘[01m[Kstd::string[m[K’ {aka ‘[01m[Kstd::__cxx11::basic_string<char>[m[K’} requested
[12.250s]   329 |   std::string mainLoop2_mainLoop1 = [01;31m[KmainLoop2-mainLoop1[m[K;
[12.250s]       |                                     [01;31m[K~~~~~~~~~^~~~~~~~~~[m[K
[12.250s] [01m[K/home/aayush/newest_frenet_planner/src/frenet_planner_ported/src/frenet_ros_obst.cpp:175:10:[m[K [01;35m[Kwarning: [m[Kunused variable ‘[01m[KstartTime1[m[K’ [[01;35m[K-Wunused-variable[m[K]
[12.251s]   175 |   double [01;35m[KstartTime1[m[K = omp_get_wtime();
[12.251s]       |          [01;35m[K^~~~~~~~~~[m[K
[12.251s] [01m[K/home/aayush/newest_frenet_planner/src/frenet_planner_ported/src/frenet_ros_obst.cpp:194:10:[m[K [01;35m[Kwarning: [m[Kunused variable ‘[01m[KendTime1[m[K’ [[01;35m[K-Wunused-variable[m[K]
[12.251s]   194 |   double [01;35m[KendTime1[m[K = omp_get_wtime();
[12.252s]       |          [01;35m[K^~~~~~~~[m[K
[12.252s] [01m[K/home/aayush/newest_frenet_planner/src/frenet_planner_ported/src/frenet_ros_obst.cpp:273:10:[m[K [01;35m[Kwarning: [m[Kunused variable ‘[01m[KstartTime3[m[K’ [[01;35m[K-Wunused-variable[m[K]
[12.252s]   273 |   double [01;35m[KstartTime3[m[K = omp_get_wtime()
[12.252s]       |          [01;35m[K^~~~~~~~~~[m[K
[12.253s] [01m[K/home/aayush/newest_frenet_planner/src/frenet_planner_ported/src/frenet_ros_obst.cpp:276:10:[m[K [01;35m[Kwarning: [m[Kunused variable ‘[01m[KendTime3[m[K’ [[01;35m[K-Wunused-variable[m[K]
[12.253s]   276 |   double [01;35m[KendTime3[m[K = omp_get_wtime();
[12.253s]       |          [01;35m[K^~~~~~~~[m[K
[12.261s] [01m[K/home/aayush/newest_frenet_planner/src/frenet_planner_ported/src/frenet_ros_obst.cpp:131:7:[m[K [01;35m[Kwarning: [m[Kunused variable ‘[01m[KgotOdom[m[K’ [[01;35m[K-Wunused-variable[m[K]
[12.261s]   131 |  bool [01;35m[KgotOdom[m[K = false;
[12.261s]       |       [01;35m[K^~~~~~~[m[K
[12.261s] [01m[K/home/aayush/newest_frenet_planner/src/frenet_planner_ported/src/frenet_ros_obst.cpp:165:9:[m[K [01;35m[Kwarning: [m[Kunused variable ‘[01m[Kpltbasetime[m[K’ [[01;35m[K-Wunused-variable[m[K]
[12.261s]   165 |  double [01;35m[Kpltbasetime[m[K = omp_get_wtime();
[12.262s]       |         [01;35m[K^~~~~~~~~~~[m[K
[12.262s] [01m[K/home/aayush/newest_frenet_planner/src/frenet_planner_ported/src/frenet_ros_obst.cpp:167:6:[m[K [01;35m[Kwarning: [m[Kunused variable ‘[01m[Kiteration_count[m[K’ [[01;35m[K-Wunused-variable[m[K]
[12.262s]   167 |  int [01;35m[Kiteration_count[m[K = 1;
[12.262s]       |      [01;35m[K^~~~~~~~~~~~~~~[m[K
[12.433s] In file included from [01m[K/home/aayush/newest_frenet_planner/src/frenet_planner_ported/src/frenet_planner.cpp:10[m[K:
[12.434s] [01m[K/home/aayush/newest_frenet_planner/src/frenet_planner_ported/src/../include/frenet_optimal_trajectory.hpp:[m[K In function ‘[01m[Kstd::ostream& operator<<(std::ostream&, const FrenetPath&)[m[K’:
[12.434s] [01m[K/home/aayush/newest_frenet_planner/src/frenet_planner_ported/src/../include/frenet_optimal_trajectory.hpp:80:20:[m[K [01;35m[Kwarning: [m[Kstatement has no effect [[01;35m[K-Wunused-value[m[K]
[12.434s]    80 | #define trace(...) [01;35m[K42[m[K
[12.434s]       |                    [01;35m[K^~[m[K
[12.435s] [01m[K/home/aayush/newest_frenet_planner/src/frenet_planner_ported/src/../include/frenet_optimal_trajectory.hpp:80:20:[m[K [01;36m[Knote: [m[Kin definition of macro ‘[01m[Ktrace[m[K’
[12.435s]    80 | #define trace(...) [01;36m[K42[m[K
[12.435s]       |                    [01;36m[K^~[m[K
[12.435s] [01m[K/home/aayush/newest_frenet_planner/src/frenet_planner_ported/src/../include/frenet_optimal_trajectory.hpp:80:20:[m[K [01;35m[Kwarning: [m[Kstatement has no effect [[01;35m[K-Wunused-value[m[K]
[12.435s]    80 | #define trace(...) [01;35m[K42[m[K
[12.436s]       |                    [01;35m[K^~[m[K
[12.436s] [01m[K/home/aayush/newest_frenet_planner/src/frenet_planner_ported/src/../include/frenet_optimal_trajectory.hpp:80:20:[m[K [01;36m[Knote: [m[Kin definition of macro ‘[01m[Ktrace[m[K’
[12.436s]    80 | #define trace(...) [01;36m[K42[m[K
[12.436s]       |                    [01;36m[K^~[m[K
[12.437s] [01m[K/home/aayush/newest_frenet_planner/src/frenet_planner_ported/src/../include/frenet_optimal_trajectory.hpp:80:20:[m[K [01;35m[Kwarning: [m[Kstatement has no effect [[01;35m[K-Wunused-value[m[K]
[12.437s]    80 | #define trace(...) [01;35m[K42[m[K
[12.437s]       |                    [01;35m[K^~[m[K
[12.437s] [01m[K/home/aayush/newest_frenet_planner/src/frenet_planner_ported/src/../include/frenet_optimal_trajectory.hpp:80:20:[m[K [01;36m[Knote: [m[Kin definition of macro ‘[01m[Ktrace[m[K’
[12.438s]    80 | #define trace(...) [01;36m[K42[m[K
[12.438s]       |                    [01;36m[K^~[m[K
[12.438s] [01m[K/home/aayush/newest_frenet_planner/src/frenet_planner_ported/src/../include/frenet_optimal_trajectory.hpp:80:20:[m[K [01;35m[Kwarning: [m[Kstatement has no effect [[01;35m[K-Wunused-value[m[K]
[12.438s]    80 | #define trace(...) [01;35m[K42[m[K
[12.438s]       |                    [01;35m[K^~[m[K
[12.439s] [01m[K/home/aayush/newest_frenet_planner/src/frenet_planner_ported/src/../include/frenet_optimal_trajectory.hpp:80:20:[m[K [01;36m[Knote: [m[Kin definition of macro ‘[01m[Ktrace[m[K’
[12.439s]    80 | #define trace(...) [01;36m[K42[m[K
[12.439s]       |                    [01;36m[K^~[m[K
[12.439s] [01m[K/home/aayush/newest_frenet_planner/src/frenet_planner_ported/src/../include/frenet_optimal_trajectory.hpp:80:20:[m[K [01;35m[Kwarning: [m[Kstatement has no effect [[01;35m[K-Wunused-value[m[K]
[12.440s]    80 | #define trace(...) [01;35m[K42[m[K
[12.440s]       |                    [01;35m[K^~[m[K
[12.448s] [01m[K/home/aayush/newest_frenet_planner/src/frenet_planner_ported/src/../include/frenet_optimal_trajectory.hpp:80:20:[m[K [01;36m[Knote: [m[Kin definition of macro ‘[01m[Ktrace[m[K’
[12.448s]    80 | #define trace(...) [01;36m[K42[m[K
[12.448s]       |                    [01;36m[K^~[m[K
[12.449s] [01m[K/home/aayush/newest_frenet_planner/src/frenet_planner_ported/src/../include/frenet_optimal_trajectory.hpp:80:20:[m[K [01;35m[Kwarning: [m[Kstatement has no effect [[01;35m[K-Wunused-value[m[K]
[12.449s]    80 | #define trace(...) [01;35m[K42[m[K
[12.449s]       |                    [01;35m[K^~[m[K
[12.449s] [01m[K/home/aayush/newest_frenet_planner/src/frenet_planner_ported/src/../include/frenet_optimal_trajectory.hpp:80:20:[m[K [01;36m[Knote: [m[Kin definition of macro ‘[01m[Ktrace[m[K’
[12.450s]    80 | #define trace(...) [01;36m[K42[m[K
[12.450s]       |                    [01;36m[K^~[m[K
[12.450s] [01m[K/home/aayush/newest_frenet_planner/src/frenet_planner_ported/src/../include/frenet_optimal_trajectory.hpp:80:20:[m[K [01;35m[Kwarning: [m[Kstatement has no effect [[01;35m[K-Wunused-value[m[K]
[12.450s]    80 | #define trace(...) [01;35m[K42[m[K
[12.450s]       |                    [01;35m[K^~[m[K
[12.451s] [01m[K/home/aayush/newest_frenet_planner/src/frenet_planner_ported/src/../include/frenet_optimal_trajectory.hpp:80:20:[m[K [01;36m[Knote: [m[Kin definition of macro ‘[01m[Ktrace[m[K’
[12.451s]    80 | #define trace(...) [01;36m[K42[m[K
[12.451s]       |                    [01;36m[K^~[m[K
[12.451s] [01m[K/home/aayush/newest_frenet_planner/src/frenet_planner_ported/src/../include/frenet_optimal_trajectory.hpp:80:20:[m[K [01;35m[Kwarning: [m[Kstatement has no effect [[01;35m[K-Wunused-value[m[K]
[12.451s]    80 | #define trace(...) [01;35m[K42[m[K
[12.452s]       |                    [01;35m[K^~[m[K
[12.452s] [01m[K/home/aayush/newest_frenet_planner/src/frenet_planner_ported/src/../include/frenet_optimal_trajectory.hpp:80:20:[m[K [01;36m[Knote: [m[Kin definition of macro ‘[01m[Ktrace[m[K’
[12.452s]    80 | #define trace(...) [01;36m[K42[m[K
[12.452s]       |                    [01;36m[K^~[m[K
[12.452s] [01m[K/home/aayush/newest_frenet_planner/src/frenet_planner_ported/src/../include/frenet_optimal_trajectory.hpp:80:20:[m[K [01;35m[Kwarning: [m[Kstatement has no effect [[01;35m[K-Wunused-value[m[K]
[12.453s]    80 | #define trace(...) [01;35m[K42[m[K
[12.453s]       |                    [01;35m[K^~[m[K
[12.453s] [01m[K/home/aayush/newest_frenet_planner/src/frenet_planner_ported/src/../include/frenet_optimal_trajectory.hpp:80:20:[m[K [01;36m[Knote: [m[Kin definition of macro ‘[01m[Ktrace[m[K’
[12.453s]    80 | #define trace(...) [01;36m[K42[m[K
[12.454s]       |                    [01;36m[K^~[m[K
[12.454s] [01m[K/home/aayush/newest_frenet_planner/src/frenet_planner_ported/src/../include/frenet_optimal_trajectory.hpp:80:20:[m[K [01;35m[Kwarning: [m[Kstatement has no effect [[01;35m[K-Wunused-value[m[K]
[12.454s]    80 | #define trace(...) [01;35m[K42[m[K
[12.455s]       |                    [01;35m[K^~[m[K
[12.455s] [01m[K/home/aayush/newest_frenet_planner/src/frenet_planner_ported/src/../include/frenet_optimal_trajectory.hpp:80:20:[m[K [01;36m[Knote: [m[Kin definition of macro ‘[01m[Ktrace[m[K’
[12.455s]    80 | #define trace(...) [01;36m[K42[m[K
[12.455s]       |                    [01;36m[K^~[m[K
[12.455s] [01m[K/home/aayush/newest_frenet_planner/src/frenet_planner_ported/src/../include/frenet_optimal_trajectory.hpp:80:20:[m[K [01;35m[Kwarning: [m[Kstatement has no effect [[01;35m[K-Wunused-value[m[K]
[12.456s]    80 | #define trace(...) [01;35m[K42[m[K
[12.456s]       |                    [01;35m[K^~[m[K
[12.456s] [01m[K/home/aayush/newest_frenet_planner/src/frenet_planner_ported/src/../include/frenet_optimal_trajectory.hpp:80:20:[m[K [01;36m[Knote: [m[Kin definition of macro ‘[01m[Ktrace[m[K’
[12.456s]    80 | #define trace(...) [01;36m[K42[m[K
[12.456s]       |                    [01;36m[K^~[m[K
[12.457s] [01m[K/home/aayush/newest_frenet_planner/src/frenet_planner_ported/src/../include/frenet_optimal_trajectory.hpp:80:20:[m[K [01;35m[Kwarning: [m[Kstatement has no effect [[01;35m[K-Wunused-value[m[K]
[12.457s]    80 | #define trace(...) [01;35m[K42[m[K
[12.457s]       |                    [01;35m[K^~[m[K
[12.457s] [01m[K/home/aayush/newest_frenet_planner/src/frenet_planner_ported/src/../include/frenet_optimal_trajectory.hpp:80:20:[m[K [01;36m[Knote: [m[Kin definition of macro ‘[01m[Ktrace[m[K’
[12.458s]    80 | #define trace(...) [01;36m[K42[m[K
[12.458s]       |                    [01;36m[K^~[m[K
[12.458s] [01m[K/home/aayush/newest_frenet_planner/src/frenet_planner_ported/src/../include/frenet_optimal_trajectory.hpp:80:20:[m[K [01;35m[Kwarning: [m[Kstatement has no effect [[01;35m[K-Wunused-value[m[K]
[12.458s]    80 | #define trace(...) [01;35m[K42[m[K
[12.458s]       |                    [01;35m[K^~[m[K
[12.459s] [01m[K/home/aayush/newest_frenet_planner/src/frenet_planner_ported/src/../include/frenet_optimal_trajectory.hpp:80:20:[m[K [01;36m[Knote: [m[Kin definition of macro ‘[01m[Ktrace[m[K’
[12.459s]    80 | #define trace(...) [01;36m[K42[m[K
[12.459s]       |                    [01;36m[K^~[m[K
[12.459s] [01m[K/home/aayush/newest_frenet_planner/src/frenet_planner_ported/src/../include/frenet_optimal_trajectory.hpp:81:59:[m[K [01;35m[Kwarning: [m[Kunused parameter ‘[01m[Kfp[m[K’ [[01;35m[K-Wunused-parameter[m[K]
[12.459s]    81 | inline ostream& operator<<(ostream& os, [01;35m[Kconst FrenetPath& fp[m[K)
[12.460s]       |                                         [01;35m[K~~~~~~~~~~~~~~~~~~^~[m[K
[12.471s] [01m[K/home/aayush/newest_frenet_planner/src/frenet_planner_ported/src/frenet_planner.cpp:[m[K In member function ‘[01m[Kvoid FrenetPath::calc_lon_paths_quintic_poly(double, double, double, double, double)[m[K’:
[12.471s] [01m[K/home/aayush/newest_frenet_planner/src/frenet_planner_ported/src/frenet_planner.cpp:69:91:[m[K [01;35m[Kwarning: [m[Kunused parameter ‘[01m[Kts[m[K’ [[01;35m[K-Wunused-parameter[m[K]
[12.471s]    69 | void FrenetPath::calc_lon_paths_quintic_poly(double c_speed, double s0, double Ti, [01;35m[Kdouble ts[m[K,
[12.471s]       |                                                                                    [01;35m[K~~~~~~~^~[m[K
[12.487s] [01m[K/home/aayush/newest_frenet_planner/src/frenet_planner_ported/src/frenet_planner.cpp:[m[K In member function ‘[01m[Kvoid FrenetPath::adding_global_path(Spline2D)[m[K’:
[12.488s] [01m[K/home/aayush/newest_frenet_planner/src/frenet_planner_ported/src/frenet_planner.cpp:198:9:[m[K [01;35m[Kwarning: [m[Kunused variable ‘[01m[KstartTime1[m[K’ [[01;35m[K-Wunused-variable[m[K]
[12.488s]   198 |  double [01;35m[KstartTime1[m[K = omp_get_wtime();
[12.488s]       |         [01;35m[K^~~~~~~~~~[m[K
[12.489s] [01m[K/home/aayush/newest_frenet_planner/src/frenet_planner_ported/src/frenet_planner.cpp:249:9:[m[K [01;35m[Kwarning: [m[Kunused variable ‘[01m[KendTime1[m[K’ [[01;35m[K-Wunused-variable[m[K]
[12.489s]   249 |  double [01;35m[KendTime1[m[K = omp_get_wtime();
[12.489s]       |         [01;35m[K^~~~~~~~[m[K
[12.510s] In file included from [01m[K/home/aayush/newest_frenet_planner/src/frenet_planner_ported/src/frenet_planner.cpp:10[m[K:
[12.510s] [01m[K/home/aayush/newest_frenet_planner/src/frenet_planner_ported/src/frenet_planner.cpp:[m[K In function ‘[01m[KFrenetPath frenet_optimal_planning(Spline2D, double, double, double, double, double, FrenetPath, double)[m[K’:
[12.511s] [01m[K/home/aayush/newest_frenet_planner/src/frenet_planner_ported/src/../include/frenet_optimal_trajectory.hpp:80:20:[m[K [01;35m[Kwarning: [m[Kstatement has no effect [[01;35m[K-Wunused-value[m[K]
[12.511s]    80 | #define trace(...) [01;35m[K42[m[K
[12.511s]       |                    [01;35m[K^~[m[K
[12.511s] [01m[K/home/aayush/newest_frenet_planner/src/frenet_planner_ported/src/../include/frenet_optimal_trajectory.hpp:80:20:[m[K [01;36m[Knote: [m[Kin definition of macro ‘[01m[Ktrace[m[K’
[12.512s]    80 | #define trace(...) [01;36m[K42[m[K
[12.512s]       |                    [01;36m[K^~[m[K
[12.513s] [01m[K/home/aayush/newest_frenet_planner/src/frenet_planner_ported/src/frenet_planner.cpp:451:44:[m[K [01;31m[Kerror: [m[Kconversion from ‘[01m[Kdouble[m[K’ to non-scalar type ‘[01m[Kstd::string[m[K’ {aka ‘[01m[Kstd::__cxx11::basic_string<char>[m[K’} requested
[12.513s]   451 |  std::string endTime1_startTime1 = [01;31m[KendTime1-startTime1[m[K;
[12.513s]       |                                    [01;31m[K~~~~~~~~^~~~~~~~~~~[m[K
[12.522s] In file included from [01m[K/opt/ros/foxy/include/rclcpp/service.hpp:34[m[K,
[12.522s]                  from [01m[K/opt/ros/foxy/include/rclcpp/callback_group.hpp:25[m[K,
[12.522s]                  from [01m[K/opt/ros/foxy/include/rclcpp/any_executable.hpp:20[m[K,
[12.523s]                  from [01m[K/opt/ros/foxy/include/rclcpp/memory_strategy.hpp:24[m[K,
[12.523s]                  from [01m[K/opt/ros/foxy/include/rclcpp/memory_strategies.hpp:18[m[K,
[12.523s]                  from [01m[K/opt/ros/foxy/include/rclcpp/executor_options.hpp:20[m[K,
[12.523s]                  from [01m[K/opt/ros/foxy/include/rclcpp/executor.hpp:33[m[K,
[12.524s]                  from [01m[K/opt/ros/foxy/include/rclcpp/executors/multi_threaded_executor.hpp:25[m[K,
[12.524s]                  from [01m[K/opt/ros/foxy/include/rclcpp/executors.hpp:21[m[K,
[12.524s]                  from [01m[K/opt/ros/foxy/include/rclcpp/rclcpp.hpp:146[m[K,
[12.524s]                  from [01m[K/opt/ros/foxy/include/tf2_ros/buffer_interface.h:35[m[K,
[12.525s]                  from [01m[K/opt/ros/foxy/include/tf2_geometry_msgs/tf2_geometry_msgs.h:38[m[K,
[12.525s]                  from [01m[K/home/aayush/newest_frenet_planner/src/frenet_planner_ported/src/frenet_planner.cpp:2[m[K:
[12.525s] [01m[K/home/aayush/newest_frenet_planner/src/frenet_planner_ported/src/frenet_planner.cpp:454:14:[m[K [01;31m[Kerror: [m[K‘[01m[Knode[m[K’ was not declared in this scope; did you mean ‘[01m[K_node[m[K’?
[12.525s]   454 |  RCLCPP_INFO([01;31m[Knode[m[K->get_logger(), calc_frenet_paths_function_str);
[12.526s]       |              [01;31m[K^~~~[m[K
[12.530s] [01m[K/home/aayush/newest_frenet_planner/src/frenet_planner_ported/src/frenet_planner.cpp:454:2:[m[K [01;31m[Kerror: [m[Ktemplate argument 1 is invalid
[12.530s]   454 |  [01;31m[KRCLCPP_INFO[m[K(node->get_logger(), calc_frenet_paths_function_str);
[12.530s]       |  [01;31m[K^~~~~~~~~~~[m[K
[12.531s] [01m[K/home/aayush/newest_frenet_planner/src/frenet_planner_ported/src/frenet_planner.cpp:454:2:[m[K [01;31m[Kerror: [m[Ktemplate argument 1 is invalid
[12.531s]   454 |  [01;31m[KRCLCPP_INFO[m[K(node->get_logger(), calc_frenet_paths_function_str);
[12.531s]       |  [01;31m[K^~~~~~~~~~~[m[K
[12.531s] [01m[K/home/aayush/newest_frenet_planner/src/frenet_planner_ported/src/frenet_planner.cpp:454:2:[m[K [01;31m[Kerror: [m[Ktemplate argument 1 is invalid
[12.537s]   454 |  [01;31m[KRCLCPP_INFO[m[K(node->get_logger(), calc_frenet_paths_function_str);
[12.538s]       |  [01;31m[K^~~~~~~~~~~[m[K
[12.538s] In file included from [01m[K/home/aayush/newest_frenet_planner/src/frenet_planner_ported/src/frenet_planner.cpp:10[m[K:
[12.538s] [01m[K/home/aayush/newest_frenet_planner/src/frenet_planner_ported/src/../include/frenet_optimal_trajectory.hpp:80:20:[m[K [01;35m[Kwarning: [m[Kstatement has no effect [[01;35m[K-Wunused-value[m[K]
[12.539s]    80 | #define trace(...) [01;35m[K42[m[K
[12.539s]       |                    [01;35m[K^~[m[K
[12.539s] [01m[K/home/aayush/newest_frenet_planner/src/frenet_planner_ported/src/../include/frenet_optimal_trajectory.hpp:80:20:[m[K [01;36m[Knote: [m[Kin definition of macro ‘[01m[Ktrace[m[K’
[12.540s]    80 | #define trace(...) [01;36m[K42[m[K
[12.540s]       |                    [01;36m[K^~[m[K
[12.540s] [01m[K/home/aayush/newest_frenet_planner/src/frenet_planner_ported/src/frenet_planner.cpp:461:44:[m[K [01;31m[Kerror: [m[Kconversion from ‘[01m[Kdouble[m[K’ to non-scalar type ‘[01m[Kstd::string[m[K’ {aka ‘[01m[Kstd::__cxx11::basic_string<char>[m[K’} requested
[12.541s]   461 |  std::string endTime2_startTime2 = [01;31m[KendTime2-startTime2[m[K;
[12.541s]       |                                    [01;31m[K~~~~~~~~^~~~~~~~~~~[m[K
[12.545s] In file included from [01m[K/opt/ros/foxy/include/rclcpp/service.hpp:34[m[K,
[12.545s]                  from [01m[K/opt/ros/foxy/include/rclcpp/callback_group.hpp:25[m[K,
[12.545s]                  from [01m[K/opt/ros/foxy/include/rclcpp/any_executable.hpp:20[m[K,
[12.546s]                  from [01m[K/opt/ros/foxy/include/rclcpp/memory_strategy.hpp:24[m[K,
[12.546s]                  from [01m[K/opt/ros/foxy/include/rclcpp/memory_strategies.hpp:18[m[K,
[12.546s]                  from [01m[K/opt/ros/foxy/include/rclcpp/executor_options.hpp:20[m[K,
[12.546s]                  from [01m[K/opt/ros/foxy/include/rclcpp/executor.hpp:33[m[K,
[12.547s]                  from [01m[K/opt/ros/foxy/include/rclcpp/executors/multi_threaded_executor.hpp:25[m[K,
[12.547s]                  from [01m[K/opt/ros/foxy/include/rclcpp/executors.hpp:21[m[K,
[12.547s]                  from [01m[K/opt/ros/foxy/include/rclcpp/rclcpp.hpp:146[m[K,
[12.547s]                  from [01m[K/opt/ros/foxy/include/tf2_ros/buffer_interface.h:35[m[K,
[12.548s]                  from [01m[K/opt/ros/foxy/include/tf2_geometry_msgs/tf2_geometry_msgs.h:38[m[K,
[12.548s]                  from [01m[K/home/aayush/newest_frenet_planner/src/frenet_planner_ported/src/frenet_planner.cpp:2[m[K:
[12.548s] [01m[K/home/aayush/newest_frenet_planner/src/frenet_planner_ported/src/frenet_planner.cpp:464:14:[m[K [01;31m[Kerror: [m[K‘[01m[Knode[m[K’ was not declared in this scope; did you mean ‘[01m[K_node[m[K’?
[12.549s]   464 |  RCLCPP_INFO([01;31m[Knode[m[K->get_logger(), calc_global_paths_function_str);
[12.549s]       |              [01;31m[K^~~~[m[K
[12.549s] [01m[K/home/aayush/newest_frenet_planner/src/frenet_planner_ported/src/frenet_planner.cpp:464:2:[m[K [01;31m[Kerror: [m[Ktemplate argument 1 is invalid
[12.549s]   464 |  [01;31m[KRCLCPP_INFO[m[K(node->get_logger(), calc_global_paths_function_str);
[12.550s]       |  [01;31m[K^~~~~~~~~~~[m[K
[12.550s] [01m[K/home/aayush/newest_frenet_planner/src/frenet_planner_ported/src/frenet_planner.cpp:464:2:[m[K [01;31m[Kerror: [m[Ktemplate argument 1 is invalid
[12.550s]   464 |  [01;31m[KRCLCPP_INFO[m[K(node->get_logger(), calc_global_paths_function_str);
[12.550s]       |  [01;31m[K^~~~~~~~~~~[m[K
[12.551s] [01m[K/home/aayush/newest_frenet_planner/src/frenet_planner_ported/src/frenet_planner.cpp:464:2:[m[K [01;31m[Kerror: [m[Ktemplate argument 1 is invalid
[12.551s]   464 |  [01;31m[KRCLCPP_INFO[m[K(node->get_logger(), calc_global_paths_function_str);
[12.551s]       |  [01;31m[K^~~~~~~~~~~[m[K
[12.560s] In file included from [01m[K/home/aayush/newest_frenet_planner/src/frenet_planner_ported/src/frenet_planner.cpp:10[m[K:
[12.560s] [01m[K/home/aayush/newest_frenet_planner/src/frenet_planner_ported/src/../include/frenet_optimal_trajectory.hpp:80:20:[m[K [01;35m[Kwarning: [m[Kstatement has no effect [[01;35m[K-Wunused-value[m[K]
[12.560s]    80 | #define trace(...) [01;35m[K42[m[K
[12.561s]       |                    [01;35m[K^~[m[K
[12.561s] [01m[K/home/aayush/newest_frenet_planner/src/frenet_planner_ported/src/../include/frenet_optimal_trajectory.hpp:80:20:[m[K [01;36m[Knote: [m[Kin definition of macro ‘[01m[Ktrace[m[K’
[12.561s]    80 | #define trace(...) [01;36m[K42[m[K
[12.561s]       |                    [01;36m[K^~[m[K
[12.561s] [01m[K/home/aayush/newest_frenet_planner/src/frenet_planner_ported/src/frenet_planner.cpp:474:44:[m[K [01;31m[Kerror: [m[Kconversion from ‘[01m[Kdouble[m[K’ to non-scalar type ‘[01m[Kstd::string[m[K’ {aka ‘[01m[Kstd::__cxx11::basic_string<char>[m[K’} requested
[12.562s]   474 |  std::string endTime3_startTime3 = [01;31m[KendTime3-startTime3[m[K;
[12.562s]       |                                    [01;31m[K~~~~~~~~^~~~~~~~~~~[m[K
[12.562s] In file included from [01m[K/opt/ros/foxy/include/rclcpp/service.hpp:34[m[K,
[12.562s]                  from [01m[K/opt/ros/foxy/include/rclcpp/callback_group.hpp:25[m[K,
[12.562s]                  from [01m[K/opt/ros/foxy/include/rclcpp/any_executable.hpp:20[m[K,
[12.563s]                  from [01m[K/opt/ros/foxy/include/rclcpp/memory_strategy.hpp:24[m[K,
[12.563s]                  from [01m[K/opt/ros/foxy/include/rclcpp/memory_strategies.hpp:18[m[K,
[12.563s]                  from [01m[K/opt/ros/foxy/include/rclcpp/executor_options.hpp:20[m[K,
[12.563s]                  from [01m[K/opt/ros/foxy/include/rclcpp/executor.hpp:33[m[K,
[12.563s]                  from [01m[K/opt/ros/foxy/include/rclcpp/executors/multi_threaded_executor.hpp:25[m[K,
[12.564s]                  from [01m[K/opt/ros/foxy/include/rclcpp/executors.hpp:21[m[K,
[12.564s]                  from [01m[K/opt/ros/foxy/include/rclcpp/rclcpp.hpp:146[m[K,
[12.564s]                  from [01m[K/opt/ros/foxy/include/tf2_ros/buffer_interface.h:35[m[K,
[12.564s]                  from [01m[K/opt/ros/foxy/include/tf2_geometry_msgs/tf2_geometry_msgs.h:38[m[K,
[12.564s]                  from [01m[K/home/aayush/newest_frenet_planner/src/frenet_planner_ported/src/frenet_planner.cpp:2[m[K:
[12.565s] [01m[K/home/aayush/newest_frenet_planner/src/frenet_planner_ported/src/frenet_planner.cpp:477:14:[m[K [01;31m[Kerror: [m[K‘[01m[Knode[m[K’ was not declared in this scope; did you mean ‘[01m[K_node[m[K’?
[12.565s]   477 |  RCLCPP_INFO([01;31m[Knode[m[K->get_logger(), calc_path_function_str);
[12.565s]       |              [01;31m[K^~~~[m[K
[12.565s] [01m[K/home/aayush/newest_frenet_planner/src/frenet_planner_ported/src/frenet_planner.cpp:477:2:[m[K [01;31m[Kerror: [m[Ktemplate argument 1 is invalid
[12.566s]   477 |  [01;31m[KRCLCPP_INFO[m[K(node->get_logger(), calc_path_function_str);
[12.566s]       |  [01;31m[K^~~~~~~~~~~[m[K
[12.566s] [01m[K/home/aayush/newest_frenet_planner/src/frenet_planner_ported/src/frenet_planner.cpp:477:2:[m[K [01;31m[Kerror: [m[Ktemplate argument 1 is invalid
[12.566s]   477 |  [01;31m[KRCLCPP_INFO[m[K(node->get_logger(), calc_path_function_str);
[12.566s]       |  [01;31m[K^~~~~~~~~~~[m[K
[12.567s] [01m[K/home/aayush/newest_frenet_planner/src/frenet_planner_ported/src/frenet_planner.cpp:477:2:[m[K [01;31m[Kerror: [m[Ktemplate argument 1 is invalid
[12.567s]   477 |  [01;31m[KRCLCPP_INFO[m[K(node->get_logger(), calc_path_function_str);
[12.567s]       |  [01;31m[K^~~~~~~~~~~[m[K
[12.570s] In file included from [01m[K/home/aayush/newest_frenet_planner/src/frenet_planner_ported/src/frenet_planner.cpp:10[m[K:
[12.571s] [01m[K/home/aayush/newest_frenet_planner/src/frenet_planner_ported/src/../include/frenet_optimal_trajectory.hpp:80:20:[m[K [01;35m[Kwarning: [m[Kstatement has no effect [[01;35m[K-Wunused-value[m[K]
[12.571s]    80 | #define trace(...) [01;35m[K42[m[K
[12.571s]       |                    [01;35m[K^~[m[K
[12.571s] [01m[K/home/aayush/newest_frenet_planner/src/frenet_planner_ported/src/../include/frenet_optimal_trajectory.hpp:80:20:[m[K [01;36m[Knote: [m[Kin definition of macro ‘[01m[Ktrace[m[K’
[12.571s]    80 | #define trace(...) [01;36m[K42[m[K
[12.572s]       |                    [01;36m[K^~[m[K
[12.572s] [01m[K/home/aayush/newest_frenet_planner/src/frenet_planner_ported/src/../include/frenet_optimal_trajectory.hpp:80:20:[m[K [01;35m[Kwarning: [m[Kstatement has no effect [[01;35m[K-Wunused-value[m[K]
[12.572s]    80 | #define trace(...) [01;35m[K42[m[K
[12.572s]       |                    [01;35m[K^~[m[K
[12.573s] [01m[K/home/aayush/newest_frenet_planner/src/frenet_planner_ported/src/../include/frenet_optimal_trajectory.hpp:80:20:[m[K [01;36m[Knote: [m[Kin definition of macro ‘[01m[Ktrace[m[K’
[12.573s]    80 | #define trace(...) [01;36m[K42[m[K
[12.573s]       |                    [01;36m[K^~[m[K
[14.309s] make[2]: *** [CMakeFiles/frenet_ros_obst.dir/build.make:76: CMakeFiles/frenet_ros_obst.dir/src/frenet_planner.cpp.o] Error 1
[14.309s] make[2]: *** Waiting for unfinished jobs....
[22.169s] make[2]: *** [CMakeFiles/frenet_ros_obst.dir/build.make:63: CMakeFiles/frenet_ros_obst.dir/src/frenet_ros_obst.cpp.o] Error 1
[22.170s] make[1]: *** [CMakeFiles/Makefile2:78: CMakeFiles/frenet_ros_obst.dir/all] Error 2
[22.170s] make: *** [Makefile:141: all] Error 2
[22.174s] Invoked command in '/home/aayush/newest_frenet_planner/build/frenet_planner_ported' returned '2': CMAKE_PREFIX_PATH=${CMAKE_PREFIX_PATH}:/home/aayush/newest_frenet_planner/install/dummy:/opt/ros/foxy /usr/bin/cmake --build /home/aayush/newest_frenet_planner/build/frenet_planner_ported -- -j2 -l2
