In file included from [01m[K/home/aayush/newest_frenet_planner/src/frenet_planner_ported/src/frenet_planner.cpp:8[m[K:
[01m[K/home/aayush/newest_frenet_planner/src/frenet_planner_ported/./include/matplotlibcpp.hpp:314:36:[m[K [01;35m[Kwarning: [m[Kstatic_assert without a message only available with ‘[01m[K-std=c++17[m[K’ or ‘[01m[K-std=gnu++17[m[K’ [[01;35m[K-Wpedantic[m[K]
  314 | static_assert(sizeof(long long) == [01;35m[K8[m[K);
      |                                    [01;35m[K^[m[K
[01m[K/home/aayush/newest_frenet_planner/src/frenet_planner_ported/./include/matplotlibcpp.hpp:316:45:[m[K [01;35m[Kwarning: [m[Kstatic_assert without a message only available with ‘[01m[K-std=c++17[m[K’ or ‘[01m[K-std=gnu++17[m[K’ [[01;35m[K-Wpedantic[m[K]
  316 | static_assert(sizeof(unsigned long long) == [01;35m[K8[m[K);
      |                                             [01;35m[K^[m[K
In file included from [01m[K/home/aayush/newest_frenet_planner/src/frenet_planner_ported/src/../include/../include/frenet_class.hpp:11[m[K,
                 from [01m[K/home/aayush/newest_frenet_planner/src/frenet_planner_ported/src/../include/frenet_optimal_trajectory.hpp:6[m[K,
                 from [01m[K/home/aayush/newest_frenet_planner/src/frenet_planner_ported/src/frenet_ros_obst.cpp:2[m[K:
[01m[K/home/aayush/newest_frenet_planner/src/frenet_planner_ported/./include/matplotlibcpp.hpp:314:36:[m[K [01;35m[Kwarning: [m[Kstatic_assert without a message only available with ‘[01m[K-std=c++17[m[K’ or ‘[01m[K-std=gnu++17[m[K’ [[01;35m[K-Wpedantic[m[K]
  314 | static_assert(sizeof(long long) == [01;35m[K8[m[K);
      |                                    [01;35m[K^[m[K
[01m[K/home/aayush/newest_frenet_planner/src/frenet_planner_ported/./include/matplotlibcpp.hpp:316:45:[m[K [01;35m[Kwarning: [m[Kstatic_assert without a message only available with ‘[01m[K-std=c++17[m[K’ or ‘[01m[K-std=gnu++17[m[K’ [[01;35m[K-Wpedantic[m[K]
  316 | static_assert(sizeof(unsigned long long) == [01;35m[K8[m[K);
      |                                             [01;35m[K^[m[K
In file included from [01m[K/home/aayush/newest_frenet_planner/src/frenet_planner_ported/src/../include/frenet_optimal_trajectory.hpp:6[m[K,
                 from [01m[K/home/aayush/newest_frenet_planner/src/frenet_planner_ported/src/frenet_planner.cpp:10[m[K:
[01m[K/home/aayush/newest_frenet_planner/src/frenet_planner_ported/src/../include/../include/frenet_class.hpp:129:81:[m[K [01;35m[Kwarning: [m[K‘[01m[Kgeometry_msgs::msg::PolygonStamped_<std::allocator<void> >::ConstPtr[m[K’ is deprecated [[01;35m[K-Wdeprecated-declarations[m[K]
  129 |     void footprint_callback(const geometry_msgs::msg::PolygonStamped::ConstPtr p[01;35m[K)[m[K
      |                                                                                 [01;35m[K^[m[K
In file included from [01m[K/opt/ros/foxy/include/geometry_msgs/msg/polygon_stamped.hpp:7[m[K,
                 from [01m[K/home/aayush/newest_frenet_planner/src/frenet_planner_ported/src/frenet_planner.cpp:6[m[K:
[01m[K/opt/ros/foxy/include/geometry_msgs/msg/detail/polygon_stamped__struct.hpp:114:5:[m[K [01;36m[Knote: [m[Kdeclared here
  114 |     [01;36m[KConstPtr[m[K;
      |     [01;36m[K^~~~~~~~[m[K
In file included from [01m[K/home/aayush/newest_frenet_planner/src/frenet_planner_ported/src/../include/frenet_optimal_trajectory.hpp:6[m[K,
                 from [01m[K/home/aayush/newest_frenet_planner/src/frenet_planner_ported/src/frenet_planner.cpp:10[m[K:
[01m[K/home/aayush/newest_frenet_planner/src/frenet_planner_ported/src/../include/../include/frenet_class.hpp:135:67:[m[K [01;35m[Kwarning: [m[K‘[01m[Knav_msgs::msg::Odometry_<std::allocator<void> >::ConstPtr[m[K’ is deprecated [[01;35m[K-Wdeprecated-declarations[m[K]
  135 |     void odom_callback(const nav_msgs::msg::Odometry::ConstPtr msg[01;35m[K)[m[K
      |                                                                   [01;35m[K^[m[K
In file included from [01m[K/opt/ros/foxy/include/nav_msgs/msg/odometry.hpp:7[m[K,
                 from [01m[K/home/aayush/newest_frenet_planner/src/frenet_planner_ported/src/frenet_planner.cpp:4[m[K:
[01m[K/opt/ros/foxy/include/nav_msgs/msg/detail/odometry__struct.hpp:145:5:[m[K [01;36m[Knote: [m[Kdeclared here
  145 |     [01;36m[KConstPtr[m[K;
      |     [01;36m[K^~~~~~~~[m[K
In file included from [01m[K/home/aayush/newest_frenet_planner/src/frenet_planner_ported/src/../include/frenet_optimal_trajectory.hpp:6[m[K,
                 from [01m[K/home/aayush/newest_frenet_planner/src/frenet_planner_ported/src/frenet_planner.cpp:10[m[K:
[01m[K/home/aayush/newest_frenet_planner/src/frenet_planner_ported/src/../include/../include/frenet_class.hpp:139:86:[m[K [01;35m[Kwarning: [m[K‘[01m[Knav_msgs::msg::OccupancyGrid_<std::allocator<void> >::ConstPtr[m[K’ is deprecated [[01;35m[K-Wdeprecated-declarations[m[K]
  139 |     void costmap_callback(const nav_msgs::msg::OccupancyGrid::ConstPtr occupancy_grid[01;35m[K)[m[K
      |                                                                                      [01;35m[K^[m[K
In file included from [01m[K/opt/ros/foxy/include/nav_msgs/msg/occupancy_grid.hpp:7[m[K,
                 from [01m[K/home/aayush/newest_frenet_planner/src/frenet_planner_ported/src/frenet_planner.cpp:5[m[K:
[01m[K/opt/ros/foxy/include/nav_msgs/msg/detail/occupancy_grid__struct.hpp:123:5:[m[K [01;36m[Knote: [m[Kdeclared here
  123 |     [01;36m[KConstPtr[m[K;
      |     [01;36m[K^~~~~~~~[m[K
In file included from [01m[K/home/aayush/newest_frenet_planner/src/frenet_planner_ported/src/../include/frenet_optimal_trajectory.hpp:6[m[K,
                 from [01m[K/home/aayush/newest_frenet_planner/src/frenet_planner_ported/src/frenet_ros_obst.cpp:2[m[K:
[01m[K/home/aayush/newest_frenet_planner/src/frenet_planner_ported/src/../include/../include/frenet_class.hpp:129:81:[m[K [01;35m[Kwarning: [m[K‘[01m[Kgeometry_msgs::msg::PolygonStamped_<std::allocator<void> >::ConstPtr[m[K’ is deprecated [[01;35m[K-Wdeprecated-declarations[m[K]
  129 | allback(const geometry_msgs::msg::PolygonStamped::ConstPtr p[01;35m[K)[m[K
      |                                                             [01;35m[K^[m[K

In file included from [01m[K/opt/ros/foxy/include/geometry_msgs/msg/polygon_stamped.hpp:7[m[K,
                 from [01m[K/home/aayush/newest_frenet_planner/src/frenet_planner_ported/src/../include/../include/parameters.hpp:5[m[K,
                 from [01m[K/home/aayush/newest_frenet_planner/src/frenet_planner_ported/src/../include/frenet_optimal_trajectory.hpp:5[m[K,
                 from [01m[K/home/aayush/newest_frenet_planner/src/frenet_planner_ported/src/frenet_ros_obst.cpp:2[m[K:
[01m[K/opt/ros/foxy/include/geometry_msgs/msg/detail/polygon_stamped__struct.hpp:114:5:[m[K [01;36m[Knote: [m[Kdeclared here
  114 |     [01;36m[KConstPtr[m[K;
      |     [01;36m[K^~~~~~~~[m[K
In file included from [01m[K/home/aayush/newest_frenet_planner/src/frenet_planner_ported/src/../include/frenet_optimal_trajectory.hpp:6[m[K,
                 from [01m[K/home/aayush/newest_frenet_planner/src/frenet_planner_ported/src/frenet_ros_obst.cpp:2[m[K:
[01m[K/home/aayush/newest_frenet_planner/src/frenet_planner_ported/src/../include/../include/frenet_class.hpp:135:67:[m[K [01;35m[Kwarning: [m[K‘[01m[Knav_msgs::msg::Odometry_<std::allocator<void> >::ConstPtr[m[K’ is deprecated [[01;35m[K-Wdeprecated-declarations[m[K]
  135 |     void odom_callback(const nav_msgs::msg::Odometry::ConstPtr msg[01;35m[K)[m[K
      |                                                                   [01;35m[K^[m[K
In file included from [01m[K/opt/ros/foxy/include/nav_msgs/msg/odometry.hpp:7[m[K,
                 from [01m[K/home/aayush/newest_frenet_planner/src/frenet_planner_ported/src/../include/../include/parameters.hpp:3[m[K,
                 from [01m[K/home/aayush/newest_frenet_planner/src/frenet_planner_ported/src/../include/frenet_optimal_trajectory.hpp:5[m[K,
                 from [01m[K/home/aayush/newest_frenet_planner/src/frenet_planner_ported/src/frenet_ros_obst.cpp:2[m[K:
[01m[K/opt/ros/foxy/include/nav_msgs/msg/detail/odometry__struct.hpp:145:5:[m[K [01;36m[Knote: [m[Kdeclared here
  145 |     [01;36m[KConstPtr[m[K;
      |     [01;36m[K^~~~~~~~[m[K
In file included from [01m[K/home/aayush/newest_frenet_planner/src/frenet_planner_ported/src/../include/frenet_optimal_trajectory.hpp:6[m[K,
                 from [01m[K/home/aayush/newest_frenet_planner/src/frenet_planner_ported/src/frenet_ros_obst.cpp:2[m[K:
[01m[K/home/aayush/newest_frenet_planner/src/frenet_planner_ported/src/../include/../include/frenet_class.hpp:139:86:[m[K [01;35m[Kwarning: [m[K‘[01m[Knav_msgs::msg::OccupancyGrid_<std::allocator<void> >::ConstPtr[m[K’ is deprecated [[01;35m[K-Wdeprecated-declarations[m[K]
  139 | (const nav_msgs::msg::OccupancyGrid::ConstPtr occupancy_grid[01;35m[K)[m[K
      |                                                             [01;35m[K^[m[K

In file included from [01m[K/opt/ros/foxy/include/nav_msgs/msg/occupancy_grid.hpp:7[m[K,
                 from [01m[K/home/aayush/newest_frenet_planner/src/frenet_planner_ported/src/../include/../include/parameters.hpp:4[m[K,
                 from [01m[K/home/aayush/newest_frenet_planner/src/frenet_planner_ported/src/../include/frenet_optimal_trajectory.hpp:5[m[K,
                 from [01m[K/home/aayush/newest_frenet_planner/src/frenet_planner_ported/src/frenet_ros_obst.cpp:2[m[K:
[01m[K/opt/ros/foxy/include/nav_msgs/msg/detail/occupancy_grid__struct.hpp:123:5:[m[K [01;36m[Knote: [m[Kdeclared here
  123 |     [01;36m[KConstPtr[m[K;
      |     [01;36m[K^~~~~~~~[m[K
In file included from [01m[K/home/aayush/newest_frenet_planner/src/frenet_planner_ported/src/../include/frenet_optimal_trajectory.hpp:6[m[K,
                 from [01m[K/home/aayush/newest_frenet_planner/src/frenet_planner_ported/src/frenet_ros_obst.cpp:2[m[K:
[01m[K/home/aayush/newest_frenet_planner/src/frenet_planner_ported/src/../include/../include/frenet_class.hpp:[m[K In member function ‘[01m[Kvoid FrenetClass::costmap_callback(nav_msgs::msg::OccupancyGrid_<std::allocator<void> >::ConstPtr)[m[K’:
[01m[K/home/aayush/newest_frenet_planner/src/frenet_planner_ported/src/../include/../include/frenet_class.hpp:169:22:[m[K [01;35m[Kwarning: [m[Kcomparison of integer expressions of different signedness: ‘[01m[Klong int[m[K’ and ‘[01m[Kstd::vector<std::pair<double, double> >::size_type[m[K’ {aka ‘[01m[Klong unsigned int[m[K’} [[01;35m[K-Wsign-compare[m[K]
  169 |   for (long i = 0; [01;35m[Ki < ob1.size()[m[K; i++)
      |                    [01;35m[K~~^~~~~~~~~~~~[m[K
[01m[K/home/aayush/newest_frenet_planner/src/frenet_planner_ported/src/../include/../include/frenet_class.hpp:149:13:[m[K [01;35m[Kwarning: [m[Kunused variable ‘[01m[KstartTime1[m[K’ [[01;35m[K-Wunused-variable[m[K]
  149 |      double [01;35m[KstartTime1[m[K = omp_get_wtime();
      |             [01;35m[K^~~~~~~~~~[m[K
In file included from [01m[K/home/aayush/newest_frenet_planner/src/frenet_planner_ported/src/frenet_ros_obst.cpp:2[m[K:
[01m[K/home/aayush/newest_frenet_planner/src/frenet_planner_ported/src/../include/frenet_optimal_trajectory.hpp:[m[K In function ‘[01m[Kstd::ostream& operator<<(std::ostream&, const FrenetPath&)[m[K’:
[01m[K/home/aayush/newest_frenet_planner/src/frenet_planner_ported/src/../include/frenet_optimal_trajectory.hpp:80:20:[m[K [01;35m[Kwarning: [m[Kstatement has no effect [[01;35m[K-Wunused-value[m[K]
   80 | #define trace(...) [01;35m[K42[m[K
      |                    [01;35m[K^~[m[K
[01m[K/home/aayush/newest_frenet_planner/src/frenet_planner_ported/src/../include/frenet_optimal_trajectory.hpp:80:20:[m[K [01;36m[Knote: [m[Kin definition of macro ‘[01m[Ktrace[m[K’
   80 | #define trace(...) [01;36m[K42[m[K
      |                    [01;36m[K^~[m[K
[01m[K/home/aayush/newest_frenet_planner/src/frenet_planner_ported/src/../include/frenet_optimal_trajectory.hpp:80:20:[m[K [01;35m[Kwarning: [m[Kstatement has no effect [[01;35m[K-Wunused-value[m[K]
   80 | #define trace(...) [01;35m[K42[m[K
      |                    [01;35m[K^~[m[K
[01m[K/home/aayush/newest_frenet_planner/src/frenet_planner_ported/src/../include/frenet_optimal_trajectory.hpp:80:20:[m[K [01;36m[Knote: [m[Kin definition of macro ‘[01m[Ktrace[m[K’
   80 | #define trace(...) [01;36m[K42[m[K
      |                    [01;36m[K^~[m[K
[01m[K/home/aayush/newest_frenet_planner/src/frenet_planner_ported/src/../include/frenet_optimal_trajectory.hpp:80:20:[m[K [01;35m[Kwarning: [m[Kstatement has no effect [[01;35m[K-Wunused-value[m[K]
   80 | #define trace(...) [01;35m[K42[m[K
      |                    [01;35m[K^~[m[K
[01m[K/home/aayush/newest_frenet_planner/src/frenet_planner_ported/src/../include/frenet_optimal_trajectory.hpp:80:20:[m[K [01;36m[Knote: [m[Kin definition of macro ‘[01m[Ktrace[m[K’
   80 | #define trace(...) [01;36m[K42[m[K
      |                    [01;36m[K^~[m[K
[01m[K/home/aayush/newest_frenet_planner/src/frenet_planner_ported/src/../include/frenet_optimal_trajectory.hpp:80:20:[m[K [01;35m[Kwarning: [m[Kstatement has no effect [[01;35m[K-Wunused-value[m[K]
   80 | #define trace(...) [01;35m[K42[m[K
      |                    [01;35m[K^~[m[K
[01m[K/home/aayush/newest_frenet_planner/src/frenet_planner_ported/src/../include/frenet_optimal_trajectory.hpp:80:20:[m[K [01;36m[Knote: [m[Kin definition of macro ‘[01m[Ktrace[m[K’
   80 | #define trace(...) [01;36m[K42[m[K
      |                    [01;36m[K^~[m[K
[01m[K/home/aayush/newest_frenet_planner/src/frenet_planner_ported/src/../include/frenet_optimal_trajectory.hpp:80:20:[m[K [01;35m[Kwarning: [m[Kstatement has no effect [[01;35m[K-Wunused-value[m[K]
   80 | #define trace(...) [01;35m[K42[m[K
      |                    [01;35m[K^~[m[K
[01m[K/home/aayush/newest_frenet_planner/src/frenet_planner_ported/src/../include/frenet_optimal_trajectory.hpp:80:20:[m[K [01;36m[Knote: [m[Kin definition of macro ‘[01m[Ktrace[m[K’
   80 | #define trace(...) [01;36m[K42[m[K
      |                    [01;36m[K^~[m[K
[01m[K/home/aayush/newest_frenet_planner/src/frenet_planner_ported/src/../include/frenet_optimal_trajectory.hpp:80:20:[m[K [01;35m[Kwarning: [m[Kstatement has no effect [[01;35m[K-Wunused-value[m[K]
   80 | #define trace(...) [01;35m[K42[m[K
      |                    [01;35m[K^~[m[K
[01m[K/home/aayush/newest_frenet_planner/src/frenet_planner_ported/src/../include/frenet_optimal_trajectory.hpp:80:20:[m[K [01;36m[Knote: [m[Kin definition of macro ‘[01m[Ktrace[m[K’
   80 | #define trace(...) [01;36m[K42[m[K
      |                    [01;36m[K^~[m[K
[01m[K/home/aayush/newest_frenet_planner/src/frenet_planner_ported/src/../include/frenet_optimal_trajectory.hpp:80:20:[m[K [01;35m[Kwarning: [m[Kstatement has no effect [[01;35m[K-Wunused-value[m[K]
   80 | #define trace(...) [01;35m[K42[m[K
      |                    [01;35m[K^~[m[K
[01m[K/home/aayush/newest_frenet_planner/src/frenet_planner_ported/src/../include/frenet_optimal_trajectory.hpp:80:20:[m[K [01;36m[Knote: [m[Kin definition of macro ‘[01m[Ktrace[m[K’
   80 | #define trace(...) [01;36m[K42[m[K
      |                    [01;36m[K^~[m[K
[01m[K/home/aayush/newest_frenet_planner/src/frenet_planner_ported/src/../include/frenet_optimal_trajectory.hpp:80:20:[m[K [01;35m[Kwarning: [m[Kstatement has no effect [[01;35m[K-Wunused-value[m[K]
   80 | #define trace(...) [01;35m[K42[m[K
      |                    [01;35m[K^~[m[K
[01m[K/home/aayush/newest_frenet_planner/src/frenet_planner_ported/src/../include/frenet_optimal_trajectory.hpp:80:20:[m[K [01;36m[Knote: [m[Kin definition of macro ‘[01m[Ktrace[m[K’
   80 | #define trace(...) [01;36m[K42[m[K
      |                    [01;36m[K^~[m[K
[01m[K/home/aayush/newest_frenet_planner/src/frenet_planner_ported/src/../include/frenet_optimal_trajectory.hpp:80:20:[m[K [01;35m[Kwarning: [m[Kstatement has no effect [[01;35m[K-Wunused-value[m[K]
   80 | #define trace(...) [01;35m[K42[m[K
      |                    [01;35m[K^~[m[K
[01m[K/home/aayush/newest_frenet_planner/src/frenet_planner_ported/src/../include/frenet_optimal_trajectory.hpp:80:20:[m[K [01;36m[Knote: [m[Kin definition of macro ‘[01m[Ktrace[m[K’
   80 | #define trace(...) [01;36m[K42[m[K
      |                    [01;36m[K^~[m[K
[01m[K/home/aayush/newest_frenet_planner/src/frenet_planner_ported/src/../include/frenet_optimal_trajectory.hpp:80:20:[m[K [01;35m[Kwarning: [m[Kstatement has no effect [[01;35m[K-Wunused-value[m[K]
   80 | #define trace(...) [01;35m[K42[m[K
      |                    [01;35m[K^~[m[K
[01m[K/home/aayush/newest_frenet_planner/src/frenet_planner_ported/src/../include/frenet_optimal_trajectory.hpp:80:20:[m[K [01;36m[Knote: [m[Kin definition of macro ‘[01m[Ktrace[m[K’
   80 | #define trace(...) [01;36m[K42[m[K
      |                    [01;36m[K^~[m[K
[01m[K/home/aayush/newest_frenet_planner/src/frenet_planner_ported/src/../include/frenet_optimal_trajectory.hpp:80:20:[m[K [01;35m[Kwarning: [m[Kstatement has no effect [[01;35m[K-Wunused-value[m[K]
   80 | #define trace(...) [01;35m[K42[m[K
      |                    [01;35m[K^~[m[K
[01m[K/home/aayush/newest_frenet_planner/src/frenet_planner_ported/src/../include/frenet_optimal_trajectory.hpp:80:20:[m[K [01;36m[Knote: [m[Kin definition of macro ‘[01m[Ktrace[m[K’
   80 | #define trace(...) [01;36m[K42[m[K
      |                    [01;36m[K^~[m[K
[01m[K/home/aayush/newest_frenet_planner/src/frenet_planner_ported/src/../include/frenet_optimal_trajectory.hpp:80:20:[m[K [01;35m[Kwarning: [m[Kstatement has no effect [[01;35m[K-Wunused-value[m[K]
   80 | #define trace(...) [01;35m[K42[m[K
      |                    [01;35m[K^~[m[K
[01m[K/home/aayush/newest_frenet_planner/src/frenet_planner_ported/src/../include/frenet_optimal_trajectory.hpp:80:20:[m[K [01;36m[Knote: [m[Kin definition of macro ‘[01m[Ktrace[m[K’
   80 | #define trace(...) [01;36m[K42[m[K
      |                    [01;36m[K^~[m[K
[01m[K/home/aayush/newest_frenet_planner/src/frenet_planner_ported/src/../include/frenet_optimal_trajectory.hpp:80:20:[m[K [01;35m[Kwarning: [m[Kstatement has no effect [[01;35m[K-Wunused-value[m[K]
   80 | #define trace(...) [01;35m[K42[m[K
      |                    [01;35m[K^~[m[K
[01m[K/home/aayush/newest_frenet_planner/src/frenet_planner_ported/src/../include/frenet_optimal_trajectory.hpp:80:20:[m[K [01;36m[Knote: [m[Kin definition of macro ‘[01m[Ktrace[m[K’
   80 | #define trace(...) [01;36m[K42[m[K
      |                    [01;36m[K^~[m[K
[01m[K/home/aayush/newest_frenet_planner/src/frenet_planner_ported/src/../include/frenet_optimal_trajectory.hpp:81:59:[m[K [01;35m[Kwarning: [m[Kunused parameter ‘[01m[Kfp[m[K’ [[01;35m[K-Wunused-parameter[m[K]
   81 | inline ostream& operator<<(ostream& os, [01;35m[Kconst FrenetPath& fp[m[K)
      |                                         [01;35m[K~~~~~~~~~~~~~~~~~~^~[m[K
In file included from [01m[K/home/aayush/newest_frenet_planner/src/frenet_planner_ported/src/../include/frenet_optimal_trajectory.hpp:6[m[K,
                 from [01m[K/home/aayush/newest_frenet_planner/src/frenet_planner_ported/src/frenet_planner.cpp:10[m[K:
[01m[K/home/aayush/newest_frenet_planner/src/frenet_planner_ported/src/../include/../include/frenet_class.hpp:[m[K In member function ‘[01m[Kvoid FrenetClass::costmap_callback(nav_msgs::msg::OccupancyGrid_<std::allocator<void> >::ConstPtr)[m[K’:
[01m[K/home/aayush/newest_frenet_planner/src/frenet_planner_ported/src/../include/../include/frenet_class.hpp:169:22:[m[K [01;35m[Kwarning: [m[Kcomparison of integer expressions of different signedness: ‘[01m[Klong int[m[K’ and ‘[01m[Kstd::vector<std::pair<double, double> >::size_type[m[K’ {aka ‘[01m[Klong unsigned int[m[K’} [[01;35m[K-Wsign-compare[m[K]
  169 |   for (long i = 0; [01;35m[Ki < ob1.size()[m[K; i++)
      |                    [01;35m[K~~^~~~~~~~~~~~[m[K
[01m[K/home/aayush/newest_frenet_planner/src/frenet_planner_ported/src/../include/../include/frenet_class.hpp:149:13:[m[K [01;35m[Kwarning: [m[Kunused variable ‘[01m[KstartTime1[m[K’ [[01;35m[K-Wunused-variable[m[K]
  149 |      double [01;35m[KstartTime1[m[K = omp_get_wtime();
      |             [01;35m[K^~~~~~~~~~[m[K
[01m[K/home/aayush/newest_frenet_planner/src/frenet_planner_ported/src/frenet_ros_obst.cpp:[m[K In function ‘[01m[Kdouble get_bot_yaw()[m[K’:
[01m[K/home/aayush/newest_frenet_planner/src/frenet_planner_ported/src/../include/frenet_optimal_trajectory.hpp:80:20:[m[K [01;35m[Kwarning: [m[Kstatement has no effect [[01;35m[K-Wunused-value[m[K]
   80 | #define trace(...) [01;35m[K42[m[K
      |                    [01;35m[K^~[m[K
[01m[K/home/aayush/newest_frenet_planner/src/frenet_planner_ported/src/../include/frenet_optimal_trajectory.hpp:80:20:[m[K [01;36m[Knote: [m[Kin definition of macro ‘[01m[Ktrace[m[K’
   80 | #define trace(...) [01;36m[K42[m[K
      |                    [01;36m[K^~[m[K
In file included from [01m[K/home/aayush/newest_frenet_planner/src/frenet_planner_ported/src/frenet_planner.cpp:10[m[K:
[01m[K/home/aayush/newest_frenet_planner/src/frenet_planner_ported/src/../include/frenet_optimal_trajectory.hpp:[m[K In function ‘[01m[Kstd::ostream& operator<<(std::ostream&, const FrenetPath&)[m[K’:
[01m[K/home/aayush/newest_frenet_planner/src/frenet_planner_ported/src/../include/frenet_optimal_trajectory.hpp:80:20:[m[K [01;35m[Kwarning: [m[Kstatement has no effect [[01;35m[K-Wunused-value[m[K]
   80 | #define trace(...) [01;35m[K42[m[K
      |                    [01;35m[K^~[m[K
[01m[K/home/aayush/newest_frenet_planner/src/frenet_planner_ported/src/../include/frenet_optimal_trajectory.hpp:80:20:[m[K [01;36m[Knote: [m[Kin definition of macro ‘[01m[Ktrace[m[K’
   80 | #define trace(...) [01;36m[K42[m[K
      |                    [01;36m[K^~[m[K
[01m[K/home/aayush/newest_frenet_planner/src/frenet_planner_ported/src/../include/frenet_optimal_trajectory.hpp:80:20:[m[K [01;35m[Kwarning: [m[Kstatement has no effect [[01;35m[K-Wunused-value[m[K]
   80 | #define trace(...) [01;35m[K42[m[K
      |                    [01;35m[K^~[m[K
[01m[K/home/aayush/newest_frenet_planner/src/frenet_planner_ported/src/../include/frenet_optimal_trajectory.hpp:80:20:[m[K [01;36m[Knote: [m[Kin definition of macro ‘[01m[Ktrace[m[K’
   80 | #define trace(...) [01;36m[K42[m[K
      |                    [01;36m[K^~[m[K
[01m[K/home/aayush/newest_frenet_planner/src/frenet_planner_ported/src/../include/frenet_optimal_trajectory.hpp:80:20:[m[K [01;35m[Kwarning: [m[Kstatement has no effect [[01;35m[K-Wunused-value[m[K]
   80 | #define trace(...) [01;35m[K42[m[K
      |                    [01;35m[K^~[m[K
[01m[K/home/aayush/newest_frenet_planner/src/frenet_planner_ported/src/../include/frenet_optimal_trajectory.hpp:80:20:[m[K [01;36m[Knote: [m[Kin definition of macro ‘[01m[Ktrace[m[K’
   80 | #define trace(...) [01;36m[K42[m[K
      |                    [01;36m[K^~[m[K
[01m[K/home/aayush/newest_frenet_planner/src/frenet_planner_ported/src/../include/frenet_optimal_trajectory.hpp:80:20:[m[K [01;35m[Kwarning: [m[Kstatement has no effect [[01;35m[K-Wunused-value[m[K]
   80 | #define trace(...) [01;35m[K42[m[K
      |                    [01;35m[K^~[m[K
[01m[K/home/aayush/newest_frenet_planner/src/frenet_planner_ported/src/../include/frenet_optimal_trajectory.hpp:80:20:[m[K [01;36m[Knote: [m[Kin definition of macro ‘[01m[Ktrace[m[K’
   80 | #define trace(...) [01;36m[K42[m[K
      |                    [01;36m[K^~[m[K
[01m[K/home/aayush/newest_frenet_planner/src/frenet_planner_ported/src/../include/frenet_optimal_trajectory.hpp:80:20:[m[K [01;35m[Kwarning: [m[Kstatement has no effect [[01;35m[K-Wunused-value[m[K]
   80 | #define trace(...) [01;35m[K42[m[K
      |                    [01;35m[K^~[m[K
[01m[K/home/aayush/newest_frenet_planner/src/frenet_planner_ported/src/../include/frenet_optimal_trajectory.hpp:80:20:[m[K [01;36m[Knote: [m[Kin definition of macro ‘[01m[Ktrace[m[K’
   80 | #define trace(...) [01;36m[K42[m[K
      |                    [01;36m[K^~[m[K
[01m[K/home/aayush/newest_frenet_planner/src/frenet_planner_ported/src/../include/frenet_optimal_trajectory.hpp:80:20:[m[K [01;35m[Kwarning: [m[Kstatement has no effect [[01;35m[K-Wunused-value[m[K]
   80 | #define trace(...) [01;35m[K42[m[K
      |                    [01;35m[K^~[m[K
[01m[K/home/aayush/newest_frenet_planner/src/frenet_planner_ported/src/../include/frenet_optimal_trajectory.hpp:80:20:[m[K [01;36m[Knote: [m[Kin definition of macro ‘[01m[Ktrace[m[K’
   80 | #define trace(...) [01;36m[K42[m[K
      |                    [01;36m[K^~[m[K
[01m[K/home/aayush/newest_frenet_planner/src/frenet_planner_ported/src/../include/frenet_optimal_trajectory.hpp:80:20:[m[K [01;35m[Kwarning: [m[Kstatement has no effect [[01;35m[K-Wunused-value[m[K]
   80 | #define trace(...) [01;35m[K42[m[K
      |                    [01;35m[K^~[m[K
[01m[K/home/aayush/newest_frenet_planner/src/frenet_planner_ported/src/../include/frenet_optimal_trajectory.hpp:80:20:[m[K [01;36m[Knote: [m[Kin definition of macro ‘[01m[Ktrace[m[K’
   80 | #define trace(...) [01;36m[K42[m[K
      |                    [01;36m[K^~[m[K
[01m[K/home/aayush/newest_frenet_planner/src/frenet_planner_ported/src/../include/frenet_optimal_trajectory.hpp:80:20:[m[K [01;35m[Kwarning: [m[Kstatement has no effect [[01;35m[K-Wunused-value[m[K]
   80 | #define trace(...) [01;35m[K42[m[K
      |                    [01;35m[K^~[m[K
[01m[K/home/aayush/newest_frenet_planner/src/frenet_planner_ported/src/../include/frenet_optimal_trajectory.hpp:80:20:[m[K [01;36m[Knote: [m[Kin definition of macro ‘[01m[Ktrace[m[K’
   80 | #define trace(...) [01;36m[K42[m[K
      |                    [01;36m[K^~[m[K
[01m[K/home/aayush/newest_frenet_planner/src/frenet_planner_ported/src/../include/frenet_optimal_trajectory.hpp:80:20:[m[K [01;35m[Kwarning: [m[Kstatement has no effect [[01;35m[K-Wunused-value[m[K]
   80 | #define trace(...) [01;35m[K42[m[K
      |                    [01;35m[K^~[m[K
[01m[K/home/aayush/newest_frenet_planner/src/frenet_planner_ported/src/../include/frenet_optimal_trajectory.hpp:80:20:[m[K [01;36m[Knote: [m[Kin definition of macro ‘[01m[Ktrace[m[K’
   80 | #define trace(...) [01;36m[K42[m[K
      |                    [01;36m[K^~[m[K
[01m[K/home/aayush/newest_frenet_planner/src/frenet_planner_ported/src/../include/frenet_optimal_trajectory.hpp:80:20:[m[K [01;35m[Kwarning: [m[Kstatement has no effect [[01;35m[K-Wunused-value[m[K]
   80 | #define trace(...) [01;35m[K42[m[K
      |                    [01;35m[K^~[m[K
[01m[K/home/aayush/newest_frenet_planner/src/frenet_planner_ported/src/../include/frenet_optimal_trajectory.hpp:80:20:[m[K [01;36m[Knote: [m[Kin definition of macro ‘[01m[Ktrace[m[K’
   80 | #define trace(...) [01;36m[K42[m[K
      |                    [01;36m[K^~[m[K
[01m[K/home/aayush/newest_frenet_planner/src/frenet_planner_ported/src/../include/frenet_optimal_trajectory.hpp:80:20:[m[K [01;35m[Kwarning: [m[Kstatement has no effect [[01;35m[K-Wunused-value[m[K]
   80 | #define trace(...) [01;35m[K42[m[K
      |                    [01;35m[K^~[m[K
[01m[K/home/aayush/newest_frenet_planner/src/frenet_planner_ported/src/../include/frenet_optimal_trajectory.hpp:80:20:[m[K [01;36m[Knote: [m[Kin definition of macro ‘[01m[Ktrace[m[K’
   80 | #define trace(...) [01;36m[K42[m[K
      |                    [01;36m[K^~[m[K
[01m[K/home/aayush/newest_frenet_planner/src/frenet_planner_ported/src/../include/frenet_optimal_trajectory.hpp:80:20:[m[K [01;35m[Kwarning: [m[Kstatement has no effect [[01;35m[K-Wunused-value[m[K]
   80 | #define trace(...) [01;35m[K42[m[K
      |                    [01;35m[K^~[m[K
[01m[K/home/aayush/newest_frenet_planner/src/frenet_planner_ported/src/../include/frenet_optimal_trajectory.hpp:80:20:[m[K [01;36m[Knote: [m[Kin definition of macro ‘[01m[Ktrace[m[K’
   80 | #define trace(...) [01;36m[K42[m[K
      |                    [01;36m[K^~[m[K
[01m[K/home/aayush/newest_frenet_planner/src/frenet_planner_ported/src/../include/frenet_optimal_trajectory.hpp:80:20:[m[K [01;35m[Kwarning: [m[Kstatement has no effect [[01;35m[K-Wunused-value[m[K]
   80 | #define trace(...) [01;35m[K42[m[K
      |                    [01;35m[K^~[m[K
[01m[K/home/aayush/newest_frenet_planner/src/frenet_planner_ported/src/../include/frenet_optimal_trajectory.hpp:80:20:[m[K [01;36m[Knote: [m[Kin definition of macro ‘[01m[Ktrace[m[K’
   80 | #define trace(...) [01;36m[K42[m[K
      |                    [01;36m[K^~[m[K
[01m[K/home/aayush/newest_frenet_planner/src/frenet_planner_ported/src/../include/frenet_optimal_trajectory.hpp:81:59:[m[K [01;35m[Kwarning: [m[Kunused parameter ‘[01m[Kfp[m[K’ [[01;35m[K-Wunused-parameter[m[K]
   81 | inline ostream& operator<<(ostream& os, [01;35m[Kconst FrenetPath& fp[m[K)
      |                                         [01;35m[K~~~~~~~~~~~~~~~~~~^~[m[K
[01m[K/home/aayush/newest_frenet_planner/src/frenet_planner_ported/src/frenet_ros_obst.cpp:[m[K In function ‘[01m[Kvoid initial_conditions_path(Spline2D&, double&, double&, double&, double&, double&, double&, FrenetPath&)[m[K’:
[01m[K/home/aayush/newest_frenet_planner/src/frenet_planner_ported/src/frenet_ros_obst.cpp:56:40:[m[K [01;35m[Kwarning: [m[Kunused parameter ‘[01m[Kcsp[m[K’ [[01;35m[K-Wunused-parameter[m[K]
   56 | void initial_conditions_path([01;35m[KSpline2D &csp[m[K, double &s0, double &c_speed, double &c_d, double &c_d_d,
      |                              [01;35m[K~~~~~~~~~~^~~[m[K
In file included from [01m[K/home/aayush/newest_frenet_planner/src/frenet_planner_ported/src/frenet_ros_obst.cpp:2[m[K:
[01m[K/home/aayush/newest_frenet_planner/src/frenet_planner_ported/src/frenet_ros_obst.cpp:[m[K In function ‘[01m[Kint initial_conditions_new(Spline2D&, vecD&, vecD&, vecD&, vecD&, vecD&, double&, double&, double&, double&, double&, double&, FrenetPath&)[m[K’:
[01m[K/home/aayush/newest_frenet_planner/src/frenet_planner_ported/src/../include/frenet_optimal_trajectory.hpp:80:20:[m[K [01;35m[Kwarning: [m[Kstatement has no effect [[01;35m[K-Wunused-value[m[K]
   80 | #define trace(...) [01;35m[K42[m[K
      |                    [01;35m[K^~[m[K
[01m[K/home/aayush/newest_frenet_planner/src/frenet_planner_ported/src/../include/frenet_optimal_trajectory.hpp:80:20:[m[K [01;36m[Knote: [m[Kin definition of macro ‘[01m[Ktrace[m[K’
   80 | #define trace(...) [01;36m[K42[m[K
      |                    [01;36m[K^~[m[K
[01m[K/home/aayush/newest_frenet_planner/src/frenet_planner_ported/src/../include/frenet_optimal_trajectory.hpp:80:20:[m[K [01;35m[Kwarning: [m[Kstatement has no effect [[01;35m[K-Wunused-value[m[K]
   80 | #define trace(...) [01;35m[K42[m[K
      |                    [01;35m[K^~[m[K
[01m[K/home/aayush/newest_frenet_planner/src/frenet_planner_ported/src/../include/frenet_optimal_trajectory.hpp:80:20:[m[K [01;36m[Knote: [m[Kin definition of macro ‘[01m[Ktrace[m[K’
   80 | #define trace(...) [01;36m[K42[m[K
      |                    [01;36m[K^~[m[K
[01m[K/home/aayush/newest_frenet_planner/src/frenet_planner_ported/src/frenet_ros_obst.cpp:72:38:[m[K [01;35m[Kwarning: [m[Kunused parameter ‘[01m[Kcsp[m[K’ [[01;35m[K-Wunused-parameter[m[K]
   72 | int initial_conditions_new([01;35m[KSpline2D &csp[m[K, vecD &global_s, vecD &global_x, vecD &global_y,
      |                            [01;35m[K~~~~~~~~~~^~~[m[K
[01m[K/home/aayush/newest_frenet_planner/src/frenet_planner_ported/src/frenet_planner.cpp:[m[K In member function ‘[01m[Kvoid FrenetPath::calc_lon_paths_quintic_poly(double, double, double, double, double)[m[K’:
[01m[K/home/aayush/newest_frenet_planner/src/frenet_planner_ported/src/frenet_planner.cpp:69:91:[m[K [01;35m[Kwarning: [m[Kunused parameter ‘[01m[Kts[m[K’ [[01;35m[K-Wunused-parameter[m[K]
   69 | void FrenetPath::calc_lon_paths_quintic_poly(double c_speed, double s0, double Ti, [01;35m[Kdouble ts[m[K,
      |                                                                                    [01;35m[K~~~~~~~^~[m[K
[01m[K/home/aayush/newest_frenet_planner/src/frenet_planner_ported/src/frenet_planner.cpp:[m[K In function ‘[01m[Kstd::vector<FrenetPath> calc_frenet_paths(double, double, double, double, double, FrenetPath)[m[K’:
[01m[K/home/aayush/newest_frenet_planner/src/frenet_planner_ported/src/frenet_planner.cpp:134:49:[m[K [01;31m[Kerror: [m[Kuse of deleted function ‘[01m[KFrenetPath::FrenetPath(const FrenetPath&)[m[K’
  134 |  get_limits_d(lp, &lower_limit_d, &upper_limit_d[01;31m[K)[m[K; // IF not required to sample around previous sampled d(th) then comment this line.
      |                                                 [01;31m[K^[m[K
In file included from [01m[K/home/aayush/newest_frenet_planner/src/frenet_planner_ported/src/frenet_planner.cpp:10[m[K:
[01m[K/home/aayush/newest_frenet_planner/src/frenet_planner_ported/src/../include/frenet_optimal_trajectory.hpp:9:7:[m[K [01;36m[Knote: [m[K‘[01m[KFrenetPath::FrenetPath(const FrenetPath&)[m[K’ is implicitly deleted because the default definition would be ill-formed:
    9 | class [01;36m[KFrenetPath[m[K: public FrenetClass{
      |       [01;36m[K^~~~~~~~~~[m[K
[01m[K/home/aayush/newest_frenet_planner/src/frenet_planner_ported/src/../include/frenet_optimal_trajectory.hpp:9:7:[m[K [01;31m[Kerror: [m[Kuse of deleted function ‘[01m[KFrenetClass::FrenetClass(const FrenetClass&)[m[K’
In file included from [01m[K/home/aayush/newest_frenet_planner/src/frenet_planner_ported/src/../include/frenet_optimal_trajectory.hpp:6[m[K,
                 from [01m[K/home/aayush/newest_frenet_planner/src/frenet_planner_ported/src/frenet_planner.cpp:10[m[K:
[01m[K/home/aayush/newest_frenet_planner/src/frenet_planner_ported/src/../include/../include/frenet_class.hpp:55:7:[m[K [01;36m[Knote: [m[K‘[01m[KFrenetClass::FrenetClass(const FrenetClass&)[m[K’ is implicitly deleted because the default definition would be ill-formed:
   55 | class [01;36m[KFrenetClass[m[K : public rclcpp::Node {
      |       [01;36m[K^~~~~~~~~~~[m[K
[01m[K/home/aayush/newest_frenet_planner/src/frenet_planner_ported/src/../include/../include/frenet_class.hpp:55:7:[m[K [01;31m[Kerror: [m[Kuse of deleted function ‘[01m[Krclcpp::Node::Node(const rclcpp::Node&)[m[K’
In file included from [01m[K/home/aayush/newest_frenet_planner/src/frenet_planner_ported/src/frenet_ros_obst.cpp:2[m[K:
[01m[K/home/aayush/newest_frenet_planner/src/frenet_planner_ported/src/frenet_ros_obst.cpp:[m[K In function ‘[01m[Kint main(int, char**)[m[K’:
[01m[K/home/aayush/newest_frenet_planner/src/frenet_planner_ported/src/../include/frenet_optimal_trajectory.hpp:80:20:[m[K [01;35m[Kwarning: [m[Kstatement has no effect [[01;35m[K-Wunused-value[m[K]
   80 | #define trace(...) [01;35m[K42[m[K
      |                    [01;35m[K^~[m[K
[01m[K/home/aayush/newest_frenet_planner/src/frenet_planner_ported/src/../include/frenet_optimal_trajectory.hpp:80:20:[m[K [01;36m[Knote: [m[Kin definition of macro ‘[01m[Ktrace[m[K’
   80 | #define trace(...) [01;36m[K42[m[K
      |                    [01;36m[K^~[m[K
[01m[K/home/aayush/newest_frenet_planner/src/frenet_planner_ported/src/frenet_ros_obst.cpp:221:83:[m[K [01;31m[Kerror: [m[Kuse of deleted function ‘[01m[KFrenetPath::FrenetPath(const FrenetPath&)[m[K’
  221 | l_planning(csp, s0, c_speed, c_d, c_d_d, c_d_dd, lp, bot_yaw[01;31m[K)[m[K;
      |                                                             [01;31m[K^[m[K

In file included from [01m[K/home/aayush/newest_frenet_planner/src/frenet_planner_ported/src/frenet_ros_obst.cpp:2[m[K:
[01m[K/home/aayush/newest_frenet_planner/src/frenet_planner_ported/src/../include/frenet_optimal_trajectory.hpp:9:7:[m[K [01;36m[Knote: [m[K‘[01m[KFrenetPath::FrenetPath(const FrenetPath&)[m[K’ is implicitly deleted because the default definition would be ill-formed:
    9 | class [01;36m[KFrenetPath[m[K: public FrenetClass{
      |       [01;36m[K^~~~~~~~~~[m[K
[01m[K/home/aayush/newest_frenet_planner/src/frenet_planner_ported/src/../include/frenet_optimal_trajectory.hpp:9:7:[m[K [01;31m[Kerror: [m[Kuse of deleted function ‘[01m[KFrenetClass::FrenetClass(const FrenetClass&)[m[K’
In file included from [01m[K/home/aayush/newest_frenet_planner/src/frenet_planner_ported/src/../include/frenet_optimal_trajectory.hpp:6[m[K,
                 from [01m[K/home/aayush/newest_frenet_planner/src/frenet_planner_ported/src/frenet_ros_obst.cpp:2[m[K:
[01m[K/home/aayush/newest_frenet_planner/src/frenet_planner_ported/src/../include/../include/frenet_class.hpp:55:7:[m[K [01;36m[Knote: [m[K‘[01m[KFrenetClass::FrenetClass(const FrenetClass&)[m[K’ is implicitly deleted because the default definition would be ill-formed:
   55 | class [01;36m[KFrenetClass[m[K : public rclcpp::Node {
      |       [01;36m[K^~~~~~~~~~~[m[K
[01m[K/home/aayush/newest_frenet_planner/src/frenet_planner_ported/src/../include/../include/frenet_class.hpp:55:7:[m[K [01;31m[Kerror: [m[Kuse of deleted function ‘[01m[Krclcpp::Node::Node(const rclcpp::Node&)[m[K’
In file included from [01m[K/opt/ros/foxy/include/rclcpp/context.hpp:33[m[K,
                 from [01m[K/opt/ros/foxy/include/rclcpp/contexts/default_context.hpp:18[m[K,
                 from [01m[K/opt/ros/foxy/include/rclcpp/executor.hpp:32[m[K,
                 from [01m[K/opt/ros/foxy/include/rclcpp/executors/multi_threaded_executor.hpp:25[m[K,
                 from [01m[K/opt/ros/foxy/include/rclcpp/executors.hpp:21[m[K,
                 from [01m[K/opt/ros/foxy/include/rclcpp/rclcpp.hpp:146[m[K,
                 from [01m[K/opt/ros/foxy/include/tf2_ros/buffer_interface.h:35[m[K,
                 from [01m[K/opt/ros/foxy/include/tf2_geometry_msgs/tf2_geometry_msgs.h:38[m[K,
                 from [01m[K/home/aayush/newest_frenet_planner/src/frenet_planner_ported/src/frenet_planner.cpp:2[m[K:
[01m[K/opt/ros/foxy/include/rclcpp/node.hpp:1195:3:[m[K [01;36m[Knote: [m[Kdeclared here
 1195 |   [01;36m[KRCLCPP_DISABLE_COPY[m[K(Node)
      |   [01;36m[K^~~~~~~~~~~~~~~~~~~[m[K
In file included from [01m[K/opt/ros/foxy/include/rclcpp/context.hpp:33[m[K,
                 from [01m[K/opt/ros/foxy/include/rclcpp/contexts/default_context.hpp:18[m[K,
                 from [01m[K/opt/ros/foxy/include/rclcpp/executor.hpp:32[m[K,
                 from [01m[K/opt/ros/foxy/include/rclcpp/executors/multi_threaded_executor.hpp:25[m[K,
                 from [01m[K/opt/ros/foxy/include/rclcpp/executors.hpp:21[m[K,
                 from [01m[K/opt/ros/foxy/include/rclcpp/rclcpp.hpp:146[m[K,
                 from [01m[K/home/aayush/newest_frenet_planner/src/frenet_planner_ported/src/../include/../include/frenet_class.hpp:4[m[K,
                 from [01m[K/home/aayush/newest_frenet_planner/src/frenet_planner_ported/src/../include/frenet_optimal_trajectory.hpp:6[m[K,
                 from [01m[K/home/aayush/newest_frenet_planner/src/frenet_planner_ported/src/frenet_ros_obst.cpp:2[m[K:
[01m[K/opt/ros/foxy/include/rclcpp/node.hpp:1195:3:[m[K [01;36m[Knote: [m[Kdeclared here
 1195 |   [01;36m[KRCLCPP_DISABLE_COPY[m[K(Node)
      |   [01;36m[K^~~~~~~~~~~~~~~~~~~[m[K
[01m[K/home/aayush/newest_frenet_planner/src/frenet_planner_ported/src/frenet_planner.cpp:115:30:[m[K [01;36m[Knote: [m[K  initializing argument 1 of ‘[01m[Kvoid get_limits_d(FrenetPath, double*, double*)[m[K’
  115 | void get_limits_d([01;36m[KFrenetPath lp[m[K, double *lower_limit_d, double *upper_limit_d)
      |                   [01;36m[K~~~~~~~~~~~^~[m[K
In file included from [01m[K/home/aayush/newest_frenet_planner/src/frenet_planner_ported/src/frenet_ros_obst.cpp:2[m[K:
[01m[K/home/aayush/newest_frenet_planner/src/frenet_planner_ported/src/../include/frenet_optimal_trajectory.hpp:68:86:[m[K [01;36m[Knote: [m[K  initializing argument 7 of ‘[01m[KFrenetPath frenet_optimal_planning(Spline2D, double, double, double, double, double, FrenetPath, double)[m[K’
   68 | optimal_planning(Spline2D, double, double, double, double, double, [01;36m[KFrenetPath[m[K,
      |                                                                    [01;36m[K^~~~~~~~~~[m[K

[01m[K/home/aayush/newest_frenet_planner/src/frenet_planner_ported/src/frenet_planner.cpp:150:11:[m[K [01;31m[Kerror: [m[Kuse of deleted function ‘[01m[KFrenetPath& FrenetPath::operator=(const FrenetPath&)[m[K’
  150 |     tfp = [01;31m[Kfp[m[K;
      |           [01;31m[K^~[m[K
In file included from [01m[K/home/aayush/newest_frenet_planner/src/frenet_planner_ported/src/frenet_planner.cpp:10[m[K:
[01m[K/home/aayush/newest_frenet_planner/src/frenet_planner_ported/src/../include/frenet_optimal_trajectory.hpp:9:7:[m[K [01;36m[Knote: [m[K‘[01m[KFrenetPath& FrenetPath::operator=(const FrenetPath&)[m[K’ is implicitly deleted because the default definition would be ill-formed:
    9 | class [01;36m[KFrenetPath[m[K: public FrenetClass{
      |       [01;36m[K^~~~~~~~~~[m[K
[01m[K/home/aayush/newest_frenet_planner/src/frenet_planner_ported/src/../include/frenet_optimal_trajectory.hpp:9:7:[m[K [01;31m[Kerror: [m[Kuse of deleted function ‘[01m[KFrenetClass& FrenetClass::operator=(const FrenetClass&)[m[K’
In file included from [01m[K/home/aayush/newest_frenet_planner/src/frenet_planner_ported/src/../include/frenet_optimal_trajectory.hpp:6[m[K,
                 from [01m[K/home/aayush/newest_frenet_planner/src/frenet_planner_ported/src/frenet_planner.cpp:10[m[K:
[01m[K/home/aayush/newest_frenet_planner/src/frenet_planner_ported/src/../include/../include/frenet_class.hpp:55:7:[m[K [01;36m[Knote: [m[K‘[01m[KFrenetClass& FrenetClass::operator=(const FrenetClass&)[m[K’ is implicitly deleted because the default definition would be ill-formed:
   55 | class [01;36m[KFrenetClass[m[K : public rclcpp::Node {
      |       [01;36m[K^~~~~~~~~~~[m[K
[01m[K/home/aayush/newest_frenet_planner/src/frenet_planner_ported/src/../include/../include/frenet_class.hpp:55:7:[m[K [01;31m[Kerror: [m[Kuse of deleted function ‘[01m[Krclcpp::Node& rclcpp::Node::operator=(const rclcpp::Node&)[m[K’
In file included from [01m[K/opt/ros/foxy/include/rclcpp/context.hpp:33[m[K,
                 from [01m[K/opt/ros/foxy/include/rclcpp/contexts/default_context.hpp:18[m[K,
                 from [01m[K/opt/ros/foxy/include/rclcpp/executor.hpp:32[m[K,
                 from [01m[K/opt/ros/foxy/include/rclcpp/executors/multi_threaded_executor.hpp:25[m[K,
                 from [01m[K/opt/ros/foxy/include/rclcpp/executors.hpp:21[m[K,
                 from [01m[K/opt/ros/foxy/include/rclcpp/rclcpp.hpp:146[m[K,
                 from [01m[K/opt/ros/foxy/include/tf2_ros/buffer_interface.h:35[m[K,
                 from [01m[K/opt/ros/foxy/include/tf2_geometry_msgs/tf2_geometry_msgs.h:38[m[K,
                 from [01m[K/home/aayush/newest_frenet_planner/src/frenet_planner_ported/src/frenet_planner.cpp:2[m[K:
[01m[K/opt/ros/foxy/include/rclcpp/node.hpp:1195:3:[m[K [01;36m[Knote: [m[Kdeclared here
 1195 |   [01;36m[KRCLCPP_DISABLE_COPY[m[K(Node)
      |   [01;36m[K^~~~~~~~~~~~~~~~~~~[m[K
[01m[K/home/aayush/newest_frenet_planner/src/frenet_planner_ported/src/frenet_planner.cpp:184:13:[m[K [01;31m[Kerror: [m[Kuse of deleted function ‘[01m[KFrenetPath& FrenetPath::operator=(const FrenetPath&)[m[K’
  184 |       tfp = [01;31m[Kfp[m[K;
      |             [01;31m[K^~[m[K
[01m[K/home/aayush/newest_frenet_planner/src/frenet_planner_ported/src/frenet_ros_obst.cpp:242:8:[m[K [01;31m[Kerror: [m[Kuse of deleted function ‘[01m[KFrenetPath& FrenetPath::operator=(const FrenetPath&)[m[K’
  242 |   lp = [01;31m[Kpath[m[K;
      |        [01;31m[K^~~~[m[K
In file included from [01m[K/home/aayush/newest_frenet_planner/src/frenet_planner_ported/src/frenet_ros_obst.cpp:2[m[K:
[01m[K/home/aayush/newest_frenet_planner/src/frenet_planner_ported/src/../include/frenet_optimal_trajectory.hpp:9:7:[m[K [01;36m[Knote: [m[K‘[01m[KFrenetPath& FrenetPath::operator=(const FrenetPath&)[m[K’ is implicitly deleted because the default definition would be ill-formed:
    9 | class [01;36m[KFrenetPath[m[K: public FrenetClass{
      |       [01;36m[K^~~~~~~~~~[m[K
[01m[K/home/aayush/newest_frenet_planner/src/frenet_planner_ported/src/../include/frenet_optimal_trajectory.hpp:9:7:[m[K [01;31m[Kerror: [m[Kuse of deleted function ‘[01m[KFrenetClass& FrenetClass::operator=(const FrenetClass&)[m[K’
In file included from [01m[K/home/aayush/newest_frenet_planner/src/frenet_planner_ported/src/../include/frenet_optimal_trajectory.hpp:6[m[K,
                 from [01m[K/home/aayush/newest_frenet_planner/src/frenet_planner_ported/src/frenet_ros_obst.cpp:2[m[K:
[01m[K/home/aayush/newest_frenet_planner/src/frenet_planner_ported/src/../include/../include/frenet_class.hpp:55:7:[m[K [01;36m[Knote: [m[K‘[01m[KFrenetClass& FrenetClass::operator=(const FrenetClass&)[m[K’ is implicitly deleted because the default definition would be ill-formed:
   55 | class [01;36m[KFrenetClass[m[K : public rclcpp::Node {
      |       [01;36m[K^~~~~~~~~~~[m[K
[01m[K/home/aayush/newest_frenet_planner/src/frenet_planner_ported/src/../include/../include/frenet_class.hpp:55:7:[m[K [01;31m[Kerror: [m[Kuse of deleted function ‘[01m[Krclcpp::Node& rclcpp::Node::operator=(const rclcpp::Node&)[m[K’
In file included from [01m[K/opt/ros/foxy/include/rclcpp/context.hpp:33[m[K,
                 from [01m[K/opt/ros/foxy/include/rclcpp/contexts/default_context.hpp:18[m[K,
                 from [01m[K/opt/ros/foxy/include/rclcpp/executor.hpp:32[m[K,
                 from [01m[K/opt/ros/foxy/include/rclcpp/executors/multi_threaded_executor.hpp:25[m[K,
                 from [01m[K/opt/ros/foxy/include/rclcpp/executors.hpp:21[m[K,
                 from [01m[K/opt/ros/foxy/include/rclcpp/rclcpp.hpp:146[m[K,
                 from [01m[K/home/aayush/newest_frenet_planner/src/frenet_planner_ported/src/../include/../include/frenet_class.hpp:4[m[K,
                 from [01m[K/home/aayush/newest_frenet_planner/src/frenet_planner_ported/src/../include/frenet_optimal_trajectory.hpp:6[m[K,
                 from [01m[K/home/aayush/newest_frenet_planner/src/frenet_planner_ported/src/frenet_ros_obst.cpp:2[m[K:
[01m[K/opt/ros/foxy/include/rclcpp/node.hpp:1195:3:[m[K [01;36m[Knote: [m[Kdeclared here
 1195 |   [01;36m[KRCLCPP_DISABLE_COPY[m[K(Node)
      |   [01;36m[K^~~~~~~~~~~~~~~~~~~[m[K
[01m[K/home/aayush/newest_frenet_planner/src/frenet_planner_ported/src/frenet_planner.cpp:[m[K In member function ‘[01m[Kvoid FrenetPath::adding_global_path(Spline2D)[m[K’:
[01m[K/home/aayush/newest_frenet_planner/src/frenet_planner_ported/src/frenet_planner.cpp:198:9:[m[K [01;35m[Kwarning: [m[Kunused variable ‘[01m[KstartTime1[m[K’ [[01;35m[K-Wunused-variable[m[K]
  198 |  double [01;35m[KstartTime1[m[K = omp_get_wtime();
      |         [01;35m[K^~~~~~~~~~[m[K
[01m[K/home/aayush/newest_frenet_planner/src/frenet_planner_ported/src/frenet_planner.cpp:249:9:[m[K [01;35m[Kwarning: [m[Kunused variable ‘[01m[KendTime1[m[K’ [[01;35m[K-Wunused-variable[m[K]
  249 |  double [01;35m[KendTime1[m[K = omp_get_wtime();
      |         [01;35m[K^~~~~~~~[m[K
[01m[K/home/aayush/newest_frenet_planner/src/frenet_planner_ported/src/frenet_planner.cpp:[m[K In function ‘[01m[Kstd::vector<FrenetPath> check_path(std::vector<FrenetPath>&, double, double, double)[m[K’:
[01m[K/home/aayush/newest_frenet_planner/src/frenet_planner_ported/src/frenet_planner.cpp:390:27:[m[K [01;31m[Kerror: [m[Kuse of deleted function ‘[01m[KFrenetPath::FrenetPath(const FrenetPath&)[m[K’
  390 |   FrenetPath fp = fplist[i[01;31m[K][m[K;
      |                           [01;31m[K^[m[K
In file included from [01m[K/home/aayush/newest_frenet_planner/src/frenet_planner_ported/src/frenet_planner.cpp:10[m[K:
[01m[K/home/aayush/newest_frenet_planner/src/frenet_planner_ported/src/frenet_planner.cpp:[m[K In function ‘[01m[KFrenetPath frenet_optimal_planning(Spline2D, double, double, double, double, double, FrenetPath, double)[m[K’:
[01m[K/home/aayush/newest_frenet_planner/src/frenet_planner_ported/src/../include/frenet_optimal_trajectory.hpp:80:20:[m[K [01;31m[Kerror: [m[Kexpected initializer before numeric constant
   80 | #define trace(...) [01;31m[K42[m[K
      |                    [01;31m[K^~[m[K
[01m[K/home/aayush/newest_frenet_planner/src/frenet_planner_ported/src/../include/frenet_optimal_trajectory.hpp:80:20:[m[K [01;36m[Knote: [m[Kin definition of macro ‘[01m[Ktrace[m[K’
   80 | #define trace(...) [01;36m[K42[m[K
      |                    [01;36m[K^~[m[K
[01m[K/home/aayush/newest_frenet_planner/src/frenet_planner_ported/src/frenet_planner.cpp:449:83:[m[K [01;31m[Kerror: [m[Kuse of deleted function ‘[01m[KFrenetPath::FrenetPath(const FrenetPath&)[m[K’
  449 |  vector<FrenetPath> fplist = calc_frenet_paths(c_speed, c_d, c_d_d, c_d_dd, s0, lp[01;31m[K)[m[K;
      |                                                                                   [01;31m[K^[m[K
[01m[K/home/aayush/newest_frenet_planner/src/frenet_planner_ported/src/frenet_planner.cpp:127:33:[m[K [01;36m[Knote: [m[K  initializing argument 6 of ‘[01m[Kstd::vector<FrenetPath> calc_frenet_paths(double, double, double, double, double, FrenetPath)[m[K’
  127 |           double s0, [01;36m[KFrenetPath lp[m[K)
      |                      [01;36m[K~~~~~~~~~~~^~[m[K
In file included from [01m[K/opt/ros/foxy/include/rclcpp/service.hpp:34[m[K,
                 from [01m[K/opt/ros/foxy/include/rclcpp/callback_group.hpp:25[m[K,
                 from [01m[K/opt/ros/foxy/include/rclcpp/any_executable.hpp:20[m[K,
                 from [01m[K/opt/ros/foxy/include/rclcpp/memory_strategy.hpp:24[m[K,
                 from [01m[K/opt/ros/foxy/include/rclcpp/memory_strategies.hpp:18[m[K,
                 from [01m[K/opt/ros/foxy/include/rclcpp/executor_options.hpp:20[m[K,
                 from [01m[K/opt/ros/foxy/include/rclcpp/executor.hpp:33[m[K,
                 from [01m[K/opt/ros/foxy/include/rclcpp/executors/multi_threaded_executor.hpp:25[m[K,
                 from [01m[K/opt/ros/foxy/include/rclcpp/executors.hpp:21[m[K,
                 from [01m[K/opt/ros/foxy/include/rclcpp/rclcpp.hpp:146[m[K,
                 from [01m[K/opt/ros/foxy/include/tf2_ros/buffer_interface.h:35[m[K,
                 from [01m[K/opt/ros/foxy/include/tf2_geometry_msgs/tf2_geometry_msgs.h:38[m[K,
                 from [01m[K/home/aayush/newest_frenet_planner/src/frenet_planner_ported/src/frenet_planner.cpp:2[m[K:
[01m[K/home/aayush/newest_frenet_planner/src/frenet_planner_ported/src/frenet_planner.cpp:455:39:[m[K [01;31m[Kerror: [m[Kcannot call member function ‘[01m[Krclcpp::Logger rclcpp::Node::get_logger() const[m[K’ without object
  455 |  RCLCPP_INFO(rclcpp::Node::get_logger([01;31m[K)[m[K, calc_frenet_paths_function_str);
      |                                       [01;31m[K^[m[K
[01m[K/home/aayush/newest_frenet_planner/src/frenet_planner_ported/src/frenet_planner.cpp:455:39:[m[K [01;31m[Kerror: [m[Kcannot call member function ‘[01m[Krclcpp::Logger rclcpp::Node::get_logger() const[m[K’ without object
[01m[K/home/aayush/newest_frenet_planner/src/frenet_planner_ported/src/frenet_planner.cpp:455:2:[m[K [01;31m[Kerror: [m[Ktemplate argument 1 is invalid
  455 |  [01;31m[KRCLCPP_INFO[m[K(rclcpp::Node::get_logger(), calc_frenet_paths_function_str);
      |  [01;31m[K^~~~~~~~~~~[m[K
[01m[K/home/aayush/newest_frenet_planner/src/frenet_planner_ported/src/frenet_planner.cpp:455:2:[m[K [01;31m[Kerror: [m[Ktemplate argument 1 is invalid
  455 |  [01;31m[KRCLCPP_INFO[m[K(rclcpp::Node::get_logger(), calc_frenet_paths_function_str);
      |  [01;31m[K^~~~~~~~~~~[m[K
[01m[K/home/aayush/newest_frenet_planner/src/frenet_planner_ported/src/frenet_planner.cpp:455:2:[m[K [01;31m[Kerror: [m[Ktemplate argument 1 is invalid
  455 |  [01;31m[KRCLCPP_INFO[m[K(rclcpp::Node::get_logger(), calc_frenet_paths_function_str);
      |  [01;31m[K^~~~~~~~~~~[m[K
In file included from [01m[K/opt/ros/foxy/include/rclcpp/client.hpp:40[m[K,
                 from [01m[K/opt/ros/foxy/include/rclcpp/callback_group.hpp:23[m[K,
                 from [01m[K/opt/ros/foxy/include/rclcpp/any_executable.hpp:20[m[K,
                 from [01m[K/opt/ros/foxy/include/rclcpp/memory_strategy.hpp:24[m[K,
                 from [01m[K/opt/ros/foxy/include/rclcpp/memory_strategies.hpp:18[m[K,
                 from [01m[K/opt/ros/foxy/include/rclcpp/executor_options.hpp:20[m[K,
                 from [01m[K/opt/ros/foxy/include/rclcpp/executor.hpp:33[m[K,
                 from [01m[K/opt/ros/foxy/include/rclcpp/executors/multi_threaded_executor.hpp:25[m[K,
                 from [01m[K/opt/ros/foxy/include/rclcpp/executors.hpp:21[m[K,
                 from [01m[K/opt/ros/foxy/include/rclcpp/rclcpp.hpp:146[m[K,
                 from [01m[K/opt/ros/foxy/include/tf2_ros/buffer_interface.h:35[m[K,
                 from [01m[K/opt/ros/foxy/include/tf2_geometry_msgs/tf2_geometry_msgs.h:38[m[K,
                 from [01m[K/home/aayush/newest_frenet_planner/src/frenet_planner_ported/src/frenet_planner.cpp:2[m[K:
[01m[K/home/aayush/newest_frenet_planner/src/frenet_planner_ported/src/frenet_planner.cpp:455:39:[m[K [01;31m[Kerror: [m[Kcannot call member function ‘[01m[Krclcpp::Logger rclcpp::Node::get_logger() const[m[K’ without object
  455 |  RCLCPP_INFO(rclcpp::Node::get_logger([01;31m[K)[m[K, calc_frenet_paths_function_str);
      |                                       [01;31m[K^[m[K
[01m[K/home/aayush/newest_frenet_planner/src/frenet_planner_ported/src/frenet_planner.cpp:455:39:[m[K [01;31m[Kerror: [m[Kcannot call member function ‘[01m[Krclcpp::Logger rclcpp::Node::get_logger() const[m[K’ without object
  455 |  RCLCPP_INFO(rclcpp::Node::get_logger([01;31m[K)[m[K, calc_frenet_paths_function_str);
      |                                       [01;31m[K^[m[K
In file included from [01m[K/home/aayush/newest_frenet_planner/src/frenet_planner_ported/src/frenet_planner.cpp:10[m[K:
[01m[K/home/aayush/newest_frenet_planner/src/frenet_planner_ported/src/../include/frenet_optimal_trajectory.hpp:80:20:[m[K [01;35m[Kwarning: [m[Kstatement has no effect [[01;35m[K-Wunused-value[m[K]
   80 | #define trace(...) [01;35m[K42[m[K
      |                    [01;35m[K^~[m[K
[01m[K/home/aayush/newest_frenet_planner/src/frenet_planner_ported/src/../include/frenet_optimal_trajectory.hpp:80:20:[m[K [01;36m[Knote: [m[Kin definition of macro ‘[01m[Ktrace[m[K’
   80 | #define trace(...) [01;36m[K42[m[K
      |                    [01;36m[K^~[m[K
In file included from [01m[K/opt/ros/foxy/include/rclcpp/service.hpp:34[m[K,
                 from [01m[K/opt/ros/foxy/include/rclcpp/callback_group.hpp:25[m[K,
                 from [01m[K/opt/ros/foxy/include/rclcpp/any_executable.hpp:20[m[K,
                 from [01m[K/opt/ros/foxy/include/rclcpp/memory_strategy.hpp:24[m[K,
                 from [01m[K/opt/ros/foxy/include/rclcpp/memory_strategies.hpp:18[m[K,
                 from [01m[K/opt/ros/foxy/include/rclcpp/executor_options.hpp:20[m[K,
                 from [01m[K/opt/ros/foxy/include/rclcpp/executor.hpp:33[m[K,
                 from [01m[K/opt/ros/foxy/include/rclcpp/executors/multi_threaded_executor.hpp:25[m[K,
                 from [01m[K/opt/ros/foxy/include/rclcpp/executors.hpp:21[m[K,
                 from [01m[K/opt/ros/foxy/include/rclcpp/rclcpp.hpp:146[m[K,
                 from [01m[K/opt/ros/foxy/include/tf2_ros/buffer_interface.h:35[m[K,
                 from [01m[K/opt/ros/foxy/include/tf2_geometry_msgs/tf2_geometry_msgs.h:38[m[K,
                 from [01m[K/home/aayush/newest_frenet_planner/src/frenet_planner_ported/src/frenet_planner.cpp:2[m[K:
[01m[K/home/aayush/newest_frenet_planner/src/frenet_planner_ported/src/frenet_planner.cpp:465:39:[m[K [01;31m[Kerror: [m[Kcannot call member function ‘[01m[Krclcpp::Logger rclcpp::Node::get_logger() const[m[K’ without object
  465 |  RCLCPP_INFO(rclcpp::Node::get_logger([01;31m[K)[m[K, calc_global_paths_function_str);
      |                                       [01;31m[K^[m[K
[01m[K/home/aayush/newest_frenet_planner/src/frenet_planner_ported/src/frenet_planner.cpp:465:39:[m[K [01;31m[Kerror: [m[Kcannot call member function ‘[01m[Krclcpp::Logger rclcpp::Node::get_logger() const[m[K’ without object
[01m[K/home/aayush/newest_frenet_planner/src/frenet_planner_ported/src/frenet_planner.cpp:465:2:[m[K [01;31m[Kerror: [m[Ktemplate argument 1 is invalid
  465 |  [01;31m[KRCLCPP_INFO[m[K(rclcpp::Node::get_logger(), calc_global_paths_function_str);
      |  [01;31m[K^~~~~~~~~~~[m[K
[01m[K/home/aayush/newest_frenet_planner/src/frenet_planner_ported/src/frenet_planner.cpp:465:2:[m[K [01;31m[Kerror: [m[Ktemplate argument 1 is invalid
  465 |  [01;31m[KRCLCPP_INFO[m[K(rclcpp::Node::get_logger(), calc_global_paths_function_str);
      |  [01;31m[K^~~~~~~~~~~[m[K
[01m[K/home/aayush/newest_frenet_planner/src/frenet_planner_ported/src/frenet_planner.cpp:465:2:[m[K [01;31m[Kerror: [m[Ktemplate argument 1 is invalid
  465 |  [01;31m[KRCLCPP_INFO[m[K(rclcpp::Node::get_logger(), calc_global_paths_function_str);
      |  [01;31m[K^~~~~~~~~~~[m[K
In file included from [01m[K/opt/ros/foxy/include/rclcpp/client.hpp:40[m[K,
                 from [01m[K/opt/ros/foxy/include/rclcpp/callback_group.hpp:23[m[K,
                 from [01m[K/opt/ros/foxy/include/rclcpp/any_executable.hpp:20[m[K,
                 from [01m[K/opt/ros/foxy/include/rclcpp/memory_strategy.hpp:24[m[K,
                 from [01m[K/opt/ros/foxy/include/rclcpp/memory_strategies.hpp:18[m[K,
                 from [01m[K/opt/ros/foxy/include/rclcpp/executor_options.hpp:20[m[K,
                 from [01m[K/opt/ros/foxy/include/rclcpp/executor.hpp:33[m[K,
                 from [01m[K/opt/ros/foxy/include/rclcpp/executors/multi_threaded_executor.hpp:25[m[K,
                 from [01m[K/opt/ros/foxy/include/rclcpp/executors.hpp:21[m[K,
                 from [01m[K/opt/ros/foxy/include/rclcpp/rclcpp.hpp:146[m[K,
                 from [01m[K/opt/ros/foxy/include/tf2_ros/buffer_interface.h:35[m[K,
                 from [01m[K/opt/ros/foxy/include/tf2_geometry_msgs/tf2_geometry_msgs.h:38[m[K,
                 from [01m[K/home/aayush/newest_frenet_planner/src/frenet_planner_ported/src/frenet_planner.cpp:2[m[K:
[01m[K/home/aayush/newest_frenet_planner/src/frenet_planner_ported/src/frenet_planner.cpp:465:39:[m[K [01;31m[Kerror: [m[Kcannot call member function ‘[01m[Krclcpp::Logger rclcpp::Node::get_logger() const[m[K’ without object
  465 |  RCLCPP_INFO(rclcpp::Node::get_logger([01;31m[K)[m[K, calc_global_paths_function_str);
      |                                       [01;31m[K^[m[K
[01m[K/home/aayush/newest_frenet_planner/src/frenet_planner_ported/src/frenet_planner.cpp:465:39:[m[K [01;31m[Kerror: [m[Kcannot call member function ‘[01m[Krclcpp::Logger rclcpp::Node::get_logger() const[m[K’ without object
  465 |  RCLCPP_INFO(rclcpp::Node::get_logger([01;31m[K)[m[K, calc_global_paths_function_str);
      |                                       [01;31m[K^[m[K
In file included from [01m[K/home/aayush/newest_frenet_planner/src/frenet_planner_ported/src/frenet_planner.cpp:10[m[K:
[01m[K/home/aayush/newest_frenet_planner/src/frenet_planner_ported/src/../include/frenet_optimal_trajectory.hpp:80:20:[m[K [01;35m[Kwarning: [m[Kstatement has no effect [[01;35m[K-Wunused-value[m[K]
   80 | #define trace(...) [01;35m[K42[m[K
      |                    [01;35m[K^~[m[K
[01m[K/home/aayush/newest_frenet_planner/src/frenet_planner_ported/src/../include/frenet_optimal_trajectory.hpp:80:20:[m[K [01;36m[Knote: [m[Kin definition of macro ‘[01m[Ktrace[m[K’
   80 | #define trace(...) [01;36m[K42[m[K
      |                    [01;36m[K^~[m[K
In file included from [01m[K/opt/ros/foxy/include/rclcpp/service.hpp:34[m[K,
                 from [01m[K/opt/ros/foxy/include/rclcpp/callback_group.hpp:25[m[K,
                 from [01m[K/opt/ros/foxy/include/rclcpp/any_executable.hpp:20[m[K,
                 from [01m[K/opt/ros/foxy/include/rclcpp/memory_strategy.hpp:24[m[K,
                 from [01m[K/opt/ros/foxy/include/rclcpp/memory_strategies.hpp:18[m[K,
                 from [01m[K/opt/ros/foxy/include/rclcpp/executor_options.hpp:20[m[K,
                 from [01m[K/opt/ros/foxy/include/rclcpp/executor.hpp:33[m[K,
                 from [01m[K/opt/ros/foxy/include/rclcpp/executors/multi_threaded_executor.hpp:25[m[K,
                 from [01m[K/opt/ros/foxy/include/rclcpp/executors.hpp:21[m[K,
                 from [01m[K/opt/ros/foxy/include/rclcpp/rclcpp.hpp:146[m[K,
                 from [01m[K/opt/ros/foxy/include/tf2_ros/buffer_interface.h:35[m[K,
                 from [01m[K/opt/ros/foxy/include/tf2_geometry_msgs/tf2_geometry_msgs.h:38[m[K,
                 from [01m[K/home/aayush/newest_frenet_planner/src/frenet_planner_ported/src/frenet_planner.cpp:2[m[K:
[01m[K/home/aayush/newest_frenet_planner/src/frenet_planner_ported/src/frenet_planner.cpp:478:39:[m[K [01;31m[Kerror: [m[Kcannot call member function ‘[01m[Krclcpp::Logger rclcpp::Node::get_logger() const[m[K’ without object
  478 |  RCLCPP_INFO(rclcpp::Node::get_logger([01;31m[K)[m[K, calc_path_function_str);
      |                                       [01;31m[K^[m[K
[01m[K/home/aayush/newest_frenet_planner/src/frenet_planner_ported/src/frenet_planner.cpp:478:39:[m[K [01;31m[Kerror: [m[Kcannot call member function ‘[01m[Krclcpp::Logger rclcpp::Node::get_logger() const[m[K’ without object
[01m[K/home/aayush/newest_frenet_planner/src/frenet_planner_ported/src/frenet_planner.cpp:478:2:[m[K [01;31m[Kerror: [m[Ktemplate argument 1 is invalid
  478 |  [01;31m[KRCLCPP_INFO[m[K(rclcpp::Node::get_logger(), calc_path_function_str);
      |  [01;31m[K^~~~~~~~~~~[m[K
[01m[K/home/aayush/newest_frenet_planner/src/frenet_planner_ported/src/frenet_planner.cpp:478:2:[m[K [01;31m[Kerror: [m[Ktemplate argument 1 is invalid
  478 |  [01;31m[KRCLCPP_INFO[m[K(rclcpp::Node::get_logger(), calc_path_function_str);
      |  [01;31m[K^~~~~~~~~~~[m[K
[01m[K/home/aayush/newest_frenet_planner/src/frenet_planner_ported/src/frenet_planner.cpp:478:2:[m[K [01;31m[Kerror: [m[Ktemplate argument 1 is invalid
  478 |  [01;31m[KRCLCPP_INFO[m[K(rclcpp::Node::get_logger(), calc_path_function_str);
      |  [01;31m[K^~~~~~~~~~~[m[K
In file included from [01m[K/opt/ros/foxy/include/rclcpp/client.hpp:40[m[K,
                 from [01m[K/opt/ros/foxy/include/rclcpp/callback_group.hpp:23[m[K,
                 from [01m[K/opt/ros/foxy/include/rclcpp/any_executable.hpp:20[m[K,
                 from [01m[K/opt/ros/foxy/include/rclcpp/memory_strategy.hpp:24[m[K,
                 from [01m[K/opt/ros/foxy/include/rclcpp/memory_strategies.hpp:18[m[K,
                 from [01m[K/opt/ros/foxy/include/rclcpp/executor_options.hpp:20[m[K,
                 from [01m[K/opt/ros/foxy/include/rclcpp/executor.hpp:33[m[K,
                 from [01m[K/opt/ros/foxy/include/rclcpp/executors/multi_threaded_executor.hpp:25[m[K,
                 from [01m[K/opt/ros/foxy/include/rclcpp/executors.hpp:21[m[K,
                 from [01m[K/opt/ros/foxy/include/rclcpp/rclcpp.hpp:146[m[K,
                 from [01m[K/opt/ros/foxy/include/tf2_ros/buffer_interface.h:35[m[K,
                 from [01m[K/opt/ros/foxy/include/tf2_geometry_msgs/tf2_geometry_msgs.h:38[m[K,
                 from [01m[K/home/aayush/newest_frenet_planner/src/frenet_planner_ported/src/frenet_planner.cpp:2[m[K:
[01m[K/home/aayush/newest_frenet_planner/src/frenet_planner_ported/src/frenet_planner.cpp:478:39:[m[K [01;31m[Kerror: [m[Kcannot call member function ‘[01m[Krclcpp::Logger rclcpp::Node::get_logger() const[m[K’ without object
  478 |  RCLCPP_INFO(rclcpp::Node::get_logger([01;31m[K)[m[K, calc_path_function_str);
      |                                       [01;31m[K^[m[K
[01m[K/home/aayush/newest_frenet_planner/src/frenet_planner_ported/src/frenet_planner.cpp:478:39:[m[K [01;31m[Kerror: [m[Kcannot call member function ‘[01m[Krclcpp::Logger rclcpp::Node::get_logger() const[m[K’ without object
  478 |  RCLCPP_INFO(rclcpp::Node::get_logger([01;31m[K)[m[K, calc_path_function_str);
      |                                       [01;31m[K^[m[K
In file included from [01m[K/home/aayush/newest_frenet_planner/src/frenet_planner_ported/src/frenet_planner.cpp:10[m[K:
[01m[K/home/aayush/newest_frenet_planner/src/frenet_planner_ported/src/../include/frenet_optimal_trajectory.hpp:80:20:[m[K [01;35m[Kwarning: [m[Kstatement has no effect [[01;35m[K-Wunused-value[m[K]
   80 | #define trace(...) [01;35m[K42[m[K
      |                    [01;35m[K^~[m[K
[01m[K/home/aayush/newest_frenet_planner/src/frenet_planner_ported/src/../include/frenet_optimal_trajectory.hpp:80:20:[m[K [01;36m[Knote: [m[Kin definition of macro ‘[01m[Ktrace[m[K’
   80 | #define trace(...) [01;36m[K42[m[K
      |                    [01;36m[K^~[m[K
[01m[K/home/aayush/newest_frenet_planner/src/frenet_planner_ported/src/frenet_planner.cpp:495:15:[m[K [01;31m[Kerror: [m[Kuse of deleted function ‘[01m[KFrenetPath& FrenetPath::operator=(const FrenetPath&)[m[K’
  495 |    bestpath = [01;31m[Kfp[m[K;
      |               [01;31m[K^~[m[K
In file included from [01m[K/home/aayush/newest_frenet_planner/src/frenet_planner_ported/src/frenet_planner.cpp:10[m[K:
[01m[K/home/aayush/newest_frenet_planner/src/frenet_planner_ported/src/../include/frenet_optimal_trajectory.hpp:80:20:[m[K [01;35m[Kwarning: [m[Kstatement has no effect [[01;35m[K-Wunused-value[m[K]
   80 | #define trace(...) [01;35m[K42[m[K
      |                    [01;35m[K^~[m[K
[01m[K/home/aayush/newest_frenet_planner/src/frenet_planner_ported/src/../include/frenet_optimal_trajectory.hpp:80:20:[m[K [01;36m[Knote: [m[Kin definition of macro ‘[01m[Ktrace[m[K’
   80 | #define trace(...) [01;36m[K42[m[K
      |                    [01;36m[K^~[m[K
[01m[K/home/aayush/newest_frenet_planner/src/frenet_planner_ported/src/frenet_planner.cpp:512:9:[m[K [01;31m[Kerror: [m[Kuse of deleted function ‘[01m[KFrenetPath::FrenetPath(const FrenetPath&)[m[K’
  512 |  return [01;31m[Kbestpath[m[K;
      |         [01;31m[K^~~~~~~~[m[K
[01m[K/home/aayush/newest_frenet_planner/src/frenet_planner_ported/src/frenet_ros_obst.cpp:175:10:[m[K [01;35m[Kwarning: [m[Kunused variable ‘[01m[KstartTime1[m[K’ [[01;35m[K-Wunused-variable[m[K]
  175 |   double [01;35m[KstartTime1[m[K = omp_get_wtime();
      |          [01;35m[K^~~~~~~~~~[m[K
[01m[K/home/aayush/newest_frenet_planner/src/frenet_planner_ported/src/frenet_ros_obst.cpp:194:10:[m[K [01;35m[Kwarning: [m[Kunused variable ‘[01m[KendTime1[m[K’ [[01;35m[K-Wunused-variable[m[K]
  194 |   double [01;35m[KendTime1[m[K = omp_get_wtime();
      |          [01;35m[K^~~~~~~~[m[K
[01m[K/home/aayush/newest_frenet_planner/src/frenet_planner_ported/src/frenet_ros_obst.cpp:273:10:[m[K [01;35m[Kwarning: [m[Kunused variable ‘[01m[KstartTime3[m[K’ [[01;35m[K-Wunused-variable[m[K]
  273 |   double [01;35m[KstartTime3[m[K = omp_get_wtime();
      |          [01;35m[K^~~~~~~~~~[m[K
[01m[K/home/aayush/newest_frenet_planner/src/frenet_planner_ported/src/frenet_ros_obst.cpp:276:10:[m[K [01;35m[Kwarning: [m[Kunused variable ‘[01m[KendTime3[m[K’ [[01;35m[K-Wunused-variable[m[K]
  276 |   double [01;35m[KendTime3[m[K = omp_get_wtime();
      |          [01;35m[K^~~~~~~~[m[K
[01m[K/home/aayush/newest_frenet_planner/src/frenet_planner_ported/src/frenet_ros_obst.cpp:131:7:[m[K [01;35m[Kwarning: [m[Kunused variable ‘[01m[KgotOdom[m[K’ [[01;35m[K-Wunused-variable[m[K]
  131 |  bool [01;35m[KgotOdom[m[K = false;
      |       [01;35m[K^~~~~~~[m[K
[01m[K/home/aayush/newest_frenet_planner/src/frenet_planner_ported/src/frenet_ros_obst.cpp:165:9:[m[K [01;35m[Kwarning: [m[Kunused variable ‘[01m[Kpltbasetime[m[K’ [[01;35m[K-Wunused-variable[m[K]
  165 |  double [01;35m[Kpltbasetime[m[K = omp_get_wtime();
      |         [01;35m[K^~~~~~~~~~~[m[K
[01m[K/home/aayush/newest_frenet_planner/src/frenet_planner_ported/src/frenet_ros_obst.cpp:167:6:[m[K [01;35m[Kwarning: [m[Kunused variable ‘[01m[Kiteration_count[m[K’ [[01;35m[K-Wunused-variable[m[K]
  167 |  int [01;35m[Kiteration_count[m[K = 1;
      |      [01;35m[K^~~~~~~~~~~~~~~[m[K
In file included from [01m[K/usr/include/x86_64-linux-gnu/c++/9/bits/c++allocator.h:33[m[K,
                 from [01m[K/usr/include/c++/9/bits/allocator.h:46[m[K,
                 from [01m[K/usr/include/c++/9/string:41[m[K,
                 from [01m[K/usr/include/c++/9/stdexcept:39[m[K,
                 from [01m[K/usr/include/c++/9/array:39[m[K,
                 from [01m[K/opt/ros/foxy/include/tf2/transform_datatypes.h:35[m[K,
                 from [01m[K/home/aayush/newest_frenet_planner/src/frenet_planner_ported/src/frenet_planner.cpp:1[m[K:
/usr/include/c++/9/ext/new_allocator.h: In instantiation of ‘[01m[Kvoid __gnu_cxx::new_allocator<_Tp>::construct(_Up*, _Args&& ...) [with _Up = FrenetPath; _Args = {const FrenetPath&}; _Tp = FrenetPath][m[K’:
[01m[K/usr/include/c++/9/bits/alloc_traits.h:482:2:[m[K   required from ‘[01m[Kstatic void std::allocator_traits<std::allocator<_CharT> >::construct(std::allocator_traits<std::allocator<_CharT> >::allocator_type&, _Up*, _Args&& ...) [with _Up = FrenetPath; _Args = {const FrenetPath&}; _Tp = FrenetPath; std::allocator_traits<std::allocator<_CharT> >::allocator_type = std::allocator<FrenetPath>][m[K’
[01m[K/usr/include/c++/9/bits/stl_vector.h:1189:30:[m[K   required from ‘[01m[Kvoid std::vector<_Tp, _Alloc>::push_back(const value_type&) [with _Tp = FrenetPath; _Alloc = std::allocator<FrenetPath>; std::vector<_Tp, _Alloc>::value_type = FrenetPath][m[K’
[01m[K/home/aayush/newest_frenet_planner/src/frenet_planner_ported/src/frenet_planner.cpp:153:31:[m[K   required from here
[01m[K/usr/include/c++/9/ext/new_allocator.h:145:20:[m[K [01;31m[Kerror: [m[Kuse of deleted function ‘[01m[KFrenetPath::FrenetPath(const FrenetPath&)[m[K’
  145 |  noexcept(noexcept([01;31m[K::new((void *)__p)[m[K
      |                    [01;31m[K^~~~~~~~~~~~~~~~~~[m[K
  146 | [01;31m[K       _Up(std::forward<_Args>(__args)...)[m[K))
      |        [01;31m[K~~~~~~~~~~~~~~~~~~~~~~~~~~~~~~~~~~~[m[K
In file included from [01m[K/usr/include/c++/9/memory:65[m[K,
                 from [01m[K/usr/include/c++/9/thread:39[m[K,
                 from [01m[K/opt/ros/foxy/include/tf2/time.h:37[m[K,
                 from [01m[K/opt/ros/foxy/include/tf2/transform_datatypes.h:38[m[K,
                 from [01m[K/home/aayush/newest_frenet_planner/src/frenet_planner_ported/src/frenet_planner.cpp:1[m[K:
/usr/include/c++/9/bits/stl_uninitialized.h: In instantiation of ‘[01m[K_ForwardIterator std::uninitialized_copy(_InputIterator, _InputIterator, _ForwardIterator) [with _InputIterator = __gnu_cxx::__normal_iterator<const FrenetPath*, std::vector<FrenetPath> >; _ForwardIterator = FrenetPath*][m[K’:
[01m[K/usr/include/c++/9/bits/stl_uninitialized.h:307:37:[m[K   required from ‘[01m[K_ForwardIterator std::__uninitialized_copy_a(_InputIterator, _InputIterator, _ForwardIterator, std::allocator<_Tp>&) [with _InputIterator = __gnu_cxx::__normal_iterator<const FrenetPath*, std::vector<FrenetPath> >; _ForwardIterator = FrenetPath*; _Tp = FrenetPath][m[K’
[01m[K/usr/include/c++/9/bits/stl_vector.h:555:31:[m[K   required from ‘[01m[Kstd::vector<_Tp, _Alloc>::vector(const std::vector<_Tp, _Alloc>&) [with _Tp = FrenetPath; _Alloc = std::allocator<FrenetPath>][m[K’
[01m[K/home/aayush/newest_frenet_planner/src/frenet_planner_ported/src/frenet_planner.cpp:459:40:[m[K   required from here
[01m[K/usr/include/c++/9/bits/stl_uninitialized.h:127:72:[m[K [01;31m[Kerror: [m[Kstatic assertion failed: result type must be constructible from value type of input range
  127 |       static_assert(is_constructible<_ValueType2, decltype(*__first)>::[01;31m[Kvalue[m[K,
      |                                                                        [01;31m[K^~~~~[m[K
make[2]: *** [CMakeFiles/frenet_ros_obst.dir/build.make:76: CMakeFiles/frenet_ros_obst.dir/src/frenet_planner.cpp.o] Error 1
make[2]: *** Waiting for unfinished jobs....
make[2]: *** [CMakeFiles/frenet_ros_obst.dir/build.make:63: CMakeFiles/frenet_ros_obst.dir/src/frenet_ros_obst.cpp.o] Error 1
make[1]: *** [CMakeFiles/Makefile2:78: CMakeFiles/frenet_ros_obst.dir/all] Error 2
make: *** [Makefile:141: all] Error 2
