[0.842s] Invoking command in '/home/aayush/newest_frenet_planner/build/frenet_planner_ported': CMAKE_PREFIX_PATH=${CMAKE_PREFIX_PATH}:/home/aayush/newest_frenet_planner/install/dummy:/opt/ros/foxy /usr/bin/cmake --build /home/aayush/newest_frenet_planner/build/frenet_planner_ported -- -j2 -l2
[1.011s] [35m[1mScanning dependencies of target frenet_ros_obst[0m
[1.268s] [ 20%] [32mBuilding CXX object CMakeFiles/frenet_ros_obst.dir/src/frenet_ros_obst.cpp.o[0m
[1.292s] [ 40%] [32mBuilding CXX object CMakeFiles/frenet_ros_obst.dir/src/frenet_planner.cpp.o[0m
[8.879s] In file included from [01m[K/home/aayush/newest_frenet_planner/src/frenet_planner_ported/src/frenet_planner.cpp:8[m[K:
[8.880s] [01m[K/home/aayush/newest_frenet_planner/src/frenet_planner_ported/./include/matplotlibcpp.hpp:314:36:[m[K [01;35m[Kwarning: [m[Kstatic_assert without a message only available with ‘[01m[K-std=c++17[m[K’ or ‘[01m[K-std=gnu++17[m[K’ [[01;35m[K-Wpedantic[m[K]
[8.880s]   314 | static_assert(sizeof(long long) == [01;35m[K8[m[K);
[8.880s]       |                                    [01;35m[K^[m[K
[8.880s] [01m[K/home/aayush/newest_frenet_planner/src/frenet_planner_ported/./include/matplotlibcpp.hpp:316:45:[m[K [01;35m[Kwarning: [m[Kstatic_assert without a message only available with ‘[01m[K-std=c++17[m[K’ or ‘[01m[K-std=gnu++17[m[K’ [[01;35m[K-Wpedantic[m[K]
[8.881s]   316 | static_assert(sizeof(unsigned long long) == [01;35m[K8[m[K);
[8.881s]       |                                             [01;35m[K^[m[K
[11.709s] In file included from [01m[K/home/aayush/newest_frenet_planner/src/frenet_planner_ported/src/../include/../include/frenet_class.hpp:11[m[K,
[11.710s]                  from [01m[K/home/aayush/newest_frenet_planner/src/frenet_planner_ported/src/../include/frenet_optimal_trajectory.hpp:6[m[K,
[11.711s]                  from [01m[K/home/aayush/newest_frenet_planner/src/frenet_planner_ported/src/frenet_ros_obst.cpp:2[m[K:
[11.711s] [01m[K/home/aayush/newest_frenet_planner/src/frenet_planner_ported/./include/matplotlibcpp.hpp:314:36:[m[K [01;35m[Kwarning: [m[Kstatic_assert without a message only available with ‘[01m[K-std=c++17[m[K’ or ‘[01m[K-std=gnu++17[m[K’ [[01;35m[K-Wpedantic[m[K]
[11.711s]   314 | static_assert(sizeof(long long) == [01;35m[K8[m[K);
[11.712s]       |                                    [01;35m[K^[m[K
[11.712s] [01m[K/home/aayush/newest_frenet_planner/src/frenet_planner_ported/./include/matplotlibcpp.hpp:316:45:[m[K [01;35m[Kwarning: [m[Kstatic_assert without a message only available with ‘[01m[K-std=c++17[m[K’ or ‘[01m[K-std=gnu++17[m[K’ [[01;35m[K-Wpedantic[m[K]
[11.713s]   316 | static_assert(sizeof(unsigned long long) == [01;35m[K8[m[K);
[11.713s]       |                                             [01;35m[K^[m[K
[12.967s] In file included from [01m[K/home/aayush/newest_frenet_planner/src/frenet_planner_ported/src/../include/frenet_optimal_trajectory.hpp:6[m[K,
[12.968s]                  from [01m[K/home/aayush/newest_frenet_planner/src/frenet_planner_ported/src/frenet_planner.cpp:10[m[K:
[12.968s] [01m[K/home/aayush/newest_frenet_planner/src/frenet_planner_ported/src/../include/../include/frenet_class.hpp:129:81:[m[K [01;35m[Kwarning: [m[K‘[01m[Kgeometry_msgs::msg::PolygonStamped_<std::allocator<void> >::ConstPtr[m[K’ is deprecated [[01;35m[K-Wdeprecated-declarations[m[K]
[12.968s]   129 |     void footprint_callback(const geometry_msgs::msg::PolygonStamped::ConstPtr p[01;35m[K)[m[K
[12.968s]       |                                                                                 [01;35m[K^[m[K
[12.978s] In file included from [01m[K/opt/ros/foxy/include/geometry_msgs/msg/polygon_stamped.hpp:7[m[K,
[12.979s]                  from [01m[K/home/aayush/newest_frenet_planner/src/frenet_planner_ported/src/frenet_planner.cpp:6[m[K:
[12.979s] [01m[K/opt/ros/foxy/include/geometry_msgs/msg/detail/polygon_stamped__struct.hpp:114:5:[m[K [01;36m[Knote: [m[Kdeclared here
[12.979s]   114 |     [01;36m[KConstPtr[m[K;
[12.980s]       |     [01;36m[K^~~~~~~~[m[K
[12.988s] In file included from [01m[K/home/aayush/newest_frenet_planner/src/frenet_planner_ported/src/../include/frenet_optimal_trajectory.hpp:6[m[K,
[12.988s]                  from [01m[K/home/aayush/newest_frenet_planner/src/frenet_planner_ported/src/frenet_planner.cpp:10[m[K:
[12.989s] [01m[K/home/aayush/newest_frenet_planner/src/frenet_planner_ported/src/../include/../include/frenet_class.hpp:135:67:[m[K [01;35m[Kwarning: [m[K‘[01m[Knav_msgs::msg::Odometry_<std::allocator<void> >::ConstPtr[m[K’ is deprecated [[01;35m[K-Wdeprecated-declarations[m[K]
[12.989s]   135 |     void odom_callback(const nav_msgs::msg::Odometry::ConstPtr msg[01;35m[K)[m[K
[12.989s]       |                                                                   [01;35m[K^[m[K
[12.997s] In file included from [01m[K/opt/ros/foxy/include/nav_msgs/msg/odometry.hpp:7[m[K,
[12.997s]                  from [01m[K/home/aayush/newest_frenet_planner/src/frenet_planner_ported/src/frenet_planner.cpp:4[m[K:
[12.998s] [01m[K/opt/ros/foxy/include/nav_msgs/msg/detail/odometry__struct.hpp:145:5:[m[K [01;36m[Knote: [m[Kdeclared here
[12.998s]   145 |     [01;36m[KConstPtr[m[K;
[12.998s]       |     [01;36m[K^~~~~~~~[m[K
[12.999s] In file included from [01m[K/home/aayush/newest_frenet_planner/src/frenet_planner_ported/src/../include/frenet_optimal_trajectory.hpp:6[m[K,
[12.999s]                  from [01m[K/home/aayush/newest_frenet_planner/src/frenet_planner_ported/src/frenet_planner.cpp:10[m[K:
[12.999s] [01m[K/home/aayush/newest_frenet_planner/src/frenet_planner_ported/src/../include/../include/frenet_class.hpp:139:86:[m[K [01;35m[Kwarning: [m[K‘[01m[Knav_msgs::msg::OccupancyGrid_<std::allocator<void> >::ConstPtr[m[K’ is deprecated [[01;35m[K-Wdeprecated-declarations[m[K]
[13.000s]   139 |     void costmap_callback(const nav_msgs::msg::OccupancyGrid::ConstPtr occupancy_grid[01;35m[K)[m[K
[13.000s]       |                                                                                      [01;35m[K^[m[K
[13.001s] In file included from [01m[K/opt/ros/foxy/include/nav_msgs/msg/occupancy_grid.hpp:7[m[K,
[13.001s]                  from [01m[K/home/aayush/newest_frenet_planner/src/frenet_planner_ported/src/frenet_planner.cpp:5[m[K:
[13.001s] [01m[K/opt/ros/foxy/include/nav_msgs/msg/detail/occupancy_grid__struct.hpp:123:5:[m[K [01;36m[Knote: [m[Kdeclared here
[13.002s]   123 |     [01;36m[KConstPtr[m[K;
[13.002s]       |     [01;36m[K^~~~~~~~[m[K
[13.079s] In file included from [01m[K/home/aayush/newest_frenet_planner/src/frenet_planner_ported/src/../include/frenet_optimal_trajectory.hpp:6[m[K,
[13.079s]                  from [01m[K/home/aayush/newest_frenet_planner/src/frenet_planner_ported/src/frenet_ros_obst.cpp:2[m[K:
[13.080s] [01m[K/home/aayush/newest_frenet_planner/src/frenet_planner_ported/src/../include/../include/frenet_class.hpp:129:81:[m[K [01;35m[Kwarning: [m[K‘[01m[Kgeometry_msgs::msg::PolygonStamped_<std::allocator<void> >::ConstPtr[m[K’ is deprecated [[01;35m[K-Wdeprecated-declarations[m[K]
[13.080s]   129 | allback(const geometry_msgs::msg::PolygonStamped::ConstPtr p[01;35m[K)[m[K
[13.080s]       |                                                             [01;35m[K^[m[K
[13.080s] 
[13.080s] In file included from [01m[K/opt/ros/foxy/include/geometry_msgs/msg/polygon_stamped.hpp:7[m[K,
[13.081s]                  from [01m[K/home/aayush/newest_frenet_planner/src/frenet_planner_ported/src/../include/../include/parameters.hpp:5[m[K,
[13.081s]                  from [01m[K/home/aayush/newest_frenet_planner/src/frenet_planner_ported/src/../include/frenet_optimal_trajectory.hpp:5[m[K,
[13.081s]                  from [01m[K/home/aayush/newest_frenet_planner/src/frenet_planner_ported/src/frenet_ros_obst.cpp:2[m[K:
[13.081s] [01m[K/opt/ros/foxy/include/geometry_msgs/msg/detail/polygon_stamped__struct.hpp:114:5:[m[K [01;36m[Knote: [m[Kdeclared here
[13.081s]   114 |     [01;36m[KConstPtr[m[K;
[13.082s]       |     [01;36m[K^~~~~~~~[m[K
[13.082s] In file included from [01m[K/home/aayush/newest_frenet_planner/src/frenet_planner_ported/src/../include/frenet_optimal_trajectory.hpp:6[m[K,
[13.082s]                  from [01m[K/home/aayush/newest_frenet_planner/src/frenet_planner_ported/src/frenet_ros_obst.cpp:2[m[K:
[13.082s] [01m[K/home/aayush/newest_frenet_planner/src/frenet_planner_ported/src/../include/../include/frenet_class.hpp:135:67:[m[K [01;35m[Kwarning: [m[K‘[01m[Knav_msgs::msg::Odometry_<std::allocator<void> >::ConstPtr[m[K’ is deprecated [[01;35m[K-Wdeprecated-declarations[m[K]
[13.083s]   135 |     void odom_callback(const nav_msgs::msg::Odometry::ConstPtr msg[01;35m[K)[m[K
[13.083s]       |                                                                   [01;35m[K^[m[K
[13.083s] In file included from [01m[K/opt/ros/foxy/include/nav_msgs/msg/odometry.hpp:7[m[K,
[13.083s]                  from [01m[K/home/aayush/newest_frenet_planner/src/frenet_planner_ported/src/../include/../include/parameters.hpp:3[m[K,
[13.083s]                  from [01m[K/home/aayush/newest_frenet_planner/src/frenet_planner_ported/src/../include/frenet_optimal_trajectory.hpp:5[m[K,
[13.084s]                  from [01m[K/home/aayush/newest_frenet_planner/src/frenet_planner_ported/src/frenet_ros_obst.cpp:2[m[K:
[13.084s] [01m[K/opt/ros/foxy/include/nav_msgs/msg/detail/odometry__struct.hpp:145:5:[m[K [01;36m[Knote: [m[Kdeclared here
[13.084s]   145 |     [01;36m[KConstPtr[m[K;
[13.084s]       |     [01;36m[K^~~~~~~~[m[K
[13.084s] In file included from [01m[K/home/aayush/newest_frenet_planner/src/frenet_planner_ported/src/../include/frenet_optimal_trajectory.hpp:6[m[K,
[13.085s]                  from [01m[K/home/aayush/newest_frenet_planner/src/frenet_planner_ported/src/frenet_ros_obst.cpp:2[m[K:
[13.085s] [01m[K/home/aayush/newest_frenet_planner/src/frenet_planner_ported/src/../include/../include/frenet_class.hpp:139:86:[m[K [01;35m[Kwarning: [m[K‘[01m[Knav_msgs::msg::OccupancyGrid_<std::allocator<void> >::ConstPtr[m[K’ is deprecated [[01;35m[K-Wdeprecated-declarations[m[K]
[13.085s]   139 | (const nav_msgs::msg::OccupancyGrid::ConstPtr occupancy_grid[01;35m[K)[m[K
[13.085s]       |                                                             [01;35m[K^[m[K
[13.085s] 
[13.086s] In file included from [01m[K/opt/ros/foxy/include/nav_msgs/msg/occupancy_grid.hpp:7[m[K,
[13.086s]                  from [01m[K/home/aayush/newest_frenet_planner/src/frenet_planner_ported/src/../include/../include/parameters.hpp:4[m[K,
[13.086s]                  from [01m[K/home/aayush/newest_frenet_planner/src/frenet_planner_ported/src/../include/frenet_optimal_trajectory.hpp:5[m[K,
[13.086s]                  from [01m[K/home/aayush/newest_frenet_planner/src/frenet_planner_ported/src/frenet_ros_obst.cpp:2[m[K:
[13.086s] [01m[K/opt/ros/foxy/include/nav_msgs/msg/detail/occupancy_grid__struct.hpp:123:5:[m[K [01;36m[Knote: [m[Kdeclared here
[13.087s]   123 |     [01;36m[KConstPtr[m[K;
[13.087s]       |     [01;36m[K^~~~~~~~[m[K
[13.308s] In file included from [01m[K/home/aayush/newest_frenet_planner/src/frenet_planner_ported/src/../include/frenet_optimal_trajectory.hpp:6[m[K,
[13.308s]                  from [01m[K/home/aayush/newest_frenet_planner/src/frenet_planner_ported/src/frenet_ros_obst.cpp:2[m[K:
[13.309s] [01m[K/home/aayush/newest_frenet_planner/src/frenet_planner_ported/src/../include/../include/frenet_class.hpp:[m[K In member function ‘[01m[Kvoid FrenetClass::costmap_callback(nav_msgs::msg::OccupancyGrid_<std::allocator<void> >::ConstPtr)[m[K’:
[13.309s] [01m[K/home/aayush/newest_frenet_planner/src/frenet_planner_ported/src/../include/../include/frenet_class.hpp:169:22:[m[K [01;35m[Kwarning: [m[Kcomparison of integer expressions of different signedness: ‘[01m[Klong int[m[K’ and ‘[01m[Kstd::vector<std::pair<double, double> >::size_type[m[K’ {aka ‘[01m[Klong unsigned int[m[K’} [[01;35m[K-Wsign-compare[m[K]
[13.310s]   169 |   for (long i = 0; [01;35m[Ki < ob1.size()[m[K; i++)
[13.310s]       |                    [01;35m[K~~^~~~~~~~~~~~[m[K
[13.310s] [01m[K/home/aayush/newest_frenet_planner/src/frenet_planner_ported/src/../include/../include/frenet_class.hpp:149:13:[m[K [01;35m[Kwarning: [m[Kunused variable ‘[01m[KstartTime1[m[K’ [[01;35m[K-Wunused-variable[m[K]
[13.311s]   149 |      double [01;35m[KstartTime1[m[K = omp_get_wtime();
[13.311s]       |             [01;35m[K^~~~~~~~~~[m[K
[13.338s] In file included from [01m[K/home/aayush/newest_frenet_planner/src/frenet_planner_ported/src/frenet_ros_obst.cpp:2[m[K:
[13.341s] [01m[K/home/aayush/newest_frenet_planner/src/frenet_planner_ported/src/../include/frenet_optimal_trajectory.hpp:[m[K In function ‘[01m[Kstd::ostream& operator<<(std::ostream&, const FrenetPath&)[m[K’:
[13.355s] [01m[K/home/aayush/newest_frenet_planner/src/frenet_planner_ported/src/../include/frenet_optimal_trajectory.hpp:80:20:[m[K [01;35m[Kwarning: [m[Kstatement has no effect [[01;35m[K-Wunused-value[m[K]
[13.356s]    80 | #define trace(...) [01;35m[K42[m[K
[13.356s]       |                    [01;35m[K^~[m[K
[13.357s] [01m[K/home/aayush/newest_frenet_planner/src/frenet_planner_ported/src/../include/frenet_optimal_trajectory.hpp:80:20:[m[K [01;36m[Knote: [m[Kin definition of macro ‘[01m[Ktrace[m[K’
[13.357s]    80 | #define trace(...) [01;36m[K42[m[K
[13.357s]       |                    [01;36m[K^~[m[K
[13.357s] [01m[K/home/aayush/newest_frenet_planner/src/frenet_planner_ported/src/../include/frenet_optimal_trajectory.hpp:80:20:[m[K [01;35m[Kwarning: [m[Kstatement has no effect [[01;35m[K-Wunused-value[m[K]
[13.358s]    80 | #define trace(...) [01;35m[K42[m[K
[13.358s]       |                    [01;35m[K^~[m[K
[13.358s] [01m[K/home/aayush/newest_frenet_planner/src/frenet_planner_ported/src/../include/frenet_optimal_trajectory.hpp:80:20:[m[K [01;36m[Knote: [m[Kin definition of macro ‘[01m[Ktrace[m[K’
[13.358s]    80 | #define trace(...) [01;36m[K42[m[K
[13.360s]       |                    [01;36m[K^~[m[K
[13.361s] [01m[K/home/aayush/newest_frenet_planner/src/frenet_planner_ported/src/../include/frenet_optimal_trajectory.hpp:80:20:[m[K [01;35m[Kwarning: [m[Kstatement has no effect [[01;35m[K-Wunused-value[m[K]
[13.361s]    80 | #define trace(...) [01;35m[K42[m[K
[13.361s]       |                    [01;35m[K^~[m[K
[13.361s] [01m[K/home/aayush/newest_frenet_planner/src/frenet_planner_ported/src/../include/frenet_optimal_trajectory.hpp:80:20:[m[K [01;36m[Knote: [m[Kin definition of macro ‘[01m[Ktrace[m[K’
[13.362s]    80 | #define trace(...) [01;36m[K42[m[K
[13.362s]       |                    [01;36m[K^~[m[K
[13.362s] [01m[K/home/aayush/newest_frenet_planner/src/frenet_planner_ported/src/../include/frenet_optimal_trajectory.hpp:80:20:[m[K [01;35m[Kwarning: [m[Kstatement has no effect [[01;35m[K-Wunused-value[m[K]
[13.362s]    80 | #define trace(...) [01;35m[K42[m[K
[13.363s]       |                    [01;35m[K^~[m[K
[13.363s] [01m[K/home/aayush/newest_frenet_planner/src/frenet_planner_ported/src/../include/frenet_optimal_trajectory.hpp:80:20:[m[K [01;36m[Knote: [m[Kin definition of macro ‘[01m[Ktrace[m[K’
[13.381s]    80 | #define trace(...) [01;36m[K42[m[K
[13.381s]       |                    [01;36m[K^~[m[K
[13.382s] [01m[K/home/aayush/newest_frenet_planner/src/frenet_planner_ported/src/../include/frenet_optimal_trajectory.hpp:80:20:[m[K [01;35m[Kwarning: [m[Kstatement has no effect [[01;35m[K-Wunused-value[m[K]
[13.382s]    80 | #define trace(...) [01;35m[K42[m[K
[13.395s]       |                    [01;35m[K^~[m[K
[13.395s] [01m[K/home/aayush/newest_frenet_planner/src/frenet_planner_ported/src/../include/frenet_optimal_trajectory.hpp:80:20:[m[K [01;36m[Knote: [m[Kin definition of macro ‘[01m[Ktrace[m[K’
[13.395s]    80 | #define trace(...) [01;36m[K42[m[K
[13.396s]       |                    [01;36m[K^~[m[K
[13.396s] [01m[K/home/aayush/newest_frenet_planner/src/frenet_planner_ported/src/../include/frenet_optimal_trajectory.hpp:80:20:[m[K [01;35m[Kwarning: [m[Kstatement has no effect [[01;35m[K-Wunused-value[m[K]
[13.396s]    80 | #define trace(...) [01;35m[K42[m[K
[13.396s]       |                    [01;35m[K^~[m[K
[13.396s] [01m[K/home/aayush/newest_frenet_planner/src/frenet_planner_ported/src/../include/frenet_optimal_trajectory.hpp:80:20:[m[K [01;36m[Knote: [m[Kin definition of macro ‘[01m[Ktrace[m[K’
[13.397s]    80 | #define trace(...) [01;36m[K42[m[K
[13.397s]       |                    [01;36m[K^~[m[K
[13.397s] [01m[K/home/aayush/newest_frenet_planner/src/frenet_planner_ported/src/../include/frenet_optimal_trajectory.hpp:80:20:[m[K [01;35m[Kwarning: [m[Kstatement has no effect [[01;35m[K-Wunused-value[m[K]
[13.397s]    80 | #define trace(...) [01;35m[K42[m[K
[13.397s]       |                    [01;35m[K^~[m[K
[13.398s] [01m[K/home/aayush/newest_frenet_planner/src/frenet_planner_ported/src/../include/frenet_optimal_trajectory.hpp:80:20:[m[K [01;36m[Knote: [m[Kin definition of macro ‘[01m[Ktrace[m[K’
[13.398s]    80 | #define trace(...) [01;36m[K42[m[K
[13.398s]       |                    [01;36m[K^~[m[K
[13.398s] [01m[K/home/aayush/newest_frenet_planner/src/frenet_planner_ported/src/../include/frenet_optimal_trajectory.hpp:80:20:[m[K [01;35m[Kwarning: [m[Kstatement has no effect [[01;35m[K-Wunused-value[m[K]
[13.398s]    80 | #define trace(...) [01;35m[K42[m[K
[13.399s]       |                    [01;35m[K^~[m[K
[13.399s] [01m[K/home/aayush/newest_frenet_planner/src/frenet_planner_ported/src/../include/frenet_optimal_trajectory.hpp:80:20:[m[K [01;36m[Knote: [m[Kin definition of macro ‘[01m[Ktrace[m[K’
[13.411s]    80 | #define trace(...) [01;36m[K42[m[K
[13.413s]       |                    [01;36m[K^~[m[K
[13.413s] [01m[K/home/aayush/newest_frenet_planner/src/frenet_planner_ported/src/../include/frenet_optimal_trajectory.hpp:80:20:[m[K [01;35m[Kwarning: [m[Kstatement has no effect [[01;35m[K-Wunused-value[m[K]
[13.413s]    80 | #define trace(...) [01;35m[K42[m[K
[13.413s]       |                    [01;35m[K^~[m[K
[13.414s] [01m[K/home/aayush/newest_frenet_planner/src/frenet_planner_ported/src/../include/frenet_optimal_trajectory.hpp:80:20:[m[K [01;36m[Knote: [m[Kin definition of macro ‘[01m[Ktrace[m[K’
[13.414s]    80 | #define trace(...) [01;36m[K42[m[K
[13.414s]       |                    [01;36m[K^~[m[K
[13.414s] [01m[K/home/aayush/newest_frenet_planner/src/frenet_planner_ported/src/../include/frenet_optimal_trajectory.hpp:80:20:[m[K [01;35m[Kwarning: [m[Kstatement has no effect [[01;35m[K-Wunused-value[m[K]
[13.415s]    80 | #define trace(...) [01;35m[K42[m[K
[13.415s]       |                    [01;35m[K^~[m[K
[13.415s] [01m[K/home/aayush/newest_frenet_planner/src/frenet_planner_ported/src/../include/frenet_optimal_trajectory.hpp:80:20:[m[K [01;36m[Knote: [m[Kin definition of macro ‘[01m[Ktrace[m[K’
[13.416s]    80 | #define trace(...) [01;36m[K42[m[K
[13.416s]       |                    [01;36m[K^~[m[K
[13.416s] [01m[K/home/aayush/newest_frenet_planner/src/frenet_planner_ported/src/../include/frenet_optimal_trajectory.hpp:80:20:[m[K [01;35m[Kwarning: [m[Kstatement has no effect [[01;35m[K-Wunused-value[m[K]
[13.416s]    80 | #define trace(...) [01;35m[K42[m[K
[13.417s]       |                    [01;35m[K^~[m[K
[13.417s] [01m[K/home/aayush/newest_frenet_planner/src/frenet_planner_ported/src/../include/frenet_optimal_trajectory.hpp:80:20:[m[K [01;36m[Knote: [m[Kin definition of macro ‘[01m[Ktrace[m[K’
[13.417s]    80 | #define trace(...) [01;36m[K42[m[K
[13.417s]       |                    [01;36m[K^~[m[K
[13.418s] [01m[K/home/aayush/newest_frenet_planner/src/frenet_planner_ported/src/../include/frenet_optimal_trajectory.hpp:80:20:[m[K [01;35m[Kwarning: [m[Kstatement has no effect [[01;35m[K-Wunused-value[m[K]
[13.418s]    80 | #define trace(...) [01;35m[K42[m[K
[13.418s]       |                    [01;35m[K^~[m[K
[13.419s] [01m[K/home/aayush/newest_frenet_planner/src/frenet_planner_ported/src/../include/frenet_optimal_trajectory.hpp:80:20:[m[K [01;36m[Knote: [m[Kin definition of macro ‘[01m[Ktrace[m[K’
[13.447s]    80 | #define trace(...) [01;36m[K42[m[K
[13.447s]       |                    [01;36m[K^~[m[K
[13.447s] [01m[K/home/aayush/newest_frenet_planner/src/frenet_planner_ported/src/../include/frenet_optimal_trajectory.hpp:80:20:[m[K [01;35m[Kwarning: [m[Kstatement has no effect [[01;35m[K-Wunused-value[m[K]
[13.448s]    80 | #define trace(...) [01;35m[K42[m[K
[13.448s]       |                    [01;35m[K^~[m[K
[13.448s] [01m[K/home/aayush/newest_frenet_planner/src/frenet_planner_ported/src/../include/frenet_optimal_trajectory.hpp:80:20:[m[K [01;36m[Knote: [m[Kin definition of macro ‘[01m[Ktrace[m[K’
[13.448s]    80 | #define trace(...) [01;36m[K42[m[K
[13.449s]       |                    [01;36m[K^~[m[K
[13.449s] [01m[K/home/aayush/newest_frenet_planner/src/frenet_planner_ported/src/../include/frenet_optimal_trajectory.hpp:81:59:[m[K [01;35m[Kwarning: [m[Kunused parameter ‘[01m[Kfp[m[K’ [[01;35m[K-Wunused-parameter[m[K]
[13.449s]    81 | inline ostream& operator<<(ostream& os, [01;35m[Kconst FrenetPath& fp[m[K)
[13.449s]       |                                         [01;35m[K~~~~~~~~~~~~~~~~~~^~[m[K
[13.449s] In file included from [01m[K/home/aayush/newest_frenet_planner/src/frenet_planner_ported/src/../include/frenet_optimal_trajectory.hpp:6[m[K,
[13.450s]                  from [01m[K/home/aayush/newest_frenet_planner/src/frenet_planner_ported/src/frenet_planner.cpp:10[m[K:
[13.450s] [01m[K/home/aayush/newest_frenet_planner/src/frenet_planner_ported/src/../include/../include/frenet_class.hpp:[m[K In member function ‘[01m[Kvoid FrenetClass::costmap_callback(nav_msgs::msg::OccupancyGrid_<std::allocator<void> >::ConstPtr)[m[K’:
[13.450s] [01m[K/home/aayush/newest_frenet_planner/src/frenet_planner_ported/src/../include/../include/frenet_class.hpp:169:22:[m[K [01;35m[Kwarning: [m[Kcomparison of integer expressions of different signedness: ‘[01m[Klong int[m[K’ and ‘[01m[Kstd::vector<std::pair<double, double> >::size_type[m[K’ {aka ‘[01m[Klong unsigned int[m[K’} [[01;35m[K-Wsign-compare[m[K]
[13.451s]   169 |   for (long i = 0; [01;35m[Ki < ob1.size()[m[K; i++)
[13.451s]       |                    [01;35m[K~~^~~~~~~~~~~~[m[K
[13.451s] [01m[K/home/aayush/newest_frenet_planner/src/frenet_planner_ported/src/../include/../include/frenet_class.hpp:149:13:[m[K [01;35m[Kwarning: [m[Kunused variable ‘[01m[KstartTime1[m[K’ [[01;35m[K-Wunused-variable[m[K]
[13.451s]   149 |      double [01;35m[KstartTime1[m[K = omp_get_wtime();
[13.452s]       |             [01;35m[K^~~~~~~~~~[m[K
[13.452s] [01m[K/home/aayush/newest_frenet_planner/src/frenet_planner_ported/src/frenet_ros_obst.cpp:[m[K In function ‘[01m[Kdouble get_bot_yaw()[m[K’:
[13.452s] [01m[K/home/aayush/newest_frenet_planner/src/frenet_planner_ported/src/../include/frenet_optimal_trajectory.hpp:80:20:[m[K [01;35m[Kwarning: [m[Kstatement has no effect [[01;35m[K-Wunused-value[m[K]
[13.452s]    80 | #define trace(...) [01;35m[K42[m[K
[13.452s]       |                    [01;35m[K^~[m[K
[13.453s] [01m[K/home/aayush/newest_frenet_planner/src/frenet_planner_ported/src/../include/frenet_optimal_trajectory.hpp:80:20:[m[K [01;36m[Knote: [m[Kin definition of macro ‘[01m[Ktrace[m[K’
[13.453s]    80 | #define trace(...) [01;36m[K42[m[K
[13.453s]       |                    [01;36m[K^~[m[K
[13.453s] In file included from [01m[K/home/aayush/newest_frenet_planner/src/frenet_planner_ported/src/frenet_planner.cpp:10[m[K:
[13.453s] [01m[K/home/aayush/newest_frenet_planner/src/frenet_planner_ported/src/../include/frenet_optimal_trajectory.hpp:[m[K In function ‘[01m[Kstd::ostream& operator<<(std::ostream&, const FrenetPath&)[m[K’:
[13.454s] [01m[K/home/aayush/newest_frenet_planner/src/frenet_planner_ported/src/../include/frenet_optimal_trajectory.hpp:80:20:[m[K [01;35m[Kwarning: [m[Kstatement has no effect [[01;35m[K-Wunused-value[m[K]
[13.464s]    80 | #define trace(...) [01;35m[K42[m[K
[13.464s]       |                    [01;35m[K^~[m[K
[13.464s] [01m[K/home/aayush/newest_frenet_planner/src/frenet_planner_ported/src/../include/frenet_optimal_trajectory.hpp:80:20:[m[K [01;36m[Knote: [m[Kin definition of macro ‘[01m[Ktrace[m[K’
[13.465s]    80 | #define trace(...) [01;36m[K42[m[K
[13.465s]       |                    [01;36m[K^~[m[K
[13.465s] [01m[K/home/aayush/newest_frenet_planner/src/frenet_planner_ported/src/../include/frenet_optimal_trajectory.hpp:80:20:[m[K [01;35m[Kwarning: [m[Kstatement has no effect [[01;35m[K-Wunused-value[m[K]
[13.466s]    80 | #define trace(...) [01;35m[K42[m[K
[13.466s]       |                    [01;35m[K^~[m[K
[13.466s] [01m[K/home/aayush/newest_frenet_planner/src/frenet_planner_ported/src/../include/frenet_optimal_trajectory.hpp:80:20:[m[K [01;36m[Knote: [m[Kin definition of macro ‘[01m[Ktrace[m[K’
[13.466s]    80 | #define trace(...) [01;36m[K42[m[K
[13.467s]       |                    [01;36m[K^~[m[K
[13.475s] [01m[K/home/aayush/newest_frenet_planner/src/frenet_planner_ported/src/../include/frenet_optimal_trajectory.hpp:80:20:[m[K [01;35m[Kwarning: [m[Kstatement has no effect [[01;35m[K-Wunused-value[m[K]
[13.475s]    80 | #define trace(...) [01;35m[K42[m[K
[13.476s]       |                    [01;35m[K^~[m[K
[13.476s] [01m[K/home/aayush/newest_frenet_planner/src/frenet_planner_ported/src/../include/frenet_optimal_trajectory.hpp:80:20:[m[K [01;36m[Knote: [m[Kin definition of macro ‘[01m[Ktrace[m[K’
[13.476s]    80 | #define trace(...) [01;36m[K42[m[K
[13.476s]       |                    [01;36m[K^~[m[K
[13.477s] [01m[K/home/aayush/newest_frenet_planner/src/frenet_planner_ported/src/../include/frenet_optimal_trajectory.hpp:80:20:[m[K [01;35m[Kwarning: [m[Kstatement has no effect [[01;35m[K-Wunused-value[m[K]
[13.477s]    80 | #define trace(...) [01;35m[K42[m[K
[13.477s]       |                    [01;35m[K^~[m[K
[13.478s] [01m[K/home/aayush/newest_frenet_planner/src/frenet_planner_ported/src/../include/frenet_optimal_trajectory.hpp:80:20:[m[K [01;36m[Knote: [m[Kin definition of macro ‘[01m[Ktrace[m[K’
[13.478s]    80 | #define trace(...) [01;36m[K42[m[K
[13.478s]       |                    [01;36m[K^~[m[K
[13.478s] [01m[K/home/aayush/newest_frenet_planner/src/frenet_planner_ported/src/../include/frenet_optimal_trajectory.hpp:80:20:[m[K [01;35m[Kwarning: [m[Kstatement has no effect [[01;35m[K-Wunused-value[m[K]
[13.479s]    80 | #define trace(...) [01;35m[K42[m[K
[13.479s]       |                    [01;35m[K^~[m[K
[13.480s] [01m[K/home/aayush/newest_frenet_planner/src/frenet_planner_ported/src/../include/frenet_optimal_trajectory.hpp:80:20:[m[K [01;36m[Knote: [m[Kin definition of macro ‘[01m[Ktrace[m[K’
[13.480s]    80 | #define trace(...) [01;36m[K42[m[K
[13.480s]       |                    [01;36m[K^~[m[K
[13.480s] [01m[K/home/aayush/newest_frenet_planner/src/frenet_planner_ported/src/../include/frenet_optimal_trajectory.hpp:80:20:[m[K [01;35m[Kwarning: [m[Kstatement has no effect [[01;35m[K-Wunused-value[m[K]
[13.481s]    80 | #define trace(...) [01;35m[K42[m[K
[13.481s]       |                    [01;35m[K^~[m[K
[13.481s] [01m[K/home/aayush/newest_frenet_planner/src/frenet_planner_ported/src/../include/frenet_optimal_trajectory.hpp:80:20:[m[K [01;36m[Knote: [m[Kin definition of macro ‘[01m[Ktrace[m[K’
[13.481s]    80 | #define trace(...) [01;36m[K42[m[K
[13.481s]       |                    [01;36m[K^~[m[K
[13.482s] [01m[K/home/aayush/newest_frenet_planner/src/frenet_planner_ported/src/../include/frenet_optimal_trajectory.hpp:80:20:[m[K [01;35m[Kwarning: [m[Kstatement has no effect [[01;35m[K-Wunused-value[m[K]
[13.482s]    80 | #define trace(...) [01;35m[K42[m[K
[13.482s]       |                    [01;35m[K^~[m[K
[13.482s] [01m[K/home/aayush/newest_frenet_planner/src/frenet_planner_ported/src/../include/frenet_optimal_trajectory.hpp:80:20:[m[K [01;36m[Knote: [m[Kin definition of macro ‘[01m[Ktrace[m[K’
[13.482s]    80 | #define trace(...) [01;36m[K42[m[K
[13.483s]       |                    [01;36m[K^~[m[K
[13.483s] [01m[K/home/aayush/newest_frenet_planner/src/frenet_planner_ported/src/../include/frenet_optimal_trajectory.hpp:80:20:[m[K [01;35m[Kwarning: [m[Kstatement has no effect [[01;35m[K-Wunused-value[m[K]
[13.486s]    80 | #define trace(...) [01;35m[K42[m[K
[13.486s]       |                    [01;35m[K^~[m[K
[13.486s] [01m[K/home/aayush/newest_frenet_planner/src/frenet_planner_ported/src/../include/frenet_optimal_trajectory.hpp:80:20:[m[K [01;36m[Knote: [m[Kin definition of macro ‘[01m[Ktrace[m[K’
[13.492s]    80 | #define trace(...) [01;36m[K42[m[K
[13.493s]       |                    [01;36m[K^~[m[K
[13.493s] [01m[K/home/aayush/newest_frenet_planner/src/frenet_planner_ported/src/../include/frenet_optimal_trajectory.hpp:80:20:[m[K [01;35m[Kwarning: [m[Kstatement has no effect [[01;35m[K-Wunused-value[m[K]
[13.493s]    80 | #define trace(...) [01;35m[K42[m[K
[13.493s]       |                    [01;35m[K^~[m[K
[13.494s] [01m[K/home/aayush/newest_frenet_planner/src/frenet_planner_ported/src/../include/frenet_optimal_trajectory.hpp:80:20:[m[K [01;36m[Knote: [m[Kin definition of macro ‘[01m[Ktrace[m[K’
[13.494s]    80 | #define trace(...) [01;36m[K42[m[K
[13.494s]       |                    [01;36m[K^~[m[K
[13.494s] [01m[K/home/aayush/newest_frenet_planner/src/frenet_planner_ported/src/../include/frenet_optimal_trajectory.hpp:80:20:[m[K [01;35m[Kwarning: [m[Kstatement has no effect [[01;35m[K-Wunused-value[m[K]
[13.495s]    80 | #define trace(...) [01;35m[K42[m[K
[13.495s]       |                    [01;35m[K^~[m[K
[13.495s] [01m[K/home/aayush/newest_frenet_planner/src/frenet_planner_ported/src/../include/frenet_optimal_trajectory.hpp:80:20:[m[K [01;36m[Knote: [m[Kin definition of macro ‘[01m[Ktrace[m[K’
[13.496s]    80 | #define trace(...) [01;36m[K42[m[K
[13.496s]       |                    [01;36m[K^~[m[K
[13.496s] [01m[K/home/aayush/newest_frenet_planner/src/frenet_planner_ported/src/../include/frenet_optimal_trajectory.hpp:80:20:[m[K [01;35m[Kwarning: [m[Kstatement has no effect [[01;35m[K-Wunused-value[m[K]
[13.496s]    80 | #define trace(...) [01;35m[K42[m[K
[13.496s]       |                    [01;35m[K^~[m[K
[13.497s] [01m[K/home/aayush/newest_frenet_planner/src/frenet_planner_ported/src/../include/frenet_optimal_trajectory.hpp:80:20:[m[K [01;36m[Knote: [m[Kin definition of macro ‘[01m[Ktrace[m[K’
[13.497s]    80 | #define trace(...) [01;36m[K42[m[K
[13.497s]       |                    [01;36m[K^~[m[K
[13.497s] [01m[K/home/aayush/newest_frenet_planner/src/frenet_planner_ported/src/../include/frenet_optimal_trajectory.hpp:80:20:[m[K [01;35m[Kwarning: [m[Kstatement has no effect [[01;35m[K-Wunused-value[m[K]
[13.497s]    80 | #define trace(...) [01;35m[K42[m[K
[13.498s]       |                    [01;35m[K^~[m[K
[13.498s] [01m[K/home/aayush/newest_frenet_planner/src/frenet_planner_ported/src/../include/frenet_optimal_trajectory.hpp:80:20:[m[K [01;36m[Knote: [m[Kin definition of macro ‘[01m[Ktrace[m[K’
[13.498s]    80 | #define trace(...) [01;36m[K42[m[K
[13.498s]       |                    [01;36m[K^~[m[K
[13.498s] [01m[K/home/aayush/newest_frenet_planner/src/frenet_planner_ported/src/../include/frenet_optimal_trajectory.hpp:80:20:[m[K [01;35m[Kwarning: [m[Kstatement has no effect [[01;35m[K-Wunused-value[m[K]
[13.499s]    80 | #define trace(...) [01;35m[K42[m[K
[13.499s]       |                    [01;35m[K^~[m[K
[13.499s] [01m[K/home/aayush/newest_frenet_planner/src/frenet_planner_ported/src/../include/frenet_optimal_trajectory.hpp:80:20:[m[K [01;36m[Knote: [m[Kin definition of macro ‘[01m[Ktrace[m[K’
[13.499s]    80 | #define trace(...) [01;36m[K42[m[K
[13.499s]       |                    [01;36m[K^~[m[K
[13.507s] [01m[K/home/aayush/newest_frenet_planner/src/frenet_planner_ported/src/../include/frenet_optimal_trajectory.hpp:81:59:[m[K [01;35m[Kwarning: [m[Kunused parameter ‘[01m[Kfp[m[K’ [[01;35m[K-Wunused-parameter[m[K]
[13.508s]    81 | inline ostream& operator<<(ostream& os, [01;35m[Kconst FrenetPath& fp[m[K)
[13.508s]       |                                         [01;35m[K~~~~~~~~~~~~~~~~~~^~[m[K
[13.509s] [01m[K/home/aayush/newest_frenet_planner/src/frenet_planner_ported/src/frenet_ros_obst.cpp:[m[K In function ‘[01m[Kvoid initial_conditions_path(Spline2D&, double&, double&, double&, double&, double&, double&, FrenetPath&)[m[K’:
[13.509s] [01m[K/home/aayush/newest_frenet_planner/src/frenet_planner_ported/src/frenet_ros_obst.cpp:56:40:[m[K [01;35m[Kwarning: [m[Kunused parameter ‘[01m[Kcsp[m[K’ [[01;35m[K-Wunused-parameter[m[K]
[13.509s]    56 | void initial_conditions_path([01;35m[KSpline2D &csp[m[K, double &s0, double &c_speed, double &c_d, double &c_d_d,
[13.510s]       |                              [01;35m[K~~~~~~~~~~^~~[m[K
[13.510s] In file included from [01m[K/home/aayush/newest_frenet_planner/src/frenet_planner_ported/src/frenet_ros_obst.cpp:2[m[K:
[13.510s] [01m[K/home/aayush/newest_frenet_planner/src/frenet_planner_ported/src/frenet_ros_obst.cpp:[m[K In function ‘[01m[Kint initial_conditions_new(Spline2D&, vecD&, vecD&, vecD&, vecD&, vecD&, double&, double&, double&, double&, double&, double&, FrenetPath&)[m[K’:
[13.511s] [01m[K/home/aayush/newest_frenet_planner/src/frenet_planner_ported/src/../include/frenet_optimal_trajectory.hpp:80:20:[m[K [01;35m[Kwarning: [m[Kstatement has no effect [[01;35m[K-Wunused-value[m[K]
[13.511s]    80 | #define trace(...) [01;35m[K42[m[K
[13.517s]       |                    [01;35m[K^~[m[K
[13.518s] [01m[K/home/aayush/newest_frenet_planner/src/frenet_planner_ported/src/../include/frenet_optimal_trajectory.hpp:80:20:[m[K [01;36m[Knote: [m[Kin definition of macro ‘[01m[Ktrace[m[K’
[13.518s]    80 | #define trace(...) [01;36m[K42[m[K
[13.518s]       |                    [01;36m[K^~[m[K
[13.518s] [01m[K/home/aayush/newest_frenet_planner/src/frenet_planner_ported/src/../include/frenet_optimal_trajectory.hpp:80:20:[m[K [01;35m[Kwarning: [m[Kstatement has no effect [[01;35m[K-Wunused-value[m[K]
[13.518s]    80 | #define trace(...) [01;35m[K42[m[K
[13.519s]       |                    [01;35m[K^~[m[K
[13.519s] [01m[K/home/aayush/newest_frenet_planner/src/frenet_planner_ported/src/../include/frenet_optimal_trajectory.hpp:80:20:[m[K [01;36m[Knote: [m[Kin definition of macro ‘[01m[Ktrace[m[K’
[13.519s]    80 | #define trace(...) [01;36m[K42[m[K
[13.520s]       |                    [01;36m[K^~[m[K
[13.520s] [01m[K/home/aayush/newest_frenet_planner/src/frenet_planner_ported/src/frenet_ros_obst.cpp:72:38:[m[K [01;35m[Kwarning: [m[Kunused parameter ‘[01m[Kcsp[m[K’ [[01;35m[K-Wunused-parameter[m[K]
[13.520s]    72 | int initial_conditions_new([01;35m[KSpline2D &csp[m[K, vecD &global_s, vecD &global_x, vecD &global_y,
[13.520s]       |                            [01;35m[K~~~~~~~~~~^~~[m[K
[13.521s] [01m[K/home/aayush/newest_frenet_planner/src/frenet_planner_ported/src/frenet_planner.cpp:[m[K In member function ‘[01m[Kvoid FrenetPath::calc_lon_paths_quintic_poly(double, double, double, double, double)[m[K’:
[13.521s] [01m[K/home/aayush/newest_frenet_planner/src/frenet_planner_ported/src/frenet_planner.cpp:69:91:[m[K [01;35m[Kwarning: [m[Kunused parameter ‘[01m[Kts[m[K’ [[01;35m[K-Wunused-parameter[m[K]
[13.521s]    69 | void FrenetPath::calc_lon_paths_quintic_poly(double c_speed, double s0, double Ti, [01;35m[Kdouble ts[m[K,
[13.522s]       |                                                                                    [01;35m[K~~~~~~~^~[m[K
[13.522s] [01m[K/home/aayush/newest_frenet_planner/src/frenet_planner_ported/src/frenet_planner.cpp:[m[K In function ‘[01m[Kstd::vector<FrenetPath> calc_frenet_paths(double, double, double, double, double, FrenetPath)[m[K’:
[13.522s] [01m[K/home/aayush/newest_frenet_planner/src/frenet_planner_ported/src/frenet_planner.cpp:134:49:[m[K [01;31m[Kerror: [m[Kuse of deleted function ‘[01m[KFrenetPath::FrenetPath(const FrenetPath&)[m[K’
[13.522s]   134 |  get_limits_d(lp, &lower_limit_d, &upper_limit_d[01;31m[K)[m[K; // IF not required to sample around previous sampled d(th) then comment this line.
[13.523s]       |                                                 [01;31m[K^[m[K
[13.523s] In file included from [01m[K/home/aayush/newest_frenet_planner/src/frenet_planner_ported/src/frenet_planner.cpp:10[m[K:
[13.536s] [01m[K/home/aayush/newest_frenet_planner/src/frenet_planner_ported/src/../include/frenet_optimal_trajectory.hpp:9:7:[m[K [01;36m[Knote: [m[K‘[01m[KFrenetPath::FrenetPath(const FrenetPath&)[m[K’ is implicitly deleted because the default definition would be ill-formed:
[13.536s]     9 | class [01;36m[KFrenetPath[m[K: public FrenetClass{
[13.537s]       |       [01;36m[K^~~~~~~~~~[m[K
[13.537s] [01m[K/home/aayush/newest_frenet_planner/src/frenet_planner_ported/src/../include/frenet_optimal_trajectory.hpp:9:7:[m[K [01;31m[Kerror: [m[Kuse of deleted function ‘[01m[KFrenetClass::FrenetClass(const FrenetClass&)[m[K’
[13.538s] In file included from [01m[K/home/aayush/newest_frenet_planner/src/frenet_planner_ported/src/../include/frenet_optimal_trajectory.hpp:6[m[K,
[13.538s]                  from [01m[K/home/aayush/newest_frenet_planner/src/frenet_planner_ported/src/frenet_planner.cpp:10[m[K:
[13.538s] [01m[K/home/aayush/newest_frenet_planner/src/frenet_planner_ported/src/../include/../include/frenet_class.hpp:55:7:[m[K [01;36m[Knote: [m[K‘[01m[KFrenetClass::FrenetClass(const FrenetClass&)[m[K’ is implicitly deleted because the default definition would be ill-formed:
[13.538s]    55 | class [01;36m[KFrenetClass[m[K : public rclcpp::Node {
[13.538s]       |       [01;36m[K^~~~~~~~~~~[m[K
[13.539s] [01m[K/home/aayush/newest_frenet_planner/src/frenet_planner_ported/src/../include/../include/frenet_class.hpp:55:7:[m[K [01;31m[Kerror: [m[Kuse of deleted function ‘[01m[Krclcpp::Node::Node(const rclcpp::Node&)[m[K’
[13.539s] In file included from [01m[K/home/aayush/newest_frenet_planner/src/frenet_planner_ported/src/frenet_ros_obst.cpp:2[m[K:
[13.539s] [01m[K/home/aayush/newest_frenet_planner/src/frenet_planner_ported/src/frenet_ros_obst.cpp:[m[K In function ‘[01m[Kint main(int, char**)[m[K’:
[13.539s] [01m[K/home/aayush/newest_frenet_planner/src/frenet_planner_ported/src/../include/frenet_optimal_trajectory.hpp:80:20:[m[K [01;35m[Kwarning: [m[Kstatement has no effect [[01;35m[K-Wunused-value[m[K]
[13.540s]    80 | #define trace(...) [01;35m[K42[m[K
[13.540s]       |                    [01;35m[K^~[m[K
[13.540s] [01m[K/home/aayush/newest_frenet_planner/src/frenet_planner_ported/src/../include/frenet_optimal_trajectory.hpp:80:20:[m[K [01;36m[Knote: [m[Kin definition of macro ‘[01m[Ktrace[m[K’
[13.540s]    80 | #define trace(...) [01;36m[K42[m[K
[13.540s]       |                    [01;36m[K^~[m[K
[13.541s] [01m[K/home/aayush/newest_frenet_planner/src/frenet_planner_ported/src/frenet_ros_obst.cpp:221:83:[m[K [01;31m[Kerror: [m[Kuse of deleted function ‘[01m[KFrenetPath::FrenetPath(const FrenetPath&)[m[K’
[13.541s]   221 | l_planning(csp, s0, c_speed, c_d, c_d_d, c_d_dd, lp, bot_yaw[01;31m[K)[m[K;
[13.541s]       |                                                             [01;31m[K^[m[K
[13.541s] 
[13.541s] In file included from [01m[K/home/aayush/newest_frenet_planner/src/frenet_planner_ported/src/frenet_ros_obst.cpp:2[m[K:
[13.542s] [01m[K/home/aayush/newest_frenet_planner/src/frenet_planner_ported/src/../include/frenet_optimal_trajectory.hpp:9:7:[m[K [01;36m[Knote: [m[K‘[01m[KFrenetPath::FrenetPath(const FrenetPath&)[m[K’ is implicitly deleted because the default definition would be ill-formed:
[13.542s]     9 | class [01;36m[KFrenetPath[m[K: public FrenetClass{
[13.542s]       |       [01;36m[K^~~~~~~~~~[m[K
[13.542s] [01m[K/home/aayush/newest_frenet_planner/src/frenet_planner_ported/src/../include/frenet_optimal_trajectory.hpp:9:7:[m[K [01;31m[Kerror: [m[Kuse of deleted function ‘[01m[KFrenetClass::FrenetClass(const FrenetClass&)[m[K’
[13.542s] In file included from [01m[K/home/aayush/newest_frenet_planner/src/frenet_planner_ported/src/../include/frenet_optimal_trajectory.hpp:6[m[K,
[13.543s]                  from [01m[K/home/aayush/newest_frenet_planner/src/frenet_planner_ported/src/frenet_ros_obst.cpp:2[m[K:
[13.543s] [01m[K/home/aayush/newest_frenet_planner/src/frenet_planner_ported/src/../include/../include/frenet_class.hpp:55:7:[m[K [01;36m[Knote: [m[K‘[01m[KFrenetClass::FrenetClass(const FrenetClass&)[m[K’ is implicitly deleted because the default definition would be ill-formed:
[13.543s]    55 | class [01;36m[KFrenetClass[m[K : public rclcpp::Node {
[13.544s]       |       [01;36m[K^~~~~~~~~~~[m[K
[13.544s] [01m[K/home/aayush/newest_frenet_planner/src/frenet_planner_ported/src/../include/../include/frenet_class.hpp:55:7:[m[K [01;31m[Kerror: [m[Kuse of deleted function ‘[01m[Krclcpp::Node::Node(const rclcpp::Node&)[m[K’
[13.544s] In file included from [01m[K/opt/ros/foxy/include/rclcpp/context.hpp:33[m[K,
[13.544s]                  from [01m[K/opt/ros/foxy/include/rclcpp/contexts/default_context.hpp:18[m[K,
[13.545s]                  from [01m[K/opt/ros/foxy/include/rclcpp/executor.hpp:32[m[K,
[13.545s]                  from [01m[K/opt/ros/foxy/include/rclcpp/executors/multi_threaded_executor.hpp:25[m[K,
[13.545s]                  from [01m[K/opt/ros/foxy/include/rclcpp/executors.hpp:21[m[K,
[13.552s]                  from [01m[K/opt/ros/foxy/include/rclcpp/rclcpp.hpp:146[m[K,
[13.552s]                  from [01m[K/opt/ros/foxy/include/tf2_ros/buffer_interface.h:35[m[K,
[13.553s]                  from [01m[K/opt/ros/foxy/include/tf2_geometry_msgs/tf2_geometry_msgs.h:38[m[K,
[13.553s]                  from [01m[K/home/aayush/newest_frenet_planner/src/frenet_planner_ported/src/frenet_planner.cpp:2[m[K:
[13.560s] [01m[K/opt/ros/foxy/include/rclcpp/node.hpp:1195:3:[m[K [01;36m[Knote: [m[Kdeclared here
[13.560s]  1195 |   [01;36m[KRCLCPP_DISABLE_COPY[m[K(Node)
[13.560s]       |   [01;36m[K^~~~~~~~~~~~~~~~~~~[m[K
[13.561s] In file included from [01m[K/opt/ros/foxy/include/rclcpp/context.hpp:33[m[K,
[13.561s]                  from [01m[K/opt/ros/foxy/include/rclcpp/contexts/default_context.hpp:18[m[K,
[13.561s]                  from [01m[K/opt/ros/foxy/include/rclcpp/executor.hpp:32[m[K,
[13.561s]                  from [01m[K/opt/ros/foxy/include/rclcpp/executors/multi_threaded_executor.hpp:25[m[K,
[13.562s]                  from [01m[K/opt/ros/foxy/include/rclcpp/executors.hpp:21[m[K,
[13.562s]                  from [01m[K/opt/ros/foxy/include/rclcpp/rclcpp.hpp:146[m[K,
[13.562s]                  from [01m[K/home/aayush/newest_frenet_planner/src/frenet_planner_ported/src/../include/../include/frenet_class.hpp:4[m[K,
[13.563s]                  from [01m[K/home/aayush/newest_frenet_planner/src/frenet_planner_ported/src/../include/frenet_optimal_trajectory.hpp:6[m[K,
[13.563s]                  from [01m[K/home/aayush/newest_frenet_planner/src/frenet_planner_ported/src/frenet_ros_obst.cpp:2[m[K:
[13.563s] [01m[K/opt/ros/foxy/include/rclcpp/node.hpp:1195:3:[m[K [01;36m[Knote: [m[Kdeclared here
[13.564s]  1195 |   [01;36m[KRCLCPP_DISABLE_COPY[m[K(Node)
[13.564s]       |   [01;36m[K^~~~~~~~~~~~~~~~~~~[m[K
[13.564s] [01m[K/home/aayush/newest_frenet_planner/src/frenet_planner_ported/src/frenet_planner.cpp:115:30:[m[K [01;36m[Knote: [m[K  initializing argument 1 of ‘[01m[Kvoid get_limits_d(FrenetPath, double*, double*)[m[K’
[13.564s]   115 | void get_limits_d([01;36m[KFrenetPath lp[m[K, double *lower_limit_d, double *upper_limit_d)
[13.565s]       |                   [01;36m[K~~~~~~~~~~~^~[m[K
[13.565s] In file included from [01m[K/home/aayush/newest_frenet_planner/src/frenet_planner_ported/src/frenet_ros_obst.cpp:2[m[K:
[13.565s] [01m[K/home/aayush/newest_frenet_planner/src/frenet_planner_ported/src/../include/frenet_optimal_trajectory.hpp:68:86:[m[K [01;36m[Knote: [m[K  initializing argument 7 of ‘[01m[KFrenetPath frenet_optimal_planning(Spline2D, double, double, double, double, double, FrenetPath, double)[m[K’
[13.566s]    68 | optimal_planning(Spline2D, double, double, double, double, double, [01;36m[KFrenetPath[m[K,
[13.566s]       |                                                                    [01;36m[K^~~~~~~~~~[m[K
[13.566s] 
[13.566s] [01m[K/home/aayush/newest_frenet_planner/src/frenet_planner_ported/src/frenet_planner.cpp:150:11:[m[K [01;31m[Kerror: [m[Kuse of deleted function ‘[01m[KFrenetPath& FrenetPath::operator=(const FrenetPath&)[m[K’
[13.567s]   150 |     tfp = [01;31m[Kfp[m[K;
[13.575s]       |           [01;31m[K^~[m[K
[13.576s] In file included from [01m[K/home/aayush/newest_frenet_planner/src/frenet_planner_ported/src/frenet_planner.cpp:10[m[K:
[13.576s] [01m[K/home/aayush/newest_frenet_planner/src/frenet_planner_ported/src/../include/frenet_optimal_trajectory.hpp:9:7:[m[K [01;36m[Knote: [m[K‘[01m[KFrenetPath& FrenetPath::operator=(const FrenetPath&)[m[K’ is implicitly deleted because the default definition would be ill-formed:
[13.576s]     9 | class [01;36m[KFrenetPath[m[K: public FrenetClass{
[13.577s]       |       [01;36m[K^~~~~~~~~~[m[K
[13.577s] [01m[K/home/aayush/newest_frenet_planner/src/frenet_planner_ported/src/../include/frenet_optimal_trajectory.hpp:9:7:[m[K [01;31m[Kerror: [m[Kuse of deleted function ‘[01m[KFrenetClass& FrenetClass::operator=(const FrenetClass&)[m[K’
[13.577s] In file included from [01m[K/home/aayush/newest_frenet_planner/src/frenet_planner_ported/src/../include/frenet_optimal_trajectory.hpp:6[m[K,
[13.578s]                  from [01m[K/home/aayush/newest_frenet_planner/src/frenet_planner_ported/src/frenet_planner.cpp:10[m[K:
[13.578s] [01m[K/home/aayush/newest_frenet_planner/src/frenet_planner_ported/src/../include/../include/frenet_class.hpp:55:7:[m[K [01;36m[Knote: [m[K‘[01m[KFrenetClass& FrenetClass::operator=(const FrenetClass&)[m[K’ is implicitly deleted because the default definition would be ill-formed:
[13.578s]    55 | class [01;36m[KFrenetClass[m[K : public rclcpp::Node {
[13.578s]       |       [01;36m[K^~~~~~~~~~~[m[K
[13.579s] [01m[K/home/aayush/newest_frenet_planner/src/frenet_planner_ported/src/../include/../include/frenet_class.hpp:55:7:[m[K [01;31m[Kerror: [m[Kuse of deleted function ‘[01m[Krclcpp::Node& rclcpp::Node::operator=(const rclcpp::Node&)[m[K’
[13.579s] In file included from [01m[K/opt/ros/foxy/include/rclcpp/context.hpp:33[m[K,
[13.579s]                  from [01m[K/opt/ros/foxy/include/rclcpp/contexts/default_context.hpp:18[m[K,
[13.580s]                  from [01m[K/opt/ros/foxy/include/rclcpp/executor.hpp:32[m[K,
[13.580s]                  from [01m[K/opt/ros/foxy/include/rclcpp/executors/multi_threaded_executor.hpp:25[m[K,
[13.580s]                  from [01m[K/opt/ros/foxy/include/rclcpp/executors.hpp:21[m[K,
[13.581s]                  from [01m[K/opt/ros/foxy/include/rclcpp/rclcpp.hpp:146[m[K,
[13.581s]                  from [01m[K/opt/ros/foxy/include/tf2_ros/buffer_interface.h:35[m[K,
[13.581s]                  from [01m[K/opt/ros/foxy/include/tf2_geometry_msgs/tf2_geometry_msgs.h:38[m[K,
[13.581s]                  from [01m[K/home/aayush/newest_frenet_planner/src/frenet_planner_ported/src/frenet_planner.cpp:2[m[K:
[13.582s] [01m[K/opt/ros/foxy/include/rclcpp/node.hpp:1195:3:[m[K [01;36m[Knote: [m[Kdeclared here
[13.582s]  1195 |   [01;36m[KRCLCPP_DISABLE_COPY[m[K(Node)
[13.582s]       |   [01;36m[K^~~~~~~~~~~~~~~~~~~[m[K
[13.583s] [01m[K/home/aayush/newest_frenet_planner/src/frenet_planner_ported/src/frenet_planner.cpp:184:13:[m[K [01;31m[Kerror: [m[Kuse of deleted function ‘[01m[KFrenetPath& FrenetPath::operator=(const FrenetPath&)[m[K’
[13.583s]   184 |       tfp = [01;31m[Kfp[m[K;
[13.590s]       |             [01;31m[K^~[m[K
[13.591s] [01m[K/home/aayush/newest_frenet_planner/src/frenet_planner_ported/src/frenet_ros_obst.cpp:242:8:[m[K [01;31m[Kerror: [m[Kuse of deleted function ‘[01m[KFrenetPath& FrenetPath::operator=(const FrenetPath&)[m[K’
[13.591s]   242 |   lp = [01;31m[Kpath[m[K;
[13.591s]       |        [01;31m[K^~~~[m[K
[13.592s] In file included from [01m[K/home/aayush/newest_frenet_planner/src/frenet_planner_ported/src/frenet_ros_obst.cpp:2[m[K:
[13.592s] [01m[K/home/aayush/newest_frenet_planner/src/frenet_planner_ported/src/../include/frenet_optimal_trajectory.hpp:9:7:[m[K [01;36m[Knote: [m[K‘[01m[KFrenetPath& FrenetPath::operator=(const FrenetPath&)[m[K’ is implicitly deleted because the default definition would be ill-formed:
[13.592s]     9 | class [01;36m[KFrenetPath[m[K: public FrenetClass{
[13.592s]       |       [01;36m[K^~~~~~~~~~[m[K
[13.593s] [01m[K/home/aayush/newest_frenet_planner/src/frenet_planner_ported/src/../include/frenet_optimal_trajectory.hpp:9:7:[m[K [01;31m[Kerror: [m[Kuse of deleted function ‘[01m[KFrenetClass& FrenetClass::operator=(const FrenetClass&)[m[K’
[13.593s] In file included from [01m[K/home/aayush/newest_frenet_planner/src/frenet_planner_ported/src/../include/frenet_optimal_trajectory.hpp:6[m[K,
[13.594s]                  from [01m[K/home/aayush/newest_frenet_planner/src/frenet_planner_ported/src/frenet_ros_obst.cpp:2[m[K:
[13.594s] [01m[K/home/aayush/newest_frenet_planner/src/frenet_planner_ported/src/../include/../include/frenet_class.hpp:55:7:[m[K [01;36m[Knote: [m[K‘[01m[KFrenetClass& FrenetClass::operator=(const FrenetClass&)[m[K’ is implicitly deleted because the default definition would be ill-formed:
[13.594s]    55 | class [01;36m[KFrenetClass[m[K : public rclcpp::Node {
[13.595s]       |       [01;36m[K^~~~~~~~~~~[m[K
[13.595s] [01m[K/home/aayush/newest_frenet_planner/src/frenet_planner_ported/src/../include/../include/frenet_class.hpp:55:7:[m[K [01;31m[Kerror: [m[Kuse of deleted function ‘[01m[Krclcpp::Node& rclcpp::Node::operator=(const rclcpp::Node&)[m[K’
[13.596s] In file included from [01m[K/opt/ros/foxy/include/rclcpp/context.hpp:33[m[K,
[13.596s]                  from [01m[K/opt/ros/foxy/include/rclcpp/contexts/default_context.hpp:18[m[K,
[13.596s]                  from [01m[K/opt/ros/foxy/include/rclcpp/executor.hpp:32[m[K,
[13.596s]                  from [01m[K/opt/ros/foxy/include/rclcpp/executors/multi_threaded_executor.hpp:25[m[K,
[13.597s]                  from [01m[K/opt/ros/foxy/include/rclcpp/executors.hpp:21[m[K,
[13.597s]                  from [01m[K/opt/ros/foxy/include/rclcpp/rclcpp.hpp:146[m[K,
[13.597s]                  from [01m[K/home/aayush/newest_frenet_planner/src/frenet_planner_ported/src/../include/../include/frenet_class.hpp:4[m[K,
[13.597s]                  from [01m[K/home/aayush/newest_frenet_planner/src/frenet_planner_ported/src/../include/frenet_optimal_trajectory.hpp:6[m[K,
[13.597s]                  from [01m[K/home/aayush/newest_frenet_planner/src/frenet_planner_ported/src/frenet_ros_obst.cpp:2[m[K:
[13.598s] [01m[K/opt/ros/foxy/include/rclcpp/node.hpp:1195:3:[m[K [01;36m[Knote: [m[Kdeclared here
[13.598s]  1195 |   [01;36m[KRCLCPP_DISABLE_COPY[m[K(Node)
[13.598s]       |   [01;36m[K^~~~~~~~~~~~~~~~~~~[m[K
[13.615s] [01m[K/home/aayush/newest_frenet_planner/src/frenet_planner_ported/src/frenet_planner.cpp:[m[K In member function ‘[01m[Kvoid FrenetPath::adding_global_path(Spline2D)[m[K’:
[13.616s] [01m[K/home/aayush/newest_frenet_planner/src/frenet_planner_ported/src/frenet_planner.cpp:198:9:[m[K [01;35m[Kwarning: [m[Kunused variable ‘[01m[KstartTime1[m[K’ [[01;35m[K-Wunused-variable[m[K]
[13.617s]   198 |  double [01;35m[KstartTime1[m[K = omp_get_wtime();
[13.617s]       |         [01;35m[K^~~~~~~~~~[m[K
[13.617s] [01m[K/home/aayush/newest_frenet_planner/src/frenet_planner_ported/src/frenet_planner.cpp:249:9:[m[K [01;35m[Kwarning: [m[Kunused variable ‘[01m[KendTime1[m[K’ [[01;35m[K-Wunused-variable[m[K]
[13.618s]   249 |  double [01;35m[KendTime1[m[K = omp_get_wtime();
[13.618s]       |         [01;35m[K^~~~~~~~[m[K
[13.618s] [01m[K/home/aayush/newest_frenet_planner/src/frenet_planner_ported/src/frenet_planner.cpp:[m[K In function ‘[01m[Kstd::vector<FrenetPath> check_path(std::vector<FrenetPath>&, double, double, double)[m[K’:
[13.619s] [01m[K/home/aayush/newest_frenet_planner/src/frenet_planner_ported/src/frenet_planner.cpp:390:27:[m[K [01;31m[Kerror: [m[Kuse of deleted function ‘[01m[KFrenetPath::FrenetPath(const FrenetPath&)[m[K’
[13.619s]   390 |   FrenetPath fp = fplist[i[01;31m[K][m[K;
[13.619s]       |                           [01;31m[K^[m[K
[13.627s] In file included from [01m[K/home/aayush/newest_frenet_planner/src/frenet_planner_ported/src/frenet_planner.cpp:10[m[K:
[13.627s] [01m[K/home/aayush/newest_frenet_planner/src/frenet_planner_ported/src/frenet_planner.cpp:[m[K In function ‘[01m[KFrenetPath frenet_optimal_planning(Spline2D, double, double, double, double, double, FrenetPath, double)[m[K’:
[13.627s] [01m[K/home/aayush/newest_frenet_planner/src/frenet_planner_ported/src/../include/frenet_optimal_trajectory.hpp:80:20:[m[K [01;31m[Kerror: [m[Kexpected initializer before numeric constant
[13.628s]    80 | #define trace(...) [01;31m[K42[m[K
[13.628s]       |                    [01;31m[K^~[m[K
[13.628s] [01m[K/home/aayush/newest_frenet_planner/src/frenet_planner_ported/src/../include/frenet_optimal_trajectory.hpp:80:20:[m[K [01;36m[Knote: [m[Kin definition of macro ‘[01m[Ktrace[m[K’
[13.632s]    80 | #define trace(...) [01;36m[K42[m[K
[13.633s]       |                    [01;36m[K^~[m[K
[13.642s] [01m[K/home/aayush/newest_frenet_planner/src/frenet_planner_ported/src/frenet_planner.cpp:449:83:[m[K [01;31m[Kerror: [m[Kuse of deleted function ‘[01m[KFrenetPath::FrenetPath(const FrenetPath&)[m[K’
[13.642s]   449 |  vector<FrenetPath> fplist = calc_frenet_paths(c_speed, c_d, c_d_d, c_d_dd, s0, lp[01;31m[K)[m[K;
[13.642s]       |                                                                                   [01;31m[K^[m[K
[13.643s] [01m[K/home/aayush/newest_frenet_planner/src/frenet_planner_ported/src/frenet_planner.cpp:127:33:[m[K [01;36m[Knote: [m[K  initializing argument 6 of ‘[01m[Kstd::vector<FrenetPath> calc_frenet_paths(double, double, double, double, double, FrenetPath)[m[K’
[13.643s]   127 |           double s0, [01;36m[KFrenetPath lp[m[K)
[13.644s]       |                      [01;36m[K~~~~~~~~~~~^~[m[K
[13.644s] In file included from [01m[K/opt/ros/foxy/include/rclcpp/service.hpp:34[m[K,
[13.649s]                  from [01m[K/opt/ros/foxy/include/rclcpp/callback_group.hpp:25[m[K,
[13.649s]                  from [01m[K/opt/ros/foxy/include/rclcpp/any_executable.hpp:20[m[K,
[13.649s]                  from [01m[K/opt/ros/foxy/include/rclcpp/memory_strategy.hpp:24[m[K,
[13.649s]                  from [01m[K/opt/ros/foxy/include/rclcpp/memory_strategies.hpp:18[m[K,
[13.651s]                  from [01m[K/opt/ros/foxy/include/rclcpp/executor_options.hpp:20[m[K,
[13.651s]                  from [01m[K/opt/ros/foxy/include/rclcpp/executor.hpp:33[m[K,
[13.651s]                  from [01m[K/opt/ros/foxy/include/rclcpp/executors/multi_threaded_executor.hpp:25[m[K,
[13.652s]                  from [01m[K/opt/ros/foxy/include/rclcpp/executors.hpp:21[m[K,
[13.659s]                  from [01m[K/opt/ros/foxy/include/rclcpp/rclcpp.hpp:146[m[K,
[13.659s]                  from [01m[K/opt/ros/foxy/include/tf2_ros/buffer_interface.h:35[m[K,
[13.660s]                  from [01m[K/opt/ros/foxy/include/tf2_geometry_msgs/tf2_geometry_msgs.h:38[m[K,
[13.660s]                  from [01m[K/home/aayush/newest_frenet_planner/src/frenet_planner_ported/src/frenet_planner.cpp:2[m[K:
[13.660s] [01m[K/home/aayush/newest_frenet_planner/src/frenet_planner_ported/src/frenet_planner.cpp:455:39:[m[K [01;31m[Kerror: [m[Kcannot call member function ‘[01m[Krclcpp::Logger rclcpp::Node::get_logger() const[m[K’ without object
[13.663s]   455 |  RCLCPP_INFO(rclcpp::Node::get_logger([01;31m[K)[m[K, calc_frenet_paths_function_str);
[13.663s]       |                                       [01;31m[K^[m[K
[13.664s] [01m[K/home/aayush/newest_frenet_planner/src/frenet_planner_ported/src/frenet_planner.cpp:455:39:[m[K [01;31m[Kerror: [m[Kcannot call member function ‘[01m[Krclcpp::Logger rclcpp::Node::get_logger() const[m[K’ without object
[13.664s] [01m[K/home/aayush/newest_frenet_planner/src/frenet_planner_ported/src/frenet_planner.cpp:455:2:[m[K [01;31m[Kerror: [m[Ktemplate argument 1 is invalid
[13.664s]   455 |  [01;31m[KRCLCPP_INFO[m[K(rclcpp::Node::get_logger(), calc_frenet_paths_function_str);
[13.664s]       |  [01;31m[K^~~~~~~~~~~[m[K
[13.665s] [01m[K/home/aayush/newest_frenet_planner/src/frenet_planner_ported/src/frenet_planner.cpp:455:2:[m[K [01;31m[Kerror: [m[Ktemplate argument 1 is invalid
[13.665s]   455 |  [01;31m[KRCLCPP_INFO[m[K(rclcpp::Node::get_logger(), calc_frenet_paths_function_str);
[13.665s]       |  [01;31m[K^~~~~~~~~~~[m[K
[13.672s] [01m[K/home/aayush/newest_frenet_planner/src/frenet_planner_ported/src/frenet_planner.cpp:455:2:[m[K [01;31m[Kerror: [m[Ktemplate argument 1 is invalid
[13.673s]   455 |  [01;31m[KRCLCPP_INFO[m[K(rclcpp::Node::get_logger(), calc_frenet_paths_function_str);
[13.673s]       |  [01;31m[K^~~~~~~~~~~[m[K
[13.673s] In file included from [01m[K/opt/ros/foxy/include/rclcpp/client.hpp:40[m[K,
[13.680s]                  from [01m[K/opt/ros/foxy/include/rclcpp/callback_group.hpp:23[m[K,
[13.680s]                  from [01m[K/opt/ros/foxy/include/rclcpp/any_executable.hpp:20[m[K,
[13.682s]                  from [01m[K/opt/ros/foxy/include/rclcpp/memory_strategy.hpp:24[m[K,
[13.682s]                  from [01m[K/opt/ros/foxy/include/rclcpp/memory_strategies.hpp:18[m[K,
[13.682s]                  from [01m[K/opt/ros/foxy/include/rclcpp/executor_options.hpp:20[m[K,
[13.682s]                  from [01m[K/opt/ros/foxy/include/rclcpp/executor.hpp:33[m[K,
[13.683s]                  from [01m[K/opt/ros/foxy/include/rclcpp/executors/multi_threaded_executor.hpp:25[m[K,
[13.683s]                  from [01m[K/opt/ros/foxy/include/rclcpp/executors.hpp:21[m[K,
[13.683s]                  from [01m[K/opt/ros/foxy/include/rclcpp/rclcpp.hpp:146[m[K,
[13.684s]                  from [01m[K/opt/ros/foxy/include/tf2_ros/buffer_interface.h:35[m[K,
[13.684s]                  from [01m[K/opt/ros/foxy/include/tf2_geometry_msgs/tf2_geometry_msgs.h:38[m[K,
[13.684s]                  from [01m[K/home/aayush/newest_frenet_planner/src/frenet_planner_ported/src/frenet_planner.cpp:2[m[K:
[13.684s] [01m[K/home/aayush/newest_frenet_planner/src/frenet_planner_ported/src/frenet_planner.cpp:455:39:[m[K [01;31m[Kerror: [m[Kcannot call member function ‘[01m[Krclcpp::Logger rclcpp::Node::get_logger() const[m[K’ without object
[13.685s]   455 |  RCLCPP_INFO(rclcpp::Node::get_logger([01;31m[K)[m[K, calc_frenet_paths_function_str);
[13.685s]       |                                       [01;31m[K^[m[K
[13.685s] [01m[K/home/aayush/newest_frenet_planner/src/frenet_planner_ported/src/frenet_planner.cpp:455:39:[m[K [01;31m[Kerror: [m[Kcannot call member function ‘[01m[Krclcpp::Logger rclcpp::Node::get_logger() const[m[K’ without object
[13.685s]   455 |  RCLCPP_INFO(rclcpp::Node::get_logger([01;31m[K)[m[K, calc_frenet_paths_function_str);
[13.685s]       |                                       [01;31m[K^[m[K
[13.686s] In file included from [01m[K/home/aayush/newest_frenet_planner/src/frenet_planner_ported/src/frenet_planner.cpp:10[m[K:
[13.686s] [01m[K/home/aayush/newest_frenet_planner/src/frenet_planner_ported/src/../include/frenet_optimal_trajectory.hpp:80:20:[m[K [01;35m[Kwarning: [m[Kstatement has no effect [[01;35m[K-Wunused-value[m[K]
[13.686s]    80 | #define trace(...) [01;35m[K42[m[K
[13.687s]       |                    [01;35m[K^~[m[K
[13.698s] [01m[K/home/aayush/newest_frenet_planner/src/frenet_planner_ported/src/../include/frenet_optimal_trajectory.hpp:80:20:[m[K [01;36m[Knote: [m[Kin definition of macro ‘[01m[Ktrace[m[K’
[13.699s]    80 | #define trace(...) [01;36m[K42[m[K
[13.699s]       |                    [01;36m[K^~[m[K
[13.699s] In file included from [01m[K/opt/ros/foxy/include/rclcpp/service.hpp:34[m[K,
[13.699s]                  from [01m[K/opt/ros/foxy/include/rclcpp/callback_group.hpp:25[m[K,
[13.700s]                  from [01m[K/opt/ros/foxy/include/rclcpp/any_executable.hpp:20[m[K,
[13.700s]                  from [01m[K/opt/ros/foxy/include/rclcpp/memory_strategy.hpp:24[m[K,
[13.700s]                  from [01m[K/opt/ros/foxy/include/rclcpp/memory_strategies.hpp:18[m[K,
[13.700s]                  from [01m[K/opt/ros/foxy/include/rclcpp/executor_options.hpp:20[m[K,
[13.700s]                  from [01m[K/opt/ros/foxy/include/rclcpp/executor.hpp:33[m[K,
[13.701s]                  from [01m[K/opt/ros/foxy/include/rclcpp/executors/multi_threaded_executor.hpp:25[m[K,
[13.704s]                  from [01m[K/opt/ros/foxy/include/rclcpp/executors.hpp:21[m[K,
[13.705s]                  from [01m[K/opt/ros/foxy/include/rclcpp/rclcpp.hpp:146[m[K,
[13.705s]                  from [01m[K/opt/ros/foxy/include/tf2_ros/buffer_interface.h:35[m[K,
[13.706s]                  from [01m[K/opt/ros/foxy/include/tf2_geometry_msgs/tf2_geometry_msgs.h:38[m[K,
[13.706s]                  from [01m[K/home/aayush/newest_frenet_planner/src/frenet_planner_ported/src/frenet_planner.cpp:2[m[K:
[13.706s] [01m[K/home/aayush/newest_frenet_planner/src/frenet_planner_ported/src/frenet_planner.cpp:465:39:[m[K [01;31m[Kerror: [m[Kcannot call member function ‘[01m[Krclcpp::Logger rclcpp::Node::get_logger() const[m[K’ without object
[13.706s]   465 |  RCLCPP_INFO(rclcpp::Node::get_logger([01;31m[K)[m[K, calc_global_paths_function_str);
[13.707s]       |                                       [01;31m[K^[m[K
[13.707s] [01m[K/home/aayush/newest_frenet_planner/src/frenet_planner_ported/src/frenet_planner.cpp:465:39:[m[K [01;31m[Kerror: [m[Kcannot call member function ‘[01m[Krclcpp::Logger rclcpp::Node::get_logger() const[m[K’ without object
[13.707s] [01m[K/home/aayush/newest_frenet_planner/src/frenet_planner_ported/src/frenet_planner.cpp:465:2:[m[K [01;31m[Kerror: [m[Ktemplate argument 1 is invalid
[13.708s]   465 |  [01;31m[KRCLCPP_INFO[m[K(rclcpp::Node::get_logger(), calc_global_paths_function_str);
[13.708s]       |  [01;31m[K^~~~~~~~~~~[m[K
[13.708s] [01m[K/home/aayush/newest_frenet_planner/src/frenet_planner_ported/src/frenet_planner.cpp:465:2:[m[K [01;31m[Kerror: [m[Ktemplate argument 1 is invalid
[13.708s]   465 |  [01;31m[KRCLCPP_INFO[m[K(rclcpp::Node::get_logger(), calc_global_paths_function_str);
[13.709s]       |  [01;31m[K^~~~~~~~~~~[m[K
[13.709s] [01m[K/home/aayush/newest_frenet_planner/src/frenet_planner_ported/src/frenet_planner.cpp:465:2:[m[K [01;31m[Kerror: [m[Ktemplate argument 1 is invalid
[13.709s]   465 |  [01;31m[KRCLCPP_INFO[m[K(rclcpp::Node::get_logger(), calc_global_paths_function_str);
[13.709s]       |  [01;31m[K^~~~~~~~~~~[m[K
[13.710s] In file included from [01m[K/opt/ros/foxy/include/rclcpp/client.hpp:40[m[K,
[13.710s]                  from [01m[K/opt/ros/foxy/include/rclcpp/callback_group.hpp:23[m[K,
[13.710s]                  from [01m[K/opt/ros/foxy/include/rclcpp/any_executable.hpp:20[m[K,
[13.710s]                  from [01m[K/opt/ros/foxy/include/rclcpp/memory_strategy.hpp:24[m[K,
[13.710s]                  from [01m[K/opt/ros/foxy/include/rclcpp/memory_strategies.hpp:18[m[K,
[13.711s]                  from [01m[K/opt/ros/foxy/include/rclcpp/executor_options.hpp:20[m[K,
[13.711s]                  from [01m[K/opt/ros/foxy/include/rclcpp/executor.hpp:33[m[K,
[13.711s]                  from [01m[K/opt/ros/foxy/include/rclcpp/executors/multi_threaded_executor.hpp:25[m[K,
[13.720s]                  from [01m[K/opt/ros/foxy/include/rclcpp/executors.hpp:21[m[K,
[13.722s]                  from [01m[K/opt/ros/foxy/include/rclcpp/rclcpp.hpp:146[m[K,
[13.722s]                  from [01m[K/opt/ros/foxy/include/tf2_ros/buffer_interface.h:35[m[K,
[13.723s]                  from [01m[K/opt/ros/foxy/include/tf2_geometry_msgs/tf2_geometry_msgs.h:38[m[K,
[13.723s]                  from [01m[K/home/aayush/newest_frenet_planner/src/frenet_planner_ported/src/frenet_planner.cpp:2[m[K:
[13.723s] [01m[K/home/aayush/newest_frenet_planner/src/frenet_planner_ported/src/frenet_planner.cpp:465:39:[m[K [01;31m[Kerror: [m[Kcannot call member function ‘[01m[Krclcpp::Logger rclcpp::Node::get_logger() const[m[K’ without object
[13.723s]   465 |  RCLCPP_INFO(rclcpp::Node::get_logger([01;31m[K)[m[K, calc_global_paths_function_str);
[13.724s]       |                                       [01;31m[K^[m[K
[13.724s] [01m[K/home/aayush/newest_frenet_planner/src/frenet_planner_ported/src/frenet_planner.cpp:465:39:[m[K [01;31m[Kerror: [m[Kcannot call member function ‘[01m[Krclcpp::Logger rclcpp::Node::get_logger() const[m[K’ without object
[13.724s]   465 |  RCLCPP_INFO(rclcpp::Node::get_logger([01;31m[K)[m[K, calc_global_paths_function_str);
[13.724s]       |                                       [01;31m[K^[m[K
[13.725s] In file included from [01m[K/home/aayush/newest_frenet_planner/src/frenet_planner_ported/src/frenet_planner.cpp:10[m[K:
[13.725s] [01m[K/home/aayush/newest_frenet_planner/src/frenet_planner_ported/src/../include/frenet_optimal_trajectory.hpp:80:20:[m[K [01;35m[Kwarning: [m[Kstatement has no effect [[01;35m[K-Wunused-value[m[K]
[13.725s]    80 | #define trace(...) [01;35m[K42[m[K
[13.725s]       |                    [01;35m[K^~[m[K
[13.726s] [01m[K/home/aayush/newest_frenet_planner/src/frenet_planner_ported/src/../include/frenet_optimal_trajectory.hpp:80:20:[m[K [01;36m[Knote: [m[Kin definition of macro ‘[01m[Ktrace[m[K’
[13.726s]    80 | #define trace(...) [01;36m[K42[m[K
[13.726s]       |                    [01;36m[K^~[m[K
[13.726s] In file included from [01m[K/opt/ros/foxy/include/rclcpp/service.hpp:34[m[K,
[13.726s]                  from [01m[K/opt/ros/foxy/include/rclcpp/callback_group.hpp:25[m[K,
[13.727s]                  from [01m[K/opt/ros/foxy/include/rclcpp/any_executable.hpp:20[m[K,
[13.727s]                  from [01m[K/opt/ros/foxy/include/rclcpp/memory_strategy.hpp:24[m[K,
[13.730s]                  from [01m[K/opt/ros/foxy/include/rclcpp/memory_strategies.hpp:18[m[K,
[13.731s]                  from [01m[K/opt/ros/foxy/include/rclcpp/executor_options.hpp:20[m[K,
[13.731s]                  from [01m[K/opt/ros/foxy/include/rclcpp/executor.hpp:33[m[K,
[13.731s]                  from [01m[K/opt/ros/foxy/include/rclcpp/executors/multi_threaded_executor.hpp:25[m[K,
[13.738s]                  from [01m[K/opt/ros/foxy/include/rclcpp/executors.hpp:21[m[K,
[13.738s]                  from [01m[K/opt/ros/foxy/include/rclcpp/rclcpp.hpp:146[m[K,
[13.739s]                  from [01m[K/opt/ros/foxy/include/tf2_ros/buffer_interface.h:35[m[K,
[13.744s]                  from [01m[K/opt/ros/foxy/include/tf2_geometry_msgs/tf2_geometry_msgs.h:38[m[K,
[13.745s]                  from [01m[K/home/aayush/newest_frenet_planner/src/frenet_planner_ported/src/frenet_planner.cpp:2[m[K:
[13.745s] [01m[K/home/aayush/newest_frenet_planner/src/frenet_planner_ported/src/frenet_planner.cpp:478:39:[m[K [01;31m[Kerror: [m[Kcannot call member function ‘[01m[Krclcpp::Logger rclcpp::Node::get_logger() const[m[K’ without object
[13.745s]   478 |  RCLCPP_INFO(rclcpp::Node::get_logger([01;31m[K)[m[K, calc_path_function_str);
[13.752s]       |                                       [01;31m[K^[m[K
[13.752s] [01m[K/home/aayush/newest_frenet_planner/src/frenet_planner_ported/src/frenet_planner.cpp:478:39:[m[K [01;31m[Kerror: [m[Kcannot call member function ‘[01m[Krclcpp::Logger rclcpp::Node::get_logger() const[m[K’ without object
[13.753s] [01m[K/home/aayush/newest_frenet_planner/src/frenet_planner_ported/src/frenet_planner.cpp:478:2:[m[K [01;31m[Kerror: [m[Ktemplate argument 1 is invalid
[13.753s]   478 |  [01;31m[KRCLCPP_INFO[m[K(rclcpp::Node::get_logger(), calc_path_function_str);
[13.753s]       |  [01;31m[K^~~~~~~~~~~[m[K
[13.757s] [01m[K/home/aayush/newest_frenet_planner/src/frenet_planner_ported/src/frenet_planner.cpp:478:2:[m[K [01;31m[Kerror: [m[Ktemplate argument 1 is invalid
[13.757s]   478 |  [01;31m[KRCLCPP_INFO[m[K(rclcpp::Node::get_logger(), calc_path_function_str);
[13.757s]       |  [01;31m[K^~~~~~~~~~~[m[K
[13.758s] [01m[K/home/aayush/newest_frenet_planner/src/frenet_planner_ported/src/frenet_planner.cpp:478:2:[m[K [01;31m[Kerror: [m[Ktemplate argument 1 is invalid
[13.758s]   478 |  [01;31m[KRCLCPP_INFO[m[K(rclcpp::Node::get_logger(), calc_path_function_str);
[13.758s]       |  [01;31m[K^~~~~~~~~~~[m[K
[13.758s] In file included from [01m[K/opt/ros/foxy/include/rclcpp/client.hpp:40[m[K,
[13.759s]                  from [01m[K/opt/ros/foxy/include/rclcpp/callback_group.hpp:23[m[K,
[13.768s]                  from [01m[K/opt/ros/foxy/include/rclcpp/any_executable.hpp:20[m[K,
[13.768s]                  from [01m[K/opt/ros/foxy/include/rclcpp/memory_strategy.hpp:24[m[K,
[13.771s]                  from [01m[K/opt/ros/foxy/include/rclcpp/memory_strategies.hpp:18[m[K,
[13.772s]                  from [01m[K/opt/ros/foxy/include/rclcpp/executor_options.hpp:20[m[K,
[13.774s]                  from [01m[K/opt/ros/foxy/include/rclcpp/executor.hpp:33[m[K,
[13.774s]                  from [01m[K/opt/ros/foxy/include/rclcpp/executors/multi_threaded_executor.hpp:25[m[K,
[13.774s]                  from [01m[K/opt/ros/foxy/include/rclcpp/executors.hpp:21[m[K,
[13.775s]                  from [01m[K/opt/ros/foxy/include/rclcpp/rclcpp.hpp:146[m[K,
[13.775s]                  from [01m[K/opt/ros/foxy/include/tf2_ros/buffer_interface.h:35[m[K,
[13.775s]                  from [01m[K/opt/ros/foxy/include/tf2_geometry_msgs/tf2_geometry_msgs.h:38[m[K,
[13.785s]                  from [01m[K/home/aayush/newest_frenet_planner/src/frenet_planner_ported/src/frenet_planner.cpp:2[m[K:
[13.785s] [01m[K/home/aayush/newest_frenet_planner/src/frenet_planner_ported/src/frenet_planner.cpp:478:39:[m[K [01;31m[Kerror: [m[Kcannot call member function ‘[01m[Krclcpp::Logger rclcpp::Node::get_logger() const[m[K’ without object
[13.786s]   478 |  RCLCPP_INFO(rclcpp::Node::get_logger([01;31m[K)[m[K, calc_path_function_str);
[13.786s]       |                                       [01;31m[K^[m[K
[13.792s] [01m[K/home/aayush/newest_frenet_planner/src/frenet_planner_ported/src/frenet_planner.cpp:478:39:[m[K [01;31m[Kerror: [m[Kcannot call member function ‘[01m[Krclcpp::Logger rclcpp::Node::get_logger() const[m[K’ without object
[13.793s]   478 |  RCLCPP_INFO(rclcpp::Node::get_logger([01;31m[K)[m[K, calc_path_function_str);
[13.793s]       |                                       [01;31m[K^[m[K
[13.793s] In file included from [01m[K/home/aayush/newest_frenet_planner/src/frenet_planner_ported/src/frenet_planner.cpp:10[m[K:
[13.799s] [01m[K/home/aayush/newest_frenet_planner/src/frenet_planner_ported/src/../include/frenet_optimal_trajectory.hpp:80:20:[m[K [01;35m[Kwarning: [m[Kstatement has no effect [[01;35m[K-Wunused-value[m[K]
[13.799s]    80 | #define trace(...) [01;35m[K42[m[K
[13.800s]       |                    [01;35m[K^~[m[K
[13.800s] [01m[K/home/aayush/newest_frenet_planner/src/frenet_planner_ported/src/../include/frenet_optimal_trajectory.hpp:80:20:[m[K [01;36m[Knote: [m[Kin definition of macro ‘[01m[Ktrace[m[K’
[13.801s]    80 | #define trace(...) [01;36m[K42[m[K
[13.801s]       |                    [01;36m[K^~[m[K
[13.802s] [01m[K/home/aayush/newest_frenet_planner/src/frenet_planner_ported/src/frenet_planner.cpp:495:15:[m[K [01;31m[Kerror: [m[Kuse of deleted function ‘[01m[KFrenetPath& FrenetPath::operator=(const FrenetPath&)[m[K’
[13.802s]   495 |    bestpath = [01;31m[Kfp[m[K;
[13.802s]       |               [01;31m[K^~[m[K
[13.807s] In file included from [01m[K/home/aayush/newest_frenet_planner/src/frenet_planner_ported/src/frenet_planner.cpp:10[m[K:
[13.808s] [01m[K/home/aayush/newest_frenet_planner/src/frenet_planner_ported/src/../include/frenet_optimal_trajectory.hpp:80:20:[m[K [01;35m[Kwarning: [m[Kstatement has no effect [[01;35m[K-Wunused-value[m[K]
[13.808s]    80 | #define trace(...) [01;35m[K42[m[K
[13.808s]       |                    [01;35m[K^~[m[K
[13.808s] [01m[K/home/aayush/newest_frenet_planner/src/frenet_planner_ported/src/../include/frenet_optimal_trajectory.hpp:80:20:[m[K [01;36m[Knote: [m[Kin definition of macro ‘[01m[Ktrace[m[K’
[13.808s]    80 | #define trace(...) [01;36m[K42[m[K
[13.809s]       |                    [01;36m[K^~[m[K
[13.809s] [01m[K/home/aayush/newest_frenet_planner/src/frenet_planner_ported/src/frenet_planner.cpp:512:9:[m[K [01;31m[Kerror: [m[Kuse of deleted function ‘[01m[KFrenetPath::FrenetPath(const FrenetPath&)[m[K’
[13.809s]   512 |  return [01;31m[Kbestpath[m[K;
[13.809s]       |         [01;31m[K^~~~~~~~[m[K
[13.810s] [01m[K/home/aayush/newest_frenet_planner/src/frenet_planner_ported/src/frenet_ros_obst.cpp:175:10:[m[K [01;35m[Kwarning: [m[Kunused variable ‘[01m[KstartTime1[m[K’ [[01;35m[K-Wunused-variable[m[K]
[13.810s]   175 |   double [01;35m[KstartTime1[m[K = omp_get_wtime();
[13.810s]       |          [01;35m[K^~~~~~~~~~[m[K
[13.810s] [01m[K/home/aayush/newest_frenet_planner/src/frenet_planner_ported/src/frenet_ros_obst.cpp:194:10:[m[K [01;35m[Kwarning: [m[Kunused variable ‘[01m[KendTime1[m[K’ [[01;35m[K-Wunused-variable[m[K]
[13.810s]   194 |   double [01;35m[KendTime1[m[K = omp_get_wtime();
[13.811s]       |          [01;35m[K^~~~~~~~[m[K
[13.811s] [01m[K/home/aayush/newest_frenet_planner/src/frenet_planner_ported/src/frenet_ros_obst.cpp:273:10:[m[K [01;35m[Kwarning: [m[Kunused variable ‘[01m[KstartTime3[m[K’ [[01;35m[K-Wunused-variable[m[K]
[13.811s]   273 |   double [01;35m[KstartTime3[m[K = omp_get_wtime();
[13.823s]       |          [01;35m[K^~~~~~~~~~[m[K
[13.825s] [01m[K/home/aayush/newest_frenet_planner/src/frenet_planner_ported/src/frenet_ros_obst.cpp:276:10:[m[K [01;35m[Kwarning: [m[Kunused variable ‘[01m[KendTime3[m[K’ [[01;35m[K-Wunused-variable[m[K]
[13.825s]   276 |   double [01;35m[KendTime3[m[K = omp_get_wtime();
[13.826s]       |          [01;35m[K^~~~~~~~[m[K
[13.826s] [01m[K/home/aayush/newest_frenet_planner/src/frenet_planner_ported/src/frenet_ros_obst.cpp:131:7:[m[K [01;35m[Kwarning: [m[Kunused variable ‘[01m[KgotOdom[m[K’ [[01;35m[K-Wunused-variable[m[K]
[13.826s]   131 |  bool [01;35m[KgotOdom[m[K = false;
[13.826s]       |       [01;35m[K^~~~~~~[m[K
[13.827s] [01m[K/home/aayush/newest_frenet_planner/src/frenet_planner_ported/src/frenet_ros_obst.cpp:165:9:[m[K [01;35m[Kwarning: [m[Kunused variable ‘[01m[Kpltbasetime[m[K’ [[01;35m[K-Wunused-variable[m[K]
[13.827s]   165 |  double [01;35m[Kpltbasetime[m[K = omp_get_wtime();
[13.827s]       |         [01;35m[K^~~~~~~~~~~[m[K
[13.828s] [01m[K/home/aayush/newest_frenet_planner/src/frenet_planner_ported/src/frenet_ros_obst.cpp:167:6:[m[K [01;35m[Kwarning: [m[Kunused variable ‘[01m[Kiteration_count[m[K’ [[01;35m[K-Wunused-variable[m[K]
[13.828s]   167 |  int [01;35m[Kiteration_count[m[K = 1;
[13.828s]       |      [01;35m[K^~~~~~~~~~~~~~~[m[K
[14.346s] In file included from [01m[K/usr/include/x86_64-linux-gnu/c++/9/bits/c++allocator.h:33[m[K,
[14.347s]                  from [01m[K/usr/include/c++/9/bits/allocator.h:46[m[K,
[14.347s]                  from [01m[K/usr/include/c++/9/string:41[m[K,
[14.347s]                  from [01m[K/usr/include/c++/9/stdexcept:39[m[K,
[14.347s]                  from [01m[K/usr/include/c++/9/array:39[m[K,
[14.348s]                  from [01m[K/opt/ros/foxy/include/tf2/transform_datatypes.h:35[m[K,
[14.348s]                  from [01m[K/home/aayush/newest_frenet_planner/src/frenet_planner_ported/src/frenet_planner.cpp:1[m[K:
[14.348s] /usr/include/c++/9/ext/new_allocator.h: In instantiation of ‘[01m[Kvoid __gnu_cxx::new_allocator<_Tp>::construct(_Up*, _Args&& ...) [with _Up = FrenetPath; _Args = {const FrenetPath&}; _Tp = FrenetPath][m[K’:
[14.348s] [01m[K/usr/include/c++/9/bits/alloc_traits.h:482:2:[m[K   required from ‘[01m[Kstatic void std::allocator_traits<std::allocator<_CharT> >::construct(std::allocator_traits<std::allocator<_CharT> >::allocator_type&, _Up*, _Args&& ...) [with _Up = FrenetPath; _Args = {const FrenetPath&}; _Tp = FrenetPath; std::allocator_traits<std::allocator<_CharT> >::allocator_type = std::allocator<FrenetPath>][m[K’
[14.348s] [01m[K/usr/include/c++/9/bits/stl_vector.h:1189:30:[m[K   required from ‘[01m[Kvoid std::vector<_Tp, _Alloc>::push_back(const value_type&) [with _Tp = FrenetPath; _Alloc = std::allocator<FrenetPath>; std::vector<_Tp, _Alloc>::value_type = FrenetPath][m[K’
[14.349s] [01m[K/home/aayush/newest_frenet_planner/src/frenet_planner_ported/src/frenet_planner.cpp:153:31:[m[K   required from here
[14.349s] [01m[K/usr/include/c++/9/ext/new_allocator.h:145:20:[m[K [01;31m[Kerror: [m[Kuse of deleted function ‘[01m[KFrenetPath::FrenetPath(const FrenetPath&)[m[K’
[14.349s]   145 |  noexcept(noexcept([01;31m[K::new((void *)__p)[m[K
[14.349s]       |                    [01;31m[K^~~~~~~~~~~~~~~~~~[m[K
[14.349s]   146 | [01;31m[K       _Up(std::forward<_Args>(__args)...)[m[K))
[14.350s]       |        [01;31m[K~~~~~~~~~~~~~~~~~~~~~~~~~~~~~~~~~~~[m[K
[15.577s] In file included from [01m[K/usr/include/c++/9/memory:65[m[K,
[15.577s]                  from [01m[K/usr/include/c++/9/thread:39[m[K,
[15.578s]                  from [01m[K/opt/ros/foxy/include/tf2/time.h:37[m[K,
[15.578s]                  from [01m[K/opt/ros/foxy/include/tf2/transform_datatypes.h:38[m[K,
[15.578s]                  from [01m[K/home/aayush/newest_frenet_planner/src/frenet_planner_ported/src/frenet_planner.cpp:1[m[K:
[15.578s] /usr/include/c++/9/bits/stl_uninitialized.h: In instantiation of ‘[01m[K_ForwardIterator std::uninitialized_copy(_InputIterator, _InputIterator, _ForwardIterator) [with _InputIterator = __gnu_cxx::__normal_iterator<const FrenetPath*, std::vector<FrenetPath> >; _ForwardIterator = FrenetPath*][m[K’:
[15.578s] [01m[K/usr/include/c++/9/bits/stl_uninitialized.h:307:37:[m[K   required from ‘[01m[K_ForwardIterator std::__uninitialized_copy_a(_InputIterator, _InputIterator, _ForwardIterator, std::allocator<_Tp>&) [with _InputIterator = __gnu_cxx::__normal_iterator<const FrenetPath*, std::vector<FrenetPath> >; _ForwardIterator = FrenetPath*; _Tp = FrenetPath][m[K’
[15.579s] [01m[K/usr/include/c++/9/bits/stl_vector.h:555:31:[m[K   required from ‘[01m[Kstd::vector<_Tp, _Alloc>::vector(const std::vector<_Tp, _Alloc>&) [with _Tp = FrenetPath; _Alloc = std::allocator<FrenetPath>][m[K’
[15.579s] [01m[K/home/aayush/newest_frenet_planner/src/frenet_planner_ported/src/frenet_planner.cpp:459:40:[m[K   required from here
[15.579s] [01m[K/usr/include/c++/9/bits/stl_uninitialized.h:127:72:[m[K [01;31m[Kerror: [m[Kstatic assertion failed: result type must be constructible from value type of input range
[15.579s]   127 |       static_assert(is_constructible<_ValueType2, decltype(*__first)>::[01;31m[Kvalue[m[K,
[15.579s]       |                                                                        [01;31m[K^~~~~[m[K
[25.757s] make[2]: *** [CMakeFiles/frenet_ros_obst.dir/build.make:76: CMakeFiles/frenet_ros_obst.dir/src/frenet_planner.cpp.o] Error 1
[25.757s] make[2]: *** Waiting for unfinished jobs....
[25.847s] make[2]: *** [CMakeFiles/frenet_ros_obst.dir/build.make:63: CMakeFiles/frenet_ros_obst.dir/src/frenet_ros_obst.cpp.o] Error 1
[25.850s] make[1]: *** [CMakeFiles/Makefile2:78: CMakeFiles/frenet_ros_obst.dir/all] Error 2
[25.850s] make: *** [Makefile:141: all] Error 2
[26.310s] Invoked command in '/home/aayush/newest_frenet_planner/build/frenet_planner_ported' returned '2': CMAKE_PREFIX_PATH=${CMAKE_PREFIX_PATH}:/home/aayush/newest_frenet_planner/install/dummy:/opt/ros/foxy /usr/bin/cmake --build /home/aayush/newest_frenet_planner/build/frenet_planner_ported -- -j2 -l2
