[0.913s] Invoking command in '/home/aayush/newest_frenet_planner/src/dummy': PYTHONPATH=/home/aayush/newest_frenet_planner/install/dummy/lib/python3.8/site-packages:${PYTHONPATH} /usr/bin/python3 setup.py egg_info --egg-base ../../build/dummy build --build-base /home/aayush/newest_frenet_planner/build/dummy/build install --prefix /home/aayush/newest_frenet_planner/install/dummy --record /home/aayush/newest_frenet_planner/build/dummy/install.log --single-version-externally-managed
[1.777s] running egg_info
[1.779s] writing ../../build/dummy/dummy.egg-info/PKG-INFO
[1.780s] writing dependency_links to ../../build/dummy/dummy.egg-info/dependency_links.txt
[1.781s] writing entry points to ../../build/dummy/dummy.egg-info/entry_points.txt
[1.784s] writing requirements to ../../build/dummy/dummy.egg-info/requires.txt
[1.785s] writing top-level names to ../../build/dummy/dummy.egg-info/top_level.txt
[1.914s] reading manifest file '../../build/dummy/dummy.egg-info/SOURCES.txt'
[1.917s] writing manifest file '../../build/dummy/dummy.egg-info/SOURCES.txt'
[1.918s] running build
[1.918s] running build_py
[1.919s] running install
[1.921s] running install_lib
[1.928s] running install_data
[1.930s] running install_egg_info
[1.940s] removing '/home/aayush/newest_frenet_planner/install/dummy/lib/python3.8/site-packages/dummy-0.0.0-py3.8.egg-info' (and everything under it)
[1.941s] Copying ../../build/dummy/dummy.egg-info to /home/aayush/newest_frenet_planner/install/dummy/lib/python3.8/site-packages/dummy-0.0.0-py3.8.egg-info
[1.943s] running install_scripts
[2.078s] Installing dum_pub script to /home/aayush/newest_frenet_planner/install/dummy/lib/dummy
[2.079s] writing list of installed files to '/home/aayush/newest_frenet_planner/build/dummy/install.log'
[2.146s] Invoked command in '/home/aayush/newest_frenet_planner/src/dummy' returned '0': PYTHONPATH=/home/aayush/newest_frenet_planner/install/dummy/lib/python3.8/site-packages:${PYTHONPATH} /usr/bin/python3 setup.py egg_info --egg-base ../../build/dummy build --build-base /home/aayush/newest_frenet_planner/build/dummy/build install --prefix /home/aayush/newest_frenet_planner/install/dummy --record /home/aayush/newest_frenet_planner/build/dummy/install.log --single-version-externally-managed
