[1.079s] Invoking command in '/home/aayush/newest_frenet_planner/build/frenet_planner_ported': CMAKE_PREFIX_PATH=${CMAKE_PREFIX_PATH}:/home/aayush/newest_frenet_planner/install/dummy:/opt/ros/foxy /usr/bin/cmake --build /home/aayush/newest_frenet_planner/build/frenet_planner_ported -- -j2 -l2
[1.279s] [100%] Built target frenet_ros_obst
[1.315s] Invoked command in '/home/aayush/newest_frenet_planner/build/frenet_planner_ported' returned '0': CMAKE_PREFIX_PATH=${CMAKE_PREFIX_PATH}:/home/aayush/newest_frenet_planner/install/dummy:/opt/ros/foxy /usr/bin/cmake --build /home/aayush/newest_frenet_planner/build/frenet_planner_ported -- -j2 -l2
[1.490s] Invoking command in '/home/aayush/newest_frenet_planner/build/frenet_planner_ported': CMAKE_PREFIX_PATH=${CMAKE_PREFIX_PATH}:/home/aayush/newest_frenet_planner/install/dummy:/opt/ros/foxy /usr/bin/cmake --install /home/aayush/newest_frenet_planner/build/frenet_planner_ported
[1.525s] -- Install configuration: ""
[1.526s] -- Up-to-date: /home/aayush/newest_frenet_planner/install/frenet_planner_ported/lib/frenet_planner_ported/frenet_ros_obst
[1.528s] -- Up-to-date: /home/aayush/newest_frenet_planner/install/frenet_planner_ported/share/frenet_planner_ported/launch
[1.528s] -- Up-to-date: /home/aayush/newest_frenet_planner/install/frenet_planner_ported/share/frenet_planner_ported/launch/frenet_planner_launch.py
[1.529s] -- Up-to-date: /home/aayush/newest_frenet_planner/install/frenet_planner_ported/share/frenet_planner_ported/config
[1.529s] -- Up-to-date: /home/aayush/newest_frenet_planner/install/frenet_planner_ported/share/frenet_planner_ported/config/frenet_planner.yaml
[1.530s] -- Up-to-date: /home/aayush/newest_frenet_planner/install/frenet_planner_ported/share/ament_index/resource_index/package_run_dependencies/frenet_planner_ported
[1.530s] -- Up-to-date: /home/aayush/newest_frenet_planner/install/frenet_planner_ported/share/ament_index/resource_index/parent_prefix_path/frenet_planner_ported
[1.531s] -- Up-to-date: /home/aayush/newest_frenet_planner/install/frenet_planner_ported/share/frenet_planner_ported/environment/ament_prefix_path.sh
[1.532s] -- Up-to-date: /home/aayush/newest_frenet_planner/install/frenet_planner_ported/share/frenet_planner_ported/environment/ament_prefix_path.dsv
[1.532s] -- Up-to-date: /home/aayush/newest_frenet_planner/install/frenet_planner_ported/share/frenet_planner_ported/environment/path.sh
[1.533s] -- Up-to-date: /home/aayush/newest_frenet_planner/install/frenet_planner_ported/share/frenet_planner_ported/environment/path.dsv
[1.534s] -- Up-to-date: /home/aayush/newest_frenet_planner/install/frenet_planner_ported/share/frenet_planner_ported/local_setup.bash
[1.534s] -- Up-to-date: /home/aayush/newest_frenet_planner/install/frenet_planner_ported/share/frenet_planner_ported/local_setup.sh
[1.535s] -- Up-to-date: /home/aayush/newest_frenet_planner/install/frenet_planner_ported/share/frenet_planner_ported/local_setup.zsh
[1.535s] -- Up-to-date: /home/aayush/newest_frenet_planner/install/frenet_planner_ported/share/frenet_planner_ported/local_setup.dsv
[1.536s] -- Installing: /home/aayush/newest_frenet_planner/install/frenet_planner_ported/share/frenet_planner_ported/package.dsv
[1.537s] -- Up-to-date: /home/aayush/newest_frenet_planner/install/frenet_planner_ported/share/ament_index/resource_index/packages/frenet_planner_ported
[1.538s] -- Up-to-date: /home/aayush/newest_frenet_planner/install/frenet_planner_ported/share/frenet_planner_ported/cmake/frenet_planner_portedConfig.cmake
[1.538s] -- Up-to-date: /home/aayush/newest_frenet_planner/install/frenet_planner_ported/share/frenet_planner_ported/cmake/frenet_planner_portedConfig-version.cmake
[1.539s] -- Up-to-date: /home/aayush/newest_frenet_planner/install/frenet_planner_ported/share/frenet_planner_ported/package.xml
[1.550s] Invoked command in '/home/aayush/newest_frenet_planner/build/frenet_planner_ported' returned '0': CMAKE_PREFIX_PATH=${CMAKE_PREFIX_PATH}:/home/aayush/newest_frenet_planner/install/dummy:/opt/ros/foxy /usr/bin/cmake --install /home/aayush/newest_frenet_planner/build/frenet_planner_ported
