[0.857s] Invoking command in '/home/aayush/newest_frenet_planner/build/frenet_planner_ported': CMAKE_PREFIX_PATH=${CMAKE_PREFIX_PATH}:/home/aayush/newest_frenet_planner/install/dummy:/opt/ros/foxy /usr/bin/cmake --build /home/aayush/newest_frenet_planner/build/frenet_planner_ported -- -j2 -l2
[1.078s] [35m[1mScanning dependencies of target frenet_ros_obst[0m
[1.338s] [ 20%] [32mBuilding CXX object CMakeFiles/frenet_ros_obst.dir/src/frenet_planner.cpp.o[0m
[7.555s] In file included from [01m[K/home/aayush/newest_frenet_planner/src/frenet_planner_ported/src/frenet_planner.cpp:8[m[K:
[7.556s] [01m[K/home/aayush/newest_frenet_planner/src/frenet_planner_ported/./include/matplotlibcpp.hpp:314:36:[m[K [01;35m[Kwarning: [m[Kstatic_assert without a message only available with ‘[01m[K-std=c++17[m[K’ or ‘[01m[K-std=gnu++17[m[K’ [[01;35m[K-Wpedantic[m[K]
[7.556s]   314 | static_assert(sizeof(long long) == [01;35m[K8[m[K);
[7.556s]       |                                    [01;35m[K^[m[K
[7.556s] [01m[K/home/aayush/newest_frenet_planner/src/frenet_planner_ported/./include/matplotlibcpp.hpp:316:45:[m[K [01;35m[Kwarning: [m[Kstatic_assert without a message only available with ‘[01m[K-std=c++17[m[K’ or ‘[01m[K-std=gnu++17[m[K’ [[01;35m[K-Wpedantic[m[K]
[7.557s]   316 | static_assert(sizeof(unsigned long long) == [01;35m[K8[m[K);
[7.557s]       |                                             [01;35m[K^[m[K
[10.055s] In file included from [01m[K/home/aayush/newest_frenet_planner/src/frenet_planner_ported/src/frenet_planner.cpp:10[m[K:
[10.055s] [01m[K/home/aayush/newest_frenet_planner/src/frenet_planner_ported/src/../include/frenet_optimal_trajectory.hpp:[m[K In function ‘[01m[Kstd::ostream& operator<<(std::ostream&, const FrenetPath&)[m[K’:
[10.055s] [01m[K/home/aayush/newest_frenet_planner/src/frenet_planner_ported/src/../include/frenet_optimal_trajectory.hpp:80:20:[m[K [01;35m[Kwarning: [m[Kstatement has no effect [[01;35m[K-Wunused-value[m[K]
[10.056s]    80 | #define trace(...) [01;35m[K42[m[K
[10.056s]       |                    [01;35m[K^~[m[K
[10.056s] [01m[K/home/aayush/newest_frenet_planner/src/frenet_planner_ported/src/../include/frenet_optimal_trajectory.hpp:80:20:[m[K [01;36m[Knote: [m[Kin definition of macro ‘[01m[Ktrace[m[K’
[10.056s]    80 | #define trace(...) [01;36m[K42[m[K
[10.056s]       |                    [01;36m[K^~[m[K
[10.057s] [01m[K/home/aayush/newest_frenet_planner/src/frenet_planner_ported/src/../include/frenet_optimal_trajectory.hpp:80:20:[m[K [01;35m[Kwarning: [m[Kstatement has no effect [[01;35m[K-Wunused-value[m[K]
[10.057s]    80 | #define trace(...) [01;35m[K42[m[K
[10.057s]       |                    [01;35m[K^~[m[K
[10.057s] [01m[K/home/aayush/newest_frenet_planner/src/frenet_planner_ported/src/../include/frenet_optimal_trajectory.hpp:80:20:[m[K [01;36m[Knote: [m[Kin definition of macro ‘[01m[Ktrace[m[K’
[10.058s]    80 | #define trace(...) [01;36m[K42[m[K
[10.058s]       |                    [01;36m[K^~[m[K
[10.058s] [01m[K/home/aayush/newest_frenet_planner/src/frenet_planner_ported/src/../include/frenet_optimal_trajectory.hpp:80:20:[m[K [01;35m[Kwarning: [m[Kstatement has no effect [[01;35m[K-Wunused-value[m[K]
[10.058s]    80 | #define trace(...) [01;35m[K42[m[K
[10.058s]       |                    [01;35m[K^~[m[K
[10.059s] [01m[K/home/aayush/newest_frenet_planner/src/frenet_planner_ported/src/../include/frenet_optimal_trajectory.hpp:80:20:[m[K [01;36m[Knote: [m[Kin definition of macro ‘[01m[Ktrace[m[K’
[10.059s]    80 | #define trace(...) [01;36m[K42[m[K
[10.059s]       |                    [01;36m[K^~[m[K
[10.059s] [01m[K/home/aayush/newest_frenet_planner/src/frenet_planner_ported/src/../include/frenet_optimal_trajectory.hpp:80:20:[m[K [01;35m[Kwarning: [m[Kstatement has no effect [[01;35m[K-Wunused-value[m[K]
[10.059s]    80 | #define trace(...) [01;35m[K42[m[K
[10.060s]       |                    [01;35m[K^~[m[K
[10.060s] [01m[K/home/aayush/newest_frenet_planner/src/frenet_planner_ported/src/../include/frenet_optimal_trajectory.hpp:80:20:[m[K [01;36m[Knote: [m[Kin definition of macro ‘[01m[Ktrace[m[K’
[10.060s]    80 | #define trace(...) [01;36m[K42[m[K
[10.060s]       |                    [01;36m[K^~[m[K
[10.061s] [01m[K/home/aayush/newest_frenet_planner/src/frenet_planner_ported/src/../include/frenet_optimal_trajectory.hpp:80:20:[m[K [01;35m[Kwarning: [m[Kstatement has no effect [[01;35m[K-Wunused-value[m[K]
[10.062s]    80 | #define trace(...) [01;35m[K42[m[K
[10.062s]       |                    [01;35m[K^~[m[K
[10.062s] [01m[K/home/aayush/newest_frenet_planner/src/frenet_planner_ported/src/../include/frenet_optimal_trajectory.hpp:80:20:[m[K [01;36m[Knote: [m[Kin definition of macro ‘[01m[Ktrace[m[K’
[10.062s]    80 | #define trace(...) [01;36m[K42[m[K
[10.062s]       |                    [01;36m[K^~[m[K
[10.063s] [01m[K/home/aayush/newest_frenet_planner/src/frenet_planner_ported/src/../include/frenet_optimal_trajectory.hpp:80:20:[m[K [01;35m[Kwarning: [m[Kstatement has no effect [[01;35m[K-Wunused-value[m[K]
[10.063s]    80 | #define trace(...) [01;35m[K42[m[K
[10.063s]       |                    [01;35m[K^~[m[K
[10.063s] [01m[K/home/aayush/newest_frenet_planner/src/frenet_planner_ported/src/../include/frenet_optimal_trajectory.hpp:80:20:[m[K [01;36m[Knote: [m[Kin definition of macro ‘[01m[Ktrace[m[K’
[10.064s]    80 | #define trace(...) [01;36m[K42[m[K
[10.064s]       |                    [01;36m[K^~[m[K
[10.064s] [01m[K/home/aayush/newest_frenet_planner/src/frenet_planner_ported/src/../include/frenet_optimal_trajectory.hpp:80:20:[m[K [01;35m[Kwarning: [m[Kstatement has no effect [[01;35m[K-Wunused-value[m[K]
[10.064s]    80 | #define trace(...) [01;35m[K42[m[K
[10.064s]       |                    [01;35m[K^~[m[K
[10.065s] [01m[K/home/aayush/newest_frenet_planner/src/frenet_planner_ported/src/../include/frenet_optimal_trajectory.hpp:80:20:[m[K [01;36m[Knote: [m[Kin definition of macro ‘[01m[Ktrace[m[K’
[10.065s]    80 | #define trace(...) [01;36m[K42[m[K
[10.065s]       |                    [01;36m[K^~[m[K
[10.065s] [01m[K/home/aayush/newest_frenet_planner/src/frenet_planner_ported/src/../include/frenet_optimal_trajectory.hpp:80:20:[m[K [01;35m[Kwarning: [m[Kstatement has no effect [[01;35m[K-Wunused-value[m[K]
[10.065s]    80 | #define trace(...) [01;35m[K42[m[K
[10.066s]       |                    [01;35m[K^~[m[K
[10.066s] [01m[K/home/aayush/newest_frenet_planner/src/frenet_planner_ported/src/../include/frenet_optimal_trajectory.hpp:80:20:[m[K [01;36m[Knote: [m[Kin definition of macro ‘[01m[Ktrace[m[K’
[10.066s]    80 | #define trace(...) [01;36m[K42[m[K
[10.066s]       |                    [01;36m[K^~[m[K
[10.067s] [01m[K/home/aayush/newest_frenet_planner/src/frenet_planner_ported/src/../include/frenet_optimal_trajectory.hpp:80:20:[m[K [01;35m[Kwarning: [m[Kstatement has no effect [[01;35m[K-Wunused-value[m[K]
[10.067s]    80 | #define trace(...) [01;35m[K42[m[K
[10.067s]       |                    [01;35m[K^~[m[K
[10.067s] [01m[K/home/aayush/newest_frenet_planner/src/frenet_planner_ported/src/../include/frenet_optimal_trajectory.hpp:80:20:[m[K [01;36m[Knote: [m[Kin definition of macro ‘[01m[Ktrace[m[K’
[10.067s]    80 | #define trace(...) [01;36m[K42[m[K
[10.069s]       |                    [01;36m[K^~[m[K
[10.069s] [01m[K/home/aayush/newest_frenet_planner/src/frenet_planner_ported/src/../include/frenet_optimal_trajectory.hpp:80:20:[m[K [01;35m[Kwarning: [m[Kstatement has no effect [[01;35m[K-Wunused-value[m[K]
[10.069s]    80 | #define trace(...) [01;35m[K42[m[K
[10.070s]       |                    [01;35m[K^~[m[K
[10.070s] [01m[K/home/aayush/newest_frenet_planner/src/frenet_planner_ported/src/../include/frenet_optimal_trajectory.hpp:80:20:[m[K [01;36m[Knote: [m[Kin definition of macro ‘[01m[Ktrace[m[K’
[10.070s]    80 | #define trace(...) [01;36m[K42[m[K
[10.070s]       |                    [01;36m[K^~[m[K
[10.070s] [01m[K/home/aayush/newest_frenet_planner/src/frenet_planner_ported/src/../include/frenet_optimal_trajectory.hpp:80:20:[m[K [01;35m[Kwarning: [m[Kstatement has no effect [[01;35m[K-Wunused-value[m[K]
[10.071s]    80 | #define trace(...) [01;35m[K42[m[K
[10.071s]       |                    [01;35m[K^~[m[K
[10.071s] [01m[K/home/aayush/newest_frenet_planner/src/frenet_planner_ported/src/../include/frenet_optimal_trajectory.hpp:80:20:[m[K [01;36m[Knote: [m[Kin definition of macro ‘[01m[Ktrace[m[K’
[10.071s]    80 | #define trace(...) [01;36m[K42[m[K
[10.072s]       |                    [01;36m[K^~[m[K
[10.072s] [01m[K/home/aayush/newest_frenet_planner/src/frenet_planner_ported/src/../include/frenet_optimal_trajectory.hpp:80:20:[m[K [01;35m[Kwarning: [m[Kstatement has no effect [[01;35m[K-Wunused-value[m[K]
[10.072s]    80 | #define trace(...) [01;35m[K42[m[K
[10.075s]       |                    [01;35m[K^~[m[K
[10.075s] [01m[K/home/aayush/newest_frenet_planner/src/frenet_planner_ported/src/../include/frenet_optimal_trajectory.hpp:80:20:[m[K [01;36m[Knote: [m[Kin definition of macro ‘[01m[Ktrace[m[K’
[10.076s]    80 | #define trace(...) [01;36m[K42[m[K
[10.076s]       |                    [01;36m[K^~[m[K
[10.076s] [01m[K/home/aayush/newest_frenet_planner/src/frenet_planner_ported/src/../include/frenet_optimal_trajectory.hpp:80:20:[m[K [01;35m[Kwarning: [m[Kstatement has no effect [[01;35m[K-Wunused-value[m[K]
[10.076s]    80 | #define trace(...) [01;35m[K42[m[K
[10.076s]       |                    [01;35m[K^~[m[K
[10.077s] [01m[K/home/aayush/newest_frenet_planner/src/frenet_planner_ported/src/../include/frenet_optimal_trajectory.hpp:80:20:[m[K [01;36m[Knote: [m[Kin definition of macro ‘[01m[Ktrace[m[K’
[10.077s]    80 | #define trace(...) [01;36m[K42[m[K
[10.077s]       |                    [01;36m[K^~[m[K
[10.077s] [01m[K/home/aayush/newest_frenet_planner/src/frenet_planner_ported/src/../include/frenet_optimal_trajectory.hpp:81:59:[m[K [01;35m[Kwarning: [m[Kunused parameter ‘[01m[Kfp[m[K’ [[01;35m[K-Wunused-parameter[m[K]
[10.077s]    81 | inline ostream& operator<<(ostream& os, [01;35m[Kconst FrenetPath& fp[m[K)
[10.078s]       |                                         [01;35m[K~~~~~~~~~~~~~~~~~~^~[m[K
[10.078s] [01m[K/home/aayush/newest_frenet_planner/src/frenet_planner_ported/src/frenet_planner.cpp:[m[K In member function ‘[01m[Kvoid FrenetPath::calc_lon_paths_quintic_poly(double, double, double, double, double)[m[K’:
[10.078s] [01m[K/home/aayush/newest_frenet_planner/src/frenet_planner_ported/src/frenet_planner.cpp:69:91:[m[K [01;35m[Kwarning: [m[Kunused parameter ‘[01m[Kts[m[K’ [[01;35m[K-Wunused-parameter[m[K]
[10.078s]    69 | s_quintic_poly(double c_speed, double s0, double Ti, [01;35m[Kdouble ts[m[K,
[10.078s]       |                                                      [01;35m[K~~~~~~~^~[m[K
[10.079s] 
[10.091s] [01m[K/home/aayush/newest_frenet_planner/src/frenet_planner_ported/src/frenet_planner.cpp:[m[K In member function ‘[01m[Kvoid FrenetPath::adding_global_path(Spline2D)[m[K’:
[10.091s] [01m[K/home/aayush/newest_frenet_planner/src/frenet_planner_ported/src/frenet_planner.cpp:198:9:[m[K [01;35m[Kwarning: [m[Kunused variable ‘[01m[KstartTime1[m[K’ [[01;35m[K-Wunused-variable[m[K]
[10.091s]   198 |  double [01;35m[KstartTime1[m[K = omp_get_wtime();
[10.092s]       |         [01;35m[K^~~~~~~~~~[m[K
[10.092s] [01m[K/home/aayush/newest_frenet_planner/src/frenet_planner_ported/src/frenet_planner.cpp:249:9:[m[K [01;35m[Kwarning: [m[Kunused variable ‘[01m[KendTime1[m[K’ [[01;35m[K-Wunused-variable[m[K]
[10.092s]   249 |  double [01;35m[KendTime1[m[K = omp_get_wtime();
[10.092s]       |         [01;35m[K^~~~~~~~[m[K
[10.108s] In file included from [01m[K/home/aayush/newest_frenet_planner/src/frenet_planner_ported/src/frenet_planner.cpp:10[m[K:
[10.108s] [01m[K/home/aayush/newest_frenet_planner/src/frenet_planner_ported/src/frenet_planner.cpp:[m[K In function ‘[01m[KFrenetPath frenet_optimal_planning(Spline2D, double, double, double, double, double, FrenetPath, double)[m[K’:
[10.109s] [01m[K/home/aayush/newest_frenet_planner/src/frenet_planner_ported/src/../include/frenet_optimal_trajectory.hpp:80:20:[m[K [01;31m[Kerror: [m[Kexpected initializer before numeric constant
[10.109s]    80 | #define trace(...) [01;31m[K42[m[K
[10.110s]       |                    [01;31m[K^~[m[K
[10.110s] [01m[K/home/aayush/newest_frenet_planner/src/frenet_planner_ported/src/../include/frenet_optimal_trajectory.hpp:80:20:[m[K [01;36m[Knote: [m[Kin definition of macro ‘[01m[Ktrace[m[K’
[10.110s]    80 | #define trace(...) [01;36m[K42[m[K
[10.110s]       |                    [01;36m[K^~[m[K
[10.111s] In file included from [01m[K/opt/ros/foxy/include/rclcpp/service.hpp:34[m[K,
[10.111s]                  from [01m[K/opt/ros/foxy/include/rclcpp/callback_group.hpp:25[m[K,
[10.112s]                  from [01m[K/opt/ros/foxy/include/rclcpp/any_executable.hpp:20[m[K,
[10.112s]                  from [01m[K/opt/ros/foxy/include/rclcpp/memory_strategy.hpp:24[m[K,
[10.112s]                  from [01m[K/opt/ros/foxy/include/rclcpp/memory_strategies.hpp:18[m[K,
[10.112s]                  from [01m[K/opt/ros/foxy/include/rclcpp/executor_options.hpp:20[m[K,
[10.112s]                  from [01m[K/opt/ros/foxy/include/rclcpp/executor.hpp:33[m[K,
[10.113s]                  from [01m[K/opt/ros/foxy/include/rclcpp/executors/multi_threaded_executor.hpp:25[m[K,
[10.113s]                  from [01m[K/opt/ros/foxy/include/rclcpp/executors.hpp:21[m[K,
[10.113s]                  from [01m[K/opt/ros/foxy/include/rclcpp/rclcpp.hpp:146[m[K,
[10.114s]                  from [01m[K/opt/ros/foxy/include/tf2_ros/buffer_interface.h:35[m[K,
[10.114s]                  from [01m[K/opt/ros/foxy/include/tf2_geometry_msgs/tf2_geometry_msgs.h:38[m[K,
[10.115s]                  from [01m[K/home/aayush/newest_frenet_planner/src/frenet_planner_ported/src/frenet_planner.cpp:2[m[K:
[10.115s] [01m[K/home/aayush/newest_frenet_planner/src/frenet_planner_ported/src/frenet_planner.cpp:455:39:[m[K [01;31m[Kerror: [m[Kcannot call member function ‘[01m[Krclcpp::Logger rclcpp::Node::get_logger() const[m[K’ without object
[10.116s]   455 |  RCLCPP_INFO(rclcpp::Node::get_logger([01;31m[K)[m[K, calc_frenet_paths_function_str);
[10.116s]       |                                       [01;31m[K^[m[K
[10.117s] [01m[K/home/aayush/newest_frenet_planner/src/frenet_planner_ported/src/frenet_planner.cpp:455:39:[m[K [01;31m[Kerror: [m[Kcannot call member function ‘[01m[Krclcpp::Logger rclcpp::Node::get_logger() const[m[K’ without object
[10.117s] [01m[K/home/aayush/newest_frenet_planner/src/frenet_planner_ported/src/frenet_planner.cpp:455:2:[m[K [01;31m[Kerror: [m[Ktemplate argument 1 is invalid
[10.118s]   455 |  [01;31m[KRCLCPP_INFO[m[K(rclcpp::Node::get_logger(), calc_frenet_paths_function_str);
[10.118s]       |  [01;31m[K^~~~~~~~~~~[m[K
[10.118s] [01m[K/home/aayush/newest_frenet_planner/src/frenet_planner_ported/src/frenet_planner.cpp:455:2:[m[K [01;31m[Kerror: [m[Ktemplate argument 1 is invalid
[10.119s]   455 |  [01;31m[KRCLCPP_INFO[m[K(rclcpp::Node::get_logger(), calc_frenet_paths_function_str);
[10.120s]       |  [01;31m[K^~~~~~~~~~~[m[K
[10.120s] [01m[K/home/aayush/newest_frenet_planner/src/frenet_planner_ported/src/frenet_planner.cpp:455:2:[m[K [01;31m[Kerror: [m[Ktemplate argument 1 is invalid
[10.120s]   455 |  [01;31m[KRCLCPP_INFO[m[K(rclcpp::Node::get_logger(), calc_frenet_paths_function_str);
[10.120s]       |  [01;31m[K^~~~~~~~~~~[m[K
[10.121s] In file included from [01m[K/opt/ros/foxy/include/rclcpp/client.hpp:40[m[K,
[10.121s]                  from [01m[K/opt/ros/foxy/include/rclcpp/callback_group.hpp:23[m[K,
[10.121s]                  from [01m[K/opt/ros/foxy/include/rclcpp/any_executable.hpp:20[m[K,
[10.122s]                  from [01m[K/opt/ros/foxy/include/rclcpp/memory_strategy.hpp:24[m[K,
[10.122s]                  from [01m[K/opt/ros/foxy/include/rclcpp/memory_strategies.hpp:18[m[K,
[10.122s]                  from [01m[K/opt/ros/foxy/include/rclcpp/executor_options.hpp:20[m[K,
[10.122s]                  from [01m[K/opt/ros/foxy/include/rclcpp/executor.hpp:33[m[K,
[10.123s]                  from [01m[K/opt/ros/foxy/include/rclcpp/executors/multi_threaded_executor.hpp:25[m[K,
[10.123s]                  from [01m[K/opt/ros/foxy/include/rclcpp/executors.hpp:21[m[K,
[10.123s]                  from [01m[K/opt/ros/foxy/include/rclcpp/rclcpp.hpp:146[m[K,
[10.124s]                  from [01m[K/opt/ros/foxy/include/tf2_ros/buffer_interface.h:35[m[K,
[10.124s]                  from [01m[K/opt/ros/foxy/include/tf2_geometry_msgs/tf2_geometry_msgs.h:38[m[K,
[10.124s]                  from [01m[K/home/aayush/newest_frenet_planner/src/frenet_planner_ported/src/frenet_planner.cpp:2[m[K:
[10.124s] [01m[K/home/aayush/newest_frenet_planner/src/frenet_planner_ported/src/frenet_planner.cpp:455:39:[m[K [01;31m[Kerror: [m[Kcannot call member function ‘[01m[Krclcpp::Logger rclcpp::Node::get_logger() const[m[K’ without object
[10.125s]   455 |  RCLCPP_INFO(rclcpp::Node::get_logger([01;31m[K)[m[K, calc_frenet_paths_function_str);
[10.125s]       |                                       [01;31m[K^[m[K
[10.125s] [01m[K/home/aayush/newest_frenet_planner/src/frenet_planner_ported/src/frenet_planner.cpp:455:39:[m[K [01;31m[Kerror: [m[Kcannot call member function ‘[01m[Krclcpp::Logger rclcpp::Node::get_logger() const[m[K’ without object
[10.125s]   455 |  RCLCPP_INFO(rclcpp::Node::get_logger([01;31m[K)[m[K, calc_frenet_paths_function_str);
[10.126s]       |                                       [01;31m[K^[m[K
[10.126s] In file included from [01m[K/home/aayush/newest_frenet_planner/src/frenet_planner_ported/src/frenet_planner.cpp:10[m[K:
[10.126s] [01m[K/home/aayush/newest_frenet_planner/src/frenet_planner_ported/src/../include/frenet_optimal_trajectory.hpp:80:20:[m[K [01;35m[Kwarning: [m[Kstatement has no effect [[01;35m[K-Wunused-value[m[K]
[10.127s]    80 | #define trace(...) [01;35m[K42[m[K
[10.127s]       |                    [01;35m[K^~[m[K
[10.127s] [01m[K/home/aayush/newest_frenet_planner/src/frenet_planner_ported/src/../include/frenet_optimal_trajectory.hpp:80:20:[m[K [01;36m[Knote: [m[Kin definition of macro ‘[01m[Ktrace[m[K’
[10.127s]    80 | #define trace(...) [01;36m[K42[m[K
[10.128s]       |                    [01;36m[K^~[m[K
[10.128s] In file included from [01m[K/opt/ros/foxy/include/rclcpp/service.hpp:34[m[K,
[10.128s]                  from [01m[K/opt/ros/foxy/include/rclcpp/callback_group.hpp:25[m[K,
[10.129s]                  from [01m[K/opt/ros/foxy/include/rclcpp/any_executable.hpp:20[m[K,
[10.129s]                  from [01m[K/opt/ros/foxy/include/rclcpp/memory_strategy.hpp:24[m[K,
[10.129s]                  from [01m[K/opt/ros/foxy/include/rclcpp/memory_strategies.hpp:18[m[K,
[10.129s]                  from [01m[K/opt/ros/foxy/include/rclcpp/executor_options.hpp:20[m[K,
[10.130s]                  from [01m[K/opt/ros/foxy/include/rclcpp/executor.hpp:33[m[K,
[10.130s]                  from [01m[K/opt/ros/foxy/include/rclcpp/executors/multi_threaded_executor.hpp:25[m[K,
[10.130s]                  from [01m[K/opt/ros/foxy/include/rclcpp/executors.hpp:21[m[K,
[10.130s]                  from [01m[K/opt/ros/foxy/include/rclcpp/rclcpp.hpp:146[m[K,
[10.131s]                  from [01m[K/opt/ros/foxy/include/tf2_ros/buffer_interface.h:35[m[K,
[10.131s]                  from [01m[K/opt/ros/foxy/include/tf2_geometry_msgs/tf2_geometry_msgs.h:38[m[K,
[10.131s]                  from [01m[K/home/aayush/newest_frenet_planner/src/frenet_planner_ported/src/frenet_planner.cpp:2[m[K:
[10.132s] [01m[K/home/aayush/newest_frenet_planner/src/frenet_planner_ported/src/frenet_planner.cpp:465:39:[m[K [01;31m[Kerror: [m[Kcannot call member function ‘[01m[Krclcpp::Logger rclcpp::Node::get_logger() const[m[K’ without object
[10.132s]   465 |  RCLCPP_INFO(rclcpp::Node::get_logger([01;31m[K)[m[K, calc_global_paths_function_str);
[10.132s]       |                                       [01;31m[K^[m[K
[10.133s] [01m[K/home/aayush/newest_frenet_planner/src/frenet_planner_ported/src/frenet_planner.cpp:465:39:[m[K [01;31m[Kerror: [m[Kcannot call member function ‘[01m[Krclcpp::Logger rclcpp::Node::get_logger() const[m[K’ without object
[10.133s] [01m[K/home/aayush/newest_frenet_planner/src/frenet_planner_ported/src/frenet_planner.cpp:465:2:[m[K [01;31m[Kerror: [m[Ktemplate argument 1 is invalid
[10.133s]   465 |  [01;31m[KRCLCPP_INFO[m[K(rclcpp::Node::get_logger(), calc_global_paths_function_str);
[10.133s]       |  [01;31m[K^~~~~~~~~~~[m[K
[10.134s] [01m[K/home/aayush/newest_frenet_planner/src/frenet_planner_ported/src/frenet_planner.cpp:465:2:[m[K [01;31m[Kerror: [m[Ktemplate argument 1 is invalid
[10.134s]   465 |  [01;31m[KRCLCPP_INFO[m[K(rclcpp::Node::get_logger(), calc_global_paths_function_str);
[10.134s]       |  [01;31m[K^~~~~~~~~~~[m[K
[10.135s] [01m[K/home/aayush/newest_frenet_planner/src/frenet_planner_ported/src/frenet_planner.cpp:465:2:[m[K [01;31m[Kerror: [m[Ktemplate argument 1 is invalid
[10.135s]   465 |  [01;31m[KRCLCPP_INFO[m[K(rclcpp::Node::get_logger(), calc_global_paths_function_str);
[10.135s]       |  [01;31m[K^~~~~~~~~~~[m[K
[10.135s] In file included from [01m[K/opt/ros/foxy/include/rclcpp/client.hpp:40[m[K,
[10.136s]                  from [01m[K/opt/ros/foxy/include/rclcpp/callback_group.hpp:23[m[K,
[10.136s]                  from [01m[K/opt/ros/foxy/include/rclcpp/any_executable.hpp:20[m[K,
[10.136s]                  from [01m[K/opt/ros/foxy/include/rclcpp/memory_strategy.hpp:24[m[K,
[10.136s]                  from [01m[K/opt/ros/foxy/include/rclcpp/memory_strategies.hpp:18[m[K,
[10.137s]                  from [01m[K/opt/ros/foxy/include/rclcpp/executor_options.hpp:20[m[K,
[10.137s]                  from [01m[K/opt/ros/foxy/include/rclcpp/executor.hpp:33[m[K,
[10.137s]                  from [01m[K/opt/ros/foxy/include/rclcpp/executors/multi_threaded_executor.hpp:25[m[K,
[10.138s]                  from [01m[K/opt/ros/foxy/include/rclcpp/executors.hpp:21[m[K,
[10.138s]                  from [01m[K/opt/ros/foxy/include/rclcpp/rclcpp.hpp:146[m[K,
[10.138s]                  from [01m[K/opt/ros/foxy/include/tf2_ros/buffer_interface.h:35[m[K,
[10.138s]                  from [01m[K/opt/ros/foxy/include/tf2_geometry_msgs/tf2_geometry_msgs.h:38[m[K,
[10.139s]                  from [01m[K/home/aayush/newest_frenet_planner/src/frenet_planner_ported/src/frenet_planner.cpp:2[m[K:
[10.139s] [01m[K/home/aayush/newest_frenet_planner/src/frenet_planner_ported/src/frenet_planner.cpp:465:39:[m[K [01;31m[Kerror: [m[Kcannot call member function ‘[01m[Krclcpp::Logger rclcpp::Node::get_logger() const[m[K’ without object
[10.139s]   465 |  RCLCPP_INFO(rclcpp::Node::get_logger([01;31m[K)[m[K, calc_global_paths_function_str);
[10.140s]       |                                       [01;31m[K^[m[K
[10.140s] [01m[K/home/aayush/newest_frenet_planner/src/frenet_planner_ported/src/frenet_planner.cpp:465:39:[m[K [01;31m[Kerror: [m[Kcannot call member function ‘[01m[Krclcpp::Logger rclcpp::Node::get_logger() const[m[K’ without object
[10.141s]   465 |  RCLCPP_INFO(rclcpp::Node::get_logger([01;31m[K)[m[K, calc_global_paths_function_str);
[10.141s]       |                                       [01;31m[K^[m[K
[10.141s] In file included from [01m[K/home/aayush/newest_frenet_planner/src/frenet_planner_ported/src/frenet_planner.cpp:10[m[K:
[10.141s] [01m[K/home/aayush/newest_frenet_planner/src/frenet_planner_ported/src/../include/frenet_optimal_trajectory.hpp:80:20:[m[K [01;35m[Kwarning: [m[Kstatement has no effect [[01;35m[K-Wunused-value[m[K]
[10.142s]    80 | #define trace(...) [01;35m[K42[m[K
[10.142s]       |                    [01;35m[K^~[m[K
[10.142s] [01m[K/home/aayush/newest_frenet_planner/src/frenet_planner_ported/src/../include/frenet_optimal_trajectory.hpp:80:20:[m[K [01;36m[Knote: [m[Kin definition of macro ‘[01m[Ktrace[m[K’
[10.143s]    80 | #define trace(...) [01;36m[K42[m[K
[10.143s]       |                    [01;36m[K^~[m[K
[10.143s] In file included from [01m[K/opt/ros/foxy/include/rclcpp/service.hpp:34[m[K,
[10.143s]                  from [01m[K/opt/ros/foxy/include/rclcpp/callback_group.hpp:25[m[K,
[10.144s]                  from [01m[K/opt/ros/foxy/include/rclcpp/any_executable.hpp:20[m[K,
[10.144s]                  from [01m[K/opt/ros/foxy/include/rclcpp/memory_strategy.hpp:24[m[K,
[10.144s]                  from [01m[K/opt/ros/foxy/include/rclcpp/memory_strategies.hpp:18[m[K,
[10.145s]                  from [01m[K/opt/ros/foxy/include/rclcpp/executor_options.hpp:20[m[K,
[10.145s]                  from [01m[K/opt/ros/foxy/include/rclcpp/executor.hpp:33[m[K,
[10.145s]                  from [01m[K/opt/ros/foxy/include/rclcpp/executors/multi_threaded_executor.hpp:25[m[K,
[10.145s]                  from [01m[K/opt/ros/foxy/include/rclcpp/executors.hpp:21[m[K,
[10.146s]                  from [01m[K/opt/ros/foxy/include/rclcpp/rclcpp.hpp:146[m[K,
[10.146s]                  from [01m[K/opt/ros/foxy/include/tf2_ros/buffer_interface.h:35[m[K,
[10.146s]                  from [01m[K/opt/ros/foxy/include/tf2_geometry_msgs/tf2_geometry_msgs.h:38[m[K,
[10.146s]                  from [01m[K/home/aayush/newest_frenet_planner/src/frenet_planner_ported/src/frenet_planner.cpp:2[m[K:
[10.147s] [01m[K/home/aayush/newest_frenet_planner/src/frenet_planner_ported/src/frenet_planner.cpp:478:39:[m[K [01;31m[Kerror: [m[Kcannot call member function ‘[01m[Krclcpp::Logger rclcpp::Node::get_logger() const[m[K’ without object
[10.147s]   478 |  RCLCPP_INFO(rclcpp::Node::get_logger([01;31m[K)[m[K, calc_path_function_str);
[10.147s]       |                                       [01;31m[K^[m[K
[10.148s] [01m[K/home/aayush/newest_frenet_planner/src/frenet_planner_ported/src/frenet_planner.cpp:478:39:[m[K [01;31m[Kerror: [m[Kcannot call member function ‘[01m[Krclcpp::Logger rclcpp::Node::get_logger() const[m[K’ without object
[10.148s] [01m[K/home/aayush/newest_frenet_planner/src/frenet_planner_ported/src/frenet_planner.cpp:478:2:[m[K [01;31m[Kerror: [m[Ktemplate argument 1 is invalid
[10.148s]   478 |  [01;31m[KRCLCPP_INFO[m[K(rclcpp::Node::get_logger(), calc_path_function_str);
[10.148s]       |  [01;31m[K^~~~~~~~~~~[m[K
[10.149s] [01m[K/home/aayush/newest_frenet_planner/src/frenet_planner_ported/src/frenet_planner.cpp:478:2:[m[K [01;31m[Kerror: [m[Ktemplate argument 1 is invalid
[10.149s]   478 |  [01;31m[KRCLCPP_INFO[m[K(rclcpp::Node::get_logger(), calc_path_function_str);
[10.149s]       |  [01;31m[K^~~~~~~~~~~[m[K
[10.150s] [01m[K/home/aayush/newest_frenet_planner/src/frenet_planner_ported/src/frenet_planner.cpp:478:2:[m[K [01;31m[Kerror: [m[Ktemplate argument 1 is invalid
[10.150s]   478 |  [01;31m[KRCLCPP_INFO[m[K(rclcpp::Node::get_logger(), calc_path_function_str);
[10.150s]       |  [01;31m[K^~~~~~~~~~~[m[K
[10.150s] In file included from [01m[K/opt/ros/foxy/include/rclcpp/client.hpp:40[m[K,
[10.153s]                  from [01m[K/opt/ros/foxy/include/rclcpp/callback_group.hpp:23[m[K,
[10.153s]                  from [01m[K/opt/ros/foxy/include/rclcpp/any_executable.hpp:20[m[K,
[10.153s]                  from [01m[K/opt/ros/foxy/include/rclcpp/memory_strategy.hpp:24[m[K,
[10.154s]                  from [01m[K/opt/ros/foxy/include/rclcpp/memory_strategies.hpp:18[m[K,
[10.154s]                  from [01m[K/opt/ros/foxy/include/rclcpp/executor_options.hpp:20[m[K,
[10.154s]                  from [01m[K/opt/ros/foxy/include/rclcpp/executor.hpp:33[m[K,
[10.155s]                  from [01m[K/opt/ros/foxy/include/rclcpp/executors/multi_threaded_executor.hpp:25[m[K,
[10.155s]                  from [01m[K/opt/ros/foxy/include/rclcpp/executors.hpp:21[m[K,
[10.155s]                  from [01m[K/opt/ros/foxy/include/rclcpp/rclcpp.hpp:146[m[K,
[10.155s]                  from [01m[K/opt/ros/foxy/include/tf2_ros/buffer_interface.h:35[m[K,
[10.156s]                  from [01m[K/opt/ros/foxy/include/tf2_geometry_msgs/tf2_geometry_msgs.h:38[m[K,
[10.156s]                  from [01m[K/home/aayush/newest_frenet_planner/src/frenet_planner_ported/src/frenet_planner.cpp:2[m[K:
[10.156s] [01m[K/home/aayush/newest_frenet_planner/src/frenet_planner_ported/src/frenet_planner.cpp:478:39:[m[K [01;31m[Kerror: [m[Kcannot call member function ‘[01m[Krclcpp::Logger rclcpp::Node::get_logger() const[m[K’ without object
[10.157s]   478 |  RCLCPP_INFO(rclcpp::Node::get_logger([01;31m[K)[m[K, calc_path_function_str);
[10.157s]       |                                       [01;31m[K^[m[K
[10.157s] [01m[K/home/aayush/newest_frenet_planner/src/frenet_planner_ported/src/frenet_planner.cpp:478:39:[m[K [01;31m[Kerror: [m[Kcannot call member function ‘[01m[Krclcpp::Logger rclcpp::Node::get_logger() const[m[K’ without object
[10.157s]   478 |  RCLCPP_INFO(rclcpp::Node::get_logger([01;31m[K)[m[K, calc_path_function_str);
[10.158s]       |                                       [01;31m[K^[m[K
[10.158s] In file included from [01m[K/home/aayush/newest_frenet_planner/src/frenet_planner_ported/src/frenet_planner.cpp:10[m[K:
[10.158s] [01m[K/home/aayush/newest_frenet_planner/src/frenet_planner_ported/src/../include/frenet_optimal_trajectory.hpp:80:20:[m[K [01;35m[Kwarning: [m[Kstatement has no effect [[01;35m[K-Wunused-value[m[K]
[10.159s]    80 | #define trace(...) [01;35m[K42[m[K
[10.159s]       |                    [01;35m[K^~[m[K
[10.159s] [01m[K/home/aayush/newest_frenet_planner/src/frenet_planner_ported/src/../include/frenet_optimal_trajectory.hpp:80:20:[m[K [01;36m[Knote: [m[Kin definition of macro ‘[01m[Ktrace[m[K’
[10.159s]    80 | #define trace(...) [01;36m[K42[m[K
[10.160s]       |                    [01;36m[K^~[m[K
[10.160s] [01m[K/home/aayush/newest_frenet_planner/src/frenet_planner_ported/src/../include/frenet_optimal_trajectory.hpp:80:20:[m[K [01;35m[Kwarning: [m[Kstatement has no effect [[01;35m[K-Wunused-value[m[K]
[10.160s]    80 | #define trace(...) [01;35m[K42[m[K
[10.161s]       |                    [01;35m[K^~[m[K
[10.161s] [01m[K/home/aayush/newest_frenet_planner/src/frenet_planner_ported/src/../include/frenet_optimal_trajectory.hpp:80:20:[m[K [01;36m[Knote: [m[Kin definition of macro ‘[01m[Ktrace[m[K’
[10.161s]    80 | #define trace(...) [01;36m[K42[m[K
[10.161s]       |                    [01;36m[K^~[m[K
[11.493s] make[2]: *** [CMakeFiles/frenet_ros_obst.dir/build.make:76: CMakeFiles/frenet_ros_obst.dir/src/frenet_planner.cpp.o] Error 1
[11.493s] make[1]: *** [CMakeFiles/Makefile2:78: CMakeFiles/frenet_ros_obst.dir/all] Error 2
[11.493s] make: *** [Makefile:141: all] Error 2
[11.500s] Invoked command in '/home/aayush/newest_frenet_planner/build/frenet_planner_ported' returned '2': CMAKE_PREFIX_PATH=${CMAKE_PREFIX_PATH}:/home/aayush/newest_frenet_planner/install/dummy:/opt/ros/foxy /usr/bin/cmake --build /home/aayush/newest_frenet_planner/build/frenet_planner_ported -- -j2 -l2
