[1.167s] Invoking command in '/home/aayush/newest_frenet_planner/src/dummy': PYTHONPATH=/home/aayush/newest_frenet_planner/install/dummy/lib/python3.8/site-packages:${PYTHONPATH} /usr/bin/python3 setup.py egg_info --egg-base ../../build/dummy build --build-base /home/aayush/newest_frenet_planner/build/dummy/build install --prefix /home/aayush/newest_frenet_planner/install/dummy --record /home/aayush/newest_frenet_planner/build/dummy/install.log --single-version-externally-managed
[1.939s] running egg_info
[1.947s] writing ../../build/dummy/dummy.egg-info/PKG-INFO
[1.957s] writing dependency_links to ../../build/dummy/dummy.egg-info/dependency_links.txt
[1.957s] writing entry points to ../../build/dummy/dummy.egg-info/entry_points.txt
[1.957s] writing requirements to ../../build/dummy/dummy.egg-info/requires.txt
[1.957s] writing top-level names to ../../build/dummy/dummy.egg-info/top_level.txt
[2.108s] reading manifest file '../../build/dummy/dummy.egg-info/SOURCES.txt'
[2.112s] writing manifest file '../../build/dummy/dummy.egg-info/SOURCES.txt'
[2.112s] running build
[2.112s] running build_py
[2.113s] running install
[2.118s] running install_lib
[2.124s] running install_data
[2.126s] running install_egg_info
[2.135s] removing '/home/aayush/newest_frenet_planner/install/dummy/lib/python3.8/site-packages/dummy-0.0.0-py3.8.egg-info' (and everything under it)
[2.136s] Copying ../../build/dummy/dummy.egg-info to /home/aayush/newest_frenet_planner/install/dummy/lib/python3.8/site-packages/dummy-0.0.0-py3.8.egg-info
[2.137s] running install_scripts
[2.264s] Installing dum_pub script to /home/aayush/newest_frenet_planner/install/dummy/lib/dummy
[2.265s] writing list of installed files to '/home/aayush/newest_frenet_planner/build/dummy/install.log'
[2.324s] Invoked command in '/home/aayush/newest_frenet_planner/src/dummy' returned '0': PYTHONPATH=/home/aayush/newest_frenet_planner/install/dummy/lib/python3.8/site-packages:${PYTHONPATH} /usr/bin/python3 setup.py egg_info --egg-base ../../build/dummy build --build-base /home/aayush/newest_frenet_planner/build/dummy/build install --prefix /home/aayush/newest_frenet_planner/install/dummy --record /home/aayush/newest_frenet_planner/build/dummy/install.log --single-version-externally-managed
