[0.822s] Invoking command in '/home/aayush/newest_frenet_planner/build/frenet_planner': CMAKE_PREFIX_PATH=${CMAKE_PREFIX_PATH}:/home/aayush/newest_frenet_planner/install/dummy:/opt/ros/foxy /usr/bin/cmake --build /home/aayush/newest_frenet_planner/build/frenet_planner -- -j2 -l2
[1.092s] [100%] Built target frenet_ros_obst
[1.124s] Invoked command in '/home/aayush/newest_frenet_planner/build/frenet_planner' returned '0': CMAKE_PREFIX_PATH=${CMAKE_PREFIX_PATH}:/home/aayush/newest_frenet_planner/install/dummy:/opt/ros/foxy /usr/bin/cmake --build /home/aayush/newest_frenet_planner/build/frenet_planner -- -j2 -l2
[1.264s] Invoking command in '/home/aayush/newest_frenet_planner/build/frenet_planner': CMAKE_PREFIX_PATH=${CMAKE_PREFIX_PATH}:/home/aayush/newest_frenet_planner/install/dummy:/opt/ros/foxy /usr/bin/cmake --install /home/aayush/newest_frenet_planner/build/frenet_planner
[1.289s] -- Install configuration: ""
[1.290s] -- Up-to-date: /home/aayush/newest_frenet_planner/install/frenet_planner/lib/frenet_planner/frenet_ros_obst
[1.291s] -- Up-to-date: /home/aayush/newest_frenet_planner/install/frenet_planner/share/frenet_planner/launch
[1.292s] -- Up-to-date: /home/aayush/newest_frenet_planner/install/frenet_planner/share/frenet_planner/launch/frenet_planner_launch.py
[1.292s] -- Up-to-date: /home/aayush/newest_frenet_planner/install/frenet_planner/share/frenet_planner/config
[1.293s] -- Up-to-date: /home/aayush/newest_frenet_planner/install/frenet_planner/share/frenet_planner/config/frenet_planner.yaml
[1.293s] -- Up-to-date: /home/aayush/newest_frenet_planner/install/frenet_planner/share/ament_index/resource_index/package_run_dependencies/frenet_planner
[1.294s] -- Up-to-date: /home/aayush/newest_frenet_planner/install/frenet_planner/share/ament_index/resource_index/parent_prefix_path/frenet_planner
[1.294s] -- Up-to-date: /home/aayush/newest_frenet_planner/install/frenet_planner/share/frenet_planner/environment/ament_prefix_path.sh
[1.294s] -- Up-to-date: /home/aayush/newest_frenet_planner/install/frenet_planner/share/frenet_planner/environment/ament_prefix_path.dsv
[1.295s] -- Up-to-date: /home/aayush/newest_frenet_planner/install/frenet_planner/share/frenet_planner/environment/path.sh
[1.295s] -- Up-to-date: /home/aayush/newest_frenet_planner/install/frenet_planner/share/frenet_planner/environment/path.dsv
[1.295s] -- Up-to-date: /home/aayush/newest_frenet_planner/install/frenet_planner/share/frenet_planner/local_setup.bash
[1.296s] -- Up-to-date: /home/aayush/newest_frenet_planner/install/frenet_planner/share/frenet_planner/local_setup.sh
[1.296s] -- Up-to-date: /home/aayush/newest_frenet_planner/install/frenet_planner/share/frenet_planner/local_setup.zsh
[1.297s] -- Up-to-date: /home/aayush/newest_frenet_planner/install/frenet_planner/share/frenet_planner/local_setup.dsv
[1.297s] -- Installing: /home/aayush/newest_frenet_planner/install/frenet_planner/share/frenet_planner/package.dsv
[1.298s] -- Up-to-date: /home/aayush/newest_frenet_planner/install/frenet_planner/share/ament_index/resource_index/packages/frenet_planner
[1.298s] -- Up-to-date: /home/aayush/newest_frenet_planner/install/frenet_planner/share/frenet_planner/cmake/frenet_plannerConfig.cmake
[1.299s] -- Up-to-date: /home/aayush/newest_frenet_planner/install/frenet_planner/share/frenet_planner/cmake/frenet_plannerConfig-version.cmake
[1.300s] -- Up-to-date: /home/aayush/newest_frenet_planner/install/frenet_planner/share/frenet_planner/package.xml
[1.303s] Invoked command in '/home/aayush/newest_frenet_planner/build/frenet_planner' returned '0': CMAKE_PREFIX_PATH=${CMAKE_PREFIX_PATH}:/home/aayush/newest_frenet_planner/install/dummy:/opt/ros/foxy /usr/bin/cmake --install /home/aayush/newest_frenet_planner/build/frenet_planner
