[1.228s] Invoking command in '/home/aayush/newest_frenet_planner/src/dummy': PYTHONPATH=/home/aayush/newest_frenet_planner/install/dummy/lib/python3.8/site-packages:${PYTHONPATH} /usr/bin/python3 setup.py egg_info --egg-base ../../build/dummy build --build-base /home/aayush/newest_frenet_planner/build/dummy/build install --prefix /home/aayush/newest_frenet_planner/install/dummy --record /home/aayush/newest_frenet_planner/build/dummy/install.log --single-version-externally-managed
[2.235s] running egg_info
[2.237s] writing ../../build/dummy/dummy.egg-info/PKG-INFO
[2.240s] writing dependency_links to ../../build/dummy/dummy.egg-info/dependency_links.txt
[2.243s] writing entry points to ../../build/dummy/dummy.egg-info/entry_points.txt
[2.250s] writing requirements to ../../build/dummy/dummy.egg-info/requires.txt
[2.251s] writing top-level names to ../../build/dummy/dummy.egg-info/top_level.txt
[2.631s] reading manifest file '../../build/dummy/dummy.egg-info/SOURCES.txt'
[2.642s] writing manifest file '../../build/dummy/dummy.egg-info/SOURCES.txt'
[2.644s] running build
[2.645s] running build_py
[2.653s] running install
[2.660s] running install_lib
[2.679s] running install_data
[2.681s] running install_egg_info
[2.693s] removing '/home/aayush/newest_frenet_planner/install/dummy/lib/python3.8/site-packages/dummy-0.0.0-py3.8.egg-info' (and everything under it)
[2.694s] Copying ../../build/dummy/dummy.egg-info to /home/aayush/newest_frenet_planner/install/dummy/lib/python3.8/site-packages/dummy-0.0.0-py3.8.egg-info
[2.698s] running install_scripts
[2.982s] Installing dum_pub script to /home/aayush/newest_frenet_planner/install/dummy/lib/dummy
[2.983s] writing list of installed files to '/home/aayush/newest_frenet_planner/build/dummy/install.log'
[3.133s] Invoked command in '/home/aayush/newest_frenet_planner/src/dummy' returned '0': PYTHONPATH=/home/aayush/newest_frenet_planner/install/dummy/lib/python3.8/site-packages:${PYTHONPATH} /usr/bin/python3 setup.py egg_info --egg-base ../../build/dummy build --build-base /home/aayush/newest_frenet_planner/build/dummy/build install --prefix /home/aayush/newest_frenet_planner/install/dummy --record /home/aayush/newest_frenet_planner/build/dummy/install.log --single-version-externally-managed
