[0.943s] Invoking command in '/home/aayush/newest_frenet_planner/src/dummy': PYTHONPATH=/home/aayush/newest_frenet_planner/install/dummy/lib/python3.8/site-packages:${PYTHONPATH} /usr/bin/python3 setup.py egg_info --egg-base ../../build/dummy build --build-base /home/aayush/newest_frenet_planner/build/dummy/build install --prefix /home/aayush/newest_frenet_planner/install/dummy --record /home/aayush/newest_frenet_planner/build/dummy/install.log --single-version-externally-managed
[1.932s] running egg_info
[1.933s] writing ../../build/dummy/dummy.egg-info/PKG-INFO
[1.934s] writing dependency_links to ../../build/dummy/dummy.egg-info/dependency_links.txt
[1.934s] writing entry points to ../../build/dummy/dummy.egg-info/entry_points.txt
[1.935s] writing requirements to ../../build/dummy/dummy.egg-info/requires.txt
[1.935s] writing top-level names to ../../build/dummy/dummy.egg-info/top_level.txt
[2.131s] reading manifest file '../../build/dummy/dummy.egg-info/SOURCES.txt'
[2.141s] writing manifest file '../../build/dummy/dummy.egg-info/SOURCES.txt'
[2.142s] running build
[2.142s] running build_py
[2.142s] running install
[2.144s] running install_lib
[2.157s] running install_data
[2.166s] running install_egg_info
[2.185s] removing '/home/aayush/newest_frenet_planner/install/dummy/lib/python3.8/site-packages/dummy-0.0.0-py3.8.egg-info' (and everything under it)
[2.186s] Copying ../../build/dummy/dummy.egg-info to /home/aayush/newest_frenet_planner/install/dummy/lib/python3.8/site-packages/dummy-0.0.0-py3.8.egg-info
[2.188s] running install_scripts
[2.438s] Installing dum_pub script to /home/aayush/newest_frenet_planner/install/dummy/lib/dummy
[2.439s] writing list of installed files to '/home/aayush/newest_frenet_planner/build/dummy/install.log'
[2.519s] Invoked command in '/home/aayush/newest_frenet_planner/src/dummy' returned '0': PYTHONPATH=/home/aayush/newest_frenet_planner/install/dummy/lib/python3.8/site-packages:${PYTHONPATH} /usr/bin/python3 setup.py egg_info --egg-base ../../build/dummy build --build-base /home/aayush/newest_frenet_planner/build/dummy/build install --prefix /home/aayush/newest_frenet_planner/install/dummy --record /home/aayush/newest_frenet_planner/build/dummy/install.log --single-version-externally-managed
