[0.855s] Invoking command in '/home/aayush/newest_frenet_planner/build/frenet_planner_ported': CMAKE_PREFIX_PATH=${CMAKE_PREFIX_PATH}:/home/aayush/newest_frenet_planner/install/dummy:/opt/ros/foxy /usr/bin/cmake --build /home/aayush/newest_frenet_planner/build/frenet_planner_ported -- -j2 -l2
[1.034s] [35m[1mScanning dependencies of target frenet_ros_obst[0m
[1.300s] [ 20%] [32mBuilding CXX object CMakeFiles/frenet_ros_obst.dir/src/frenet_ros_obst.cpp.o[0m
[1.314s] [ 40%] [32mBuilding CXX object CMakeFiles/frenet_ros_obst.dir/src/frenet_planner.cpp.o[0m
[7.590s] In file included from [01m[K/home/aayush/newest_frenet_planner/src/frenet_planner_ported/src/../include/frenet_class.hpp:11[m[K,
[7.591s]                  from [01m[K/home/aayush/newest_frenet_planner/src/frenet_planner_ported/src/frenet_ros_obst.cpp:1[m[K:
[7.591s] [01m[K/home/aayush/newest_frenet_planner/src/frenet_planner_ported/./include/matplotlibcpp.hpp:314:36:[m[K [01;35m[Kwarning: [m[Kstatic_assert without a message only available with ‘[01m[K-std=c++17[m[K’ or ‘[01m[K-std=gnu++17[m[K’ [[01;35m[K-Wpedantic[m[K]
[7.591s]   314 | static_assert(sizeof(long long) == [01;35m[K8[m[K);
[7.592s]       |                                    [01;35m[K^[m[K
[7.592s] [01m[K/home/aayush/newest_frenet_planner/src/frenet_planner_ported/./include/matplotlibcpp.hpp:316:45:[m[K [01;35m[Kwarning: [m[Kstatic_assert without a message only available with ‘[01m[K-std=c++17[m[K’ or ‘[01m[K-std=gnu++17[m[K’ [[01;35m[K-Wpedantic[m[K]
[7.592s]   316 | static_assert(sizeof(unsigned long long) == [01;35m[K8[m[K);
[7.592s]       |                                             [01;35m[K^[m[K
[8.268s] In file included from [01m[K/home/aayush/newest_frenet_planner/src/frenet_planner_ported/src/frenet_planner.cpp:8[m[K:
[8.268s] [01m[K/home/aayush/newest_frenet_planner/src/frenet_planner_ported/./include/matplotlibcpp.hpp:314:36:[m[K [01;35m[Kwarning: [m[Kstatic_assert without a message only available with ‘[01m[K-std=c++17[m[K’ or ‘[01m[K-std=gnu++17[m[K’ [[01;35m[K-Wpedantic[m[K]
[8.269s]   314 | static_assert(sizeof(long long) == [01;35m[K8[m[K);
[8.269s]       |                                    [01;35m[K^[m[K
[8.270s] [01m[K/home/aayush/newest_frenet_planner/src/frenet_planner_ported/./include/matplotlibcpp.hpp:316:45:[m[K [01;35m[Kwarning: [m[Kstatic_assert without a message only available with ‘[01m[K-std=c++17[m[K’ or ‘[01m[K-std=gnu++17[m[K’ [[01;35m[K-Wpedantic[m[K]
[8.270s]   316 | static_assert(sizeof(unsigned long long) == [01;35m[K8[m[K);
[8.270s]       |                                             [01;35m[K^[m[K
[10.890s] In file included from [01m[K/home/aayush/newest_frenet_planner/src/frenet_planner_ported/src/frenet_ros_obst.cpp:1[m[K:
[10.891s] [01m[K/home/aayush/newest_frenet_planner/src/frenet_planner_ported/src/../include/frenet_class.hpp:129:81:[m[K [01;35m[Kwarning: [m[K‘[01m[Kgeometry_msgs::msg::PolygonStamped_<std::allocator<void> >::ConstPtr[m[K’ is deprecated [[01;35m[K-Wdeprecated-declarations[m[K]
[10.891s]   129 | allback(const geometry_msgs::msg::PolygonStamped::ConstPtr p[01;35m[K)[m[K
[10.891s]       |                                                             [01;35m[K^[m[K
[10.892s] 
[10.892s] In file included from [01m[K/opt/ros/foxy/include/geometry_msgs/msg/polygon_stamped.hpp:7[m[K,
[10.892s]                  from [01m[K/home/aayush/newest_frenet_planner/src/frenet_planner_ported/src/../include/frenet_class.hpp:8[m[K,
[10.893s]                  from [01m[K/home/aayush/newest_frenet_planner/src/frenet_planner_ported/src/frenet_ros_obst.cpp:1[m[K:
[10.893s] [01m[K/opt/ros/foxy/include/geometry_msgs/msg/detail/polygon_stamped__struct.hpp:114:5:[m[K [01;36m[Knote: [m[Kdeclared here
[10.894s]   114 |     [01;36m[KConstPtr[m[K;
[10.894s]       |     [01;36m[K^~~~~~~~[m[K
[10.894s] In file included from [01m[K/home/aayush/newest_frenet_planner/src/frenet_planner_ported/src/frenet_ros_obst.cpp:1[m[K:
[10.894s] [01m[K/home/aayush/newest_frenet_planner/src/frenet_planner_ported/src/../include/frenet_class.hpp:135:67:[m[K [01;35m[Kwarning: [m[K‘[01m[Knav_msgs::msg::Odometry_<std::allocator<void> >::ConstPtr[m[K’ is deprecated [[01;35m[K-Wdeprecated-declarations[m[K]
[10.895s]   135 |     void odom_callback(const nav_msgs::msg::Odometry::ConstPtr msg[01;35m[K)[m[K
[10.895s]       |                                                                   [01;35m[K^[m[K
[10.895s] In file included from [01m[K/opt/ros/foxy/include/nav_msgs/msg/odometry.hpp:7[m[K,
[10.896s]                  from [01m[K/home/aayush/newest_frenet_planner/src/frenet_planner_ported/src/../include/frenet_class.hpp:6[m[K,
[10.896s]                  from [01m[K/home/aayush/newest_frenet_planner/src/frenet_planner_ported/src/frenet_ros_obst.cpp:1[m[K:
[10.896s] [01m[K/opt/ros/foxy/include/nav_msgs/msg/detail/odometry__struct.hpp:145:5:[m[K [01;36m[Knote: [m[Kdeclared here
[10.896s]   145 |     [01;36m[KConstPtr[m[K;
[10.896s]       |     [01;36m[K^~~~~~~~[m[K
[10.897s] In file included from [01m[K/home/aayush/newest_frenet_planner/src/frenet_planner_ported/src/frenet_ros_obst.cpp:1[m[K:
[10.897s] [01m[K/home/aayush/newest_frenet_planner/src/frenet_planner_ported/src/../include/frenet_class.hpp:139:86:[m[K [01;35m[Kwarning: [m[K‘[01m[Knav_msgs::msg::OccupancyGrid_<std::allocator<void> >::ConstPtr[m[K’ is deprecated [[01;35m[K-Wdeprecated-declarations[m[K]
[10.897s]   139 | (const nav_msgs::msg::OccupancyGrid::ConstPtr occupancy_grid[01;35m[K)[m[K
[10.897s]       |                                                             [01;35m[K^[m[K
[10.898s] 
[10.898s] In file included from [01m[K/opt/ros/foxy/include/nav_msgs/msg/occupancy_grid.hpp:7[m[K,
[10.898s]                  from [01m[K/home/aayush/newest_frenet_planner/src/frenet_planner_ported/src/../include/frenet_class.hpp:7[m[K,
[10.898s]                  from [01m[K/home/aayush/newest_frenet_planner/src/frenet_planner_ported/src/frenet_ros_obst.cpp:1[m[K:
[10.898s] [01m[K/opt/ros/foxy/include/nav_msgs/msg/detail/occupancy_grid__struct.hpp:123:5:[m[K [01;36m[Knote: [m[Kdeclared here
[10.899s]   123 |     [01;36m[KConstPtr[m[K;
[10.899s]       |     [01;36m[K^~~~~~~~[m[K
[11.050s] In file included from [01m[K/home/aayush/newest_frenet_planner/src/frenet_planner_ported/src/frenet_ros_obst.cpp:1[m[K:
[11.050s] [01m[K/home/aayush/newest_frenet_planner/src/frenet_planner_ported/src/../include/frenet_class.hpp:[m[K In member function ‘[01m[Kvoid FrenetClass::costmap_callback(nav_msgs::msg::OccupancyGrid_<std::allocator<void> >::ConstPtr)[m[K’:
[11.051s] [01m[K/home/aayush/newest_frenet_planner/src/frenet_planner_ported/src/../include/frenet_class.hpp:169:22:[m[K [01;35m[Kwarning: [m[Kcomparison of integer expressions of different signedness: ‘[01m[Klong int[m[K’ and ‘[01m[Kstd::vector<std::pair<double, double> >::size_type[m[K’ {aka ‘[01m[Klong unsigned int[m[K’} [[01;35m[K-Wsign-compare[m[K]
[11.051s]   169 |   for (long i = 0; [01;35m[Ki < ob1.size()[m[K; i++)
[11.051s]       |                    [01;35m[K~~^~~~~~~~~~~~[m[K
[11.051s] [01m[K/home/aayush/newest_frenet_planner/src/frenet_planner_ported/src/../include/frenet_class.hpp:149:13:[m[K [01;35m[Kwarning: [m[Kunused variable ‘[01m[KstartTime1[m[K’ [[01;35m[K-Wunused-variable[m[K]
[11.052s]   149 |      double [01;35m[KstartTime1[m[K = omp_get_wtime();
[11.052s]       |             [01;35m[K^~~~~~~~~~[m[K
[11.056s] In file included from [01m[K/home/aayush/newest_frenet_planner/src/frenet_planner_ported/src/frenet_ros_obst.cpp:2[m[K:
[11.056s] [01m[K/home/aayush/newest_frenet_planner/src/frenet_planner_ported/src/../include/frenet_optimal_trajectory.hpp:[m[K In function ‘[01m[Kstd::ostream& operator<<(std::ostream&, const FrenetPath&)[m[K’:
[11.057s] [01m[K/home/aayush/newest_frenet_planner/src/frenet_planner_ported/src/../include/frenet_optimal_trajectory.hpp:80:20:[m[K [01;35m[Kwarning: [m[Kstatement has no effect [[01;35m[K-Wunused-value[m[K]
[11.057s]    80 | #define trace(...) [01;35m[K42[m[K
[11.057s]       |                    [01;35m[K^~[m[K
[11.057s] [01m[K/home/aayush/newest_frenet_planner/src/frenet_planner_ported/src/../include/frenet_optimal_trajectory.hpp:80:20:[m[K [01;36m[Knote: [m[Kin definition of macro ‘[01m[Ktrace[m[K’
[11.058s]    80 | #define trace(...) [01;36m[K42[m[K
[11.058s]       |                    [01;36m[K^~[m[K
[11.059s] [01m[K/home/aayush/newest_frenet_planner/src/frenet_planner_ported/src/../include/frenet_optimal_trajectory.hpp:80:20:[m[K [01;35m[Kwarning: [m[Kstatement has no effect [[01;35m[K-Wunused-value[m[K]
[11.059s]    80 | #define trace(...) [01;35m[K42[m[K
[11.059s]       |                    [01;35m[K^~[m[K
[11.059s] [01m[K/home/aayush/newest_frenet_planner/src/frenet_planner_ported/src/../include/frenet_optimal_trajectory.hpp:80:20:[m[K [01;36m[Knote: [m[Kin definition of macro ‘[01m[Ktrace[m[K’
[11.060s]    80 | #define trace(...) [01;36m[K42[m[K
[11.060s]       |                    [01;36m[K^~[m[K
[11.061s] [01m[K/home/aayush/newest_frenet_planner/src/frenet_planner_ported/src/../include/frenet_optimal_trajectory.hpp:80:20:[m[K [01;35m[Kwarning: [m[Kstatement has no effect [[01;35m[K-Wunused-value[m[K]
[11.061s]    80 | #define trace(...) [01;35m[K42[m[K
[11.061s]       |                    [01;35m[K^~[m[K
[11.061s] [01m[K/home/aayush/newest_frenet_planner/src/frenet_planner_ported/src/../include/frenet_optimal_trajectory.hpp:80:20:[m[K [01;36m[Knote: [m[Kin definition of macro ‘[01m[Ktrace[m[K’
[11.062s]    80 | #define trace(...) [01;36m[K42[m[K
[11.062s]       |                    [01;36m[K^~[m[K
[11.063s] [01m[K/home/aayush/newest_frenet_planner/src/frenet_planner_ported/src/../include/frenet_optimal_trajectory.hpp:80:20:[m[K [01;35m[Kwarning: [m[Kstatement has no effect [[01;35m[K-Wunused-value[m[K]
[11.063s]    80 | #define trace(...) [01;35m[K42[m[K
[11.063s]       |                    [01;35m[K^~[m[K
[11.063s] [01m[K/home/aayush/newest_frenet_planner/src/frenet_planner_ported/src/../include/frenet_optimal_trajectory.hpp:80:20:[m[K [01;36m[Knote: [m[Kin definition of macro ‘[01m[Ktrace[m[K’
[11.064s]    80 | #define trace(...) [01;36m[K42[m[K
[11.064s]       |                    [01;36m[K^~[m[K
[11.064s] [01m[K/home/aayush/newest_frenet_planner/src/frenet_planner_ported/src/../include/frenet_optimal_trajectory.hpp:80:20:[m[K [01;35m[Kwarning: [m[Kstatement has no effect [[01;35m[K-Wunused-value[m[K]
[11.064s]    80 | #define trace(...) [01;35m[K42[m[K
[11.065s]       |                    [01;35m[K^~[m[K
[11.065s] [01m[K/home/aayush/newest_frenet_planner/src/frenet_planner_ported/src/../include/frenet_optimal_trajectory.hpp:80:20:[m[K [01;36m[Knote: [m[Kin definition of macro ‘[01m[Ktrace[m[K’
[11.065s]    80 | #define trace(...) [01;36m[K42[m[K
[11.073s]       |                    [01;36m[K^~[m[K
[11.074s] [01m[K/home/aayush/newest_frenet_planner/src/frenet_planner_ported/src/../include/frenet_optimal_trajectory.hpp:80:20:[m[K [01;35m[Kwarning: [m[Kstatement has no effect [[01;35m[K-Wunused-value[m[K]
[11.074s]    80 | #define trace(...) [01;35m[K42[m[K
[11.074s]       |                    [01;35m[K^~[m[K
[11.074s] [01m[K/home/aayush/newest_frenet_planner/src/frenet_planner_ported/src/../include/frenet_optimal_trajectory.hpp:80:20:[m[K [01;36m[Knote: [m[Kin definition of macro ‘[01m[Ktrace[m[K’
[11.075s]    80 | #define trace(...) [01;36m[K42[m[K
[11.075s]       |                    [01;36m[K^~[m[K
[11.075s] [01m[K/home/aayush/newest_frenet_planner/src/frenet_planner_ported/src/../include/frenet_optimal_trajectory.hpp:80:20:[m[K [01;35m[Kwarning: [m[Kstatement has no effect [[01;35m[K-Wunused-value[m[K]
[11.076s]    80 | #define trace(...) [01;35m[K42[m[K
[11.076s]       |                    [01;35m[K^~[m[K
[11.076s] [01m[K/home/aayush/newest_frenet_planner/src/frenet_planner_ported/src/../include/frenet_optimal_trajectory.hpp:80:20:[m[K [01;36m[Knote: [m[Kin definition of macro ‘[01m[Ktrace[m[K’
[11.076s]    80 | #define trace(...) [01;36m[K42[m[K
[11.077s]       |                    [01;36m[K^~[m[K
[11.077s] [01m[K/home/aayush/newest_frenet_planner/src/frenet_planner_ported/src/../include/frenet_optimal_trajectory.hpp:80:20:[m[K [01;35m[Kwarning: [m[Kstatement has no effect [[01;35m[K-Wunused-value[m[K]
[11.078s]    80 | #define trace(...) [01;35m[K42[m[K
[11.078s]       |                    [01;35m[K^~[m[K
[11.078s] [01m[K/home/aayush/newest_frenet_planner/src/frenet_planner_ported/src/../include/frenet_optimal_trajectory.hpp:80:20:[m[K [01;36m[Knote: [m[Kin definition of macro ‘[01m[Ktrace[m[K’
[11.079s]    80 | #define trace(...) [01;36m[K42[m[K
[11.079s]       |                    [01;36m[K^~[m[K
[11.079s] [01m[K/home/aayush/newest_frenet_planner/src/frenet_planner_ported/src/../include/frenet_optimal_trajectory.hpp:80:20:[m[K [01;35m[Kwarning: [m[Kstatement has no effect [[01;35m[K-Wunused-value[m[K]
[11.080s]    80 | #define trace(...) [01;35m[K42[m[K
[11.082s]       |                    [01;35m[K^~[m[K
[11.082s] [01m[K/home/aayush/newest_frenet_planner/src/frenet_planner_ported/src/../include/frenet_optimal_trajectory.hpp:80:20:[m[K [01;36m[Knote: [m[Kin definition of macro ‘[01m[Ktrace[m[K’
[11.083s]    80 | #define trace(...) [01;36m[K42[m[K
[11.083s]       |                    [01;36m[K^~[m[K
[11.083s] [01m[K/home/aayush/newest_frenet_planner/src/frenet_planner_ported/src/../include/frenet_optimal_trajectory.hpp:80:20:[m[K [01;35m[Kwarning: [m[Kstatement has no effect [[01;35m[K-Wunused-value[m[K]
[11.084s]    80 | #define trace(...) [01;35m[K42[m[K
[11.084s]       |                    [01;35m[K^~[m[K
[11.084s] [01m[K/home/aayush/newest_frenet_planner/src/frenet_planner_ported/src/../include/frenet_optimal_trajectory.hpp:80:20:[m[K [01;36m[Knote: [m[Kin definition of macro ‘[01m[Ktrace[m[K’
[11.085s]    80 | #define trace(...) [01;36m[K42[m[K
[11.085s]       |                    [01;36m[K^~[m[K
[11.085s] [01m[K/home/aayush/newest_frenet_planner/src/frenet_planner_ported/src/../include/frenet_optimal_trajectory.hpp:80:20:[m[K [01;35m[Kwarning: [m[Kstatement has no effect [[01;35m[K-Wunused-value[m[K]
[11.085s]    80 | #define trace(...) [01;35m[K42[m[K
[11.086s]       |                    [01;35m[K^~[m[K
[11.086s] [01m[K/home/aayush/newest_frenet_planner/src/frenet_planner_ported/src/../include/frenet_optimal_trajectory.hpp:80:20:[m[K [01;36m[Knote: [m[Kin definition of macro ‘[01m[Ktrace[m[K’
[11.086s]    80 | #define trace(...) [01;36m[K42[m[K
[11.087s]       |                    [01;36m[K^~[m[K
[11.087s] [01m[K/home/aayush/newest_frenet_planner/src/frenet_planner_ported/src/../include/frenet_optimal_trajectory.hpp:80:20:[m[K [01;35m[Kwarning: [m[Kstatement has no effect [[01;35m[K-Wunused-value[m[K]
[11.087s]    80 | #define trace(...) [01;35m[K42[m[K
[11.098s]       |                    [01;35m[K^~[m[K
[11.098s] [01m[K/home/aayush/newest_frenet_planner/src/frenet_planner_ported/src/../include/frenet_optimal_trajectory.hpp:80:20:[m[K [01;36m[Knote: [m[Kin definition of macro ‘[01m[Ktrace[m[K’
[11.098s]    80 | #define trace(...) [01;36m[K42[m[K
[11.099s]       |                    [01;36m[K^~[m[K
[11.099s] [01m[K/home/aayush/newest_frenet_planner/src/frenet_planner_ported/src/../include/frenet_optimal_trajectory.hpp:80:20:[m[K [01;35m[Kwarning: [m[Kstatement has no effect [[01;35m[K-Wunused-value[m[K]
[11.099s]    80 | #define trace(...) [01;35m[K42[m[K
[11.100s]       |                    [01;35m[K^~[m[K
[11.100s] [01m[K/home/aayush/newest_frenet_planner/src/frenet_planner_ported/src/../include/frenet_optimal_trajectory.hpp:80:20:[m[K [01;36m[Knote: [m[Kin definition of macro ‘[01m[Ktrace[m[K’
[11.100s]    80 | #define trace(...) [01;36m[K42[m[K
[11.100s]       |                    [01;36m[K^~[m[K
[11.100s] [01m[K/home/aayush/newest_frenet_planner/src/frenet_planner_ported/src/../include/frenet_optimal_trajectory.hpp:81:59:[m[K [01;35m[Kwarning: [m[Kunused parameter ‘[01m[Kfp[m[K’ [[01;35m[K-Wunused-parameter[m[K]
[11.101s]    81 | inline ostream& operator<<(ostream& os, [01;35m[Kconst FrenetPath& fp[m[K)
[11.101s]       |                                         [01;35m[K~~~~~~~~~~~~~~~~~~^~[m[K
[11.101s] [01m[K/home/aayush/newest_frenet_planner/src/frenet_planner_ported/src/frenet_ros_obst.cpp:[m[K In function ‘[01m[Kdouble get_bot_yaw()[m[K’:
[11.101s] [01m[K/home/aayush/newest_frenet_planner/src/frenet_planner_ported/src/../include/frenet_optimal_trajectory.hpp:80:20:[m[K [01;35m[Kwarning: [m[Kstatement has no effect [[01;35m[K-Wunused-value[m[K]
[11.102s]    80 | #define trace(...) [01;35m[K42[m[K
[11.102s]       |                    [01;35m[K^~[m[K
[11.102s] [01m[K/home/aayush/newest_frenet_planner/src/frenet_planner_ported/src/../include/frenet_optimal_trajectory.hpp:80:20:[m[K [01;36m[Knote: [m[Kin definition of macro ‘[01m[Ktrace[m[K’
[11.102s]    80 | #define trace(...) [01;36m[K42[m[K
[11.102s]       |                    [01;36m[K^~[m[K
[11.103s] [01m[K/home/aayush/newest_frenet_planner/src/frenet_planner_ported/src/frenet_ros_obst.cpp:[m[K In function ‘[01m[Kvoid initial_conditions_path(Spline2D&, double&, double&, double&, double&, double&, double&, FrenetPath&)[m[K’:
[11.103s] [01m[K/home/aayush/newest_frenet_planner/src/frenet_planner_ported/src/frenet_ros_obst.cpp:55:40:[m[K [01;35m[Kwarning: [m[Kunused parameter ‘[01m[Kcsp[m[K’ [[01;35m[K-Wunused-parameter[m[K]
[11.103s]    55 | void initial_conditions_path([01;35m[KSpline2D &csp[m[K, double &s0, double &c_speed, double &c_d, double &c_d_d,
[11.103s]       |                              [01;35m[K~~~~~~~~~~^~~[m[K
[11.103s] In file included from [01m[K/home/aayush/newest_frenet_planner/src/frenet_planner_ported/src/frenet_ros_obst.cpp:2[m[K:
[11.104s] [01m[K/home/aayush/newest_frenet_planner/src/frenet_planner_ported/src/frenet_ros_obst.cpp:[m[K In function ‘[01m[Kint initial_conditions_new(Spline2D&, vecD&, vecD&, vecD&, vecD&, vecD&, double&, double&, double&, double&, double&, double&, FrenetPath&)[m[K’:
[11.104s] [01m[K/home/aayush/newest_frenet_planner/src/frenet_planner_ported/src/../include/frenet_optimal_trajectory.hpp:80:20:[m[K [01;35m[Kwarning: [m[Kstatement has no effect [[01;35m[K-Wunused-value[m[K]
[11.104s]    80 | #define trace(...) [01;35m[K42[m[K
[11.104s]       |                    [01;35m[K^~[m[K
[11.105s] [01m[K/home/aayush/newest_frenet_planner/src/frenet_planner_ported/src/../include/frenet_optimal_trajectory.hpp:80:20:[m[K [01;36m[Knote: [m[Kin definition of macro ‘[01m[Ktrace[m[K’
[11.105s]    80 | #define trace(...) [01;36m[K42[m[K
[11.105s]       |                    [01;36m[K^~[m[K
[11.105s] [01m[K/home/aayush/newest_frenet_planner/src/frenet_planner_ported/src/../include/frenet_optimal_trajectory.hpp:80:20:[m[K [01;35m[Kwarning: [m[Kstatement has no effect [[01;35m[K-Wunused-value[m[K]
[11.105s]    80 | #define trace(...) [01;35m[K42[m[K
[11.106s]       |                    [01;35m[K^~[m[K
[11.113s] [01m[K/home/aayush/newest_frenet_planner/src/frenet_planner_ported/src/../include/frenet_optimal_trajectory.hpp:80:20:[m[K [01;36m[Knote: [m[Kin definition of macro ‘[01m[Ktrace[m[K’
[11.114s]    80 | #define trace(...) [01;36m[K42[m[K
[11.114s]       |                    [01;36m[K^~[m[K
[11.114s] [01m[K/home/aayush/newest_frenet_planner/src/frenet_planner_ported/src/frenet_ros_obst.cpp:71:38:[m[K [01;35m[Kwarning: [m[Kunused parameter ‘[01m[Kcsp[m[K’ [[01;35m[K-Wunused-parameter[m[K]
[11.114s]    71 | int initial_conditions_new([01;35m[KSpline2D &csp[m[K, vecD &global_s, vecD &global_x, vecD &global_y,
[11.115s]       |                            [01;35m[K~~~~~~~~~~^~~[m[K
[11.115s] In file included from [01m[K/home/aayush/newest_frenet_planner/src/frenet_planner_ported/src/frenet_ros_obst.cpp:2[m[K:
[11.115s] [01m[K/home/aayush/newest_frenet_planner/src/frenet_planner_ported/src/frenet_ros_obst.cpp:[m[K In function ‘[01m[Kint main(int, char**)[m[K’:
[11.115s] [01m[K/home/aayush/newest_frenet_planner/src/frenet_planner_ported/src/../include/frenet_optimal_trajectory.hpp:80:20:[m[K [01;35m[Kwarning: [m[Kstatement has no effect [[01;35m[K-Wunused-value[m[K]
[11.115s]    80 | #define trace(...) [01;35m[K42[m[K
[11.116s]       |                    [01;35m[K^~[m[K
[11.116s] [01m[K/home/aayush/newest_frenet_planner/src/frenet_planner_ported/src/../include/frenet_optimal_trajectory.hpp:80:20:[m[K [01;36m[Knote: [m[Kin definition of macro ‘[01m[Ktrace[m[K’
[11.116s]    80 | #define trace(...) [01;36m[K42[m[K
[11.116s]       |                    [01;36m[K^~[m[K
[11.188s] [01m[K/home/aayush/newest_frenet_planner/src/frenet_planner_ported/src/frenet_ros_obst.cpp:174:10:[m[K [01;35m[Kwarning: [m[Kunused variable ‘[01m[KstartTime1[m[K’ [[01;35m[K-Wunused-variable[m[K]
[11.189s]   174 |   double [01;35m[KstartTime1[m[K = omp_get_wtime();
[11.189s]       |          [01;35m[K^~~~~~~~~~[m[K
[11.190s] [01m[K/home/aayush/newest_frenet_planner/src/frenet_planner_ported/src/frenet_ros_obst.cpp:188:10:[m[K [01;35m[Kwarning: [m[Kunused variable ‘[01m[KendTime1[m[K’ [[01;35m[K-Wunused-variable[m[K]
[11.190s]   188 |   double [01;35m[KendTime1[m[K = omp_get_wtime();
[11.191s]       |          [01;35m[K^~~~~~~~[m[K
[11.191s] [01m[K/home/aayush/newest_frenet_planner/src/frenet_planner_ported/src/frenet_ros_obst.cpp:260:10:[m[K [01;35m[Kwarning: [m[Kunused variable ‘[01m[KstartTime3[m[K’ [[01;35m[K-Wunused-variable[m[K]
[11.191s]   260 |   double [01;35m[KstartTime3[m[K = omp_get_wtime();
[11.192s]       |          [01;35m[K^~~~~~~~~~[m[K
[11.192s] [01m[K/home/aayush/newest_frenet_planner/src/frenet_planner_ported/src/frenet_ros_obst.cpp:262:10:[m[K [01;35m[Kwarning: [m[Kunused variable ‘[01m[KendTime3[m[K’ [[01;35m[K-Wunused-variable[m[K]
[11.193s]   262 |   double [01;35m[KendTime3[m[K = omp_get_wtime();
[11.193s]       |          [01;35m[K^~~~~~~~[m[K
[11.194s] [01m[K/home/aayush/newest_frenet_planner/src/frenet_planner_ported/src/frenet_ros_obst.cpp:130:7:[m[K [01;35m[Kwarning: [m[Kunused variable ‘[01m[KgotOdom[m[K’ [[01;35m[K-Wunused-variable[m[K]
[11.194s]   130 |  bool [01;35m[KgotOdom[m[K = false;
[11.194s]       |       [01;35m[K^~~~~~~[m[K
[11.195s] [01m[K/home/aayush/newest_frenet_planner/src/frenet_planner_ported/src/frenet_ros_obst.cpp:164:9:[m[K [01;35m[Kwarning: [m[Kunused variable ‘[01m[Kpltbasetime[m[K’ [[01;35m[K-Wunused-variable[m[K]
[11.195s]   164 |  double [01;35m[Kpltbasetime[m[K = omp_get_wtime();
[11.195s]       |         [01;35m[K^~~~~~~~~~~[m[K
[11.196s] [01m[K/home/aayush/newest_frenet_planner/src/frenet_planner_ported/src/frenet_ros_obst.cpp:166:6:[m[K [01;35m[Kwarning: [m[Kunused variable ‘[01m[Kiteration_count[m[K’ [[01;35m[K-Wunused-variable[m[K]
[11.196s]   166 |  int [01;35m[Kiteration_count[m[K = 1;
[11.196s]       |      [01;35m[K^~~~~~~~~~~~~~~[m[K
[11.299s] In file included from [01m[K/home/aayush/newest_frenet_planner/src/frenet_planner_ported/src/../include/frenet_optimal_trajectory.hpp:6[m[K,
[11.299s]                  from [01m[K/home/aayush/newest_frenet_planner/src/frenet_planner_ported/src/frenet_planner.cpp:10[m[K:
[11.300s] [01m[K/home/aayush/newest_frenet_planner/src/frenet_planner_ported/src/../include/../include/frenet_class.hpp:129:81:[m[K [01;35m[Kwarning: [m[K‘[01m[Kgeometry_msgs::msg::PolygonStamped_<std::allocator<void> >::ConstPtr[m[K’ is deprecated [[01;35m[K-Wdeprecated-declarations[m[K]
[11.300s]   129 |     void footprint_callback(const geometry_msgs::msg::PolygonStamped::ConstPtr p[01;35m[K)[m[K
[11.300s]       |                                                                                 [01;35m[K^[m[K
[11.300s] In file included from [01m[K/opt/ros/foxy/include/geometry_msgs/msg/polygon_stamped.hpp:7[m[K,
[11.300s]                  from [01m[K/home/aayush/newest_frenet_planner/src/frenet_planner_ported/src/frenet_planner.cpp:6[m[K:
[11.301s] [01m[K/opt/ros/foxy/include/geometry_msgs/msg/detail/polygon_stamped__struct.hpp:114:5:[m[K [01;36m[Knote: [m[Kdeclared here
[11.301s]   114 |     [01;36m[KConstPtr[m[K;
[11.301s]       |     [01;36m[K^~~~~~~~[m[K
[11.301s] In file included from [01m[K/home/aayush/newest_frenet_planner/src/frenet_planner_ported/src/../include/frenet_optimal_trajectory.hpp:6[m[K,
[11.301s]                  from [01m[K/home/aayush/newest_frenet_planner/src/frenet_planner_ported/src/frenet_planner.cpp:10[m[K:
[11.302s] [01m[K/home/aayush/newest_frenet_planner/src/frenet_planner_ported/src/../include/../include/frenet_class.hpp:135:67:[m[K [01;35m[Kwarning: [m[K‘[01m[Knav_msgs::msg::Odometry_<std::allocator<void> >::ConstPtr[m[K’ is deprecated [[01;35m[K-Wdeprecated-declarations[m[K]
[11.302s]   135 |     void odom_callback(const nav_msgs::msg::Odometry::ConstPtr msg[01;35m[K)[m[K
[11.302s]       |                                                                   [01;35m[K^[m[K
[11.302s] In file included from [01m[K/opt/ros/foxy/include/nav_msgs/msg/odometry.hpp:7[m[K,
[11.302s]                  from [01m[K/home/aayush/newest_frenet_planner/src/frenet_planner_ported/src/frenet_planner.cpp:4[m[K:
[11.303s] [01m[K/opt/ros/foxy/include/nav_msgs/msg/detail/odometry__struct.hpp:145:5:[m[K [01;36m[Knote: [m[Kdeclared here
[11.303s]   145 |     [01;36m[KConstPtr[m[K;
[11.303s]       |     [01;36m[K^~~~~~~~[m[K
[11.303s] In file included from [01m[K/home/aayush/newest_frenet_planner/src/frenet_planner_ported/src/../include/frenet_optimal_trajectory.hpp:6[m[K,
[11.304s]                  from [01m[K/home/aayush/newest_frenet_planner/src/frenet_planner_ported/src/frenet_planner.cpp:10[m[K:
[11.304s] [01m[K/home/aayush/newest_frenet_planner/src/frenet_planner_ported/src/../include/../include/frenet_class.hpp:139:86:[m[K [01;35m[Kwarning: [m[K‘[01m[Knav_msgs::msg::OccupancyGrid_<std::allocator<void> >::ConstPtr[m[K’ is deprecated [[01;35m[K-Wdeprecated-declarations[m[K]
[11.304s]   139 |     void costmap_callback(const nav_msgs::msg::OccupancyGrid::ConstPtr occupancy_grid[01;35m[K)[m[K
[11.304s]       |                                                                                      [01;35m[K^[m[K
[11.304s] In file included from [01m[K/opt/ros/foxy/include/nav_msgs/msg/occupancy_grid.hpp:7[m[K,
[11.305s]                  from [01m[K/home/aayush/newest_frenet_planner/src/frenet_planner_ported/src/frenet_planner.cpp:5[m[K:
[11.305s] [01m[K/opt/ros/foxy/include/nav_msgs/msg/detail/occupancy_grid__struct.hpp:123:5:[m[K [01;36m[Knote: [m[Kdeclared here
[11.305s]   123 |     [01;36m[KConstPtr[m[K;
[11.305s]       |     [01;36m[K^~~~~~~~[m[K
[11.455s] In file included from [01m[K/home/aayush/newest_frenet_planner/src/frenet_planner_ported/src/../include/frenet_optimal_trajectory.hpp:6[m[K,
[11.456s]                  from [01m[K/home/aayush/newest_frenet_planner/src/frenet_planner_ported/src/frenet_planner.cpp:10[m[K:
[11.456s] [01m[K/home/aayush/newest_frenet_planner/src/frenet_planner_ported/src/../include/../include/frenet_class.hpp:[m[K In member function ‘[01m[Kvoid FrenetClass::costmap_callback(nav_msgs::msg::OccupancyGrid_<std::allocator<void> >::ConstPtr)[m[K’:
[11.456s] [01m[K/home/aayush/newest_frenet_planner/src/frenet_planner_ported/src/../include/../include/frenet_class.hpp:169:22:[m[K [01;35m[Kwarning: [m[Kcomparison of integer expressions of different signedness: ‘[01m[Klong int[m[K’ and ‘[01m[Kstd::vector<std::pair<double, double> >::size_type[m[K’ {aka ‘[01m[Klong unsigned int[m[K’} [[01;35m[K-Wsign-compare[m[K]
[11.457s]   169 |   for (long i = 0; [01;35m[Ki < ob1.size()[m[K; i++)
[11.457s]       |                    [01;35m[K~~^~~~~~~~~~~~[m[K
[11.457s] [01m[K/home/aayush/newest_frenet_planner/src/frenet_planner_ported/src/../include/../include/frenet_class.hpp:149:13:[m[K [01;35m[Kwarning: [m[Kunused variable ‘[01m[KstartTime1[m[K’ [[01;35m[K-Wunused-variable[m[K]
[11.457s]   149 |      double [01;35m[KstartTime1[m[K = omp_get_wtime();
[11.458s]       |             [01;35m[K^~~~~~~~~~[m[K
[11.460s] In file included from [01m[K/home/aayush/newest_frenet_planner/src/frenet_planner_ported/src/frenet_planner.cpp:10[m[K:
[11.460s] [01m[K/home/aayush/newest_frenet_planner/src/frenet_planner_ported/src/../include/frenet_optimal_trajectory.hpp:[m[K In function ‘[01m[Kstd::ostream& operator<<(std::ostream&, const FrenetPath&)[m[K’:
[11.460s] [01m[K/home/aayush/newest_frenet_planner/src/frenet_planner_ported/src/../include/frenet_optimal_trajectory.hpp:80:20:[m[K [01;35m[Kwarning: [m[Kstatement has no effect [[01;35m[K-Wunused-value[m[K]
[11.461s]    80 | #define trace(...) [01;35m[K42[m[K
[11.461s]       |                    [01;35m[K^~[m[K
[11.461s] [01m[K/home/aayush/newest_frenet_planner/src/frenet_planner_ported/src/../include/frenet_optimal_trajectory.hpp:80:20:[m[K [01;36m[Knote: [m[Kin definition of macro ‘[01m[Ktrace[m[K’
[11.462s]    80 | #define trace(...) [01;36m[K42[m[K
[11.462s]       |                    [01;36m[K^~[m[K
[11.462s] [01m[K/home/aayush/newest_frenet_planner/src/frenet_planner_ported/src/../include/frenet_optimal_trajectory.hpp:80:20:[m[K [01;35m[Kwarning: [m[Kstatement has no effect [[01;35m[K-Wunused-value[m[K]
[11.462s]    80 | #define trace(...) [01;35m[K42[m[K
[11.463s]       |                    [01;35m[K^~[m[K
[11.463s] [01m[K/home/aayush/newest_frenet_planner/src/frenet_planner_ported/src/../include/frenet_optimal_trajectory.hpp:80:20:[m[K [01;36m[Knote: [m[Kin definition of macro ‘[01m[Ktrace[m[K’
[11.463s]    80 | #define trace(...) [01;36m[K42[m[K
[11.463s]       |                    [01;36m[K^~[m[K
[11.465s] [01m[K/home/aayush/newest_frenet_planner/src/frenet_planner_ported/src/../include/frenet_optimal_trajectory.hpp:80:20:[m[K [01;35m[Kwarning: [m[Kstatement has no effect [[01;35m[K-Wunused-value[m[K]
[11.466s]    80 | #define trace(...) [01;35m[K42[m[K
[11.466s]       |                    [01;35m[K^~[m[K
[11.466s] [01m[K/home/aayush/newest_frenet_planner/src/frenet_planner_ported/src/../include/frenet_optimal_trajectory.hpp:80:20:[m[K [01;36m[Knote: [m[Kin definition of macro ‘[01m[Ktrace[m[K’
[11.466s]    80 | #define trace(...) [01;36m[K42[m[K
[11.467s]       |                    [01;36m[K^~[m[K
[11.467s] [01m[K/home/aayush/newest_frenet_planner/src/frenet_planner_ported/src/../include/frenet_optimal_trajectory.hpp:80:20:[m[K [01;35m[Kwarning: [m[Kstatement has no effect [[01;35m[K-Wunused-value[m[K]
[11.467s]    80 | #define trace(...) [01;35m[K42[m[K
[11.468s]       |                    [01;35m[K^~[m[K
[11.468s] [01m[K/home/aayush/newest_frenet_planner/src/frenet_planner_ported/src/../include/frenet_optimal_trajectory.hpp:80:20:[m[K [01;36m[Knote: [m[Kin definition of macro ‘[01m[Ktrace[m[K’
[11.468s]    80 | #define trace(...) [01;36m[K42[m[K
[11.468s]       |                    [01;36m[K^~[m[K
[11.469s] [01m[K/home/aayush/newest_frenet_planner/src/frenet_planner_ported/src/../include/frenet_optimal_trajectory.hpp:80:20:[m[K [01;35m[Kwarning: [m[Kstatement has no effect [[01;35m[K-Wunused-value[m[K]
[11.469s]    80 | #define trace(...) [01;35m[K42[m[K
[11.469s]       |                    [01;35m[K^~[m[K
[11.469s] [01m[K/home/aayush/newest_frenet_planner/src/frenet_planner_ported/src/../include/frenet_optimal_trajectory.hpp:80:20:[m[K [01;36m[Knote: [m[Kin definition of macro ‘[01m[Ktrace[m[K’
[11.470s]    80 | #define trace(...) [01;36m[K42[m[K
[11.470s]       |                    [01;36m[K^~[m[K
[11.470s] [01m[K/home/aayush/newest_frenet_planner/src/frenet_planner_ported/src/../include/frenet_optimal_trajectory.hpp:80:20:[m[K [01;35m[Kwarning: [m[Kstatement has no effect [[01;35m[K-Wunused-value[m[K]
[11.470s]    80 | #define trace(...) [01;35m[K42[m[K
[11.471s]       |                    [01;35m[K^~[m[K
[11.471s] [01m[K/home/aayush/newest_frenet_planner/src/frenet_planner_ported/src/../include/frenet_optimal_trajectory.hpp:80:20:[m[K [01;36m[Knote: [m[Kin definition of macro ‘[01m[Ktrace[m[K’
[11.471s]    80 | #define trace(...) [01;36m[K42[m[K
[11.486s]       |                    [01;36m[K^~[m[K
[11.486s] [01m[K/home/aayush/newest_frenet_planner/src/frenet_planner_ported/src/../include/frenet_optimal_trajectory.hpp:80:20:[m[K [01;35m[Kwarning: [m[Kstatement has no effect [[01;35m[K-Wunused-value[m[K]
[11.486s]    80 | #define trace(...) [01;35m[K42[m[K
[11.487s]       |                    [01;35m[K^~[m[K
[11.487s] [01m[K/home/aayush/newest_frenet_planner/src/frenet_planner_ported/src/../include/frenet_optimal_trajectory.hpp:80:20:[m[K [01;36m[Knote: [m[Kin definition of macro ‘[01m[Ktrace[m[K’
[11.487s]    80 | #define trace(...) [01;36m[K42[m[K
[11.488s]       |                    [01;36m[K^~[m[K
[11.488s] [01m[K/home/aayush/newest_frenet_planner/src/frenet_planner_ported/src/../include/frenet_optimal_trajectory.hpp:80:20:[m[K [01;35m[Kwarning: [m[Kstatement has no effect [[01;35m[K-Wunused-value[m[K]
[11.488s]    80 | #define trace(...) [01;35m[K42[m[K
[11.488s]       |                    [01;35m[K^~[m[K
[11.489s] [01m[K/home/aayush/newest_frenet_planner/src/frenet_planner_ported/src/../include/frenet_optimal_trajectory.hpp:80:20:[m[K [01;36m[Knote: [m[Kin definition of macro ‘[01m[Ktrace[m[K’
[11.489s]    80 | #define trace(...) [01;36m[K42[m[K
[11.489s]       |                    [01;36m[K^~[m[K
[11.489s] [01m[K/home/aayush/newest_frenet_planner/src/frenet_planner_ported/src/../include/frenet_optimal_trajectory.hpp:80:20:[m[K [01;35m[Kwarning: [m[Kstatement has no effect [[01;35m[K-Wunused-value[m[K]
[11.490s]    80 | #define trace(...) [01;35m[K42[m[K
[11.490s]       |                    [01;35m[K^~[m[K
[11.490s] [01m[K/home/aayush/newest_frenet_planner/src/frenet_planner_ported/src/../include/frenet_optimal_trajectory.hpp:80:20:[m[K [01;36m[Knote: [m[Kin definition of macro ‘[01m[Ktrace[m[K’
[11.491s]    80 | #define trace(...) [01;36m[K42[m[K
[11.491s]       |                    [01;36m[K^~[m[K
[11.491s] [01m[K/home/aayush/newest_frenet_planner/src/frenet_planner_ported/src/../include/frenet_optimal_trajectory.hpp:80:20:[m[K [01;35m[Kwarning: [m[Kstatement has no effect [[01;35m[K-Wunused-value[m[K]
[11.491s]    80 | #define trace(...) [01;35m[K42[m[K
[11.492s]       |                    [01;35m[K^~[m[K
[11.492s] [01m[K/home/aayush/newest_frenet_planner/src/frenet_planner_ported/src/../include/frenet_optimal_trajectory.hpp:80:20:[m[K [01;36m[Knote: [m[Kin definition of macro ‘[01m[Ktrace[m[K’
[11.492s]    80 | #define trace(...) [01;36m[K42[m[K
[11.492s]       |                    [01;36m[K^~[m[K
[11.493s] [01m[K/home/aayush/newest_frenet_planner/src/frenet_planner_ported/src/../include/frenet_optimal_trajectory.hpp:80:20:[m[K [01;35m[Kwarning: [m[Kstatement has no effect [[01;35m[K-Wunused-value[m[K]
[11.493s]    80 | #define trace(...) [01;35m[K42[m[K
[11.493s]       |                    [01;35m[K^~[m[K
[11.493s] [01m[K/home/aayush/newest_frenet_planner/src/frenet_planner_ported/src/../include/frenet_optimal_trajectory.hpp:80:20:[m[K [01;36m[Knote: [m[Kin definition of macro ‘[01m[Ktrace[m[K’
[11.500s]    80 | #define trace(...) [01;36m[K42[m[K
[11.500s]       |                    [01;36m[K^~[m[K
[11.500s] [01m[K/home/aayush/newest_frenet_planner/src/frenet_planner_ported/src/../include/frenet_optimal_trajectory.hpp:80:20:[m[K [01;35m[Kwarning: [m[Kstatement has no effect [[01;35m[K-Wunused-value[m[K]
[11.500s]    80 | #define trace(...) [01;35m[K42[m[K
[11.501s]       |                    [01;35m[K^~[m[K
[11.501s] [01m[K/home/aayush/newest_frenet_planner/src/frenet_planner_ported/src/../include/frenet_optimal_trajectory.hpp:80:20:[m[K [01;36m[Knote: [m[Kin definition of macro ‘[01m[Ktrace[m[K’
[11.501s]    80 | #define trace(...) [01;36m[K42[m[K
[11.508s]       |                    [01;36m[K^~[m[K
[11.508s] [01m[K/home/aayush/newest_frenet_planner/src/frenet_planner_ported/src/../include/frenet_optimal_trajectory.hpp:80:20:[m[K [01;35m[Kwarning: [m[Kstatement has no effect [[01;35m[K-Wunused-value[m[K]
[11.509s]    80 | #define trace(...) [01;35m[K42[m[K
[11.509s]       |                    [01;35m[K^~[m[K
[11.509s] [01m[K/home/aayush/newest_frenet_planner/src/frenet_planner_ported/src/../include/frenet_optimal_trajectory.hpp:80:20:[m[K [01;36m[Knote: [m[Kin definition of macro ‘[01m[Ktrace[m[K’
[11.509s]    80 | #define trace(...) [01;36m[K42[m[K
[11.509s]       |                    [01;36m[K^~[m[K
[11.510s] [01m[K/home/aayush/newest_frenet_planner/src/frenet_planner_ported/src/../include/frenet_optimal_trajectory.hpp:81:59:[m[K [01;35m[Kwarning: [m[Kunused parameter ‘[01m[Kfp[m[K’ [[01;35m[K-Wunused-parameter[m[K]
[11.510s]    81 | inline ostream& operator<<(ostream& os, [01;35m[Kconst FrenetPath& fp[m[K)
[11.510s]       |                                         [01;35m[K~~~~~~~~~~~~~~~~~~^~[m[K
[11.510s] [01m[K/home/aayush/newest_frenet_planner/src/frenet_planner_ported/src/frenet_planner.cpp:[m[K In member function ‘[01m[Kvoid FrenetPath::calc_lon_paths_quintic_poly(double, double, double, double, double)[m[K’:
[11.511s] [01m[K/home/aayush/newest_frenet_planner/src/frenet_planner_ported/src/frenet_planner.cpp:69:91:[m[K [01;35m[Kwarning: [m[Kunused parameter ‘[01m[Kts[m[K’ [[01;35m[K-Wunused-parameter[m[K]
[11.511s]    69 | void FrenetPath::calc_lon_paths_quintic_poly(double c_speed, double s0, double Ti, [01;35m[Kdouble ts[m[K,
[11.511s]       |                                                                                    [01;35m[K~~~~~~~^~[m[K
[11.515s] [01m[K/home/aayush/newest_frenet_planner/src/frenet_planner_ported/src/frenet_planner.cpp:[m[K In member function ‘[01m[Kvoid FrenetPath::adding_global_path(Spline2D)[m[K’:
[11.516s] [01m[K/home/aayush/newest_frenet_planner/src/frenet_planner_ported/src/frenet_planner.cpp:198:9:[m[K [01;35m[Kwarning: [m[Kunused variable ‘[01m[KstartTime1[m[K’ [[01;35m[K-Wunused-variable[m[K]
[11.516s]   198 |  double [01;35m[KstartTime1[m[K = omp_get_wtime();
[11.516s]       |         [01;35m[K^~~~~~~~~~[m[K
[11.516s] [01m[K/home/aayush/newest_frenet_planner/src/frenet_planner_ported/src/frenet_planner.cpp:249:9:[m[K [01;35m[Kwarning: [m[Kunused variable ‘[01m[KendTime1[m[K’ [[01;35m[K-Wunused-variable[m[K]
[11.517s]   249 |  double [01;35m[KendTime1[m[K = omp_get_wtime();
[11.517s]       |         [01;35m[K^~~~~~~~[m[K
[11.535s] In file included from [01m[K/home/aayush/newest_frenet_planner/src/frenet_planner_ported/src/frenet_planner.cpp:10[m[K:
[11.535s] [01m[K/home/aayush/newest_frenet_planner/src/frenet_planner_ported/src/frenet_planner.cpp:[m[K In function ‘[01m[KFrenetPath frenet_optimal_planning(Spline2D, double, double, double, double, double, FrenetPath, double)[m[K’:
[11.536s] [01m[K/home/aayush/newest_frenet_planner/src/frenet_planner_ported/src/../include/frenet_optimal_trajectory.hpp:80:20:[m[K [01;35m[Kwarning: [m[Kstatement has no effect [[01;35m[K-Wunused-value[m[K]
[11.536s]    80 | #define trace(...) [01;35m[K42[m[K
[11.536s]       |                    [01;35m[K^~[m[K
[11.537s] [01m[K/home/aayush/newest_frenet_planner/src/frenet_planner_ported/src/../include/frenet_optimal_trajectory.hpp:80:20:[m[K [01;36m[Knote: [m[Kin definition of macro ‘[01m[Ktrace[m[K’
[11.537s]    80 | #define trace(...) [01;36m[K42[m[K
[11.537s]       |                    [01;36m[K^~[m[K
[11.539s] [01m[K/home/aayush/newest_frenet_planner/src/frenet_planner_ported/src/../include/frenet_optimal_trajectory.hpp:80:20:[m[K [01;35m[Kwarning: [m[Kstatement has no effect [[01;35m[K-Wunused-value[m[K]
[11.539s]    80 | #define trace(...) [01;35m[K42[m[K
[11.539s]       |                    [01;35m[K^~[m[K
[11.540s] [01m[K/home/aayush/newest_frenet_planner/src/frenet_planner_ported/src/../include/frenet_optimal_trajectory.hpp:80:20:[m[K [01;36m[Knote: [m[Kin definition of macro ‘[01m[Ktrace[m[K’
[11.540s]    80 | #define trace(...) [01;36m[K42[m[K
[11.540s]       |                    [01;36m[K^~[m[K
[11.542s] [01m[K/home/aayush/newest_frenet_planner/src/frenet_planner_ported/src/../include/frenet_optimal_trajectory.hpp:80:20:[m[K [01;35m[Kwarning: [m[Kstatement has no effect [[01;35m[K-Wunused-value[m[K]
[11.542s]    80 | #define trace(...) [01;35m[K42[m[K
[11.542s]       |                    [01;35m[K^~[m[K
[11.543s] [01m[K/home/aayush/newest_frenet_planner/src/frenet_planner_ported/src/../include/frenet_optimal_trajectory.hpp:80:20:[m[K [01;36m[Knote: [m[Kin definition of macro ‘[01m[Ktrace[m[K’
[11.543s]    80 | #define trace(...) [01;36m[K42[m[K
[11.543s]       |                    [01;36m[K^~[m[K
[11.545s] [01m[K/home/aayush/newest_frenet_planner/src/frenet_planner_ported/src/../include/frenet_optimal_trajectory.hpp:80:20:[m[K [01;35m[Kwarning: [m[Kstatement has no effect [[01;35m[K-Wunused-value[m[K]
[11.545s]    80 | #define trace(...) [01;35m[K42[m[K
[11.545s]       |                    [01;35m[K^~[m[K
[11.545s] [01m[K/home/aayush/newest_frenet_planner/src/frenet_planner_ported/src/../include/frenet_optimal_trajectory.hpp:80:20:[m[K [01;36m[Knote: [m[Kin definition of macro ‘[01m[Ktrace[m[K’
[11.545s]    80 | #define trace(...) [01;36m[K42[m[K
[11.546s]       |                    [01;36m[K^~[m[K
[11.548s] [01m[K/home/aayush/newest_frenet_planner/src/frenet_planner_ported/src/../include/frenet_optimal_trajectory.hpp:80:20:[m[K [01;35m[Kwarning: [m[Kstatement has no effect [[01;35m[K-Wunused-value[m[K]
[11.548s]    80 | #define trace(...) [01;35m[K42[m[K
[11.548s]       |                    [01;35m[K^~[m[K
[11.548s] [01m[K/home/aayush/newest_frenet_planner/src/frenet_planner_ported/src/../include/frenet_optimal_trajectory.hpp:80:20:[m[K [01;36m[Knote: [m[Kin definition of macro ‘[01m[Ktrace[m[K’
[11.549s]    80 | #define trace(...) [01;36m[K42[m[K
[11.549s]       |                    [01;36m[K^~[m[K
[38.704s] [ 60%] [32m[1mLinking CXX executable frenet_ros_obst[0m
[40.680s] /usr/bin/ld: CMakeFiles/frenet_ros_obst.dir/src/frenet_planner.cpp.o:(.bss+0x0): multiple definition of `cost_count'; CMakeFiles/frenet_ros_obst.dir/src/frenet_ros_obst.cpp.o:(.bss+0x0): first defined here
[40.682s] /usr/bin/ld: CMakeFiles/frenet_ros_obst.dir/src/frenet_ros_obst.cpp.o: in function `find_nearest_in_global_path(std::vector<double, std::allocator<double> >&, std::vector<double, std::allocator<double> >&, double&, double&, double&, int&, int, FrenetPath&)':
[40.683s] frenet_ros_obst.cpp:(.text+0x45b): undefined reference to `odom'
[40.684s] /usr/bin/ld: frenet_ros_obst.cpp:(.text+0x468): undefined reference to `odom'
[40.686s] /usr/bin/ld: CMakeFiles/frenet_ros_obst.dir/src/frenet_ros_obst.cpp.o: in function `initial_conditions_new(Spline2D&, std::vector<double, std::allocator<double> >&, std::vector<double, std::allocator<double> >&, std::vector<double, std::allocator<double> >&, std::vector<double, std::allocator<double> >&, std::vector<double, std::allocator<double> >&, double&, double&, double&, double&, double&, double&, FrenetPath&)':
[40.687s] frenet_ros_obst.cpp:(.text+0x8e3): undefined reference to `odom'
[40.688s] /usr/bin/ld: frenet_ros_obst.cpp:(.text+0x8f0): undefined reference to `odom'
[40.688s] /usr/bin/ld: frenet_ros_obst.cpp:(.text+0x984): undefined reference to `odom'
[40.689s] /usr/bin/ld: CMakeFiles/frenet_ros_obst.dir/src/frenet_ros_obst.cpp.o:frenet_ros_obst.cpp:(.text+0x9c5): more undefined references to `odom' follow
[40.690s] /usr/bin/ld: CMakeFiles/frenet_ros_obst.dir/src/frenet_ros_obst.cpp.o: in function `main':
[40.690s] frenet_ros_obst.cpp:(.text+0x11a9): undefined reference to `W_X'
[40.691s] /usr/bin/ld: frenet_ros_obst.cpp:(.text+0x11cd): undefined reference to `W_Y'
[40.692s] /usr/bin/ld: frenet_ros_obst.cpp:(.text+0x11f1): undefined reference to `TARGET_SPEED'
[40.693s] /usr/bin/ld: frenet_ros_obst.cpp:(.text+0x13d8): undefined reference to `W_Y'
[40.694s] /usr/bin/ld: frenet_ros_obst.cpp:(.text+0x13ee): undefined reference to `W_X'
[40.694s] /usr/bin/ld: frenet_ros_obst.cpp:(.text+0x164f): undefined reference to `s_dest'
[40.694s] /usr/bin/ld: frenet_ros_obst.cpp:(.text+0x18d2): undefined reference to `s_dest'
[40.696s] /usr/bin/ld: frenet_ros_obst.cpp:(.text+0x18fc): undefined reference to `STOP_CAR'
[40.697s] /usr/bin/ld: frenet_ros_obst.cpp:(.text+0x1909): undefined reference to `TARGET_SPEED'
[40.697s] /usr/bin/ld: frenet_ros_obst.cpp:(.text+0x1911): undefined reference to `STOP_CAR'
[40.697s] /usr/bin/ld: frenet_ros_obst.cpp:(.text+0x1922): undefined reference to `s_dest'
[40.699s] /usr/bin/ld: frenet_ros_obst.cpp:(.text+0x1dfe): undefined reference to `ob_y'
[40.699s] /usr/bin/ld: frenet_ros_obst.cpp:(.text+0x1e05): undefined reference to `ob_x'
[40.700s] /usr/bin/ld: frenet_ros_obst.cpp:(.text+0x20b4): undefined reference to `STOP_CAR'
[40.700s] /usr/bin/ld: frenet_ros_obst.cpp:(.text+0x22ca): undefined reference to `STOP_CAR'
[40.700s] /usr/bin/ld: CMakeFiles/frenet_ros_obst.dir/src/frenet_ros_obst.cpp.o: in function `FrenetClass::FrenetClass()':
[40.703s] frenet_ros_obst.cpp:(.text._ZN11FrenetClassC2Ev[_ZN11FrenetClassC5Ev]+0x930): undefined reference to `KJ'
[40.703s] /usr/bin/ld: frenet_ros_obst.cpp:(.text._ZN11FrenetClassC2Ev[_ZN11FrenetClassC5Ev]+0xa40): undefined reference to `KT'
[40.705s] /usr/bin/ld: frenet_ros_obst.cpp:(.text._ZN11FrenetClassC2Ev[_ZN11FrenetClassC5Ev]+0xb50): undefined reference to `KD'
[40.705s] /usr/bin/ld: frenet_ros_obst.cpp:(.text._ZN11FrenetClassC2Ev[_ZN11FrenetClassC5Ev]+0xc60): undefined reference to `KD_V'
[40.705s] /usr/bin/ld: frenet_ros_obst.cpp:(.text._ZN11FrenetClassC2Ev[_ZN11FrenetClassC5Ev]+0xd70): undefined reference to `KLAT'
[40.705s] /usr/bin/ld: frenet_ros_obst.cpp:(.text._ZN11FrenetClassC2Ev[_ZN11FrenetClassC5Ev]+0xe80): undefined reference to `KLON'
[40.708s] /usr/bin/ld: frenet_ros_obst.cpp:(.text._ZN11FrenetClassC2Ev[_ZN11FrenetClassC5Ev]+0xf90): undefined reference to `MAX_SPEED'
[40.708s] /usr/bin/ld: frenet_ros_obst.cpp:(.text._ZN11FrenetClassC2Ev[_ZN11FrenetClassC5Ev]+0x10a0): undefined reference to `MAX_ACCEL'
[40.708s] /usr/bin/ld: frenet_ros_obst.cpp:(.text._ZN11FrenetClassC2Ev[_ZN11FrenetClassC5Ev]+0x11b0): undefined reference to `MAX_CURVATURE'
[40.709s] /usr/bin/ld: frenet_ros_obst.cpp:(.text._ZN11FrenetClassC2Ev[_ZN11FrenetClassC5Ev]+0x12c0): undefined reference to `D_ROAD_W'
[40.709s] /usr/bin/ld: frenet_ros_obst.cpp:(.text._ZN11FrenetClassC2Ev[_ZN11FrenetClassC5Ev]+0x13d0): undefined reference to `DT'
[40.709s] /usr/bin/ld: frenet_ros_obst.cpp:(.text._ZN11FrenetClassC2Ev[_ZN11FrenetClassC5Ev]+0x14e0): undefined reference to `MAXT'
[40.709s] /usr/bin/ld: frenet_ros_obst.cpp:(.text._ZN11FrenetClassC2Ev[_ZN11FrenetClassC5Ev]+0x15f0): undefined reference to `MINT'
[40.713s] /usr/bin/ld: frenet_ros_obst.cpp:(.text._ZN11FrenetClassC2Ev[_ZN11FrenetClassC5Ev]+0x1700): undefined reference to `TARGET_SPEED'
[40.714s] /usr/bin/ld: frenet_ros_obst.cpp:(.text._ZN11FrenetClassC2Ev[_ZN11FrenetClassC5Ev]+0x1810): undefined reference to `D_T_S'
[40.714s] /usr/bin/ld: frenet_ros_obst.cpp:(.text._ZN11FrenetClassC2Ev[_ZN11FrenetClassC5Ev]+0x1920): undefined reference to `N_S_SAMPLE'
[40.714s] /usr/bin/ld: frenet_ros_obst.cpp:(.text._ZN11FrenetClassC2Ev[_ZN11FrenetClassC5Ev]+0x1a30): undefined reference to `ROBOT_RADIUS'
[40.714s] /usr/bin/ld: frenet_ros_obst.cpp:(.text._ZN11FrenetClassC2Ev[_ZN11FrenetClassC5Ev]+0x1b40): undefined reference to `MIN_LAT_VEL'
[40.714s] /usr/bin/ld: frenet_ros_obst.cpp:(.text._ZN11FrenetClassC2Ev[_ZN11FrenetClassC5Ev]+0x1c50): undefined reference to `D_D_NS'
[40.715s] /usr/bin/ld: frenet_ros_obst.cpp:(.text._ZN11FrenetClassC2Ev[_ZN11FrenetClassC5Ev]+0x1d60): undefined reference to `MAX_SHIFT_D'
[40.715s] /usr/bin/ld: CMakeFiles/frenet_ros_obst.dir/src/frenet_ros_obst.cpp.o: in function `FrenetClass::footprint_callback(std::shared_ptr<geometry_msgs::msg::PolygonStamped_<std::allocator<void> > const>)':
[40.717s] frenet_ros_obst.cpp:(.text._ZN11FrenetClass18footprint_callbackESt10shared_ptrIKN13geometry_msgs3msg15PolygonStamped_ISaIvEEEE[_ZN11FrenetClass18footprint_callbackESt10shared_ptrIKN13geometry_msgs3msg15PolygonStamped_ISaIvEEEE]+0x26): undefined reference to `footprint'
[40.718s] /usr/bin/ld: CMakeFiles/frenet_ros_obst.dir/src/frenet_ros_obst.cpp.o: in function `FrenetClass::odom_callback(std::shared_ptr<nav_msgs::msg::Odometry_<std::allocator<void> > const>)':
[40.718s] frenet_ros_obst.cpp:(.text._ZN11FrenetClass13odom_callbackESt10shared_ptrIKN8nav_msgs3msg9Odometry_ISaIvEEEE[_ZN11FrenetClass13odom_callbackESt10shared_ptrIKN8nav_msgs3msg9Odometry_ISaIvEEEE]+0x26): undefined reference to `odom'
[40.718s] /usr/bin/ld: CMakeFiles/frenet_ros_obst.dir/src/frenet_ros_obst.cpp.o: in function `FrenetClass::costmap_callback(std::shared_ptr<nav_msgs::msg::OccupancyGrid_<std::allocator<void> > const>)':
[40.718s] frenet_ros_obst.cpp:(.text._ZN11FrenetClass16costmap_callbackESt10shared_ptrIKN8nav_msgs3msg14OccupancyGrid_ISaIvEEEE[_ZN11FrenetClass16costmap_callbackESt10shared_ptrIKN8nav_msgs3msg14OccupancyGrid_ISaIvEEEE]+0x51): undefined reference to `cmap'
[40.719s] /usr/bin/ld: frenet_ros_obst.cpp:(.text._ZN11FrenetClass16costmap_callbackESt10shared_ptrIKN8nav_msgs3msg14OccupancyGrid_ISaIvEEEE[_ZN11FrenetClass16costmap_callbackESt10shared_ptrIKN8nav_msgs3msg14OccupancyGrid_ISaIvEEEE]+0x5d): undefined reference to `ob_x'
[40.719s] /usr/bin/ld: frenet_ros_obst.cpp:(.text._ZN11FrenetClass16costmap_callbackESt10shared_ptrIKN8nav_msgs3msg14OccupancyGrid_ISaIvEEEE[_ZN11FrenetClass16costmap_callbackESt10shared_ptrIKN8nav_msgs3msg14OccupancyGrid_ISaIvEEEE]+0x69): undefined reference to `ob_y'
[40.720s] /usr/bin/ld: frenet_ros_obst.cpp:(.text._ZN11FrenetClass16costmap_callbackESt10shared_ptrIKN8nav_msgs3msg14OccupancyGrid_ISaIvEEEE[_ZN11FrenetClass16costmap_callbackESt10shared_ptrIKN8nav_msgs3msg14OccupancyGrid_ISaIvEEEE]+0x155): undefined reference to `ob_x'
[40.721s] /usr/bin/ld: frenet_ros_obst.cpp:(.text._ZN11FrenetClass16costmap_callbackESt10shared_ptrIKN8nav_msgs3msg14OccupancyGrid_ISaIvEEEE[_ZN11FrenetClass16costmap_callbackESt10shared_ptrIKN8nav_msgs3msg14OccupancyGrid_ISaIvEEEE]+0x173): undefined reference to `ob_y'
[40.721s] /usr/bin/ld: frenet_ros_obst.cpp:(.text._ZN11FrenetClass16costmap_callbackESt10shared_ptrIKN8nav_msgs3msg14OccupancyGrid_ISaIvEEEE[_ZN11FrenetClass16costmap_callbackESt10shared_ptrIKN8nav_msgs3msg14OccupancyGrid_ISaIvEEEE]+0x1d4): undefined reference to `ob_x'
[40.722s] /usr/bin/ld: frenet_ros_obst.cpp:(.text._ZN11FrenetClass16costmap_callbackESt10shared_ptrIKN8nav_msgs3msg14OccupancyGrid_ISaIvEEEE[_ZN11FrenetClass16costmap_callbackESt10shared_ptrIKN8nav_msgs3msg14OccupancyGrid_ISaIvEEEE]+0x20e): undefined reference to `ob_y'
[40.723s] /usr/bin/ld: CMakeFiles/frenet_ros_obst.dir/src/frenet_ros_obst.cpp.o: in function `get_bot_yaw()':
[40.724s] frenet_ros_obst.cpp:(.text._Z11get_bot_yawv[_Z11get_bot_yawv]+0x21): undefined reference to `odom'
[40.724s] /usr/bin/ld: frenet_ros_obst.cpp:(.text._Z11get_bot_yawv[_Z11get_bot_yawv]+0x28): undefined reference to `odom'
[40.724s] /usr/bin/ld: frenet_ros_obst.cpp:(.text._Z11get_bot_yawv[_Z11get_bot_yawv]+0x3d): undefined reference to `odom'
[40.725s] /usr/bin/ld: frenet_ros_obst.cpp:(.text._Z11get_bot_yawv[_Z11get_bot_yawv]+0x44): undefined reference to `odom'
[40.725s] /usr/bin/ld: frenet_ros_obst.cpp:(.text._Z11get_bot_yawv[_Z11get_bot_yawv]+0x59): undefined reference to `odom'
[40.726s] /usr/bin/ld: CMakeFiles/frenet_ros_obst.dir/src/frenet_ros_obst.cpp.o:frenet_ros_obst.cpp:(.text._Z11get_bot_yawv[_Z11get_bot_yawv]+0x60): more undefined references to `odom' follow
[40.727s] /usr/bin/ld: CMakeFiles/frenet_ros_obst.dir/src/frenet_planner.cpp.o: in function `FrenetPath::calc_lat_paths(double, double, double, double, double, double)':
[40.728s] frenet_planner.cpp:(.text+0x2ea): undefined reference to `DT'
[40.728s] /usr/bin/ld: frenet_planner.cpp:(.text+0x42f): undefined reference to `DT'
[40.729s] /usr/bin/ld: frenet_planner.cpp:(.text+0x476): undefined reference to `DT'
[40.729s] /usr/bin/ld: frenet_planner.cpp:(.text+0x4cf): undefined reference to `DT'
[40.730s] /usr/bin/ld: frenet_planner.cpp:(.text+0x528): undefined reference to `DT'
[40.731s] /usr/bin/ld: CMakeFiles/frenet_ros_obst.dir/src/frenet_planner.cpp.o:frenet_planner.cpp:(.text+0x581): more undefined references to `DT' follow
[40.732s] /usr/bin/ld: CMakeFiles/frenet_ros_obst.dir/src/frenet_planner.cpp.o: in function `FrenetPath::calc_lon_paths(double, double, double, double)':
[40.732s] frenet_planner.cpp:(.text+0x924): undefined reference to `TARGET_SPEED'
[40.733s] /usr/bin/ld: frenet_planner.cpp:(.text+0x97f): undefined reference to `KJ'
[40.734s] /usr/bin/ld: frenet_planner.cpp:(.text+0x98b): undefined reference to `KT'
[40.734s] /usr/bin/ld: frenet_planner.cpp:(.text+0x9be): undefined reference to `KD'
[40.735s] /usr/bin/ld: frenet_planner.cpp:(.text+0xa1b): undefined reference to `KJ'
[40.735s] /usr/bin/ld: frenet_planner.cpp:(.text+0xa27): undefined reference to `KT'
[40.736s] /usr/bin/ld: frenet_planner.cpp:(.text+0xa3b): undefined reference to `KD_V'
[40.737s] /usr/bin/ld: frenet_planner.cpp:(.text+0xa6a): undefined reference to `KLAT'
[40.737s] /usr/bin/ld: frenet_planner.cpp:(.text+0xa85): undefined reference to `KLON'
[40.738s] /usr/bin/ld: CMakeFiles/frenet_ros_obst.dir/src/frenet_planner.cpp.o: in function `FrenetPath::calc_lon_paths_quintic_poly(double, double, double, double, double)':
[40.740s] frenet_planner.cpp:(.text+0xdd0): undefined reference to `STOP_CAR'
[40.741s] /usr/bin/ld: frenet_planner.cpp:(.text+0x1037): undefined reference to `TARGET_SPEED'
[40.741s] /usr/bin/ld: frenet_planner.cpp:(.text+0x1085): undefined reference to `STOP_CAR'
[40.742s] /usr/bin/ld: frenet_planner.cpp:(.text+0x111f): undefined reference to `KJ'
[40.742s] /usr/bin/ld: frenet_planner.cpp:(.text+0x112b): undefined reference to `KT'
[40.743s] /usr/bin/ld: frenet_planner.cpp:(.text+0x115e): undefined reference to `KD'
[40.744s] /usr/bin/ld: frenet_planner.cpp:(.text+0x11bb): undefined reference to `KJ'
[40.744s] /usr/bin/ld: frenet_planner.cpp:(.text+0x11c7): undefined reference to `KT'
[40.745s] /usr/bin/ld: frenet_planner.cpp:(.text+0x11db): undefined reference to `KD_V'
[40.746s] /usr/bin/ld: frenet_planner.cpp:(.text+0x120d): undefined reference to `KLAT'
[40.746s] /usr/bin/ld: frenet_planner.cpp:(.text+0x1228): undefined reference to `KLON'
[40.747s] /usr/bin/ld: CMakeFiles/frenet_ros_obst.dir/src/frenet_planner.cpp.o: in function `get_limits_d(FrenetPath, double*, double*)':
[40.748s] frenet_planner.cpp:(.text+0x12c8): undefined reference to `MAX_SHIFT_D'
[40.748s] /usr/bin/ld: frenet_planner.cpp:(.text+0x12ec): undefined reference to `MAX_SHIFT_D'
[40.749s] /usr/bin/ld: frenet_planner.cpp:(.text+0x12f8): undefined reference to `D_ROAD_W'
[40.750s] /usr/bin/ld: CMakeFiles/frenet_ros_obst.dir/src/frenet_planner.cpp.o: in function `calc_frenet_paths(double, double, double, double, double, FrenetPath)':
[40.751s] frenet_planner.cpp:(.text+0x1393): undefined reference to `MAX_ROAD_WIDTH'
[40.751s] /usr/bin/ld: frenet_planner.cpp:(.text+0x13af): undefined reference to `MAX_ROAD_WIDTH'
[40.752s] /usr/bin/ld: frenet_planner.cpp:(.text+0x13b7): undefined reference to `D_ROAD_W'
[40.752s] /usr/bin/ld: frenet_planner.cpp:(.text+0x1412): undefined reference to `STOP_CAR'
[40.753s] /usr/bin/ld: CMakeFiles/frenet_ros_obst.dir/src/frenet_planner.cpp.o: in function `point_obcheck(geometry_msgs::msg::Point32_<std::allocator<void> >, double)':
[40.754s] frenet_planner.cpp:(.text+0x2060): undefined reference to `ob_x'
[40.754s] /usr/bin/ld: frenet_planner.cpp:(.text+0x206f): undefined reference to `ob_x'
[40.759s] /usr/bin/ld: frenet_planner.cpp:(.text+0x2094): undefined reference to `ob_x'
[40.760s] /usr/bin/ld: frenet_planner.cpp:(.text+0x20b4): undefined reference to `ob_x'
[40.761s] /usr/bin/ld: frenet_planner.cpp:(.text+0x20db): undefined reference to `ob_x'
[40.762s] /usr/bin/ld: CMakeFiles/frenet_ros_obst.dir/src/frenet_planner.cpp.o:frenet_planner.cpp:(.text+0x210c): more undefined references to `ob_x' follow
[40.763s] /usr/bin/ld: CMakeFiles/frenet_ros_obst.dir/src/frenet_planner.cpp.o: in function `point_obcheck(geometry_msgs::msg::Point32_<std::allocator<void> >, double)':
[40.764s] frenet_planner.cpp:(.text+0x21df): undefined reference to `ob_y'
[40.765s] /usr/bin/ld: frenet_planner.cpp:(.text+0x21fc): undefined reference to `ob_x'
[40.765s] /usr/bin/ld: frenet_planner.cpp:(.text+0x2239): undefined reference to `ob_y'
[40.767s] /usr/bin/ld: frenet_planner.cpp:(.text+0x2256): undefined reference to `ob_x'
[40.767s] /usr/bin/ld: frenet_planner.cpp:(.text+0x22bc): undefined reference to `ob_y'
[40.767s] /usr/bin/ld: frenet_planner.cpp:(.text+0x22cb): undefined reference to `ob_y'
[40.768s] /usr/bin/ld: frenet_planner.cpp:(.text+0x22f4): undefined reference to `ob_y'
[40.768s] /usr/bin/ld: frenet_planner.cpp:(.text+0x231b): undefined reference to `ob_y'
[40.769s] /usr/bin/ld: frenet_planner.cpp:(.text+0x234c): undefined reference to `ob_y'
[40.770s] /usr/bin/ld: CMakeFiles/frenet_ros_obst.dir/src/frenet_planner.cpp.o:frenet_planner.cpp:(.text+0x2373): more undefined references to `ob_y' follow
[40.771s] /usr/bin/ld: CMakeFiles/frenet_ros_obst.dir/src/frenet_planner.cpp.o: in function `point_obcheck(geometry_msgs::msg::Point32_<std::allocator<void> >, double)':
[40.772s] frenet_planner.cpp:(.text+0x243c): undefined reference to `ob_x'
[40.772s] /usr/bin/ld: frenet_planner.cpp:(.text+0x2479): undefined reference to `ob_y'
[40.773s] /usr/bin/ld: frenet_planner.cpp:(.text+0x2496): undefined reference to `ob_x'
[40.774s] /usr/bin/ld: CMakeFiles/frenet_ros_obst.dir/src/frenet_planner.cpp.o: in function `FrenetPath::check_collision(double)':
[40.774s] frenet_planner.cpp:(.text+0x2638): undefined reference to `footprint'
[40.775s] /usr/bin/ld: frenet_planner.cpp:(.text+0x2652): undefined reference to `odom'
[40.776s] /usr/bin/ld: frenet_planner.cpp:(.text+0x2658): undefined reference to `odom'
[40.776s] /usr/bin/ld: frenet_planner.cpp:(.text+0x265e): undefined reference to `odom'
[40.777s] /usr/bin/ld: frenet_planner.cpp:(.text+0x2664): undefined reference to `odom'
[40.778s] /usr/bin/ld: frenet_planner.cpp:(.text+0x266a): undefined reference to `odom'
[40.778s] /usr/bin/ld: CMakeFiles/frenet_ros_obst.dir/src/frenet_planner.cpp.o:frenet_planner.cpp:(.text+0x2670): more undefined references to `odom' follow
[40.780s] /usr/bin/ld: CMakeFiles/frenet_ros_obst.dir/src/frenet_planner.cpp.o: in function `calc_frenet_paths(double, double, double, double, double, FrenetPath) [clone ._omp_fn.0]':
[40.780s] frenet_planner.cpp:(.text+0x310b): undefined reference to `D_ROAD_W'
[40.781s] /usr/bin/ld: frenet_planner.cpp:(.text+0x312b): undefined reference to `D_ROAD_W'
[40.781s] /usr/bin/ld: frenet_planner.cpp:(.text+0x313b): undefined reference to `MAXT'
[40.782s] /usr/bin/ld: frenet_planner.cpp:(.text+0x3143): undefined reference to `DT'
[40.783s] /usr/bin/ld: frenet_planner.cpp:(.text+0x314f): undefined reference to `DT'
[40.783s] /usr/bin/ld: frenet_planner.cpp:(.text+0x3200): undefined reference to `D_ROAD_W'
[40.784s] /usr/bin/ld: frenet_planner.cpp:(.text+0x321c): undefined reference to `D_T_S'
[40.784s] /usr/bin/ld: frenet_planner.cpp:(.text+0x324e): undefined reference to `TARGET_SPEED'
[40.785s] /usr/bin/ld: frenet_planner.cpp:(.text+0x3330): undefined reference to `TARGET_SPEED'
[40.786s] /usr/bin/ld: CMakeFiles/frenet_ros_obst.dir/src/frenet_planner.cpp.o: in function `calc_frenet_paths(double, double, double, double, double, FrenetPath) [clone ._omp_fn.1]':
[40.787s] frenet_planner.cpp:(.text+0x34d8): undefined reference to `D_ROAD_W'
[40.787s] /usr/bin/ld: frenet_planner.cpp:(.text+0x34fd): undefined reference to `D_ROAD_W'
[40.788s] /usr/bin/ld: frenet_planner.cpp:(.text+0x350d): undefined reference to `MINT'
[40.789s] /usr/bin/ld: frenet_planner.cpp:(.text+0x3515): undefined reference to `DT'
[40.789s] /usr/bin/ld: frenet_planner.cpp:(.text+0x3526): undefined reference to `MAXT'
[40.790s] /usr/bin/ld: frenet_planner.cpp:(.text+0x352e): undefined reference to `DT'
[40.791s] /usr/bin/ld: frenet_planner.cpp:(.text+0x353a): undefined reference to `DT'
[40.791s] /usr/bin/ld: frenet_planner.cpp:(.text+0x354b): undefined reference to `MAX_LAT_VEL'
[40.792s] /usr/bin/ld: frenet_planner.cpp:(.text+0x355f): undefined reference to `D_D_NS'
[40.792s] /usr/bin/ld: frenet_planner.cpp:(.text+0x3570): undefined reference to `MAX_LAT_VEL'
[40.793s] /usr/bin/ld: frenet_planner.cpp:(.text+0x3578): undefined reference to `D_D_NS'
[40.794s] /usr/bin/ld: frenet_planner.cpp:(.text+0x3584): undefined reference to `D_D_NS'
[40.795s] /usr/bin/ld: frenet_planner.cpp:(.text+0x3690): undefined reference to `D_ROAD_W'
[40.795s] /usr/bin/ld: frenet_planner.cpp:(.text+0x36ac): undefined reference to `DT'
[40.796s] /usr/bin/ld: frenet_planner.cpp:(.text+0x36c8): undefined reference to `D_D_NS'
[40.797s] /usr/bin/ld: frenet_planner.cpp:(.text+0x37d3): undefined reference to `TARGET_SPEED'
[40.797s] /usr/bin/ld: frenet_planner.cpp:(.text+0x37db): undefined reference to `D_T_S'
[40.798s] /usr/bin/ld: frenet_planner.cpp:(.text+0x37e3): undefined reference to `N_S_SAMPLE'
[40.798s] /usr/bin/ld: frenet_planner.cpp:(.text+0x37fb): undefined reference to `D_T_S'
[40.799s] /usr/bin/ld: frenet_planner.cpp:(.text+0x3803): undefined reference to `N_S_SAMPLE'
[40.800s] /usr/bin/ld: frenet_planner.cpp:(.text+0x380f): undefined reference to `TARGET_SPEED'
[40.800s] /usr/bin/ld: frenet_planner.cpp:(.text+0x3833): undefined reference to `D_T_S'
[40.800s] /usr/bin/ld: frenet_planner.cpp:(.text+0x3960): undefined reference to `D_T_S'
[40.801s] collect2: error: ld returned 1 exit status
[40.805s] make[2]: *** [CMakeFiles/frenet_ros_obst.dir/build.make:187: frenet_ros_obst] Error 1
[40.805s] make[1]: *** [CMakeFiles/Makefile2:78: CMakeFiles/frenet_ros_obst.dir/all] Error 2
[40.805s] make: *** [Makefile:141: all] Error 2
[40.813s] Invoked command in '/home/aayush/newest_frenet_planner/build/frenet_planner_ported' returned '2': CMAKE_PREFIX_PATH=${CMAKE_PREFIX_PATH}:/home/aayush/newest_frenet_planner/install/dummy:/opt/ros/foxy /usr/bin/cmake --build /home/aayush/newest_frenet_planner/build/frenet_planner_ported -- -j2 -l2
