[1.349s] DEBUG:colcon:Command line arguments: ['/home/aayush/.local/bin/colcon', 'build', '--packages-select', 'dummy', 'frenet_planner_ported']
[1.349s] DEBUG:colcon:Parsed command line arguments: Namespace(ament_cmake_args=None, base_paths=['.'], build_base='build', catkin_cmake_args=None, catkin_skip_building_tests=False, cmake_args=None, cmake_clean_cache=False, cmake_clean_first=False, cmake_force_configure=False, cmake_target=None, cmake_target_skip_unavailable=False, continue_on_error=False, event_handlers=None, executor='parallel', ignore_user_meta=False, install_base='install', log_base=None, log_level=None, main=<bound method BuildVerb.main of <colcon_core.verb.build.BuildVerb object at 0x7f130a5ef460>>, merge_install=False, metas=['./colcon.meta'], packages_above=None, packages_above_and_dependencies=None, packages_above_depth=None, packages_end=None, packages_ignore=None, packages_ignore_regex=None, packages_select=['dummy', 'frenet_planner_ported'], packages_select_build_failed=False, packages_select_by_dep=None, packages_select_regex=None, packages_select_test_failures=False, packages_skip=None, packages_skip_build_finished=False, packages_skip_by_dep=None, packages_skip_regex=None, packages_skip_test_passed=False, packages_skip_up_to=None, packages_start=None, packages_up_to=None, packages_up_to_regex=None, parallel_workers=2, paths=None, symlink_install=False, test_result_base=None, verb_extension=<colcon_core.verb.build.BuildVerb object at 0x7f130a5ef460>, verb_name='build', verb_parser=<colcon_defaults.argument_parser.defaults.DefaultArgumentsDecorator object at 0x7f130a5ef9a0>)
[1.390s] Level 1:colcon.colcon_core.package_discovery:discover_packages(colcon_meta) check parameters
[1.390s] Level 1:colcon.colcon_core.package_discovery:discover_packages(recursive) check parameters
[1.390s] Level 1:colcon.colcon_core.package_discovery:discover_packages(ignore) check parameters
[1.390s] Level 1:colcon.colcon_core.package_discovery:discover_packages(path) check parameters
[1.390s] Level 1:colcon.colcon_core.package_discovery:discover_packages(colcon_meta) discover
[1.390s] Level 1:colcon.colcon_core.package_discovery:discover_packages(recursive) discover
[1.391s] INFO:colcon.colcon_core.package_discovery:Crawling recursively for packages in '/home/aayush/newest_frenet_planner'
[1.391s] Level 1:colcon.colcon_core.package_identification:_identify(.) by extensions ['ignore', 'ignore_ament_install']
[1.391s] Level 1:colcon.colcon_core.package_identification:_identify(.) by extension 'ignore'
[1.391s] Level 1:colcon.colcon_core.package_identification:_identify(.) by extension 'ignore_ament_install'
[1.391s] Level 1:colcon.colcon_core.package_identification:_identify(.) by extensions ['colcon_pkg']
[1.391s] Level 1:colcon.colcon_core.package_identification:_identify(.) by extension 'colcon_pkg'
[1.391s] Level 1:colcon.colcon_core.package_identification:_identify(.) by extensions ['colcon_meta']
[1.392s] Level 1:colcon.colcon_core.package_identification:_identify(.) by extension 'colcon_meta'
[1.392s] Level 1:colcon.colcon_core.package_identification:_identify(.) by extensions ['ros']
[1.392s] Level 1:colcon.colcon_core.package_identification:_identify(.) by extension 'ros'
[1.423s] Level 1:colcon.colcon_core.package_identification:_identify(.) by extensions ['cmake', 'python']
[1.423s] Level 1:colcon.colcon_core.package_identification:_identify(.) by extension 'cmake'
[1.423s] Level 1:colcon.colcon_core.package_identification:_identify(.) by extension 'python'
[1.424s] Level 1:colcon.colcon_core.package_identification:_identify(.) by extensions ['python_setup_py']
[1.424s] Level 1:colcon.colcon_core.package_identification:_identify(.) by extension 'python_setup_py'
[1.424s] Level 1:colcon.colcon_core.package_identification:_identify(build) by extensions ['ignore', 'ignore_ament_install']
[1.424s] Level 1:colcon.colcon_core.package_identification:_identify(build) by extension 'ignore'
[1.424s] Level 1:colcon.colcon_core.package_identification:_identify(build) ignored
[1.424s] Level 1:colcon.colcon_core.package_identification:_identify(install) by extensions ['ignore', 'ignore_ament_install']
[1.425s] Level 1:colcon.colcon_core.package_identification:_identify(install) by extension 'ignore'
[1.425s] Level 1:colcon.colcon_core.package_identification:_identify(install) ignored
[1.425s] Level 1:colcon.colcon_core.package_identification:_identify(log) by extensions ['ignore', 'ignore_ament_install']
[1.425s] Level 1:colcon.colcon_core.package_identification:_identify(log) by extension 'ignore'
[1.425s] Level 1:colcon.colcon_core.package_identification:_identify(log) ignored
[1.426s] Level 1:colcon.colcon_core.package_identification:_identify(src) by extensions ['ignore', 'ignore_ament_install']
[1.426s] Level 1:colcon.colcon_core.package_identification:_identify(src) by extension 'ignore'
[1.426s] Level 1:colcon.colcon_core.package_identification:_identify(src) by extension 'ignore_ament_install'
[1.426s] Level 1:colcon.colcon_core.package_identification:_identify(src) by extensions ['colcon_pkg']
[1.426s] Level 1:colcon.colcon_core.package_identification:_identify(src) by extension 'colcon_pkg'
[1.426s] Level 1:colcon.colcon_core.package_identification:_identify(src) by extensions ['colcon_meta']
[1.426s] Level 1:colcon.colcon_core.package_identification:_identify(src) by extension 'colcon_meta'
[1.426s] Level 1:colcon.colcon_core.package_identification:_identify(src) by extensions ['ros']
[1.426s] Level 1:colcon.colcon_core.package_identification:_identify(src) by extension 'ros'
[1.427s] Level 1:colcon.colcon_core.package_identification:_identify(src) by extensions ['cmake', 'python']
[1.427s] Level 1:colcon.colcon_core.package_identification:_identify(src) by extension 'cmake'
[1.427s] Level 1:colcon.colcon_core.package_identification:_identify(src) by extension 'python'
[1.427s] Level 1:colcon.colcon_core.package_identification:_identify(src) by extensions ['python_setup_py']
[1.427s] Level 1:colcon.colcon_core.package_identification:_identify(src) by extension 'python_setup_py'
[1.427s] Level 1:colcon.colcon_core.package_identification:_identify(src/dummy) by extensions ['ignore', 'ignore_ament_install']
[1.427s] Level 1:colcon.colcon_core.package_identification:_identify(src/dummy) by extension 'ignore'
[1.427s] Level 1:colcon.colcon_core.package_identification:_identify(src/dummy) by extension 'ignore_ament_install'
[1.428s] Level 1:colcon.colcon_core.package_identification:_identify(src/dummy) by extensions ['colcon_pkg']
[1.428s] Level 1:colcon.colcon_core.package_identification:_identify(src/dummy) by extension 'colcon_pkg'
[1.428s] Level 1:colcon.colcon_core.package_identification:_identify(src/dummy) by extensions ['colcon_meta']
[1.428s] Level 1:colcon.colcon_core.package_identification:_identify(src/dummy) by extension 'colcon_meta'
[1.428s] Level 1:colcon.colcon_core.package_identification:_identify(src/dummy) by extensions ['ros']
[1.428s] Level 1:colcon.colcon_core.package_identification:_identify(src/dummy) by extension 'ros'
[1.434s] DEBUG:colcon.colcon_core.package_identification:Package 'src/dummy' with type 'ros.ament_python' and name 'dummy'
[1.434s] Level 1:colcon.colcon_core.package_identification:_identify(src/frenet_planner) by extensions ['ignore', 'ignore_ament_install']
[1.434s] Level 1:colcon.colcon_core.package_identification:_identify(src/frenet_planner) by extension 'ignore'
[1.435s] Level 1:colcon.colcon_core.package_identification:_identify(src/frenet_planner) by extension 'ignore_ament_install'
[1.435s] Level 1:colcon.colcon_core.package_identification:_identify(src/frenet_planner) by extensions ['colcon_pkg']
[1.435s] Level 1:colcon.colcon_core.package_identification:_identify(src/frenet_planner) by extension 'colcon_pkg'
[1.435s] Level 1:colcon.colcon_core.package_identification:_identify(src/frenet_planner) by extensions ['colcon_meta']
[1.435s] Level 1:colcon.colcon_core.package_identification:_identify(src/frenet_planner) by extension 'colcon_meta'
[1.435s] Level 1:colcon.colcon_core.package_identification:_identify(src/frenet_planner) by extensions ['ros']
[1.435s] Level 1:colcon.colcon_core.package_identification:_identify(src/frenet_planner) by extension 'ros'
[1.438s] DEBUG:colcon.colcon_core.package_identification:Package 'src/frenet_planner' with type 'ros.ament_cmake' and name 'frenet_planner'
[1.438s] Level 1:colcon.colcon_core.package_identification:_identify(src/frenet_planner_ported) by extensions ['ignore', 'ignore_ament_install']
[1.439s] Level 1:colcon.colcon_core.package_identification:_identify(src/frenet_planner_ported) by extension 'ignore'
[1.439s] Level 1:colcon.colcon_core.package_identification:_identify(src/frenet_planner_ported) by extension 'ignore_ament_install'
[1.439s] Level 1:colcon.colcon_core.package_identification:_identify(src/frenet_planner_ported) by extensions ['colcon_pkg']
[1.439s] Level 1:colcon.colcon_core.package_identification:_identify(src/frenet_planner_ported) by extension 'colcon_pkg'
[1.439s] Level 1:colcon.colcon_core.package_identification:_identify(src/frenet_planner_ported) by extensions ['colcon_meta']
[1.439s] Level 1:colcon.colcon_core.package_identification:_identify(src/frenet_planner_ported) by extension 'colcon_meta'
[1.439s] Level 1:colcon.colcon_core.package_identification:_identify(src/frenet_planner_ported) by extensions ['ros']
[1.439s] Level 1:colcon.colcon_core.package_identification:_identify(src/frenet_planner_ported) by extension 'ros'
[1.442s] DEBUG:colcon.colcon_core.package_identification:Package 'src/frenet_planner_ported' with type 'ros.ament_cmake' and name 'frenet_planner_ported'
[1.442s] Level 1:colcon.colcon_core.package_discovery:discover_packages(recursive) using defaults
[1.442s] Level 1:colcon.colcon_core.package_discovery:discover_packages(ignore) discover
[1.442s] Level 1:colcon.colcon_core.package_discovery:discover_packages(ignore) using defaults
[1.442s] Level 1:colcon.colcon_core.package_discovery:discover_packages(path) discover
[1.442s] Level 1:colcon.colcon_core.package_discovery:discover_packages(path) using defaults
[1.550s] INFO:colcon.colcon_core.package_selection:Skipping not selected package 'frenet_planner' in 'src/frenet_planner'
[1.571s] Level 5:colcon.colcon_core.verb:set package 'dummy' build argument 'cmake_args' from command line to 'None'
[1.571s] Level 5:colcon.colcon_core.verb:set package 'dummy' build argument 'cmake_target' from command line to 'None'
[1.571s] Level 5:colcon.colcon_core.verb:set package 'dummy' build argument 'cmake_target_skip_unavailable' from command line to 'False'
[1.572s] Level 5:colcon.colcon_core.verb:set package 'dummy' build argument 'cmake_clean_cache' from command line to 'False'
[1.572s] Level 5:colcon.colcon_core.verb:set package 'dummy' build argument 'cmake_clean_first' from command line to 'False'
[1.572s] Level 5:colcon.colcon_core.verb:set package 'dummy' build argument 'cmake_force_configure' from command line to 'False'
[1.572s] Level 5:colcon.colcon_core.verb:set package 'dummy' build argument 'ament_cmake_args' from command line to 'None'
[1.572s] Level 5:colcon.colcon_core.verb:set package 'dummy' build argument 'catkin_cmake_args' from command line to 'None'
[1.572s] Level 5:colcon.colcon_core.verb:set package 'dummy' build argument 'catkin_skip_building_tests' from command line to 'False'
[1.572s] DEBUG:colcon.colcon_core.verb:Building package 'dummy' with the following arguments: {'ament_cmake_args': None, 'build_base': '/home/aayush/newest_frenet_planner/build/dummy', 'catkin_cmake_args': None, 'catkin_skip_building_tests': False, 'cmake_args': None, 'cmake_clean_cache': False, 'cmake_clean_first': False, 'cmake_force_configure': False, 'cmake_target': None, 'cmake_target_skip_unavailable': False, 'install_base': '/home/aayush/newest_frenet_planner/install/dummy', 'merge_install': False, 'path': '/home/aayush/newest_frenet_planner/src/dummy', 'symlink_install': False, 'test_result_base': None}
[1.593s] Level 5:colcon.colcon_core.verb:set package 'frenet_planner_ported' build argument 'cmake_args' from command line to 'None'
[1.593s] Level 5:colcon.colcon_core.verb:set package 'frenet_planner_ported' build argument 'cmake_target' from command line to 'None'
[1.594s] Level 5:colcon.colcon_core.verb:set package 'frenet_planner_ported' build argument 'cmake_target_skip_unavailable' from command line to 'False'
[1.594s] Level 5:colcon.colcon_core.verb:set package 'frenet_planner_ported' build argument 'cmake_clean_cache' from command line to 'False'
[1.594s] Level 5:colcon.colcon_core.verb:set package 'frenet_planner_ported' build argument 'cmake_clean_first' from command line to 'False'
[1.594s] Level 5:colcon.colcon_core.verb:set package 'frenet_planner_ported' build argument 'cmake_force_configure' from command line to 'False'
[1.594s] Level 5:colcon.colcon_core.verb:set package 'frenet_planner_ported' build argument 'ament_cmake_args' from command line to 'None'
[1.594s] Level 5:colcon.colcon_core.verb:set package 'frenet_planner_ported' build argument 'catkin_cmake_args' from command line to 'None'
[1.594s] Level 5:colcon.colcon_core.verb:set package 'frenet_planner_ported' build argument 'catkin_skip_building_tests' from command line to 'False'
[1.594s] DEBUG:colcon.colcon_core.verb:Building package 'frenet_planner_ported' with the following arguments: {'ament_cmake_args': None, 'build_base': '/home/aayush/newest_frenet_planner/build/frenet_planner_ported', 'catkin_cmake_args': None, 'catkin_skip_building_tests': False, 'cmake_args': None, 'cmake_clean_cache': False, 'cmake_clean_first': False, 'cmake_force_configure': False, 'cmake_target': None, 'cmake_target_skip_unavailable': False, 'install_base': '/home/aayush/newest_frenet_planner/install/frenet_planner_ported', 'merge_install': False, 'path': '/home/aayush/newest_frenet_planner/src/frenet_planner_ported', 'symlink_install': False, 'test_result_base': None}
[1.599s] INFO:colcon.colcon_core.executor:Executing jobs using 'parallel' executor
[1.634s] DEBUG:colcon.colcon_parallel_executor.executor.parallel:run_until_complete
[1.634s] INFO:colcon.colcon_ros.task.ament_python.build:Building ROS package in '/home/aayush/newest_frenet_planner/src/dummy' with build type 'ament_python'
[1.635s] Level 1:colcon.colcon_core.shell:create_environment_hook('dummy', 'ament_prefix_path')
[1.658s] INFO:colcon.colcon_core.plugin_system:Skipping extension 'colcon_core.shell.bat': Not used on non-Windows systems
[1.658s] INFO:colcon.colcon_core.shell:Creating environment hook '/home/aayush/newest_frenet_planner/install/dummy/share/dummy/hook/ament_prefix_path.ps1'
[1.660s] INFO:colcon.colcon_core.shell:Creating environment descriptor '/home/aayush/newest_frenet_planner/install/dummy/share/dummy/hook/ament_prefix_path.dsv'
[1.661s] INFO:colcon.colcon_core.shell:Creating environment hook '/home/aayush/newest_frenet_planner/install/dummy/share/dummy/hook/ament_prefix_path.sh'
[1.682s] INFO:colcon.colcon_core.shell:Skip shell extension 'powershell' for command environment: Not usable outside of PowerShell
[1.682s] DEBUG:colcon.colcon_core.shell:Skip shell extension 'dsv' for command environment
[1.697s] DEBUG:colcon.colcon_core.shell:Ignoring prefix path '/opt/ros/foxy'
[1.708s] INFO:colcon.colcon_ros.task.ament_cmake.build:Building ROS package in '/home/aayush/newest_frenet_planner/src/frenet_planner_ported' with build type 'ament_cmake'
[1.709s] INFO:colcon.colcon_cmake.task.cmake.build:Building CMake package in '/home/aayush/newest_frenet_planner/src/frenet_planner_ported'
[1.727s] INFO:colcon.colcon_core.shell:Skip shell extension 'powershell' for command environment: Not usable outside of PowerShell
[1.727s] DEBUG:colcon.colcon_core.shell:Skip shell extension 'dsv' for command environment
[1.745s] DEBUG:colcon.colcon_core.shell:Ignoring prefix path '/opt/ros/foxy'
[2.512s] INFO:colcon.colcon_core.task.python.build:Building Python package in '/home/aayush/newest_frenet_planner/src/dummy'
[2.529s] INFO:colcon.colcon_core.shell:Skip shell extension 'powershell' for command environment: Not usable outside of PowerShell
[2.529s] DEBUG:colcon.colcon_core.shell:Skip shell extension 'dsv' for command environment
[2.541s] DEBUG:colcon.colcon_core.shell:Ignoring prefix path '/opt/ros/foxy'
[2.561s] DEBUG:colcon.colcon_core.event_handler.log_command:Invoking command in '/home/aayush/newest_frenet_planner/build/frenet_planner_ported': CMAKE_PREFIX_PATH=${CMAKE_PREFIX_PATH}:/home/aayush/newest_frenet_planner/install/dummy:/opt/ros/foxy /usr/bin/cmake --build /home/aayush/newest_frenet_planner/build/frenet_planner_ported -- -j2 -l2
[2.572s] DEBUG:colcon.colcon_core.event_handler.log_command:Invoking command in '/home/aayush/newest_frenet_planner/src/dummy': PYTHONPATH=/home/aayush/newest_frenet_planner/install/dummy/lib/python3.8/site-packages:${PYTHONPATH} /usr/bin/python3 setup.py egg_info --egg-base ../../build/dummy build --build-base /home/aayush/newest_frenet_planner/build/dummy/build install --prefix /home/aayush/newest_frenet_planner/install/dummy --record /home/aayush/newest_frenet_planner/build/dummy/install.log --single-version-externally-managed
[3.877s] DEBUG:colcon.colcon_core.event_handler.log_command:Invoked command in '/home/aayush/newest_frenet_planner/src/dummy' returned '0': PYTHONPATH=/home/aayush/newest_frenet_planner/install/dummy/lib/python3.8/site-packages:${PYTHONPATH} /usr/bin/python3 setup.py egg_info --egg-base ../../build/dummy build --build-base /home/aayush/newest_frenet_planner/build/dummy/build install --prefix /home/aayush/newest_frenet_planner/install/dummy --record /home/aayush/newest_frenet_planner/build/dummy/install.log --single-version-externally-managed
[3.897s] Level 1:colcon.colcon_core.environment:checking '/home/aayush/newest_frenet_planner/install/dummy' for CMake module files
[3.900s] Level 1:colcon.colcon_core.environment:checking '/home/aayush/newest_frenet_planner/install/dummy' for CMake config files
[3.902s] Level 1:colcon.colcon_core.environment:checking '/home/aayush/newest_frenet_planner/install/dummy/lib'
[3.903s] Level 1:colcon.colcon_core.environment:checking '/home/aayush/newest_frenet_planner/install/dummy/bin'
[3.903s] Level 1:colcon.colcon_core.environment:checking '/home/aayush/newest_frenet_planner/install/dummy/lib/pkgconfig/dummy.pc'
[3.903s] Level 1:colcon.colcon_core.environment:checking '/home/aayush/newest_frenet_planner/install/dummy/lib/python3.8/site-packages'
[3.903s] Level 1:colcon.colcon_core.shell:create_environment_hook('dummy', 'pythonpath')
[3.927s] INFO:colcon.colcon_core.shell:Creating environment hook '/home/aayush/newest_frenet_planner/install/dummy/share/dummy/hook/pythonpath.ps1'
[3.928s] INFO:colcon.colcon_core.shell:Creating environment descriptor '/home/aayush/newest_frenet_planner/install/dummy/share/dummy/hook/pythonpath.dsv'
[3.929s] INFO:colcon.colcon_core.shell:Creating environment hook '/home/aayush/newest_frenet_planner/install/dummy/share/dummy/hook/pythonpath.sh'
[3.930s] Level 1:colcon.colcon_core.environment:create_environment_scripts_only(dummy)
[3.947s] INFO:colcon.colcon_core.shell:Creating package script '/home/aayush/newest_frenet_planner/install/dummy/share/dummy/package.ps1'
[3.949s] INFO:colcon.colcon_core.shell:Creating package descriptor '/home/aayush/newest_frenet_planner/install/dummy/share/dummy/package.dsv'
[3.951s] INFO:colcon.colcon_core.shell:Creating package script '/home/aayush/newest_frenet_planner/install/dummy/share/dummy/package.sh'
[3.953s] INFO:colcon.colcon_core.shell:Creating package script '/home/aayush/newest_frenet_planner/install/dummy/share/dummy/package.bash'
[3.956s] INFO:colcon.colcon_core.shell:Creating package script '/home/aayush/newest_frenet_planner/install/dummy/share/dummy/package.zsh'
[3.957s] Level 1:colcon.colcon_core.environment:create_file_with_runtime_dependencies(/home/aayush/newest_frenet_planner/install/dummy/share/colcon-core/packages/dummy)
[38.953s] DEBUG:colcon.colcon_core.event_handler.log_command:Invoked command in '/home/aayush/newest_frenet_planner/build/frenet_planner_ported' returned '2': CMAKE_PREFIX_PATH=${CMAKE_PREFIX_PATH}:/home/aayush/newest_frenet_planner/install/dummy:/opt/ros/foxy /usr/bin/cmake --build /home/aayush/newest_frenet_planner/build/frenet_planner_ported -- -j2 -l2
[39.043s] Level 1:colcon.colcon_core.environment:create_environment_scripts_only(frenet_planner_ported)
[39.060s] Level 1:colcon.colcon_core.environment:checking '/home/aayush/newest_frenet_planner/install/frenet_planner_ported' for CMake module files
[39.061s] Level 1:colcon.colcon_core.environment:checking '/home/aayush/newest_frenet_planner/install/frenet_planner_ported' for CMake config files
[39.062s] Level 1:colcon.colcon_core.shell:create_environment_hook('frenet_planner_ported', 'cmake_prefix_path')
[39.082s] INFO:colcon.colcon_core.shell:Creating environment hook '/home/aayush/newest_frenet_planner/install/frenet_planner_ported/share/frenet_planner_ported/hook/cmake_prefix_path.ps1'
[39.084s] INFO:colcon.colcon_core.shell:Creating environment descriptor '/home/aayush/newest_frenet_planner/install/frenet_planner_ported/share/frenet_planner_ported/hook/cmake_prefix_path.dsv'
[39.084s] INFO:colcon.colcon_core.shell:Creating environment hook '/home/aayush/newest_frenet_planner/install/frenet_planner_ported/share/frenet_planner_ported/hook/cmake_prefix_path.sh'
[39.086s] Level 1:colcon.colcon_core.environment:checking '/home/aayush/newest_frenet_planner/install/frenet_planner_ported/lib'
[39.086s] Level 1:colcon.colcon_core.environment:checking '/home/aayush/newest_frenet_planner/install/frenet_planner_ported/bin'
[39.086s] Level 1:colcon.colcon_core.environment:checking '/home/aayush/newest_frenet_planner/install/frenet_planner_ported/lib/pkgconfig/frenet_planner_ported.pc'
[39.086s] Level 1:colcon.colcon_core.environment:checking '/home/aayush/newest_frenet_planner/install/frenet_planner_ported/lib/python3.8/site-packages'
[39.104s] INFO:colcon.colcon_core.shell:Creating package script '/home/aayush/newest_frenet_planner/install/frenet_planner_ported/share/frenet_planner_ported/package.ps1'
[39.105s] INFO:colcon.colcon_core.shell:Creating package descriptor '/home/aayush/newest_frenet_planner/install/frenet_planner_ported/share/frenet_planner_ported/package.dsv'
[39.107s] INFO:colcon.colcon_core.shell:Creating package script '/home/aayush/newest_frenet_planner/install/frenet_planner_ported/share/frenet_planner_ported/package.sh'
[39.108s] INFO:colcon.colcon_core.shell:Creating package script '/home/aayush/newest_frenet_planner/install/frenet_planner_ported/share/frenet_planner_ported/package.bash'
[39.109s] INFO:colcon.colcon_core.shell:Creating package script '/home/aayush/newest_frenet_planner/install/frenet_planner_ported/share/frenet_planner_ported/package.zsh'
[39.110s] Level 1:colcon.colcon_core.environment:create_file_with_runtime_dependencies(/home/aayush/newest_frenet_planner/install/frenet_planner_ported/share/colcon-core/packages/frenet_planner_ported)
[39.121s] DEBUG:colcon.colcon_parallel_executor.executor.parallel:closing loop
[39.122s] DEBUG:colcon.colcon_parallel_executor.executor.parallel:loop closed
[39.122s] DEBUG:colcon.colcon_parallel_executor.executor.parallel:run_until_complete finished with '2'
[39.122s] DEBUG:colcon.colcon_core.event_reactor:joining thread
[39.178s] INFO:colcon.colcon_core.plugin_system:Skipping extension 'colcon_notification.desktop_notification.terminal_notifier': Not used on non-Darwin systems
[39.178s] INFO:colcon.colcon_core.plugin_system:Skipping extension 'colcon_notification.desktop_notification.win32': Not used on non-Windows systems
[39.178s] INFO:colcon.colcon_notification.desktop_notification:Sending desktop notification using 'notify2'
[39.237s] DEBUG:colcon.colcon_core.event_reactor:joined thread
[39.267s] INFO:colcon.colcon_core.shell:Creating prefix script '/home/aayush/newest_frenet_planner/install/local_setup.ps1'
[39.275s] INFO:colcon.colcon_core.shell:Creating prefix util module '/home/aayush/newest_frenet_planner/install/_local_setup_util_ps1.py'
[39.282s] INFO:colcon.colcon_core.shell:Creating prefix chain script '/home/aayush/newest_frenet_planner/install/setup.ps1'
[39.314s] INFO:colcon.colcon_core.shell:Creating prefix script '/home/aayush/newest_frenet_planner/install/local_setup.sh'
[39.318s] INFO:colcon.colcon_core.shell:Creating prefix util module '/home/aayush/newest_frenet_planner/install/_local_setup_util_sh.py'
[39.319s] INFO:colcon.colcon_core.shell:Creating prefix chain script '/home/aayush/newest_frenet_planner/install/setup.sh'
[39.341s] INFO:colcon.colcon_core.shell:Creating prefix script '/home/aayush/newest_frenet_planner/install/local_setup.bash'
[39.343s] INFO:colcon.colcon_core.shell:Creating prefix chain script '/home/aayush/newest_frenet_planner/install/setup.bash'
[39.361s] INFO:colcon.colcon_core.shell:Creating prefix script '/home/aayush/newest_frenet_planner/install/local_setup.zsh'
[39.362s] INFO:colcon.colcon_core.shell:Creating prefix chain script '/home/aayush/newest_frenet_planner/install/setup.zsh'
