[1.077s] Invoking command in '/home/aayush/newest_frenet_planner/src/dummy': PYTHONPATH=/home/aayush/newest_frenet_planner/install/dummy/lib/python3.8/site-packages:${PYTHONPATH} /usr/bin/python3 setup.py egg_info --egg-base ../../build/dummy build --build-base /home/aayush/newest_frenet_planner/build/dummy/build install --prefix /home/aayush/newest_frenet_planner/install/dummy --record /home/aayush/newest_frenet_planner/build/dummy/install.log --single-version-externally-managed
[2.905s] running egg_info
[2.907s] writing ../../build/dummy/dummy.egg-info/PKG-INFO
[2.908s] writing dependency_links to ../../build/dummy/dummy.egg-info/dependency_links.txt
[2.911s] writing entry points to ../../build/dummy/dummy.egg-info/entry_points.txt
[2.913s] writing requirements to ../../build/dummy/dummy.egg-info/requires.txt
[2.917s] writing top-level names to ../../build/dummy/dummy.egg-info/top_level.txt
[3.257s] reading manifest file '../../build/dummy/dummy.egg-info/SOURCES.txt'
[3.260s] writing manifest file '../../build/dummy/dummy.egg-info/SOURCES.txt'
[3.265s] running build
[3.265s] running build_py
[3.267s] running install
[3.275s] running install_lib
[3.293s] running install_data
[3.298s] running install_egg_info
[3.319s] removing '/home/aayush/newest_frenet_planner/install/dummy/lib/python3.8/site-packages/dummy-0.0.0-py3.8.egg-info' (and everything under it)
[3.326s] Copying ../../build/dummy/dummy.egg-info to /home/aayush/newest_frenet_planner/install/dummy/lib/python3.8/site-packages/dummy-0.0.0-py3.8.egg-info
[3.329s] running install_scripts
[3.695s] Installing dum_pub script to /home/aayush/newest_frenet_planner/install/dummy/lib/dummy
[3.697s] writing list of installed files to '/home/aayush/newest_frenet_planner/build/dummy/install.log'
[3.844s] Invoked command in '/home/aayush/newest_frenet_planner/src/dummy' returned '0': PYTHONPATH=/home/aayush/newest_frenet_planner/install/dummy/lib/python3.8/site-packages:${PYTHONPATH} /usr/bin/python3 setup.py egg_info --egg-base ../../build/dummy build --build-base /home/aayush/newest_frenet_planner/build/dummy/build install --prefix /home/aayush/newest_frenet_planner/install/dummy --record /home/aayush/newest_frenet_planner/build/dummy/install.log --single-version-externally-managed
