[0.836s] Invoking command in '/home/aayush/newest_frenet_planner/build/frenet_planner_ported': CMAKE_PREFIX_PATH=${CMAKE_PREFIX_PATH}:/home/aayush/newest_frenet_planner/install/dummy:/opt/ros/foxy /usr/bin/cmake --build /home/aayush/newest_frenet_planner/build/frenet_planner_ported -- -j2 -l2
[0.988s] [35m[1mScanning dependencies of target frenet_ros_obst[0m
[1.237s] [ 20%] [32mBuilding CXX object CMakeFiles/frenet_ros_obst.dir/src/frenet_ros_obst.cpp.o[0m
[1.264s] [ 40%] [32mBuilding CXX object CMakeFiles/frenet_ros_obst.dir/src/frenet_planner.cpp.o[0m
[8.180s] In file included from [01m[K/home/aayush/newest_frenet_planner/src/frenet_planner_ported/src/../include/frenet_class.hpp:11[m[K,
[8.180s]                  from [01m[K/home/aayush/newest_frenet_planner/src/frenet_planner_ported/src/frenet_ros_obst.cpp:1[m[K:
[8.181s] [01m[K/home/aayush/newest_frenet_planner/src/frenet_planner_ported/./include/matplotlibcpp.hpp:314:36:[m[K [01;35m[Kwarning: [m[Kstatic_assert without a message only available with ‘[01m[K-std=c++17[m[K’ or ‘[01m[K-std=gnu++17[m[K’ [[01;35m[K-Wpedantic[m[K]
[8.181s]   314 | static_assert(sizeof(long long) == [01;35m[K8[m[K);
[8.181s]       |                                    [01;35m[K^[m[K
[8.182s] [01m[K/home/aayush/newest_frenet_planner/src/frenet_planner_ported/./include/matplotlibcpp.hpp:316:45:[m[K [01;35m[Kwarning: [m[Kstatic_assert without a message only available with ‘[01m[K-std=c++17[m[K’ or ‘[01m[K-std=gnu++17[m[K’ [[01;35m[K-Wpedantic[m[K]
[8.182s]   316 | static_assert(sizeof(unsigned long long) == [01;35m[K8[m[K);
[8.182s]       |                                             [01;35m[K^[m[K
[8.195s] In file included from [01m[K/home/aayush/newest_frenet_planner/src/frenet_planner_ported/src/frenet_planner.cpp:8[m[K:
[8.195s] [01m[K/home/aayush/newest_frenet_planner/src/frenet_planner_ported/./include/matplotlibcpp.hpp:314:36:[m[K [01;35m[Kwarning: [m[Kstatic_assert without a message only available with ‘[01m[K-std=c++17[m[K’ or ‘[01m[K-std=gnu++17[m[K’ [[01;35m[K-Wpedantic[m[K]
[8.195s]   314 | static_assert(sizeof(long long) == [01;35m[K8[m[K);
[8.196s]       |                                    [01;35m[K^[m[K
[8.196s] [01m[K/home/aayush/newest_frenet_planner/src/frenet_planner_ported/./include/matplotlibcpp.hpp:316:45:[m[K [01;35m[Kwarning: [m[Kstatic_assert without a message only available with ‘[01m[K-std=c++17[m[K’ or ‘[01m[K-std=gnu++17[m[K’ [[01;35m[K-Wpedantic[m[K]
[8.196s]   316 | static_assert(sizeof(unsigned long long) == [01;35m[K8[m[K);
[8.197s]       |                                             [01;35m[K^[m[K
[11.237s] In file included from [01m[K/home/aayush/newest_frenet_planner/src/frenet_planner_ported/src/../include/frenet_optimal_trajectory.hpp:6[m[K,
[11.237s]                  from [01m[K/home/aayush/newest_frenet_planner/src/frenet_planner_ported/src/frenet_planner.cpp:10[m[K:
[11.237s] [01m[K/home/aayush/newest_frenet_planner/src/frenet_planner_ported/src/../include/../include/frenet_class.hpp:168:81:[m[K [01;35m[Kwarning: [m[K‘[01m[Kgeometry_msgs::msg::PolygonStamped_<std::allocator<void> >::ConstPtr[m[K’ is deprecated [[01;35m[K-Wdeprecated-declarations[m[K]
[11.238s]   168 |     void footprint_callback(const geometry_msgs::msg::PolygonStamped::ConstPtr p[01;35m[K)[m[K
[11.238s]       |                                                                                 [01;35m[K^[m[K
[11.238s] In file included from [01m[K/opt/ros/foxy/include/geometry_msgs/msg/polygon_stamped.hpp:7[m[K,
[11.239s]                  from [01m[K/home/aayush/newest_frenet_planner/src/frenet_planner_ported/src/frenet_planner.cpp:6[m[K:
[11.239s] [01m[K/opt/ros/foxy/include/geometry_msgs/msg/detail/polygon_stamped__struct.hpp:114:5:[m[K [01;36m[Knote: [m[Kdeclared here
[11.239s]   114 |     [01;36m[KConstPtr[m[K;
[11.239s]       |     [01;36m[K^~~~~~~~[m[K
[11.241s] In file included from [01m[K/home/aayush/newest_frenet_planner/src/frenet_planner_ported/src/../include/frenet_optimal_trajectory.hpp:6[m[K,
[11.242s]                  from [01m[K/home/aayush/newest_frenet_planner/src/frenet_planner_ported/src/frenet_planner.cpp:10[m[K:
[11.242s] [01m[K/home/aayush/newest_frenet_planner/src/frenet_planner_ported/src/../include/../include/frenet_class.hpp:174:67:[m[K [01;35m[Kwarning: [m[K‘[01m[Knav_msgs::msg::Odometry_<std::allocator<void> >::ConstPtr[m[K’ is deprecated [[01;35m[K-Wdeprecated-declarations[m[K]
[11.243s]   174 |     void odom_callback(const nav_msgs::msg::Odometry::ConstPtr msg[01;35m[K)[m[K
[11.245s]       |                                                                   [01;35m[K^[m[K
[11.245s] In file included from [01m[K/opt/ros/foxy/include/nav_msgs/msg/odometry.hpp:7[m[K,
[11.246s]                  from [01m[K/home/aayush/newest_frenet_planner/src/frenet_planner_ported/src/frenet_planner.cpp:4[m[K:
[11.246s] [01m[K/opt/ros/foxy/include/nav_msgs/msg/detail/odometry__struct.hpp:145:5:[m[K [01;36m[Knote: [m[Kdeclared here
[11.246s]   145 |     [01;36m[KConstPtr[m[K;
[11.247s]       |     [01;36m[K^~~~~~~~[m[K
[11.247s] In file included from [01m[K/home/aayush/newest_frenet_planner/src/frenet_planner_ported/src/../include/frenet_optimal_trajectory.hpp:6[m[K,
[11.247s]                  from [01m[K/home/aayush/newest_frenet_planner/src/frenet_planner_ported/src/frenet_planner.cpp:10[m[K:
[11.247s] [01m[K/home/aayush/newest_frenet_planner/src/frenet_planner_ported/src/../include/../include/frenet_class.hpp:178:86:[m[K [01;35m[Kwarning: [m[K‘[01m[Knav_msgs::msg::OccupancyGrid_<std::allocator<void> >::ConstPtr[m[K’ is deprecated [[01;35m[K-Wdeprecated-declarations[m[K]
[11.248s]   178 |     void costmap_callback(const nav_msgs::msg::OccupancyGrid::ConstPtr occupancy_grid[01;35m[K)[m[K
[11.248s]       |                                                                                      [01;35m[K^[m[K
[11.248s] In file included from [01m[K/opt/ros/foxy/include/nav_msgs/msg/occupancy_grid.hpp:7[m[K,
[11.249s]                  from [01m[K/home/aayush/newest_frenet_planner/src/frenet_planner_ported/src/frenet_planner.cpp:5[m[K:
[11.249s] [01m[K/opt/ros/foxy/include/nav_msgs/msg/detail/occupancy_grid__struct.hpp:123:5:[m[K [01;36m[Knote: [m[Kdeclared here
[11.249s]   123 |     [01;36m[KConstPtr[m[K;
[11.249s]       |     [01;36m[K^~~~~~~~[m[K
[11.408s] In file included from [01m[K/home/aayush/newest_frenet_planner/src/frenet_planner_ported/src/../include/frenet_optimal_trajectory.hpp:6[m[K,
[11.408s]                  from [01m[K/home/aayush/newest_frenet_planner/src/frenet_planner_ported/src/frenet_planner.cpp:10[m[K:
[11.408s] [01m[K/home/aayush/newest_frenet_planner/src/frenet_planner_ported/src/../include/../include/frenet_class.hpp:[m[K In member function ‘[01m[Kvoid FrenetClass::costmap_callback(nav_msgs::msg::OccupancyGrid_<std::allocator<void> >::ConstPtr)[m[K’:
[11.409s] [01m[K/home/aayush/newest_frenet_planner/src/frenet_planner_ported/src/../include/../include/frenet_class.hpp:208:22:[m[K [01;35m[Kwarning: [m[Kcomparison of integer expressions of different signedness: ‘[01m[Klong int[m[K’ and ‘[01m[Kstd::vector<std::pair<double, double> >::size_type[m[K’ {aka ‘[01m[Klong unsigned int[m[K’} [[01;35m[K-Wsign-compare[m[K]
[11.409s]   208 |   for (long i = 0; [01;35m[Ki < ob1.size()[m[K; i++)
[11.409s]       |                    [01;35m[K~~^~~~~~~~~~~~[m[K
[11.410s] [01m[K/home/aayush/newest_frenet_planner/src/frenet_planner_ported/src/../include/../include/frenet_class.hpp:188:13:[m[K [01;35m[Kwarning: [m[Kunused variable ‘[01m[KstartTime1[m[K’ [[01;35m[K-Wunused-variable[m[K]
[11.410s]   188 |      double [01;35m[KstartTime1[m[K = omp_get_wtime();
[11.411s]       |             [01;35m[K^~~~~~~~~~[m[K
[11.416s] In file included from [01m[K/home/aayush/newest_frenet_planner/src/frenet_planner_ported/src/frenet_planner.cpp:10[m[K:
[11.416s] [01m[K/home/aayush/newest_frenet_planner/src/frenet_planner_ported/src/../include/frenet_optimal_trajectory.hpp:[m[K In function ‘[01m[Kstd::ostream& operator<<(std::ostream&, const FrenetPath&)[m[K’:
[11.417s] [01m[K/home/aayush/newest_frenet_planner/src/frenet_planner_ported/src/../include/frenet_optimal_trajectory.hpp:80:20:[m[K [01;35m[Kwarning: [m[Kstatement has no effect [[01;35m[K-Wunused-value[m[K]
[11.417s]    80 | #define trace(...) [01;35m[K42[m[K
[11.417s]       |                    [01;35m[K^~[m[K
[11.417s] [01m[K/home/aayush/newest_frenet_planner/src/frenet_planner_ported/src/../include/frenet_optimal_trajectory.hpp:80:20:[m[K [01;36m[Knote: [m[Kin definition of macro ‘[01m[Ktrace[m[K’
[11.418s]    80 | #define trace(...) [01;36m[K42[m[K
[11.418s]       |                    [01;36m[K^~[m[K
[11.419s] [01m[K/home/aayush/newest_frenet_planner/src/frenet_planner_ported/src/../include/frenet_optimal_trajectory.hpp:80:20:[m[K [01;35m[Kwarning: [m[Kstatement has no effect [[01;35m[K-Wunused-value[m[K]
[11.419s]    80 | #define trace(...) [01;35m[K42[m[K
[11.419s]       |                    [01;35m[K^~[m[K
[11.420s] [01m[K/home/aayush/newest_frenet_planner/src/frenet_planner_ported/src/../include/frenet_optimal_trajectory.hpp:80:20:[m[K [01;36m[Knote: [m[Kin definition of macro ‘[01m[Ktrace[m[K’
[11.420s]    80 | #define trace(...) [01;36m[K42[m[K
[11.420s]       |                    [01;36m[K^~[m[K
[11.421s] [01m[K/home/aayush/newest_frenet_planner/src/frenet_planner_ported/src/../include/frenet_optimal_trajectory.hpp:80:20:[m[K [01;35m[Kwarning: [m[Kstatement has no effect [[01;35m[K-Wunused-value[m[K]
[11.421s]    80 | #define trace(...) [01;35m[K42[m[K
[11.421s]       |                    [01;35m[K^~[m[K
[11.421s] [01m[K/home/aayush/newest_frenet_planner/src/frenet_planner_ported/src/../include/frenet_optimal_trajectory.hpp:80:20:[m[K [01;36m[Knote: [m[Kin definition of macro ‘[01m[Ktrace[m[K’
[11.422s]    80 | #define trace(...) [01;36m[K42[m[K
[11.422s]       |                    [01;36m[K^~[m[K
[11.423s] [01m[K/home/aayush/newest_frenet_planner/src/frenet_planner_ported/src/../include/frenet_optimal_trajectory.hpp:80:20:[m[K [01;35m[Kwarning: [m[Kstatement has no effect [[01;35m[K-Wunused-value[m[K]
[11.423s]    80 | #define trace(...) [01;35m[K42[m[K
[11.423s]       |                    [01;35m[K^~[m[K
[11.424s] [01m[K/home/aayush/newest_frenet_planner/src/frenet_planner_ported/src/../include/frenet_optimal_trajectory.hpp:80:20:[m[K [01;36m[Knote: [m[Kin definition of macro ‘[01m[Ktrace[m[K’
[11.424s]    80 | #define trace(...) [01;36m[K42[m[K
[11.424s]       |                    [01;36m[K^~[m[K
[11.438s] [01m[K/home/aayush/newest_frenet_planner/src/frenet_planner_ported/src/../include/frenet_optimal_trajectory.hpp:80:20:[m[K [01;35m[Kwarning: [m[Kstatement has no effect [[01;35m[K-Wunused-value[m[K]
[11.439s]    80 | #define trace(...) [01;35m[K42[m[K
[11.439s]       |                    [01;35m[K^~[m[K
[11.439s] [01m[K/home/aayush/newest_frenet_planner/src/frenet_planner_ported/src/../include/frenet_optimal_trajectory.hpp:80:20:[m[K [01;36m[Knote: [m[Kin definition of macro ‘[01m[Ktrace[m[K’
[11.439s]    80 | #define trace(...) [01;36m[K42[m[K
[11.440s]       |                    [01;36m[K^~[m[K
[11.440s] [01m[K/home/aayush/newest_frenet_planner/src/frenet_planner_ported/src/../include/frenet_optimal_trajectory.hpp:80:20:[m[K [01;35m[Kwarning: [m[Kstatement has no effect [[01;35m[K-Wunused-value[m[K]
[11.440s]    80 | #define trace(...) [01;35m[K42[m[K
[11.440s]       |                    [01;35m[K^~[m[K
[11.442s] [01m[K/home/aayush/newest_frenet_planner/src/frenet_planner_ported/src/../include/frenet_optimal_trajectory.hpp:80:20:[m[K [01;36m[Knote: [m[Kin definition of macro ‘[01m[Ktrace[m[K’
[11.442s]    80 | #define trace(...) [01;36m[K42[m[K
[11.442s]       |                    [01;36m[K^~[m[K
[11.443s] [01m[K/home/aayush/newest_frenet_planner/src/frenet_planner_ported/src/../include/frenet_optimal_trajectory.hpp:80:20:[m[K [01;35m[Kwarning: [m[Kstatement has no effect [[01;35m[K-Wunused-value[m[K]
[11.443s]    80 | #define trace(...) [01;35m[K42[m[K
[11.444s]       |                    [01;35m[K^~[m[K
[11.444s] [01m[K/home/aayush/newest_frenet_planner/src/frenet_planner_ported/src/../include/frenet_optimal_trajectory.hpp:80:20:[m[K [01;36m[Knote: [m[Kin definition of macro ‘[01m[Ktrace[m[K’
[11.444s]    80 | #define trace(...) [01;36m[K42[m[K
[11.444s]       |                    [01;36m[K^~[m[K
[11.444s] [01m[K/home/aayush/newest_frenet_planner/src/frenet_planner_ported/src/../include/frenet_optimal_trajectory.hpp:80:20:[m[K [01;35m[Kwarning: [m[Kstatement has no effect [[01;35m[K-Wunused-value[m[K]
[11.447s]    80 | #define trace(...) [01;35m[K42[m[K
[11.447s]       |                    [01;35m[K^~[m[K
[11.448s] [01m[K/home/aayush/newest_frenet_planner/src/frenet_planner_ported/src/../include/frenet_optimal_trajectory.hpp:80:20:[m[K [01;36m[Knote: [m[Kin definition of macro ‘[01m[Ktrace[m[K’
[11.448s]    80 | #define trace(...) [01;36m[K42[m[K
[11.448s]       |                    [01;36m[K^~[m[K
[11.448s] [01m[K/home/aayush/newest_frenet_planner/src/frenet_planner_ported/src/../include/frenet_optimal_trajectory.hpp:80:20:[m[K [01;35m[Kwarning: [m[Kstatement has no effect [[01;35m[K-Wunused-value[m[K]
[11.448s]    80 | #define trace(...) [01;35m[K42[m[K
[11.449s]       |                    [01;35m[K^~[m[K
[11.449s] [01m[K/home/aayush/newest_frenet_planner/src/frenet_planner_ported/src/../include/frenet_optimal_trajectory.hpp:80:20:[m[K [01;36m[Knote: [m[Kin definition of macro ‘[01m[Ktrace[m[K’
[11.449s]    80 | #define trace(...) [01;36m[K42[m[K
[11.449s]       |                    [01;36m[K^~[m[K
[11.450s] [01m[K/home/aayush/newest_frenet_planner/src/frenet_planner_ported/src/../include/frenet_optimal_trajectory.hpp:80:20:[m[K [01;35m[Kwarning: [m[Kstatement has no effect [[01;35m[K-Wunused-value[m[K]
[11.450s]    80 | #define trace(...) [01;35m[K42[m[K
[11.450s]       |                    [01;35m[K^~[m[K
[11.450s] [01m[K/home/aayush/newest_frenet_planner/src/frenet_planner_ported/src/../include/frenet_optimal_trajectory.hpp:80:20:[m[K [01;36m[Knote: [m[Kin definition of macro ‘[01m[Ktrace[m[K’
[11.450s]    80 | #define trace(...) [01;36m[K42[m[K
[11.451s]       |                    [01;36m[K^~[m[K
[11.451s] [01m[K/home/aayush/newest_frenet_planner/src/frenet_planner_ported/src/../include/frenet_optimal_trajectory.hpp:80:20:[m[K [01;35m[Kwarning: [m[Kstatement has no effect [[01;35m[K-Wunused-value[m[K]
[11.451s]    80 | #define trace(...) [01;35m[K42[m[K
[11.451s]       |                    [01;35m[K^~[m[K
[11.451s] [01m[K/home/aayush/newest_frenet_planner/src/frenet_planner_ported/src/../include/frenet_optimal_trajectory.hpp:80:20:[m[K [01;36m[Knote: [m[Kin definition of macro ‘[01m[Ktrace[m[K’
[11.452s]    80 | #define trace(...) [01;36m[K42[m[K
[11.452s]       |                    [01;36m[K^~[m[K
[11.452s] [01m[K/home/aayush/newest_frenet_planner/src/frenet_planner_ported/src/../include/frenet_optimal_trajectory.hpp:80:20:[m[K [01;35m[Kwarning: [m[Kstatement has no effect [[01;35m[K-Wunused-value[m[K]
[11.452s]    80 | #define trace(...) [01;35m[K42[m[K
[11.452s]       |                    [01;35m[K^~[m[K
[11.453s] [01m[K/home/aayush/newest_frenet_planner/src/frenet_planner_ported/src/../include/frenet_optimal_trajectory.hpp:80:20:[m[K [01;36m[Knote: [m[Kin definition of macro ‘[01m[Ktrace[m[K’
[11.453s]    80 | #define trace(...) [01;36m[K42[m[K
[11.453s]       |                    [01;36m[K^~[m[K
[11.453s] [01m[K/home/aayush/newest_frenet_planner/src/frenet_planner_ported/src/../include/frenet_optimal_trajectory.hpp:80:20:[m[K [01;35m[Kwarning: [m[Kstatement has no effect [[01;35m[K-Wunused-value[m[K]
[11.453s]    80 | #define trace(...) [01;35m[K42[m[K
[11.454s]       |                    [01;35m[K^~[m[K
[11.454s] [01m[K/home/aayush/newest_frenet_planner/src/frenet_planner_ported/src/../include/frenet_optimal_trajectory.hpp:80:20:[m[K [01;36m[Knote: [m[Kin definition of macro ‘[01m[Ktrace[m[K’
[11.454s]    80 | #define trace(...) [01;36m[K42[m[K
[11.454s]       |                    [01;36m[K^~[m[K
[11.454s] [01m[K/home/aayush/newest_frenet_planner/src/frenet_planner_ported/src/../include/frenet_optimal_trajectory.hpp:81:59:[m[K [01;35m[Kwarning: [m[Kunused parameter ‘[01m[Kfp[m[K’ [[01;35m[K-Wunused-parameter[m[K]
[11.455s]    81 | inline ostream& operator<<(ostream& os, [01;35m[Kconst FrenetPath& fp[m[K)
[11.463s]       |                                         [01;35m[K~~~~~~~~~~~~~~~~~~^~[m[K
[11.464s] [01m[K/home/aayush/newest_frenet_planner/src/frenet_planner_ported/src/frenet_planner.cpp:[m[K In member function ‘[01m[Kvoid FrenetPath::calc_lon_paths_quintic_poly(double, double, double, double, double)[m[K’:
[11.464s] [01m[K/home/aayush/newest_frenet_planner/src/frenet_planner_ported/src/frenet_planner.cpp:68:91:[m[K [01;35m[Kwarning: [m[Kunused parameter ‘[01m[Kts[m[K’ [[01;35m[K-Wunused-parameter[m[K]
[11.464s]    68 | void FrenetPath::calc_lon_paths_quintic_poly(double c_speed, double s0, double Ti, [01;35m[Kdouble ts[m[K,
[11.464s]       |                                                                                    [01;35m[K~~~~~~~^~[m[K
[11.467s] [01m[K/home/aayush/newest_frenet_planner/src/frenet_planner_ported/src/frenet_planner.cpp:[m[K In member function ‘[01m[Kvoid FrenetPath::adding_global_path(Spline2D)[m[K’:
[11.468s] [01m[K/home/aayush/newest_frenet_planner/src/frenet_planner_ported/src/frenet_planner.cpp:197:9:[m[K [01;35m[Kwarning: [m[Kunused variable ‘[01m[KstartTime1[m[K’ [[01;35m[K-Wunused-variable[m[K]
[11.468s]   197 |  double [01;35m[KstartTime1[m[K = omp_get_wtime();
[11.468s]       |         [01;35m[K^~~~~~~~~~[m[K
[11.468s] [01m[K/home/aayush/newest_frenet_planner/src/frenet_planner_ported/src/frenet_planner.cpp:248:9:[m[K [01;35m[Kwarning: [m[Kunused variable ‘[01m[KendTime1[m[K’ [[01;35m[K-Wunused-variable[m[K]
[11.468s]   248 |  double [01;35m[KendTime1[m[K = omp_get_wtime();
[11.469s]       |         [01;35m[K^~~~~~~~[m[K
[11.485s] In file included from [01m[K/home/aayush/newest_frenet_planner/src/frenet_planner_ported/src/frenet_planner.cpp:10[m[K:
[11.485s] [01m[K/home/aayush/newest_frenet_planner/src/frenet_planner_ported/src/frenet_planner.cpp:[m[K In function ‘[01m[KFrenetPath frenet_optimal_planning(Spline2D, double, double, double, double, double, FrenetPath, double)[m[K’:
[11.485s] [01m[K/home/aayush/newest_frenet_planner/src/frenet_planner_ported/src/../include/frenet_optimal_trajectory.hpp:80:20:[m[K [01;35m[Kwarning: [m[Kstatement has no effect [[01;35m[K-Wunused-value[m[K]
[11.485s]    80 | #define trace(...) [01;35m[K42[m[K
[11.486s]       |                    [01;35m[K^~[m[K
[11.486s] [01m[K/home/aayush/newest_frenet_planner/src/frenet_planner_ported/src/../include/frenet_optimal_trajectory.hpp:80:20:[m[K [01;36m[Knote: [m[Kin definition of macro ‘[01m[Ktrace[m[K’
[11.486s]    80 | #define trace(...) [01;36m[K42[m[K
[11.486s]       |                    [01;36m[K^~[m[K
[11.487s] [01m[K/home/aayush/newest_frenet_planner/src/frenet_planner_ported/src/../include/frenet_optimal_trajectory.hpp:80:20:[m[K [01;35m[Kwarning: [m[Kstatement has no effect [[01;35m[K-Wunused-value[m[K]
[11.487s]    80 | #define trace(...) [01;35m[K42[m[K
[11.487s]       |                    [01;35m[K^~[m[K
[11.487s] [01m[K/home/aayush/newest_frenet_planner/src/frenet_planner_ported/src/../include/frenet_optimal_trajectory.hpp:80:20:[m[K [01;36m[Knote: [m[Kin definition of macro ‘[01m[Ktrace[m[K’
[11.488s]    80 | #define trace(...) [01;36m[K42[m[K
[11.488s]       |                    [01;36m[K^~[m[K
[11.488s] [01m[K/home/aayush/newest_frenet_planner/src/frenet_planner_ported/src/../include/frenet_optimal_trajectory.hpp:80:20:[m[K [01;35m[Kwarning: [m[Kstatement has no effect [[01;35m[K-Wunused-value[m[K]
[11.488s]    80 | #define trace(...) [01;35m[K42[m[K
[11.488s]       |                    [01;35m[K^~[m[K
[11.489s] [01m[K/home/aayush/newest_frenet_planner/src/frenet_planner_ported/src/../include/frenet_optimal_trajectory.hpp:80:20:[m[K [01;36m[Knote: [m[Kin definition of macro ‘[01m[Ktrace[m[K’
[11.489s]    80 | #define trace(...) [01;36m[K42[m[K
[11.489s]       |                    [01;36m[K^~[m[K
[11.490s] [01m[K/home/aayush/newest_frenet_planner/src/frenet_planner_ported/src/../include/frenet_optimal_trajectory.hpp:80:20:[m[K [01;35m[Kwarning: [m[Kstatement has no effect [[01;35m[K-Wunused-value[m[K]
[11.490s]    80 | #define trace(...) [01;35m[K42[m[K
[11.490s]       |                    [01;35m[K^~[m[K
[11.491s] [01m[K/home/aayush/newest_frenet_planner/src/frenet_planner_ported/src/../include/frenet_optimal_trajectory.hpp:80:20:[m[K [01;36m[Knote: [m[Kin definition of macro ‘[01m[Ktrace[m[K’
[11.491s]    80 | #define trace(...) [01;36m[K42[m[K
[11.491s]       |                    [01;36m[K^~[m[K
[11.492s] [01m[K/home/aayush/newest_frenet_planner/src/frenet_planner_ported/src/../include/frenet_optimal_trajectory.hpp:80:20:[m[K [01;35m[Kwarning: [m[Kstatement has no effect [[01;35m[K-Wunused-value[m[K]
[11.492s]    80 | #define trace(...) [01;35m[K42[m[K
[11.492s]       |                    [01;35m[K^~[m[K
[11.492s] [01m[K/home/aayush/newest_frenet_planner/src/frenet_planner_ported/src/../include/frenet_optimal_trajectory.hpp:80:20:[m[K [01;36m[Knote: [m[Kin definition of macro ‘[01m[Ktrace[m[K’
[11.493s]    80 | #define trace(...) [01;36m[K42[m[K
[11.493s]       |                    [01;36m[K^~[m[K
[11.575s] In file included from [01m[K/home/aayush/newest_frenet_planner/src/frenet_planner_ported/src/frenet_ros_obst.cpp:1[m[K:
[11.575s] [01m[K/home/aayush/newest_frenet_planner/src/frenet_planner_ported/src/../include/frenet_class.hpp:168:81:[m[K [01;35m[Kwarning: [m[K‘[01m[Kgeometry_msgs::msg::PolygonStamped_<std::allocator<void> >::ConstPtr[m[K’ is deprecated [[01;35m[K-Wdeprecated-declarations[m[K]
[11.575s]   168 | allback(const geometry_msgs::msg::PolygonStamped::ConstPtr p[01;35m[K)[m[K
[11.576s]       |                                                             [01;35m[K^[m[K
[11.576s] 
[11.576s] In file included from [01m[K/opt/ros/foxy/include/geometry_msgs/msg/polygon_stamped.hpp:7[m[K,
[11.577s]                  from [01m[K/home/aayush/newest_frenet_planner/src/frenet_planner_ported/src/../include/frenet_class.hpp:8[m[K,
[11.577s]                  from [01m[K/home/aayush/newest_frenet_planner/src/frenet_planner_ported/src/frenet_ros_obst.cpp:1[m[K:
[11.577s] [01m[K/opt/ros/foxy/include/geometry_msgs/msg/detail/polygon_stamped__struct.hpp:114:5:[m[K [01;36m[Knote: [m[Kdeclared here
[11.577s]   114 |     [01;36m[KConstPtr[m[K;
[11.577s]       |     [01;36m[K^~~~~~~~[m[K
[11.578s] In file included from [01m[K/home/aayush/newest_frenet_planner/src/frenet_planner_ported/src/frenet_ros_obst.cpp:1[m[K:
[11.578s] [01m[K/home/aayush/newest_frenet_planner/src/frenet_planner_ported/src/../include/frenet_class.hpp:174:67:[m[K [01;35m[Kwarning: [m[K‘[01m[Knav_msgs::msg::Odometry_<std::allocator<void> >::ConstPtr[m[K’ is deprecated [[01;35m[K-Wdeprecated-declarations[m[K]
[11.578s]   174 |     void odom_callback(const nav_msgs::msg::Odometry::ConstPtr msg[01;35m[K)[m[K
[11.579s]       |                                                                   [01;35m[K^[m[K
[11.579s] In file included from [01m[K/opt/ros/foxy/include/nav_msgs/msg/odometry.hpp:7[m[K,
[11.579s]                  from [01m[K/home/aayush/newest_frenet_planner/src/frenet_planner_ported/src/../include/frenet_class.hpp:6[m[K,
[11.580s]                  from [01m[K/home/aayush/newest_frenet_planner/src/frenet_planner_ported/src/frenet_ros_obst.cpp:1[m[K:
[11.580s] [01m[K/opt/ros/foxy/include/nav_msgs/msg/detail/odometry__struct.hpp:145:5:[m[K [01;36m[Knote: [m[Kdeclared here
[11.580s]   145 |     [01;36m[KConstPtr[m[K;
[11.580s]       |     [01;36m[K^~~~~~~~[m[K
[11.581s] In file included from [01m[K/home/aayush/newest_frenet_planner/src/frenet_planner_ported/src/frenet_ros_obst.cpp:1[m[K:
[11.581s] [01m[K/home/aayush/newest_frenet_planner/src/frenet_planner_ported/src/../include/frenet_class.hpp:178:86:[m[K [01;35m[Kwarning: [m[K‘[01m[Knav_msgs::msg::OccupancyGrid_<std::allocator<void> >::ConstPtr[m[K’ is deprecated [[01;35m[K-Wdeprecated-declarations[m[K]
[11.581s]   178 | (const nav_msgs::msg::OccupancyGrid::ConstPtr occupancy_grid[01;35m[K)[m[K
[11.581s]       |                                                             [01;35m[K^[m[K
[11.582s] 
[11.582s] In file included from [01m[K/opt/ros/foxy/include/nav_msgs/msg/occupancy_grid.hpp:7[m[K,
[11.582s]                  from [01m[K/home/aayush/newest_frenet_planner/src/frenet_planner_ported/src/../include/frenet_class.hpp:7[m[K,
[11.582s]                  from [01m[K/home/aayush/newest_frenet_planner/src/frenet_planner_ported/src/frenet_ros_obst.cpp:1[m[K:
[11.583s] [01m[K/opt/ros/foxy/include/nav_msgs/msg/detail/occupancy_grid__struct.hpp:123:5:[m[K [01;36m[Knote: [m[Kdeclared here
[11.583s]   123 |     [01;36m[KConstPtr[m[K;
[11.583s]       |     [01;36m[K^~~~~~~~[m[K
[11.736s] In file included from [01m[K/home/aayush/newest_frenet_planner/src/frenet_planner_ported/src/frenet_ros_obst.cpp:1[m[K:
[11.736s] [01m[K/home/aayush/newest_frenet_planner/src/frenet_planner_ported/src/../include/frenet_class.hpp:[m[K In member function ‘[01m[Kvoid FrenetClass::costmap_callback(nav_msgs::msg::OccupancyGrid_<std::allocator<void> >::ConstPtr)[m[K’:
[11.736s] [01m[K/home/aayush/newest_frenet_planner/src/frenet_planner_ported/src/../include/frenet_class.hpp:208:22:[m[K [01;35m[Kwarning: [m[Kcomparison of integer expressions of different signedness: ‘[01m[Klong int[m[K’ and ‘[01m[Kstd::vector<std::pair<double, double> >::size_type[m[K’ {aka ‘[01m[Klong unsigned int[m[K’} [[01;35m[K-Wsign-compare[m[K]
[11.737s]   208 |   for (long i = 0; [01;35m[Ki < ob1.size()[m[K; i++)
[11.737s]       |                    [01;35m[K~~^~~~~~~~~~~~[m[K
[11.738s] [01m[K/home/aayush/newest_frenet_planner/src/frenet_planner_ported/src/../include/frenet_class.hpp:188:13:[m[K [01;35m[Kwarning: [m[Kunused variable ‘[01m[KstartTime1[m[K’ [[01;35m[K-Wunused-variable[m[K]
[11.738s]   188 |      double [01;35m[KstartTime1[m[K = omp_get_wtime();
[11.738s]       |             [01;35m[K^~~~~~~~~~[m[K
[11.744s] In file included from [01m[K/home/aayush/newest_frenet_planner/src/frenet_planner_ported/src/frenet_ros_obst.cpp:2[m[K:
[11.744s] [01m[K/home/aayush/newest_frenet_planner/src/frenet_planner_ported/src/../include/frenet_optimal_trajectory.hpp:[m[K In function ‘[01m[Kstd::ostream& operator<<(std::ostream&, const FrenetPath&)[m[K’:
[11.745s] [01m[K/home/aayush/newest_frenet_planner/src/frenet_planner_ported/src/../include/frenet_optimal_trajectory.hpp:80:20:[m[K [01;35m[Kwarning: [m[Kstatement has no effect [[01;35m[K-Wunused-value[m[K]
[11.745s]    80 | #define trace(...) [01;35m[K42[m[K
[11.745s]       |                    [01;35m[K^~[m[K
[11.745s] [01m[K/home/aayush/newest_frenet_planner/src/frenet_planner_ported/src/../include/frenet_optimal_trajectory.hpp:80:20:[m[K [01;36m[Knote: [m[Kin definition of macro ‘[01m[Ktrace[m[K’
[11.746s]    80 | #define trace(...) [01;36m[K42[m[K
[11.746s]       |                    [01;36m[K^~[m[K
[11.747s] [01m[K/home/aayush/newest_frenet_planner/src/frenet_planner_ported/src/../include/frenet_optimal_trajectory.hpp:80:20:[m[K [01;35m[Kwarning: [m[Kstatement has no effect [[01;35m[K-Wunused-value[m[K]
[11.747s]    80 | #define trace(...) [01;35m[K42[m[K
[11.747s]       |                    [01;35m[K^~[m[K
[11.748s] [01m[K/home/aayush/newest_frenet_planner/src/frenet_planner_ported/src/../include/frenet_optimal_trajectory.hpp:80:20:[m[K [01;36m[Knote: [m[Kin definition of macro ‘[01m[Ktrace[m[K’
[11.748s]    80 | #define trace(...) [01;36m[K42[m[K
[11.748s]       |                    [01;36m[K^~[m[K
[11.748s] [01m[K/home/aayush/newest_frenet_planner/src/frenet_planner_ported/src/../include/frenet_optimal_trajectory.hpp:80:20:[m[K [01;35m[Kwarning: [m[Kstatement has no effect [[01;35m[K-Wunused-value[m[K]
[11.749s]    80 | #define trace(...) [01;35m[K42[m[K
[11.749s]       |                    [01;35m[K^~[m[K
[11.749s] [01m[K/home/aayush/newest_frenet_planner/src/frenet_planner_ported/src/../include/frenet_optimal_trajectory.hpp:80:20:[m[K [01;36m[Knote: [m[Kin definition of macro ‘[01m[Ktrace[m[K’
[11.749s]    80 | #define trace(...) [01;36m[K42[m[K
[11.749s]       |                    [01;36m[K^~[m[K
[11.750s] [01m[K/home/aayush/newest_frenet_planner/src/frenet_planner_ported/src/../include/frenet_optimal_trajectory.hpp:80:20:[m[K [01;35m[Kwarning: [m[Kstatement has no effect [[01;35m[K-Wunused-value[m[K]
[11.750s]    80 | #define trace(...) [01;35m[K42[m[K
[11.750s]       |                    [01;35m[K^~[m[K
[11.750s] [01m[K/home/aayush/newest_frenet_planner/src/frenet_planner_ported/src/../include/frenet_optimal_trajectory.hpp:80:20:[m[K [01;36m[Knote: [m[Kin definition of macro ‘[01m[Ktrace[m[K’
[11.751s]    80 | #define trace(...) [01;36m[K42[m[K
[11.751s]       |                    [01;36m[K^~[m[K
[11.751s] [01m[K/home/aayush/newest_frenet_planner/src/frenet_planner_ported/src/../include/frenet_optimal_trajectory.hpp:80:20:[m[K [01;35m[Kwarning: [m[Kstatement has no effect [[01;35m[K-Wunused-value[m[K]
[11.752s]    80 | #define trace(...) [01;35m[K42[m[K
[11.752s]       |                    [01;35m[K^~[m[K
[11.752s] [01m[K/home/aayush/newest_frenet_planner/src/frenet_planner_ported/src/../include/frenet_optimal_trajectory.hpp:80:20:[m[K [01;36m[Knote: [m[Kin definition of macro ‘[01m[Ktrace[m[K’
[11.752s]    80 | #define trace(...) [01;36m[K42[m[K
[11.752s]       |                    [01;36m[K^~[m[K
[11.753s] [01m[K/home/aayush/newest_frenet_planner/src/frenet_planner_ported/src/../include/frenet_optimal_trajectory.hpp:80:20:[m[K [01;35m[Kwarning: [m[Kstatement has no effect [[01;35m[K-Wunused-value[m[K]
[11.754s]    80 | #define trace(...) [01;35m[K42[m[K
[11.754s]       |                    [01;35m[K^~[m[K
[11.754s] [01m[K/home/aayush/newest_frenet_planner/src/frenet_planner_ported/src/../include/frenet_optimal_trajectory.hpp:80:20:[m[K [01;36m[Knote: [m[Kin definition of macro ‘[01m[Ktrace[m[K’
[11.754s]    80 | #define trace(...) [01;36m[K42[m[K
[11.754s]       |                    [01;36m[K^~[m[K
[11.755s] [01m[K/home/aayush/newest_frenet_planner/src/frenet_planner_ported/src/../include/frenet_optimal_trajectory.hpp:80:20:[m[K [01;35m[Kwarning: [m[Kstatement has no effect [[01;35m[K-Wunused-value[m[K]
[11.755s]    80 | #define trace(...) [01;35m[K42[m[K
[11.755s]       |                    [01;35m[K^~[m[K
[11.755s] [01m[K/home/aayush/newest_frenet_planner/src/frenet_planner_ported/src/../include/frenet_optimal_trajectory.hpp:80:20:[m[K [01;36m[Knote: [m[Kin definition of macro ‘[01m[Ktrace[m[K’
[11.755s]    80 | #define trace(...) [01;36m[K42[m[K
[11.756s]       |                    [01;36m[K^~[m[K
[11.756s] [01m[K/home/aayush/newest_frenet_planner/src/frenet_planner_ported/src/../include/frenet_optimal_trajectory.hpp:80:20:[m[K [01;35m[Kwarning: [m[Kstatement has no effect [[01;35m[K-Wunused-value[m[K]
[11.756s]    80 | #define trace(...) [01;35m[K42[m[K
[11.756s]       |                    [01;35m[K^~[m[K
[11.756s] [01m[K/home/aayush/newest_frenet_planner/src/frenet_planner_ported/src/../include/frenet_optimal_trajectory.hpp:80:20:[m[K [01;36m[Knote: [m[Kin definition of macro ‘[01m[Ktrace[m[K’
[11.757s]    80 | #define trace(...) [01;36m[K42[m[K
[11.763s]       |                    [01;36m[K^~[m[K
[11.764s] [01m[K/home/aayush/newest_frenet_planner/src/frenet_planner_ported/src/../include/frenet_optimal_trajectory.hpp:80:20:[m[K [01;35m[Kwarning: [m[Kstatement has no effect [[01;35m[K-Wunused-value[m[K]
[11.764s]    80 | #define trace(...) [01;35m[K42[m[K
[11.764s]       |                    [01;35m[K^~[m[K
[11.764s] [01m[K/home/aayush/newest_frenet_planner/src/frenet_planner_ported/src/../include/frenet_optimal_trajectory.hpp:80:20:[m[K [01;36m[Knote: [m[Kin definition of macro ‘[01m[Ktrace[m[K’
[11.765s]    80 | #define trace(...) [01;36m[K42[m[K
[11.765s]       |                    [01;36m[K^~[m[K
[11.765s] [01m[K/home/aayush/newest_frenet_planner/src/frenet_planner_ported/src/../include/frenet_optimal_trajectory.hpp:80:20:[m[K [01;35m[Kwarning: [m[Kstatement has no effect [[01;35m[K-Wunused-value[m[K]
[11.765s]    80 | #define trace(...) [01;35m[K42[m[K
[11.765s]       |                    [01;35m[K^~[m[K
[11.766s] [01m[K/home/aayush/newest_frenet_planner/src/frenet_planner_ported/src/../include/frenet_optimal_trajectory.hpp:80:20:[m[K [01;36m[Knote: [m[Kin definition of macro ‘[01m[Ktrace[m[K’
[11.766s]    80 | #define trace(...) [01;36m[K42[m[K
[11.766s]       |                    [01;36m[K^~[m[K
[11.766s] [01m[K/home/aayush/newest_frenet_planner/src/frenet_planner_ported/src/../include/frenet_optimal_trajectory.hpp:80:20:[m[K [01;35m[Kwarning: [m[Kstatement has no effect [[01;35m[K-Wunused-value[m[K]
[11.766s]    80 | #define trace(...) [01;35m[K42[m[K
[11.771s]       |                    [01;35m[K^~[m[K
[11.772s] [01m[K/home/aayush/newest_frenet_planner/src/frenet_planner_ported/src/../include/frenet_optimal_trajectory.hpp:80:20:[m[K [01;36m[Knote: [m[Kin definition of macro ‘[01m[Ktrace[m[K’
[11.772s]    80 | #define trace(...) [01;36m[K42[m[K
[11.772s]       |                    [01;36m[K^~[m[K
[11.772s] [01m[K/home/aayush/newest_frenet_planner/src/frenet_planner_ported/src/../include/frenet_optimal_trajectory.hpp:80:20:[m[K [01;35m[Kwarning: [m[Kstatement has no effect [[01;35m[K-Wunused-value[m[K]
[11.773s]    80 | #define trace(...) [01;35m[K42[m[K
[11.773s]       |                    [01;35m[K^~[m[K
[11.773s] [01m[K/home/aayush/newest_frenet_planner/src/frenet_planner_ported/src/../include/frenet_optimal_trajectory.hpp:80:20:[m[K [01;36m[Knote: [m[Kin definition of macro ‘[01m[Ktrace[m[K’
[11.774s]    80 | #define trace(...) [01;36m[K42[m[K
[11.774s]       |                    [01;36m[K^~[m[K
[11.774s] [01m[K/home/aayush/newest_frenet_planner/src/frenet_planner_ported/src/../include/frenet_optimal_trajectory.hpp:80:20:[m[K [01;35m[Kwarning: [m[Kstatement has no effect [[01;35m[K-Wunused-value[m[K]
[11.774s]    80 | #define trace(...) [01;35m[K42[m[K
[11.775s]       |                    [01;35m[K^~[m[K
[11.775s] [01m[K/home/aayush/newest_frenet_planner/src/frenet_planner_ported/src/../include/frenet_optimal_trajectory.hpp:80:20:[m[K [01;36m[Knote: [m[Kin definition of macro ‘[01m[Ktrace[m[K’
[11.775s]    80 | #define trace(...) [01;36m[K42[m[K
[11.775s]       |                    [01;36m[K^~[m[K
[11.775s] [01m[K/home/aayush/newest_frenet_planner/src/frenet_planner_ported/src/../include/frenet_optimal_trajectory.hpp:81:59:[m[K [01;35m[Kwarning: [m[Kunused parameter ‘[01m[Kfp[m[K’ [[01;35m[K-Wunused-parameter[m[K]
[11.776s]    81 | inline ostream& operator<<(ostream& os, [01;35m[Kconst FrenetPath& fp[m[K)
[11.776s]       |                                         [01;35m[K~~~~~~~~~~~~~~~~~~^~[m[K
[11.776s] [01m[K/home/aayush/newest_frenet_planner/src/frenet_planner_ported/src/frenet_ros_obst.cpp:[m[K In function ‘[01m[Kdouble get_bot_yaw()[m[K’:
[11.776s] [01m[K/home/aayush/newest_frenet_planner/src/frenet_planner_ported/src/../include/frenet_optimal_trajectory.hpp:80:20:[m[K [01;35m[Kwarning: [m[Kstatement has no effect [[01;35m[K-Wunused-value[m[K]
[11.776s]    80 | #define trace(...) [01;35m[K42[m[K
[11.777s]       |                    [01;35m[K^~[m[K
[11.777s] [01m[K/home/aayush/newest_frenet_planner/src/frenet_planner_ported/src/../include/frenet_optimal_trajectory.hpp:80:20:[m[K [01;36m[Knote: [m[Kin definition of macro ‘[01m[Ktrace[m[K’
[11.777s]    80 | #define trace(...) [01;36m[K42[m[K
[11.777s]       |                    [01;36m[K^~[m[K
[11.777s] [01m[K/home/aayush/newest_frenet_planner/src/frenet_planner_ported/src/frenet_ros_obst.cpp:[m[K In function ‘[01m[Kvoid initial_conditions_path(Spline2D&, double&, double&, double&, double&, double&, double&, FrenetPath&)[m[K’:
[11.778s] [01m[K/home/aayush/newest_frenet_planner/src/frenet_planner_ported/src/frenet_ros_obst.cpp:55:40:[m[K [01;35m[Kwarning: [m[Kunused parameter ‘[01m[Kcsp[m[K’ [[01;35m[K-Wunused-parameter[m[K]
[11.778s]    55 | void initial_conditions_path([01;35m[KSpline2D &csp[m[K, double &s0, double &c_speed, double &c_d, double &c_d_d,
[11.778s]       |                              [01;35m[K~~~~~~~~~~^~~[m[K
[11.778s] In file included from [01m[K/home/aayush/newest_frenet_planner/src/frenet_planner_ported/src/frenet_ros_obst.cpp:2[m[K:
[11.778s] [01m[K/home/aayush/newest_frenet_planner/src/frenet_planner_ported/src/frenet_ros_obst.cpp:[m[K In function ‘[01m[Kint initial_conditions_new(Spline2D&, vecD&, vecD&, vecD&, vecD&, vecD&, double&, double&, double&, double&, double&, double&, FrenetPath&)[m[K’:
[11.779s] [01m[K/home/aayush/newest_frenet_planner/src/frenet_planner_ported/src/../include/frenet_optimal_trajectory.hpp:80:20:[m[K [01;35m[Kwarning: [m[Kstatement has no effect [[01;35m[K-Wunused-value[m[K]
[11.787s]    80 | #define trace(...) [01;35m[K42[m[K
[11.787s]       |                    [01;35m[K^~[m[K
[11.787s] [01m[K/home/aayush/newest_frenet_planner/src/frenet_planner_ported/src/../include/frenet_optimal_trajectory.hpp:80:20:[m[K [01;36m[Knote: [m[Kin definition of macro ‘[01m[Ktrace[m[K’
[11.787s]    80 | #define trace(...) [01;36m[K42[m[K
[11.788s]       |                    [01;36m[K^~[m[K
[11.788s] [01m[K/home/aayush/newest_frenet_planner/src/frenet_planner_ported/src/../include/frenet_optimal_trajectory.hpp:80:20:[m[K [01;35m[Kwarning: [m[Kstatement has no effect [[01;35m[K-Wunused-value[m[K]
[11.788s]    80 | #define trace(...) [01;35m[K42[m[K
[11.788s]       |                    [01;35m[K^~[m[K
[11.789s] [01m[K/home/aayush/newest_frenet_planner/src/frenet_planner_ported/src/../include/frenet_optimal_trajectory.hpp:80:20:[m[K [01;36m[Knote: [m[Kin definition of macro ‘[01m[Ktrace[m[K’
[11.789s]    80 | #define trace(...) [01;36m[K42[m[K
[11.789s]       |                    [01;36m[K^~[m[K
[11.789s] [01m[K/home/aayush/newest_frenet_planner/src/frenet_planner_ported/src/frenet_ros_obst.cpp:71:38:[m[K [01;35m[Kwarning: [m[Kunused parameter ‘[01m[Kcsp[m[K’ [[01;35m[K-Wunused-parameter[m[K]
[11.790s]    71 | int initial_conditions_new([01;35m[KSpline2D &csp[m[K, vecD &global_s, vecD &global_x, vecD &global_y,
[11.790s]       |                            [01;35m[K~~~~~~~~~~^~~[m[K
[11.809s] In file included from [01m[K/home/aayush/newest_frenet_planner/src/frenet_planner_ported/src/frenet_ros_obst.cpp:2[m[K:
[11.810s] [01m[K/home/aayush/newest_frenet_planner/src/frenet_planner_ported/src/frenet_ros_obst.cpp:[m[K In function ‘[01m[Kint main(int, char**)[m[K’:
[11.810s] [01m[K/home/aayush/newest_frenet_planner/src/frenet_planner_ported/src/../include/frenet_optimal_trajectory.hpp:80:20:[m[K [01;35m[Kwarning: [m[Kstatement has no effect [[01;35m[K-Wunused-value[m[K]
[11.810s]    80 | #define trace(...) [01;35m[K42[m[K
[11.810s]       |                    [01;35m[K^~[m[K
[11.811s] [01m[K/home/aayush/newest_frenet_planner/src/frenet_planner_ported/src/../include/frenet_optimal_trajectory.hpp:80:20:[m[K [01;36m[Knote: [m[Kin definition of macro ‘[01m[Ktrace[m[K’
[11.811s]    80 | #define trace(...) [01;36m[K42[m[K
[11.811s]       |                    [01;36m[K^~[m[K
[11.894s] [01m[K/home/aayush/newest_frenet_planner/src/frenet_planner_ported/src/frenet_ros_obst.cpp:174:10:[m[K [01;35m[Kwarning: [m[Kunused variable ‘[01m[KstartTime1[m[K’ [[01;35m[K-Wunused-variable[m[K]
[11.894s]   174 |   double [01;35m[KstartTime1[m[K = omp_get_wtime();
[11.894s]       |          [01;35m[K^~~~~~~~~~[m[K
[11.895s] [01m[K/home/aayush/newest_frenet_planner/src/frenet_planner_ported/src/frenet_ros_obst.cpp:188:10:[m[K [01;35m[Kwarning: [m[Kunused variable ‘[01m[KendTime1[m[K’ [[01;35m[K-Wunused-variable[m[K]
[11.895s]   188 |   double [01;35m[KendTime1[m[K = omp_get_wtime();
[11.895s]       |          [01;35m[K^~~~~~~~[m[K
[11.895s] [01m[K/home/aayush/newest_frenet_planner/src/frenet_planner_ported/src/frenet_ros_obst.cpp:260:10:[m[K [01;35m[Kwarning: [m[Kunused variable ‘[01m[KstartTime3[m[K’ [[01;35m[K-Wunused-variable[m[K]
[11.896s]   260 |   double [01;35m[KstartTime3[m[K = omp_get_wtime();
[11.896s]       |          [01;35m[K^~~~~~~~~~[m[K
[11.896s] [01m[K/home/aayush/newest_frenet_planner/src/frenet_planner_ported/src/frenet_ros_obst.cpp:262:10:[m[K [01;35m[Kwarning: [m[Kunused variable ‘[01m[KendTime3[m[K’ [[01;35m[K-Wunused-variable[m[K]
[11.896s]   262 |   double [01;35m[KendTime3[m[K = omp_get_wtime();
[11.897s]       |          [01;35m[K^~~~~~~~[m[K
[11.897s] [01m[K/home/aayush/newest_frenet_planner/src/frenet_planner_ported/src/frenet_ros_obst.cpp:130:7:[m[K [01;35m[Kwarning: [m[Kunused variable ‘[01m[KgotOdom[m[K’ [[01;35m[K-Wunused-variable[m[K]
[11.897s]   130 |  bool [01;35m[KgotOdom[m[K = false;
[11.900s]       |       [01;35m[K^~~~~~~[m[K
[11.900s] [01m[K/home/aayush/newest_frenet_planner/src/frenet_planner_ported/src/frenet_ros_obst.cpp:164:9:[m[K [01;35m[Kwarning: [m[Kunused variable ‘[01m[Kpltbasetime[m[K’ [[01;35m[K-Wunused-variable[m[K]
[11.900s]   164 |  double [01;35m[Kpltbasetime[m[K = omp_get_wtime();
[11.900s]       |         [01;35m[K^~~~~~~~~~~[m[K
[11.901s] [01m[K/home/aayush/newest_frenet_planner/src/frenet_planner_ported/src/frenet_ros_obst.cpp:166:6:[m[K [01;35m[Kwarning: [m[Kunused variable ‘[01m[Kiteration_count[m[K’ [[01;35m[K-Wunused-variable[m[K]
[11.901s]   166 |  int [01;35m[Kiteration_count[m[K = 1;
[11.901s]       |      [01;35m[K^~~~~~~~~~~~~~~[m[K
[39.695s] [ 60%] [32m[1mLinking CXX executable frenet_ros_obst[0m
[41.701s] /usr/bin/ld: CMakeFiles/frenet_ros_obst.dir/src/frenet_planner.cpp.o:(.bss+0x0): multiple definition of `cost_count'; CMakeFiles/frenet_ros_obst.dir/src/frenet_ros_obst.cpp.o:(.bss+0x0): first defined here
[41.702s] /usr/bin/ld: CMakeFiles/frenet_ros_obst.dir/src/frenet_ros_obst.cpp.o: in function `find_nearest_in_global_path(std::vector<double, std::allocator<double> >&, std::vector<double, std::allocator<double> >&, double&, double&, double&, int&, int, FrenetPath&)':
[41.702s] frenet_ros_obst.cpp:(.text+0x45b): undefined reference to `odom'
[41.702s] /usr/bin/ld: frenet_ros_obst.cpp:(.text+0x468): undefined reference to `odom'
[41.703s] /usr/bin/ld: CMakeFiles/frenet_ros_obst.dir/src/frenet_ros_obst.cpp.o: in function `initial_conditions_new(Spline2D&, std::vector<double, std::allocator<double> >&, std::vector<double, std::allocator<double> >&, std::vector<double, std::allocator<double> >&, std::vector<double, std::allocator<double> >&, std::vector<double, std::allocator<double> >&, double&, double&, double&, double&, double&, double&, FrenetPath&)':
[41.703s] frenet_ros_obst.cpp:(.text+0x8e3): undefined reference to `odom'
[41.703s] /usr/bin/ld: frenet_ros_obst.cpp:(.text+0x8f0): undefined reference to `odom'
[41.703s] /usr/bin/ld: frenet_ros_obst.cpp:(.text+0x984): undefined reference to `odom'
[41.716s] /usr/bin/ld: CMakeFiles/frenet_ros_obst.dir/src/frenet_ros_obst.cpp.o:frenet_ros_obst.cpp:(.text+0x9c5): more undefined references to `odom' follow
[41.717s] /usr/bin/ld: CMakeFiles/frenet_ros_obst.dir/src/frenet_ros_obst.cpp.o: in function `main':
[41.717s] frenet_ros_obst.cpp:(.text+0x11a9): undefined reference to `W_X'
[41.717s] /usr/bin/ld: frenet_ros_obst.cpp:(.text+0x11cd): undefined reference to `W_Y'
[41.718s] /usr/bin/ld: frenet_ros_obst.cpp:(.text+0x11f1): undefined reference to `TARGET_SPEED'
[41.718s] /usr/bin/ld: frenet_ros_obst.cpp:(.text+0x13d8): undefined reference to `W_Y'
[41.718s] /usr/bin/ld: frenet_ros_obst.cpp:(.text+0x13ee): undefined reference to `W_X'
[41.718s] /usr/bin/ld: frenet_ros_obst.cpp:(.text+0x164f): undefined reference to `s_dest'
[41.718s] /usr/bin/ld: frenet_ros_obst.cpp:(.text+0x18d2): undefined reference to `s_dest'
[41.719s] /usr/bin/ld: frenet_ros_obst.cpp:(.text+0x18fc): undefined reference to `STOP_CAR'
[41.719s] /usr/bin/ld: frenet_ros_obst.cpp:(.text+0x1909): undefined reference to `TARGET_SPEED'
[41.720s] /usr/bin/ld: frenet_ros_obst.cpp:(.text+0x1911): undefined reference to `STOP_CAR'
[41.720s] /usr/bin/ld: frenet_ros_obst.cpp:(.text+0x1922): undefined reference to `s_dest'
[41.720s] /usr/bin/ld: frenet_ros_obst.cpp:(.text+0x1dfe): undefined reference to `ob_y'
[41.720s] /usr/bin/ld: frenet_ros_obst.cpp:(.text+0x1e05): undefined reference to `ob_x'
[41.721s] /usr/bin/ld: frenet_ros_obst.cpp:(.text+0x20b4): undefined reference to `STOP_CAR'
[41.721s] /usr/bin/ld: frenet_ros_obst.cpp:(.text+0x22ca): undefined reference to `STOP_CAR'
[41.721s] /usr/bin/ld: CMakeFiles/frenet_ros_obst.dir/src/frenet_ros_obst.cpp.o: in function `FrenetClass::FrenetClass()':
[41.721s] frenet_ros_obst.cpp:(.text._ZN11FrenetClassC2Ev[_ZN11FrenetClassC5Ev]+0x930): undefined reference to `KJ'
[41.721s] /usr/bin/ld: frenet_ros_obst.cpp:(.text._ZN11FrenetClassC2Ev[_ZN11FrenetClassC5Ev]+0xa40): undefined reference to `KT'
[41.722s] /usr/bin/ld: frenet_ros_obst.cpp:(.text._ZN11FrenetClassC2Ev[_ZN11FrenetClassC5Ev]+0xb50): undefined reference to `KD'
[41.722s] /usr/bin/ld: frenet_ros_obst.cpp:(.text._ZN11FrenetClassC2Ev[_ZN11FrenetClassC5Ev]+0xc60): undefined reference to `KD_V'
[41.722s] /usr/bin/ld: frenet_ros_obst.cpp:(.text._ZN11FrenetClassC2Ev[_ZN11FrenetClassC5Ev]+0xd70): undefined reference to `KLAT'
[41.722s] /usr/bin/ld: frenet_ros_obst.cpp:(.text._ZN11FrenetClassC2Ev[_ZN11FrenetClassC5Ev]+0xe80): undefined reference to `KLON'
[41.722s] /usr/bin/ld: frenet_ros_obst.cpp:(.text._ZN11FrenetClassC2Ev[_ZN11FrenetClassC5Ev]+0xf90): undefined reference to `MAX_SPEED'
[41.723s] /usr/bin/ld: frenet_ros_obst.cpp:(.text._ZN11FrenetClassC2Ev[_ZN11FrenetClassC5Ev]+0x10a0): undefined reference to `MAX_ACCEL'
[41.723s] /usr/bin/ld: frenet_ros_obst.cpp:(.text._ZN11FrenetClassC2Ev[_ZN11FrenetClassC5Ev]+0x11b0): undefined reference to `MAX_CURVATURE'
[41.723s] /usr/bin/ld: frenet_ros_obst.cpp:(.text._ZN11FrenetClassC2Ev[_ZN11FrenetClassC5Ev]+0x12c0): undefined reference to `D_ROAD_W'
[41.723s] /usr/bin/ld: frenet_ros_obst.cpp:(.text._ZN11FrenetClassC2Ev[_ZN11FrenetClassC5Ev]+0x13d0): undefined reference to `DT'
[41.724s] /usr/bin/ld: frenet_ros_obst.cpp:(.text._ZN11FrenetClassC2Ev[_ZN11FrenetClassC5Ev]+0x14e0): undefined reference to `MAXT'
[41.724s] /usr/bin/ld: frenet_ros_obst.cpp:(.text._ZN11FrenetClassC2Ev[_ZN11FrenetClassC5Ev]+0x15f0): undefined reference to `MINT'
[41.724s] /usr/bin/ld: frenet_ros_obst.cpp:(.text._ZN11FrenetClassC2Ev[_ZN11FrenetClassC5Ev]+0x1700): undefined reference to `TARGET_SPEED'
[41.724s] /usr/bin/ld: frenet_ros_obst.cpp:(.text._ZN11FrenetClassC2Ev[_ZN11FrenetClassC5Ev]+0x1810): undefined reference to `D_T_S'
[41.724s] /usr/bin/ld: frenet_ros_obst.cpp:(.text._ZN11FrenetClassC2Ev[_ZN11FrenetClassC5Ev]+0x1920): undefined reference to `N_S_SAMPLE'
[41.725s] /usr/bin/ld: frenet_ros_obst.cpp:(.text._ZN11FrenetClassC2Ev[_ZN11FrenetClassC5Ev]+0x1a30): undefined reference to `ROBOT_RADIUS'
[41.725s] /usr/bin/ld: frenet_ros_obst.cpp:(.text._ZN11FrenetClassC2Ev[_ZN11FrenetClassC5Ev]+0x1b40): undefined reference to `MIN_LAT_VEL'
[41.725s] /usr/bin/ld: frenet_ros_obst.cpp:(.text._ZN11FrenetClassC2Ev[_ZN11FrenetClassC5Ev]+0x1c50): undefined reference to `D_D_NS'
[41.725s] /usr/bin/ld: frenet_ros_obst.cpp:(.text._ZN11FrenetClassC2Ev[_ZN11FrenetClassC5Ev]+0x1d60): undefined reference to `MAX_SHIFT_D'
[41.725s] /usr/bin/ld: CMakeFiles/frenet_ros_obst.dir/src/frenet_ros_obst.cpp.o: in function `FrenetClass::footprint_callback(std::shared_ptr<geometry_msgs::msg::PolygonStamped_<std::allocator<void> > const>)':
[41.726s] frenet_ros_obst.cpp:(.text._ZN11FrenetClass18footprint_callbackESt10shared_ptrIKN13geometry_msgs3msg15PolygonStamped_ISaIvEEEE[_ZN11FrenetClass18footprint_callbackESt10shared_ptrIKN13geometry_msgs3msg15PolygonStamped_ISaIvEEEE]+0x26): undefined reference to `footprint'
[41.726s] /usr/bin/ld: CMakeFiles/frenet_ros_obst.dir/src/frenet_ros_obst.cpp.o: in function `FrenetClass::odom_callback(std::shared_ptr<nav_msgs::msg::Odometry_<std::allocator<void> > const>)':
[41.726s] frenet_ros_obst.cpp:(.text._ZN11FrenetClass13odom_callbackESt10shared_ptrIKN8nav_msgs3msg9Odometry_ISaIvEEEE[_ZN11FrenetClass13odom_callbackESt10shared_ptrIKN8nav_msgs3msg9Odometry_ISaIvEEEE]+0x26): undefined reference to `odom'
[41.726s] /usr/bin/ld: CMakeFiles/frenet_ros_obst.dir/src/frenet_ros_obst.cpp.o: in function `FrenetClass::costmap_callback(std::shared_ptr<nav_msgs::msg::OccupancyGrid_<std::allocator<void> > const>)':
[41.726s] frenet_ros_obst.cpp:(.text._ZN11FrenetClass16costmap_callbackESt10shared_ptrIKN8nav_msgs3msg14OccupancyGrid_ISaIvEEEE[_ZN11FrenetClass16costmap_callbackESt10shared_ptrIKN8nav_msgs3msg14OccupancyGrid_ISaIvEEEE]+0x51): undefined reference to `cmap'
[41.732s] /usr/bin/ld: frenet_ros_obst.cpp:(.text._ZN11FrenetClass16costmap_callbackESt10shared_ptrIKN8nav_msgs3msg14OccupancyGrid_ISaIvEEEE[_ZN11FrenetClass16costmap_callbackESt10shared_ptrIKN8nav_msgs3msg14OccupancyGrid_ISaIvEEEE]+0x5d): undefined reference to `ob_x'
[41.733s] /usr/bin/ld: frenet_ros_obst.cpp:(.text._ZN11FrenetClass16costmap_callbackESt10shared_ptrIKN8nav_msgs3msg14OccupancyGrid_ISaIvEEEE[_ZN11FrenetClass16costmap_callbackESt10shared_ptrIKN8nav_msgs3msg14OccupancyGrid_ISaIvEEEE]+0x69): undefined reference to `ob_y'
[41.733s] /usr/bin/ld: frenet_ros_obst.cpp:(.text._ZN11FrenetClass16costmap_callbackESt10shared_ptrIKN8nav_msgs3msg14OccupancyGrid_ISaIvEEEE[_ZN11FrenetClass16costmap_callbackESt10shared_ptrIKN8nav_msgs3msg14OccupancyGrid_ISaIvEEEE]+0x155): undefined reference to `ob_x'
[41.734s] /usr/bin/ld: frenet_ros_obst.cpp:(.text._ZN11FrenetClass16costmap_callbackESt10shared_ptrIKN8nav_msgs3msg14OccupancyGrid_ISaIvEEEE[_ZN11FrenetClass16costmap_callbackESt10shared_ptrIKN8nav_msgs3msg14OccupancyGrid_ISaIvEEEE]+0x173): undefined reference to `ob_y'
[41.734s] /usr/bin/ld: frenet_ros_obst.cpp:(.text._ZN11FrenetClass16costmap_callbackESt10shared_ptrIKN8nav_msgs3msg14OccupancyGrid_ISaIvEEEE[_ZN11FrenetClass16costmap_callbackESt10shared_ptrIKN8nav_msgs3msg14OccupancyGrid_ISaIvEEEE]+0x1d4): undefined reference to `ob_x'
[41.735s] /usr/bin/ld: frenet_ros_obst.cpp:(.text._ZN11FrenetClass16costmap_callbackESt10shared_ptrIKN8nav_msgs3msg14OccupancyGrid_ISaIvEEEE[_ZN11FrenetClass16costmap_callbackESt10shared_ptrIKN8nav_msgs3msg14OccupancyGrid_ISaIvEEEE]+0x20e): undefined reference to `ob_y'
[41.735s] /usr/bin/ld: CMakeFiles/frenet_ros_obst.dir/src/frenet_ros_obst.cpp.o: in function `get_bot_yaw()':
[41.735s] frenet_ros_obst.cpp:(.text._Z11get_bot_yawv[_Z11get_bot_yawv]+0x21): undefined reference to `odom'
[41.735s] /usr/bin/ld: frenet_ros_obst.cpp:(.text._Z11get_bot_yawv[_Z11get_bot_yawv]+0x28): undefined reference to `odom'
[41.736s] /usr/bin/ld: frenet_ros_obst.cpp:(.text._Z11get_bot_yawv[_Z11get_bot_yawv]+0x3d): undefined reference to `odom'
[41.736s] /usr/bin/ld: frenet_ros_obst.cpp:(.text._Z11get_bot_yawv[_Z11get_bot_yawv]+0x44): undefined reference to `odom'
[41.736s] /usr/bin/ld: frenet_ros_obst.cpp:(.text._Z11get_bot_yawv[_Z11get_bot_yawv]+0x59): undefined reference to `odom'
[41.737s] /usr/bin/ld: CMakeFiles/frenet_ros_obst.dir/src/frenet_ros_obst.cpp.o:frenet_ros_obst.cpp:(.text._Z11get_bot_yawv[_Z11get_bot_yawv]+0x60): more undefined references to `odom' follow
[41.737s] /usr/bin/ld: CMakeFiles/frenet_ros_obst.dir/src/frenet_planner.cpp.o: in function `FrenetPath::calc_lat_paths(double, double, double, double, double, double)':
[41.737s] frenet_planner.cpp:(.text+0x2ea): undefined reference to `DT'
[41.737s] /usr/bin/ld: frenet_planner.cpp:(.text+0x42f): undefined reference to `DT'
[41.738s] /usr/bin/ld: frenet_planner.cpp:(.text+0x476): undefined reference to `DT'
[41.738s] /usr/bin/ld: frenet_planner.cpp:(.text+0x4cf): undefined reference to `DT'
[41.738s] /usr/bin/ld: frenet_planner.cpp:(.text+0x528): undefined reference to `DT'
[41.738s] /usr/bin/ld: CMakeFiles/frenet_ros_obst.dir/src/frenet_planner.cpp.o:frenet_planner.cpp:(.text+0x581): more undefined references to `DT' follow
[41.739s] /usr/bin/ld: CMakeFiles/frenet_ros_obst.dir/src/frenet_planner.cpp.o: in function `FrenetPath::calc_lon_paths(double, double, double, double)':
[41.739s] frenet_planner.cpp:(.text+0x924): undefined reference to `TARGET_SPEED'
[41.739s] /usr/bin/ld: frenet_planner.cpp:(.text+0x97f): undefined reference to `KJ'
[41.739s] /usr/bin/ld: frenet_planner.cpp:(.text+0x98b): undefined reference to `KT'
[41.740s] /usr/bin/ld: frenet_planner.cpp:(.text+0x9be): undefined reference to `KD'
[41.740s] /usr/bin/ld: frenet_planner.cpp:(.text+0xa1b): undefined reference to `KJ'
[41.740s] /usr/bin/ld: frenet_planner.cpp:(.text+0xa27): undefined reference to `KT'
[41.740s] /usr/bin/ld: frenet_planner.cpp:(.text+0xa3b): undefined reference to `KD_V'
[41.741s] /usr/bin/ld: frenet_planner.cpp:(.text+0xa6a): undefined reference to `KLAT'
[41.741s] /usr/bin/ld: frenet_planner.cpp:(.text+0xa85): undefined reference to `KLON'
[41.741s] /usr/bin/ld: CMakeFiles/frenet_ros_obst.dir/src/frenet_planner.cpp.o: in function `FrenetPath::calc_lon_paths_quintic_poly(double, double, double, double, double)':
[41.741s] frenet_planner.cpp:(.text+0xdd0): undefined reference to `STOP_CAR'
[41.742s] /usr/bin/ld: frenet_planner.cpp:(.text+0x1037): undefined reference to `TARGET_SPEED'
[41.743s] /usr/bin/ld: frenet_planner.cpp:(.text+0x1085): undefined reference to `STOP_CAR'
[41.744s] /usr/bin/ld: frenet_planner.cpp:(.text+0x111f): undefined reference to `KJ'
[41.744s] /usr/bin/ld: frenet_planner.cpp:(.text+0x112b): undefined reference to `KT'
[41.744s] /usr/bin/ld: frenet_planner.cpp:(.text+0x115e): undefined reference to `KD'
[41.744s] /usr/bin/ld: frenet_planner.cpp:(.text+0x11bb): undefined reference to `KJ'
[41.750s] /usr/bin/ld: frenet_planner.cpp:(.text+0x11c7): undefined reference to `KT'
[41.750s] /usr/bin/ld: frenet_planner.cpp:(.text+0x11db): undefined reference to `KD_V'
[41.751s] /usr/bin/ld: frenet_planner.cpp:(.text+0x120d): undefined reference to `KLAT'
[41.751s] /usr/bin/ld: frenet_planner.cpp:(.text+0x1228): undefined reference to `KLON'
[41.751s] /usr/bin/ld: CMakeFiles/frenet_ros_obst.dir/src/frenet_planner.cpp.o: in function `get_limits_d(FrenetPath, double*, double*)':
[41.751s] frenet_planner.cpp:(.text+0x12c8): undefined reference to `MAX_SHIFT_D'
[41.752s] /usr/bin/ld: frenet_planner.cpp:(.text+0x12ec): undefined reference to `MAX_SHIFT_D'
[41.752s] /usr/bin/ld: frenet_planner.cpp:(.text+0x12f8): undefined reference to `D_ROAD_W'
[41.752s] /usr/bin/ld: CMakeFiles/frenet_ros_obst.dir/src/frenet_planner.cpp.o: in function `calc_frenet_paths(double, double, double, double, double, FrenetPath)':
[41.752s] frenet_planner.cpp:(.text+0x1393): undefined reference to `MAX_ROAD_WIDTH'
[41.753s] /usr/bin/ld: frenet_planner.cpp:(.text+0x13af): undefined reference to `MAX_ROAD_WIDTH'
[41.753s] /usr/bin/ld: frenet_planner.cpp:(.text+0x13b7): undefined reference to `D_ROAD_W'
[41.753s] /usr/bin/ld: frenet_planner.cpp:(.text+0x1412): undefined reference to `STOP_CAR'
[41.754s] /usr/bin/ld: CMakeFiles/frenet_ros_obst.dir/src/frenet_planner.cpp.o: in function `point_obcheck(geometry_msgs::msg::Point32_<std::allocator<void> >, double)':
[41.754s] frenet_planner.cpp:(.text+0x2060): undefined reference to `ob_x'
[41.754s] /usr/bin/ld: frenet_planner.cpp:(.text+0x206f): undefined reference to `ob_x'
[41.754s] /usr/bin/ld: frenet_planner.cpp:(.text+0x2094): undefined reference to `ob_x'
[41.755s] /usr/bin/ld: frenet_planner.cpp:(.text+0x20b4): undefined reference to `ob_x'
[41.755s] /usr/bin/ld: frenet_planner.cpp:(.text+0x20db): undefined reference to `ob_x'
[41.755s] /usr/bin/ld: CMakeFiles/frenet_ros_obst.dir/src/frenet_planner.cpp.o:frenet_planner.cpp:(.text+0x210c): more undefined references to `ob_x' follow
[41.756s] /usr/bin/ld: CMakeFiles/frenet_ros_obst.dir/src/frenet_planner.cpp.o: in function `point_obcheck(geometry_msgs::msg::Point32_<std::allocator<void> >, double)':
[41.756s] frenet_planner.cpp:(.text+0x21df): undefined reference to `ob_y'
[41.756s] /usr/bin/ld: frenet_planner.cpp:(.text+0x21fc): undefined reference to `ob_x'
[41.756s] /usr/bin/ld: frenet_planner.cpp:(.text+0x2239): undefined reference to `ob_y'
[41.757s] /usr/bin/ld: frenet_planner.cpp:(.text+0x2256): undefined reference to `ob_x'
[41.757s] /usr/bin/ld: frenet_planner.cpp:(.text+0x22bc): undefined reference to `ob_y'
[41.757s] /usr/bin/ld: frenet_planner.cpp:(.text+0x22cb): undefined reference to `ob_y'
[41.757s] /usr/bin/ld: frenet_planner.cpp:(.text+0x22f4): undefined reference to `ob_y'
[41.758s] /usr/bin/ld: frenet_planner.cpp:(.text+0x231b): undefined reference to `ob_y'
[41.758s] /usr/bin/ld: frenet_planner.cpp:(.text+0x234c): undefined reference to `ob_y'
[41.758s] /usr/bin/ld: CMakeFiles/frenet_ros_obst.dir/src/frenet_planner.cpp.o:frenet_planner.cpp:(.text+0x2373): more undefined references to `ob_y' follow
[41.758s] /usr/bin/ld: CMakeFiles/frenet_ros_obst.dir/src/frenet_planner.cpp.o: in function `point_obcheck(geometry_msgs::msg::Point32_<std::allocator<void> >, double)':
[41.759s] frenet_planner.cpp:(.text+0x243c): undefined reference to `ob_x'
[41.759s] /usr/bin/ld: frenet_planner.cpp:(.text+0x2479): undefined reference to `ob_y'
[41.759s] /usr/bin/ld: frenet_planner.cpp:(.text+0x2496): undefined reference to `ob_x'
[41.760s] /usr/bin/ld: CMakeFiles/frenet_ros_obst.dir/src/frenet_planner.cpp.o: in function `FrenetPath::check_collision(double)':
[41.760s] frenet_planner.cpp:(.text+0x2638): undefined reference to `footprint'
[41.760s] /usr/bin/ld: frenet_planner.cpp:(.text+0x2652): undefined reference to `odom'
[41.760s] /usr/bin/ld: frenet_planner.cpp:(.text+0x2658): undefined reference to `odom'
[41.760s] /usr/bin/ld: frenet_planner.cpp:(.text+0x265e): undefined reference to `odom'
[41.761s] /usr/bin/ld: frenet_planner.cpp:(.text+0x2664): undefined reference to `odom'
[41.761s] /usr/bin/ld: frenet_planner.cpp:(.text+0x266a): undefined reference to `odom'
[41.761s] /usr/bin/ld: CMakeFiles/frenet_ros_obst.dir/src/frenet_planner.cpp.o:frenet_planner.cpp:(.text+0x2670): more undefined references to `odom' follow
[41.761s] /usr/bin/ld: CMakeFiles/frenet_ros_obst.dir/src/frenet_planner.cpp.o: in function `calc_frenet_paths(double, double, double, double, double, FrenetPath) [clone ._omp_fn.0]':
[41.762s] frenet_planner.cpp:(.text+0x310b): undefined reference to `D_ROAD_W'
[41.762s] /usr/bin/ld: frenet_planner.cpp:(.text+0x312b): undefined reference to `D_ROAD_W'
[41.762s] /usr/bin/ld: frenet_planner.cpp:(.text+0x313b): undefined reference to `MAXT'
[41.763s] /usr/bin/ld: frenet_planner.cpp:(.text+0x3143): undefined reference to `DT'
[41.763s] /usr/bin/ld: frenet_planner.cpp:(.text+0x314f): undefined reference to `DT'
[41.763s] /usr/bin/ld: frenet_planner.cpp:(.text+0x3200): undefined reference to `D_ROAD_W'
[41.763s] /usr/bin/ld: frenet_planner.cpp:(.text+0x321c): undefined reference to `D_T_S'
[41.763s] /usr/bin/ld: frenet_planner.cpp:(.text+0x324e): undefined reference to `TARGET_SPEED'
[41.764s] /usr/bin/ld: frenet_planner.cpp:(.text+0x3330): undefined reference to `TARGET_SPEED'
[41.764s] /usr/bin/ld: CMakeFiles/frenet_ros_obst.dir/src/frenet_planner.cpp.o: in function `calc_frenet_paths(double, double, double, double, double, FrenetPath) [clone ._omp_fn.1]':
[41.764s] frenet_planner.cpp:(.text+0x34d8): undefined reference to `D_ROAD_W'
[41.764s] /usr/bin/ld: frenet_planner.cpp:(.text+0x34fd): undefined reference to `D_ROAD_W'
[41.764s] /usr/bin/ld: frenet_planner.cpp:(.text+0x350d): undefined reference to `MINT'
[41.765s] /usr/bin/ld: frenet_planner.cpp:(.text+0x3515): undefined reference to `DT'
[41.765s] /usr/bin/ld: frenet_planner.cpp:(.text+0x3526): undefined reference to `MAXT'
[41.765s] /usr/bin/ld: frenet_planner.cpp:(.text+0x352e): undefined reference to `DT'
[41.765s] /usr/bin/ld: frenet_planner.cpp:(.text+0x353a): undefined reference to `DT'
[41.765s] /usr/bin/ld: frenet_planner.cpp:(.text+0x354b): undefined reference to `MAX_LAT_VEL'
[41.766s] /usr/bin/ld: frenet_planner.cpp:(.text+0x355f): undefined reference to `D_D_NS'
[41.766s] /usr/bin/ld: frenet_planner.cpp:(.text+0x3570): undefined reference to `MAX_LAT_VEL'
[41.766s] /usr/bin/ld: frenet_planner.cpp:(.text+0x3578): undefined reference to `D_D_NS'
[41.766s] /usr/bin/ld: frenet_planner.cpp:(.text+0x3584): undefined reference to `D_D_NS'
[41.766s] /usr/bin/ld: frenet_planner.cpp:(.text+0x3690): undefined reference to `D_ROAD_W'
[41.767s] /usr/bin/ld: frenet_planner.cpp:(.text+0x36ac): undefined reference to `DT'
[41.767s] /usr/bin/ld: frenet_planner.cpp:(.text+0x36c8): undefined reference to `D_D_NS'
[41.767s] /usr/bin/ld: frenet_planner.cpp:(.text+0x37d3): undefined reference to `TARGET_SPEED'
[41.768s] /usr/bin/ld: frenet_planner.cpp:(.text+0x37db): undefined reference to `D_T_S'
[41.768s] /usr/bin/ld: frenet_planner.cpp:(.text+0x37e3): undefined reference to `N_S_SAMPLE'
[41.768s] /usr/bin/ld: frenet_planner.cpp:(.text+0x37fb): undefined reference to `D_T_S'
[41.768s] /usr/bin/ld: frenet_planner.cpp:(.text+0x3803): undefined reference to `N_S_SAMPLE'
[41.768s] /usr/bin/ld: frenet_planner.cpp:(.text+0x380f): undefined reference to `TARGET_SPEED'
[41.769s] /usr/bin/ld: frenet_planner.cpp:(.text+0x3833): undefined reference to `D_T_S'
[41.769s] /usr/bin/ld: frenet_planner.cpp:(.text+0x3960): undefined reference to `D_T_S'
[41.769s] collect2: error: ld returned 1 exit status
[41.769s] make[2]: *** [CMakeFiles/frenet_ros_obst.dir/build.make:187: frenet_ros_obst] Error 1
[41.770s] make[1]: *** [CMakeFiles/Makefile2:78: CMakeFiles/frenet_ros_obst.dir/all] Error 2
[41.770s] make: *** [Makefile:141: all] Error 2
[41.771s] Invoked command in '/home/aayush/newest_frenet_planner/build/frenet_planner_ported' returned '2': CMAKE_PREFIX_PATH=${CMAKE_PREFIX_PATH}:/home/aayush/newest_frenet_planner/install/dummy:/opt/ros/foxy /usr/bin/cmake --build /home/aayush/newest_frenet_planner/build/frenet_planner_ported -- -j2 -l2
