running egg_info
creating ../../build/dummy/dummy.egg-info
writing ../../build/dummy/dummy.egg-info/PKG-INFO
writing dependency_links to ../../build/dummy/dummy.egg-info/dependency_links.txt
writing entry points to ../../build/dummy/dummy.egg-info/entry_points.txt
writing requirements to ../../build/dummy/dummy.egg-info/requires.txt
writing top-level names to ../../build/dummy/dummy.egg-info/top_level.txt
writing manifest file '../../build/dummy/dummy.egg-info/SOURCES.txt'
reading manifest file '../../build/dummy/dummy.egg-info/SOURCES.txt'
writing manifest file '../../build/dummy/dummy.egg-info/SOURCES.txt'
running build
running build_py
creating /home/aayush/newest_frenet_planner/build/dummy/build
creating /home/aayush/newest_frenet_planner/build/dummy/build/lib
creating /home/aayush/newest_frenet_planner/build/dummy/build/lib/dummy
copying dummy/__init__.py -> /home/aayush/newest_frenet_planner/build/dummy/build/lib/dummy
copying dummy/dummy_publisher.py -> /home/aayush/newest_frenet_planner/build/dummy/build/lib/dummy
running install
running install_lib
creating /home/aayush/newest_frenet_planner/install/dummy/lib/python3.8/site-packages/dummy
copying /home/aayush/newest_frenet_planner/build/dummy/build/lib/dummy/__init__.py -> /home/aayush/newest_frenet_planner/install/dummy/lib/python3.8/site-packages/dummy
copying /home/aayush/newest_frenet_planner/build/dummy/build/lib/dummy/dummy_publisher.py -> /home/aayush/newest_frenet_planner/install/dummy/lib/python3.8/site-packages/dummy
byte-compiling /home/aayush/newest_frenet_planner/install/dummy/lib/python3.8/site-packages/dummy/__init__.py to __init__.cpython-38.pyc
byte-compiling /home/aayush/newest_frenet_planner/install/dummy/lib/python3.8/site-packages/dummy/dummy_publisher.py to dummy_publisher.cpython-38.pyc
running install_data
creating /home/aayush/newest_frenet_planner/install/dummy/share/ament_index
creating /home/aayush/newest_frenet_planner/install/dummy/share/ament_index/resource_index
creating /home/aayush/newest_frenet_planner/install/dummy/share/ament_index/resource_index/packages
copying resource/dummy -> /home/aayush/newest_frenet_planner/install/dummy/share/ament_index/resource_index/packages
copying package.xml -> /home/aayush/newest_frenet_planner/install/dummy/share/dummy
running install_egg_info
Copying ../../build/dummy/dummy.egg-info to /home/aayush/newest_frenet_planner/install/dummy/lib/python3.8/site-packages/dummy-0.0.0-py3.8.egg-info
running install_scripts
Installing dum_pub script to /home/aayush/newest_frenet_planner/install/dummy/lib/dummy
writing list of installed files to '/home/aayush/newest_frenet_planner/build/dummy/install.log'
