[0.949s] Invoking command in '/home/aayush/newest_frenet_planner/src/dummy': PYTHONPATH=/home/aayush/newest_frenet_planner/install/dummy/lib/python3.8/site-packages:${PYTHONPATH} /usr/bin/python3 setup.py egg_info --egg-base ../../build/dummy build --build-base /home/aayush/newest_frenet_planner/build/dummy/build install --prefix /home/aayush/newest_frenet_planner/install/dummy --record /home/aayush/newest_frenet_planner/build/dummy/install.log --single-version-externally-managed
[2.150s] running egg_info
[2.151s] creating ../../build/dummy/dummy.egg-info
[2.151s] writing ../../build/dummy/dummy.egg-info/PKG-INFO
[2.152s] writing dependency_links to ../../build/dummy/dummy.egg-info/dependency_links.txt
[2.152s] writing entry points to ../../build/dummy/dummy.egg-info/entry_points.txt
[2.153s] writing requirements to ../../build/dummy/dummy.egg-info/requires.txt
[2.153s] writing top-level names to ../../build/dummy/dummy.egg-info/top_level.txt
[2.241s] writing manifest file '../../build/dummy/dummy.egg-info/SOURCES.txt'
[2.738s] reading manifest file '../../build/dummy/dummy.egg-info/SOURCES.txt'
[2.743s] writing manifest file '../../build/dummy/dummy.egg-info/SOURCES.txt'
[2.744s] running build
[2.744s] running build_py
[2.745s] creating /home/aayush/newest_frenet_planner/build/dummy/build
[2.746s] creating /home/aayush/newest_frenet_planner/build/dummy/build/lib
[2.747s] creating /home/aayush/newest_frenet_planner/build/dummy/build/lib/dummy
[2.748s] copying dummy/__init__.py -> /home/aayush/newest_frenet_planner/build/dummy/build/lib/dummy
[2.749s] copying dummy/dummy_publisher.py -> /home/aayush/newest_frenet_planner/build/dummy/build/lib/dummy
[2.760s] running install
[2.792s] running install_lib
[2.804s] creating /home/aayush/newest_frenet_planner/install/dummy/lib/python3.8/site-packages/dummy
[2.805s] copying /home/aayush/newest_frenet_planner/build/dummy/build/lib/dummy/__init__.py -> /home/aayush/newest_frenet_planner/install/dummy/lib/python3.8/site-packages/dummy
[2.806s] copying /home/aayush/newest_frenet_planner/build/dummy/build/lib/dummy/dummy_publisher.py -> /home/aayush/newest_frenet_planner/install/dummy/lib/python3.8/site-packages/dummy
[2.809s] byte-compiling /home/aayush/newest_frenet_planner/install/dummy/lib/python3.8/site-packages/dummy/__init__.py to __init__.cpython-38.pyc
[2.810s] byte-compiling /home/aayush/newest_frenet_planner/install/dummy/lib/python3.8/site-packages/dummy/dummy_publisher.py to dummy_publisher.cpython-38.pyc
[2.813s] running install_data
[2.833s] creating /home/aayush/newest_frenet_planner/install/dummy/share/ament_index
[2.833s] creating /home/aayush/newest_frenet_planner/install/dummy/share/ament_index/resource_index
[2.834s] creating /home/aayush/newest_frenet_planner/install/dummy/share/ament_index/resource_index/packages
[2.834s] copying resource/dummy -> /home/aayush/newest_frenet_planner/install/dummy/share/ament_index/resource_index/packages
[2.835s] copying package.xml -> /home/aayush/newest_frenet_planner/install/dummy/share/dummy
[2.835s] running install_egg_info
[2.894s] Copying ../../build/dummy/dummy.egg-info to /home/aayush/newest_frenet_planner/install/dummy/lib/python3.8/site-packages/dummy-0.0.0-py3.8.egg-info
[2.915s] running install_scripts
[3.135s] Installing dum_pub script to /home/aayush/newest_frenet_planner/install/dummy/lib/dummy
[3.135s] writing list of installed files to '/home/aayush/newest_frenet_planner/build/dummy/install.log'
[3.196s] Invoked command in '/home/aayush/newest_frenet_planner/src/dummy' returned '0': PYTHONPATH=/home/aayush/newest_frenet_planner/install/dummy/lib/python3.8/site-packages:${PYTHONPATH} /usr/bin/python3 setup.py egg_info --egg-base ../../build/dummy build --build-base /home/aayush/newest_frenet_planner/build/dummy/build install --prefix /home/aayush/newest_frenet_planner/install/dummy --record /home/aayush/newest_frenet_planner/build/dummy/install.log --single-version-externally-managed
