[1.410s] DEBUG:colcon:Command line arguments: ['/home/aayush/.local/bin/colcon', 'build']
[1.411s] DEBUG:colcon:Parsed command line arguments: Namespace(ament_cmake_args=None, base_paths=['.'], build_base='build', catkin_cmake_args=None, catkin_skip_building_tests=False, cmake_args=None, cmake_clean_cache=False, cmake_clean_first=False, cmake_force_configure=False, cmake_target=None, cmake_target_skip_unavailable=False, continue_on_error=False, event_handlers=None, executor='parallel', ignore_user_meta=False, install_base='install', log_base=None, log_level=None, main=<bound method BuildVerb.main of <colcon_core.verb.build.BuildVerb object at 0x7fa96852a670>>, merge_install=False, metas=['./colcon.meta'], packages_above=None, packages_above_and_dependencies=None, packages_above_depth=None, packages_end=None, packages_ignore=None, packages_ignore_regex=None, packages_select=None, packages_select_build_failed=False, packages_select_by_dep=None, packages_select_regex=None, packages_select_test_failures=False, packages_skip=None, packages_skip_build_finished=False, packages_skip_by_dep=None, packages_skip_regex=None, packages_skip_test_passed=False, packages_skip_up_to=None, packages_start=None, packages_up_to=None, packages_up_to_regex=None, parallel_workers=2, paths=None, symlink_install=False, test_result_base=None, verb_extension=<colcon_core.verb.build.BuildVerb object at 0x7fa96852a670>, verb_name='build', verb_parser=<colcon_defaults.argument_parser.defaults.DefaultArgumentsDecorator object at 0x7fa96852abb0>)
[1.450s] Level 1:colcon.colcon_core.package_discovery:discover_packages(colcon_meta) check parameters
[1.450s] Level 1:colcon.colcon_core.package_discovery:discover_packages(recursive) check parameters
[1.450s] Level 1:colcon.colcon_core.package_discovery:discover_packages(ignore) check parameters
[1.450s] Level 1:colcon.colcon_core.package_discovery:discover_packages(path) check parameters
[1.450s] Level 1:colcon.colcon_core.package_discovery:discover_packages(colcon_meta) discover
[1.450s] Level 1:colcon.colcon_core.package_discovery:discover_packages(recursive) discover
[1.450s] INFO:colcon.colcon_core.package_discovery:Crawling recursively for packages in '/home/aayush/newest_frenet_planner'
[1.450s] Level 1:colcon.colcon_core.package_identification:_identify(.) by extensions ['ignore', 'ignore_ament_install']
[1.451s] Level 1:colcon.colcon_core.package_identification:_identify(.) by extension 'ignore'
[1.451s] Level 1:colcon.colcon_core.package_identification:_identify(.) by extension 'ignore_ament_install'
[1.451s] Level 1:colcon.colcon_core.package_identification:_identify(.) by extensions ['colcon_pkg']
[1.451s] Level 1:colcon.colcon_core.package_identification:_identify(.) by extension 'colcon_pkg'
[1.451s] Level 1:colcon.colcon_core.package_identification:_identify(.) by extensions ['colcon_meta']
[1.451s] Level 1:colcon.colcon_core.package_identification:_identify(.) by extension 'colcon_meta'
[1.451s] Level 1:colcon.colcon_core.package_identification:_identify(.) by extensions ['ros']
[1.452s] Level 1:colcon.colcon_core.package_identification:_identify(.) by extension 'ros'
[1.484s] Level 1:colcon.colcon_core.package_identification:_identify(.) by extensions ['cmake', 'python']
[1.484s] Level 1:colcon.colcon_core.package_identification:_identify(.) by extension 'cmake'
[1.484s] Level 1:colcon.colcon_core.package_identification:_identify(.) by extension 'python'
[1.484s] Level 1:colcon.colcon_core.package_identification:_identify(.) by extensions ['python_setup_py']
[1.484s] Level 1:colcon.colcon_core.package_identification:_identify(.) by extension 'python_setup_py'
[1.484s] Level 1:colcon.colcon_core.package_identification:_identify(build) by extensions ['ignore', 'ignore_ament_install']
[1.485s] Level 1:colcon.colcon_core.package_identification:_identify(build) by extension 'ignore'
[1.485s] Level 1:colcon.colcon_core.package_identification:_identify(build) ignored
[1.485s] Level 1:colcon.colcon_core.package_identification:_identify(install) by extensions ['ignore', 'ignore_ament_install']
[1.485s] Level 1:colcon.colcon_core.package_identification:_identify(install) by extension 'ignore'
[1.485s] Level 1:colcon.colcon_core.package_identification:_identify(install) ignored
[1.485s] Level 1:colcon.colcon_core.package_identification:_identify(log) by extensions ['ignore', 'ignore_ament_install']
[1.486s] Level 1:colcon.colcon_core.package_identification:_identify(log) by extension 'ignore'
[1.486s] Level 1:colcon.colcon_core.package_identification:_identify(log) ignored
[1.486s] Level 1:colcon.colcon_core.package_identification:_identify(src) by extensions ['ignore', 'ignore_ament_install']
[1.486s] Level 1:colcon.colcon_core.package_identification:_identify(src) by extension 'ignore'
[1.486s] Level 1:colcon.colcon_core.package_identification:_identify(src) by extension 'ignore_ament_install'
[1.486s] Level 1:colcon.colcon_core.package_identification:_identify(src) by extensions ['colcon_pkg']
[1.486s] Level 1:colcon.colcon_core.package_identification:_identify(src) by extension 'colcon_pkg'
[1.487s] Level 1:colcon.colcon_core.package_identification:_identify(src) by extensions ['colcon_meta']
[1.487s] Level 1:colcon.colcon_core.package_identification:_identify(src) by extension 'colcon_meta'
[1.487s] Level 1:colcon.colcon_core.package_identification:_identify(src) by extensions ['ros']
[1.487s] Level 1:colcon.colcon_core.package_identification:_identify(src) by extension 'ros'
[1.487s] Level 1:colcon.colcon_core.package_identification:_identify(src) by extensions ['cmake', 'python']
[1.487s] Level 1:colcon.colcon_core.package_identification:_identify(src) by extension 'cmake'
[1.487s] Level 1:colcon.colcon_core.package_identification:_identify(src) by extension 'python'
[1.487s] Level 1:colcon.colcon_core.package_identification:_identify(src) by extensions ['python_setup_py']
[1.487s] Level 1:colcon.colcon_core.package_identification:_identify(src) by extension 'python_setup_py'
[1.488s] Level 1:colcon.colcon_core.package_identification:_identify(src/dummy) by extensions ['ignore', 'ignore_ament_install']
[1.488s] Level 1:colcon.colcon_core.package_identification:_identify(src/dummy) by extension 'ignore'
[1.488s] Level 1:colcon.colcon_core.package_identification:_identify(src/dummy) by extension 'ignore_ament_install'
[1.488s] Level 1:colcon.colcon_core.package_identification:_identify(src/dummy) by extensions ['colcon_pkg']
[1.488s] Level 1:colcon.colcon_core.package_identification:_identify(src/dummy) by extension 'colcon_pkg'
[1.488s] Level 1:colcon.colcon_core.package_identification:_identify(src/dummy) by extensions ['colcon_meta']
[1.488s] Level 1:colcon.colcon_core.package_identification:_identify(src/dummy) by extension 'colcon_meta'
[1.488s] Level 1:colcon.colcon_core.package_identification:_identify(src/dummy) by extensions ['ros']
[1.488s] Level 1:colcon.colcon_core.package_identification:_identify(src/dummy) by extension 'ros'
[1.495s] DEBUG:colcon.colcon_core.package_identification:Package 'src/dummy' with type 'ros.ament_python' and name 'dummy'
[1.495s] Level 1:colcon.colcon_core.package_identification:_identify(src/frenet_planner) by extensions ['ignore', 'ignore_ament_install']
[1.495s] Level 1:colcon.colcon_core.package_identification:_identify(src/frenet_planner) by extension 'ignore'
[1.495s] Level 1:colcon.colcon_core.package_identification:_identify(src/frenet_planner) by extension 'ignore_ament_install'
[1.495s] Level 1:colcon.colcon_core.package_identification:_identify(src/frenet_planner) by extensions ['colcon_pkg']
[1.495s] Level 1:colcon.colcon_core.package_identification:_identify(src/frenet_planner) by extension 'colcon_pkg'
[1.495s] Level 1:colcon.colcon_core.package_identification:_identify(src/frenet_planner) by extensions ['colcon_meta']
[1.495s] Level 1:colcon.colcon_core.package_identification:_identify(src/frenet_planner) by extension 'colcon_meta'
[1.496s] Level 1:colcon.colcon_core.package_identification:_identify(src/frenet_planner) by extensions ['ros']
[1.496s] Level 1:colcon.colcon_core.package_identification:_identify(src/frenet_planner) by extension 'ros'
[1.498s] DEBUG:colcon.colcon_core.package_identification:Package 'src/frenet_planner' with type 'ros.ament_cmake' and name 'frenet_planner'
[1.499s] Level 1:colcon.colcon_core.package_identification:_identify(src/frenet_planner_ported) by extensions ['ignore', 'ignore_ament_install']
[1.499s] Level 1:colcon.colcon_core.package_identification:_identify(src/frenet_planner_ported) by extension 'ignore'
[1.499s] Level 1:colcon.colcon_core.package_identification:_identify(src/frenet_planner_ported) by extension 'ignore_ament_install'
[1.499s] Level 1:colcon.colcon_core.package_identification:_identify(src/frenet_planner_ported) by extensions ['colcon_pkg']
[1.499s] Level 1:colcon.colcon_core.package_identification:_identify(src/frenet_planner_ported) by extension 'colcon_pkg'
[1.499s] Level 1:colcon.colcon_core.package_identification:_identify(src/frenet_planner_ported) by extensions ['colcon_meta']
[1.499s] Level 1:colcon.colcon_core.package_identification:_identify(src/frenet_planner_ported) by extension 'colcon_meta'
[1.499s] Level 1:colcon.colcon_core.package_identification:_identify(src/frenet_planner_ported) by extensions ['ros']
[1.499s] Level 1:colcon.colcon_core.package_identification:_identify(src/frenet_planner_ported) by extension 'ros'
[1.502s] DEBUG:colcon.colcon_core.package_identification:Package 'src/frenet_planner_ported' with type 'ros.ament_cmake' and name 'frenet_planner_ported'
[1.502s] Level 1:colcon.colcon_core.package_identification:_identify(src/frenet_planner_ported_bruh) by extensions ['ignore', 'ignore_ament_install']
[1.502s] Level 1:colcon.colcon_core.package_identification:_identify(src/frenet_planner_ported_bruh) by extension 'ignore'
[1.502s] Level 1:colcon.colcon_core.package_identification:_identify(src/frenet_planner_ported_bruh) by extension 'ignore_ament_install'
[1.503s] Level 1:colcon.colcon_core.package_identification:_identify(src/frenet_planner_ported_bruh) by extensions ['colcon_pkg']
[1.503s] Level 1:colcon.colcon_core.package_identification:_identify(src/frenet_planner_ported_bruh) by extension 'colcon_pkg'
[1.503s] Level 1:colcon.colcon_core.package_identification:_identify(src/frenet_planner_ported_bruh) by extensions ['colcon_meta']
[1.503s] Level 1:colcon.colcon_core.package_identification:_identify(src/frenet_planner_ported_bruh) by extension 'colcon_meta'
[1.503s] Level 1:colcon.colcon_core.package_identification:_identify(src/frenet_planner_ported_bruh) by extensions ['ros']
[1.503s] Level 1:colcon.colcon_core.package_identification:_identify(src/frenet_planner_ported_bruh) by extension 'ros'
[1.506s] DEBUG:colcon.colcon_core.package_identification:Package 'src/frenet_planner_ported_bruh' with type 'ros.ament_cmake' and name 'frenet_planner_ported'
[1.506s] Level 1:colcon.colcon_core.package_discovery:discover_packages(recursive) using defaults
[1.506s] Level 1:colcon.colcon_core.package_discovery:discover_packages(ignore) discover
[1.506s] Level 1:colcon.colcon_core.package_discovery:discover_packages(ignore) using defaults
[1.506s] Level 1:colcon.colcon_core.package_discovery:discover_packages(path) discover
[1.507s] Level 1:colcon.colcon_core.package_discovery:discover_packages(path) using defaults
[1.608s] ERROR:colcon:colcon build: Duplicate package names not supported:
- frenet_planner_ported:
  - src/frenet_planner_ported
  - src/frenet_planner_ported_bruh
