[0.842s] Invoking command in '/home/aayush/newest_frenet_planner/build/frenet_planner_ported': CMAKE_PREFIX_PATH=${CMAKE_PREFIX_PATH}:/home/aayush/newest_frenet_planner/install/dummy:/opt/ros/foxy /usr/bin/cmake --build /home/aayush/newest_frenet_planner/build/frenet_planner_ported -- -j2 -l2
[1.010s] [35m[1mScanning dependencies of target frenet_ros_obst[0m
[1.234s] [ 20%] [32mBuilding CXX object CMakeFiles/frenet_ros_obst.dir/src/frenet_planner.cpp.o[0m
[6.909s] In file included from [01m[K/home/aayush/newest_frenet_planner/src/frenet_planner_ported/src/frenet_planner.cpp:8[m[K:
[6.909s] [01m[K/home/aayush/newest_frenet_planner/src/frenet_planner_ported/./include/matplotlibcpp.hpp:314:36:[m[K [01;35m[Kwarning: [m[Kstatic_assert without a message only available with ‘[01m[K-std=c++17[m[K’ or ‘[01m[K-std=gnu++17[m[K’ [[01;35m[K-Wpedantic[m[K]
[6.910s]   314 | static_assert(sizeof(long long) == [01;35m[K8[m[K);
[6.910s]       |                                    [01;35m[K^[m[K
[6.910s] [01m[K/home/aayush/newest_frenet_planner/src/frenet_planner_ported/./include/matplotlibcpp.hpp:316:45:[m[K [01;35m[Kwarning: [m[Kstatic_assert without a message only available with ‘[01m[K-std=c++17[m[K’ or ‘[01m[K-std=gnu++17[m[K’ [[01;35m[K-Wpedantic[m[K]
[6.911s]   316 | static_assert(sizeof(unsigned long long) == [01;35m[K8[m[K);
[6.911s]       |                                             [01;35m[K^[m[K
[9.328s] In file included from [01m[K/home/aayush/newest_frenet_planner/src/frenet_planner_ported/src/frenet_planner.cpp:10[m[K:
[9.328s] [01m[K/home/aayush/newest_frenet_planner/src/frenet_planner_ported/src/../include/frenet_optimal_trajectory.hpp:[m[K In function ‘[01m[Kstd::ostream& operator<<(std::ostream&, const FrenetPath&)[m[K’:
[9.328s] [01m[K/home/aayush/newest_frenet_planner/src/frenet_planner_ported/src/../include/frenet_optimal_trajectory.hpp:82:20:[m[K [01;35m[Kwarning: [m[Kstatement has no effect [[01;35m[K-Wunused-value[m[K]
[9.329s]    82 | #define trace(...) [01;35m[K42[m[K
[9.329s]       |                    [01;35m[K^~[m[K
[9.329s] [01m[K/home/aayush/newest_frenet_planner/src/frenet_planner_ported/src/../include/frenet_optimal_trajectory.hpp:82:20:[m[K [01;36m[Knote: [m[Kin definition of macro ‘[01m[Ktrace[m[K’
[9.330s]    82 | #define trace(...) [01;36m[K42[m[K
[9.330s]       |                    [01;36m[K^~[m[K
[9.330s] [01m[K/home/aayush/newest_frenet_planner/src/frenet_planner_ported/src/../include/frenet_optimal_trajectory.hpp:82:20:[m[K [01;35m[Kwarning: [m[Kstatement has no effect [[01;35m[K-Wunused-value[m[K]
[9.332s]    82 | #define trace(...) [01;35m[K42[m[K
[9.332s]       |                    [01;35m[K^~[m[K
[9.332s] [01m[K/home/aayush/newest_frenet_planner/src/frenet_planner_ported/src/../include/frenet_optimal_trajectory.hpp:82:20:[m[K [01;36m[Knote: [m[Kin definition of macro ‘[01m[Ktrace[m[K’
[9.332s]    82 | #define trace(...) [01;36m[K42[m[K
[9.332s]       |                    [01;36m[K^~[m[K
[9.333s] [01m[K/home/aayush/newest_frenet_planner/src/frenet_planner_ported/src/../include/frenet_optimal_trajectory.hpp:82:20:[m[K [01;35m[Kwarning: [m[Kstatement has no effect [[01;35m[K-Wunused-value[m[K]
[9.333s]    82 | #define trace(...) [01;35m[K42[m[K
[9.333s]       |                    [01;35m[K^~[m[K
[9.333s] [01m[K/home/aayush/newest_frenet_planner/src/frenet_planner_ported/src/../include/frenet_optimal_trajectory.hpp:82:20:[m[K [01;36m[Knote: [m[Kin definition of macro ‘[01m[Ktrace[m[K’
[9.334s]    82 | #define trace(...) [01;36m[K42[m[K
[9.334s]       |                    [01;36m[K^~[m[K
[9.334s] [01m[K/home/aayush/newest_frenet_planner/src/frenet_planner_ported/src/../include/frenet_optimal_trajectory.hpp:82:20:[m[K [01;35m[Kwarning: [m[Kstatement has no effect [[01;35m[K-Wunused-value[m[K]
[9.334s]    82 | #define trace(...) [01;35m[K42[m[K
[9.334s]       |                    [01;35m[K^~[m[K
[9.335s] [01m[K/home/aayush/newest_frenet_planner/src/frenet_planner_ported/src/../include/frenet_optimal_trajectory.hpp:82:20:[m[K [01;36m[Knote: [m[Kin definition of macro ‘[01m[Ktrace[m[K’
[9.335s]    82 | #define trace(...) [01;36m[K42[m[K
[9.335s]       |                    [01;36m[K^~[m[K
[9.336s] [01m[K/home/aayush/newest_frenet_planner/src/frenet_planner_ported/src/../include/frenet_optimal_trajectory.hpp:82:20:[m[K [01;35m[Kwarning: [m[Kstatement has no effect [[01;35m[K-Wunused-value[m[K]
[9.336s]    82 | #define trace(...) [01;35m[K42[m[K
[9.336s]       |                    [01;35m[K^~[m[K
[9.336s] [01m[K/home/aayush/newest_frenet_planner/src/frenet_planner_ported/src/../include/frenet_optimal_trajectory.hpp:82:20:[m[K [01;36m[Knote: [m[Kin definition of macro ‘[01m[Ktrace[m[K’
[9.336s]    82 | #define trace(...) [01;36m[K42[m[K
[9.337s]       |                    [01;36m[K^~[m[K
[9.337s] [01m[K/home/aayush/newest_frenet_planner/src/frenet_planner_ported/src/../include/frenet_optimal_trajectory.hpp:82:20:[m[K [01;35m[Kwarning: [m[Kstatement has no effect [[01;35m[K-Wunused-value[m[K]
[9.337s]    82 | #define trace(...) [01;35m[K42[m[K
[9.337s]       |                    [01;35m[K^~[m[K
[9.338s] [01m[K/home/aayush/newest_frenet_planner/src/frenet_planner_ported/src/../include/frenet_optimal_trajectory.hpp:82:20:[m[K [01;36m[Knote: [m[Kin definition of macro ‘[01m[Ktrace[m[K’
[9.338s]    82 | #define trace(...) [01;36m[K42[m[K
[9.338s]       |                    [01;36m[K^~[m[K
[9.338s] [01m[K/home/aayush/newest_frenet_planner/src/frenet_planner_ported/src/../include/frenet_optimal_trajectory.hpp:82:20:[m[K [01;35m[Kwarning: [m[Kstatement has no effect [[01;35m[K-Wunused-value[m[K]
[9.338s]    82 | #define trace(...) [01;35m[K42[m[K
[9.339s]       |                    [01;35m[K^~[m[K
[9.339s] [01m[K/home/aayush/newest_frenet_planner/src/frenet_planner_ported/src/../include/frenet_optimal_trajectory.hpp:82:20:[m[K [01;36m[Knote: [m[Kin definition of macro ‘[01m[Ktrace[m[K’
[9.339s]    82 | #define trace(...) [01;36m[K42[m[K
[9.339s]       |                    [01;36m[K^~[m[K
[9.339s] [01m[K/home/aayush/newest_frenet_planner/src/frenet_planner_ported/src/../include/frenet_optimal_trajectory.hpp:82:20:[m[K [01;35m[Kwarning: [m[Kstatement has no effect [[01;35m[K-Wunused-value[m[K]
[9.340s]    82 | #define trace(...) [01;35m[K42[m[K
[9.340s]       |                    [01;35m[K^~[m[K
[9.340s] [01m[K/home/aayush/newest_frenet_planner/src/frenet_planner_ported/src/../include/frenet_optimal_trajectory.hpp:82:20:[m[K [01;36m[Knote: [m[Kin definition of macro ‘[01m[Ktrace[m[K’
[9.340s]    82 | #define trace(...) [01;36m[K42[m[K
[9.340s]       |                    [01;36m[K^~[m[K
[9.341s] [01m[K/home/aayush/newest_frenet_planner/src/frenet_planner_ported/src/../include/frenet_optimal_trajectory.hpp:82:20:[m[K [01;35m[Kwarning: [m[Kstatement has no effect [[01;35m[K-Wunused-value[m[K]
[9.341s]    82 | #define trace(...) [01;35m[K42[m[K
[9.341s]       |                    [01;35m[K^~[m[K
[9.341s] [01m[K/home/aayush/newest_frenet_planner/src/frenet_planner_ported/src/../include/frenet_optimal_trajectory.hpp:82:20:[m[K [01;36m[Knote: [m[Kin definition of macro ‘[01m[Ktrace[m[K’
[9.343s]    82 | #define trace(...) [01;36m[K42[m[K
[9.343s]       |                    [01;36m[K^~[m[K
[9.344s] [01m[K/home/aayush/newest_frenet_planner/src/frenet_planner_ported/src/../include/frenet_optimal_trajectory.hpp:82:20:[m[K [01;35m[Kwarning: [m[Kstatement has no effect [[01;35m[K-Wunused-value[m[K]
[9.344s]    82 | #define trace(...) [01;35m[K42[m[K
[9.344s]       |                    [01;35m[K^~[m[K
[9.344s] [01m[K/home/aayush/newest_frenet_planner/src/frenet_planner_ported/src/../include/frenet_optimal_trajectory.hpp:82:20:[m[K [01;36m[Knote: [m[Kin definition of macro ‘[01m[Ktrace[m[K’
[9.345s]    82 | #define trace(...) [01;36m[K42[m[K
[9.345s]       |                    [01;36m[K^~[m[K
[9.345s] [01m[K/home/aayush/newest_frenet_planner/src/frenet_planner_ported/src/../include/frenet_optimal_trajectory.hpp:82:20:[m[K [01;35m[Kwarning: [m[Kstatement has no effect [[01;35m[K-Wunused-value[m[K]
[9.345s]    82 | #define trace(...) [01;35m[K42[m[K
[9.346s]       |                    [01;35m[K^~[m[K
[9.346s] [01m[K/home/aayush/newest_frenet_planner/src/frenet_planner_ported/src/../include/frenet_optimal_trajectory.hpp:82:20:[m[K [01;36m[Knote: [m[Kin definition of macro ‘[01m[Ktrace[m[K’
[9.346s]    82 | #define trace(...) [01;36m[K42[m[K
[9.346s]       |                    [01;36m[K^~[m[K
[9.347s] [01m[K/home/aayush/newest_frenet_planner/src/frenet_planner_ported/src/../include/frenet_optimal_trajectory.hpp:82:20:[m[K [01;35m[Kwarning: [m[Kstatement has no effect [[01;35m[K-Wunused-value[m[K]
[9.347s]    82 | #define trace(...) [01;35m[K42[m[K
[9.347s]       |                    [01;35m[K^~[m[K
[9.347s] [01m[K/home/aayush/newest_frenet_planner/src/frenet_planner_ported/src/../include/frenet_optimal_trajectory.hpp:82:20:[m[K [01;36m[Knote: [m[Kin definition of macro ‘[01m[Ktrace[m[K’
[9.348s]    82 | #define trace(...) [01;36m[K42[m[K
[9.348s]       |                    [01;36m[K^~[m[K
[9.348s] [01m[K/home/aayush/newest_frenet_planner/src/frenet_planner_ported/src/../include/frenet_optimal_trajectory.hpp:82:20:[m[K [01;35m[Kwarning: [m[Kstatement has no effect [[01;35m[K-Wunused-value[m[K]
[9.348s]    82 | #define trace(...) [01;35m[K42[m[K
[9.349s]       |                    [01;35m[K^~[m[K
[9.349s] [01m[K/home/aayush/newest_frenet_planner/src/frenet_planner_ported/src/../include/frenet_optimal_trajectory.hpp:82:20:[m[K [01;36m[Knote: [m[Kin definition of macro ‘[01m[Ktrace[m[K’
[9.349s]    82 | #define trace(...) [01;36m[K42[m[K
[9.349s]       |                    [01;36m[K^~[m[K
[9.350s] [01m[K/home/aayush/newest_frenet_planner/src/frenet_planner_ported/src/../include/frenet_optimal_trajectory.hpp:83:59:[m[K [01;35m[Kwarning: [m[Kunused parameter ‘[01m[Kfp[m[K’ [[01;35m[K-Wunused-parameter[m[K]
[9.350s]    83 | inline ostream& operator<<(ostream& os, [01;35m[Kconst FrenetPath& fp[m[K)
[9.350s]       |                                         [01;35m[K~~~~~~~~~~~~~~~~~~^~[m[K
[9.351s] [01m[K/home/aayush/newest_frenet_planner/src/frenet_planner_ported/src/frenet_planner.cpp:[m[K In member function ‘[01m[Kvoid FrenetPath::calc_lon_paths_quintic_poly(double, double, double, double, double)[m[K’:
[9.351s] [01m[K/home/aayush/newest_frenet_planner/src/frenet_planner_ported/src/frenet_planner.cpp:69:91:[m[K [01;35m[Kwarning: [m[Kunused parameter ‘[01m[Kts[m[K’ [[01;35m[K-Wunused-parameter[m[K]
[9.351s]    69 | s_quintic_poly(double c_speed, double s0, double Ti, [01;35m[Kdouble ts[m[K,
[9.352s]       |                                                      [01;35m[K~~~~~~~^~[m[K
[9.352s] 
[9.371s] [01m[K/home/aayush/newest_frenet_planner/src/frenet_planner_ported/src/frenet_planner.cpp:[m[K In member function ‘[01m[Kvoid FrenetPath::adding_global_path(Spline2D)[m[K’:
[9.372s] [01m[K/home/aayush/newest_frenet_planner/src/frenet_planner_ported/src/frenet_planner.cpp:198:9:[m[K [01;35m[Kwarning: [m[Kunused variable ‘[01m[KstartTime1[m[K’ [[01;35m[K-Wunused-variable[m[K]
[9.372s]   198 |  double [01;35m[KstartTime1[m[K = omp_get_wtime();
[9.372s]       |         [01;35m[K^~~~~~~~~~[m[K
[9.372s] [01m[K/home/aayush/newest_frenet_planner/src/frenet_planner_ported/src/frenet_planner.cpp:249:9:[m[K [01;35m[Kwarning: [m[Kunused variable ‘[01m[KendTime1[m[K’ [[01;35m[K-Wunused-variable[m[K]
[9.373s]   249 |  double [01;35m[KendTime1[m[K = omp_get_wtime();
[9.373s]       |         [01;35m[K^~~~~~~~[m[K
[9.390s] In file included from [01m[K/home/aayush/newest_frenet_planner/src/frenet_planner_ported/src/frenet_planner.cpp:10[m[K:
[9.391s] [01m[K/home/aayush/newest_frenet_planner/src/frenet_planner_ported/src/frenet_planner.cpp:[m[K In function ‘[01m[KFrenetPath frenet_optimal_planning(Spline2D, double, double, double, double, double, FrenetPath, double)[m[K’:
[9.391s] [01m[K/home/aayush/newest_frenet_planner/src/frenet_planner_ported/src/../include/frenet_optimal_trajectory.hpp:82:20:[m[K [01;35m[Kwarning: [m[Kstatement has no effect [[01;35m[K-Wunused-value[m[K]
[9.391s]    82 | #define trace(...) [01;35m[K42[m[K
[9.392s]       |                    [01;35m[K^~[m[K
[9.392s] [01m[K/home/aayush/newest_frenet_planner/src/frenet_planner_ported/src/../include/frenet_optimal_trajectory.hpp:82:20:[m[K [01;36m[Knote: [m[Kin definition of macro ‘[01m[Ktrace[m[K’
[9.393s]    82 | #define trace(...) [01;36m[K42[m[K
[9.393s]       |                    [01;36m[K^~[m[K
[9.393s] In file included from [01m[K/opt/ros/foxy/include/rclcpp/service.hpp:34[m[K,
[9.393s]                  from [01m[K/opt/ros/foxy/include/rclcpp/callback_group.hpp:25[m[K,
[9.394s]                  from [01m[K/opt/ros/foxy/include/rclcpp/any_executable.hpp:20[m[K,
[9.394s]                  from [01m[K/opt/ros/foxy/include/rclcpp/memory_strategy.hpp:24[m[K,
[9.395s]                  from [01m[K/opt/ros/foxy/include/rclcpp/memory_strategies.hpp:18[m[K,
[9.395s]                  from [01m[K/opt/ros/foxy/include/rclcpp/executor_options.hpp:20[m[K,
[9.395s]                  from [01m[K/opt/ros/foxy/include/rclcpp/executor.hpp:33[m[K,
[9.395s]                  from [01m[K/opt/ros/foxy/include/rclcpp/executors/multi_threaded_executor.hpp:25[m[K,
[9.396s]                  from [01m[K/opt/ros/foxy/include/rclcpp/executors.hpp:21[m[K,
[9.396s]                  from [01m[K/opt/ros/foxy/include/rclcpp/rclcpp.hpp:146[m[K,
[9.396s]                  from [01m[K/opt/ros/foxy/include/tf2_ros/buffer_interface.h:35[m[K,
[9.396s]                  from [01m[K/opt/ros/foxy/include/tf2_geometry_msgs/tf2_geometry_msgs.h:38[m[K,
[9.397s]                  from [01m[K/home/aayush/newest_frenet_planner/src/frenet_planner_ported/src/frenet_planner.cpp:2[m[K:
[9.397s] [01m[K/home/aayush/newest_frenet_planner/src/frenet_planner_ported/src/frenet_planner.cpp:455:39:[m[K [01;31m[Kerror: [m[Kcannot call member function ‘[01m[Krclcpp::Logger rclcpp::Node::get_logger() const[m[K’ without object
[9.397s]   455 |  RCLCPP_INFO(rclcpp::Node::get_logger([01;31m[K)[m[K, calc_frenet_paths_function_str);
[9.397s]       |                                       [01;31m[K^[m[K
[9.398s] [01m[K/home/aayush/newest_frenet_planner/src/frenet_planner_ported/src/frenet_planner.cpp:455:39:[m[K [01;31m[Kerror: [m[Kcannot call member function ‘[01m[Krclcpp::Logger rclcpp::Node::get_logger() const[m[K’ without object
[9.398s] [01m[K/home/aayush/newest_frenet_planner/src/frenet_planner_ported/src/frenet_planner.cpp:455:2:[m[K [01;31m[Kerror: [m[Ktemplate argument 1 is invalid
[9.398s]   455 |  [01;31m[KRCLCPP_INFO[m[K(rclcpp::Node::get_logger(), calc_frenet_paths_function_str);
[9.398s]       |  [01;31m[K^~~~~~~~~~~[m[K
[9.399s] [01m[K/home/aayush/newest_frenet_planner/src/frenet_planner_ported/src/frenet_planner.cpp:455:2:[m[K [01;31m[Kerror: [m[Ktemplate argument 1 is invalid
[9.400s]   455 |  [01;31m[KRCLCPP_INFO[m[K(rclcpp::Node::get_logger(), calc_frenet_paths_function_str);
[9.400s]       |  [01;31m[K^~~~~~~~~~~[m[K
[9.400s] [01m[K/home/aayush/newest_frenet_planner/src/frenet_planner_ported/src/frenet_planner.cpp:455:2:[m[K [01;31m[Kerror: [m[Ktemplate argument 1 is invalid
[9.400s]   455 |  [01;31m[KRCLCPP_INFO[m[K(rclcpp::Node::get_logger(), calc_frenet_paths_function_str);
[9.401s]       |  [01;31m[K^~~~~~~~~~~[m[K
[9.401s] In file included from [01m[K/opt/ros/foxy/include/rclcpp/client.hpp:40[m[K,
[9.401s]                  from [01m[K/opt/ros/foxy/include/rclcpp/callback_group.hpp:23[m[K,
[9.401s]                  from [01m[K/opt/ros/foxy/include/rclcpp/any_executable.hpp:20[m[K,
[9.402s]                  from [01m[K/opt/ros/foxy/include/rclcpp/memory_strategy.hpp:24[m[K,
[9.402s]                  from [01m[K/opt/ros/foxy/include/rclcpp/memory_strategies.hpp:18[m[K,
[9.402s]                  from [01m[K/opt/ros/foxy/include/rclcpp/executor_options.hpp:20[m[K,
[9.402s]                  from [01m[K/opt/ros/foxy/include/rclcpp/executor.hpp:33[m[K,
[9.403s]                  from [01m[K/opt/ros/foxy/include/rclcpp/executors/multi_threaded_executor.hpp:25[m[K,
[9.403s]                  from [01m[K/opt/ros/foxy/include/rclcpp/executors.hpp:21[m[K,
[9.403s]                  from [01m[K/opt/ros/foxy/include/rclcpp/rclcpp.hpp:146[m[K,
[9.404s]                  from [01m[K/opt/ros/foxy/include/tf2_ros/buffer_interface.h:35[m[K,
[9.404s]                  from [01m[K/opt/ros/foxy/include/tf2_geometry_msgs/tf2_geometry_msgs.h:38[m[K,
[9.404s]                  from [01m[K/home/aayush/newest_frenet_planner/src/frenet_planner_ported/src/frenet_planner.cpp:2[m[K:
[9.404s] [01m[K/home/aayush/newest_frenet_planner/src/frenet_planner_ported/src/frenet_planner.cpp:455:39:[m[K [01;31m[Kerror: [m[Kcannot call member function ‘[01m[Krclcpp::Logger rclcpp::Node::get_logger() const[m[K’ without object
[9.405s]   455 |  RCLCPP_INFO(rclcpp::Node::get_logger([01;31m[K)[m[K, calc_frenet_paths_function_str);
[9.405s]       |                                       [01;31m[K^[m[K
[9.405s] [01m[K/home/aayush/newest_frenet_planner/src/frenet_planner_ported/src/frenet_planner.cpp:455:39:[m[K [01;31m[Kerror: [m[Kcannot call member function ‘[01m[Krclcpp::Logger rclcpp::Node::get_logger() const[m[K’ without object
[9.405s]   455 |  RCLCPP_INFO(rclcpp::Node::get_logger([01;31m[K)[m[K, calc_frenet_paths_function_str);
[9.406s]       |                                       [01;31m[K^[m[K
[9.406s] In file included from [01m[K/home/aayush/newest_frenet_planner/src/frenet_planner_ported/src/frenet_planner.cpp:10[m[K:
[9.407s] [01m[K/home/aayush/newest_frenet_planner/src/frenet_planner_ported/src/../include/frenet_optimal_trajectory.hpp:82:20:[m[K [01;35m[Kwarning: [m[Kstatement has no effect [[01;35m[K-Wunused-value[m[K]
[9.407s]    82 | #define trace(...) [01;35m[K42[m[K
[9.408s]       |                    [01;35m[K^~[m[K
[9.408s] [01m[K/home/aayush/newest_frenet_planner/src/frenet_planner_ported/src/../include/frenet_optimal_trajectory.hpp:82:20:[m[K [01;36m[Knote: [m[Kin definition of macro ‘[01m[Ktrace[m[K’
[9.408s]    82 | #define trace(...) [01;36m[K42[m[K
[9.409s]       |                    [01;36m[K^~[m[K
[9.409s] In file included from [01m[K/opt/ros/foxy/include/rclcpp/service.hpp:34[m[K,
[9.409s]                  from [01m[K/opt/ros/foxy/include/rclcpp/callback_group.hpp:25[m[K,
[9.409s]                  from [01m[K/opt/ros/foxy/include/rclcpp/any_executable.hpp:20[m[K,
[9.410s]                  from [01m[K/opt/ros/foxy/include/rclcpp/memory_strategy.hpp:24[m[K,
[9.410s]                  from [01m[K/opt/ros/foxy/include/rclcpp/memory_strategies.hpp:18[m[K,
[9.410s]                  from [01m[K/opt/ros/foxy/include/rclcpp/executor_options.hpp:20[m[K,
[9.410s]                  from [01m[K/opt/ros/foxy/include/rclcpp/executor.hpp:33[m[K,
[9.411s]                  from [01m[K/opt/ros/foxy/include/rclcpp/executors/multi_threaded_executor.hpp:25[m[K,
[9.411s]                  from [01m[K/opt/ros/foxy/include/rclcpp/executors.hpp:21[m[K,
[9.411s]                  from [01m[K/opt/ros/foxy/include/rclcpp/rclcpp.hpp:146[m[K,
[9.411s]                  from [01m[K/opt/ros/foxy/include/tf2_ros/buffer_interface.h:35[m[K,
[9.412s]                  from [01m[K/opt/ros/foxy/include/tf2_geometry_msgs/tf2_geometry_msgs.h:38[m[K,
[9.412s]                  from [01m[K/home/aayush/newest_frenet_planner/src/frenet_planner_ported/src/frenet_planner.cpp:2[m[K:
[9.412s] [01m[K/home/aayush/newest_frenet_planner/src/frenet_planner_ported/src/frenet_planner.cpp:465:39:[m[K [01;31m[Kerror: [m[Kcannot call member function ‘[01m[Krclcpp::Logger rclcpp::Node::get_logger() const[m[K’ without object
[9.412s]   465 |  RCLCPP_INFO(rclcpp::Node::get_logger([01;31m[K)[m[K, calc_global_paths_function_str);
[9.413s]       |                                       [01;31m[K^[m[K
[9.413s] [01m[K/home/aayush/newest_frenet_planner/src/frenet_planner_ported/src/frenet_planner.cpp:465:39:[m[K [01;31m[Kerror: [m[Kcannot call member function ‘[01m[Krclcpp::Logger rclcpp::Node::get_logger() const[m[K’ without object
[9.413s] [01m[K/home/aayush/newest_frenet_planner/src/frenet_planner_ported/src/frenet_planner.cpp:465:2:[m[K [01;31m[Kerror: [m[Ktemplate argument 1 is invalid
[9.413s]   465 |  [01;31m[KRCLCPP_INFO[m[K(rclcpp::Node::get_logger(), calc_global_paths_function_str);
[9.414s]       |  [01;31m[K^~~~~~~~~~~[m[K
[9.414s] [01m[K/home/aayush/newest_frenet_planner/src/frenet_planner_ported/src/frenet_planner.cpp:465:2:[m[K [01;31m[Kerror: [m[Ktemplate argument 1 is invalid
[9.414s]   465 |  [01;31m[KRCLCPP_INFO[m[K(rclcpp::Node::get_logger(), calc_global_paths_function_str);
[9.415s]       |  [01;31m[K^~~~~~~~~~~[m[K
[9.415s] [01m[K/home/aayush/newest_frenet_planner/src/frenet_planner_ported/src/frenet_planner.cpp:465:2:[m[K [01;31m[Kerror: [m[Ktemplate argument 1 is invalid
[9.415s]   465 |  [01;31m[KRCLCPP_INFO[m[K(rclcpp::Node::get_logger(), calc_global_paths_function_str);
[9.416s]       |  [01;31m[K^~~~~~~~~~~[m[K
[9.416s] In file included from [01m[K/opt/ros/foxy/include/rclcpp/client.hpp:40[m[K,
[9.416s]                  from [01m[K/opt/ros/foxy/include/rclcpp/callback_group.hpp:23[m[K,
[9.417s]                  from [01m[K/opt/ros/foxy/include/rclcpp/any_executable.hpp:20[m[K,
[9.417s]                  from [01m[K/opt/ros/foxy/include/rclcpp/memory_strategy.hpp:24[m[K,
[9.417s]                  from [01m[K/opt/ros/foxy/include/rclcpp/memory_strategies.hpp:18[m[K,
[9.418s]                  from [01m[K/opt/ros/foxy/include/rclcpp/executor_options.hpp:20[m[K,
[9.418s]                  from [01m[K/opt/ros/foxy/include/rclcpp/executor.hpp:33[m[K,
[9.418s]                  from [01m[K/opt/ros/foxy/include/rclcpp/executors/multi_threaded_executor.hpp:25[m[K,
[9.419s]                  from [01m[K/opt/ros/foxy/include/rclcpp/executors.hpp:21[m[K,
[9.419s]                  from [01m[K/opt/ros/foxy/include/rclcpp/rclcpp.hpp:146[m[K,
[9.419s]                  from [01m[K/opt/ros/foxy/include/tf2_ros/buffer_interface.h:35[m[K,
[9.419s]                  from [01m[K/opt/ros/foxy/include/tf2_geometry_msgs/tf2_geometry_msgs.h:38[m[K,
[9.420s]                  from [01m[K/home/aayush/newest_frenet_planner/src/frenet_planner_ported/src/frenet_planner.cpp:2[m[K:
[9.420s] [01m[K/home/aayush/newest_frenet_planner/src/frenet_planner_ported/src/frenet_planner.cpp:465:39:[m[K [01;31m[Kerror: [m[Kcannot call member function ‘[01m[Krclcpp::Logger rclcpp::Node::get_logger() const[m[K’ without object
[9.420s]   465 |  RCLCPP_INFO(rclcpp::Node::get_logger([01;31m[K)[m[K, calc_global_paths_function_str);
[9.421s]       |                                       [01;31m[K^[m[K
[9.421s] [01m[K/home/aayush/newest_frenet_planner/src/frenet_planner_ported/src/frenet_planner.cpp:465:39:[m[K [01;31m[Kerror: [m[Kcannot call member function ‘[01m[Krclcpp::Logger rclcpp::Node::get_logger() const[m[K’ without object
[9.421s]   465 |  RCLCPP_INFO(rclcpp::Node::get_logger([01;31m[K)[m[K, calc_global_paths_function_str);
[9.422s]       |                                       [01;31m[K^[m[K
[9.422s] In file included from [01m[K/home/aayush/newest_frenet_planner/src/frenet_planner_ported/src/frenet_planner.cpp:10[m[K:
[9.422s] [01m[K/home/aayush/newest_frenet_planner/src/frenet_planner_ported/src/../include/frenet_optimal_trajectory.hpp:82:20:[m[K [01;35m[Kwarning: [m[Kstatement has no effect [[01;35m[K-Wunused-value[m[K]
[9.422s]    82 | #define trace(...) [01;35m[K42[m[K
[9.423s]       |                    [01;35m[K^~[m[K
[9.423s] [01m[K/home/aayush/newest_frenet_planner/src/frenet_planner_ported/src/../include/frenet_optimal_trajectory.hpp:82:20:[m[K [01;36m[Knote: [m[Kin definition of macro ‘[01m[Ktrace[m[K’
[9.423s]    82 | #define trace(...) [01;36m[K42[m[K
[9.423s]       |                    [01;36m[K^~[m[K
[9.424s] In file included from [01m[K/opt/ros/foxy/include/rclcpp/service.hpp:34[m[K,
[9.424s]                  from [01m[K/opt/ros/foxy/include/rclcpp/callback_group.hpp:25[m[K,
[9.424s]                  from [01m[K/opt/ros/foxy/include/rclcpp/any_executable.hpp:20[m[K,
[9.425s]                  from [01m[K/opt/ros/foxy/include/rclcpp/memory_strategy.hpp:24[m[K,
[9.425s]                  from [01m[K/opt/ros/foxy/include/rclcpp/memory_strategies.hpp:18[m[K,
[9.425s]                  from [01m[K/opt/ros/foxy/include/rclcpp/executor_options.hpp:20[m[K,
[9.425s]                  from [01m[K/opt/ros/foxy/include/rclcpp/executor.hpp:33[m[K,
[9.426s]                  from [01m[K/opt/ros/foxy/include/rclcpp/executors/multi_threaded_executor.hpp:25[m[K,
[9.426s]                  from [01m[K/opt/ros/foxy/include/rclcpp/executors.hpp:21[m[K,
[9.426s]                  from [01m[K/opt/ros/foxy/include/rclcpp/rclcpp.hpp:146[m[K,
[9.427s]                  from [01m[K/opt/ros/foxy/include/tf2_ros/buffer_interface.h:35[m[K,
[9.427s]                  from [01m[K/opt/ros/foxy/include/tf2_geometry_msgs/tf2_geometry_msgs.h:38[m[K,
[9.427s]                  from [01m[K/home/aayush/newest_frenet_planner/src/frenet_planner_ported/src/frenet_planner.cpp:2[m[K:
[9.428s] [01m[K/home/aayush/newest_frenet_planner/src/frenet_planner_ported/src/frenet_planner.cpp:478:39:[m[K [01;31m[Kerror: [m[Kcannot call member function ‘[01m[Krclcpp::Logger rclcpp::Node::get_logger() const[m[K’ without object
[9.428s]   478 |  RCLCPP_INFO(rclcpp::Node::get_logger([01;31m[K)[m[K, calc_path_function_str);
[9.428s]       |                                       [01;31m[K^[m[K
[9.429s] [01m[K/home/aayush/newest_frenet_planner/src/frenet_planner_ported/src/frenet_planner.cpp:478:39:[m[K [01;31m[Kerror: [m[Kcannot call member function ‘[01m[Krclcpp::Logger rclcpp::Node::get_logger() const[m[K’ without object
[9.429s] [01m[K/home/aayush/newest_frenet_planner/src/frenet_planner_ported/src/frenet_planner.cpp:478:2:[m[K [01;31m[Kerror: [m[Ktemplate argument 1 is invalid
[9.429s]   478 |  [01;31m[KRCLCPP_INFO[m[K(rclcpp::Node::get_logger(), calc_path_function_str);
[9.430s]       |  [01;31m[K^~~~~~~~~~~[m[K
[9.430s] [01m[K/home/aayush/newest_frenet_planner/src/frenet_planner_ported/src/frenet_planner.cpp:478:2:[m[K [01;31m[Kerror: [m[Ktemplate argument 1 is invalid
[9.430s]   478 |  [01;31m[KRCLCPP_INFO[m[K(rclcpp::Node::get_logger(), calc_path_function_str);
[9.431s]       |  [01;31m[K^~~~~~~~~~~[m[K
[9.432s] [01m[K/home/aayush/newest_frenet_planner/src/frenet_planner_ported/src/frenet_planner.cpp:478:2:[m[K [01;31m[Kerror: [m[Ktemplate argument 1 is invalid
[9.432s]   478 |  [01;31m[KRCLCPP_INFO[m[K(rclcpp::Node::get_logger(), calc_path_function_str);
[9.432s]       |  [01;31m[K^~~~~~~~~~~[m[K
[9.432s] In file included from [01m[K/opt/ros/foxy/include/rclcpp/client.hpp:40[m[K,
[9.432s]                  from [01m[K/opt/ros/foxy/include/rclcpp/callback_group.hpp:23[m[K,
[9.433s]                  from [01m[K/opt/ros/foxy/include/rclcpp/any_executable.hpp:20[m[K,
[9.433s]                  from [01m[K/opt/ros/foxy/include/rclcpp/memory_strategy.hpp:24[m[K,
[9.433s]                  from [01m[K/opt/ros/foxy/include/rclcpp/memory_strategies.hpp:18[m[K,
[9.433s]                  from [01m[K/opt/ros/foxy/include/rclcpp/executor_options.hpp:20[m[K,
[9.433s]                  from [01m[K/opt/ros/foxy/include/rclcpp/executor.hpp:33[m[K,
[9.434s]                  from [01m[K/opt/ros/foxy/include/rclcpp/executors/multi_threaded_executor.hpp:25[m[K,
[9.434s]                  from [01m[K/opt/ros/foxy/include/rclcpp/executors.hpp:21[m[K,
[9.434s]                  from [01m[K/opt/ros/foxy/include/rclcpp/rclcpp.hpp:146[m[K,
[9.434s]                  from [01m[K/opt/ros/foxy/include/tf2_ros/buffer_interface.h:35[m[K,
[9.434s]                  from [01m[K/opt/ros/foxy/include/tf2_geometry_msgs/tf2_geometry_msgs.h:38[m[K,
[9.435s]                  from [01m[K/home/aayush/newest_frenet_planner/src/frenet_planner_ported/src/frenet_planner.cpp:2[m[K:
[9.435s] [01m[K/home/aayush/newest_frenet_planner/src/frenet_planner_ported/src/frenet_planner.cpp:478:39:[m[K [01;31m[Kerror: [m[Kcannot call member function ‘[01m[Krclcpp::Logger rclcpp::Node::get_logger() const[m[K’ without object
[9.435s]   478 |  RCLCPP_INFO(rclcpp::Node::get_logger([01;31m[K)[m[K, calc_path_function_str);
[9.435s]       |                                       [01;31m[K^[m[K
[9.436s] [01m[K/home/aayush/newest_frenet_planner/src/frenet_planner_ported/src/frenet_planner.cpp:478:39:[m[K [01;31m[Kerror: [m[Kcannot call member function ‘[01m[Krclcpp::Logger rclcpp::Node::get_logger() const[m[K’ without object
[9.436s]   478 |  RCLCPP_INFO(rclcpp::Node::get_logger([01;31m[K)[m[K, calc_path_function_str);
[9.436s]       |                                       [01;31m[K^[m[K
[9.436s] In file included from [01m[K/home/aayush/newest_frenet_planner/src/frenet_planner_ported/src/frenet_planner.cpp:10[m[K:
[9.436s] [01m[K/home/aayush/newest_frenet_planner/src/frenet_planner_ported/src/../include/frenet_optimal_trajectory.hpp:82:20:[m[K [01;35m[Kwarning: [m[Kstatement has no effect [[01;35m[K-Wunused-value[m[K]
[9.437s]    82 | #define trace(...) [01;35m[K42[m[K
[9.437s]       |                    [01;35m[K^~[m[K
[9.437s] [01m[K/home/aayush/newest_frenet_planner/src/frenet_planner_ported/src/../include/frenet_optimal_trajectory.hpp:82:20:[m[K [01;36m[Knote: [m[Kin definition of macro ‘[01m[Ktrace[m[K’
[9.437s]    82 | #define trace(...) [01;36m[K42[m[K
[9.437s]       |                    [01;36m[K^~[m[K
[9.438s] [01m[K/home/aayush/newest_frenet_planner/src/frenet_planner_ported/src/../include/frenet_optimal_trajectory.hpp:82:20:[m[K [01;35m[Kwarning: [m[Kstatement has no effect [[01;35m[K-Wunused-value[m[K]
[9.438s]    82 | #define trace(...) [01;35m[K42[m[K
[9.438s]       |                    [01;35m[K^~[m[K
[9.438s] [01m[K/home/aayush/newest_frenet_planner/src/frenet_planner_ported/src/../include/frenet_optimal_trajectory.hpp:82:20:[m[K [01;36m[Knote: [m[Kin definition of macro ‘[01m[Ktrace[m[K’
[9.438s]    82 | #define trace(...) [01;36m[K42[m[K
[9.439s]       |                    [01;36m[K^~[m[K
[10.827s] make[2]: *** [CMakeFiles/frenet_ros_obst.dir/build.make:76: CMakeFiles/frenet_ros_obst.dir/src/frenet_planner.cpp.o] Error 1
[10.836s] make[1]: *** [CMakeFiles/Makefile2:78: CMakeFiles/frenet_ros_obst.dir/all] Error 2
[10.837s] make: *** [Makefile:141: all] Error 2
[10.838s] Invoked command in '/home/aayush/newest_frenet_planner/build/frenet_planner_ported' returned '2': CMAKE_PREFIX_PATH=${CMAKE_PREFIX_PATH}:/home/aayush/newest_frenet_planner/install/dummy:/opt/ros/foxy /usr/bin/cmake --build /home/aayush/newest_frenet_planner/build/frenet_planner_ported -- -j2 -l2
