[35m[1mScanning dependencies of target frenet_ros_obst[0m
[ 20%] [32mBuilding CXX object CMakeFiles/frenet_ros_obst.dir/src/cubic_spline_planner.cpp.o[0m
[ 40%] [32m[1mLinking CXX executable frenet_ros_obst[0m
[100%] Built target frenet_ros_obst
-- Install configuration: ""
-- Installing: /home/aayush/newest_frenet_planner/install/frenet_planner_ported/lib/frenet_planner_ported/frenet_ros_obst
-- Set runtime path of "/home/aayush/newest_frenet_planner/install/frenet_planner_ported/lib/frenet_planner_ported/frenet_ros_obst" to ""
-- Up-to-date: /home/aayush/newest_frenet_planner/install/frenet_planner_ported/share/frenet_planner_ported/launch
-- Up-to-date: /home/aayush/newest_frenet_planner/install/frenet_planner_ported/share/frenet_planner_ported/launch/frenet_planner_launch.py
-- Up-to-date: /home/aayush/newest_frenet_planner/install/frenet_planner_ported/share/frenet_planner_ported/config
-- Up-to-date: /home/aayush/newest_frenet_planner/install/frenet_planner_ported/share/frenet_planner_ported/config/frenet_planner.yaml
-- Up-to-date: /home/aayush/newest_frenet_planner/install/frenet_planner_ported/share/ament_index/resource_index/package_run_dependencies/frenet_planner_ported
-- Up-to-date: /home/aayush/newest_frenet_planner/install/frenet_planner_ported/share/ament_index/resource_index/parent_prefix_path/frenet_planner_ported
-- Up-to-date: /home/aayush/newest_frenet_planner/install/frenet_planner_ported/share/frenet_planner_ported/environment/ament_prefix_path.sh
-- Up-to-date: /home/aayush/newest_frenet_planner/install/frenet_planner_ported/share/frenet_planner_ported/environment/ament_prefix_path.dsv
-- Up-to-date: /home/aayush/newest_frenet_planner/install/frenet_planner_ported/share/frenet_planner_ported/environment/path.sh
-- Up-to-date: /home/aayush/newest_frenet_planner/install/frenet_planner_ported/share/frenet_planner_ported/environment/path.dsv
-- Up-to-date: /home/aayush/newest_frenet_planner/install/frenet_planner_ported/share/frenet_planner_ported/local_setup.bash
-- Up-to-date: /home/aayush/newest_frenet_planner/install/frenet_planner_ported/share/frenet_planner_ported/local_setup.sh
-- Up-to-date: /home/aayush/newest_frenet_planner/install/frenet_planner_ported/share/frenet_planner_ported/local_setup.zsh
-- Up-to-date: /home/aayush/newest_frenet_planner/install/frenet_planner_ported/share/frenet_planner_ported/local_setup.dsv
-- Installing: /home/aayush/newest_frenet_planner/install/frenet_planner_ported/share/frenet_planner_ported/package.dsv
-- Up-to-date: /home/aayush/newest_frenet_planner/install/frenet_planner_ported/share/ament_index/resource_index/packages/frenet_planner_ported
-- Up-to-date: /home/aayush/newest_frenet_planner/install/frenet_planner_ported/share/frenet_planner_ported/cmake/frenet_planner_portedConfig.cmake
-- Up-to-date: /home/aayush/newest_frenet_planner/install/frenet_planner_ported/share/frenet_planner_ported/cmake/frenet_planner_portedConfig-version.cmake
-- Up-to-date: /home/aayush/newest_frenet_planner/install/frenet_planner_ported/share/frenet_planner_ported/package.xml
