[0.945s] Invoking command in '/home/aayush/newest_frenet_planner/build/frenet_planner_ported': CMAKE_PREFIX_PATH=${CMAKE_PREFIX_PATH}:/home/aayush/newest_frenet_planner/install/dummy:/opt/ros/foxy /usr/bin/cmake --build /home/aayush/newest_frenet_planner/build/frenet_planner_ported -- -j2 -l2
[1.106s] [35m[1mScanning dependencies of target frenet_ros_obst[0m
[1.224s] [ 20%] [32mBuilding CXX object CMakeFiles/frenet_ros_obst.dir/src/cubic_spline_planner.cpp.o[0m
[5.046s] [01m[K/home/aayush/newest_frenet_planner/src/frenet_planner_ported/src/cubic_spline_planner.cpp:[m[K In member function ‘[01m[KEigen::MatrixXd& Spline::calc_A(vecD)[m[K’:
[5.046s] [01m[K/home/aayush/newest_frenet_planner/src/frenet_planner_ported/src/cubic_spline_planner.cpp:36:7:[m[K [01;35m[Kwarning: [m[Kunused variable ‘[01m[Ki[m[K’ [[01;35m[K-Wunused-variable[m[K]
[5.046s]    36 |   int [01;35m[Ki[m[K,j;
[5.046s]       |       [01;35m[K^[m[K
[5.047s] [01m[K/home/aayush/newest_frenet_planner/src/frenet_planner_ported/src/cubic_spline_planner.cpp:36:9:[m[K [01;35m[Kwarning: [m[Kunused variable ‘[01m[Kj[m[K’ [[01;35m[K-Wunused-variable[m[K]
[5.047s]    36 |   int i,[01;35m[Kj[m[K;
[5.047s]       |         [01;35m[K^[m[K
[5.049s] [01m[K/home/aayush/newest_frenet_planner/src/frenet_planner_ported/src/cubic_spline_planner.cpp:[m[K In member function ‘[01m[KEigen::MatrixXd& Spline::calc_B(vecD)[m[K’:
[5.049s] [01m[K/home/aayush/newest_frenet_planner/src/frenet_planner_ported/src/cubic_spline_planner.cpp:66:7:[m[K [01;35m[Kwarning: [m[Kunused variable ‘[01m[Ki[m[K’ [[01;35m[K-Wunused-variable[m[K]
[5.049s]    66 |   int [01;35m[Ki[m[K,j;
[5.050s]       |       [01;35m[K^[m[K
[5.050s] [01m[K/home/aayush/newest_frenet_planner/src/frenet_planner_ported/src/cubic_spline_planner.cpp:66:9:[m[K [01;35m[Kwarning: [m[Kunused variable ‘[01m[Kj[m[K’ [[01;35m[K-Wunused-variable[m[K]
[5.050s]    66 |   int i,[01;35m[Kj[m[K;
[5.050s]       |         [01;35m[K^[m[K
[5.146s] [01m[K/home/aayush/newest_frenet_planner/src/frenet_planner_ported/src/cubic_spline_planner.cpp:[m[K In function ‘[01m[KSpline2D& calc_spline_course(vecD, vecD, vecD&, vecD&, vecD&, vecD&, double)[m[K’:
[5.147s] [01m[K/home/aayush/newest_frenet_planner/src/frenet_planner_ported/src/cubic_spline_planner.cpp:275:20:[m[K [01;35m[Kwarning: [m[Kcomparison of integer expressions of different signedness: ‘[01m[Kint[m[K’ and ‘[01m[Kstd::vector<double>::size_type[m[K’ {aka ‘[01m[Klong unsigned int[m[K’} [[01;35m[K-Wsign-compare[m[K]
[5.147s]   275 |   for(int i = 0; [01;35m[Ki < s.size()[m[K; i++)
[5.147s]       |                  [01;35m[K~~^~~~~~~~~~[m[K
[12.242s] [ 40%] [32m[1mLinking CXX executable frenet_ros_obst[0m
[14.633s] [100%] Built target frenet_ros_obst
[14.666s] Invoked command in '/home/aayush/newest_frenet_planner/build/frenet_planner_ported' returned '0': CMAKE_PREFIX_PATH=${CMAKE_PREFIX_PATH}:/home/aayush/newest_frenet_planner/install/dummy:/opt/ros/foxy /usr/bin/cmake --build /home/aayush/newest_frenet_planner/build/frenet_planner_ported -- -j2 -l2
[14.769s] Invoking command in '/home/aayush/newest_frenet_planner/build/frenet_planner_ported': CMAKE_PREFIX_PATH=${CMAKE_PREFIX_PATH}:/home/aayush/newest_frenet_planner/install/dummy:/opt/ros/foxy /usr/bin/cmake --install /home/aayush/newest_frenet_planner/build/frenet_planner_ported
[14.795s] -- Install configuration: ""
[14.796s] -- Installing: /home/aayush/newest_frenet_planner/install/frenet_planner_ported/lib/frenet_planner_ported/frenet_ros_obst
[14.813s] -- Set runtime path of "/home/aayush/newest_frenet_planner/install/frenet_planner_ported/lib/frenet_planner_ported/frenet_ros_obst" to ""
[14.813s] -- Up-to-date: /home/aayush/newest_frenet_planner/install/frenet_planner_ported/share/frenet_planner_ported/launch
[14.814s] -- Up-to-date: /home/aayush/newest_frenet_planner/install/frenet_planner_ported/share/frenet_planner_ported/launch/frenet_planner_launch.py
[14.814s] -- Up-to-date: /home/aayush/newest_frenet_planner/install/frenet_planner_ported/share/frenet_planner_ported/config
[14.815s] -- Up-to-date: /home/aayush/newest_frenet_planner/install/frenet_planner_ported/share/frenet_planner_ported/config/frenet_planner.yaml
[14.815s] -- Up-to-date: /home/aayush/newest_frenet_planner/install/frenet_planner_ported/share/ament_index/resource_index/package_run_dependencies/frenet_planner_ported
[14.816s] -- Up-to-date: /home/aayush/newest_frenet_planner/install/frenet_planner_ported/share/ament_index/resource_index/parent_prefix_path/frenet_planner_ported
[14.816s] -- Up-to-date: /home/aayush/newest_frenet_planner/install/frenet_planner_ported/share/frenet_planner_ported/environment/ament_prefix_path.sh
[14.817s] -- Up-to-date: /home/aayush/newest_frenet_planner/install/frenet_planner_ported/share/frenet_planner_ported/environment/ament_prefix_path.dsv
[14.817s] -- Up-to-date: /home/aayush/newest_frenet_planner/install/frenet_planner_ported/share/frenet_planner_ported/environment/path.sh
[14.818s] -- Up-to-date: /home/aayush/newest_frenet_planner/install/frenet_planner_ported/share/frenet_planner_ported/environment/path.dsv
[14.818s] -- Up-to-date: /home/aayush/newest_frenet_planner/install/frenet_planner_ported/share/frenet_planner_ported/local_setup.bash
[14.819s] -- Up-to-date: /home/aayush/newest_frenet_planner/install/frenet_planner_ported/share/frenet_planner_ported/local_setup.sh
[14.819s] -- Up-to-date: /home/aayush/newest_frenet_planner/install/frenet_planner_ported/share/frenet_planner_ported/local_setup.zsh
[14.820s] -- Up-to-date: /home/aayush/newest_frenet_planner/install/frenet_planner_ported/share/frenet_planner_ported/local_setup.dsv
[14.820s] -- Installing: /home/aayush/newest_frenet_planner/install/frenet_planner_ported/share/frenet_planner_ported/package.dsv
[14.821s] -- Up-to-date: /home/aayush/newest_frenet_planner/install/frenet_planner_ported/share/ament_index/resource_index/packages/frenet_planner_ported
[14.824s] -- Up-to-date: /home/aayush/newest_frenet_planner/install/frenet_planner_ported/share/frenet_planner_ported/cmake/frenet_planner_portedConfig.cmake
[14.836s] -- Up-to-date: /home/aayush/newest_frenet_planner/install/frenet_planner_ported/share/frenet_planner_ported/cmake/frenet_planner_portedConfig-version.cmake
[14.836s] -- Up-to-date: /home/aayush/newest_frenet_planner/install/frenet_planner_ported/share/frenet_planner_ported/package.xml
[14.849s] Invoked command in '/home/aayush/newest_frenet_planner/build/frenet_planner_ported' returned '0': CMAKE_PREFIX_PATH=${CMAKE_PREFIX_PATH}:/home/aayush/newest_frenet_planner/install/dummy:/opt/ros/foxy /usr/bin/cmake --install /home/aayush/newest_frenet_planner/build/frenet_planner_ported
