[0.822s] Invoking command in '/home/aayush/newest_frenet_planner/build/frenet_planner_ported': CMAKE_PREFIX_PATH=${CMAKE_PREFIX_PATH}:/home/aayush/newest_frenet_planner/install/dummy:/opt/ros/foxy /usr/bin/cmake --build /home/aayush/newest_frenet_planner/build/frenet_planner_ported -- -j2 -l2
[1.091s] [35m[1mScanning dependencies of target frenet_ros_obst[0m
[1.361s] [ 20%] [32mBuilding CXX object CMakeFiles/frenet_ros_obst.dir/src/frenet_planner.cpp.o[0m
[1.363s] [ 40%] [32mBuilding CXX object CMakeFiles/frenet_ros_obst.dir/src/frenet_ros_obst.cpp.o[0m
[8.321s] In file included from [01m[K/home/aayush/newest_frenet_planner/src/frenet_planner_ported/src/frenet_planner.cpp:8[m[K:
[8.322s] [01m[K/home/aayush/newest_frenet_planner/src/frenet_planner_ported/./include/matplotlibcpp.hpp:314:36:[m[K [01;35m[Kwarning: [m[Kstatic_assert without a message only available with ‘[01m[K-std=c++17[m[K’ or ‘[01m[K-std=gnu++17[m[K’ [[01;35m[K-Wpedantic[m[K]
[8.322s]   314 | static_assert(sizeof(long long) == [01;35m[K8[m[K);
[8.322s]       |                                    [01;35m[K^[m[K
[8.322s] [01m[K/home/aayush/newest_frenet_planner/src/frenet_planner_ported/./include/matplotlibcpp.hpp:316:45:[m[K [01;35m[Kwarning: [m[Kstatic_assert without a message only available with ‘[01m[K-std=c++17[m[K’ or ‘[01m[K-std=gnu++17[m[K’ [[01;35m[K-Wpedantic[m[K]
[8.323s]   316 | static_assert(sizeof(unsigned long long) == [01;35m[K8[m[K);
[8.323s]       |                                             [01;35m[K^[m[K
[8.333s] In file included from [01m[K/home/aayush/newest_frenet_planner/src/frenet_planner_ported/src/../include/frenet_class.hpp:11[m[K,
[8.334s]                  from [01m[K/home/aayush/newest_frenet_planner/src/frenet_planner_ported/src/frenet_ros_obst.cpp:1[m[K:
[8.334s] [01m[K/home/aayush/newest_frenet_planner/src/frenet_planner_ported/./include/matplotlibcpp.hpp:314:36:[m[K [01;35m[Kwarning: [m[Kstatic_assert without a message only available with ‘[01m[K-std=c++17[m[K’ or ‘[01m[K-std=gnu++17[m[K’ [[01;35m[K-Wpedantic[m[K]
[8.334s]   314 | static_assert(sizeof(long long) == [01;35m[K8[m[K);
[8.334s]       |                                    [01;35m[K^[m[K
[8.334s] [01m[K/home/aayush/newest_frenet_planner/src/frenet_planner_ported/./include/matplotlibcpp.hpp:316:45:[m[K [01;35m[Kwarning: [m[Kstatic_assert without a message only available with ‘[01m[K-std=c++17[m[K’ or ‘[01m[K-std=gnu++17[m[K’ [[01;35m[K-Wpedantic[m[K]
[8.335s]   316 | static_assert(sizeof(unsigned long long) == [01;35m[K8[m[K);
[8.335s]       |                                             [01;35m[K^[m[K
[11.712s] In file included from [01m[K/home/aayush/newest_frenet_planner/src/frenet_planner_ported/src/frenet_planner.cpp:10[m[K:
[11.712s] [01m[K/home/aayush/newest_frenet_planner/src/frenet_planner_ported/src/../include/frenet_optimal_trajectory.hpp:9:37:[m[K [01;31m[Kerror: [m[Kexpected class-name before ‘[01m[K{[m[K’ token
[11.712s]     9 | class FrenetPath: public FrenetClass[01;31m[K{[m[K
[11.713s]       |                                     [01;31m[K^[m[K
[11.720s] [01m[K/home/aayush/newest_frenet_planner/src/frenet_planner_ported/src/../include/frenet_optimal_trajectory.hpp:[m[K In function ‘[01m[Kstd::ostream& operator<<(std::ostream&, const FrenetPath&)[m[K’:
[11.720s] [01m[K/home/aayush/newest_frenet_planner/src/frenet_planner_ported/src/../include/frenet_optimal_trajectory.hpp:80:20:[m[K [01;35m[Kwarning: [m[Kstatement has no effect [[01;35m[K-Wunused-value[m[K]
[11.721s]    80 | #define trace(...) [01;35m[K42[m[K
[11.722s]       |                    [01;35m[K^~[m[K
[11.723s] [01m[K/home/aayush/newest_frenet_planner/src/frenet_planner_ported/src/../include/frenet_optimal_trajectory.hpp:80:20:[m[K [01;36m[Knote: [m[Kin definition of macro ‘[01m[Ktrace[m[K’
[11.723s]    80 | #define trace(...) [01;36m[K42[m[K
[11.724s]       |                    [01;36m[K^~[m[K
[11.724s] [01m[K/home/aayush/newest_frenet_planner/src/frenet_planner_ported/src/../include/frenet_optimal_trajectory.hpp:80:20:[m[K [01;35m[Kwarning: [m[Kstatement has no effect [[01;35m[K-Wunused-value[m[K]
[11.724s]    80 | #define trace(...) [01;35m[K42[m[K
[11.724s]       |                    [01;35m[K^~[m[K
[11.725s] [01m[K/home/aayush/newest_frenet_planner/src/frenet_planner_ported/src/../include/frenet_optimal_trajectory.hpp:80:20:[m[K [01;36m[Knote: [m[Kin definition of macro ‘[01m[Ktrace[m[K’
[11.725s]    80 | #define trace(...) [01;36m[K42[m[K
[11.725s]       |                    [01;36m[K^~[m[K
[11.725s] [01m[K/home/aayush/newest_frenet_planner/src/frenet_planner_ported/src/../include/frenet_optimal_trajectory.hpp:80:20:[m[K [01;35m[Kwarning: [m[Kstatement has no effect [[01;35m[K-Wunused-value[m[K]
[11.725s]    80 | #define trace(...) [01;35m[K42[m[K
[11.726s]       |                    [01;35m[K^~[m[K
[11.726s] [01m[K/home/aayush/newest_frenet_planner/src/frenet_planner_ported/src/../include/frenet_optimal_trajectory.hpp:80:20:[m[K [01;36m[Knote: [m[Kin definition of macro ‘[01m[Ktrace[m[K’
[11.726s]    80 | #define trace(...) [01;36m[K42[m[K
[11.726s]       |                    [01;36m[K^~[m[K
[11.727s] [01m[K/home/aayush/newest_frenet_planner/src/frenet_planner_ported/src/../include/frenet_optimal_trajectory.hpp:80:20:[m[K [01;35m[Kwarning: [m[Kstatement has no effect [[01;35m[K-Wunused-value[m[K]
[11.727s]    80 | #define trace(...) [01;35m[K42[m[K
[11.727s]       |                    [01;35m[K^~[m[K
[11.727s] [01m[K/home/aayush/newest_frenet_planner/src/frenet_planner_ported/src/../include/frenet_optimal_trajectory.hpp:80:20:[m[K [01;36m[Knote: [m[Kin definition of macro ‘[01m[Ktrace[m[K’
[11.727s]    80 | #define trace(...) [01;36m[K42[m[K
[11.728s]       |                    [01;36m[K^~[m[K
[11.728s] [01m[K/home/aayush/newest_frenet_planner/src/frenet_planner_ported/src/../include/frenet_optimal_trajectory.hpp:80:20:[m[K [01;35m[Kwarning: [m[Kstatement has no effect [[01;35m[K-Wunused-value[m[K]
[11.728s]    80 | #define trace(...) [01;35m[K42[m[K
[11.728s]       |                    [01;35m[K^~[m[K
[11.729s] [01m[K/home/aayush/newest_frenet_planner/src/frenet_planner_ported/src/../include/frenet_optimal_trajectory.hpp:80:20:[m[K [01;36m[Knote: [m[Kin definition of macro ‘[01m[Ktrace[m[K’
[11.729s]    80 | #define trace(...) [01;36m[K42[m[K
[11.729s]       |                    [01;36m[K^~[m[K
[11.729s] [01m[K/home/aayush/newest_frenet_planner/src/frenet_planner_ported/src/../include/frenet_optimal_trajectory.hpp:80:20:[m[K [01;35m[Kwarning: [m[Kstatement has no effect [[01;35m[K-Wunused-value[m[K]
[11.729s]    80 | #define trace(...) [01;35m[K42[m[K
[11.730s]       |                    [01;35m[K^~[m[K
[11.730s] [01m[K/home/aayush/newest_frenet_planner/src/frenet_planner_ported/src/../include/frenet_optimal_trajectory.hpp:80:20:[m[K [01;36m[Knote: [m[Kin definition of macro ‘[01m[Ktrace[m[K’
[11.731s]    80 | #define trace(...) [01;36m[K42[m[K
[11.731s]       |                    [01;36m[K^~[m[K
[11.731s] [01m[K/home/aayush/newest_frenet_planner/src/frenet_planner_ported/src/../include/frenet_optimal_trajectory.hpp:80:20:[m[K [01;35m[Kwarning: [m[Kstatement has no effect [[01;35m[K-Wunused-value[m[K]
[11.739s]    80 | #define trace(...) [01;35m[K42[m[K
[11.740s]       |                    [01;35m[K^~[m[K
[11.740s] [01m[K/home/aayush/newest_frenet_planner/src/frenet_planner_ported/src/../include/frenet_optimal_trajectory.hpp:80:20:[m[K [01;36m[Knote: [m[Kin definition of macro ‘[01m[Ktrace[m[K’
[11.741s]    80 | #define trace(...) [01;36m[K42[m[K
[11.741s]       |                    [01;36m[K^~[m[K
[11.742s] [01m[K/home/aayush/newest_frenet_planner/src/frenet_planner_ported/src/../include/frenet_optimal_trajectory.hpp:80:20:[m[K [01;35m[Kwarning: [m[Kstatement has no effect [[01;35m[K-Wunused-value[m[K]
[11.742s]    80 | #define trace(...) [01;35m[K42[m[K
[11.742s]       |                    [01;35m[K^~[m[K
[11.742s] [01m[K/home/aayush/newest_frenet_planner/src/frenet_planner_ported/src/../include/frenet_optimal_trajectory.hpp:80:20:[m[K [01;36m[Knote: [m[Kin definition of macro ‘[01m[Ktrace[m[K’
[11.743s]    80 | #define trace(...) [01;36m[K42[m[K
[11.743s]       |                    [01;36m[K^~[m[K
[11.743s] [01m[K/home/aayush/newest_frenet_planner/src/frenet_planner_ported/src/../include/frenet_optimal_trajectory.hpp:80:20:[m[K [01;35m[Kwarning: [m[Kstatement has no effect [[01;35m[K-Wunused-value[m[K]
[11.744s]    80 | #define trace(...) [01;35m[K42[m[K
[11.744s]       |                    [01;35m[K^~[m[K
[11.744s] [01m[K/home/aayush/newest_frenet_planner/src/frenet_planner_ported/src/../include/frenet_optimal_trajectory.hpp:80:20:[m[K [01;36m[Knote: [m[Kin definition of macro ‘[01m[Ktrace[m[K’
[11.745s]    80 | #define trace(...) [01;36m[K42[m[K
[11.745s]       |                    [01;36m[K^~[m[K
[11.745s] [01m[K/home/aayush/newest_frenet_planner/src/frenet_planner_ported/src/../include/frenet_optimal_trajectory.hpp:80:20:[m[K [01;35m[Kwarning: [m[Kstatement has no effect [[01;35m[K-Wunused-value[m[K]
[11.745s]    80 | #define trace(...) [01;35m[K42[m[K
[11.746s]       |                    [01;35m[K^~[m[K
[11.746s] [01m[K/home/aayush/newest_frenet_planner/src/frenet_planner_ported/src/../include/frenet_optimal_trajectory.hpp:80:20:[m[K [01;36m[Knote: [m[Kin definition of macro ‘[01m[Ktrace[m[K’
[11.746s]    80 | #define trace(...) [01;36m[K42[m[K
[11.747s]       |                    [01;36m[K^~[m[K
[11.747s] [01m[K/home/aayush/newest_frenet_planner/src/frenet_planner_ported/src/../include/frenet_optimal_trajectory.hpp:80:20:[m[K [01;35m[Kwarning: [m[Kstatement has no effect [[01;35m[K-Wunused-value[m[K]
[11.757s]    80 | #define trace(...) [01;35m[K42[m[K
[11.758s]       |                    [01;35m[K^~[m[K
[11.759s] [01m[K/home/aayush/newest_frenet_planner/src/frenet_planner_ported/src/../include/frenet_optimal_trajectory.hpp:80:20:[m[K [01;36m[Knote: [m[Kin definition of macro ‘[01m[Ktrace[m[K’
[11.759s]    80 | #define trace(...) [01;36m[K42[m[K
[11.759s]       |                    [01;36m[K^~[m[K
[11.759s] [01m[K/home/aayush/newest_frenet_planner/src/frenet_planner_ported/src/../include/frenet_optimal_trajectory.hpp:80:20:[m[K [01;35m[Kwarning: [m[Kstatement has no effect [[01;35m[K-Wunused-value[m[K]
[11.760s]    80 | #define trace(...) [01;35m[K42[m[K
[11.760s]       |                    [01;35m[K^~[m[K
[11.760s] [01m[K/home/aayush/newest_frenet_planner/src/frenet_planner_ported/src/../include/frenet_optimal_trajectory.hpp:80:20:[m[K [01;36m[Knote: [m[Kin definition of macro ‘[01m[Ktrace[m[K’
[11.760s]    80 | #define trace(...) [01;36m[K42[m[K
[11.760s]       |                    [01;36m[K^~[m[K
[11.761s] [01m[K/home/aayush/newest_frenet_planner/src/frenet_planner_ported/src/../include/frenet_optimal_trajectory.hpp:80:20:[m[K [01;35m[Kwarning: [m[Kstatement has no effect [[01;35m[K-Wunused-value[m[K]
[11.761s]    80 | #define trace(...) [01;35m[K42[m[K
[11.761s]       |                    [01;35m[K^~[m[K
[11.761s] [01m[K/home/aayush/newest_frenet_planner/src/frenet_planner_ported/src/../include/frenet_optimal_trajectory.hpp:80:20:[m[K [01;36m[Knote: [m[Kin definition of macro ‘[01m[Ktrace[m[K’
[11.761s]    80 | #define trace(...) [01;36m[K42[m[K
[11.762s]       |                    [01;36m[K^~[m[K
[11.762s] [01m[K/home/aayush/newest_frenet_planner/src/frenet_planner_ported/src/../include/frenet_optimal_trajectory.hpp:81:59:[m[K [01;35m[Kwarning: [m[Kunused parameter ‘[01m[Kfp[m[K’ [[01;35m[K-Wunused-parameter[m[K]
[11.762s]    81 | inline ostream& operator<<(ostream& os, [01;35m[Kconst FrenetPath& fp[m[K)
[11.762s]       |                                         [01;35m[K~~~~~~~~~~~~~~~~~~^~[m[K
[11.764s] [01m[K/home/aayush/newest_frenet_planner/src/frenet_planner_ported/src/frenet_planner.cpp:[m[K In member function ‘[01m[Kvoid FrenetPath::calc_lon_paths_quintic_poly(double, double, double, double, double)[m[K’:
[11.765s] [01m[K/home/aayush/newest_frenet_planner/src/frenet_planner_ported/src/frenet_planner.cpp:69:91:[m[K [01;35m[Kwarning: [m[Kunused parameter ‘[01m[Kts[m[K’ [[01;35m[K-Wunused-parameter[m[K]
[11.765s]    69 | void FrenetPath::calc_lon_paths_quintic_poly(double c_speed, double s0, double Ti, [01;35m[Kdouble ts[m[K,
[11.765s]       |                                                                                    [01;35m[K~~~~~~~^~[m[K
[11.813s] [01m[K/home/aayush/newest_frenet_planner/src/frenet_planner_ported/src/frenet_planner.cpp:[m[K In member function ‘[01m[Kvoid FrenetPath::adding_global_path(Spline2D)[m[K’:
[11.814s] [01m[K/home/aayush/newest_frenet_planner/src/frenet_planner_ported/src/frenet_planner.cpp:198:9:[m[K [01;35m[Kwarning: [m[Kunused variable ‘[01m[KstartTime1[m[K’ [[01;35m[K-Wunused-variable[m[K]
[11.814s]   198 |  double [01;35m[KstartTime1[m[K = omp_get_wtime();
[11.814s]       |         [01;35m[K^~~~~~~~~~[m[K
[11.815s] [01m[K/home/aayush/newest_frenet_planner/src/frenet_planner_ported/src/frenet_planner.cpp:249:9:[m[K [01;35m[Kwarning: [m[Kunused variable ‘[01m[KendTime1[m[K’ [[01;35m[K-Wunused-variable[m[K]
[11.815s]   249 |  double [01;35m[KendTime1[m[K = omp_get_wtime();
[11.815s]       |         [01;35m[K^~~~~~~~[m[K
[11.841s] In file included from [01m[K/home/aayush/newest_frenet_planner/src/frenet_planner_ported/src/frenet_planner.cpp:10[m[K:
[11.841s] [01m[K/home/aayush/newest_frenet_planner/src/frenet_planner_ported/src/frenet_planner.cpp:[m[K In function ‘[01m[KFrenetPath frenet_optimal_planning(Spline2D, double, double, double, double, double, FrenetPath, double)[m[K’:
[11.841s] [01m[K/home/aayush/newest_frenet_planner/src/frenet_planner_ported/src/../include/frenet_optimal_trajectory.hpp:80:20:[m[K [01;31m[Kerror: [m[Kexpected initializer before numeric constant
[11.842s]    80 | #define trace(...) [01;31m[K42[m[K
[11.842s]       |                    [01;31m[K^~[m[K
[11.842s] [01m[K/home/aayush/newest_frenet_planner/src/frenet_planner_ported/src/../include/frenet_optimal_trajectory.hpp:80:20:[m[K [01;36m[Knote: [m[Kin definition of macro ‘[01m[Ktrace[m[K’
[11.842s]    80 | #define trace(...) [01;36m[K42[m[K
[11.843s]       |                    [01;36m[K^~[m[K
[11.843s] In file included from [01m[K/opt/ros/foxy/include/rclcpp/service.hpp:34[m[K,
[11.843s]                  from [01m[K/opt/ros/foxy/include/rclcpp/callback_group.hpp:25[m[K,
[11.844s]                  from [01m[K/opt/ros/foxy/include/rclcpp/any_executable.hpp:20[m[K,
[11.844s]                  from [01m[K/opt/ros/foxy/include/rclcpp/memory_strategy.hpp:24[m[K,
[11.845s]                  from [01m[K/opt/ros/foxy/include/rclcpp/memory_strategies.hpp:18[m[K,
[11.845s]                  from [01m[K/opt/ros/foxy/include/rclcpp/executor_options.hpp:20[m[K,
[11.845s]                  from [01m[K/opt/ros/foxy/include/rclcpp/executor.hpp:33[m[K,
[11.846s]                  from [01m[K/opt/ros/foxy/include/rclcpp/executors/multi_threaded_executor.hpp:25[m[K,
[11.846s]                  from [01m[K/opt/ros/foxy/include/rclcpp/executors.hpp:21[m[K,
[11.846s]                  from [01m[K/opt/ros/foxy/include/rclcpp/rclcpp.hpp:146[m[K,
[11.846s]                  from [01m[K/opt/ros/foxy/include/tf2_ros/buffer_interface.h:35[m[K,
[11.846s]                  from [01m[K/opt/ros/foxy/include/tf2_geometry_msgs/tf2_geometry_msgs.h:38[m[K,
[11.847s]                  from [01m[K/home/aayush/newest_frenet_planner/src/frenet_planner_ported/src/frenet_planner.cpp:2[m[K:
[11.847s] [01m[K/home/aayush/newest_frenet_planner/src/frenet_planner_ported/src/frenet_planner.cpp:455:14:[m[K [01;31m[Kerror: [m[Kinvalid use of ‘[01m[Kthis[m[K’ in non-member function
[11.847s]   455 |  RCLCPP_INFO([01;31m[Kthis[m[K->get_logger(), calc_frenet_paths_function_str);
[11.850s]       |              [01;31m[K^~~~[m[K
[11.851s] [01m[K/home/aayush/newest_frenet_planner/src/frenet_planner_ported/src/frenet_planner.cpp:455:14:[m[K [01;31m[Kerror: [m[Kinvalid use of ‘[01m[Kthis[m[K’ in non-member function
[11.851s] [01m[K/home/aayush/newest_frenet_planner/src/frenet_planner_ported/src/frenet_planner.cpp:455:2:[m[K [01;31m[Kerror: [m[Ktemplate argument 1 is invalid
[11.860s]   455 |  [01;31m[KRCLCPP_INFO[m[K(this->get_logger(), calc_frenet_paths_function_str);
[11.861s]       |  [01;31m[K^~~~~~~~~~~[m[K
[11.861s] [01m[K/home/aayush/newest_frenet_planner/src/frenet_planner_ported/src/frenet_planner.cpp:455:2:[m[K [01;31m[Kerror: [m[Ktemplate argument 1 is invalid
[11.861s]   455 |  [01;31m[KRCLCPP_INFO[m[K(this->get_logger(), calc_frenet_paths_function_str);
[11.862s]       |  [01;31m[K^~~~~~~~~~~[m[K
[11.862s] [01m[K/home/aayush/newest_frenet_planner/src/frenet_planner_ported/src/frenet_planner.cpp:455:2:[m[K [01;31m[Kerror: [m[Ktemplate argument 1 is invalid
[11.862s]   455 |  [01;31m[KRCLCPP_INFO[m[K(this->get_logger(), calc_frenet_paths_function_str);
[11.863s]       |  [01;31m[K^~~~~~~~~~~[m[K
[11.863s] In file included from [01m[K/opt/ros/foxy/include/rclcpp/client.hpp:40[m[K,
[11.863s]                  from [01m[K/opt/ros/foxy/include/rclcpp/callback_group.hpp:23[m[K,
[11.863s]                  from [01m[K/opt/ros/foxy/include/rclcpp/any_executable.hpp:20[m[K,
[11.864s]                  from [01m[K/opt/ros/foxy/include/rclcpp/memory_strategy.hpp:24[m[K,
[11.864s]                  from [01m[K/opt/ros/foxy/include/rclcpp/memory_strategies.hpp:18[m[K,
[11.864s]                  from [01m[K/opt/ros/foxy/include/rclcpp/executor_options.hpp:20[m[K,
[11.864s]                  from [01m[K/opt/ros/foxy/include/rclcpp/executor.hpp:33[m[K,
[11.865s]                  from [01m[K/opt/ros/foxy/include/rclcpp/executors/multi_threaded_executor.hpp:25[m[K,
[11.865s]                  from [01m[K/opt/ros/foxy/include/rclcpp/executors.hpp:21[m[K,
[11.865s]                  from [01m[K/opt/ros/foxy/include/rclcpp/rclcpp.hpp:146[m[K,
[11.865s]                  from [01m[K/opt/ros/foxy/include/tf2_ros/buffer_interface.h:35[m[K,
[11.866s]                  from [01m[K/opt/ros/foxy/include/tf2_geometry_msgs/tf2_geometry_msgs.h:38[m[K,
[11.866s]                  from [01m[K/home/aayush/newest_frenet_planner/src/frenet_planner_ported/src/frenet_planner.cpp:2[m[K:
[11.866s] [01m[K/home/aayush/newest_frenet_planner/src/frenet_planner_ported/src/frenet_planner.cpp:455:14:[m[K [01;31m[Kerror: [m[Kinvalid use of ‘[01m[Kthis[m[K’ in non-member function
[11.866s]   455 |  RCLCPP_INFO([01;31m[Kthis[m[K->get_logger(), calc_frenet_paths_function_str);
[11.866s]       |              [01;31m[K^~~~[m[K
[11.867s] [01m[K/home/aayush/newest_frenet_planner/src/frenet_planner_ported/src/frenet_planner.cpp:455:14:[m[K [01;31m[Kerror: [m[Kinvalid use of ‘[01m[Kthis[m[K’ in non-member function
[11.868s]   455 |  RCLCPP_INFO([01;31m[Kthis[m[K->get_logger(), calc_frenet_paths_function_str);
[11.868s]       |              [01;31m[K^~~~[m[K
[11.868s] In file included from [01m[K/home/aayush/newest_frenet_planner/src/frenet_planner_ported/src/frenet_planner.cpp:10[m[K:
[11.868s] [01m[K/home/aayush/newest_frenet_planner/src/frenet_planner_ported/src/../include/frenet_optimal_trajectory.hpp:80:20:[m[K [01;35m[Kwarning: [m[Kstatement has no effect [[01;35m[K-Wunused-value[m[K]
[11.869s]    80 | #define trace(...) [01;35m[K42[m[K
[11.869s]       |                    [01;35m[K^~[m[K
[11.869s] [01m[K/home/aayush/newest_frenet_planner/src/frenet_planner_ported/src/../include/frenet_optimal_trajectory.hpp:80:20:[m[K [01;36m[Knote: [m[Kin definition of macro ‘[01m[Ktrace[m[K’
[11.869s]    80 | #define trace(...) [01;36m[K42[m[K
[11.870s]       |                    [01;36m[K^~[m[K
[11.870s] In file included from [01m[K/opt/ros/foxy/include/rclcpp/service.hpp:34[m[K,
[11.870s]                  from [01m[K/opt/ros/foxy/include/rclcpp/callback_group.hpp:25[m[K,
[11.870s]                  from [01m[K/opt/ros/foxy/include/rclcpp/any_executable.hpp:20[m[K,
[11.870s]                  from [01m[K/opt/ros/foxy/include/rclcpp/memory_strategy.hpp:24[m[K,
[11.879s]                  from [01m[K/opt/ros/foxy/include/rclcpp/memory_strategies.hpp:18[m[K,
[11.880s]                  from [01m[K/opt/ros/foxy/include/rclcpp/executor_options.hpp:20[m[K,
[11.880s]                  from [01m[K/opt/ros/foxy/include/rclcpp/executor.hpp:33[m[K,
[11.880s]                  from [01m[K/opt/ros/foxy/include/rclcpp/executors/multi_threaded_executor.hpp:25[m[K,
[11.880s]                  from [01m[K/opt/ros/foxy/include/rclcpp/executors.hpp:21[m[K,
[11.881s]                  from [01m[K/opt/ros/foxy/include/rclcpp/rclcpp.hpp:146[m[K,
[11.881s]                  from [01m[K/opt/ros/foxy/include/tf2_ros/buffer_interface.h:35[m[K,
[11.881s]                  from [01m[K/opt/ros/foxy/include/tf2_geometry_msgs/tf2_geometry_msgs.h:38[m[K,
[11.881s]                  from [01m[K/home/aayush/newest_frenet_planner/src/frenet_planner_ported/src/frenet_planner.cpp:2[m[K:
[11.882s] [01m[K/home/aayush/newest_frenet_planner/src/frenet_planner_ported/src/frenet_planner.cpp:465:14:[m[K [01;31m[Kerror: [m[Kinvalid use of ‘[01m[Kthis[m[K’ in non-member function
[11.882s]   465 |  RCLCPP_INFO([01;31m[Kthis[m[K->get_logger(), calc_global_paths_function_str);
[11.882s]       |              [01;31m[K^~~~[m[K
[11.882s] [01m[K/home/aayush/newest_frenet_planner/src/frenet_planner_ported/src/frenet_planner.cpp:465:14:[m[K [01;31m[Kerror: [m[Kinvalid use of ‘[01m[Kthis[m[K’ in non-member function
[11.882s] [01m[K/home/aayush/newest_frenet_planner/src/frenet_planner_ported/src/frenet_planner.cpp:465:2:[m[K [01;31m[Kerror: [m[Ktemplate argument 1 is invalid
[11.883s]   465 |  [01;31m[KRCLCPP_INFO[m[K(this->get_logger(), calc_global_paths_function_str);
[11.883s]       |  [01;31m[K^~~~~~~~~~~[m[K
[11.883s] [01m[K/home/aayush/newest_frenet_planner/src/frenet_planner_ported/src/frenet_planner.cpp:465:2:[m[K [01;31m[Kerror: [m[Ktemplate argument 1 is invalid
[11.883s]   465 |  [01;31m[KRCLCPP_INFO[m[K(this->get_logger(), calc_global_paths_function_str);
[11.884s]       |  [01;31m[K^~~~~~~~~~~[m[K
[11.884s] [01m[K/home/aayush/newest_frenet_planner/src/frenet_planner_ported/src/frenet_planner.cpp:465:2:[m[K [01;31m[Kerror: [m[Ktemplate argument 1 is invalid
[11.884s]   465 |  [01;31m[KRCLCPP_INFO[m[K(this->get_logger(), calc_global_paths_function_str);
[11.884s]       |  [01;31m[K^~~~~~~~~~~[m[K
[11.885s] In file included from [01m[K/opt/ros/foxy/include/rclcpp/client.hpp:40[m[K,
[11.885s]                  from [01m[K/opt/ros/foxy/include/rclcpp/callback_group.hpp:23[m[K,
[11.885s]                  from [01m[K/opt/ros/foxy/include/rclcpp/any_executable.hpp:20[m[K,
[11.885s]                  from [01m[K/opt/ros/foxy/include/rclcpp/memory_strategy.hpp:24[m[K,
[11.885s]                  from [01m[K/opt/ros/foxy/include/rclcpp/memory_strategies.hpp:18[m[K,
[11.886s]                  from [01m[K/opt/ros/foxy/include/rclcpp/executor_options.hpp:20[m[K,
[11.886s]                  from [01m[K/opt/ros/foxy/include/rclcpp/executor.hpp:33[m[K,
[11.886s]                  from [01m[K/opt/ros/foxy/include/rclcpp/executors/multi_threaded_executor.hpp:25[m[K,
[11.886s]                  from [01m[K/opt/ros/foxy/include/rclcpp/executors.hpp:21[m[K,
[11.886s]                  from [01m[K/opt/ros/foxy/include/rclcpp/rclcpp.hpp:146[m[K,
[11.887s]                  from [01m[K/opt/ros/foxy/include/tf2_ros/buffer_interface.h:35[m[K,
[11.887s]                  from [01m[K/opt/ros/foxy/include/tf2_geometry_msgs/tf2_geometry_msgs.h:38[m[K,
[11.887s]                  from [01m[K/home/aayush/newest_frenet_planner/src/frenet_planner_ported/src/frenet_planner.cpp:2[m[K:
[11.896s] [01m[K/home/aayush/newest_frenet_planner/src/frenet_planner_ported/src/frenet_planner.cpp:465:14:[m[K [01;31m[Kerror: [m[Kinvalid use of ‘[01m[Kthis[m[K’ in non-member function
[11.896s]   465 |  RCLCPP_INFO([01;31m[Kthis[m[K->get_logger(), calc_global_paths_function_str);
[11.897s]       |              [01;31m[K^~~~[m[K
[11.897s] [01m[K/home/aayush/newest_frenet_planner/src/frenet_planner_ported/src/frenet_planner.cpp:465:14:[m[K [01;31m[Kerror: [m[Kinvalid use of ‘[01m[Kthis[m[K’ in non-member function
[11.897s]   465 |  RCLCPP_INFO([01;31m[Kthis[m[K->get_logger(), calc_global_paths_function_str);
[11.897s]       |              [01;31m[K^~~~[m[K
[11.897s] In file included from [01m[K/home/aayush/newest_frenet_planner/src/frenet_planner_ported/src/frenet_planner.cpp:10[m[K:
[11.898s] [01m[K/home/aayush/newest_frenet_planner/src/frenet_planner_ported/src/../include/frenet_optimal_trajectory.hpp:80:20:[m[K [01;35m[Kwarning: [m[Kstatement has no effect [[01;35m[K-Wunused-value[m[K]
[11.898s]    80 | #define trace(...) [01;35m[K42[m[K
[11.898s]       |                    [01;35m[K^~[m[K
[11.898s] [01m[K/home/aayush/newest_frenet_planner/src/frenet_planner_ported/src/../include/frenet_optimal_trajectory.hpp:80:20:[m[K [01;36m[Knote: [m[Kin definition of macro ‘[01m[Ktrace[m[K’
[11.898s]    80 | #define trace(...) [01;36m[K42[m[K
[11.899s]       |                    [01;36m[K^~[m[K
[11.899s] In file included from [01m[K/opt/ros/foxy/include/rclcpp/service.hpp:34[m[K,
[11.899s]                  from [01m[K/opt/ros/foxy/include/rclcpp/callback_group.hpp:25[m[K,
[11.899s]                  from [01m[K/opt/ros/foxy/include/rclcpp/any_executable.hpp:20[m[K,
[11.899s]                  from [01m[K/opt/ros/foxy/include/rclcpp/memory_strategy.hpp:24[m[K,
[11.900s]                  from [01m[K/opt/ros/foxy/include/rclcpp/memory_strategies.hpp:18[m[K,
[11.900s]                  from [01m[K/opt/ros/foxy/include/rclcpp/executor_options.hpp:20[m[K,
[11.900s]                  from [01m[K/opt/ros/foxy/include/rclcpp/executor.hpp:33[m[K,
[11.900s]                  from [01m[K/opt/ros/foxy/include/rclcpp/executors/multi_threaded_executor.hpp:25[m[K,
[11.901s]                  from [01m[K/opt/ros/foxy/include/rclcpp/executors.hpp:21[m[K,
[11.901s]                  from [01m[K/opt/ros/foxy/include/rclcpp/rclcpp.hpp:146[m[K,
[11.901s]                  from [01m[K/opt/ros/foxy/include/tf2_ros/buffer_interface.h:35[m[K,
[11.901s]                  from [01m[K/opt/ros/foxy/include/tf2_geometry_msgs/tf2_geometry_msgs.h:38[m[K,
[11.902s]                  from [01m[K/home/aayush/newest_frenet_planner/src/frenet_planner_ported/src/frenet_planner.cpp:2[m[K:
[11.902s] [01m[K/home/aayush/newest_frenet_planner/src/frenet_planner_ported/src/frenet_planner.cpp:478:14:[m[K [01;31m[Kerror: [m[Kinvalid use of ‘[01m[Kthis[m[K’ in non-member function
[11.902s]   478 |  RCLCPP_INFO([01;31m[Kthis[m[K->get_logger(), calc_path_function_str);
[11.902s]       |              [01;31m[K^~~~[m[K
[11.902s] [01m[K/home/aayush/newest_frenet_planner/src/frenet_planner_ported/src/frenet_planner.cpp:478:14:[m[K [01;31m[Kerror: [m[Kinvalid use of ‘[01m[Kthis[m[K’ in non-member function
[11.903s] [01m[K/home/aayush/newest_frenet_planner/src/frenet_planner_ported/src/frenet_planner.cpp:478:2:[m[K [01;31m[Kerror: [m[Ktemplate argument 1 is invalid
[11.903s]   478 |  [01;31m[KRCLCPP_INFO[m[K(this->get_logger(), calc_path_function_str);
[11.903s]       |  [01;31m[K^~~~~~~~~~~[m[K
[11.903s] [01m[K/home/aayush/newest_frenet_planner/src/frenet_planner_ported/src/frenet_planner.cpp:478:2:[m[K [01;31m[Kerror: [m[Ktemplate argument 1 is invalid
[11.904s]   478 |  [01;31m[KRCLCPP_INFO[m[K(this->get_logger(), calc_path_function_str);
[11.904s]       |  [01;31m[K^~~~~~~~~~~[m[K
[11.904s] [01m[K/home/aayush/newest_frenet_planner/src/frenet_planner_ported/src/frenet_planner.cpp:478:2:[m[K [01;31m[Kerror: [m[Ktemplate argument 1 is invalid
[11.904s]   478 |  [01;31m[KRCLCPP_INFO[m[K(this->get_logger(), calc_path_function_str);
[11.905s]       |  [01;31m[K^~~~~~~~~~~[m[K
[11.905s] In file included from [01m[K/opt/ros/foxy/include/rclcpp/client.hpp:40[m[K,
[11.905s]                  from [01m[K/opt/ros/foxy/include/rclcpp/callback_group.hpp:23[m[K,
[11.905s]                  from [01m[K/opt/ros/foxy/include/rclcpp/any_executable.hpp:20[m[K,
[11.905s]                  from [01m[K/opt/ros/foxy/include/rclcpp/memory_strategy.hpp:24[m[K,
[11.906s]                  from [01m[K/opt/ros/foxy/include/rclcpp/memory_strategies.hpp:18[m[K,
[11.906s]                  from [01m[K/opt/ros/foxy/include/rclcpp/executor_options.hpp:20[m[K,
[11.906s]                  from [01m[K/opt/ros/foxy/include/rclcpp/executor.hpp:33[m[K,
[11.906s]                  from [01m[K/opt/ros/foxy/include/rclcpp/executors/multi_threaded_executor.hpp:25[m[K,
[11.906s]                  from [01m[K/opt/ros/foxy/include/rclcpp/executors.hpp:21[m[K,
[11.907s]                  from [01m[K/opt/ros/foxy/include/rclcpp/rclcpp.hpp:146[m[K,
[11.907s]                  from [01m[K/opt/ros/foxy/include/tf2_ros/buffer_interface.h:35[m[K,
[11.916s]                  from [01m[K/opt/ros/foxy/include/tf2_geometry_msgs/tf2_geometry_msgs.h:38[m[K,
[11.916s]                  from [01m[K/home/aayush/newest_frenet_planner/src/frenet_planner_ported/src/frenet_planner.cpp:2[m[K:
[11.916s] [01m[K/home/aayush/newest_frenet_planner/src/frenet_planner_ported/src/frenet_planner.cpp:478:14:[m[K [01;31m[Kerror: [m[Kinvalid use of ‘[01m[Kthis[m[K’ in non-member function
[11.916s]   478 |  RCLCPP_INFO([01;31m[Kthis[m[K->get_logger(), calc_path_function_str);
[11.917s]       |              [01;31m[K^~~~[m[K
[11.917s] [01m[K/home/aayush/newest_frenet_planner/src/frenet_planner_ported/src/frenet_planner.cpp:478:14:[m[K [01;31m[Kerror: [m[Kinvalid use of ‘[01m[Kthis[m[K’ in non-member function
[11.917s]   478 |  RCLCPP_INFO([01;31m[Kthis[m[K->get_logger(), calc_path_function_str);
[11.917s]       |              [01;31m[K^~~~[m[K
[11.917s] In file included from [01m[K/home/aayush/newest_frenet_planner/src/frenet_planner_ported/src/frenet_planner.cpp:10[m[K:
[11.918s] [01m[K/home/aayush/newest_frenet_planner/src/frenet_planner_ported/src/../include/frenet_optimal_trajectory.hpp:80:20:[m[K [01;35m[Kwarning: [m[Kstatement has no effect [[01;35m[K-Wunused-value[m[K]
[11.918s]    80 | #define trace(...) [01;35m[K42[m[K
[11.918s]       |                    [01;35m[K^~[m[K
[11.919s] [01m[K/home/aayush/newest_frenet_planner/src/frenet_planner_ported/src/../include/frenet_optimal_trajectory.hpp:80:20:[m[K [01;36m[Knote: [m[Kin definition of macro ‘[01m[Ktrace[m[K’
[11.919s]    80 | #define trace(...) [01;36m[K42[m[K
[11.919s]       |                    [01;36m[K^~[m[K
[11.919s] [01m[K/home/aayush/newest_frenet_planner/src/frenet_planner_ported/src/../include/frenet_optimal_trajectory.hpp:80:20:[m[K [01;35m[Kwarning: [m[Kstatement has no effect [[01;35m[K-Wunused-value[m[K]
[11.920s]    80 | #define trace(...) [01;35m[K42[m[K
[11.920s]       |                    [01;35m[K^~[m[K
[11.920s] [01m[K/home/aayush/newest_frenet_planner/src/frenet_planner_ported/src/../include/frenet_optimal_trajectory.hpp:80:20:[m[K [01;36m[Knote: [m[Kin definition of macro ‘[01m[Ktrace[m[K’
[11.921s]    80 | #define trace(...) [01;36m[K42[m[K
[11.921s]       |                    [01;36m[K^~[m[K
[12.701s] In file included from [01m[K/home/aayush/newest_frenet_planner/src/frenet_planner_ported/src/frenet_ros_obst.cpp:1[m[K:
[12.702s] [01m[K/home/aayush/newest_frenet_planner/src/frenet_planner_ported/src/../include/frenet_class.hpp:129:81:[m[K [01;35m[Kwarning: [m[K‘[01m[Kgeometry_msgs::msg::PolygonStamped_<std::allocator<void> >::ConstPtr[m[K’ is deprecated [[01;35m[K-Wdeprecated-declarations[m[K]
[12.704s]   129 | allback(const geometry_msgs::msg::PolygonStamped::ConstPtr p[01;35m[K)[m[K
[12.704s]       |                                                             [01;35m[K^[m[K
[12.705s] 
[12.705s] In file included from [01m[K/opt/ros/foxy/include/geometry_msgs/msg/polygon_stamped.hpp:7[m[K,
[12.706s]                  from [01m[K/home/aayush/newest_frenet_planner/src/frenet_planner_ported/src/../include/frenet_class.hpp:8[m[K,
[12.706s]                  from [01m[K/home/aayush/newest_frenet_planner/src/frenet_planner_ported/src/frenet_ros_obst.cpp:1[m[K:
[12.706s] [01m[K/opt/ros/foxy/include/geometry_msgs/msg/detail/polygon_stamped__struct.hpp:114:5:[m[K [01;36m[Knote: [m[Kdeclared here
[12.706s]   114 |     [01;36m[KConstPtr[m[K;
[12.707s]       |     [01;36m[K^~~~~~~~[m[K
[12.708s] In file included from [01m[K/home/aayush/newest_frenet_planner/src/frenet_planner_ported/src/frenet_ros_obst.cpp:1[m[K:
[12.708s] [01m[K/home/aayush/newest_frenet_planner/src/frenet_planner_ported/src/../include/frenet_class.hpp:135:67:[m[K [01;35m[Kwarning: [m[K‘[01m[Knav_msgs::msg::Odometry_<std::allocator<void> >::ConstPtr[m[K’ is deprecated [[01;35m[K-Wdeprecated-declarations[m[K]
[12.709s]   135 |     void odom_callback(const nav_msgs::msg::Odometry::ConstPtr msg[01;35m[K)[m[K
[12.709s]       |                                                                   [01;35m[K^[m[K
[12.712s] In file included from [01m[K/opt/ros/foxy/include/nav_msgs/msg/odometry.hpp:7[m[K,
[12.712s]                  from [01m[K/home/aayush/newest_frenet_planner/src/frenet_planner_ported/src/../include/frenet_class.hpp:6[m[K,
[12.713s]                  from [01m[K/home/aayush/newest_frenet_planner/src/frenet_planner_ported/src/frenet_ros_obst.cpp:1[m[K:
[12.713s] [01m[K/opt/ros/foxy/include/nav_msgs/msg/detail/odometry__struct.hpp:145:5:[m[K [01;36m[Knote: [m[Kdeclared here
[12.713s]   145 |     [01;36m[KConstPtr[m[K;
[12.714s]       |     [01;36m[K^~~~~~~~[m[K
[12.715s] In file included from [01m[K/home/aayush/newest_frenet_planner/src/frenet_planner_ported/src/frenet_ros_obst.cpp:1[m[K:
[12.715s] [01m[K/home/aayush/newest_frenet_planner/src/frenet_planner_ported/src/../include/frenet_class.hpp:139:86:[m[K [01;35m[Kwarning: [m[K‘[01m[Knav_msgs::msg::OccupancyGrid_<std::allocator<void> >::ConstPtr[m[K’ is deprecated [[01;35m[K-Wdeprecated-declarations[m[K]
[12.715s]   139 | (const nav_msgs::msg::OccupancyGrid::ConstPtr occupancy_grid[01;35m[K)[m[K
[12.716s]       |                                                             [01;35m[K^[m[K
[12.716s] 
[12.716s] In file included from [01m[K/opt/ros/foxy/include/nav_msgs/msg/occupancy_grid.hpp:7[m[K,
[12.722s]                  from [01m[K/home/aayush/newest_frenet_planner/src/frenet_planner_ported/src/../include/frenet_class.hpp:7[m[K,
[12.722s]                  from [01m[K/home/aayush/newest_frenet_planner/src/frenet_planner_ported/src/frenet_ros_obst.cpp:1[m[K:
[12.723s] [01m[K/opt/ros/foxy/include/nav_msgs/msg/detail/occupancy_grid__struct.hpp:123:5:[m[K [01;36m[Knote: [m[Kdeclared here
[12.723s]   123 |     [01;36m[KConstPtr[m[K;
[12.723s]       |     [01;36m[K^~~~~~~~[m[K
[13.043s] In file included from [01m[K/home/aayush/newest_frenet_planner/src/frenet_planner_ported/src/frenet_ros_obst.cpp:1[m[K:
[13.043s] [01m[K/home/aayush/newest_frenet_planner/src/frenet_planner_ported/src/../include/frenet_class.hpp:[m[K In member function ‘[01m[Kvoid FrenetClass::costmap_callback(nav_msgs::msg::OccupancyGrid_<std::allocator<void> >::ConstPtr)[m[K’:
[13.043s] [01m[K/home/aayush/newest_frenet_planner/src/frenet_planner_ported/src/../include/frenet_class.hpp:169:22:[m[K [01;35m[Kwarning: [m[Kcomparison of integer expressions of different signedness: ‘[01m[Klong int[m[K’ and ‘[01m[Kstd::vector<std::pair<double, double> >::size_type[m[K’ {aka ‘[01m[Klong unsigned int[m[K’} [[01;35m[K-Wsign-compare[m[K]
[13.043s]   169 |   for (long i = 0; [01;35m[Ki < ob1.size()[m[K; i++)
[13.044s]       |                    [01;35m[K~~^~~~~~~~~~~~[m[K
[13.044s] [01m[K/home/aayush/newest_frenet_planner/src/frenet_planner_ported/src/../include/frenet_class.hpp:149:13:[m[K [01;35m[Kwarning: [m[Kunused variable ‘[01m[KstartTime1[m[K’ [[01;35m[K-Wunused-variable[m[K]
[13.044s]   149 |      double [01;35m[KstartTime1[m[K = omp_get_wtime();
[13.045s]       |             [01;35m[K^~~~~~~~~~[m[K
[13.054s] In file included from [01m[K/home/aayush/newest_frenet_planner/src/frenet_planner_ported/src/frenet_ros_obst.cpp:2[m[K:
[13.054s] [01m[K/home/aayush/newest_frenet_planner/src/frenet_planner_ported/src/../include/frenet_optimal_trajectory.hpp:[m[K In function ‘[01m[Kstd::ostream& operator<<(std::ostream&, const FrenetPath&)[m[K’:
[13.055s] [01m[K/home/aayush/newest_frenet_planner/src/frenet_planner_ported/src/../include/frenet_optimal_trajectory.hpp:80:20:[m[K [01;35m[Kwarning: [m[Kstatement has no effect [[01;35m[K-Wunused-value[m[K]
[13.057s]    80 | #define trace(...) [01;35m[K42[m[K
[13.057s]       |                    [01;35m[K^~[m[K
[13.057s] [01m[K/home/aayush/newest_frenet_planner/src/frenet_planner_ported/src/../include/frenet_optimal_trajectory.hpp:80:20:[m[K [01;36m[Knote: [m[Kin definition of macro ‘[01m[Ktrace[m[K’
[13.057s]    80 | #define trace(...) [01;36m[K42[m[K
[13.058s]       |                    [01;36m[K^~[m[K
[13.058s] [01m[K/home/aayush/newest_frenet_planner/src/frenet_planner_ported/src/../include/frenet_optimal_trajectory.hpp:80:20:[m[K [01;35m[Kwarning: [m[Kstatement has no effect [[01;35m[K-Wunused-value[m[K]
[13.058s]    80 | #define trace(...) [01;35m[K42[m[K
[13.058s]       |                    [01;35m[K^~[m[K
[13.058s] [01m[K/home/aayush/newest_frenet_planner/src/frenet_planner_ported/src/../include/frenet_optimal_trajectory.hpp:80:20:[m[K [01;36m[Knote: [m[Kin definition of macro ‘[01m[Ktrace[m[K’
[13.059s]    80 | #define trace(...) [01;36m[K42[m[K
[13.059s]       |                    [01;36m[K^~[m[K
[13.059s] [01m[K/home/aayush/newest_frenet_planner/src/frenet_planner_ported/src/../include/frenet_optimal_trajectory.hpp:80:20:[m[K [01;35m[Kwarning: [m[Kstatement has no effect [[01;35m[K-Wunused-value[m[K]
[13.059s]    80 | #define trace(...) [01;35m[K42[m[K
[13.060s]       |                    [01;35m[K^~[m[K
[13.060s] [01m[K/home/aayush/newest_frenet_planner/src/frenet_planner_ported/src/../include/frenet_optimal_trajectory.hpp:80:20:[m[K [01;36m[Knote: [m[Kin definition of macro ‘[01m[Ktrace[m[K’
[13.060s]    80 | #define trace(...) [01;36m[K42[m[K
[13.060s]       |                    [01;36m[K^~[m[K
[13.060s] [01m[K/home/aayush/newest_frenet_planner/src/frenet_planner_ported/src/../include/frenet_optimal_trajectory.hpp:80:20:[m[K [01;35m[Kwarning: [m[Kstatement has no effect [[01;35m[K-Wunused-value[m[K]
[13.061s]    80 | #define trace(...) [01;35m[K42[m[K
[13.061s]       |                    [01;35m[K^~[m[K
[13.061s] [01m[K/home/aayush/newest_frenet_planner/src/frenet_planner_ported/src/../include/frenet_optimal_trajectory.hpp:80:20:[m[K [01;36m[Knote: [m[Kin definition of macro ‘[01m[Ktrace[m[K’
[13.061s]    80 | #define trace(...) [01;36m[K42[m[K
[13.061s]       |                    [01;36m[K^~[m[K
[13.062s] [01m[K/home/aayush/newest_frenet_planner/src/frenet_planner_ported/src/../include/frenet_optimal_trajectory.hpp:80:20:[m[K [01;35m[Kwarning: [m[Kstatement has no effect [[01;35m[K-Wunused-value[m[K]
[13.062s]    80 | #define trace(...) [01;35m[K42[m[K
[13.062s]       |                    [01;35m[K^~[m[K
[13.062s] [01m[K/home/aayush/newest_frenet_planner/src/frenet_planner_ported/src/../include/frenet_optimal_trajectory.hpp:80:20:[m[K [01;36m[Knote: [m[Kin definition of macro ‘[01m[Ktrace[m[K’
[13.062s]    80 | #define trace(...) [01;36m[K42[m[K
[13.063s]       |                    [01;36m[K^~[m[K
[13.063s] [01m[K/home/aayush/newest_frenet_planner/src/frenet_planner_ported/src/../include/frenet_optimal_trajectory.hpp:80:20:[m[K [01;35m[Kwarning: [m[Kstatement has no effect [[01;35m[K-Wunused-value[m[K]
[13.063s]    80 | #define trace(...) [01;35m[K42[m[K
[13.063s]       |                    [01;35m[K^~[m[K
[13.063s] [01m[K/home/aayush/newest_frenet_planner/src/frenet_planner_ported/src/../include/frenet_optimal_trajectory.hpp:80:20:[m[K [01;36m[Knote: [m[Kin definition of macro ‘[01m[Ktrace[m[K’
[13.064s]    80 | #define trace(...) [01;36m[K42[m[K
[13.078s]       |                    [01;36m[K^~[m[K
[13.080s] [01m[K/home/aayush/newest_frenet_planner/src/frenet_planner_ported/src/../include/frenet_optimal_trajectory.hpp:80:20:[m[K [01;35m[Kwarning: [m[Kstatement has no effect [[01;35m[K-Wunused-value[m[K]
[13.081s]    80 | #define trace(...) [01;35m[K42[m[K
[13.081s]       |                    [01;35m[K^~[m[K
[13.081s] [01m[K/home/aayush/newest_frenet_planner/src/frenet_planner_ported/src/../include/frenet_optimal_trajectory.hpp:80:20:[m[K [01;36m[Knote: [m[Kin definition of macro ‘[01m[Ktrace[m[K’
[13.081s]    80 | #define trace(...) [01;36m[K42[m[K
[13.082s]       |                    [01;36m[K^~[m[K
[13.082s] [01m[K/home/aayush/newest_frenet_planner/src/frenet_planner_ported/src/../include/frenet_optimal_trajectory.hpp:80:20:[m[K [01;35m[Kwarning: [m[Kstatement has no effect [[01;35m[K-Wunused-value[m[K]
[13.082s]    80 | #define trace(...) [01;35m[K42[m[K
[13.084s]       |                    [01;35m[K^~[m[K
[13.084s] [01m[K/home/aayush/newest_frenet_planner/src/frenet_planner_ported/src/../include/frenet_optimal_trajectory.hpp:80:20:[m[K [01;36m[Knote: [m[Kin definition of macro ‘[01m[Ktrace[m[K’
[13.084s]    80 | #define trace(...) [01;36m[K42[m[K
[13.085s]       |                    [01;36m[K^~[m[K
[13.085s] [01m[K/home/aayush/newest_frenet_planner/src/frenet_planner_ported/src/../include/frenet_optimal_trajectory.hpp:80:20:[m[K [01;35m[Kwarning: [m[Kstatement has no effect [[01;35m[K-Wunused-value[m[K]
[13.085s]    80 | #define trace(...) [01;35m[K42[m[K
[13.085s]       |                    [01;35m[K^~[m[K
[13.086s] [01m[K/home/aayush/newest_frenet_planner/src/frenet_planner_ported/src/../include/frenet_optimal_trajectory.hpp:80:20:[m[K [01;36m[Knote: [m[Kin definition of macro ‘[01m[Ktrace[m[K’
[13.086s]    80 | #define trace(...) [01;36m[K42[m[K
[13.086s]       |                    [01;36m[K^~[m[K
[13.086s] [01m[K/home/aayush/newest_frenet_planner/src/frenet_planner_ported/src/../include/frenet_optimal_trajectory.hpp:80:20:[m[K [01;35m[Kwarning: [m[Kstatement has no effect [[01;35m[K-Wunused-value[m[K]
[13.087s]    80 | #define trace(...) [01;35m[K42[m[K
[13.087s]       |                    [01;35m[K^~[m[K
[13.087s] [01m[K/home/aayush/newest_frenet_planner/src/frenet_planner_ported/src/../include/frenet_optimal_trajectory.hpp:80:20:[m[K [01;36m[Knote: [m[Kin definition of macro ‘[01m[Ktrace[m[K’
[13.087s]    80 | #define trace(...) [01;36m[K42[m[K
[13.088s]       |                    [01;36m[K^~[m[K
[13.088s] [01m[K/home/aayush/newest_frenet_planner/src/frenet_planner_ported/src/../include/frenet_optimal_trajectory.hpp:80:20:[m[K [01;35m[Kwarning: [m[Kstatement has no effect [[01;35m[K-Wunused-value[m[K]
[13.088s]    80 | #define trace(...) [01;35m[K42[m[K
[13.089s]       |                    [01;35m[K^~[m[K
[13.089s] [01m[K/home/aayush/newest_frenet_planner/src/frenet_planner_ported/src/../include/frenet_optimal_trajectory.hpp:80:20:[m[K [01;36m[Knote: [m[Kin definition of macro ‘[01m[Ktrace[m[K’
[13.089s]    80 | #define trace(...) [01;36m[K42[m[K
[13.089s]       |                    [01;36m[K^~[m[K
[13.090s] [01m[K/home/aayush/newest_frenet_planner/src/frenet_planner_ported/src/../include/frenet_optimal_trajectory.hpp:80:20:[m[K [01;35m[Kwarning: [m[Kstatement has no effect [[01;35m[K-Wunused-value[m[K]
[13.090s]    80 | #define trace(...) [01;35m[K42[m[K
[13.090s]       |                    [01;35m[K^~[m[K
[13.090s] [01m[K/home/aayush/newest_frenet_planner/src/frenet_planner_ported/src/../include/frenet_optimal_trajectory.hpp:80:20:[m[K [01;36m[Knote: [m[Kin definition of macro ‘[01m[Ktrace[m[K’
[13.091s]    80 | #define trace(...) [01;36m[K42[m[K
[13.091s]       |                    [01;36m[K^~[m[K
[13.091s] [01m[K/home/aayush/newest_frenet_planner/src/frenet_planner_ported/src/../include/frenet_optimal_trajectory.hpp:80:20:[m[K [01;35m[Kwarning: [m[Kstatement has no effect [[01;35m[K-Wunused-value[m[K]
[13.091s]    80 | #define trace(...) [01;35m[K42[m[K
[13.092s]       |                    [01;35m[K^~[m[K
[13.092s] [01m[K/home/aayush/newest_frenet_planner/src/frenet_planner_ported/src/../include/frenet_optimal_trajectory.hpp:80:20:[m[K [01;36m[Knote: [m[Kin definition of macro ‘[01m[Ktrace[m[K’
[13.108s]    80 | #define trace(...) [01;36m[K42[m[K
[13.109s]       |                    [01;36m[K^~[m[K
[13.109s] [01m[K/home/aayush/newest_frenet_planner/src/frenet_planner_ported/src/../include/frenet_optimal_trajectory.hpp:81:59:[m[K [01;35m[Kwarning: [m[Kunused parameter ‘[01m[Kfp[m[K’ [[01;35m[K-Wunused-parameter[m[K]
[13.109s]    81 | inline ostream& operator<<(ostream& os, [01;35m[Kconst FrenetPath& fp[m[K)
[13.109s]       |                                         [01;35m[K~~~~~~~~~~~~~~~~~~^~[m[K
[13.111s] [01m[K/home/aayush/newest_frenet_planner/src/frenet_planner_ported/src/frenet_ros_obst.cpp:[m[K In function ‘[01m[Kdouble get_bot_yaw()[m[K’:
[13.111s] [01m[K/home/aayush/newest_frenet_planner/src/frenet_planner_ported/src/../include/frenet_optimal_trajectory.hpp:80:20:[m[K [01;35m[Kwarning: [m[Kstatement has no effect [[01;35m[K-Wunused-value[m[K]
[13.111s]    80 | #define trace(...) [01;35m[K42[m[K
[13.111s]       |                    [01;35m[K^~[m[K
[13.112s] [01m[K/home/aayush/newest_frenet_planner/src/frenet_planner_ported/src/../include/frenet_optimal_trajectory.hpp:80:20:[m[K [01;36m[Knote: [m[Kin definition of macro ‘[01m[Ktrace[m[K’
[13.112s]    80 | #define trace(...) [01;36m[K42[m[K
[13.112s]       |                    [01;36m[K^~[m[K
[13.112s] [01m[K/home/aayush/newest_frenet_planner/src/frenet_planner_ported/src/frenet_ros_obst.cpp:[m[K In function ‘[01m[Kvoid initial_conditions_path(Spline2D&, double&, double&, double&, double&, double&, double&, FrenetPath&)[m[K’:
[13.113s] [01m[K/home/aayush/newest_frenet_planner/src/frenet_planner_ported/src/frenet_ros_obst.cpp:56:40:[m[K [01;35m[Kwarning: [m[Kunused parameter ‘[01m[Kcsp[m[K’ [[01;35m[K-Wunused-parameter[m[K]
[13.113s]    56 | void initial_conditions_path([01;35m[KSpline2D &csp[m[K, double &s0, double &c_speed, double &c_d, double &c_d_d,
[13.113s]       |                              [01;35m[K~~~~~~~~~~^~~[m[K
[13.113s] In file included from [01m[K/home/aayush/newest_frenet_planner/src/frenet_planner_ported/src/frenet_ros_obst.cpp:2[m[K:
[13.113s] [01m[K/home/aayush/newest_frenet_planner/src/frenet_planner_ported/src/frenet_ros_obst.cpp:[m[K In function ‘[01m[Kint initial_conditions_new(Spline2D&, vecD&, vecD&, vecD&, vecD&, vecD&, double&, double&, double&, double&, double&, double&, FrenetPath&)[m[K’:
[13.114s] [01m[K/home/aayush/newest_frenet_planner/src/frenet_planner_ported/src/../include/frenet_optimal_trajectory.hpp:80:20:[m[K [01;35m[Kwarning: [m[Kstatement has no effect [[01;35m[K-Wunused-value[m[K]
[13.114s]    80 | #define trace(...) [01;35m[K42[m[K
[13.114s]       |                    [01;35m[K^~[m[K
[13.114s] [01m[K/home/aayush/newest_frenet_planner/src/frenet_planner_ported/src/../include/frenet_optimal_trajectory.hpp:80:20:[m[K [01;36m[Knote: [m[Kin definition of macro ‘[01m[Ktrace[m[K’
[13.114s]    80 | #define trace(...) [01;36m[K42[m[K
[13.115s]       |                    [01;36m[K^~[m[K
[13.115s] [01m[K/home/aayush/newest_frenet_planner/src/frenet_planner_ported/src/../include/frenet_optimal_trajectory.hpp:80:20:[m[K [01;35m[Kwarning: [m[Kstatement has no effect [[01;35m[K-Wunused-value[m[K]
[13.115s]    80 | #define trace(...) [01;35m[K42[m[K
[13.115s]       |                    [01;35m[K^~[m[K
[13.115s] [01m[K/home/aayush/newest_frenet_planner/src/frenet_planner_ported/src/../include/frenet_optimal_trajectory.hpp:80:20:[m[K [01;36m[Knote: [m[Kin definition of macro ‘[01m[Ktrace[m[K’
[13.116s]    80 | #define trace(...) [01;36m[K42[m[K
[13.116s]       |                    [01;36m[K^~[m[K
[13.116s] [01m[K/home/aayush/newest_frenet_planner/src/frenet_planner_ported/src/frenet_ros_obst.cpp:72:38:[m[K [01;35m[Kwarning: [m[Kunused parameter ‘[01m[Kcsp[m[K’ [[01;35m[K-Wunused-parameter[m[K]
[13.116s]    72 | int initial_conditions_new([01;35m[KSpline2D &csp[m[K, vecD &global_s, vecD &global_x, vecD &global_y,
[13.116s]       |                            [01;35m[K~~~~~~~~~~^~~[m[K
[13.141s] In file included from [01m[K/home/aayush/newest_frenet_planner/src/frenet_planner_ported/src/frenet_ros_obst.cpp:2[m[K:
[13.141s] [01m[K/home/aayush/newest_frenet_planner/src/frenet_planner_ported/src/frenet_ros_obst.cpp:[m[K In function ‘[01m[Kint main(int, char**)[m[K’:
[13.141s] [01m[K/home/aayush/newest_frenet_planner/src/frenet_planner_ported/src/../include/frenet_optimal_trajectory.hpp:80:20:[m[K [01;35m[Kwarning: [m[Kstatement has no effect [[01;35m[K-Wunused-value[m[K]
[13.142s]    80 | #define trace(...) [01;35m[K42[m[K
[13.142s]       |                    [01;35m[K^~[m[K
[13.142s] [01m[K/home/aayush/newest_frenet_planner/src/frenet_planner_ported/src/../include/frenet_optimal_trajectory.hpp:80:20:[m[K [01;36m[Knote: [m[Kin definition of macro ‘[01m[Ktrace[m[K’
[13.142s]    80 | #define trace(...) [01;36m[K42[m[K
[13.143s]       |                    [01;36m[K^~[m[K
[13.144s] [01m[K/home/aayush/newest_frenet_planner/src/frenet_planner_ported/src/frenet_ros_obst.cpp:221:83:[m[K [01;31m[Kerror: [m[Kuse of deleted function ‘[01m[KFrenetPath::FrenetPath(const FrenetPath&)[m[K’
[13.144s]   221 | l_planning(csp, s0, c_speed, c_d, c_d_d, c_d_dd, lp, bot_yaw[01;31m[K)[m[K;
[13.144s]       |                                                             [01;31m[K^[m[K
[13.144s] 
[13.145s] In file included from [01m[K/home/aayush/newest_frenet_planner/src/frenet_planner_ported/src/frenet_ros_obst.cpp:2[m[K:
[13.145s] [01m[K/home/aayush/newest_frenet_planner/src/frenet_planner_ported/src/../include/frenet_optimal_trajectory.hpp:9:7:[m[K [01;36m[Knote: [m[K‘[01m[KFrenetPath::FrenetPath(const FrenetPath&)[m[K’ is implicitly deleted because the default definition would be ill-formed:
[13.145s]     9 | class [01;36m[KFrenetPath[m[K: public FrenetClass{
[13.146s]       |       [01;36m[K^~~~~~~~~~[m[K
[13.146s] [01m[K/home/aayush/newest_frenet_planner/src/frenet_planner_ported/src/../include/frenet_optimal_trajectory.hpp:9:7:[m[K [01;31m[Kerror: [m[Kuse of deleted function ‘[01m[KFrenetClass::FrenetClass(const FrenetClass&)[m[K’
[13.147s] In file included from [01m[K/home/aayush/newest_frenet_planner/src/frenet_planner_ported/src/frenet_ros_obst.cpp:1[m[K:
[13.147s] [01m[K/home/aayush/newest_frenet_planner/src/frenet_planner_ported/src/../include/frenet_class.hpp:55:7:[m[K [01;36m[Knote: [m[K‘[01m[KFrenetClass::FrenetClass(const FrenetClass&)[m[K’ is implicitly deleted because the default definition would be ill-formed:
[13.148s]    55 | class [01;36m[KFrenetClass[m[K : public rclcpp::Node {
[13.148s]       |       [01;36m[K^~~~~~~~~~~[m[K
[13.148s] [01m[K/home/aayush/newest_frenet_planner/src/frenet_planner_ported/src/../include/frenet_class.hpp:55:7:[m[K [01;31m[Kerror: [m[Kuse of deleted function ‘[01m[Krclcpp::Node::Node(const rclcpp::Node&)[m[K’
[13.149s] In file included from [01m[K/opt/ros/foxy/include/rclcpp/context.hpp:33[m[K,
[13.149s]                  from [01m[K/opt/ros/foxy/include/rclcpp/contexts/default_context.hpp:18[m[K,
[13.150s]                  from [01m[K/opt/ros/foxy/include/rclcpp/executor.hpp:32[m[K,
[13.150s]                  from [01m[K/opt/ros/foxy/include/rclcpp/executors/multi_threaded_executor.hpp:25[m[K,
[13.150s]                  from [01m[K/opt/ros/foxy/include/rclcpp/executors.hpp:21[m[K,
[13.151s]                  from [01m[K/opt/ros/foxy/include/rclcpp/rclcpp.hpp:146[m[K,
[13.151s]                  from [01m[K/home/aayush/newest_frenet_planner/src/frenet_planner_ported/src/../include/frenet_class.hpp:4[m[K,
[13.152s]                  from [01m[K/home/aayush/newest_frenet_planner/src/frenet_planner_ported/src/frenet_ros_obst.cpp:1[m[K:
[13.152s] [01m[K/opt/ros/foxy/include/rclcpp/node.hpp:1195:3:[m[K [01;36m[Knote: [m[Kdeclared here
[13.153s]  1195 |   [01;36m[KRCLCPP_DISABLE_COPY[m[K(Node)
[13.153s]       |   [01;36m[K^~~~~~~~~~~~~~~~~~~[m[K
[13.153s] In file included from [01m[K/home/aayush/newest_frenet_planner/src/frenet_planner_ported/src/frenet_ros_obst.cpp:2[m[K:
[13.154s] [01m[K/home/aayush/newest_frenet_planner/src/frenet_planner_ported/src/../include/frenet_optimal_trajectory.hpp:68:86:[m[K [01;36m[Knote: [m[K  initializing argument 7 of ‘[01m[KFrenetPath frenet_optimal_planning(Spline2D, double, double, double, double, double, FrenetPath, double)[m[K’
[13.160s]    68 | optimal_planning(Spline2D, double, double, double, double, double, [01;36m[KFrenetPath[m[K,
[13.160s]       |                                                                    [01;36m[K^~~~~~~~~~[m[K
[13.160s] 
[13.163s] [01m[K/home/aayush/newest_frenet_planner/src/frenet_planner_ported/src/frenet_ros_obst.cpp:242:8:[m[K [01;31m[Kerror: [m[Kuse of deleted function ‘[01m[KFrenetPath& FrenetPath::operator=(const FrenetPath&)[m[K’
[13.164s]   242 |   lp = [01;31m[Kpath[m[K;
[13.164s]       |        [01;31m[K^~~~[m[K
[13.164s] In file included from [01m[K/home/aayush/newest_frenet_planner/src/frenet_planner_ported/src/frenet_ros_obst.cpp:2[m[K:
[13.165s] [01m[K/home/aayush/newest_frenet_planner/src/frenet_planner_ported/src/../include/frenet_optimal_trajectory.hpp:9:7:[m[K [01;36m[Knote: [m[K‘[01m[KFrenetPath& FrenetPath::operator=(const FrenetPath&)[m[K’ is implicitly deleted because the default definition would be ill-formed:
[13.165s]     9 | class [01;36m[KFrenetPath[m[K: public FrenetClass{
[13.165s]       |       [01;36m[K^~~~~~~~~~[m[K
[13.166s] [01m[K/home/aayush/newest_frenet_planner/src/frenet_planner_ported/src/../include/frenet_optimal_trajectory.hpp:9:7:[m[K [01;31m[Kerror: [m[Kuse of deleted function ‘[01m[KFrenetClass& FrenetClass::operator=(const FrenetClass&)[m[K’
[13.166s] In file included from [01m[K/home/aayush/newest_frenet_planner/src/frenet_planner_ported/src/frenet_ros_obst.cpp:1[m[K:
[13.166s] [01m[K/home/aayush/newest_frenet_planner/src/frenet_planner_ported/src/../include/frenet_class.hpp:55:7:[m[K [01;36m[Knote: [m[K‘[01m[KFrenetClass& FrenetClass::operator=(const FrenetClass&)[m[K’ is implicitly deleted because the default definition would be ill-formed:
[13.167s]    55 | class [01;36m[KFrenetClass[m[K : public rclcpp::Node {
[13.167s]       |       [01;36m[K^~~~~~~~~~~[m[K
[13.168s] [01m[K/home/aayush/newest_frenet_planner/src/frenet_planner_ported/src/../include/frenet_class.hpp:55:7:[m[K [01;31m[Kerror: [m[Kuse of deleted function ‘[01m[Krclcpp::Node& rclcpp::Node::operator=(const rclcpp::Node&)[m[K’
[13.168s] In file included from [01m[K/opt/ros/foxy/include/rclcpp/context.hpp:33[m[K,
[13.169s]                  from [01m[K/opt/ros/foxy/include/rclcpp/contexts/default_context.hpp:18[m[K,
[13.169s]                  from [01m[K/opt/ros/foxy/include/rclcpp/executor.hpp:32[m[K,
[13.169s]                  from [01m[K/opt/ros/foxy/include/rclcpp/executors/multi_threaded_executor.hpp:25[m[K,
[13.169s]                  from [01m[K/opt/ros/foxy/include/rclcpp/executors.hpp:21[m[K,
[13.169s]                  from [01m[K/opt/ros/foxy/include/rclcpp/rclcpp.hpp:146[m[K,
[13.170s]                  from [01m[K/home/aayush/newest_frenet_planner/src/frenet_planner_ported/src/../include/frenet_class.hpp:4[m[K,
[13.170s]                  from [01m[K/home/aayush/newest_frenet_planner/src/frenet_planner_ported/src/frenet_ros_obst.cpp:1[m[K:
[13.170s] [01m[K/opt/ros/foxy/include/rclcpp/node.hpp:1195:3:[m[K [01;36m[Knote: [m[Kdeclared here
[13.170s]  1195 |   [01;36m[KRCLCPP_DISABLE_COPY[m[K(Node)
[13.170s]       |   [01;36m[K^~~~~~~~~~~~~~~~~~~[m[K
[13.237s] [01m[K/home/aayush/newest_frenet_planner/src/frenet_planner_ported/src/frenet_ros_obst.cpp:175:10:[m[K [01;35m[Kwarning: [m[Kunused variable ‘[01m[KstartTime1[m[K’ [[01;35m[K-Wunused-variable[m[K]
[13.237s]   175 |   double [01;35m[KstartTime1[m[K = omp_get_wtime();
[13.237s]       |          [01;35m[K^~~~~~~~~~[m[K
[13.237s] [01m[K/home/aayush/newest_frenet_planner/src/frenet_planner_ported/src/frenet_ros_obst.cpp:194:10:[m[K [01;35m[Kwarning: [m[Kunused variable ‘[01m[KendTime1[m[K’ [[01;35m[K-Wunused-variable[m[K]
[13.238s]   194 |   double [01;35m[KendTime1[m[K = omp_get_wtime();
[13.238s]       |          [01;35m[K^~~~~~~~[m[K
[13.238s] [01m[K/home/aayush/newest_frenet_planner/src/frenet_planner_ported/src/frenet_ros_obst.cpp:273:10:[m[K [01;35m[Kwarning: [m[Kunused variable ‘[01m[KstartTime3[m[K’ [[01;35m[K-Wunused-variable[m[K]
[13.239s]   273 |   double [01;35m[KstartTime3[m[K = omp_get_wtime();
[13.239s]       |          [01;35m[K^~~~~~~~~~[m[K
[13.240s] [01m[K/home/aayush/newest_frenet_planner/src/frenet_planner_ported/src/frenet_ros_obst.cpp:276:10:[m[K [01;35m[Kwarning: [m[Kunused variable ‘[01m[KendTime3[m[K’ [[01;35m[K-Wunused-variable[m[K]
[13.240s]   276 |   double [01;35m[KendTime3[m[K = omp_get_wtime();
[13.240s]       |          [01;35m[K^~~~~~~~[m[K
[13.241s] [01m[K/home/aayush/newest_frenet_planner/src/frenet_planner_ported/src/frenet_ros_obst.cpp:131:7:[m[K [01;35m[Kwarning: [m[Kunused variable ‘[01m[KgotOdom[m[K’ [[01;35m[K-Wunused-variable[m[K]
[13.241s]   131 |  bool [01;35m[KgotOdom[m[K = false;
[13.241s]       |       [01;35m[K^~~~~~~[m[K
[13.241s] [01m[K/home/aayush/newest_frenet_planner/src/frenet_planner_ported/src/frenet_ros_obst.cpp:165:9:[m[K [01;35m[Kwarning: [m[Kunused variable ‘[01m[Kpltbasetime[m[K’ [[01;35m[K-Wunused-variable[m[K]
[13.242s]   165 |  double [01;35m[Kpltbasetime[m[K = omp_get_wtime();
[13.242s]       |         [01;35m[K^~~~~~~~~~~[m[K
[13.242s] [01m[K/home/aayush/newest_frenet_planner/src/frenet_planner_ported/src/frenet_ros_obst.cpp:167:6:[m[K [01;35m[Kwarning: [m[Kunused variable ‘[01m[Kiteration_count[m[K’ [[01;35m[K-Wunused-variable[m[K]
[13.242s]   167 |  int [01;35m[Kiteration_count[m[K = 1;
[13.242s]       |      [01;35m[K^~~~~~~~~~~~~~~[m[K
[14.901s] make[2]: *** [CMakeFiles/frenet_ros_obst.dir/build.make:76: CMakeFiles/frenet_ros_obst.dir/src/frenet_planner.cpp.o] Error 1
[14.901s] make[2]: *** Waiting for unfinished jobs....
[23.596s] make[2]: *** [CMakeFiles/frenet_ros_obst.dir/build.make:63: CMakeFiles/frenet_ros_obst.dir/src/frenet_ros_obst.cpp.o] Error 1
[23.596s] make[1]: *** [CMakeFiles/Makefile2:78: CMakeFiles/frenet_ros_obst.dir/all] Error 2
[23.597s] make: *** [Makefile:141: all] Error 2
[23.602s] Invoked command in '/home/aayush/newest_frenet_planner/build/frenet_planner_ported' returned '2': CMAKE_PREFIX_PATH=${CMAKE_PREFIX_PATH}:/home/aayush/newest_frenet_planner/install/dummy:/opt/ros/foxy /usr/bin/cmake --build /home/aayush/newest_frenet_planner/build/frenet_planner_ported -- -j2 -l2
