[2.147s] DEBUG:colcon:Command line arguments: ['/home/aayush/.local/bin/colcon', 'build', '--packages-select', 'dummy', 'frenet_planner_ported']
[2.147s] DEBUG:colcon:Parsed command line arguments: Namespace(ament_cmake_args=None, base_paths=['.'], build_base='build', catkin_cmake_args=None, catkin_skip_building_tests=False, cmake_args=None, cmake_clean_cache=False, cmake_clean_first=False, cmake_force_configure=False, cmake_target=None, cmake_target_skip_unavailable=False, continue_on_error=False, event_handlers=None, executor='parallel', ignore_user_meta=False, install_base='install', log_base=None, log_level=None, main=<bound method BuildVerb.main of <colcon_core.verb.build.BuildVerb object at 0x7f31bc7b16a0>>, merge_install=False, metas=['./colcon.meta'], packages_above=None, packages_above_and_dependencies=None, packages_above_depth=None, packages_end=None, packages_ignore=None, packages_ignore_regex=None, packages_select=['dummy', 'frenet_planner_ported'], packages_select_build_failed=False, packages_select_by_dep=None, packages_select_regex=None, packages_select_test_failures=False, packages_skip=None, packages_skip_build_finished=False, packages_skip_by_dep=None, packages_skip_regex=None, packages_skip_test_passed=False, packages_skip_up_to=None, packages_start=None, packages_up_to=None, packages_up_to_regex=None, parallel_workers=2, paths=None, symlink_install=False, test_result_base=None, verb_extension=<colcon_core.verb.build.BuildVerb object at 0x7f31bc7b16a0>, verb_name='build', verb_parser=<colcon_defaults.argument_parser.defaults.DefaultArgumentsDecorator object at 0x7f31bc7b1be0>)
[2.209s] Level 1:colcon.colcon_core.package_discovery:discover_packages(colcon_meta) check parameters
[2.209s] Level 1:colcon.colcon_core.package_discovery:discover_packages(recursive) check parameters
[2.209s] Level 1:colcon.colcon_core.package_discovery:discover_packages(ignore) check parameters
[2.210s] Level 1:colcon.colcon_core.package_discovery:discover_packages(path) check parameters
[2.210s] Level 1:colcon.colcon_core.package_discovery:discover_packages(colcon_meta) discover
[2.210s] Level 1:colcon.colcon_core.package_discovery:discover_packages(recursive) discover
[2.210s] INFO:colcon.colcon_core.package_discovery:Crawling recursively for packages in '/home/aayush/newest_frenet_planner'
[2.210s] Level 1:colcon.colcon_core.package_identification:_identify(.) by extensions ['ignore', 'ignore_ament_install']
[2.210s] Level 1:colcon.colcon_core.package_identification:_identify(.) by extension 'ignore'
[2.210s] Level 1:colcon.colcon_core.package_identification:_identify(.) by extension 'ignore_ament_install'
[2.211s] Level 1:colcon.colcon_core.package_identification:_identify(.) by extensions ['colcon_pkg']
[2.211s] Level 1:colcon.colcon_core.package_identification:_identify(.) by extension 'colcon_pkg'
[2.211s] Level 1:colcon.colcon_core.package_identification:_identify(.) by extensions ['colcon_meta']
[2.211s] Level 1:colcon.colcon_core.package_identification:_identify(.) by extension 'colcon_meta'
[2.211s] Level 1:colcon.colcon_core.package_identification:_identify(.) by extensions ['ros']
[2.211s] Level 1:colcon.colcon_core.package_identification:_identify(.) by extension 'ros'
[2.259s] Level 1:colcon.colcon_core.package_identification:_identify(.) by extensions ['cmake', 'python']
[2.260s] Level 1:colcon.colcon_core.package_identification:_identify(.) by extension 'cmake'
[2.260s] Level 1:colcon.colcon_core.package_identification:_identify(.) by extension 'python'
[2.260s] Level 1:colcon.colcon_core.package_identification:_identify(.) by extensions ['python_setup_py']
[2.260s] Level 1:colcon.colcon_core.package_identification:_identify(.) by extension 'python_setup_py'
[2.260s] Level 1:colcon.colcon_core.package_identification:_identify(build) by extensions ['ignore', 'ignore_ament_install']
[2.260s] Level 1:colcon.colcon_core.package_identification:_identify(build) by extension 'ignore'
[2.260s] Level 1:colcon.colcon_core.package_identification:_identify(build) ignored
[2.261s] Level 1:colcon.colcon_core.package_identification:_identify(install) by extensions ['ignore', 'ignore_ament_install']
[2.261s] Level 1:colcon.colcon_core.package_identification:_identify(install) by extension 'ignore'
[2.261s] Level 1:colcon.colcon_core.package_identification:_identify(install) ignored
[2.261s] Level 1:colcon.colcon_core.package_identification:_identify(log) by extensions ['ignore', 'ignore_ament_install']
[2.262s] Level 1:colcon.colcon_core.package_identification:_identify(log) by extension 'ignore'
[2.262s] Level 1:colcon.colcon_core.package_identification:_identify(log) ignored
[2.262s] Level 1:colcon.colcon_core.package_identification:_identify(src) by extensions ['ignore', 'ignore_ament_install']
[2.262s] Level 1:colcon.colcon_core.package_identification:_identify(src) by extension 'ignore'
[2.262s] Level 1:colcon.colcon_core.package_identification:_identify(src) by extension 'ignore_ament_install'
[2.262s] Level 1:colcon.colcon_core.package_identification:_identify(src) by extensions ['colcon_pkg']
[2.262s] Level 1:colcon.colcon_core.package_identification:_identify(src) by extension 'colcon_pkg'
[2.263s] Level 1:colcon.colcon_core.package_identification:_identify(src) by extensions ['colcon_meta']
[2.263s] Level 1:colcon.colcon_core.package_identification:_identify(src) by extension 'colcon_meta'
[2.263s] Level 1:colcon.colcon_core.package_identification:_identify(src) by extensions ['ros']
[2.263s] Level 1:colcon.colcon_core.package_identification:_identify(src) by extension 'ros'
[2.263s] Level 1:colcon.colcon_core.package_identification:_identify(src) by extensions ['cmake', 'python']
[2.263s] Level 1:colcon.colcon_core.package_identification:_identify(src) by extension 'cmake'
[2.263s] Level 1:colcon.colcon_core.package_identification:_identify(src) by extension 'python'
[2.263s] Level 1:colcon.colcon_core.package_identification:_identify(src) by extensions ['python_setup_py']
[2.263s] Level 1:colcon.colcon_core.package_identification:_identify(src) by extension 'python_setup_py'
[2.264s] Level 1:colcon.colcon_core.package_identification:_identify(src/dummy) by extensions ['ignore', 'ignore_ament_install']
[2.264s] Level 1:colcon.colcon_core.package_identification:_identify(src/dummy) by extension 'ignore'
[2.264s] Level 1:colcon.colcon_core.package_identification:_identify(src/dummy) by extension 'ignore_ament_install'
[2.264s] Level 1:colcon.colcon_core.package_identification:_identify(src/dummy) by extensions ['colcon_pkg']
[2.264s] Level 1:colcon.colcon_core.package_identification:_identify(src/dummy) by extension 'colcon_pkg'
[2.264s] Level 1:colcon.colcon_core.package_identification:_identify(src/dummy) by extensions ['colcon_meta']
[2.264s] Level 1:colcon.colcon_core.package_identification:_identify(src/dummy) by extension 'colcon_meta'
[2.264s] Level 1:colcon.colcon_core.package_identification:_identify(src/dummy) by extensions ['ros']
[2.264s] Level 1:colcon.colcon_core.package_identification:_identify(src/dummy) by extension 'ros'
[2.275s] DEBUG:colcon.colcon_core.package_identification:Package 'src/dummy' with type 'ros.ament_python' and name 'dummy'
[2.275s] Level 1:colcon.colcon_core.package_identification:_identify(src/frenet_planner) by extensions ['ignore', 'ignore_ament_install']
[2.275s] Level 1:colcon.colcon_core.package_identification:_identify(src/frenet_planner) by extension 'ignore'
[2.275s] Level 1:colcon.colcon_core.package_identification:_identify(src/frenet_planner) by extension 'ignore_ament_install'
[2.276s] Level 1:colcon.colcon_core.package_identification:_identify(src/frenet_planner) by extensions ['colcon_pkg']
[2.276s] Level 1:colcon.colcon_core.package_identification:_identify(src/frenet_planner) by extension 'colcon_pkg'
[2.276s] Level 1:colcon.colcon_core.package_identification:_identify(src/frenet_planner) by extensions ['colcon_meta']
[2.276s] Level 1:colcon.colcon_core.package_identification:_identify(src/frenet_planner) by extension 'colcon_meta'
[2.276s] Level 1:colcon.colcon_core.package_identification:_identify(src/frenet_planner) by extensions ['ros']
[2.276s] Level 1:colcon.colcon_core.package_identification:_identify(src/frenet_planner) by extension 'ros'
[2.279s] DEBUG:colcon.colcon_core.package_identification:Package 'src/frenet_planner' with type 'ros.ament_cmake' and name 'frenet_planner'
[2.279s] Level 1:colcon.colcon_core.package_identification:_identify(src/frenet_planner_ported) by extensions ['ignore', 'ignore_ament_install']
[2.280s] Level 1:colcon.colcon_core.package_identification:_identify(src/frenet_planner_ported) by extension 'ignore'
[2.280s] Level 1:colcon.colcon_core.package_identification:_identify(src/frenet_planner_ported) by extension 'ignore_ament_install'
[2.280s] Level 1:colcon.colcon_core.package_identification:_identify(src/frenet_planner_ported) by extensions ['colcon_pkg']
[2.280s] Level 1:colcon.colcon_core.package_identification:_identify(src/frenet_planner_ported) by extension 'colcon_pkg'
[2.280s] Level 1:colcon.colcon_core.package_identification:_identify(src/frenet_planner_ported) by extensions ['colcon_meta']
[2.280s] Level 1:colcon.colcon_core.package_identification:_identify(src/frenet_planner_ported) by extension 'colcon_meta'
[2.280s] Level 1:colcon.colcon_core.package_identification:_identify(src/frenet_planner_ported) by extensions ['ros']
[2.280s] Level 1:colcon.colcon_core.package_identification:_identify(src/frenet_planner_ported) by extension 'ros'
[2.284s] DEBUG:colcon.colcon_core.package_identification:Package 'src/frenet_planner_ported' with type 'ros.ament_cmake' and name 'frenet_planner_ported'
[2.284s] Level 1:colcon.colcon_core.package_discovery:discover_packages(recursive) using defaults
[2.284s] Level 1:colcon.colcon_core.package_discovery:discover_packages(ignore) discover
[2.284s] Level 1:colcon.colcon_core.package_discovery:discover_packages(ignore) using defaults
[2.284s] Level 1:colcon.colcon_core.package_discovery:discover_packages(path) discover
[2.284s] Level 1:colcon.colcon_core.package_discovery:discover_packages(path) using defaults
[2.406s] INFO:colcon.colcon_core.package_selection:Skipping not selected package 'frenet_planner' in 'src/frenet_planner'
[2.428s] Level 5:colcon.colcon_core.verb:set package 'dummy' build argument 'cmake_args' from command line to 'None'
[2.428s] Level 5:colcon.colcon_core.verb:set package 'dummy' build argument 'cmake_target' from command line to 'None'
[2.428s] Level 5:colcon.colcon_core.verb:set package 'dummy' build argument 'cmake_target_skip_unavailable' from command line to 'False'
[2.428s] Level 5:colcon.colcon_core.verb:set package 'dummy' build argument 'cmake_clean_cache' from command line to 'False'
[2.428s] Level 5:colcon.colcon_core.verb:set package 'dummy' build argument 'cmake_clean_first' from command line to 'False'
[2.428s] Level 5:colcon.colcon_core.verb:set package 'dummy' build argument 'cmake_force_configure' from command line to 'False'
[2.428s] Level 5:colcon.colcon_core.verb:set package 'dummy' build argument 'ament_cmake_args' from command line to 'None'
[2.429s] Level 5:colcon.colcon_core.verb:set package 'dummy' build argument 'catkin_cmake_args' from command line to 'None'
[2.429s] Level 5:colcon.colcon_core.verb:set package 'dummy' build argument 'catkin_skip_building_tests' from command line to 'False'
[2.429s] DEBUG:colcon.colcon_core.verb:Building package 'dummy' with the following arguments: {'ament_cmake_args': None, 'build_base': '/home/aayush/newest_frenet_planner/build/dummy', 'catkin_cmake_args': None, 'catkin_skip_building_tests': False, 'cmake_args': None, 'cmake_clean_cache': False, 'cmake_clean_first': False, 'cmake_force_configure': False, 'cmake_target': None, 'cmake_target_skip_unavailable': False, 'install_base': '/home/aayush/newest_frenet_planner/install/dummy', 'merge_install': False, 'path': '/home/aayush/newest_frenet_planner/src/dummy', 'symlink_install': False, 'test_result_base': None}
[2.451s] Level 5:colcon.colcon_core.verb:set package 'frenet_planner_ported' build argument 'cmake_args' from command line to 'None'
[2.451s] Level 5:colcon.colcon_core.verb:set package 'frenet_planner_ported' build argument 'cmake_target' from command line to 'None'
[2.451s] Level 5:colcon.colcon_core.verb:set package 'frenet_planner_ported' build argument 'cmake_target_skip_unavailable' from command line to 'False'
[2.451s] Level 5:colcon.colcon_core.verb:set package 'frenet_planner_ported' build argument 'cmake_clean_cache' from command line to 'False'
[2.451s] Level 5:colcon.colcon_core.verb:set package 'frenet_planner_ported' build argument 'cmake_clean_first' from command line to 'False'
[2.451s] Level 5:colcon.colcon_core.verb:set package 'frenet_planner_ported' build argument 'cmake_force_configure' from command line to 'False'
[2.451s] Level 5:colcon.colcon_core.verb:set package 'frenet_planner_ported' build argument 'ament_cmake_args' from command line to 'None'
[2.451s] Level 5:colcon.colcon_core.verb:set package 'frenet_planner_ported' build argument 'catkin_cmake_args' from command line to 'None'
[2.451s] Level 5:colcon.colcon_core.verb:set package 'frenet_planner_ported' build argument 'catkin_skip_building_tests' from command line to 'False'
[2.451s] DEBUG:colcon.colcon_core.verb:Building package 'frenet_planner_ported' with the following arguments: {'ament_cmake_args': None, 'build_base': '/home/aayush/newest_frenet_planner/build/frenet_planner_ported', 'catkin_cmake_args': None, 'catkin_skip_building_tests': False, 'cmake_args': None, 'cmake_clean_cache': False, 'cmake_clean_first': False, 'cmake_force_configure': False, 'cmake_target': None, 'cmake_target_skip_unavailable': False, 'install_base': '/home/aayush/newest_frenet_planner/install/frenet_planner_ported', 'merge_install': False, 'path': '/home/aayush/newest_frenet_planner/src/frenet_planner_ported', 'symlink_install': False, 'test_result_base': None}
[2.457s] INFO:colcon.colcon_core.executor:Executing jobs using 'parallel' executor
[2.492s] DEBUG:colcon.colcon_parallel_executor.executor.parallel:run_until_complete
[2.492s] INFO:colcon.colcon_ros.task.ament_python.build:Building ROS package in '/home/aayush/newest_frenet_planner/src/dummy' with build type 'ament_python'
[2.493s] Level 1:colcon.colcon_core.shell:create_environment_hook('dummy', 'ament_prefix_path')
[2.525s] INFO:colcon.colcon_core.plugin_system:Skipping extension 'colcon_core.shell.bat': Not used on non-Windows systems
[2.526s] INFO:colcon.colcon_core.shell:Creating environment hook '/home/aayush/newest_frenet_planner/install/dummy/share/dummy/hook/ament_prefix_path.ps1'
[2.527s] INFO:colcon.colcon_core.shell:Creating environment descriptor '/home/aayush/newest_frenet_planner/install/dummy/share/dummy/hook/ament_prefix_path.dsv'
[2.528s] INFO:colcon.colcon_core.shell:Creating environment hook '/home/aayush/newest_frenet_planner/install/dummy/share/dummy/hook/ament_prefix_path.sh'
[2.549s] INFO:colcon.colcon_core.shell:Skip shell extension 'powershell' for command environment: Not usable outside of PowerShell
[2.549s] DEBUG:colcon.colcon_core.shell:Skip shell extension 'dsv' for command environment
[2.573s] DEBUG:colcon.colcon_core.shell:Ignoring prefix path '/opt/ros/foxy'
[2.580s] INFO:colcon.colcon_ros.task.ament_cmake.build:Building ROS package in '/home/aayush/newest_frenet_planner/src/frenet_planner_ported' with build type 'ament_cmake'
[2.581s] INFO:colcon.colcon_cmake.task.cmake.build:Building CMake package in '/home/aayush/newest_frenet_planner/src/frenet_planner_ported'
[2.599s] INFO:colcon.colcon_core.shell:Skip shell extension 'powershell' for command environment: Not usable outside of PowerShell
[2.600s] DEBUG:colcon.colcon_core.shell:Skip shell extension 'dsv' for command environment
[2.617s] DEBUG:colcon.colcon_core.shell:Ignoring prefix path '/opt/ros/foxy'
[3.418s] INFO:colcon.colcon_core.task.python.build:Building Python package in '/home/aayush/newest_frenet_planner/src/dummy'
[3.436s] INFO:colcon.colcon_core.shell:Skip shell extension 'powershell' for command environment: Not usable outside of PowerShell
[3.436s] DEBUG:colcon.colcon_core.shell:Skip shell extension 'dsv' for command environment
[3.452s] DEBUG:colcon.colcon_core.shell:Ignoring prefix path '/opt/ros/foxy'
[3.468s] DEBUG:colcon.colcon_core.event_handler.log_command:Invoking command in '/home/aayush/newest_frenet_planner/build/frenet_planner_ported': CMAKE_PREFIX_PATH=${CMAKE_PREFIX_PATH}:/home/aayush/newest_frenet_planner/install/dummy:/opt/ros/foxy /usr/bin/cmake --build /home/aayush/newest_frenet_planner/build/frenet_planner_ported -- -j2 -l2
[3.486s] DEBUG:colcon.colcon_core.event_handler.log_command:Invoking command in '/home/aayush/newest_frenet_planner/src/dummy': PYTHONPATH=/home/aayush/newest_frenet_planner/install/dummy/lib/python3.8/site-packages:${PYTHONPATH} /usr/bin/python3 setup.py egg_info --egg-base ../../build/dummy build --build-base /home/aayush/newest_frenet_planner/build/dummy/build install --prefix /home/aayush/newest_frenet_planner/install/dummy --record /home/aayush/newest_frenet_planner/build/dummy/install.log --single-version-externally-managed
[5.267s] DEBUG:colcon.colcon_core.event_handler.log_command:Invoked command in '/home/aayush/newest_frenet_planner/src/dummy' returned '0': PYTHONPATH=/home/aayush/newest_frenet_planner/install/dummy/lib/python3.8/site-packages:${PYTHONPATH} /usr/bin/python3 setup.py egg_info --egg-base ../../build/dummy build --build-base /home/aayush/newest_frenet_planner/build/dummy/build install --prefix /home/aayush/newest_frenet_planner/install/dummy --record /home/aayush/newest_frenet_planner/build/dummy/install.log --single-version-externally-managed
[5.319s] Level 1:colcon.colcon_core.environment:checking '/home/aayush/newest_frenet_planner/install/dummy' for CMake module files
[5.321s] Level 1:colcon.colcon_core.environment:checking '/home/aayush/newest_frenet_planner/install/dummy' for CMake config files
[5.324s] Level 1:colcon.colcon_core.environment:checking '/home/aayush/newest_frenet_planner/install/dummy/lib'
[5.331s] Level 1:colcon.colcon_core.environment:checking '/home/aayush/newest_frenet_planner/install/dummy/bin'
[5.332s] Level 1:colcon.colcon_core.environment:checking '/home/aayush/newest_frenet_planner/install/dummy/lib/pkgconfig/dummy.pc'
[5.332s] Level 1:colcon.colcon_core.environment:checking '/home/aayush/newest_frenet_planner/install/dummy/lib/python3.8/site-packages'
[5.332s] Level 1:colcon.colcon_core.shell:create_environment_hook('dummy', 'pythonpath')
[5.372s] INFO:colcon.colcon_core.shell:Creating environment hook '/home/aayush/newest_frenet_planner/install/dummy/share/dummy/hook/pythonpath.ps1'
[5.373s] INFO:colcon.colcon_core.shell:Creating environment descriptor '/home/aayush/newest_frenet_planner/install/dummy/share/dummy/hook/pythonpath.dsv'
[5.373s] INFO:colcon.colcon_core.shell:Creating environment hook '/home/aayush/newest_frenet_planner/install/dummy/share/dummy/hook/pythonpath.sh'
[5.383s] Level 1:colcon.colcon_core.environment:create_environment_scripts_only(dummy)
[5.412s] INFO:colcon.colcon_core.shell:Creating package script '/home/aayush/newest_frenet_planner/install/dummy/share/dummy/package.ps1'
[5.423s] INFO:colcon.colcon_core.shell:Creating package descriptor '/home/aayush/newest_frenet_planner/install/dummy/share/dummy/package.dsv'
[5.425s] INFO:colcon.colcon_core.shell:Creating package script '/home/aayush/newest_frenet_planner/install/dummy/share/dummy/package.sh'
[5.428s] INFO:colcon.colcon_core.shell:Creating package script '/home/aayush/newest_frenet_planner/install/dummy/share/dummy/package.bash'
[5.438s] INFO:colcon.colcon_core.shell:Creating package script '/home/aayush/newest_frenet_planner/install/dummy/share/dummy/package.zsh'
[5.440s] Level 1:colcon.colcon_core.environment:create_file_with_runtime_dependencies(/home/aayush/newest_frenet_planner/install/dummy/share/colcon-core/packages/dummy)
[23.943s] DEBUG:colcon.colcon_core.event_handler.log_command:Invoked command in '/home/aayush/newest_frenet_planner/build/frenet_planner_ported' returned '2': CMAKE_PREFIX_PATH=${CMAKE_PREFIX_PATH}:/home/aayush/newest_frenet_planner/install/dummy:/opt/ros/foxy /usr/bin/cmake --build /home/aayush/newest_frenet_planner/build/frenet_planner_ported -- -j2 -l2
[24.037s] Level 1:colcon.colcon_core.environment:create_environment_scripts_only(frenet_planner_ported)
[24.054s] Level 1:colcon.colcon_core.environment:checking '/home/aayush/newest_frenet_planner/install/frenet_planner_ported' for CMake module files
[24.055s] Level 1:colcon.colcon_core.environment:checking '/home/aayush/newest_frenet_planner/install/frenet_planner_ported' for CMake config files
[24.056s] Level 1:colcon.colcon_core.shell:create_environment_hook('frenet_planner_ported', 'cmake_prefix_path')
[24.071s] INFO:colcon.colcon_core.shell:Creating environment hook '/home/aayush/newest_frenet_planner/install/frenet_planner_ported/share/frenet_planner_ported/hook/cmake_prefix_path.ps1'
[24.072s] INFO:colcon.colcon_core.shell:Creating environment descriptor '/home/aayush/newest_frenet_planner/install/frenet_planner_ported/share/frenet_planner_ported/hook/cmake_prefix_path.dsv'
[24.073s] INFO:colcon.colcon_core.shell:Creating environment hook '/home/aayush/newest_frenet_planner/install/frenet_planner_ported/share/frenet_planner_ported/hook/cmake_prefix_path.sh'
[24.075s] Level 1:colcon.colcon_core.environment:checking '/home/aayush/newest_frenet_planner/install/frenet_planner_ported/lib'
[24.075s] Level 1:colcon.colcon_core.environment:checking '/home/aayush/newest_frenet_planner/install/frenet_planner_ported/bin'
[24.075s] Level 1:colcon.colcon_core.environment:checking '/home/aayush/newest_frenet_planner/install/frenet_planner_ported/lib/pkgconfig/frenet_planner_ported.pc'
[24.075s] Level 1:colcon.colcon_core.environment:checking '/home/aayush/newest_frenet_planner/install/frenet_planner_ported/lib/python3.8/site-packages'
[24.092s] INFO:colcon.colcon_core.shell:Creating package script '/home/aayush/newest_frenet_planner/install/frenet_planner_ported/share/frenet_planner_ported/package.ps1'
[24.094s] INFO:colcon.colcon_core.shell:Creating package descriptor '/home/aayush/newest_frenet_planner/install/frenet_planner_ported/share/frenet_planner_ported/package.dsv'
[24.095s] INFO:colcon.colcon_core.shell:Creating package script '/home/aayush/newest_frenet_planner/install/frenet_planner_ported/share/frenet_planner_ported/package.sh'
[24.096s] INFO:colcon.colcon_core.shell:Creating package script '/home/aayush/newest_frenet_planner/install/frenet_planner_ported/share/frenet_planner_ported/package.bash'
[24.098s] INFO:colcon.colcon_core.shell:Creating package script '/home/aayush/newest_frenet_planner/install/frenet_planner_ported/share/frenet_planner_ported/package.zsh'
[24.099s] Level 1:colcon.colcon_core.environment:create_file_with_runtime_dependencies(/home/aayush/newest_frenet_planner/install/frenet_planner_ported/share/colcon-core/packages/frenet_planner_ported)
[24.110s] DEBUG:colcon.colcon_parallel_executor.executor.parallel:closing loop
[24.111s] DEBUG:colcon.colcon_parallel_executor.executor.parallel:loop closed
[24.111s] DEBUG:colcon.colcon_parallel_executor.executor.parallel:run_until_complete finished with '2'
[24.111s] DEBUG:colcon.colcon_core.event_reactor:joining thread
[24.195s] INFO:colcon.colcon_core.plugin_system:Skipping extension 'colcon_notification.desktop_notification.terminal_notifier': Not used on non-Darwin systems
[24.195s] INFO:colcon.colcon_core.plugin_system:Skipping extension 'colcon_notification.desktop_notification.win32': Not used on non-Windows systems
[24.195s] INFO:colcon.colcon_notification.desktop_notification:Sending desktop notification using 'notify2'
[24.241s] DEBUG:colcon.colcon_core.event_reactor:joined thread
[24.267s] INFO:colcon.colcon_core.shell:Creating prefix script '/home/aayush/newest_frenet_planner/install/local_setup.ps1'
[24.269s] INFO:colcon.colcon_core.shell:Creating prefix util module '/home/aayush/newest_frenet_planner/install/_local_setup_util_ps1.py'
[24.276s] INFO:colcon.colcon_core.shell:Creating prefix chain script '/home/aayush/newest_frenet_planner/install/setup.ps1'
[24.295s] INFO:colcon.colcon_core.shell:Creating prefix script '/home/aayush/newest_frenet_planner/install/local_setup.sh'
[24.297s] INFO:colcon.colcon_core.shell:Creating prefix util module '/home/aayush/newest_frenet_planner/install/_local_setup_util_sh.py'
[24.299s] INFO:colcon.colcon_core.shell:Creating prefix chain script '/home/aayush/newest_frenet_planner/install/setup.sh'
[24.316s] INFO:colcon.colcon_core.shell:Creating prefix script '/home/aayush/newest_frenet_planner/install/local_setup.bash'
[24.317s] INFO:colcon.colcon_core.shell:Creating prefix chain script '/home/aayush/newest_frenet_planner/install/setup.bash'
[24.333s] INFO:colcon.colcon_core.shell:Creating prefix script '/home/aayush/newest_frenet_planner/install/local_setup.zsh'
[24.334s] INFO:colcon.colcon_core.shell:Creating prefix chain script '/home/aayush/newest_frenet_planner/install/setup.zsh'
