[100%] Built target frenet_ros_obst
-- Install configuration: ""
-- Up-to-date: /home/aayush/newest_frenet_planner/install/frenet_planner/lib/frenet_planner/frenet_ros_obst
-- Up-to-date: /home/aayush/newest_frenet_planner/install/frenet_planner/share/frenet_planner/launch
-- Up-to-date: /home/aayush/newest_frenet_planner/install/frenet_planner/share/frenet_planner/launch/frenet_planner_launch.py
-- Up-to-date: /home/aayush/newest_frenet_planner/install/frenet_planner/share/frenet_planner/config
-- Up-to-date: /home/aayush/newest_frenet_planner/install/frenet_planner/share/frenet_planner/config/frenet_planner.yaml
-- Up-to-date: /home/aayush/newest_frenet_planner/install/frenet_planner/share/ament_index/resource_index/package_run_dependencies/frenet_planner
-- Up-to-date: /home/aayush/newest_frenet_planner/install/frenet_planner/share/ament_index/resource_index/parent_prefix_path/frenet_planner
-- Up-to-date: /home/aayush/newest_frenet_planner/install/frenet_planner/share/frenet_planner/environment/ament_prefix_path.sh
-- Up-to-date: /home/aayush/newest_frenet_planner/install/frenet_planner/share/frenet_planner/environment/ament_prefix_path.dsv
-- Up-to-date: /home/aayush/newest_frenet_planner/install/frenet_planner/share/frenet_planner/environment/path.sh
-- Up-to-date: /home/aayush/newest_frenet_planner/install/frenet_planner/share/frenet_planner/environment/path.dsv
-- Up-to-date: /home/aayush/newest_frenet_planner/install/frenet_planner/share/frenet_planner/local_setup.bash
-- Up-to-date: /home/aayush/newest_frenet_planner/install/frenet_planner/share/frenet_planner/local_setup.sh
-- Up-to-date: /home/aayush/newest_frenet_planner/install/frenet_planner/share/frenet_planner/local_setup.zsh
-- Up-to-date: /home/aayush/newest_frenet_planner/install/frenet_planner/share/frenet_planner/local_setup.dsv
-- Installing: /home/aayush/newest_frenet_planner/install/frenet_planner/share/frenet_planner/package.dsv
-- Up-to-date: /home/aayush/newest_frenet_planner/install/frenet_planner/share/ament_index/resource_index/packages/frenet_planner
-- Up-to-date: /home/aayush/newest_frenet_planner/install/frenet_planner/share/frenet_planner/cmake/frenet_plannerConfig.cmake
-- Up-to-date: /home/aayush/newest_frenet_planner/install/frenet_planner/share/frenet_planner/cmake/frenet_plannerConfig-version.cmake
-- Up-to-date: /home/aayush/newest_frenet_planner/install/frenet_planner/share/frenet_planner/package.xml
