[0.868s] Invoking command in '/home/aayush/newest_frenet_planner/build/frenet_planner_ported': CMAKE_PREFIX_PATH=${CMAKE_PREFIX_PATH}:/home/aayush/newest_frenet_planner/install/dummy:/opt/ros/foxy /usr/bin/cmake --build /home/aayush/newest_frenet_planner/build/frenet_planner_ported -- -j2 -l2
[1.059s] [35m[1mScanning dependencies of target frenet_ros_obst[0m
[1.342s] [ 20%] [32mBuilding CXX object CMakeFiles/frenet_ros_obst.dir/src/frenet_ros_obst.cpp.o[0m
[1.347s] [ 40%] [32mBuilding CXX object CMakeFiles/frenet_ros_obst.dir/src/frenet_planner.cpp.o[0m
[7.978s] In file included from [01m[K/home/aayush/newest_frenet_planner/src/frenet_planner_ported/src/../include/frenet_class.hpp:11[m[K,
[7.978s]                  from [01m[K/home/aayush/newest_frenet_planner/src/frenet_planner_ported/src/frenet_ros_obst.cpp:1[m[K:
[7.978s] [01m[K/home/aayush/newest_frenet_planner/src/frenet_planner_ported/./include/matplotlibcpp.hpp:314:36:[m[K [01;35m[Kwarning: [m[Kstatic_assert without a message only available with ‘[01m[K-std=c++17[m[K’ or ‘[01m[K-std=gnu++17[m[K’ [[01;35m[K-Wpedantic[m[K]
[7.979s]   314 | static_assert(sizeof(long long) == [01;35m[K8[m[K);
[7.979s]       |                                    [01;35m[K^[m[K
[7.979s] [01m[K/home/aayush/newest_frenet_planner/src/frenet_planner_ported/./include/matplotlibcpp.hpp:316:45:[m[K [01;35m[Kwarning: [m[Kstatic_assert without a message only available with ‘[01m[K-std=c++17[m[K’ or ‘[01m[K-std=gnu++17[m[K’ [[01;35m[K-Wpedantic[m[K]
[7.979s]   316 | static_assert(sizeof(unsigned long long) == [01;35m[K8[m[K);
[7.979s]       |                                             [01;35m[K^[m[K
[8.324s] In file included from [01m[K/home/aayush/newest_frenet_planner/src/frenet_planner_ported/src/frenet_planner.cpp:8[m[K:
[8.324s] [01m[K/home/aayush/newest_frenet_planner/src/frenet_planner_ported/./include/matplotlibcpp.hpp:314:36:[m[K [01;35m[Kwarning: [m[Kstatic_assert without a message only available with ‘[01m[K-std=c++17[m[K’ or ‘[01m[K-std=gnu++17[m[K’ [[01;35m[K-Wpedantic[m[K]
[8.324s]   314 | static_assert(sizeof(long long) == [01;35m[K8[m[K);
[8.324s]       |                                    [01;35m[K^[m[K
[8.325s] [01m[K/home/aayush/newest_frenet_planner/src/frenet_planner_ported/./include/matplotlibcpp.hpp:316:45:[m[K [01;35m[Kwarning: [m[Kstatic_assert without a message only available with ‘[01m[K-std=c++17[m[K’ or ‘[01m[K-std=gnu++17[m[K’ [[01;35m[K-Wpedantic[m[K]
[8.325s]   316 | static_assert(sizeof(unsigned long long) == [01;35m[K8[m[K);
[8.325s]       |                                             [01;35m[K^[m[K
[11.165s] In file included from [01m[K/home/aayush/newest_frenet_planner/src/frenet_planner_ported/src/frenet_planner.cpp:10[m[K:
[11.166s] [01m[K/home/aayush/newest_frenet_planner/src/frenet_planner_ported/src/../include/frenet_optimal_trajectory.hpp:9:37:[m[K [01;31m[Kerror: [m[Kexpected class-name before ‘[01m[K{[m[K’ token
[11.166s]     9 | class FrenetPath: public FrenetClass[01;31m[K{[m[K
[11.166s]       |                                     [01;31m[K^[m[K
[11.171s] [01m[K/home/aayush/newest_frenet_planner/src/frenet_planner_ported/src/../include/frenet_optimal_trajectory.hpp:[m[K In function ‘[01m[Kstd::ostream& operator<<(std::ostream&, const FrenetPath&)[m[K’:
[11.171s] [01m[K/home/aayush/newest_frenet_planner/src/frenet_planner_ported/src/../include/frenet_optimal_trajectory.hpp:80:20:[m[K [01;35m[Kwarning: [m[Kstatement has no effect [[01;35m[K-Wunused-value[m[K]
[11.171s]    80 | #define trace(...) [01;35m[K42[m[K
[11.171s]       |                    [01;35m[K^~[m[K
[11.172s] [01m[K/home/aayush/newest_frenet_planner/src/frenet_planner_ported/src/../include/frenet_optimal_trajectory.hpp:80:20:[m[K [01;36m[Knote: [m[Kin definition of macro ‘[01m[Ktrace[m[K’
[11.172s]    80 | #define trace(...) [01;36m[K42[m[K
[11.172s]       |                    [01;36m[K^~[m[K
[11.172s] [01m[K/home/aayush/newest_frenet_planner/src/frenet_planner_ported/src/../include/frenet_optimal_trajectory.hpp:80:20:[m[K [01;35m[Kwarning: [m[Kstatement has no effect [[01;35m[K-Wunused-value[m[K]
[11.173s]    80 | #define trace(...) [01;35m[K42[m[K
[11.173s]       |                    [01;35m[K^~[m[K
[11.173s] [01m[K/home/aayush/newest_frenet_planner/src/frenet_planner_ported/src/../include/frenet_optimal_trajectory.hpp:80:20:[m[K [01;36m[Knote: [m[Kin definition of macro ‘[01m[Ktrace[m[K’
[11.173s]    80 | #define trace(...) [01;36m[K42[m[K
[11.173s]       |                    [01;36m[K^~[m[K
[11.174s] [01m[K/home/aayush/newest_frenet_planner/src/frenet_planner_ported/src/../include/frenet_optimal_trajectory.hpp:80:20:[m[K [01;35m[Kwarning: [m[Kstatement has no effect [[01;35m[K-Wunused-value[m[K]
[11.174s]    80 | #define trace(...) [01;35m[K42[m[K
[11.174s]       |                    [01;35m[K^~[m[K
[11.174s] [01m[K/home/aayush/newest_frenet_planner/src/frenet_planner_ported/src/../include/frenet_optimal_trajectory.hpp:80:20:[m[K [01;36m[Knote: [m[Kin definition of macro ‘[01m[Ktrace[m[K’
[11.174s]    80 | #define trace(...) [01;36m[K42[m[K
[11.175s]       |                    [01;36m[K^~[m[K
[11.175s] [01m[K/home/aayush/newest_frenet_planner/src/frenet_planner_ported/src/../include/frenet_optimal_trajectory.hpp:80:20:[m[K [01;35m[Kwarning: [m[Kstatement has no effect [[01;35m[K-Wunused-value[m[K]
[11.175s]    80 | #define trace(...) [01;35m[K42[m[K
[11.175s]       |                    [01;35m[K^~[m[K
[11.175s] [01m[K/home/aayush/newest_frenet_planner/src/frenet_planner_ported/src/../include/frenet_optimal_trajectory.hpp:80:20:[m[K [01;36m[Knote: [m[Kin definition of macro ‘[01m[Ktrace[m[K’
[11.176s]    80 | #define trace(...) [01;36m[K42[m[K
[11.176s]       |                    [01;36m[K^~[m[K
[11.176s] [01m[K/home/aayush/newest_frenet_planner/src/frenet_planner_ported/src/../include/frenet_optimal_trajectory.hpp:80:20:[m[K [01;35m[Kwarning: [m[Kstatement has no effect [[01;35m[K-Wunused-value[m[K]
[11.176s]    80 | #define trace(...) [01;35m[K42[m[K
[11.177s]       |                    [01;35m[K^~[m[K
[11.177s] [01m[K/home/aayush/newest_frenet_planner/src/frenet_planner_ported/src/../include/frenet_optimal_trajectory.hpp:80:20:[m[K [01;36m[Knote: [m[Kin definition of macro ‘[01m[Ktrace[m[K’
[11.177s]    80 | #define trace(...) [01;36m[K42[m[K
[11.177s]       |                    [01;36m[K^~[m[K
[11.177s] [01m[K/home/aayush/newest_frenet_planner/src/frenet_planner_ported/src/../include/frenet_optimal_trajectory.hpp:80:20:[m[K [01;35m[Kwarning: [m[Kstatement has no effect [[01;35m[K-Wunused-value[m[K]
[11.178s]    80 | #define trace(...) [01;35m[K42[m[K
[11.178s]       |                    [01;35m[K^~[m[K
[11.178s] [01m[K/home/aayush/newest_frenet_planner/src/frenet_planner_ported/src/../include/frenet_optimal_trajectory.hpp:80:20:[m[K [01;36m[Knote: [m[Kin definition of macro ‘[01m[Ktrace[m[K’
[11.186s]    80 | #define trace(...) [01;36m[K42[m[K
[11.186s]       |                    [01;36m[K^~[m[K
[11.186s] [01m[K/home/aayush/newest_frenet_planner/src/frenet_planner_ported/src/../include/frenet_optimal_trajectory.hpp:80:20:[m[K [01;35m[Kwarning: [m[Kstatement has no effect [[01;35m[K-Wunused-value[m[K]
[11.186s]    80 | #define trace(...) [01;35m[K42[m[K
[11.186s]       |                    [01;35m[K^~[m[K
[11.187s] [01m[K/home/aayush/newest_frenet_planner/src/frenet_planner_ported/src/../include/frenet_optimal_trajectory.hpp:80:20:[m[K [01;36m[Knote: [m[Kin definition of macro ‘[01m[Ktrace[m[K’
[11.187s]    80 | #define trace(...) [01;36m[K42[m[K
[11.187s]       |                    [01;36m[K^~[m[K
[11.187s] [01m[K/home/aayush/newest_frenet_planner/src/frenet_planner_ported/src/../include/frenet_optimal_trajectory.hpp:80:20:[m[K [01;35m[Kwarning: [m[Kstatement has no effect [[01;35m[K-Wunused-value[m[K]
[11.187s]    80 | #define trace(...) [01;35m[K42[m[K
[11.188s]       |                    [01;35m[K^~[m[K
[11.188s] [01m[K/home/aayush/newest_frenet_planner/src/frenet_planner_ported/src/../include/frenet_optimal_trajectory.hpp:80:20:[m[K [01;36m[Knote: [m[Kin definition of macro ‘[01m[Ktrace[m[K’
[11.188s]    80 | #define trace(...) [01;36m[K42[m[K
[11.188s]       |                    [01;36m[K^~[m[K
[11.189s] [01m[K/home/aayush/newest_frenet_planner/src/frenet_planner_ported/src/../include/frenet_optimal_trajectory.hpp:80:20:[m[K [01;35m[Kwarning: [m[Kstatement has no effect [[01;35m[K-Wunused-value[m[K]
[11.189s]    80 | #define trace(...) [01;35m[K42[m[K
[11.189s]       |                    [01;35m[K^~[m[K
[11.189s] [01m[K/home/aayush/newest_frenet_planner/src/frenet_planner_ported/src/../include/frenet_optimal_trajectory.hpp:80:20:[m[K [01;36m[Knote: [m[Kin definition of macro ‘[01m[Ktrace[m[K’
[11.189s]    80 | #define trace(...) [01;36m[K42[m[K
[11.190s]       |                    [01;36m[K^~[m[K
[11.190s] [01m[K/home/aayush/newest_frenet_planner/src/frenet_planner_ported/src/../include/frenet_optimal_trajectory.hpp:80:20:[m[K [01;35m[Kwarning: [m[Kstatement has no effect [[01;35m[K-Wunused-value[m[K]
[11.190s]    80 | #define trace(...) [01;35m[K42[m[K
[11.190s]       |                    [01;35m[K^~[m[K
[11.190s] [01m[K/home/aayush/newest_frenet_planner/src/frenet_planner_ported/src/../include/frenet_optimal_trajectory.hpp:80:20:[m[K [01;36m[Knote: [m[Kin definition of macro ‘[01m[Ktrace[m[K’
[11.191s]    80 | #define trace(...) [01;36m[K42[m[K
[11.191s]       |                    [01;36m[K^~[m[K
[11.191s] [01m[K/home/aayush/newest_frenet_planner/src/frenet_planner_ported/src/../include/frenet_optimal_trajectory.hpp:80:20:[m[K [01;35m[Kwarning: [m[Kstatement has no effect [[01;35m[K-Wunused-value[m[K]
[11.191s]    80 | #define trace(...) [01;35m[K42[m[K
[11.191s]       |                    [01;35m[K^~[m[K
[11.192s] [01m[K/home/aayush/newest_frenet_planner/src/frenet_planner_ported/src/../include/frenet_optimal_trajectory.hpp:80:20:[m[K [01;36m[Knote: [m[Kin definition of macro ‘[01m[Ktrace[m[K’
[11.192s]    80 | #define trace(...) [01;36m[K42[m[K
[11.192s]       |                    [01;36m[K^~[m[K
[11.192s] [01m[K/home/aayush/newest_frenet_planner/src/frenet_planner_ported/src/../include/frenet_optimal_trajectory.hpp:80:20:[m[K [01;35m[Kwarning: [m[Kstatement has no effect [[01;35m[K-Wunused-value[m[K]
[11.192s]    80 | #define trace(...) [01;35m[K42[m[K
[11.193s]       |                    [01;35m[K^~[m[K
[11.193s] [01m[K/home/aayush/newest_frenet_planner/src/frenet_planner_ported/src/../include/frenet_optimal_trajectory.hpp:80:20:[m[K [01;36m[Knote: [m[Kin definition of macro ‘[01m[Ktrace[m[K’
[11.193s]    80 | #define trace(...) [01;36m[K42[m[K
[11.193s]       |                    [01;36m[K^~[m[K
[11.193s] [01m[K/home/aayush/newest_frenet_planner/src/frenet_planner_ported/src/../include/frenet_optimal_trajectory.hpp:80:20:[m[K [01;35m[Kwarning: [m[Kstatement has no effect [[01;35m[K-Wunused-value[m[K]
[11.194s]    80 | #define trace(...) [01;35m[K42[m[K
[11.194s]       |                    [01;35m[K^~[m[K
[11.194s] [01m[K/home/aayush/newest_frenet_planner/src/frenet_planner_ported/src/../include/frenet_optimal_trajectory.hpp:80:20:[m[K [01;36m[Knote: [m[Kin definition of macro ‘[01m[Ktrace[m[K’
[11.202s]    80 | #define trace(...) [01;36m[K42[m[K
[11.202s]       |                    [01;36m[K^~[m[K
[11.203s] [01m[K/home/aayush/newest_frenet_planner/src/frenet_planner_ported/src/../include/frenet_optimal_trajectory.hpp:81:59:[m[K [01;35m[Kwarning: [m[Kunused parameter ‘[01m[Kfp[m[K’ [[01;35m[K-Wunused-parameter[m[K]
[11.203s]    81 | inline ostream& operator<<(ostream& os, [01;35m[Kconst FrenetPath& fp[m[K)
[11.203s]       |                                         [01;35m[K~~~~~~~~~~~~~~~~~~^~[m[K
[11.203s] [01m[K/home/aayush/newest_frenet_planner/src/frenet_planner_ported/src/frenet_planner.cpp:[m[K In member function ‘[01m[Kvoid FrenetPath::calc_lon_paths_quintic_poly(double, double, double, double, double)[m[K’:
[11.203s] [01m[K/home/aayush/newest_frenet_planner/src/frenet_planner_ported/src/frenet_planner.cpp:69:91:[m[K [01;35m[Kwarning: [m[Kunused parameter ‘[01m[Kts[m[K’ [[01;35m[K-Wunused-parameter[m[K]
[11.204s]    69 | void FrenetPath::calc_lon_paths_quintic_poly(double c_speed, double s0, double Ti, [01;35m[Kdouble ts[m[K,
[11.204s]       |                                                                                    [01;35m[K~~~~~~~^~[m[K
[11.223s] [01m[K/home/aayush/newest_frenet_planner/src/frenet_planner_ported/src/frenet_planner.cpp:[m[K In member function ‘[01m[Kvoid FrenetPath::adding_global_path(Spline2D)[m[K’:
[11.224s] [01m[K/home/aayush/newest_frenet_planner/src/frenet_planner_ported/src/frenet_planner.cpp:198:9:[m[K [01;35m[Kwarning: [m[Kunused variable ‘[01m[KstartTime1[m[K’ [[01;35m[K-Wunused-variable[m[K]
[11.224s]   198 |  double [01;35m[KstartTime1[m[K = omp_get_wtime();
[11.224s]       |         [01;35m[K^~~~~~~~~~[m[K
[11.224s] [01m[K/home/aayush/newest_frenet_planner/src/frenet_planner_ported/src/frenet_planner.cpp:249:9:[m[K [01;35m[Kwarning: [m[Kunused variable ‘[01m[KendTime1[m[K’ [[01;35m[K-Wunused-variable[m[K]
[11.225s]   249 |  double [01;35m[KendTime1[m[K = omp_get_wtime();
[11.225s]       |         [01;35m[K^~~~~~~~[m[K
[11.249s] In file included from [01m[K/home/aayush/newest_frenet_planner/src/frenet_planner_ported/src/frenet_planner.cpp:10[m[K:
[11.249s] [01m[K/home/aayush/newest_frenet_planner/src/frenet_planner_ported/src/frenet_planner.cpp:[m[K In function ‘[01m[KFrenetPath frenet_optimal_planning(Spline2D, double, double, double, double, double, FrenetPath, double)[m[K’:
[11.249s] [01m[K/home/aayush/newest_frenet_planner/src/frenet_planner_ported/src/../include/frenet_optimal_trajectory.hpp:80:20:[m[K [01;31m[Kerror: [m[Kexpected initializer before numeric constant
[11.249s]    80 | #define trace(...) [01;31m[K42[m[K
[11.249s]       |                    [01;31m[K^~[m[K
[11.250s] [01m[K/home/aayush/newest_frenet_planner/src/frenet_planner_ported/src/../include/frenet_optimal_trajectory.hpp:80:20:[m[K [01;36m[Knote: [m[Kin definition of macro ‘[01m[Ktrace[m[K’
[11.250s]    80 | #define trace(...) [01;36m[K42[m[K
[11.250s]       |                    [01;36m[K^~[m[K
[11.252s] In file included from [01m[K/opt/ros/foxy/include/rclcpp/service.hpp:34[m[K,
[11.253s]                  from [01m[K/opt/ros/foxy/include/rclcpp/callback_group.hpp:25[m[K,
[11.253s]                  from [01m[K/opt/ros/foxy/include/rclcpp/any_executable.hpp:20[m[K,
[11.253s]                  from [01m[K/opt/ros/foxy/include/rclcpp/memory_strategy.hpp:24[m[K,
[11.253s]                  from [01m[K/opt/ros/foxy/include/rclcpp/memory_strategies.hpp:18[m[K,
[11.253s]                  from [01m[K/opt/ros/foxy/include/rclcpp/executor_options.hpp:20[m[K,
[11.254s]                  from [01m[K/opt/ros/foxy/include/rclcpp/executor.hpp:33[m[K,
[11.254s]                  from [01m[K/opt/ros/foxy/include/rclcpp/executors/multi_threaded_executor.hpp:25[m[K,
[11.254s]                  from [01m[K/opt/ros/foxy/include/rclcpp/executors.hpp:21[m[K,
[11.254s]                  from [01m[K/opt/ros/foxy/include/rclcpp/rclcpp.hpp:146[m[K,
[11.255s]                  from [01m[K/opt/ros/foxy/include/tf2_ros/buffer_interface.h:35[m[K,
[11.255s]                  from [01m[K/opt/ros/foxy/include/tf2_geometry_msgs/tf2_geometry_msgs.h:38[m[K,
[11.255s]                  from [01m[K/home/aayush/newest_frenet_planner/src/frenet_planner_ported/src/frenet_planner.cpp:2[m[K:
[11.255s] [01m[K/home/aayush/newest_frenet_planner/src/frenet_planner_ported/src/frenet_planner.cpp:455:14:[m[K [01;31m[Kerror: [m[Kinvalid use of ‘[01m[Kthis[m[K’ in non-member function
[11.255s]   455 |  RCLCPP_INFO([01;31m[Kthis[m[K->get_logger(), calc_frenet_paths_function_str);
[11.256s]       |              [01;31m[K^~~~[m[K
[11.256s] [01m[K/home/aayush/newest_frenet_planner/src/frenet_planner_ported/src/frenet_planner.cpp:455:14:[m[K [01;31m[Kerror: [m[Kinvalid use of ‘[01m[Kthis[m[K’ in non-member function
[11.256s] [01m[K/home/aayush/newest_frenet_planner/src/frenet_planner_ported/src/frenet_planner.cpp:455:2:[m[K [01;31m[Kerror: [m[Ktemplate argument 1 is invalid
[11.256s]   455 |  [01;31m[KRCLCPP_INFO[m[K(this->get_logger(), calc_frenet_paths_function_str);
[11.257s]       |  [01;31m[K^~~~~~~~~~~[m[K
[11.257s] [01m[K/home/aayush/newest_frenet_planner/src/frenet_planner_ported/src/frenet_planner.cpp:455:2:[m[K [01;31m[Kerror: [m[Ktemplate argument 1 is invalid
[11.257s]   455 |  [01;31m[KRCLCPP_INFO[m[K(this->get_logger(), calc_frenet_paths_function_str);
[11.257s]       |  [01;31m[K^~~~~~~~~~~[m[K
[11.258s] [01m[K/home/aayush/newest_frenet_planner/src/frenet_planner_ported/src/frenet_planner.cpp:455:2:[m[K [01;31m[Kerror: [m[Ktemplate argument 1 is invalid
[11.258s]   455 |  [01;31m[KRCLCPP_INFO[m[K(this->get_logger(), calc_frenet_paths_function_str);
[11.258s]       |  [01;31m[K^~~~~~~~~~~[m[K
[11.267s] In file included from [01m[K/opt/ros/foxy/include/rclcpp/client.hpp:40[m[K,
[11.267s]                  from [01m[K/opt/ros/foxy/include/rclcpp/callback_group.hpp:23[m[K,
[11.267s]                  from [01m[K/opt/ros/foxy/include/rclcpp/any_executable.hpp:20[m[K,
[11.267s]                  from [01m[K/opt/ros/foxy/include/rclcpp/memory_strategy.hpp:24[m[K,
[11.268s]                  from [01m[K/opt/ros/foxy/include/rclcpp/memory_strategies.hpp:18[m[K,
[11.268s]                  from [01m[K/opt/ros/foxy/include/rclcpp/executor_options.hpp:20[m[K,
[11.268s]                  from [01m[K/opt/ros/foxy/include/rclcpp/executor.hpp:33[m[K,
[11.268s]                  from [01m[K/opt/ros/foxy/include/rclcpp/executors/multi_threaded_executor.hpp:25[m[K,
[11.269s]                  from [01m[K/opt/ros/foxy/include/rclcpp/executors.hpp:21[m[K,
[11.269s]                  from [01m[K/opt/ros/foxy/include/rclcpp/rclcpp.hpp:146[m[K,
[11.269s]                  from [01m[K/opt/ros/foxy/include/tf2_ros/buffer_interface.h:35[m[K,
[11.269s]                  from [01m[K/opt/ros/foxy/include/tf2_geometry_msgs/tf2_geometry_msgs.h:38[m[K,
[11.270s]                  from [01m[K/home/aayush/newest_frenet_planner/src/frenet_planner_ported/src/frenet_planner.cpp:2[m[K:
[11.270s] [01m[K/home/aayush/newest_frenet_planner/src/frenet_planner_ported/src/frenet_planner.cpp:455:14:[m[K [01;31m[Kerror: [m[Kinvalid use of ‘[01m[Kthis[m[K’ in non-member function
[11.270s]   455 |  RCLCPP_INFO([01;31m[Kthis[m[K->get_logger(), calc_frenet_paths_function_str);
[11.270s]       |              [01;31m[K^~~~[m[K
[11.271s] [01m[K/home/aayush/newest_frenet_planner/src/frenet_planner_ported/src/frenet_planner.cpp:455:14:[m[K [01;31m[Kerror: [m[Kinvalid use of ‘[01m[Kthis[m[K’ in non-member function
[11.271s]   455 |  RCLCPP_INFO([01;31m[Kthis[m[K->get_logger(), calc_frenet_paths_function_str);
[11.271s]       |              [01;31m[K^~~~[m[K
[11.271s] In file included from [01m[K/home/aayush/newest_frenet_planner/src/frenet_planner_ported/src/frenet_planner.cpp:10[m[K:
[11.271s] [01m[K/home/aayush/newest_frenet_planner/src/frenet_planner_ported/src/../include/frenet_optimal_trajectory.hpp:80:20:[m[K [01;35m[Kwarning: [m[Kstatement has no effect [[01;35m[K-Wunused-value[m[K]
[11.272s]    80 | #define trace(...) [01;35m[K42[m[K
[11.272s]       |                    [01;35m[K^~[m[K
[11.272s] [01m[K/home/aayush/newest_frenet_planner/src/frenet_planner_ported/src/../include/frenet_optimal_trajectory.hpp:80:20:[m[K [01;36m[Knote: [m[Kin definition of macro ‘[01m[Ktrace[m[K’
[11.272s]    80 | #define trace(...) [01;36m[K42[m[K
[11.272s]       |                    [01;36m[K^~[m[K
[11.273s] In file included from [01m[K/opt/ros/foxy/include/rclcpp/service.hpp:34[m[K,
[11.273s]                  from [01m[K/opt/ros/foxy/include/rclcpp/callback_group.hpp:25[m[K,
[11.273s]                  from [01m[K/opt/ros/foxy/include/rclcpp/any_executable.hpp:20[m[K,
[11.273s]                  from [01m[K/opt/ros/foxy/include/rclcpp/memory_strategy.hpp:24[m[K,
[11.273s]                  from [01m[K/opt/ros/foxy/include/rclcpp/memory_strategies.hpp:18[m[K,
[11.274s]                  from [01m[K/opt/ros/foxy/include/rclcpp/executor_options.hpp:20[m[K,
[11.274s]                  from [01m[K/opt/ros/foxy/include/rclcpp/executor.hpp:33[m[K,
[11.274s]                  from [01m[K/opt/ros/foxy/include/rclcpp/executors/multi_threaded_executor.hpp:25[m[K,
[11.274s]                  from [01m[K/opt/ros/foxy/include/rclcpp/executors.hpp:21[m[K,
[11.274s]                  from [01m[K/opt/ros/foxy/include/rclcpp/rclcpp.hpp:146[m[K,
[11.275s]                  from [01m[K/opt/ros/foxy/include/tf2_ros/buffer_interface.h:35[m[K,
[11.275s]                  from [01m[K/opt/ros/foxy/include/tf2_geometry_msgs/tf2_geometry_msgs.h:38[m[K,
[11.275s]                  from [01m[K/home/aayush/newest_frenet_planner/src/frenet_planner_ported/src/frenet_planner.cpp:2[m[K:
[11.275s] [01m[K/home/aayush/newest_frenet_planner/src/frenet_planner_ported/src/frenet_planner.cpp:465:14:[m[K [01;31m[Kerror: [m[Kinvalid use of ‘[01m[Kthis[m[K’ in non-member function
[11.276s]   465 |  RCLCPP_INFO([01;31m[Kthis[m[K->get_logger(), calc_global_paths_function_str);
[11.276s]       |              [01;31m[K^~~~[m[K
[11.276s] [01m[K/home/aayush/newest_frenet_planner/src/frenet_planner_ported/src/frenet_planner.cpp:465:14:[m[K [01;31m[Kerror: [m[Kinvalid use of ‘[01m[Kthis[m[K’ in non-member function
[11.276s] [01m[K/home/aayush/newest_frenet_planner/src/frenet_planner_ported/src/frenet_planner.cpp:465:2:[m[K [01;31m[Kerror: [m[Ktemplate argument 1 is invalid
[11.276s]   465 |  [01;31m[KRCLCPP_INFO[m[K(this->get_logger(), calc_global_paths_function_str);
[11.277s]       |  [01;31m[K^~~~~~~~~~~[m[K
[11.277s] [01m[K/home/aayush/newest_frenet_planner/src/frenet_planner_ported/src/frenet_planner.cpp:465:2:[m[K [01;31m[Kerror: [m[Ktemplate argument 1 is invalid
[11.277s]   465 |  [01;31m[KRCLCPP_INFO[m[K(this->get_logger(), calc_global_paths_function_str);
[11.277s]       |  [01;31m[K^~~~~~~~~~~[m[K
[11.277s] [01m[K/home/aayush/newest_frenet_planner/src/frenet_planner_ported/src/frenet_planner.cpp:465:2:[m[K [01;31m[Kerror: [m[Ktemplate argument 1 is invalid
[11.278s]   465 |  [01;31m[KRCLCPP_INFO[m[K(this->get_logger(), calc_global_paths_function_str);
[11.278s]       |  [01;31m[K^~~~~~~~~~~[m[K
[11.278s] In file included from [01m[K/opt/ros/foxy/include/rclcpp/client.hpp:40[m[K,
[11.278s]                  from [01m[K/opt/ros/foxy/include/rclcpp/callback_group.hpp:23[m[K,
[11.286s]                  from [01m[K/opt/ros/foxy/include/rclcpp/any_executable.hpp:20[m[K,
[11.286s]                  from [01m[K/opt/ros/foxy/include/rclcpp/memory_strategy.hpp:24[m[K,
[11.286s]                  from [01m[K/opt/ros/foxy/include/rclcpp/memory_strategies.hpp:18[m[K,
[11.286s]                  from [01m[K/opt/ros/foxy/include/rclcpp/executor_options.hpp:20[m[K,
[11.287s]                  from [01m[K/opt/ros/foxy/include/rclcpp/executor.hpp:33[m[K,
[11.287s]                  from [01m[K/opt/ros/foxy/include/rclcpp/executors/multi_threaded_executor.hpp:25[m[K,
[11.287s]                  from [01m[K/opt/ros/foxy/include/rclcpp/executors.hpp:21[m[K,
[11.287s]                  from [01m[K/opt/ros/foxy/include/rclcpp/rclcpp.hpp:146[m[K,
[11.287s]                  from [01m[K/opt/ros/foxy/include/tf2_ros/buffer_interface.h:35[m[K,
[11.288s]                  from [01m[K/opt/ros/foxy/include/tf2_geometry_msgs/tf2_geometry_msgs.h:38[m[K,
[11.288s]                  from [01m[K/home/aayush/newest_frenet_planner/src/frenet_planner_ported/src/frenet_planner.cpp:2[m[K:
[11.288s] [01m[K/home/aayush/newest_frenet_planner/src/frenet_planner_ported/src/frenet_planner.cpp:465:14:[m[K [01;31m[Kerror: [m[Kinvalid use of ‘[01m[Kthis[m[K’ in non-member function
[11.288s]   465 |  RCLCPP_INFO([01;31m[Kthis[m[K->get_logger(), calc_global_paths_function_str);
[11.288s]       |              [01;31m[K^~~~[m[K
[11.289s] [01m[K/home/aayush/newest_frenet_planner/src/frenet_planner_ported/src/frenet_planner.cpp:465:14:[m[K [01;31m[Kerror: [m[Kinvalid use of ‘[01m[Kthis[m[K’ in non-member function
[11.289s]   465 |  RCLCPP_INFO([01;31m[Kthis[m[K->get_logger(), calc_global_paths_function_str);
[11.289s]       |              [01;31m[K^~~~[m[K
[11.289s] In file included from [01m[K/home/aayush/newest_frenet_planner/src/frenet_planner_ported/src/frenet_planner.cpp:10[m[K:
[11.290s] [01m[K/home/aayush/newest_frenet_planner/src/frenet_planner_ported/src/../include/frenet_optimal_trajectory.hpp:80:20:[m[K [01;35m[Kwarning: [m[Kstatement has no effect [[01;35m[K-Wunused-value[m[K]
[11.290s]    80 | #define trace(...) [01;35m[K42[m[K
[11.290s]       |                    [01;35m[K^~[m[K
[11.290s] [01m[K/home/aayush/newest_frenet_planner/src/frenet_planner_ported/src/../include/frenet_optimal_trajectory.hpp:80:20:[m[K [01;36m[Knote: [m[Kin definition of macro ‘[01m[Ktrace[m[K’
[11.290s]    80 | #define trace(...) [01;36m[K42[m[K
[11.291s]       |                    [01;36m[K^~[m[K
[11.291s] In file included from [01m[K/opt/ros/foxy/include/rclcpp/service.hpp:34[m[K,
[11.291s]                  from [01m[K/opt/ros/foxy/include/rclcpp/callback_group.hpp:25[m[K,
[11.291s]                  from [01m[K/opt/ros/foxy/include/rclcpp/any_executable.hpp:20[m[K,
[11.291s]                  from [01m[K/opt/ros/foxy/include/rclcpp/memory_strategy.hpp:24[m[K,
[11.292s]                  from [01m[K/opt/ros/foxy/include/rclcpp/memory_strategies.hpp:18[m[K,
[11.292s]                  from [01m[K/opt/ros/foxy/include/rclcpp/executor_options.hpp:20[m[K,
[11.292s]                  from [01m[K/opt/ros/foxy/include/rclcpp/executor.hpp:33[m[K,
[11.292s]                  from [01m[K/opt/ros/foxy/include/rclcpp/executors/multi_threaded_executor.hpp:25[m[K,
[11.292s]                  from [01m[K/opt/ros/foxy/include/rclcpp/executors.hpp:21[m[K,
[11.293s]                  from [01m[K/opt/ros/foxy/include/rclcpp/rclcpp.hpp:146[m[K,
[11.293s]                  from [01m[K/opt/ros/foxy/include/tf2_ros/buffer_interface.h:35[m[K,
[11.293s]                  from [01m[K/opt/ros/foxy/include/tf2_geometry_msgs/tf2_geometry_msgs.h:38[m[K,
[11.293s]                  from [01m[K/home/aayush/newest_frenet_planner/src/frenet_planner_ported/src/frenet_planner.cpp:2[m[K:
[11.293s] [01m[K/home/aayush/newest_frenet_planner/src/frenet_planner_ported/src/frenet_planner.cpp:478:14:[m[K [01;31m[Kerror: [m[Kinvalid use of ‘[01m[Kthis[m[K’ in non-member function
[11.294s]   478 |  RCLCPP_INFO([01;31m[Kthis[m[K->get_logger(), calc_path_function_str);
[11.294s]       |              [01;31m[K^~~~[m[K
[11.294s] [01m[K/home/aayush/newest_frenet_planner/src/frenet_planner_ported/src/frenet_planner.cpp:478:14:[m[K [01;31m[Kerror: [m[Kinvalid use of ‘[01m[Kthis[m[K’ in non-member function
[11.294s] [01m[K/home/aayush/newest_frenet_planner/src/frenet_planner_ported/src/frenet_planner.cpp:478:2:[m[K [01;31m[Kerror: [m[Ktemplate argument 1 is invalid
[11.302s]   478 |  [01;31m[KRCLCPP_INFO[m[K(this->get_logger(), calc_path_function_str);
[11.302s]       |  [01;31m[K^~~~~~~~~~~[m[K
[11.302s] [01m[K/home/aayush/newest_frenet_planner/src/frenet_planner_ported/src/frenet_planner.cpp:478:2:[m[K [01;31m[Kerror: [m[Ktemplate argument 1 is invalid
[11.303s]   478 |  [01;31m[KRCLCPP_INFO[m[K(this->get_logger(), calc_path_function_str);
[11.303s]       |  [01;31m[K^~~~~~~~~~~[m[K
[11.303s] [01m[K/home/aayush/newest_frenet_planner/src/frenet_planner_ported/src/frenet_planner.cpp:478:2:[m[K [01;31m[Kerror: [m[Ktemplate argument 1 is invalid
[11.303s]   478 |  [01;31m[KRCLCPP_INFO[m[K(this->get_logger(), calc_path_function_str);
[11.303s]       |  [01;31m[K^~~~~~~~~~~[m[K
[11.304s] In file included from [01m[K/opt/ros/foxy/include/rclcpp/client.hpp:40[m[K,
[11.304s]                  from [01m[K/opt/ros/foxy/include/rclcpp/callback_group.hpp:23[m[K,
[11.304s]                  from [01m[K/opt/ros/foxy/include/rclcpp/any_executable.hpp:20[m[K,
[11.304s]                  from [01m[K/opt/ros/foxy/include/rclcpp/memory_strategy.hpp:24[m[K,
[11.304s]                  from [01m[K/opt/ros/foxy/include/rclcpp/memory_strategies.hpp:18[m[K,
[11.305s]                  from [01m[K/opt/ros/foxy/include/rclcpp/executor_options.hpp:20[m[K,
[11.305s]                  from [01m[K/opt/ros/foxy/include/rclcpp/executor.hpp:33[m[K,
[11.305s]                  from [01m[K/opt/ros/foxy/include/rclcpp/executors/multi_threaded_executor.hpp:25[m[K,
[11.305s]                  from [01m[K/opt/ros/foxy/include/rclcpp/executors.hpp:21[m[K,
[11.306s]                  from [01m[K/opt/ros/foxy/include/rclcpp/rclcpp.hpp:146[m[K,
[11.306s]                  from [01m[K/opt/ros/foxy/include/tf2_ros/buffer_interface.h:35[m[K,
[11.306s]                  from [01m[K/opt/ros/foxy/include/tf2_geometry_msgs/tf2_geometry_msgs.h:38[m[K,
[11.306s]                  from [01m[K/home/aayush/newest_frenet_planner/src/frenet_planner_ported/src/frenet_planner.cpp:2[m[K:
[11.306s] [01m[K/home/aayush/newest_frenet_planner/src/frenet_planner_ported/src/frenet_planner.cpp:478:14:[m[K [01;31m[Kerror: [m[Kinvalid use of ‘[01m[Kthis[m[K’ in non-member function
[11.307s]   478 |  RCLCPP_INFO([01;31m[Kthis[m[K->get_logger(), calc_path_function_str);
[11.307s]       |              [01;31m[K^~~~[m[K
[11.307s] [01m[K/home/aayush/newest_frenet_planner/src/frenet_planner_ported/src/frenet_planner.cpp:478:14:[m[K [01;31m[Kerror: [m[Kinvalid use of ‘[01m[Kthis[m[K’ in non-member function
[11.307s]   478 |  RCLCPP_INFO([01;31m[Kthis[m[K->get_logger(), calc_path_function_str);
[11.308s]       |              [01;31m[K^~~~[m[K
[11.308s] In file included from [01m[K/home/aayush/newest_frenet_planner/src/frenet_planner_ported/src/frenet_planner.cpp:10[m[K:
[11.308s] [01m[K/home/aayush/newest_frenet_planner/src/frenet_planner_ported/src/../include/frenet_optimal_trajectory.hpp:80:20:[m[K [01;35m[Kwarning: [m[Kstatement has no effect [[01;35m[K-Wunused-value[m[K]
[11.308s]    80 | #define trace(...) [01;35m[K42[m[K
[11.309s]       |                    [01;35m[K^~[m[K
[11.309s] [01m[K/home/aayush/newest_frenet_planner/src/frenet_planner_ported/src/../include/frenet_optimal_trajectory.hpp:80:20:[m[K [01;36m[Knote: [m[Kin definition of macro ‘[01m[Ktrace[m[K’
[11.309s]    80 | #define trace(...) [01;36m[K42[m[K
[11.309s]       |                    [01;36m[K^~[m[K
[11.309s] [01m[K/home/aayush/newest_frenet_planner/src/frenet_planner_ported/src/../include/frenet_optimal_trajectory.hpp:80:20:[m[K [01;35m[Kwarning: [m[Kstatement has no effect [[01;35m[K-Wunused-value[m[K]
[11.310s]    80 | #define trace(...) [01;35m[K42[m[K
[11.310s]       |                    [01;35m[K^~[m[K
[11.310s] [01m[K/home/aayush/newest_frenet_planner/src/frenet_planner_ported/src/../include/frenet_optimal_trajectory.hpp:80:20:[m[K [01;36m[Knote: [m[Kin definition of macro ‘[01m[Ktrace[m[K’
[11.310s]    80 | #define trace(...) [01;36m[K42[m[K
[11.310s]       |                    [01;36m[K^~[m[K
[11.370s] In file included from [01m[K/home/aayush/newest_frenet_planner/src/frenet_planner_ported/src/frenet_ros_obst.cpp:1[m[K:
[11.371s] [01m[K/home/aayush/newest_frenet_planner/src/frenet_planner_ported/src/../include/frenet_class.hpp:129:81:[m[K [01;35m[Kwarning: [m[K‘[01m[Kgeometry_msgs::msg::PolygonStamped_<std::allocator<void> >::ConstPtr[m[K’ is deprecated [[01;35m[K-Wdeprecated-declarations[m[K]
[11.371s]   129 | allback(const geometry_msgs::msg::PolygonStamped::ConstPtr p[01;35m[K)[m[K
[11.371s]       |                                                             [01;35m[K^[m[K
[11.371s] 
[11.372s] In file included from [01m[K/opt/ros/foxy/include/geometry_msgs/msg/polygon_stamped.hpp:7[m[K,
[11.372s]                  from [01m[K/home/aayush/newest_frenet_planner/src/frenet_planner_ported/src/../include/frenet_class.hpp:8[m[K,
[11.373s]                  from [01m[K/home/aayush/newest_frenet_planner/src/frenet_planner_ported/src/frenet_ros_obst.cpp:1[m[K:
[11.373s] [01m[K/opt/ros/foxy/include/geometry_msgs/msg/detail/polygon_stamped__struct.hpp:114:5:[m[K [01;36m[Knote: [m[Kdeclared here
[11.373s]   114 |     [01;36m[KConstPtr[m[K;
[11.374s]       |     [01;36m[K^~~~~~~~[m[K
[11.374s] In file included from [01m[K/home/aayush/newest_frenet_planner/src/frenet_planner_ported/src/frenet_ros_obst.cpp:1[m[K:
[11.374s] [01m[K/home/aayush/newest_frenet_planner/src/frenet_planner_ported/src/../include/frenet_class.hpp:135:67:[m[K [01;35m[Kwarning: [m[K‘[01m[Knav_msgs::msg::Odometry_<std::allocator<void> >::ConstPtr[m[K’ is deprecated [[01;35m[K-Wdeprecated-declarations[m[K]
[11.375s]   135 |     void odom_callback(const nav_msgs::msg::Odometry::ConstPtr msg[01;35m[K)[m[K
[11.375s]       |                                                                   [01;35m[K^[m[K
[11.375s] In file included from [01m[K/opt/ros/foxy/include/nav_msgs/msg/odometry.hpp:7[m[K,
[11.376s]                  from [01m[K/home/aayush/newest_frenet_planner/src/frenet_planner_ported/src/../include/frenet_class.hpp:6[m[K,
[11.376s]                  from [01m[K/home/aayush/newest_frenet_planner/src/frenet_planner_ported/src/frenet_ros_obst.cpp:1[m[K:
[11.376s] [01m[K/opt/ros/foxy/include/nav_msgs/msg/detail/odometry__struct.hpp:145:5:[m[K [01;36m[Knote: [m[Kdeclared here
[11.376s]   145 |     [01;36m[KConstPtr[m[K;
[11.377s]       |     [01;36m[K^~~~~~~~[m[K
[11.377s] In file included from [01m[K/home/aayush/newest_frenet_planner/src/frenet_planner_ported/src/frenet_ros_obst.cpp:1[m[K:
[11.377s] [01m[K/home/aayush/newest_frenet_planner/src/frenet_planner_ported/src/../include/frenet_class.hpp:139:86:[m[K [01;35m[Kwarning: [m[K‘[01m[Knav_msgs::msg::OccupancyGrid_<std::allocator<void> >::ConstPtr[m[K’ is deprecated [[01;35m[K-Wdeprecated-declarations[m[K]
[11.377s]   139 | (const nav_msgs::msg::OccupancyGrid::ConstPtr occupancy_grid[01;35m[K)[m[K
[11.386s]       |                                                             [01;35m[K^[m[K
[11.386s] 
[11.386s] In file included from [01m[K/opt/ros/foxy/include/nav_msgs/msg/occupancy_grid.hpp:7[m[K,
[11.386s]                  from [01m[K/home/aayush/newest_frenet_planner/src/frenet_planner_ported/src/../include/frenet_class.hpp:7[m[K,
[11.387s]                  from [01m[K/home/aayush/newest_frenet_planner/src/frenet_planner_ported/src/frenet_ros_obst.cpp:1[m[K:
[11.387s] [01m[K/opt/ros/foxy/include/nav_msgs/msg/detail/occupancy_grid__struct.hpp:123:5:[m[K [01;36m[Knote: [m[Kdeclared here
[11.387s]   123 |     [01;36m[KConstPtr[m[K;
[11.387s]       |     [01;36m[K^~~~~~~~[m[K
[11.535s] In file included from [01m[K/home/aayush/newest_frenet_planner/src/frenet_planner_ported/src/frenet_ros_obst.cpp:1[m[K:
[11.536s] [01m[K/home/aayush/newest_frenet_planner/src/frenet_planner_ported/src/../include/frenet_class.hpp:[m[K In member function ‘[01m[Kvoid FrenetClass::costmap_callback(nav_msgs::msg::OccupancyGrid_<std::allocator<void> >::ConstPtr)[m[K’:
[11.536s] [01m[K/home/aayush/newest_frenet_planner/src/frenet_planner_ported/src/../include/frenet_class.hpp:169:22:[m[K [01;35m[Kwarning: [m[Kcomparison of integer expressions of different signedness: ‘[01m[Klong int[m[K’ and ‘[01m[Kstd::vector<std::pair<double, double> >::size_type[m[K’ {aka ‘[01m[Klong unsigned int[m[K’} [[01;35m[K-Wsign-compare[m[K]
[11.538s]   169 |   for (long i = 0; [01;35m[Ki < ob1.size()[m[K; i++)
[11.540s]       |                    [01;35m[K~~^~~~~~~~~~~~[m[K
[11.541s] [01m[K/home/aayush/newest_frenet_planner/src/frenet_planner_ported/src/../include/frenet_class.hpp:149:13:[m[K [01;35m[Kwarning: [m[Kunused variable ‘[01m[KstartTime1[m[K’ [[01;35m[K-Wunused-variable[m[K]
[11.541s]   149 |      double [01;35m[KstartTime1[m[K = omp_get_wtime();
[11.541s]       |             [01;35m[K^~~~~~~~~~[m[K
[11.544s] In file included from [01m[K/home/aayush/newest_frenet_planner/src/frenet_planner_ported/src/frenet_ros_obst.cpp:2[m[K:
[11.544s] [01m[K/home/aayush/newest_frenet_planner/src/frenet_planner_ported/src/../include/frenet_optimal_trajectory.hpp:[m[K In function ‘[01m[Kstd::ostream& operator<<(std::ostream&, const FrenetPath&)[m[K’:
[11.545s] [01m[K/home/aayush/newest_frenet_planner/src/frenet_planner_ported/src/../include/frenet_optimal_trajectory.hpp:80:20:[m[K [01;35m[Kwarning: [m[Kstatement has no effect [[01;35m[K-Wunused-value[m[K]
[11.546s]    80 | #define trace(...) [01;35m[K42[m[K
[11.546s]       |                    [01;35m[K^~[m[K
[11.547s] [01m[K/home/aayush/newest_frenet_planner/src/frenet_planner_ported/src/../include/frenet_optimal_trajectory.hpp:80:20:[m[K [01;36m[Knote: [m[Kin definition of macro ‘[01m[Ktrace[m[K’
[11.547s]    80 | #define trace(...) [01;36m[K42[m[K
[11.547s]       |                    [01;36m[K^~[m[K
[11.548s] [01m[K/home/aayush/newest_frenet_planner/src/frenet_planner_ported/src/../include/frenet_optimal_trajectory.hpp:80:20:[m[K [01;35m[Kwarning: [m[Kstatement has no effect [[01;35m[K-Wunused-value[m[K]
[11.548s]    80 | #define trace(...) [01;35m[K42[m[K
[11.548s]       |                    [01;35m[K^~[m[K
[11.549s] [01m[K/home/aayush/newest_frenet_planner/src/frenet_planner_ported/src/../include/frenet_optimal_trajectory.hpp:80:20:[m[K [01;36m[Knote: [m[Kin definition of macro ‘[01m[Ktrace[m[K’
[11.549s]    80 | #define trace(...) [01;36m[K42[m[K
[11.549s]       |                    [01;36m[K^~[m[K
[11.549s] [01m[K/home/aayush/newest_frenet_planner/src/frenet_planner_ported/src/../include/frenet_optimal_trajectory.hpp:80:20:[m[K [01;35m[Kwarning: [m[Kstatement has no effect [[01;35m[K-Wunused-value[m[K]
[11.550s]    80 | #define trace(...) [01;35m[K42[m[K
[11.550s]       |                    [01;35m[K^~[m[K
[11.550s] [01m[K/home/aayush/newest_frenet_planner/src/frenet_planner_ported/src/../include/frenet_optimal_trajectory.hpp:80:20:[m[K [01;36m[Knote: [m[Kin definition of macro ‘[01m[Ktrace[m[K’
[11.551s]    80 | #define trace(...) [01;36m[K42[m[K
[11.551s]       |                    [01;36m[K^~[m[K
[11.551s] [01m[K/home/aayush/newest_frenet_planner/src/frenet_planner_ported/src/../include/frenet_optimal_trajectory.hpp:80:20:[m[K [01;35m[Kwarning: [m[Kstatement has no effect [[01;35m[K-Wunused-value[m[K]
[11.552s]    80 | #define trace(...) [01;35m[K42[m[K
[11.552s]       |                    [01;35m[K^~[m[K
[11.556s] [01m[K/home/aayush/newest_frenet_planner/src/frenet_planner_ported/src/../include/frenet_optimal_trajectory.hpp:80:20:[m[K [01;36m[Knote: [m[Kin definition of macro ‘[01m[Ktrace[m[K’
[11.556s]    80 | #define trace(...) [01;36m[K42[m[K
[11.556s]       |                    [01;36m[K^~[m[K
[11.557s] [01m[K/home/aayush/newest_frenet_planner/src/frenet_planner_ported/src/../include/frenet_optimal_trajectory.hpp:80:20:[m[K [01;35m[Kwarning: [m[Kstatement has no effect [[01;35m[K-Wunused-value[m[K]
[11.557s]    80 | #define trace(...) [01;35m[K42[m[K
[11.557s]       |                    [01;35m[K^~[m[K
[11.557s] [01m[K/home/aayush/newest_frenet_planner/src/frenet_planner_ported/src/../include/frenet_optimal_trajectory.hpp:80:20:[m[K [01;36m[Knote: [m[Kin definition of macro ‘[01m[Ktrace[m[K’
[11.557s]    80 | #define trace(...) [01;36m[K42[m[K
[11.558s]       |                    [01;36m[K^~[m[K
[11.558s] [01m[K/home/aayush/newest_frenet_planner/src/frenet_planner_ported/src/../include/frenet_optimal_trajectory.hpp:80:20:[m[K [01;35m[Kwarning: [m[Kstatement has no effect [[01;35m[K-Wunused-value[m[K]
[11.558s]    80 | #define trace(...) [01;35m[K42[m[K
[11.558s]       |                    [01;35m[K^~[m[K
[11.558s] [01m[K/home/aayush/newest_frenet_planner/src/frenet_planner_ported/src/../include/frenet_optimal_trajectory.hpp:80:20:[m[K [01;36m[Knote: [m[Kin definition of macro ‘[01m[Ktrace[m[K’
[11.559s]    80 | #define trace(...) [01;36m[K42[m[K
[11.559s]       |                    [01;36m[K^~[m[K
[11.559s] [01m[K/home/aayush/newest_frenet_planner/src/frenet_planner_ported/src/../include/frenet_optimal_trajectory.hpp:80:20:[m[K [01;35m[Kwarning: [m[Kstatement has no effect [[01;35m[K-Wunused-value[m[K]
[11.559s]    80 | #define trace(...) [01;35m[K42[m[K
[11.559s]       |                    [01;35m[K^~[m[K
[11.560s] [01m[K/home/aayush/newest_frenet_planner/src/frenet_planner_ported/src/../include/frenet_optimal_trajectory.hpp:80:20:[m[K [01;36m[Knote: [m[Kin definition of macro ‘[01m[Ktrace[m[K’
[11.560s]    80 | #define trace(...) [01;36m[K42[m[K
[11.560s]       |                    [01;36m[K^~[m[K
[11.560s] [01m[K/home/aayush/newest_frenet_planner/src/frenet_planner_ported/src/../include/frenet_optimal_trajectory.hpp:80:20:[m[K [01;35m[Kwarning: [m[Kstatement has no effect [[01;35m[K-Wunused-value[m[K]
[11.561s]    80 | #define trace(...) [01;35m[K42[m[K
[11.561s]       |                    [01;35m[K^~[m[K
[11.561s] [01m[K/home/aayush/newest_frenet_planner/src/frenet_planner_ported/src/../include/frenet_optimal_trajectory.hpp:80:20:[m[K [01;36m[Knote: [m[Kin definition of macro ‘[01m[Ktrace[m[K’
[11.561s]    80 | #define trace(...) [01;36m[K42[m[K
[11.561s]       |                    [01;36m[K^~[m[K
[11.562s] [01m[K/home/aayush/newest_frenet_planner/src/frenet_planner_ported/src/../include/frenet_optimal_trajectory.hpp:80:20:[m[K [01;35m[Kwarning: [m[Kstatement has no effect [[01;35m[K-Wunused-value[m[K]
[11.562s]    80 | #define trace(...) [01;35m[K42[m[K
[11.562s]       |                    [01;35m[K^~[m[K
[11.571s] [01m[K/home/aayush/newest_frenet_planner/src/frenet_planner_ported/src/../include/frenet_optimal_trajectory.hpp:80:20:[m[K [01;36m[Knote: [m[Kin definition of macro ‘[01m[Ktrace[m[K’
[11.571s]    80 | #define trace(...) [01;36m[K42[m[K
[11.571s]       |                    [01;36m[K^~[m[K
[11.572s] [01m[K/home/aayush/newest_frenet_planner/src/frenet_planner_ported/src/../include/frenet_optimal_trajectory.hpp:80:20:[m[K [01;35m[Kwarning: [m[Kstatement has no effect [[01;35m[K-Wunused-value[m[K]
[11.572s]    80 | #define trace(...) [01;35m[K42[m[K
[11.572s]       |                    [01;35m[K^~[m[K
[11.572s] [01m[K/home/aayush/newest_frenet_planner/src/frenet_planner_ported/src/../include/frenet_optimal_trajectory.hpp:80:20:[m[K [01;36m[Knote: [m[Kin definition of macro ‘[01m[Ktrace[m[K’
[11.572s]    80 | #define trace(...) [01;36m[K42[m[K
[11.573s]       |                    [01;36m[K^~[m[K
[11.573s] [01m[K/home/aayush/newest_frenet_planner/src/frenet_planner_ported/src/../include/frenet_optimal_trajectory.hpp:80:20:[m[K [01;35m[Kwarning: [m[Kstatement has no effect [[01;35m[K-Wunused-value[m[K]
[11.573s]    80 | #define trace(...) [01;35m[K42[m[K
[11.573s]       |                    [01;35m[K^~[m[K
[11.574s] [01m[K/home/aayush/newest_frenet_planner/src/frenet_planner_ported/src/../include/frenet_optimal_trajectory.hpp:80:20:[m[K [01;36m[Knote: [m[Kin definition of macro ‘[01m[Ktrace[m[K’
[11.574s]    80 | #define trace(...) [01;36m[K42[m[K
[11.574s]       |                    [01;36m[K^~[m[K
[11.574s] [01m[K/home/aayush/newest_frenet_planner/src/frenet_planner_ported/src/../include/frenet_optimal_trajectory.hpp:80:20:[m[K [01;35m[Kwarning: [m[Kstatement has no effect [[01;35m[K-Wunused-value[m[K]
[11.574s]    80 | #define trace(...) [01;35m[K42[m[K
[11.575s]       |                    [01;35m[K^~[m[K
[11.575s] [01m[K/home/aayush/newest_frenet_planner/src/frenet_planner_ported/src/../include/frenet_optimal_trajectory.hpp:80:20:[m[K [01;36m[Knote: [m[Kin definition of macro ‘[01m[Ktrace[m[K’
[11.575s]    80 | #define trace(...) [01;36m[K42[m[K
[11.575s]       |                    [01;36m[K^~[m[K
[11.575s] [01m[K/home/aayush/newest_frenet_planner/src/frenet_planner_ported/src/../include/frenet_optimal_trajectory.hpp:80:20:[m[K [01;35m[Kwarning: [m[Kstatement has no effect [[01;35m[K-Wunused-value[m[K]
[11.576s]    80 | #define trace(...) [01;35m[K42[m[K
[11.576s]       |                    [01;35m[K^~[m[K
[11.576s] [01m[K/home/aayush/newest_frenet_planner/src/frenet_planner_ported/src/../include/frenet_optimal_trajectory.hpp:80:20:[m[K [01;36m[Knote: [m[Kin definition of macro ‘[01m[Ktrace[m[K’
[11.576s]    80 | #define trace(...) [01;36m[K42[m[K
[11.577s]       |                    [01;36m[K^~[m[K
[11.577s] [01m[K/home/aayush/newest_frenet_planner/src/frenet_planner_ported/src/../include/frenet_optimal_trajectory.hpp:81:59:[m[K [01;35m[Kwarning: [m[Kunused parameter ‘[01m[Kfp[m[K’ [[01;35m[K-Wunused-parameter[m[K]
[11.577s]    81 | inline ostream& operator<<(ostream& os, [01;35m[Kconst FrenetPath& fp[m[K)
[11.577s]       |                                         [01;35m[K~~~~~~~~~~~~~~~~~~^~[m[K
[11.577s] [01m[K/home/aayush/newest_frenet_planner/src/frenet_planner_ported/src/frenet_ros_obst.cpp:[m[K In function ‘[01m[Kdouble get_bot_yaw()[m[K’:
[11.578s] [01m[K/home/aayush/newest_frenet_planner/src/frenet_planner_ported/src/../include/frenet_optimal_trajectory.hpp:80:20:[m[K [01;35m[Kwarning: [m[Kstatement has no effect [[01;35m[K-Wunused-value[m[K]
[11.578s]    80 | #define trace(...) [01;35m[K42[m[K
[11.578s]       |                    [01;35m[K^~[m[K
[11.578s] [01m[K/home/aayush/newest_frenet_planner/src/frenet_planner_ported/src/../include/frenet_optimal_trajectory.hpp:80:20:[m[K [01;36m[Knote: [m[Kin definition of macro ‘[01m[Ktrace[m[K’
[11.578s]    80 | #define trace(...) [01;36m[K42[m[K
[11.579s]       |                    [01;36m[K^~[m[K
[11.579s] [01m[K/home/aayush/newest_frenet_planner/src/frenet_planner_ported/src/frenet_ros_obst.cpp:[m[K In function ‘[01m[Kvoid initial_conditions_path(Spline2D&, double&, double&, double&, double&, double&, double&, FrenetPath&)[m[K’:
[11.579s] [01m[K/home/aayush/newest_frenet_planner/src/frenet_planner_ported/src/frenet_ros_obst.cpp:56:40:[m[K [01;35m[Kwarning: [m[Kunused parameter ‘[01m[Kcsp[m[K’ [[01;35m[K-Wunused-parameter[m[K]
[11.579s]    56 | void initial_conditions_path([01;35m[KSpline2D &csp[m[K, double &s0, double &c_speed, double &c_d, double &c_d_d,
[11.579s]       |                              [01;35m[K~~~~~~~~~~^~~[m[K
[11.580s] In file included from [01m[K/home/aayush/newest_frenet_planner/src/frenet_planner_ported/src/frenet_ros_obst.cpp:2[m[K:
[11.580s] [01m[K/home/aayush/newest_frenet_planner/src/frenet_planner_ported/src/frenet_ros_obst.cpp:[m[K In function ‘[01m[Kint initial_conditions_new(Spline2D&, vecD&, vecD&, vecD&, vecD&, vecD&, double&, double&, double&, double&, double&, double&, FrenetPath&)[m[K’:
[11.580s] [01m[K/home/aayush/newest_frenet_planner/src/frenet_planner_ported/src/../include/frenet_optimal_trajectory.hpp:80:20:[m[K [01;35m[Kwarning: [m[Kstatement has no effect [[01;35m[K-Wunused-value[m[K]
[11.580s]    80 | #define trace(...) [01;35m[K42[m[K
[11.580s]       |                    [01;35m[K^~[m[K
[11.581s] [01m[K/home/aayush/newest_frenet_planner/src/frenet_planner_ported/src/../include/frenet_optimal_trajectory.hpp:80:20:[m[K [01;36m[Knote: [m[Kin definition of macro ‘[01m[Ktrace[m[K’
[11.581s]    80 | #define trace(...) [01;36m[K42[m[K
[11.581s]       |                    [01;36m[K^~[m[K
[11.581s] [01m[K/home/aayush/newest_frenet_planner/src/frenet_planner_ported/src/../include/frenet_optimal_trajectory.hpp:80:20:[m[K [01;35m[Kwarning: [m[Kstatement has no effect [[01;35m[K-Wunused-value[m[K]
[11.581s]    80 | #define trace(...) [01;35m[K42[m[K
[11.582s]       |                    [01;35m[K^~[m[K
[11.582s] [01m[K/home/aayush/newest_frenet_planner/src/frenet_planner_ported/src/../include/frenet_optimal_trajectory.hpp:80:20:[m[K [01;36m[Knote: [m[Kin definition of macro ‘[01m[Ktrace[m[K’
[11.582s]    80 | #define trace(...) [01;36m[K42[m[K
[11.582s]       |                    [01;36m[K^~[m[K
[11.583s] [01m[K/home/aayush/newest_frenet_planner/src/frenet_planner_ported/src/frenet_ros_obst.cpp:72:38:[m[K [01;35m[Kwarning: [m[Kunused parameter ‘[01m[Kcsp[m[K’ [[01;35m[K-Wunused-parameter[m[K]
[11.583s]    72 | int initial_conditions_new([01;35m[KSpline2D &csp[m[K, vecD &global_s, vecD &global_x, vecD &global_y,
[11.583s]       |                            [01;35m[K~~~~~~~~~~^~~[m[K
[11.611s] In file included from [01m[K/home/aayush/newest_frenet_planner/src/frenet_planner_ported/src/frenet_ros_obst.cpp:2[m[K:
[11.611s] [01m[K/home/aayush/newest_frenet_planner/src/frenet_planner_ported/src/frenet_ros_obst.cpp:[m[K In function ‘[01m[Kint main(int, char**)[m[K’:
[11.612s] [01m[K/home/aayush/newest_frenet_planner/src/frenet_planner_ported/src/../include/frenet_optimal_trajectory.hpp:80:20:[m[K [01;35m[Kwarning: [m[Kstatement has no effect [[01;35m[K-Wunused-value[m[K]
[11.612s]    80 | #define trace(...) [01;35m[K42[m[K
[11.612s]       |                    [01;35m[K^~[m[K
[11.612s] [01m[K/home/aayush/newest_frenet_planner/src/frenet_planner_ported/src/../include/frenet_optimal_trajectory.hpp:80:20:[m[K [01;36m[Knote: [m[Kin definition of macro ‘[01m[Ktrace[m[K’
[11.613s]    80 | #define trace(...) [01;36m[K42[m[K
[11.613s]       |                    [01;36m[K^~[m[K
[11.614s] [01m[K/home/aayush/newest_frenet_planner/src/frenet_planner_ported/src/frenet_ros_obst.cpp:221:83:[m[K [01;31m[Kerror: [m[Kuse of deleted function ‘[01m[KFrenetPath::FrenetPath(const FrenetPath&)[m[K’
[11.614s]   221 | l_planning(csp, s0, c_speed, c_d, c_d_d, c_d_dd, lp, bot_yaw[01;31m[K)[m[K;
[11.614s]       |                                                             [01;31m[K^[m[K
[11.614s] 
[11.615s] In file included from [01m[K/home/aayush/newest_frenet_planner/src/frenet_planner_ported/src/frenet_ros_obst.cpp:2[m[K:
[11.615s] [01m[K/home/aayush/newest_frenet_planner/src/frenet_planner_ported/src/../include/frenet_optimal_trajectory.hpp:9:7:[m[K [01;36m[Knote: [m[K‘[01m[KFrenetPath::FrenetPath(const FrenetPath&)[m[K’ is implicitly deleted because the default definition would be ill-formed:
[11.615s]     9 | class [01;36m[KFrenetPath[m[K: public FrenetClass{
[11.615s]       |       [01;36m[K^~~~~~~~~~[m[K
[11.615s] [01m[K/home/aayush/newest_frenet_planner/src/frenet_planner_ported/src/../include/frenet_optimal_trajectory.hpp:9:7:[m[K [01;31m[Kerror: [m[Kuse of deleted function ‘[01m[KFrenetClass::FrenetClass(const FrenetClass&)[m[K’
[11.616s] In file included from [01m[K/home/aayush/newest_frenet_planner/src/frenet_planner_ported/src/frenet_ros_obst.cpp:1[m[K:
[11.616s] [01m[K/home/aayush/newest_frenet_planner/src/frenet_planner_ported/src/../include/frenet_class.hpp:55:7:[m[K [01;36m[Knote: [m[K‘[01m[KFrenetClass::FrenetClass(const FrenetClass&)[m[K’ is implicitly deleted because the default definition would be ill-formed:
[11.616s]    55 | class [01;36m[KFrenetClass[m[K : public rclcpp::Node {
[11.616s]       |       [01;36m[K^~~~~~~~~~~[m[K
[11.616s] [01m[K/home/aayush/newest_frenet_planner/src/frenet_planner_ported/src/../include/frenet_class.hpp:55:7:[m[K [01;31m[Kerror: [m[Kuse of deleted function ‘[01m[Krclcpp::Node::Node(const rclcpp::Node&)[m[K’
[11.617s] In file included from [01m[K/opt/ros/foxy/include/rclcpp/context.hpp:33[m[K,
[11.617s]                  from [01m[K/opt/ros/foxy/include/rclcpp/contexts/default_context.hpp:18[m[K,
[11.617s]                  from [01m[K/opt/ros/foxy/include/rclcpp/executor.hpp:32[m[K,
[11.617s]                  from [01m[K/opt/ros/foxy/include/rclcpp/executors/multi_threaded_executor.hpp:25[m[K,
[11.617s]                  from [01m[K/opt/ros/foxy/include/rclcpp/executors.hpp:21[m[K,
[11.618s]                  from [01m[K/opt/ros/foxy/include/rclcpp/rclcpp.hpp:146[m[K,
[11.618s]                  from [01m[K/home/aayush/newest_frenet_planner/src/frenet_planner_ported/src/../include/frenet_class.hpp:4[m[K,
[11.618s]                  from [01m[K/home/aayush/newest_frenet_planner/src/frenet_planner_ported/src/frenet_ros_obst.cpp:1[m[K:
[11.618s] [01m[K/opt/ros/foxy/include/rclcpp/node.hpp:1195:3:[m[K [01;36m[Knote: [m[Kdeclared here
[11.619s]  1195 |   [01;36m[KRCLCPP_DISABLE_COPY[m[K(Node)
[11.619s]       |   [01;36m[K^~~~~~~~~~~~~~~~~~~[m[K
[11.619s] In file included from [01m[K/home/aayush/newest_frenet_planner/src/frenet_planner_ported/src/frenet_ros_obst.cpp:2[m[K:
[11.619s] [01m[K/home/aayush/newest_frenet_planner/src/frenet_planner_ported/src/../include/frenet_optimal_trajectory.hpp:68:86:[m[K [01;36m[Knote: [m[K  initializing argument 7 of ‘[01m[KFrenetPath frenet_optimal_planning(Spline2D, double, double, double, double, double, FrenetPath, double)[m[K’
[11.619s]    68 | optimal_planning(Spline2D, double, double, double, double, double, [01;36m[KFrenetPath[m[K,
[11.620s]       |                                                                    [01;36m[K^~~~~~~~~~[m[K
[11.620s] 
[11.631s] [01m[K/home/aayush/newest_frenet_planner/src/frenet_planner_ported/src/frenet_ros_obst.cpp:242:8:[m[K [01;31m[Kerror: [m[Kuse of deleted function ‘[01m[KFrenetPath& FrenetPath::operator=(const FrenetPath&)[m[K’
[11.631s]   242 |   lp = [01;31m[Kpath[m[K;
[11.631s]       |        [01;31m[K^~~~[m[K
[11.631s] In file included from [01m[K/home/aayush/newest_frenet_planner/src/frenet_planner_ported/src/frenet_ros_obst.cpp:2[m[K:
[11.632s] [01m[K/home/aayush/newest_frenet_planner/src/frenet_planner_ported/src/../include/frenet_optimal_trajectory.hpp:9:7:[m[K [01;36m[Knote: [m[K‘[01m[KFrenetPath& FrenetPath::operator=(const FrenetPath&)[m[K’ is implicitly deleted because the default definition would be ill-formed:
[11.632s]     9 | class [01;36m[KFrenetPath[m[K: public FrenetClass{
[11.632s]       |       [01;36m[K^~~~~~~~~~[m[K
[11.632s] [01m[K/home/aayush/newest_frenet_planner/src/frenet_planner_ported/src/../include/frenet_optimal_trajectory.hpp:9:7:[m[K [01;31m[Kerror: [m[Kuse of deleted function ‘[01m[KFrenetClass& FrenetClass::operator=(const FrenetClass&)[m[K’
[11.632s] In file included from [01m[K/home/aayush/newest_frenet_planner/src/frenet_planner_ported/src/frenet_ros_obst.cpp:1[m[K:
[11.633s] [01m[K/home/aayush/newest_frenet_planner/src/frenet_planner_ported/src/../include/frenet_class.hpp:55:7:[m[K [01;36m[Knote: [m[K‘[01m[KFrenetClass& FrenetClass::operator=(const FrenetClass&)[m[K’ is implicitly deleted because the default definition would be ill-formed:
[11.633s]    55 | class [01;36m[KFrenetClass[m[K : public rclcpp::Node {
[11.633s]       |       [01;36m[K^~~~~~~~~~~[m[K
[11.633s] [01m[K/home/aayush/newest_frenet_planner/src/frenet_planner_ported/src/../include/frenet_class.hpp:55:7:[m[K [01;31m[Kerror: [m[Kuse of deleted function ‘[01m[Krclcpp::Node& rclcpp::Node::operator=(const rclcpp::Node&)[m[K’
[11.633s] In file included from [01m[K/opt/ros/foxy/include/rclcpp/context.hpp:33[m[K,
[11.634s]                  from [01m[K/opt/ros/foxy/include/rclcpp/contexts/default_context.hpp:18[m[K,
[11.634s]                  from [01m[K/opt/ros/foxy/include/rclcpp/executor.hpp:32[m[K,
[11.634s]                  from [01m[K/opt/ros/foxy/include/rclcpp/executors/multi_threaded_executor.hpp:25[m[K,
[11.634s]                  from [01m[K/opt/ros/foxy/include/rclcpp/executors.hpp:21[m[K,
[11.634s]                  from [01m[K/opt/ros/foxy/include/rclcpp/rclcpp.hpp:146[m[K,
[11.635s]                  from [01m[K/home/aayush/newest_frenet_planner/src/frenet_planner_ported/src/../include/frenet_class.hpp:4[m[K,
[11.635s]                  from [01m[K/home/aayush/newest_frenet_planner/src/frenet_planner_ported/src/frenet_ros_obst.cpp:1[m[K:
[11.635s] [01m[K/opt/ros/foxy/include/rclcpp/node.hpp:1195:3:[m[K [01;36m[Knote: [m[Kdeclared here
[11.635s]  1195 |   [01;36m[KRCLCPP_DISABLE_COPY[m[K(Node)
[11.636s]       |   [01;36m[K^~~~~~~~~~~~~~~~~~~[m[K
[11.691s] [01m[K/home/aayush/newest_frenet_planner/src/frenet_planner_ported/src/frenet_ros_obst.cpp:175:10:[m[K [01;35m[Kwarning: [m[Kunused variable ‘[01m[KstartTime1[m[K’ [[01;35m[K-Wunused-variable[m[K]
[11.691s]   175 |   double [01;35m[KstartTime1[m[K = omp_get_wtime();
[11.691s]       |          [01;35m[K^~~~~~~~~~[m[K
[11.691s] [01m[K/home/aayush/newest_frenet_planner/src/frenet_planner_ported/src/frenet_ros_obst.cpp:194:10:[m[K [01;35m[Kwarning: [m[Kunused variable ‘[01m[KendTime1[m[K’ [[01;35m[K-Wunused-variable[m[K]
[11.691s]   194 |   double [01;35m[KendTime1[m[K = omp_get_wtime();
[11.692s]       |          [01;35m[K^~~~~~~~[m[K
[11.692s] [01m[K/home/aayush/newest_frenet_planner/src/frenet_planner_ported/src/frenet_ros_obst.cpp:273:10:[m[K [01;35m[Kwarning: [m[Kunused variable ‘[01m[KstartTime3[m[K’ [[01;35m[K-Wunused-variable[m[K]
[11.692s]   273 |   double [01;35m[KstartTime3[m[K = omp_get_wtime();
[11.692s]       |          [01;35m[K^~~~~~~~~~[m[K
[11.695s] [01m[K/home/aayush/newest_frenet_planner/src/frenet_planner_ported/src/frenet_ros_obst.cpp:276:10:[m[K [01;35m[Kwarning: [m[Kunused variable ‘[01m[KendTime3[m[K’ [[01;35m[K-Wunused-variable[m[K]
[11.696s]   276 |   double [01;35m[KendTime3[m[K = omp_get_wtime();
[11.696s]       |          [01;35m[K^~~~~~~~[m[K
[11.696s] [01m[K/home/aayush/newest_frenet_planner/src/frenet_planner_ported/src/frenet_ros_obst.cpp:131:7:[m[K [01;35m[Kwarning: [m[Kunused variable ‘[01m[KgotOdom[m[K’ [[01;35m[K-Wunused-variable[m[K]
[11.696s]   131 |  bool [01;35m[KgotOdom[m[K = false;
[11.697s]       |       [01;35m[K^~~~~~~[m[K
[11.697s] [01m[K/home/aayush/newest_frenet_planner/src/frenet_planner_ported/src/frenet_ros_obst.cpp:165:9:[m[K [01;35m[Kwarning: [m[Kunused variable ‘[01m[Kpltbasetime[m[K’ [[01;35m[K-Wunused-variable[m[K]
[11.697s]   165 |  double [01;35m[Kpltbasetime[m[K = omp_get_wtime();
[11.697s]       |         [01;35m[K^~~~~~~~~~~[m[K
[11.697s] [01m[K/home/aayush/newest_frenet_planner/src/frenet_planner_ported/src/frenet_ros_obst.cpp:167:6:[m[K [01;35m[Kwarning: [m[Kunused variable ‘[01m[Kiteration_count[m[K’ [[01;35m[K-Wunused-variable[m[K]
[11.698s]   167 |  int [01;35m[Kiteration_count[m[K = 1;
[11.698s]       |      [01;35m[K^~~~~~~~~~~~~~~[m[K
[12.945s] make[2]: *** [CMakeFiles/frenet_ros_obst.dir/build.make:76: CMakeFiles/frenet_ros_obst.dir/src/frenet_planner.cpp.o] Error 1
[12.945s] make[2]: *** Waiting for unfinished jobs....
[21.337s] make[2]: *** [CMakeFiles/frenet_ros_obst.dir/build.make:63: CMakeFiles/frenet_ros_obst.dir/src/frenet_ros_obst.cpp.o] Error 1
[21.337s] make[1]: *** [CMakeFiles/Makefile2:78: CMakeFiles/frenet_ros_obst.dir/all] Error 2
[21.338s] make: *** [Makefile:141: all] Error 2
[21.342s] Invoked command in '/home/aayush/newest_frenet_planner/build/frenet_planner_ported' returned '2': CMAKE_PREFIX_PATH=${CMAKE_PREFIX_PATH}:/home/aayush/newest_frenet_planner/install/dummy:/opt/ros/foxy /usr/bin/cmake --build /home/aayush/newest_frenet_planner/build/frenet_planner_ported -- -j2 -l2
