[0.978s] Invoking command in '/home/aayush/newest_frenet_planner/build/frenet_planner_ported': CMAKE_PREFIX_PATH=${CMAKE_PREFIX_PATH}:/home/aayush/newest_frenet_planner/install/dummy:/opt/ros/foxy /usr/bin/cmake --build /home/aayush/newest_frenet_planner/build/frenet_planner_ported -- -j2 -l2
[1.352s] [35m[1mScanning dependencies of target frenet_ros_obst[0m
[1.788s] [ 20%] [32mBuilding CXX object CMakeFiles/frenet_ros_obst.dir/src/frenet_ros_obst.cpp.o[0m
[1.860s] [ 40%] [32mBuilding CXX object CMakeFiles/frenet_ros_obst.dir/src/frenet_planner.cpp.o[0m
[6.898s] In file included from [01m[K/home/aayush/newest_frenet_planner/src/frenet_planner_ported/src/frenet_ros_obst.cpp:2[m[K:
[6.899s] [01m[K/home/aayush/newest_frenet_planner/src/frenet_planner_ported/src/../include/frenet_optimal_trajectory.hpp:10:1:[m[K [01;31m[Kerror: [m[Kexpected class-name before ‘[01m[K{[m[K’ token
[6.899s]    10 | [01;31m[K{[m[K
[6.899s]       | [01;31m[K^[m[K
[6.902s] [01m[K/home/aayush/newest_frenet_planner/src/frenet_planner_ported/src/../include/frenet_optimal_trajectory.hpp:[m[K In function ‘[01m[Kstd::ostream& operator<<(std::ostream&, const FrenetPath&)[m[K’:
[6.903s] [01m[K/home/aayush/newest_frenet_planner/src/frenet_planner_ported/src/../include/frenet_optimal_trajectory.hpp:82:20:[m[K [01;35m[Kwarning: [m[Kstatement has no effect [[01;35m[K-Wunused-value[m[K]
[6.903s]    82 | #define trace(...) [01;35m[K42[m[K
[6.903s]       |                    [01;35m[K^~[m[K
[6.904s] [01m[K/home/aayush/newest_frenet_planner/src/frenet_planner_ported/src/../include/frenet_optimal_trajectory.hpp:85:3:[m[K [01;36m[Knote: [m[Kin expansion of macro ‘[01m[Ktrace[m[K’
[6.904s]    85 |   [01;36m[Ktrace[m[K(fp.t);
[6.904s]       |   [01;36m[K^~~~~[m[K
[6.905s] [01m[K/home/aayush/newest_frenet_planner/src/frenet_planner_ported/src/../include/frenet_optimal_trajectory.hpp:82:20:[m[K [01;35m[Kwarning: [m[Kstatement has no effect [[01;35m[K-Wunused-value[m[K]
[6.905s]    82 | #define trace(...) [01;35m[K42[m[K
[6.905s]       |                    [01;35m[K^~[m[K
[6.906s] [01m[K/home/aayush/newest_frenet_planner/src/frenet_planner_ported/src/../include/frenet_optimal_trajectory.hpp:86:3:[m[K [01;36m[Knote: [m[Kin expansion of macro ‘[01m[Ktrace[m[K’
[6.906s]    86 |   [01;36m[Ktrace[m[K(fp.d);
[6.906s]       |   [01;36m[K^~~~~[m[K
[6.907s] [01m[K/home/aayush/newest_frenet_planner/src/frenet_planner_ported/src/../include/frenet_optimal_trajectory.hpp:82:20:[m[K [01;35m[Kwarning: [m[Kstatement has no effect [[01;35m[K-Wunused-value[m[K]
[6.908s]    82 | #define trace(...) [01;35m[K42[m[K
[6.908s]       |                    [01;35m[K^~[m[K
[6.909s] [01m[K/home/aayush/newest_frenet_planner/src/frenet_planner_ported/src/../include/frenet_optimal_trajectory.hpp:87:3:[m[K [01;36m[Knote: [m[Kin expansion of macro ‘[01m[Ktrace[m[K’
[6.909s]    87 |   [01;36m[Ktrace[m[K(fp.d_d);
[6.909s]       |   [01;36m[K^~~~~[m[K
[6.910s] [01m[K/home/aayush/newest_frenet_planner/src/frenet_planner_ported/src/../include/frenet_optimal_trajectory.hpp:82:20:[m[K [01;35m[Kwarning: [m[Kstatement has no effect [[01;35m[K-Wunused-value[m[K]
[6.910s]    82 | #define trace(...) [01;35m[K42[m[K
[6.911s]       |                    [01;35m[K^~[m[K
[6.911s] [01m[K/home/aayush/newest_frenet_planner/src/frenet_planner_ported/src/../include/frenet_optimal_trajectory.hpp:88:3:[m[K [01;36m[Knote: [m[Kin expansion of macro ‘[01m[Ktrace[m[K’
[6.911s]    88 |   [01;36m[Ktrace[m[K(fp.d_dd);
[6.912s]       |   [01;36m[K^~~~~[m[K
[6.913s] [01m[K/home/aayush/newest_frenet_planner/src/frenet_planner_ported/src/../include/frenet_optimal_trajectory.hpp:82:20:[m[K [01;35m[Kwarning: [m[Kstatement has no effect [[01;35m[K-Wunused-value[m[K]
[6.913s]    82 | #define trace(...) [01;35m[K42[m[K
[6.913s]       |                    [01;35m[K^~[m[K
[6.914s] [01m[K/home/aayush/newest_frenet_planner/src/frenet_planner_ported/src/../include/frenet_optimal_trajectory.hpp:89:3:[m[K [01;36m[Knote: [m[Kin expansion of macro ‘[01m[Ktrace[m[K’
[6.914s]    89 |   [01;36m[Ktrace[m[K(fp.d_ddd);
[6.914s]       |   [01;36m[K^~~~~[m[K
[6.915s] [01m[K/home/aayush/newest_frenet_planner/src/frenet_planner_ported/src/../include/frenet_optimal_trajectory.hpp:82:20:[m[K [01;35m[Kwarning: [m[Kstatement has no effect [[01;35m[K-Wunused-value[m[K]
[6.915s]    82 | #define trace(...) [01;35m[K42[m[K
[6.915s]       |                    [01;35m[K^~[m[K
[6.915s] [01m[K/home/aayush/newest_frenet_planner/src/frenet_planner_ported/src/../include/frenet_optimal_trajectory.hpp:90:3:[m[K [01;36m[Knote: [m[Kin expansion of macro ‘[01m[Ktrace[m[K’
[6.916s]    90 |   [01;36m[Ktrace[m[K(fp.s);
[6.916s]       |   [01;36m[K^~~~~[m[K
[6.922s] [01m[K/home/aayush/newest_frenet_planner/src/frenet_planner_ported/src/../include/frenet_optimal_trajectory.hpp:82:20:[m[K [01;35m[Kwarning: [m[Kstatement has no effect [[01;35m[K-Wunused-value[m[K]
[6.922s]    82 | #define trace(...) [01;35m[K42[m[K
[6.923s]       |                    [01;35m[K^~[m[K
[6.923s] [01m[K/home/aayush/newest_frenet_planner/src/frenet_planner_ported/src/../include/frenet_optimal_trajectory.hpp:91:3:[m[K [01;36m[Knote: [m[Kin expansion of macro ‘[01m[Ktrace[m[K’
[6.923s]    91 |   [01;36m[Ktrace[m[K(fp.s_d);
[6.923s]       |   [01;36m[K^~~~~[m[K
[6.923s] [01m[K/home/aayush/newest_frenet_planner/src/frenet_planner_ported/src/../include/frenet_optimal_trajectory.hpp:82:20:[m[K [01;35m[Kwarning: [m[Kstatement has no effect [[01;35m[K-Wunused-value[m[K]
[6.924s]    82 | #define trace(...) [01;35m[K42[m[K
[6.924s]       |                    [01;35m[K^~[m[K
[6.924s] [01m[K/home/aayush/newest_frenet_planner/src/frenet_planner_ported/src/../include/frenet_optimal_trajectory.hpp:92:3:[m[K [01;36m[Knote: [m[Kin expansion of macro ‘[01m[Ktrace[m[K’
[6.924s]    92 |   [01;36m[Ktrace[m[K(fp.s_dd);
[6.924s]       |   [01;36m[K^~~~~[m[K
[6.925s] [01m[K/home/aayush/newest_frenet_planner/src/frenet_planner_ported/src/../include/frenet_optimal_trajectory.hpp:82:20:[m[K [01;35m[Kwarning: [m[Kstatement has no effect [[01;35m[K-Wunused-value[m[K]
[6.925s]    82 | #define trace(...) [01;35m[K42[m[K
[6.925s]       |                    [01;35m[K^~[m[K
[6.925s] [01m[K/home/aayush/newest_frenet_planner/src/frenet_planner_ported/src/../include/frenet_optimal_trajectory.hpp:93:3:[m[K [01;36m[Knote: [m[Kin expansion of macro ‘[01m[Ktrace[m[K’
[6.926s]    93 |   [01;36m[Ktrace[m[K(fp.s_ddd);
[6.926s]       |   [01;36m[K^~~~~[m[K
[6.926s] [01m[K/home/aayush/newest_frenet_planner/src/frenet_planner_ported/src/../include/frenet_optimal_trajectory.hpp:82:20:[m[K [01;35m[Kwarning: [m[Kstatement has no effect [[01;35m[K-Wunused-value[m[K]
[6.926s]    82 | #define trace(...) [01;35m[K42[m[K
[6.927s]       |                    [01;35m[K^~[m[K
[6.927s] [01m[K/home/aayush/newest_frenet_planner/src/frenet_planner_ported/src/../include/frenet_optimal_trajectory.hpp:94:3:[m[K [01;36m[Knote: [m[Kin expansion of macro ‘[01m[Ktrace[m[K’
[6.927s]    94 |   [01;36m[Ktrace[m[K(fp.x);
[6.927s]       |   [01;36m[K^~~~~[m[K
[6.928s] [01m[K/home/aayush/newest_frenet_planner/src/frenet_planner_ported/src/../include/frenet_optimal_trajectory.hpp:82:20:[m[K [01;35m[Kwarning: [m[Kstatement has no effect [[01;35m[K-Wunused-value[m[K]
[6.928s]    82 | #define trace(...) [01;35m[K42[m[K
[6.928s]       |                    [01;35m[K^~[m[K
[6.936s] [01m[K/home/aayush/newest_frenet_planner/src/frenet_planner_ported/src/../include/frenet_optimal_trajectory.hpp:95:3:[m[K [01;36m[Knote: [m[Kin expansion of macro ‘[01m[Ktrace[m[K’
[6.937s]    95 |   [01;36m[Ktrace[m[K(fp.y);
[6.937s]       |   [01;36m[K^~~~~[m[K
[6.937s] [01m[K/home/aayush/newest_frenet_planner/src/frenet_planner_ported/src/../include/frenet_optimal_trajectory.hpp:82:20:[m[K [01;35m[Kwarning: [m[Kstatement has no effect [[01;35m[K-Wunused-value[m[K]
[6.937s]    82 | #define trace(...) [01;35m[K42[m[K
[6.938s]       |                    [01;35m[K^~[m[K
[6.938s] [01m[K/home/aayush/newest_frenet_planner/src/frenet_planner_ported/src/../include/frenet_optimal_trajectory.hpp:96:3:[m[K [01;36m[Knote: [m[Kin expansion of macro ‘[01m[Ktrace[m[K’
[6.938s]    96 |   [01;36m[Ktrace[m[K(fp.yaw);
[6.938s]       |   [01;36m[K^~~~~[m[K
[6.938s] [01m[K/home/aayush/newest_frenet_planner/src/frenet_planner_ported/src/../include/frenet_optimal_trajectory.hpp:82:20:[m[K [01;35m[Kwarning: [m[Kstatement has no effect [[01;35m[K-Wunused-value[m[K]
[6.939s]    82 | #define trace(...) [01;35m[K42[m[K
[6.939s]       |                    [01;35m[K^~[m[K
[6.939s] [01m[K/home/aayush/newest_frenet_planner/src/frenet_planner_ported/src/../include/frenet_optimal_trajectory.hpp:97:3:[m[K [01;36m[Knote: [m[Kin expansion of macro ‘[01m[Ktrace[m[K’
[6.940s]    97 |   [01;36m[Ktrace[m[K(fp.ds);
[6.940s]       |   [01;36m[K^~~~~[m[K
[6.940s] [01m[K/home/aayush/newest_frenet_planner/src/frenet_planner_ported/src/../include/frenet_optimal_trajectory.hpp:83:59:[m[K [01;35m[Kwarning: [m[Kunused parameter ‘[01m[Kfp[m[K’ [[01;35m[K-Wunused-parameter[m[K]
[6.940s]    83 | inline ostream& operator<<(ostream& os, [01;35m[Kconst FrenetPath& fp[m[K)
[6.941s]       |                                         [01;35m[K~~~~~~~~~~~~~~~~~~^~[m[K
[6.941s] [01m[K/home/aayush/newest_frenet_planner/src/frenet_planner_ported/src/frenet_ros_obst.cpp:[m[K At global scope:
[6.941s] [01m[K/home/aayush/newest_frenet_planner/src/frenet_planner_ported/src/frenet_ros_obst.cpp:6:17:[m[K [01;31m[Kerror: [m[K‘[01m[Kmatplotlibcpp[m[K’ is not a namespace-name
[6.942s]     6 | namespace plt = [01;31m[Kmatplotlibcpp[m[K;
[6.942s]       |                 [01;31m[K^~~~~~~~~~~~~[m[K
[6.942s] [01m[K/home/aayush/newest_frenet_planner/src/frenet_planner_ported/src/frenet_ros_obst.cpp:[m[K In function ‘[01m[Kvoid find_nearest_in_global_path(vecD&, vecD&, double&, double&, double&, int&, int, FrenetPath&)[m[K’:
[6.942s] [01m[K/home/aayush/newest_frenet_planner/src/frenet_planner_ported/src/frenet_ros_obst.cpp:31:12:[m[K [01;31m[Kerror: [m[K‘[01m[KFLT_MAX[m[K’ was not declared in this scope
[6.943s]    31 |  min_dis = [01;31m[KFLT_MAX[m[K;
[6.943s]       |            [01;31m[K^~~~~~~[m[K
[6.943s] [01m[K/home/aayush/newest_frenet_planner/src/frenet_planner_ported/src/frenet_ros_obst.cpp:4:1:[m[K [01;36m[Knote: [m[K‘[01m[KFLT_MAX[m[K’ is defined in header ‘[01m[K<cfloat>[m[K’; did you forget to ‘[01m[K#include <cfloat>[m[K’?
[6.944s]     3 | #include "../include/cubic_spline_planner.hpp"
[6.944s]   +++ |+[32m[K#include <cfloat>[m[K
[6.956s]     4 | //#include "../include/parameters.hpp"    //COMMIT CHANGE HERE
[6.956s] [01m[K/home/aayush/newest_frenet_planner/src/frenet_planner_ported/src/frenet_ros_obst.cpp:[m[K In function ‘[01m[Kdouble get_bot_yaw()[m[K’:
[6.956s] [01m[K/home/aayush/newest_frenet_planner/src/frenet_planner_ported/src/frenet_ros_obst.cpp:48:2:[m[K [01;31m[Kerror: [m[K‘[01m[Ktf2[m[K’ has not been declared
[6.957s]    48 |  [01;31m[Ktf2[m[K::Quaternion q(p.orientation.x, p.orientation.y, p.orientation.z, p.orientation.w);
[6.957s]       |  [01;31m[K^~~[m[K
[6.957s] [01m[K/home/aayush/newest_frenet_planner/src/frenet_planner_ported/src/frenet_ros_obst.cpp:49:2:[m[K [01;31m[Kerror: [m[K‘[01m[Ktf2[m[K’ has not been declared
[6.957s]    49 |  [01;31m[Ktf2[m[K::Matrix3x3 m(q);
[6.957s]       |  [01;31m[K^~~[m[K
[6.958s] [01m[K/home/aayush/newest_frenet_planner/src/frenet_planner_ported/src/frenet_ros_obst.cpp:51:2:[m[K [01;31m[Kerror: [m[K‘[01m[Km[m[K’ was not declared in this scope
[6.958s]    51 |  [01;31m[Km[m[K.getRPY(roll, pitch, yaw);
[6.958s]       |  [01;31m[K^[m[K
[6.958s] In file included from [01m[K/home/aayush/newest_frenet_planner/src/frenet_planner_ported/src/frenet_ros_obst.cpp:2[m[K:
[6.958s] [01m[K/home/aayush/newest_frenet_planner/src/frenet_planner_ported/src/../include/frenet_optimal_trajectory.hpp:82:20:[m[K [01;35m[Kwarning: [m[Kstatement has no effect [[01;35m[K-Wunused-value[m[K]
[6.959s]    82 | #define trace(...) [01;35m[K42[m[K
[6.959s]       |                    [01;35m[K^~[m[K
[6.959s] [01m[K/home/aayush/newest_frenet_planner/src/frenet_planner_ported/src/frenet_ros_obst.cpp:52:2:[m[K [01;36m[Knote: [m[Kin expansion of macro ‘[01m[Ktrace[m[K’
[6.959s]    52 |  [01;36m[Ktrace[m[K(yaw, pitch, roll); // is -nan
[6.959s]       |  [01;36m[K^~~~~[m[K
[6.960s] [01m[K/home/aayush/newest_frenet_planner/src/frenet_planner_ported/src/frenet_ros_obst.cpp:[m[K In function ‘[01m[Kvoid initial_conditions_path(Spline2D&, double&, double&, double&, double&, double&, double&, FrenetPath&)[m[K’:
[6.960s] [01m[K/home/aayush/newest_frenet_planner/src/frenet_planner_ported/src/frenet_ros_obst.cpp:56:40:[m[K [01;35m[Kwarning: [m[Kunused parameter ‘[01m[Kcsp[m[K’ [[01;35m[K-Wunused-parameter[m[K]
[6.960s]    56 | void initial_conditions_path([01;35m[KSpline2D &csp[m[K, double &s0, double &c_speed, double &c_d, double &c_d_d,
[6.960s]       |                              [01;35m[K~~~~~~~~~~^~~[m[K
[6.961s] In file included from [01m[K/home/aayush/newest_frenet_planner/src/frenet_planner_ported/src/frenet_ros_obst.cpp:2[m[K:
[6.962s] [01m[K/home/aayush/newest_frenet_planner/src/frenet_planner_ported/src/frenet_ros_obst.cpp:[m[K In function ‘[01m[Kint initial_conditions_new(Spline2D&, vecD&, vecD&, vecD&, vecD&, vecD&, double&, double&, double&, double&, double&, double&, FrenetPath&)[m[K’:
[6.962s] [01m[K/home/aayush/newest_frenet_planner/src/frenet_planner_ported/src/../include/frenet_optimal_trajectory.hpp:82:20:[m[K [01;35m[Kwarning: [m[Kstatement has no effect [[01;35m[K-Wunused-value[m[K]
[6.962s]    82 | #define trace(...) [01;35m[K42[m[K
[6.962s]       |                    [01;35m[K^~[m[K
[6.964s] [01m[K/home/aayush/newest_frenet_planner/src/frenet_planner_ported/src/frenet_ros_obst.cpp:97:2:[m[K [01;36m[Knote: [m[Kin expansion of macro ‘[01m[Ktrace[m[K’
[6.964s]    97 |  [01;36m[Ktrace[m[K(bot_yaw, g_path_yaw);
[6.965s]       |  [01;36m[K^~~~~[m[K
[6.965s] [01m[K/home/aayush/newest_frenet_planner/src/frenet_planner_ported/src/../include/frenet_optimal_trajectory.hpp:82:20:[m[K [01;35m[Kwarning: [m[Kstatement has no effect [[01;35m[K-Wunused-value[m[K]
[6.965s]    82 | #define trace(...) [01;35m[K42[m[K
[6.965s]       |                    [01;35m[K^~[m[K
[6.965s] [01m[K/home/aayush/newest_frenet_planner/src/frenet_planner_ported/src/frenet_ros_obst.cpp:99:2:[m[K [01;36m[Knote: [m[Kin expansion of macro ‘[01m[Ktrace[m[K’
[6.966s]    99 |  [01;36m[Ktrace[m[K(delta_theta);
[6.966s]       |  [01;36m[K^~~~~[m[K
[6.973s] [01m[K/home/aayush/newest_frenet_planner/src/frenet_planner_ported/src/frenet_ros_obst.cpp:72:38:[m[K [01;35m[Kwarning: [m[Kunused parameter ‘[01m[Kcsp[m[K’ [[01;35m[K-Wunused-parameter[m[K]
[6.973s]    72 | int initial_conditions_new([01;35m[KSpline2D &csp[m[K, vecD &global_s, vecD &global_x, vecD &global_y,
[6.973s]       |                            [01;35m[K~~~~~~~~~~^~~[m[K
[6.973s] [01m[K/home/aayush/newest_frenet_planner/src/frenet_planner_ported/src/frenet_ros_obst.cpp:[m[K At global scope:
[6.974s] [01m[K/home/aayush/newest_frenet_planner/src/frenet_planner_ported/src/frenet_ros_obst.cpp:108:33:[m[K [01;31m[Kerror: [m[Kvariable or field ‘[01m[KpublishPath[m[K’ declared void
[6.974s]   108 | void publishPath(nav_msgs::msg::[01;31m[KPath[m[K &path_msg, FrenetPath &path, vecD &rk, vecD &ryaw, double &c_speed,
[6.974s]       |                                 [01;31m[K^~~~[m[K
[6.974s] [01m[K/home/aayush/newest_frenet_planner/src/frenet_planner_ported/src/frenet_ros_obst.cpp:108:33:[m[K [01;31m[Kerror: [m[K‘[01m[KPath[m[K’ is not a member of ‘[01m[Knav_msgs::msg[m[K’
[6.975s] [01m[K/home/aayush/newest_frenet_planner/src/frenet_planner_ported/src/frenet_ros_obst.cpp:108:39:[m[K [01;31m[Kerror: [m[K‘[01m[Kpath_msg[m[K’ was not declared in this scope
[6.975s]   108 | void publishPath(nav_msgs::msg::Path &[01;31m[Kpath_msg[m[K, FrenetPath &path, vecD &rk, vecD &ryaw, double &c_speed,
[6.975s]       |                                       [01;31m[K^~~~~~~~[m[K
[6.976s] [01m[K/home/aayush/newest_frenet_planner/src/frenet_planner_ported/src/frenet_ros_obst.cpp:108:60:[m[K [01;31m[Kerror: [m[Kexpected primary-expression before ‘[01m[K&[m[K’ token
[6.976s]   108 | void publishPath(nav_msgs::msg::Path &path_msg, FrenetPath [01;31m[K&[m[Kpath, vecD &rk, vecD &ryaw, double &c_speed,
[6.976s]       |                                                            [01;31m[K^[m[K
[6.979s] [01m[K/home/aayush/newest_frenet_planner/src/frenet_planner_ported/src/frenet_ros_obst.cpp:108:61:[m[K [01;31m[Kerror: [m[K‘[01m[Kpath[m[K’ was not declared in this scope
[6.980s]   108 | void publishPath(nav_msgs::msg::Path &path_msg, FrenetPath &[01;31m[Kpath[m[K, vecD &rk, vecD &ryaw, double &c_speed,
[6.980s]       |                                                             [01;31m[K^~~~[m[K
[6.980s] [01m[K/home/aayush/newest_frenet_planner/src/frenet_planner_ported/src/frenet_ros_obst.cpp:108:72:[m[K [01;31m[Kerror: [m[Kexpected primary-expression before ‘[01m[K&[m[K’ token
[6.981s]   108 | hPath(nav_msgs::msg::Path &path_msg, FrenetPath &path, vecD [01;31m[K&[m[Krk, vecD &ryaw, double &c_speed,
[6.981s]       |                                                             [01;31m[K^[m[K
[6.982s] 
[6.984s] [01m[K/home/aayush/newest_frenet_planner/src/frenet_planner_ported/src/frenet_ros_obst.cpp:108:73:[m[K [01;31m[Kerror: [m[K‘[01m[Krk[m[K’ was not declared in this scope
[6.985s]   108 | Path(nav_msgs::msg::Path &path_msg, FrenetPath &path, vecD &[01;31m[Krk[m[K, vecD &ryaw, double &c_speed,
[6.985s]       |                                                             [01;31m[K^~[m[K
[6.986s] 
[6.986s] [01m[K/home/aayush/newest_frenet_planner/src/frenet_planner_ported/src/frenet_ros_obst.cpp:108:82:[m[K [01;31m[Kerror: [m[Kexpected primary-expression before ‘[01m[K&[m[K’ token
[6.986s]   108 | msgs::msg::Path &path_msg, FrenetPath &path, vecD &rk, vecD [01;31m[K&[m[Kryaw, double &c_speed,
[6.987s]       |                                                             [01;31m[K^[m[K
[6.987s] 
[6.990s] [01m[K/home/aayush/newest_frenet_planner/src/frenet_planner_ported/src/frenet_ros_obst.cpp:108:83:[m[K [01;31m[Kerror: [m[K‘[01m[Kryaw[m[K’ was not declared in this scope
[6.990s]   108 | sgs::msg::Path &path_msg, FrenetPath &path, vecD &rk, vecD &[01;31m[Kryaw[m[K, double &c_speed,
[6.991s]       |                                                             [01;31m[K^~~~[m[K
[6.991s] 
[6.991s] [01m[K/home/aayush/newest_frenet_planner/src/frenet_planner_ported/src/frenet_ros_obst.cpp:108:89:[m[K [01;31m[Kerror: [m[Kexpected primary-expression before ‘[01m[Kdouble[m[K’
[6.992s]   108 | :msg::Path &path_msg, FrenetPath &path, vecD &rk, vecD &ryaw, [01;31m[Kdouble[m[K &c_speed,
[6.992s]       |                                                               [01;31m[K^~~~~~[m[K
[6.992s] 
[6.993s] [01m[K/home/aayush/newest_frenet_planner/src/frenet_planner_ported/src/frenet_ros_obst.cpp:109:6:[m[K [01;31m[Kerror: [m[Kexpected primary-expression before ‘[01m[Kdouble[m[K’
[6.993s]   109 |      [01;31m[Kdouble[m[K &c_d, double &c_d_d)
[6.993s]       |      [01;31m[K^~~~~~[m[K
[6.994s] [01m[K/home/aayush/newest_frenet_planner/src/frenet_planner_ported/src/frenet_ros_obst.cpp:109:19:[m[K [01;31m[Kerror: [m[Kexpected primary-expression before ‘[01m[Kdouble[m[K’
[6.994s]   109 |      double &c_d, [01;31m[Kdouble[m[K &c_d_d)
[6.994s]       |                   [01;31m[K^~~~~~[m[K
[6.995s] [01m[K/home/aayush/newest_frenet_planner/src/frenet_planner_ported/src/frenet_ros_obst.cpp:[m[K In function ‘[01m[Kint main(int, char**)[m[K’:
[6.995s] [01m[K/home/aayush/newest_frenet_planner/src/frenet_planner_ported/src/frenet_ros_obst.cpp:132:2:[m[K [01;31m[Kerror: [m[K‘[01m[Krclcpp[m[K’ has not been declared
[6.995s]   132 |  [01;31m[Krclcpp[m[K::init(argc, argv);
[6.996s]       |  [01;31m[K^~~~~~[m[K
[7.002s] [01m[K/home/aayush/newest_frenet_planner/src/frenet_planner_ported/src/frenet_ros_obst.cpp:133:31:[m[K [01;31m[Kerror: [m[K‘[01m[KFrenetClass[m[K’ was not declared in this scope
[7.003s]   133 |  auto node = std::make_shared<[01;31m[KFrenetClass[m[K>();
[7.003s]       |                               [01;31m[K^~~~~~~~~~~[m[K
[7.004s] [01m[K/home/aayush/newest_frenet_planner/src/frenet_planner_ported/src/frenet_ros_obst.cpp:133:44:[m[K [01;31m[Kerror: [m[Kno matching function for call to ‘[01m[Kmake_shared<<expression error> >()[m[K’
[7.004s]   133 |  auto node = std::make_shared<FrenetClass>([01;31m[K)[m[K;
[7.004s]       |                                            [01;31m[K^[m[K
[7.005s] In file included from [01m[K/usr/include/c++/9/memory:81[m[K,
[7.005s]                  from [01m[K/opt/ros/foxy/include/rosidl_runtime_cpp/bounded_vector.hpp:19[m[K,
[7.005s]                  from [01m[K/opt/ros/foxy/include/nav_msgs/msg/detail/odometry__struct.hpp:8[m[K,
[7.006s]                  from [01m[K/opt/ros/foxy/include/nav_msgs/msg/odometry.hpp:7[m[K,
[7.006s]                  from [01m[K/home/aayush/newest_frenet_planner/src/frenet_planner_ported/src/../include/../include/parameters.hpp:3[m[K,
[7.006s]                  from [01m[K/home/aayush/newest_frenet_planner/src/frenet_planner_ported/src/../include/frenet_optimal_trajectory.hpp:5[m[K,
[7.007s]                  from [01m[K/home/aayush/newest_frenet_planner/src/frenet_planner_ported/src/frenet_ros_obst.cpp:2[m[K:
[7.007s] [01m[K/usr/include/c++/9/bits/shared_ptr.h:714:5:[m[K [01;36m[Knote: [m[Kcandidate: ‘[01m[Ktemplate<class _Tp, class ... _Args> std::shared_ptr<_Tp> std::make_shared(_Args&& ...)[m[K’
[7.008s]   714 |     [01;36m[Kmake_shared[m[K(_Args&&... __args)
[7.008s]       |     [01;36m[K^~~~~~~~~~~[m[K
[7.009s] [01m[K/usr/include/c++/9/bits/shared_ptr.h:714:5:[m[K [01;36m[Knote: [m[K  template argument deduction/substitution failed:
[7.009s] [01m[K/home/aayush/newest_frenet_planner/src/frenet_planner_ported/src/frenet_ros_obst.cpp:133:44:[m[K [01;31m[Kerror: [m[Ktemplate argument 1 is invalid
[7.010s]   133 |  auto node = std::make_shared<FrenetClass>([01;31m[K)[m[K;
[7.010s]       |                                            [01;31m[K^[m[K
[7.021s] [01m[K/home/aayush/newest_frenet_planner/src/frenet_planner_ported/src/frenet_ros_obst.cpp:138:2:[m[K [01;31m[Kerror: [m[K‘[01m[KRCLCPP_INFO[m[K’ was not declared in this scope
[7.021s]   138 |  [01;31m[KRCLCPP_INFO[m[K(node->get_logger(), "running main");
[7.022s]       |  [01;31m[K^~~~~~~~~~~[m[K
[7.028s] [01m[K/home/aayush/newest_frenet_planner/src/frenet_planner_ported/src/frenet_ros_obst.cpp:162:2:[m[K [01;31m[Kerror: [m[K‘[01m[Kplt[m[K’ has not been declared
[7.029s]   162 |  [01;31m[Kplt[m[K::ion();
[7.029s]       |  [01;31m[K^~~[m[K
[7.029s] [01m[K/home/aayush/newest_frenet_planner/src/frenet_planner_ported/src/frenet_ros_obst.cpp:163:3:[m[K [01;31m[Kerror: [m[K‘[01m[Kplt[m[K’ has not been declared
[7.030s]   163 |   [01;31m[Kplt[m[K::show();
[7.030s]       |   [01;31m[K^~~[m[K
[7.031s] [01m[K/home/aayush/newest_frenet_planner/src/frenet_planner_ported/src/frenet_ros_obst.cpp:168:9:[m[K [01;31m[Kerror: [m[K‘[01m[Krclcpp[m[K’ has not been declared
[7.031s]   168 |  while ([01;31m[Krclcpp[m[K::ok())
[7.031s]       |         [01;31m[K^~~~~~[m[K
[7.032s] [01m[K/home/aayush/newest_frenet_planner/src/frenet_planner_ported/src/frenet_ros_obst.cpp:171:3:[m[K [01;31m[Kerror: [m[K‘[01m[Krclcpp[m[K’ has not been declared
[7.032s]   171 |   [01;31m[Krclcpp[m[K::spin_some(node);
[7.032s]       |   [01;31m[K^~~~~~[m[K
[7.033s] [01m[K/home/aayush/newest_frenet_planner/src/frenet_planner_ported/src/frenet_ros_obst.cpp:172:12:[m[K [01;31m[Kerror: [m[Kaggregate ‘[01m[Kstd::ofstream fout[m[K’ has incomplete type and cannot be defined
[7.033s]   172 |   ofstream [01;31m[Kfout[m[K;
[7.033s]       |            [01;31m[K^~~~[m[K
[7.035s] In file included from [01m[K/home/aayush/newest_frenet_planner/src/frenet_planner_ported/src/frenet_ros_obst.cpp:2[m[K:
[7.035s] [01m[K/home/aayush/newest_frenet_planner/src/frenet_planner_ported/src/../include/frenet_optimal_trajectory.hpp:82:20:[m[K [01;35m[Kwarning: [m[Kstatement has no effect [[01;35m[K-Wunused-value[m[K]
[7.036s]    82 | #define trace(...) [01;35m[K42[m[K
[7.036s]       |                    [01;35m[K^~[m[K
[7.036s] [01m[K/home/aayush/newest_frenet_planner/src/frenet_planner_ported/src/frenet_ros_obst.cpp:205:3:[m[K [01;36m[Knote: [m[Kin expansion of macro ‘[01m[Ktrace[m[K’
[7.037s]   205 |   [01;36m[Ktrace[m[K("frenet optimal planning", s0, c_speed, c_d, c_d_d, c_d_dd, lp, bot_yaw);
[7.037s]       |   [01;36m[K^~~~~[m[K
[7.049s] [01m[K/home/aayush/newest_frenet_planner/src/frenet_planner_ported/src/frenet_ros_obst.cpp:243:18:[m[K [01;31m[Kerror: [m[K‘[01m[KPath[m[K’ is not a member of ‘[01m[Knav_msgs::msg[m[K’
[7.049s]   243 |   nav_msgs::msg::[01;31m[KPath[m[K path_msg;
[7.050s]       |                  [01;31m[K^~~~[m[K
[7.051s] [01m[K/home/aayush/newest_frenet_planner/src/frenet_planner_ported/src/frenet_ros_obst.cpp:244:18:[m[K [01;31m[Kerror: [m[K‘[01m[KPath[m[K’ is not a member of ‘[01m[Knav_msgs::msg[m[K’
[7.051s]   244 |   nav_msgs::msg::[01;31m[KPath[m[K global_path_msg;
[7.051s]       |                  [01;31m[K^~~~[m[K
[7.057s] [01m[K/home/aayush/newest_frenet_planner/src/frenet_planner_ported/src/frenet_ros_obst.cpp:245:3:[m[K [01;31m[Kerror: [m[K‘[01m[Kpath_msg[m[K’ was not declared in this scope
[7.057s]   245 |   [01;31m[Kpath_msg[m[K.header.frame_id = "map";
[7.058s]       |   [01;31m[K^~~~~~~~[m[K
[7.066s] [01m[K/home/aayush/newest_frenet_planner/src/frenet_planner_ported/src/frenet_ros_obst.cpp:246:3:[m[K [01;31m[Kerror: [m[K‘[01m[Kglobal_path_msg[m[K’ was not declared in this scope
[7.066s]   246 |   [01;31m[Kglobal_path_msg[m[K.header.frame_id = "map";
[7.067s]       |   [01;31m[K^~~~~~~~~~~~~~~[m[K
[7.067s] [01m[K/home/aayush/newest_frenet_planner/src/frenet_planner_ported/src/frenet_ros_obst.cpp:251:24:[m[K [01;31m[Kerror: [m[K‘[01m[KPoseStamped[m[K’ is not a member of ‘[01m[Kgeometry_msgs::msg[m[K’; did you mean ‘[01m[KPolygonStamped[m[K’?
[7.068s]   251 |    geometry_msgs::msg::[01;31m[KPoseStamped[m[K loc;
[7.068s]       |                        [01;31m[K^~~~~~~~~~~[m[K
[7.068s]       |                        [32m[KPolygonStamped[m[K
[7.071s] [01m[K/home/aayush/newest_frenet_planner/src/frenet_planner_ported/src/frenet_ros_obst.cpp:252:4:[m[K [01;31m[Kerror: [m[K‘[01m[Kloc[m[K’ was not declared in this scope; did you mean ‘[01m[Klog[m[K’?
[7.071s]   252 |    [01;31m[Kloc[m[K.pose.position.x = rx[i];
[7.072s]       |    [01;31m[K^~~[m[K
[7.072s]       |    [32m[Klog[m[K
[7.073s] [01m[K/home/aayush/newest_frenet_planner/src/frenet_planner_ported/src/frenet_ros_obst.cpp:259:4:[m[K [01;31m[Kerror: [m[K‘[01m[Kplt[m[K’ has not been declared
[7.073s]   259 |    [01;31m[Kplt[m[K::ion();
[7.073s]       |    [01;31m[K^~~[m[K
[7.074s] [01m[K/home/aayush/newest_frenet_planner/src/frenet_planner_ported/src/frenet_ros_obst.cpp:260:4:[m[K [01;31m[Kerror: [m[K‘[01m[Kplt[m[K’ has not been declared
[7.074s]   260 |    [01;31m[Kplt[m[K::show();
[7.074s]       |    [01;31m[K^~~[m[K
[7.075s] [01m[K/home/aayush/newest_frenet_planner/src/frenet_planner_ported/src/frenet_ros_obst.cpp:261:4:[m[K [01;31m[Kerror: [m[K‘[01m[Kplt[m[K’ has not been declared
[7.075s]   261 |    [01;31m[Kplt[m[K::plot(lp.get_x(), lp.get_y());
[7.076s]       |    [01;31m[K^~~[m[K
[7.076s] [01m[K/home/aayush/newest_frenet_planner/src/frenet_planner_ported/src/frenet_ros_obst.cpp:262:4:[m[K [01;31m[Kerror: [m[K‘[01m[Kplt[m[K’ has not been declared
[7.077s]   262 |    [01;31m[Kplt[m[K::pause(0.001);
[7.077s]       |    [01;31m[K^~~[m[K
[7.077s] [01m[K/home/aayush/newest_frenet_planner/src/frenet_planner_ported/src/frenet_ros_obst.cpp:263:4:[m[K [01;31m[Kerror: [m[K‘[01m[Kplt[m[K’ has not been declared
[7.078s]   263 |    [01;31m[Kplt[m[K::plot(rx, ry);
[7.078s]       |    [01;31m[K^~~[m[K
[7.078s] [01m[K/home/aayush/newest_frenet_planner/src/frenet_planner_ported/src/frenet_ros_obst.cpp:264:4:[m[K [01;31m[Kerror: [m[K‘[01m[Kplt[m[K’ has not been declared
[7.079s]   264 |    [01;31m[Kplt[m[K::scatter(ob_x,ob_y);
[7.079s]       |    [01;31m[K^~~[m[K
[7.079s] [01m[K/home/aayush/newest_frenet_planner/src/frenet_planner_ported/src/frenet_ros_obst.cpp:265:4:[m[K [01;31m[Kerror: [m[K‘[01m[Kplt[m[K’ has not been declared
[7.080s]   265 |    [01;31m[Kplt[m[K::pause(0.001);
[7.080s]       |    [01;31m[K^~~[m[K
[7.089s] [01m[K/home/aayush/newest_frenet_planner/src/frenet_planner_ported/src/frenet_ros_obst.cpp:275:3:[m[K [01;31m[Kerror: [m[K‘[01m[KpublishPath[m[K’ was not declared in this scope
[7.089s]   275 |   [01;31m[KpublishPath[m[K(path_msg, path, rk, ryaw, c_d, c_speed, c_d_d);
[7.089s]       |   [01;31m[K^~~~~~~~~~~[m[K
[7.095s] [01m[K/home/aayush/newest_frenet_planner/src/frenet_planner_ported/src/frenet_ros_obst.cpp:175:10:[m[K [01;35m[Kwarning: [m[Kunused variable ‘[01m[KstartTime1[m[K’ [[01;35m[K-Wunused-variable[m[K]
[7.095s]   175 |   double [01;35m[KstartTime1[m[K = omp_get_wtime();
[7.095s]       |          [01;35m[K^~~~~~~~~~[m[K
[7.096s] [01m[K/home/aayush/newest_frenet_planner/src/frenet_planner_ported/src/frenet_ros_obst.cpp:194:10:[m[K [01;35m[Kwarning: [m[Kunused variable ‘[01m[KendTime1[m[K’ [[01;35m[K-Wunused-variable[m[K]
[7.096s]   194 |   double [01;35m[KendTime1[m[K = omp_get_wtime();
[7.096s]       |          [01;35m[K^~~~~~~~[m[K
[7.097s] [01m[K/home/aayush/newest_frenet_planner/src/frenet_planner_ported/src/frenet_ros_obst.cpp:273:10:[m[K [01;35m[Kwarning: [m[Kunused variable ‘[01m[KstartTime3[m[K’ [[01;35m[K-Wunused-variable[m[K]
[7.097s]   273 |   double [01;35m[KstartTime3[m[K = omp_get_wtime();
[7.097s]       |          [01;35m[K^~~~~~~~~~[m[K
[7.098s] [01m[K/home/aayush/newest_frenet_planner/src/frenet_planner_ported/src/frenet_ros_obst.cpp:276:10:[m[K [01;35m[Kwarning: [m[Kunused variable ‘[01m[KendTime3[m[K’ [[01;35m[K-Wunused-variable[m[K]
[7.098s]   276 |   double [01;35m[KendTime3[m[K = omp_get_wtime();
[7.099s]       |          [01;35m[K^~~~~~~~[m[K
[7.099s] [01m[K/home/aayush/newest_frenet_planner/src/frenet_planner_ported/src/frenet_ros_obst.cpp:131:7:[m[K [01;35m[Kwarning: [m[Kunused variable ‘[01m[KgotOdom[m[K’ [[01;35m[K-Wunused-variable[m[K]
[7.099s]   131 |  bool [01;35m[KgotOdom[m[K = false;
[7.100s]       |       [01;35m[K^~~~~~~[m[K
[7.100s] [01m[K/home/aayush/newest_frenet_planner/src/frenet_planner_ported/src/frenet_ros_obst.cpp:165:9:[m[K [01;35m[Kwarning: [m[Kunused variable ‘[01m[Kpltbasetime[m[K’ [[01;35m[K-Wunused-variable[m[K]
[7.100s]   165 |  double [01;35m[Kpltbasetime[m[K = omp_get_wtime();
[7.101s]       |         [01;35m[K^~~~~~~~~~~[m[K
[7.101s] [01m[K/home/aayush/newest_frenet_planner/src/frenet_planner_ported/src/frenet_ros_obst.cpp:167:6:[m[K [01;35m[Kwarning: [m[Kunused variable ‘[01m[Kiteration_count[m[K’ [[01;35m[K-Wunused-variable[m[K]
[7.101s]   167 |  int [01;35m[Kiteration_count[m[K = 1;
[7.102s]       |      [01;35m[K^~~~~~~~~~~~~~~[m[K
[7.379s] make[2]: *** [CMakeFiles/frenet_ros_obst.dir/build.make:63: CMakeFiles/frenet_ros_obst.dir/src/frenet_ros_obst.cpp.o] Error 1
[7.380s] make[2]: *** Waiting for unfinished jobs....
[9.434s] In file included from [01m[K/home/aayush/newest_frenet_planner/src/frenet_planner_ported/src/frenet_planner.cpp:8[m[K:
[9.435s] [01m[K/home/aayush/newest_frenet_planner/src/frenet_planner_ported/./include/matplotlibcpp.hpp:314:36:[m[K [01;35m[Kwarning: [m[Kstatic_assert without a message only available with ‘[01m[K-std=c++17[m[K’ or ‘[01m[K-std=gnu++17[m[K’ [[01;35m[K-Wpedantic[m[K]
[9.435s]   314 | static_assert(sizeof(long long) == [01;35m[K8[m[K);
[9.435s]       |                                    [01;35m[K^[m[K
[9.436s] [01m[K/home/aayush/newest_frenet_planner/src/frenet_planner_ported/./include/matplotlibcpp.hpp:316:45:[m[K [01;35m[Kwarning: [m[Kstatic_assert without a message only available with ‘[01m[K-std=c++17[m[K’ or ‘[01m[K-std=gnu++17[m[K’ [[01;35m[K-Wpedantic[m[K]
[9.436s]   316 | static_assert(sizeof(unsigned long long) == [01;35m[K8[m[K);
[9.437s]       |                                             [01;35m[K^[m[K
[11.967s] In file included from [01m[K/home/aayush/newest_frenet_planner/src/frenet_planner_ported/src/frenet_planner.cpp:10[m[K:
[11.967s] [01m[K/home/aayush/newest_frenet_planner/src/frenet_planner_ported/src/../include/frenet_optimal_trajectory.hpp:10:1:[m[K [01;31m[Kerror: [m[Kexpected class-name before ‘[01m[K{[m[K’ token
[11.968s]    10 | [01;31m[K{[m[K
[11.968s]       | [01;31m[K^[m[K
[11.971s] [01m[K/home/aayush/newest_frenet_planner/src/frenet_planner_ported/src/../include/frenet_optimal_trajectory.hpp:[m[K In function ‘[01m[Kstd::ostream& operator<<(std::ostream&, const FrenetPath&)[m[K’:
[11.971s] [01m[K/home/aayush/newest_frenet_planner/src/frenet_planner_ported/src/../include/frenet_optimal_trajectory.hpp:82:20:[m[K [01;35m[Kwarning: [m[Kstatement has no effect [[01;35m[K-Wunused-value[m[K]
[11.972s]    82 | #define trace(...) [01;35m[K42[m[K
[11.973s]       |                    [01;35m[K^~[m[K
[11.974s] [01m[K/home/aayush/newest_frenet_planner/src/frenet_planner_ported/src/../include/frenet_optimal_trajectory.hpp:82:20:[m[K [01;36m[Knote: [m[Kin definition of macro ‘[01m[Ktrace[m[K’
[11.974s]    82 | #define trace(...) [01;36m[K42[m[K
[11.975s]       |                    [01;36m[K^~[m[K
[11.975s] [01m[K/home/aayush/newest_frenet_planner/src/frenet_planner_ported/src/../include/frenet_optimal_trajectory.hpp:82:20:[m[K [01;35m[Kwarning: [m[Kstatement has no effect [[01;35m[K-Wunused-value[m[K]
[11.976s]    82 | #define trace(...) [01;35m[K42[m[K
[11.976s]       |                    [01;35m[K^~[m[K
[11.976s] [01m[K/home/aayush/newest_frenet_planner/src/frenet_planner_ported/src/../include/frenet_optimal_trajectory.hpp:82:20:[m[K [01;36m[Knote: [m[Kin definition of macro ‘[01m[Ktrace[m[K’
[11.977s]    82 | #define trace(...) [01;36m[K42[m[K
[11.977s]       |                    [01;36m[K^~[m[K
[11.977s] [01m[K/home/aayush/newest_frenet_planner/src/frenet_planner_ported/src/../include/frenet_optimal_trajectory.hpp:82:20:[m[K [01;35m[Kwarning: [m[Kstatement has no effect [[01;35m[K-Wunused-value[m[K]
[11.977s]    82 | #define trace(...) [01;35m[K42[m[K
[11.978s]       |                    [01;35m[K^~[m[K
[11.978s] [01m[K/home/aayush/newest_frenet_planner/src/frenet_planner_ported/src/../include/frenet_optimal_trajectory.hpp:82:20:[m[K [01;36m[Knote: [m[Kin definition of macro ‘[01m[Ktrace[m[K’
[11.978s]    82 | #define trace(...) [01;36m[K42[m[K
[11.978s]       |                    [01;36m[K^~[m[K
[11.978s] [01m[K/home/aayush/newest_frenet_planner/src/frenet_planner_ported/src/../include/frenet_optimal_trajectory.hpp:82:20:[m[K [01;35m[Kwarning: [m[Kstatement has no effect [[01;35m[K-Wunused-value[m[K]
[11.979s]    82 | #define trace(...) [01;35m[K42[m[K
[11.979s]       |                    [01;35m[K^~[m[K
[11.979s] [01m[K/home/aayush/newest_frenet_planner/src/frenet_planner_ported/src/../include/frenet_optimal_trajectory.hpp:82:20:[m[K [01;36m[Knote: [m[Kin definition of macro ‘[01m[Ktrace[m[K’
[11.979s]    82 | #define trace(...) [01;36m[K42[m[K
[11.979s]       |                    [01;36m[K^~[m[K
[11.980s] [01m[K/home/aayush/newest_frenet_planner/src/frenet_planner_ported/src/../include/frenet_optimal_trajectory.hpp:82:20:[m[K [01;35m[Kwarning: [m[Kstatement has no effect [[01;35m[K-Wunused-value[m[K]
[11.980s]    82 | #define trace(...) [01;35m[K42[m[K
[11.980s]       |                    [01;35m[K^~[m[K
[11.980s] [01m[K/home/aayush/newest_frenet_planner/src/frenet_planner_ported/src/../include/frenet_optimal_trajectory.hpp:82:20:[m[K [01;36m[Knote: [m[Kin definition of macro ‘[01m[Ktrace[m[K’
[11.980s]    82 | #define trace(...) [01;36m[K42[m[K
[11.981s]       |                    [01;36m[K^~[m[K
[11.981s] [01m[K/home/aayush/newest_frenet_planner/src/frenet_planner_ported/src/../include/frenet_optimal_trajectory.hpp:82:20:[m[K [01;35m[Kwarning: [m[Kstatement has no effect [[01;35m[K-Wunused-value[m[K]
[11.981s]    82 | #define trace(...) [01;35m[K42[m[K
[11.981s]       |                    [01;35m[K^~[m[K
[11.981s] [01m[K/home/aayush/newest_frenet_planner/src/frenet_planner_ported/src/../include/frenet_optimal_trajectory.hpp:82:20:[m[K [01;36m[Knote: [m[Kin definition of macro ‘[01m[Ktrace[m[K’
[11.982s]    82 | #define trace(...) [01;36m[K42[m[K
[11.982s]       |                    [01;36m[K^~[m[K
[11.982s] [01m[K/home/aayush/newest_frenet_planner/src/frenet_planner_ported/src/../include/frenet_optimal_trajectory.hpp:82:20:[m[K [01;35m[Kwarning: [m[Kstatement has no effect [[01;35m[K-Wunused-value[m[K]
[11.982s]    82 | #define trace(...) [01;35m[K42[m[K
[11.982s]       |                    [01;35m[K^~[m[K
[11.983s] [01m[K/home/aayush/newest_frenet_planner/src/frenet_planner_ported/src/../include/frenet_optimal_trajectory.hpp:82:20:[m[K [01;36m[Knote: [m[Kin definition of macro ‘[01m[Ktrace[m[K’
[11.983s]    82 | #define trace(...) [01;36m[K42[m[K
[11.983s]       |                    [01;36m[K^~[m[K
[11.984s] [01m[K/home/aayush/newest_frenet_planner/src/frenet_planner_ported/src/../include/frenet_optimal_trajectory.hpp:82:20:[m[K [01;35m[Kwarning: [m[Kstatement has no effect [[01;35m[K-Wunused-value[m[K]
[11.984s]    82 | #define trace(...) [01;35m[K42[m[K
[11.984s]       |                    [01;35m[K^~[m[K
[11.984s] [01m[K/home/aayush/newest_frenet_planner/src/frenet_planner_ported/src/../include/frenet_optimal_trajectory.hpp:82:20:[m[K [01;36m[Knote: [m[Kin definition of macro ‘[01m[Ktrace[m[K’
[11.984s]    82 | #define trace(...) [01;36m[K42[m[K
[11.985s]       |                    [01;36m[K^~[m[K
[11.985s] [01m[K/home/aayush/newest_frenet_planner/src/frenet_planner_ported/src/../include/frenet_optimal_trajectory.hpp:82:20:[m[K [01;35m[Kwarning: [m[Kstatement has no effect [[01;35m[K-Wunused-value[m[K]
[11.985s]    82 | #define trace(...) [01;35m[K42[m[K
[11.985s]       |                    [01;35m[K^~[m[K
[11.986s] [01m[K/home/aayush/newest_frenet_planner/src/frenet_planner_ported/src/../include/frenet_optimal_trajectory.hpp:82:20:[m[K [01;36m[Knote: [m[Kin definition of macro ‘[01m[Ktrace[m[K’
[11.986s]    82 | #define trace(...) [01;36m[K42[m[K
[11.986s]       |                    [01;36m[K^~[m[K
[11.987s] [01m[K/home/aayush/newest_frenet_planner/src/frenet_planner_ported/src/../include/frenet_optimal_trajectory.hpp:82:20:[m[K [01;35m[Kwarning: [m[Kstatement has no effect [[01;35m[K-Wunused-value[m[K]
[11.987s]    82 | #define trace(...) [01;35m[K42[m[K
[11.987s]       |                    [01;35m[K^~[m[K
[11.987s] [01m[K/home/aayush/newest_frenet_planner/src/frenet_planner_ported/src/../include/frenet_optimal_trajectory.hpp:82:20:[m[K [01;36m[Knote: [m[Kin definition of macro ‘[01m[Ktrace[m[K’
[11.987s]    82 | #define trace(...) [01;36m[K42[m[K
[11.988s]       |                    [01;36m[K^~[m[K
[11.988s] [01m[K/home/aayush/newest_frenet_planner/src/frenet_planner_ported/src/../include/frenet_optimal_trajectory.hpp:82:20:[m[K [01;35m[Kwarning: [m[Kstatement has no effect [[01;35m[K-Wunused-value[m[K]
[11.988s]    82 | #define trace(...) [01;35m[K42[m[K
[11.988s]       |                    [01;35m[K^~[m[K
[11.988s] [01m[K/home/aayush/newest_frenet_planner/src/frenet_planner_ported/src/../include/frenet_optimal_trajectory.hpp:82:20:[m[K [01;36m[Knote: [m[Kin definition of macro ‘[01m[Ktrace[m[K’
[11.989s]    82 | #define trace(...) [01;36m[K42[m[K
[11.989s]       |                    [01;36m[K^~[m[K
[11.989s] [01m[K/home/aayush/newest_frenet_planner/src/frenet_planner_ported/src/../include/frenet_optimal_trajectory.hpp:82:20:[m[K [01;35m[Kwarning: [m[Kstatement has no effect [[01;35m[K-Wunused-value[m[K]
[11.989s]    82 | #define trace(...) [01;35m[K42[m[K
[11.989s]       |                    [01;35m[K^~[m[K
[11.990s] [01m[K/home/aayush/newest_frenet_planner/src/frenet_planner_ported/src/../include/frenet_optimal_trajectory.hpp:82:20:[m[K [01;36m[Knote: [m[Kin definition of macro ‘[01m[Ktrace[m[K’
[11.990s]    82 | #define trace(...) [01;36m[K42[m[K
[11.990s]       |                    [01;36m[K^~[m[K
[11.990s] [01m[K/home/aayush/newest_frenet_planner/src/frenet_planner_ported/src/../include/frenet_optimal_trajectory.hpp:82:20:[m[K [01;35m[Kwarning: [m[Kstatement has no effect [[01;35m[K-Wunused-value[m[K]
[11.990s]    82 | #define trace(...) [01;35m[K42[m[K
[11.991s]       |                    [01;35m[K^~[m[K
[11.991s] [01m[K/home/aayush/newest_frenet_planner/src/frenet_planner_ported/src/../include/frenet_optimal_trajectory.hpp:82:20:[m[K [01;36m[Knote: [m[Kin definition of macro ‘[01m[Ktrace[m[K’
[11.991s]    82 | #define trace(...) [01;36m[K42[m[K
[11.991s]       |                    [01;36m[K^~[m[K
[11.991s] [01m[K/home/aayush/newest_frenet_planner/src/frenet_planner_ported/src/../include/frenet_optimal_trajectory.hpp:83:59:[m[K [01;35m[Kwarning: [m[Kunused parameter ‘[01m[Kfp[m[K’ [[01;35m[K-Wunused-parameter[m[K]
[11.992s]    83 | inline ostream& operator<<(ostream& os, [01;35m[Kconst FrenetPath& fp[m[K)
[11.992s]       |                                         [01;35m[K~~~~~~~~~~~~~~~~~~^~[m[K
[11.992s] [01m[K/home/aayush/newest_frenet_planner/src/frenet_planner_ported/src/frenet_planner.cpp:[m[K In member function ‘[01m[Kvoid FrenetPath::calc_lon_paths_quintic_poly(double, double, double, double, double)[m[K’:
[11.992s] [01m[K/home/aayush/newest_frenet_planner/src/frenet_planner_ported/src/frenet_planner.cpp:69:91:[m[K [01;35m[Kwarning: [m[Kunused parameter ‘[01m[Kts[m[K’ [[01;35m[K-Wunused-parameter[m[K]
[11.992s]    69 | void FrenetPath::calc_lon_paths_quintic_poly(double c_speed, double s0, double Ti, [01;35m[Kdouble ts[m[K,
[11.993s]       |                                                                                    [01;35m[K~~~~~~~^~[m[K
[12.006s] [01m[K/home/aayush/newest_frenet_planner/src/frenet_planner_ported/src/frenet_planner.cpp:[m[K In member function ‘[01m[Kvoid FrenetPath::adding_global_path(Spline2D)[m[K’:
[12.007s] [01m[K/home/aayush/newest_frenet_planner/src/frenet_planner_ported/src/frenet_planner.cpp:198:9:[m[K [01;35m[Kwarning: [m[Kunused variable ‘[01m[KstartTime1[m[K’ [[01;35m[K-Wunused-variable[m[K]
[12.007s]   198 |  double [01;35m[KstartTime1[m[K = omp_get_wtime();
[12.007s]       |         [01;35m[K^~~~~~~~~~[m[K
[12.007s] [01m[K/home/aayush/newest_frenet_planner/src/frenet_planner_ported/src/frenet_planner.cpp:249:9:[m[K [01;35m[Kwarning: [m[Kunused variable ‘[01m[KendTime1[m[K’ [[01;35m[K-Wunused-variable[m[K]
[12.008s]   249 |  double [01;35m[KendTime1[m[K = omp_get_wtime();
[12.008s]       |         [01;35m[K^~~~~~~~[m[K
[12.023s] In file included from [01m[K/home/aayush/newest_frenet_planner/src/frenet_planner_ported/src/frenet_planner.cpp:10[m[K:
[12.023s] [01m[K/home/aayush/newest_frenet_planner/src/frenet_planner_ported/src/frenet_planner.cpp:[m[K In function ‘[01m[KFrenetPath frenet_optimal_planning(Spline2D, double, double, double, double, double, FrenetPath, double)[m[K’:
[12.024s] [01m[K/home/aayush/newest_frenet_planner/src/frenet_planner_ported/src/../include/frenet_optimal_trajectory.hpp:82:20:[m[K [01;31m[Kerror: [m[Kexpected initializer before numeric constant
[12.024s]    82 | #define trace(...) [01;31m[K42[m[K
[12.024s]       |                    [01;31m[K^~[m[K
[12.024s] [01m[K/home/aayush/newest_frenet_planner/src/frenet_planner_ported/src/../include/frenet_optimal_trajectory.hpp:82:20:[m[K [01;36m[Knote: [m[Kin definition of macro ‘[01m[Ktrace[m[K’
[12.024s]    82 | #define trace(...) [01;36m[K42[m[K
[12.024s]       |                    [01;36m[K^~[m[K
[12.031s] In file included from [01m[K/opt/ros/foxy/include/rclcpp/service.hpp:34[m[K,
[12.031s]                  from [01m[K/opt/ros/foxy/include/rclcpp/callback_group.hpp:25[m[K,
[12.031s]                  from [01m[K/opt/ros/foxy/include/rclcpp/any_executable.hpp:20[m[K,
[12.031s]                  from [01m[K/opt/ros/foxy/include/rclcpp/memory_strategy.hpp:24[m[K,
[12.032s]                  from [01m[K/opt/ros/foxy/include/rclcpp/memory_strategies.hpp:18[m[K,
[12.032s]                  from [01m[K/opt/ros/foxy/include/rclcpp/executor_options.hpp:20[m[K,
[12.032s]                  from [01m[K/opt/ros/foxy/include/rclcpp/executor.hpp:33[m[K,
[12.032s]                  from [01m[K/opt/ros/foxy/include/rclcpp/executors/multi_threaded_executor.hpp:25[m[K,
[12.032s]                  from [01m[K/opt/ros/foxy/include/rclcpp/executors.hpp:21[m[K,
[12.033s]                  from [01m[K/opt/ros/foxy/include/rclcpp/rclcpp.hpp:146[m[K,
[12.033s]                  from [01m[K/opt/ros/foxy/include/tf2_ros/buffer_interface.h:35[m[K,
[12.033s]                  from [01m[K/opt/ros/foxy/include/tf2_geometry_msgs/tf2_geometry_msgs.h:38[m[K,
[12.034s]                  from [01m[K/home/aayush/newest_frenet_planner/src/frenet_planner_ported/src/frenet_planner.cpp:2[m[K:
[12.034s] [01m[K/home/aayush/newest_frenet_planner/src/frenet_planner_ported/src/frenet_planner.cpp:455:14:[m[K [01;31m[Kerror: [m[K‘[01m[Knode[m[K’ was not declared in this scope; did you mean ‘[01m[K_node[m[K’?
[12.034s]   455 |  RCLCPP_INFO([01;31m[Knode[m[K->get_logger(), calc_frenet_paths_function_str);
[12.034s]       |              [01;31m[K^~~~[m[K
[12.034s] [01m[K/home/aayush/newest_frenet_planner/src/frenet_planner_ported/src/frenet_planner.cpp:455:2:[m[K [01;31m[Kerror: [m[Ktemplate argument 1 is invalid
[12.035s]   455 |  [01;31m[KRCLCPP_INFO[m[K(node->get_logger(), calc_frenet_paths_function_str);
[12.035s]       |  [01;31m[K^~~~~~~~~~~[m[K
[12.035s] [01m[K/home/aayush/newest_frenet_planner/src/frenet_planner_ported/src/frenet_planner.cpp:455:2:[m[K [01;31m[Kerror: [m[Ktemplate argument 1 is invalid
[12.035s]   455 |  [01;31m[KRCLCPP_INFO[m[K(node->get_logger(), calc_frenet_paths_function_str);
[12.035s]       |  [01;31m[K^~~~~~~~~~~[m[K
[12.036s] [01m[K/home/aayush/newest_frenet_planner/src/frenet_planner_ported/src/frenet_planner.cpp:455:2:[m[K [01;31m[Kerror: [m[Ktemplate argument 1 is invalid
[12.036s]   455 |  [01;31m[KRCLCPP_INFO[m[K(node->get_logger(), calc_frenet_paths_function_str);
[12.036s]       |  [01;31m[K^~~~~~~~~~~[m[K
[12.036s] In file included from [01m[K/home/aayush/newest_frenet_planner/src/frenet_planner_ported/src/frenet_planner.cpp:10[m[K:
[12.037s] [01m[K/home/aayush/newest_frenet_planner/src/frenet_planner_ported/src/../include/frenet_optimal_trajectory.hpp:82:20:[m[K [01;35m[Kwarning: [m[Kstatement has no effect [[01;35m[K-Wunused-value[m[K]
[12.037s]    82 | #define trace(...) [01;35m[K42[m[K
[12.037s]       |                    [01;35m[K^~[m[K
[12.037s] [01m[K/home/aayush/newest_frenet_planner/src/frenet_planner_ported/src/../include/frenet_optimal_trajectory.hpp:82:20:[m[K [01;36m[Knote: [m[Kin definition of macro ‘[01m[Ktrace[m[K’
[12.038s]    82 | #define trace(...) [01;36m[K42[m[K
[12.038s]       |                    [01;36m[K^~[m[K
[12.038s] In file included from [01m[K/opt/ros/foxy/include/rclcpp/service.hpp:34[m[K,
[12.039s]                  from [01m[K/opt/ros/foxy/include/rclcpp/callback_group.hpp:25[m[K,
[12.039s]                  from [01m[K/opt/ros/foxy/include/rclcpp/any_executable.hpp:20[m[K,
[12.039s]                  from [01m[K/opt/ros/foxy/include/rclcpp/memory_strategy.hpp:24[m[K,
[12.039s]                  from [01m[K/opt/ros/foxy/include/rclcpp/memory_strategies.hpp:18[m[K,
[12.039s]                  from [01m[K/opt/ros/foxy/include/rclcpp/executor_options.hpp:20[m[K,
[12.039s]                  from [01m[K/opt/ros/foxy/include/rclcpp/executor.hpp:33[m[K,
[12.040s]                  from [01m[K/opt/ros/foxy/include/rclcpp/executors/multi_threaded_executor.hpp:25[m[K,
[12.040s]                  from [01m[K/opt/ros/foxy/include/rclcpp/executors.hpp:21[m[K,
[12.040s]                  from [01m[K/opt/ros/foxy/include/rclcpp/rclcpp.hpp:146[m[K,
[12.040s]                  from [01m[K/opt/ros/foxy/include/tf2_ros/buffer_interface.h:35[m[K,
[12.041s]                  from [01m[K/opt/ros/foxy/include/tf2_geometry_msgs/tf2_geometry_msgs.h:38[m[K,
[12.041s]                  from [01m[K/home/aayush/newest_frenet_planner/src/frenet_planner_ported/src/frenet_planner.cpp:2[m[K:
[12.041s] [01m[K/home/aayush/newest_frenet_planner/src/frenet_planner_ported/src/frenet_planner.cpp:465:14:[m[K [01;31m[Kerror: [m[K‘[01m[Knode[m[K’ was not declared in this scope; did you mean ‘[01m[K_node[m[K’?
[12.041s]   465 |  RCLCPP_INFO([01;31m[Knode[m[K->get_logger(), calc_global_paths_function_str);
[12.042s]       |              [01;31m[K^~~~[m[K
[12.042s] [01m[K/home/aayush/newest_frenet_planner/src/frenet_planner_ported/src/frenet_planner.cpp:465:2:[m[K [01;31m[Kerror: [m[Ktemplate argument 1 is invalid
[12.042s]   465 |  [01;31m[KRCLCPP_INFO[m[K(node->get_logger(), calc_global_paths_function_str);
[12.042s]       |  [01;31m[K^~~~~~~~~~~[m[K
[12.042s] [01m[K/home/aayush/newest_frenet_planner/src/frenet_planner_ported/src/frenet_planner.cpp:465:2:[m[K [01;31m[Kerror: [m[Ktemplate argument 1 is invalid
[12.043s]   465 |  [01;31m[KRCLCPP_INFO[m[K(node->get_logger(), calc_global_paths_function_str);
[12.043s]       |  [01;31m[K^~~~~~~~~~~[m[K
[12.043s] [01m[K/home/aayush/newest_frenet_planner/src/frenet_planner_ported/src/frenet_planner.cpp:465:2:[m[K [01;31m[Kerror: [m[Ktemplate argument 1 is invalid
[12.043s]   465 |  [01;31m[KRCLCPP_INFO[m[K(node->get_logger(), calc_global_paths_function_str);
[12.043s]       |  [01;31m[K^~~~~~~~~~~[m[K
[12.044s] In file included from [01m[K/home/aayush/newest_frenet_planner/src/frenet_planner_ported/src/frenet_planner.cpp:10[m[K:
[12.044s] [01m[K/home/aayush/newest_frenet_planner/src/frenet_planner_ported/src/../include/frenet_optimal_trajectory.hpp:82:20:[m[K [01;35m[Kwarning: [m[Kstatement has no effect [[01;35m[K-Wunused-value[m[K]
[12.044s]    82 | #define trace(...) [01;35m[K42[m[K
[12.044s]       |                    [01;35m[K^~[m[K
[12.044s] [01m[K/home/aayush/newest_frenet_planner/src/frenet_planner_ported/src/../include/frenet_optimal_trajectory.hpp:82:20:[m[K [01;36m[Knote: [m[Kin definition of macro ‘[01m[Ktrace[m[K’
[12.045s]    82 | #define trace(...) [01;36m[K42[m[K
[12.046s]       |                    [01;36m[K^~[m[K
[12.047s] In file included from [01m[K/opt/ros/foxy/include/rclcpp/service.hpp:34[m[K,
[12.047s]                  from [01m[K/opt/ros/foxy/include/rclcpp/callback_group.hpp:25[m[K,
[12.047s]                  from [01m[K/opt/ros/foxy/include/rclcpp/any_executable.hpp:20[m[K,
[12.048s]                  from [01m[K/opt/ros/foxy/include/rclcpp/memory_strategy.hpp:24[m[K,
[12.048s]                  from [01m[K/opt/ros/foxy/include/rclcpp/memory_strategies.hpp:18[m[K,
[12.048s]                  from [01m[K/opt/ros/foxy/include/rclcpp/executor_options.hpp:20[m[K,
[12.048s]                  from [01m[K/opt/ros/foxy/include/rclcpp/executor.hpp:33[m[K,
[12.049s]                  from [01m[K/opt/ros/foxy/include/rclcpp/executors/multi_threaded_executor.hpp:25[m[K,
[12.049s]                  from [01m[K/opt/ros/foxy/include/rclcpp/executors.hpp:21[m[K,
[12.049s]                  from [01m[K/opt/ros/foxy/include/rclcpp/rclcpp.hpp:146[m[K,
[12.050s]                  from [01m[K/opt/ros/foxy/include/tf2_ros/buffer_interface.h:35[m[K,
[12.050s]                  from [01m[K/opt/ros/foxy/include/tf2_geometry_msgs/tf2_geometry_msgs.h:38[m[K,
[12.050s]                  from [01m[K/home/aayush/newest_frenet_planner/src/frenet_planner_ported/src/frenet_planner.cpp:2[m[K:
[12.050s] [01m[K/home/aayush/newest_frenet_planner/src/frenet_planner_ported/src/frenet_planner.cpp:478:14:[m[K [01;31m[Kerror: [m[K‘[01m[Knode[m[K’ was not declared in this scope; did you mean ‘[01m[K_node[m[K’?
[12.051s]   478 |  RCLCPP_INFO([01;31m[Knode[m[K->get_logger(), calc_path_function_str);
[12.051s]       |              [01;31m[K^~~~[m[K
[12.051s] [01m[K/home/aayush/newest_frenet_planner/src/frenet_planner_ported/src/frenet_planner.cpp:478:2:[m[K [01;31m[Kerror: [m[Ktemplate argument 1 is invalid
[12.051s]   478 |  [01;31m[KRCLCPP_INFO[m[K(node->get_logger(), calc_path_function_str);
[12.052s]       |  [01;31m[K^~~~~~~~~~~[m[K
[12.052s] [01m[K/home/aayush/newest_frenet_planner/src/frenet_planner_ported/src/frenet_planner.cpp:478:2:[m[K [01;31m[Kerror: [m[Ktemplate argument 1 is invalid
[12.052s]   478 |  [01;31m[KRCLCPP_INFO[m[K(node->get_logger(), calc_path_function_str);
[12.052s]       |  [01;31m[K^~~~~~~~~~~[m[K
[12.053s] [01m[K/home/aayush/newest_frenet_planner/src/frenet_planner_ported/src/frenet_planner.cpp:478:2:[m[K [01;31m[Kerror: [m[Ktemplate argument 1 is invalid
[12.053s]   478 |  [01;31m[KRCLCPP_INFO[m[K(node->get_logger(), calc_path_function_str);
[12.053s]       |  [01;31m[K^~~~~~~~~~~[m[K
[12.053s] In file included from [01m[K/home/aayush/newest_frenet_planner/src/frenet_planner_ported/src/frenet_planner.cpp:10[m[K:
[12.054s] [01m[K/home/aayush/newest_frenet_planner/src/frenet_planner_ported/src/../include/frenet_optimal_trajectory.hpp:82:20:[m[K [01;35m[Kwarning: [m[Kstatement has no effect [[01;35m[K-Wunused-value[m[K]
[12.054s]    82 | #define trace(...) [01;35m[K42[m[K
[12.054s]       |                    [01;35m[K^~[m[K
[12.054s] [01m[K/home/aayush/newest_frenet_planner/src/frenet_planner_ported/src/../include/frenet_optimal_trajectory.hpp:82:20:[m[K [01;36m[Knote: [m[Kin definition of macro ‘[01m[Ktrace[m[K’
[12.054s]    82 | #define trace(...) [01;36m[K42[m[K
[12.055s]       |                    [01;36m[K^~[m[K
[12.055s] [01m[K/home/aayush/newest_frenet_planner/src/frenet_planner_ported/src/../include/frenet_optimal_trajectory.hpp:82:20:[m[K [01;35m[Kwarning: [m[Kstatement has no effect [[01;35m[K-Wunused-value[m[K]
[12.055s]    82 | #define trace(...) [01;35m[K42[m[K
[12.055s]       |                    [01;35m[K^~[m[K
[12.059s] [01m[K/home/aayush/newest_frenet_planner/src/frenet_planner_ported/src/../include/frenet_optimal_trajectory.hpp:82:20:[m[K [01;36m[Knote: [m[Kin definition of macro ‘[01m[Ktrace[m[K’
[12.059s]    82 | #define trace(...) [01;36m[K42[m[K
[12.059s]       |                    [01;36m[K^~[m[K
[13.440s] make[2]: *** [CMakeFiles/frenet_ros_obst.dir/build.make:76: CMakeFiles/frenet_ros_obst.dir/src/frenet_planner.cpp.o] Error 1
[13.442s] make[1]: *** [CMakeFiles/Makefile2:78: CMakeFiles/frenet_ros_obst.dir/all] Error 2
[13.442s] make: *** [Makefile:141: all] Error 2
[13.443s] Invoked command in '/home/aayush/newest_frenet_planner/build/frenet_planner_ported' returned '2': CMAKE_PREFIX_PATH=${CMAKE_PREFIX_PATH}:/home/aayush/newest_frenet_planner/install/dummy:/opt/ros/foxy /usr/bin/cmake --build /home/aayush/newest_frenet_planner/build/frenet_planner_ported -- -j2 -l2
