[0.805s] Invoking command in '/home/aayush/newest_frenet_planner/build/frenet_planner_ported': CMAKE_PREFIX_PATH=${CMAKE_PREFIX_PATH}:/home/aayush/newest_frenet_planner/install/dummy:/opt/ros/foxy /usr/bin/cmake --build /home/aayush/newest_frenet_planner/build/frenet_planner_ported -- -j2 -l2
[0.964s] [35m[1mScanning dependencies of target frenet_ros_obst[0m
[1.194s] [ 20%] [32mBuilding CXX object CMakeFiles/frenet_ros_obst.dir/src/frenet_ros_obst.cpp.o[0m
[6.414s] In file included from [01m[K/home/aayush/newest_frenet_planner/src/frenet_planner_ported/src/../include/frenet_class.hpp:11[m[K,
[6.414s]                  from [01m[K/home/aayush/newest_frenet_planner/src/frenet_planner_ported/src/frenet_ros_obst.cpp:1[m[K:
[6.414s] [01m[K/home/aayush/newest_frenet_planner/src/frenet_planner_ported/./include/matplotlibcpp.hpp:314:36:[m[K [01;35m[Kwarning: [m[Kstatic_assert without a message only available with ‘[01m[K-std=c++17[m[K’ or ‘[01m[K-std=gnu++17[m[K’ [[01;35m[K-Wpedantic[m[K]
[6.415s]   314 | static_assert(sizeof(long long) == [01;35m[K8[m[K);
[6.415s]       |                                    [01;35m[K^[m[K
[6.415s] [01m[K/home/aayush/newest_frenet_planner/src/frenet_planner_ported/./include/matplotlibcpp.hpp:316:45:[m[K [01;35m[Kwarning: [m[Kstatic_assert without a message only available with ‘[01m[K-std=c++17[m[K’ or ‘[01m[K-std=gnu++17[m[K’ [[01;35m[K-Wpedantic[m[K]
[6.416s]   316 | static_assert(sizeof(unsigned long long) == [01;35m[K8[m[K);
[6.416s]       |                                             [01;35m[K^[m[K
[9.314s] In file included from [01m[K/home/aayush/newest_frenet_planner/src/frenet_planner_ported/src/frenet_ros_obst.cpp:1[m[K:
[9.314s] [01m[K/home/aayush/newest_frenet_planner/src/frenet_planner_ported/src/../include/frenet_class.hpp:129:81:[m[K [01;35m[Kwarning: [m[K‘[01m[Kgeometry_msgs::msg::PolygonStamped_<std::allocator<void> >::ConstPtr[m[K’ is deprecated [[01;35m[K-Wdeprecated-declarations[m[K]
[9.315s]   129 | allback(const geometry_msgs::msg::PolygonStamped::ConstPtr p[01;35m[K)[m[K
[9.315s]       |                                                             [01;35m[K^[m[K
[9.315s] 
[9.316s] In file included from [01m[K/opt/ros/foxy/include/geometry_msgs/msg/polygon_stamped.hpp:7[m[K,
[9.316s]                  from [01m[K/home/aayush/newest_frenet_planner/src/frenet_planner_ported/src/../include/frenet_class.hpp:8[m[K,
[9.316s]                  from [01m[K/home/aayush/newest_frenet_planner/src/frenet_planner_ported/src/frenet_ros_obst.cpp:1[m[K:
[9.316s] [01m[K/opt/ros/foxy/include/geometry_msgs/msg/detail/polygon_stamped__struct.hpp:114:5:[m[K [01;36m[Knote: [m[Kdeclared here
[9.317s]   114 |     [01;36m[KConstPtr[m[K;
[9.317s]       |     [01;36m[K^~~~~~~~[m[K
[9.318s] In file included from [01m[K/home/aayush/newest_frenet_planner/src/frenet_planner_ported/src/frenet_ros_obst.cpp:1[m[K:
[9.318s] [01m[K/home/aayush/newest_frenet_planner/src/frenet_planner_ported/src/../include/frenet_class.hpp:135:67:[m[K [01;35m[Kwarning: [m[K‘[01m[Knav_msgs::msg::Odometry_<std::allocator<void> >::ConstPtr[m[K’ is deprecated [[01;35m[K-Wdeprecated-declarations[m[K]
[9.318s]   135 |     void odom_callback(const nav_msgs::msg::Odometry::ConstPtr msg[01;35m[K)[m[K
[9.318s]       |                                                                   [01;35m[K^[m[K
[9.319s] In file included from [01m[K/opt/ros/foxy/include/nav_msgs/msg/odometry.hpp:7[m[K,
[9.319s]                  from [01m[K/home/aayush/newest_frenet_planner/src/frenet_planner_ported/src/../include/frenet_class.hpp:6[m[K,
[9.319s]                  from [01m[K/home/aayush/newest_frenet_planner/src/frenet_planner_ported/src/frenet_ros_obst.cpp:1[m[K:
[9.319s] [01m[K/opt/ros/foxy/include/nav_msgs/msg/detail/odometry__struct.hpp:145:5:[m[K [01;36m[Knote: [m[Kdeclared here
[9.319s]   145 |     [01;36m[KConstPtr[m[K;
[9.320s]       |     [01;36m[K^~~~~~~~[m[K
[9.320s] In file included from [01m[K/home/aayush/newest_frenet_planner/src/frenet_planner_ported/src/frenet_ros_obst.cpp:1[m[K:
[9.320s] [01m[K/home/aayush/newest_frenet_planner/src/frenet_planner_ported/src/../include/frenet_class.hpp:139:86:[m[K [01;35m[Kwarning: [m[K‘[01m[Knav_msgs::msg::OccupancyGrid_<std::allocator<void> >::ConstPtr[m[K’ is deprecated [[01;35m[K-Wdeprecated-declarations[m[K]
[9.320s]   139 | (const nav_msgs::msg::OccupancyGrid::ConstPtr occupancy_grid[01;35m[K)[m[K
[9.321s]       |                                                             [01;35m[K^[m[K
[9.321s] 
[9.321s] In file included from [01m[K/opt/ros/foxy/include/nav_msgs/msg/occupancy_grid.hpp:7[m[K,
[9.321s]                  from [01m[K/home/aayush/newest_frenet_planner/src/frenet_planner_ported/src/../include/frenet_class.hpp:7[m[K,
[9.321s]                  from [01m[K/home/aayush/newest_frenet_planner/src/frenet_planner_ported/src/frenet_ros_obst.cpp:1[m[K:
[9.322s] [01m[K/opt/ros/foxy/include/nav_msgs/msg/detail/occupancy_grid__struct.hpp:123:5:[m[K [01;36m[Knote: [m[Kdeclared here
[9.322s]   123 |     [01;36m[KConstPtr[m[K;
[9.322s]       |     [01;36m[K^~~~~~~~[m[K
[9.448s] In file included from [01m[K/home/aayush/newest_frenet_planner/src/frenet_planner_ported/src/frenet_ros_obst.cpp:1[m[K:
[9.449s] [01m[K/home/aayush/newest_frenet_planner/src/frenet_planner_ported/src/../include/frenet_class.hpp:[m[K In member function ‘[01m[Kvoid FrenetClass::costmap_callback(nav_msgs::msg::OccupancyGrid_<std::allocator<void> >::ConstPtr)[m[K’:
[9.449s] [01m[K/home/aayush/newest_frenet_planner/src/frenet_planner_ported/src/../include/frenet_class.hpp:169:22:[m[K [01;35m[Kwarning: [m[Kcomparison of integer expressions of different signedness: ‘[01m[Klong int[m[K’ and ‘[01m[Kstd::vector<std::pair<double, double> >::size_type[m[K’ {aka ‘[01m[Klong unsigned int[m[K’} [[01;35m[K-Wsign-compare[m[K]
[9.450s]   169 |   for (long i = 0; [01;35m[Ki < ob1.size()[m[K; i++)
[9.450s]       |                    [01;35m[K~~^~~~~~~~~~~~[m[K
[9.450s] [01m[K/home/aayush/newest_frenet_planner/src/frenet_planner_ported/src/../include/frenet_class.hpp:149:13:[m[K [01;35m[Kwarning: [m[Kunused variable ‘[01m[KstartTime1[m[K’ [[01;35m[K-Wunused-variable[m[K]
[9.450s]   149 |      double [01;35m[KstartTime1[m[K = omp_get_wtime();
[9.450s]       |             [01;35m[K^~~~~~~~~~[m[K
[9.454s] In file included from [01m[K/home/aayush/newest_frenet_planner/src/frenet_planner_ported/src/frenet_ros_obst.cpp:2[m[K:
[9.454s] [01m[K/home/aayush/newest_frenet_planner/src/frenet_planner_ported/src/../include/frenet_optimal_trajectory.hpp:[m[K In function ‘[01m[Kstd::ostream& operator<<(std::ostream&, const FrenetPath&)[m[K’:
[9.454s] [01m[K/home/aayush/newest_frenet_planner/src/frenet_planner_ported/src/../include/frenet_optimal_trajectory.hpp:80:20:[m[K [01;35m[Kwarning: [m[Kstatement has no effect [[01;35m[K-Wunused-value[m[K]
[9.454s]    80 | #define trace(...) [01;35m[K42[m[K
[9.455s]       |                    [01;35m[K^~[m[K
[9.455s] [01m[K/home/aayush/newest_frenet_planner/src/frenet_planner_ported/src/../include/frenet_optimal_trajectory.hpp:80:20:[m[K [01;36m[Knote: [m[Kin definition of macro ‘[01m[Ktrace[m[K’
[9.455s]    80 | #define trace(...) [01;36m[K42[m[K
[9.455s]       |                    [01;36m[K^~[m[K
[9.455s] [01m[K/home/aayush/newest_frenet_planner/src/frenet_planner_ported/src/../include/frenet_optimal_trajectory.hpp:80:20:[m[K [01;35m[Kwarning: [m[Kstatement has no effect [[01;35m[K-Wunused-value[m[K]
[9.456s]    80 | #define trace(...) [01;35m[K42[m[K
[9.456s]       |                    [01;35m[K^~[m[K
[9.456s] [01m[K/home/aayush/newest_frenet_planner/src/frenet_planner_ported/src/../include/frenet_optimal_trajectory.hpp:80:20:[m[K [01;36m[Knote: [m[Kin definition of macro ‘[01m[Ktrace[m[K’
[9.456s]    80 | #define trace(...) [01;36m[K42[m[K
[9.456s]       |                    [01;36m[K^~[m[K
[9.457s] [01m[K/home/aayush/newest_frenet_planner/src/frenet_planner_ported/src/../include/frenet_optimal_trajectory.hpp:80:20:[m[K [01;35m[Kwarning: [m[Kstatement has no effect [[01;35m[K-Wunused-value[m[K]
[9.457s]    80 | #define trace(...) [01;35m[K42[m[K
[9.457s]       |                    [01;35m[K^~[m[K
[9.457s] [01m[K/home/aayush/newest_frenet_planner/src/frenet_planner_ported/src/../include/frenet_optimal_trajectory.hpp:80:20:[m[K [01;36m[Knote: [m[Kin definition of macro ‘[01m[Ktrace[m[K’
[9.458s]    80 | #define trace(...) [01;36m[K42[m[K
[9.458s]       |                    [01;36m[K^~[m[K
[9.458s] [01m[K/home/aayush/newest_frenet_planner/src/frenet_planner_ported/src/../include/frenet_optimal_trajectory.hpp:80:20:[m[K [01;35m[Kwarning: [m[Kstatement has no effect [[01;35m[K-Wunused-value[m[K]
[9.458s]    80 | #define trace(...) [01;35m[K42[m[K
[9.458s]       |                    [01;35m[K^~[m[K
[9.459s] [01m[K/home/aayush/newest_frenet_planner/src/frenet_planner_ported/src/../include/frenet_optimal_trajectory.hpp:80:20:[m[K [01;36m[Knote: [m[Kin definition of macro ‘[01m[Ktrace[m[K’
[9.459s]    80 | #define trace(...) [01;36m[K42[m[K
[9.459s]       |                    [01;36m[K^~[m[K
[9.459s] [01m[K/home/aayush/newest_frenet_planner/src/frenet_planner_ported/src/../include/frenet_optimal_trajectory.hpp:80:20:[m[K [01;35m[Kwarning: [m[Kstatement has no effect [[01;35m[K-Wunused-value[m[K]
[9.460s]    80 | #define trace(...) [01;35m[K42[m[K
[9.460s]       |                    [01;35m[K^~[m[K
[9.460s] [01m[K/home/aayush/newest_frenet_planner/src/frenet_planner_ported/src/../include/frenet_optimal_trajectory.hpp:80:20:[m[K [01;36m[Knote: [m[Kin definition of macro ‘[01m[Ktrace[m[K’
[9.460s]    80 | #define trace(...) [01;36m[K42[m[K
[9.461s]       |                    [01;36m[K^~[m[K
[9.461s] [01m[K/home/aayush/newest_frenet_planner/src/frenet_planner_ported/src/../include/frenet_optimal_trajectory.hpp:80:20:[m[K [01;35m[Kwarning: [m[Kstatement has no effect [[01;35m[K-Wunused-value[m[K]
[9.461s]    80 | #define trace(...) [01;35m[K42[m[K
[9.461s]       |                    [01;35m[K^~[m[K
[9.462s] [01m[K/home/aayush/newest_frenet_planner/src/frenet_planner_ported/src/../include/frenet_optimal_trajectory.hpp:80:20:[m[K [01;36m[Knote: [m[Kin definition of macro ‘[01m[Ktrace[m[K’
[9.462s]    80 | #define trace(...) [01;36m[K42[m[K
[9.462s]       |                    [01;36m[K^~[m[K
[9.462s] [01m[K/home/aayush/newest_frenet_planner/src/frenet_planner_ported/src/../include/frenet_optimal_trajectory.hpp:80:20:[m[K [01;35m[Kwarning: [m[Kstatement has no effect [[01;35m[K-Wunused-value[m[K]
[9.463s]    80 | #define trace(...) [01;35m[K42[m[K
[9.463s]       |                    [01;35m[K^~[m[K
[9.463s] [01m[K/home/aayush/newest_frenet_planner/src/frenet_planner_ported/src/../include/frenet_optimal_trajectory.hpp:80:20:[m[K [01;36m[Knote: [m[Kin definition of macro ‘[01m[Ktrace[m[K’
[9.463s]    80 | #define trace(...) [01;36m[K42[m[K
[9.463s]       |                    [01;36m[K^~[m[K
[9.464s] [01m[K/home/aayush/newest_frenet_planner/src/frenet_planner_ported/src/../include/frenet_optimal_trajectory.hpp:80:20:[m[K [01;35m[Kwarning: [m[Kstatement has no effect [[01;35m[K-Wunused-value[m[K]
[9.464s]    80 | #define trace(...) [01;35m[K42[m[K
[9.464s]       |                    [01;35m[K^~[m[K
[9.465s] [01m[K/home/aayush/newest_frenet_planner/src/frenet_planner_ported/src/../include/frenet_optimal_trajectory.hpp:80:20:[m[K [01;36m[Knote: [m[Kin definition of macro ‘[01m[Ktrace[m[K’
[9.465s]    80 | #define trace(...) [01;36m[K42[m[K
[9.465s]       |                    [01;36m[K^~[m[K
[9.465s] [01m[K/home/aayush/newest_frenet_planner/src/frenet_planner_ported/src/../include/frenet_optimal_trajectory.hpp:80:20:[m[K [01;35m[Kwarning: [m[Kstatement has no effect [[01;35m[K-Wunused-value[m[K]
[9.466s]    80 | #define trace(...) [01;35m[K42[m[K
[9.466s]       |                    [01;35m[K^~[m[K
[9.466s] [01m[K/home/aayush/newest_frenet_planner/src/frenet_planner_ported/src/../include/frenet_optimal_trajectory.hpp:80:20:[m[K [01;36m[Knote: [m[Kin definition of macro ‘[01m[Ktrace[m[K’
[9.466s]    80 | #define trace(...) [01;36m[K42[m[K
[9.466s]       |                    [01;36m[K^~[m[K
[9.467s] [01m[K/home/aayush/newest_frenet_planner/src/frenet_planner_ported/src/../include/frenet_optimal_trajectory.hpp:80:20:[m[K [01;35m[Kwarning: [m[Kstatement has no effect [[01;35m[K-Wunused-value[m[K]
[9.467s]    80 | #define trace(...) [01;35m[K42[m[K
[9.467s]       |                    [01;35m[K^~[m[K
[9.467s] [01m[K/home/aayush/newest_frenet_planner/src/frenet_planner_ported/src/../include/frenet_optimal_trajectory.hpp:80:20:[m[K [01;36m[Knote: [m[Kin definition of macro ‘[01m[Ktrace[m[K’
[9.467s]    80 | #define trace(...) [01;36m[K42[m[K
[9.468s]       |                    [01;36m[K^~[m[K
[9.468s] [01m[K/home/aayush/newest_frenet_planner/src/frenet_planner_ported/src/../include/frenet_optimal_trajectory.hpp:80:20:[m[K [01;35m[Kwarning: [m[Kstatement has no effect [[01;35m[K-Wunused-value[m[K]
[9.468s]    80 | #define trace(...) [01;35m[K42[m[K
[9.468s]       |                    [01;35m[K^~[m[K
[9.469s] [01m[K/home/aayush/newest_frenet_planner/src/frenet_planner_ported/src/../include/frenet_optimal_trajectory.hpp:80:20:[m[K [01;36m[Knote: [m[Kin definition of macro ‘[01m[Ktrace[m[K’
[9.469s]    80 | #define trace(...) [01;36m[K42[m[K
[9.469s]       |                    [01;36m[K^~[m[K
[9.469s] [01m[K/home/aayush/newest_frenet_planner/src/frenet_planner_ported/src/../include/frenet_optimal_trajectory.hpp:80:20:[m[K [01;35m[Kwarning: [m[Kstatement has no effect [[01;35m[K-Wunused-value[m[K]
[9.469s]    80 | #define trace(...) [01;35m[K42[m[K
[9.469s]       |                    [01;35m[K^~[m[K
[9.470s] [01m[K/home/aayush/newest_frenet_planner/src/frenet_planner_ported/src/../include/frenet_optimal_trajectory.hpp:80:20:[m[K [01;36m[Knote: [m[Kin definition of macro ‘[01m[Ktrace[m[K’
[9.470s]    80 | #define trace(...) [01;36m[K42[m[K
[9.470s]       |                    [01;36m[K^~[m[K
[9.470s] [01m[K/home/aayush/newest_frenet_planner/src/frenet_planner_ported/src/../include/frenet_optimal_trajectory.hpp:80:20:[m[K [01;35m[Kwarning: [m[Kstatement has no effect [[01;35m[K-Wunused-value[m[K]
[9.470s]    80 | #define trace(...) [01;35m[K42[m[K
[9.471s]       |                    [01;35m[K^~[m[K
[9.471s] [01m[K/home/aayush/newest_frenet_planner/src/frenet_planner_ported/src/../include/frenet_optimal_trajectory.hpp:80:20:[m[K [01;36m[Knote: [m[Kin definition of macro ‘[01m[Ktrace[m[K’
[9.471s]    80 | #define trace(...) [01;36m[K42[m[K
[9.471s]       |                    [01;36m[K^~[m[K
[9.472s] [01m[K/home/aayush/newest_frenet_planner/src/frenet_planner_ported/src/../include/frenet_optimal_trajectory.hpp:81:59:[m[K [01;35m[Kwarning: [m[Kunused parameter ‘[01m[Kfp[m[K’ [[01;35m[K-Wunused-parameter[m[K]
[9.472s]    81 | inline ostream& operator<<(ostream& os, [01;35m[Kconst FrenetPath& fp[m[K)
[9.472s]       |                                         [01;35m[K~~~~~~~~~~~~~~~~~~^~[m[K
[9.472s] [01m[K/home/aayush/newest_frenet_planner/src/frenet_planner_ported/src/frenet_ros_obst.cpp:[m[K In function ‘[01m[Kdouble get_bot_yaw()[m[K’:
[9.473s] [01m[K/home/aayush/newest_frenet_planner/src/frenet_planner_ported/src/../include/frenet_optimal_trajectory.hpp:80:20:[m[K [01;35m[Kwarning: [m[Kstatement has no effect [[01;35m[K-Wunused-value[m[K]
[9.473s]    80 | #define trace(...) [01;35m[K42[m[K
[9.473s]       |                    [01;35m[K^~[m[K
[9.473s] [01m[K/home/aayush/newest_frenet_planner/src/frenet_planner_ported/src/../include/frenet_optimal_trajectory.hpp:80:20:[m[K [01;36m[Knote: [m[Kin definition of macro ‘[01m[Ktrace[m[K’
[9.473s]    80 | #define trace(...) [01;36m[K42[m[K
[9.474s]       |                    [01;36m[K^~[m[K
[9.474s] [01m[K/home/aayush/newest_frenet_planner/src/frenet_planner_ported/src/frenet_ros_obst.cpp:[m[K In function ‘[01m[Kvoid initial_conditions_path(Spline2D&, double&, double&, double&, double&, double&, double&, FrenetPath&)[m[K’:
[9.474s] [01m[K/home/aayush/newest_frenet_planner/src/frenet_planner_ported/src/frenet_ros_obst.cpp:55:40:[m[K [01;35m[Kwarning: [m[Kunused parameter ‘[01m[Kcsp[m[K’ [[01;35m[K-Wunused-parameter[m[K]
[9.474s]    55 | void initial_conditions_path([01;35m[KSpline2D &csp[m[K, double &s0, double &c_speed, double &c_d, double &c_d_d,
[9.474s]       |                              [01;35m[K~~~~~~~~~~^~~[m[K
[9.475s] In file included from [01m[K/home/aayush/newest_frenet_planner/src/frenet_planner_ported/src/frenet_ros_obst.cpp:2[m[K:
[9.475s] [01m[K/home/aayush/newest_frenet_planner/src/frenet_planner_ported/src/frenet_ros_obst.cpp:[m[K In function ‘[01m[Kint initial_conditions_new(Spline2D&, vecD&, vecD&, vecD&, vecD&, vecD&, double&, double&, double&, double&, double&, double&, FrenetPath&)[m[K’:
[9.475s] [01m[K/home/aayush/newest_frenet_planner/src/frenet_planner_ported/src/../include/frenet_optimal_trajectory.hpp:80:20:[m[K [01;35m[Kwarning: [m[Kstatement has no effect [[01;35m[K-Wunused-value[m[K]
[9.475s]    80 | #define trace(...) [01;35m[K42[m[K
[9.475s]       |                    [01;35m[K^~[m[K
[9.476s] [01m[K/home/aayush/newest_frenet_planner/src/frenet_planner_ported/src/../include/frenet_optimal_trajectory.hpp:80:20:[m[K [01;36m[Knote: [m[Kin definition of macro ‘[01m[Ktrace[m[K’
[9.476s]    80 | #define trace(...) [01;36m[K42[m[K
[9.476s]       |                    [01;36m[K^~[m[K
[9.476s] [01m[K/home/aayush/newest_frenet_planner/src/frenet_planner_ported/src/../include/frenet_optimal_trajectory.hpp:80:20:[m[K [01;35m[Kwarning: [m[Kstatement has no effect [[01;35m[K-Wunused-value[m[K]
[9.477s]    80 | #define trace(...) [01;35m[K42[m[K
[9.477s]       |                    [01;35m[K^~[m[K
[9.477s] [01m[K/home/aayush/newest_frenet_planner/src/frenet_planner_ported/src/../include/frenet_optimal_trajectory.hpp:80:20:[m[K [01;36m[Knote: [m[Kin definition of macro ‘[01m[Ktrace[m[K’
[9.477s]    80 | #define trace(...) [01;36m[K42[m[K
[9.477s]       |                    [01;36m[K^~[m[K
[9.478s] [01m[K/home/aayush/newest_frenet_planner/src/frenet_planner_ported/src/frenet_ros_obst.cpp:71:38:[m[K [01;35m[Kwarning: [m[Kunused parameter ‘[01m[Kcsp[m[K’ [[01;35m[K-Wunused-parameter[m[K]
[9.478s]    71 | int initial_conditions_new([01;35m[KSpline2D &csp[m[K, vecD &global_s, vecD &global_x, vecD &global_y,
[9.478s]       |                            [01;35m[K~~~~~~~~~~^~~[m[K
[9.491s] In file included from [01m[K/home/aayush/newest_frenet_planner/src/frenet_planner_ported/src/frenet_ros_obst.cpp:2[m[K:
[9.491s] [01m[K/home/aayush/newest_frenet_planner/src/frenet_planner_ported/src/frenet_ros_obst.cpp:[m[K In function ‘[01m[Kint main(int, char**)[m[K’:
[9.491s] [01m[K/home/aayush/newest_frenet_planner/src/frenet_planner_ported/src/../include/frenet_optimal_trajectory.hpp:80:20:[m[K [01;35m[Kwarning: [m[Kstatement has no effect [[01;35m[K-Wunused-value[m[K]
[9.492s]    80 | #define trace(...) [01;35m[K42[m[K
[9.492s]       |                    [01;35m[K^~[m[K
[9.492s] [01m[K/home/aayush/newest_frenet_planner/src/frenet_planner_ported/src/../include/frenet_optimal_trajectory.hpp:80:20:[m[K [01;36m[Knote: [m[Kin definition of macro ‘[01m[Ktrace[m[K’
[9.492s]    80 | #define trace(...) [01;36m[K42[m[K
[9.493s]       |                    [01;36m[K^~[m[K
[9.551s] [01m[K/home/aayush/newest_frenet_planner/src/frenet_planner_ported/src/frenet_ros_obst.cpp:174:10:[m[K [01;35m[Kwarning: [m[Kunused variable ‘[01m[KstartTime1[m[K’ [[01;35m[K-Wunused-variable[m[K]
[9.551s]   174 |   double [01;35m[KstartTime1[m[K = omp_get_wtime();
[9.551s]       |          [01;35m[K^~~~~~~~~~[m[K
[9.551s] [01m[K/home/aayush/newest_frenet_planner/src/frenet_planner_ported/src/frenet_ros_obst.cpp:188:10:[m[K [01;35m[Kwarning: [m[Kunused variable ‘[01m[KendTime1[m[K’ [[01;35m[K-Wunused-variable[m[K]
[9.552s]   188 |   double [01;35m[KendTime1[m[K = omp_get_wtime();
[9.552s]       |          [01;35m[K^~~~~~~~[m[K
[9.552s] [01m[K/home/aayush/newest_frenet_planner/src/frenet_planner_ported/src/frenet_ros_obst.cpp:260:10:[m[K [01;35m[Kwarning: [m[Kunused variable ‘[01m[KstartTime3[m[K’ [[01;35m[K-Wunused-variable[m[K]
[9.552s]   260 |   double [01;35m[KstartTime3[m[K = omp_get_wtime();
[9.552s]       |          [01;35m[K^~~~~~~~~~[m[K
[9.553s] [01m[K/home/aayush/newest_frenet_planner/src/frenet_planner_ported/src/frenet_ros_obst.cpp:262:10:[m[K [01;35m[Kwarning: [m[Kunused variable ‘[01m[KendTime3[m[K’ [[01;35m[K-Wunused-variable[m[K]
[9.553s]   262 |   double [01;35m[KendTime3[m[K = omp_get_wtime();
[9.553s]       |          [01;35m[K^~~~~~~~[m[K
[9.553s] [01m[K/home/aayush/newest_frenet_planner/src/frenet_planner_ported/src/frenet_ros_obst.cpp:130:7:[m[K [01;35m[Kwarning: [m[Kunused variable ‘[01m[KgotOdom[m[K’ [[01;35m[K-Wunused-variable[m[K]
[9.554s]   130 |  bool [01;35m[KgotOdom[m[K = false;
[9.554s]       |       [01;35m[K^~~~~~~[m[K
[9.554s] [01m[K/home/aayush/newest_frenet_planner/src/frenet_planner_ported/src/frenet_ros_obst.cpp:164:9:[m[K [01;35m[Kwarning: [m[Kunused variable ‘[01m[Kpltbasetime[m[K’ [[01;35m[K-Wunused-variable[m[K]
[9.554s]   164 |  double [01;35m[Kpltbasetime[m[K = omp_get_wtime();
[9.554s]       |         [01;35m[K^~~~~~~~~~~[m[K
[9.555s] [01m[K/home/aayush/newest_frenet_planner/src/frenet_planner_ported/src/frenet_ros_obst.cpp:166:6:[m[K [01;35m[Kwarning: [m[Kunused variable ‘[01m[Kiteration_count[m[K’ [[01;35m[K-Wunused-variable[m[K]
[9.555s]   166 |  int [01;35m[Kiteration_count[m[K = 1;
[9.555s]       |      [01;35m[K^~~~~~~~~~~~~~~[m[K
[37.276s] [ 40%] [32m[1mLinking CXX executable frenet_ros_obst[0m
[39.203s] /usr/bin/ld: CMakeFiles/frenet_ros_obst.dir/src/frenet_planner.cpp.o:(.bss+0x0): multiple definition of `cost_count'; CMakeFiles/frenet_ros_obst.dir/src/frenet_ros_obst.cpp.o:(.bss+0x0): first defined here
[39.203s] /usr/bin/ld: CMakeFiles/frenet_ros_obst.dir/src/frenet_planner.cpp.o:(.bss+0x8): multiple definition of `MAX_SPEED'; CMakeFiles/frenet_ros_obst.dir/src/frenet_ros_obst.cpp.o:(.bss+0x8): first defined here
[39.203s] /usr/bin/ld: CMakeFiles/frenet_ros_obst.dir/src/frenet_planner.cpp.o:(.bss+0x10): multiple definition of `MAX_ACCEL'; CMakeFiles/frenet_ros_obst.dir/src/frenet_ros_obst.cpp.o:(.bss+0x10): first defined here
[39.204s] /usr/bin/ld: CMakeFiles/frenet_ros_obst.dir/src/frenet_planner.cpp.o:(.bss+0x18): multiple definition of `MAX_CURVATURE'; CMakeFiles/frenet_ros_obst.dir/src/frenet_ros_obst.cpp.o:(.bss+0x18): first defined here
[39.204s] /usr/bin/ld: CMakeFiles/frenet_ros_obst.dir/src/frenet_planner.cpp.o:(.bss+0x20): multiple definition of `MAX_ROAD_WIDTH'; CMakeFiles/frenet_ros_obst.dir/src/frenet_ros_obst.cpp.o:(.bss+0x20): first defined here
[39.204s] /usr/bin/ld: CMakeFiles/frenet_ros_obst.dir/src/frenet_planner.cpp.o:(.bss+0x28): multiple definition of `D_ROAD_W'; CMakeFiles/frenet_ros_obst.dir/src/frenet_ros_obst.cpp.o:(.bss+0x28): first defined here
[39.204s] /usr/bin/ld: CMakeFiles/frenet_ros_obst.dir/src/frenet_planner.cpp.o:(.bss+0x30): multiple definition of `DT'; CMakeFiles/frenet_ros_obst.dir/src/frenet_ros_obst.cpp.o:(.bss+0x30): first defined here
[39.205s] /usr/bin/ld: CMakeFiles/frenet_ros_obst.dir/src/frenet_planner.cpp.o:(.bss+0x38): multiple definition of `MAXT'; CMakeFiles/frenet_ros_obst.dir/src/frenet_ros_obst.cpp.o:(.bss+0x38): first defined here
[39.205s] /usr/bin/ld: CMakeFiles/frenet_ros_obst.dir/src/frenet_planner.cpp.o:(.bss+0x40): multiple definition of `MINT'; CMakeFiles/frenet_ros_obst.dir/src/frenet_ros_obst.cpp.o:(.bss+0x40): first defined here
[39.207s] /usr/bin/ld: CMakeFiles/frenet_ros_obst.dir/src/frenet_planner.cpp.o:(.bss+0x48): multiple definition of `TARGET_SPEED'; CMakeFiles/frenet_ros_obst.dir/src/frenet_ros_obst.cpp.o:(.bss+0x48): first defined here
[39.208s] /usr/bin/ld: CMakeFiles/frenet_ros_obst.dir/src/frenet_planner.cpp.o:(.bss+0x50): multiple definition of `D_T_S'; CMakeFiles/frenet_ros_obst.dir/src/frenet_ros_obst.cpp.o:(.bss+0x50): first defined here
[39.208s] /usr/bin/ld: CMakeFiles/frenet_ros_obst.dir/src/frenet_planner.cpp.o:(.bss+0x58): multiple definition of `N_S_SAMPLE'; CMakeFiles/frenet_ros_obst.dir/src/frenet_ros_obst.cpp.o:(.bss+0x58): first defined here
[39.208s] /usr/bin/ld: CMakeFiles/frenet_ros_obst.dir/src/frenet_planner.cpp.o:(.bss+0x60): multiple definition of `ROBOT_RADIUS'; CMakeFiles/frenet_ros_obst.dir/src/frenet_ros_obst.cpp.o:(.bss+0x60): first defined here
[39.209s] /usr/bin/ld: CMakeFiles/frenet_ros_obst.dir/src/frenet_planner.cpp.o:(.bss+0x68): multiple definition of `MIN_LAT_VEL'; CMakeFiles/frenet_ros_obst.dir/src/frenet_ros_obst.cpp.o:(.bss+0x68): first defined here
[39.209s] /usr/bin/ld: CMakeFiles/frenet_ros_obst.dir/src/frenet_planner.cpp.o:(.bss+0x70): multiple definition of `MAX_LAT_VEL'; CMakeFiles/frenet_ros_obst.dir/src/frenet_ros_obst.cpp.o:(.bss+0x70): first defined here
[39.209s] /usr/bin/ld: CMakeFiles/frenet_ros_obst.dir/src/frenet_planner.cpp.o:(.bss+0x78): multiple definition of `D_D_NS'; CMakeFiles/frenet_ros_obst.dir/src/frenet_ros_obst.cpp.o:(.bss+0x78): first defined here
[39.209s] /usr/bin/ld: CMakeFiles/frenet_ros_obst.dir/src/frenet_planner.cpp.o:(.bss+0x80): multiple definition of `MAX_SHIFT_D'; CMakeFiles/frenet_ros_obst.dir/src/frenet_ros_obst.cpp.o:(.bss+0x80): first defined here
[39.209s] /usr/bin/ld: CMakeFiles/frenet_ros_obst.dir/src/frenet_planner.cpp.o:(.bss+0x88): multiple definition of `KJ'; CMakeFiles/frenet_ros_obst.dir/src/frenet_ros_obst.cpp.o:(.bss+0x88): first defined here
[39.210s] /usr/bin/ld: CMakeFiles/frenet_ros_obst.dir/src/frenet_planner.cpp.o:(.bss+0x90): multiple definition of `KT'; CMakeFiles/frenet_ros_obst.dir/src/frenet_ros_obst.cpp.o:(.bss+0x90): first defined here
[39.210s] /usr/bin/ld: CMakeFiles/frenet_ros_obst.dir/src/frenet_planner.cpp.o:(.bss+0x98): multiple definition of `KD'; CMakeFiles/frenet_ros_obst.dir/src/frenet_ros_obst.cpp.o:(.bss+0x98): first defined here
[39.210s] /usr/bin/ld: CMakeFiles/frenet_ros_obst.dir/src/frenet_planner.cpp.o:(.bss+0xa0): multiple definition of `KD_V'; CMakeFiles/frenet_ros_obst.dir/src/frenet_ros_obst.cpp.o:(.bss+0xa0): first defined here
[39.210s] /usr/bin/ld: CMakeFiles/frenet_ros_obst.dir/src/frenet_planner.cpp.o:(.bss+0xa8): multiple definition of `KLAT'; CMakeFiles/frenet_ros_obst.dir/src/frenet_ros_obst.cpp.o:(.bss+0xa8): first defined here
[39.211s] /usr/bin/ld: CMakeFiles/frenet_ros_obst.dir/src/frenet_planner.cpp.o:(.bss+0xb0): multiple definition of `KLON'; CMakeFiles/frenet_ros_obst.dir/src/frenet_ros_obst.cpp.o:(.bss+0xb0): first defined here
[39.211s] /usr/bin/ld: CMakeFiles/frenet_ros_obst.dir/src/frenet_planner.cpp.o:(.bss+0xb8): multiple definition of `STOP_CAR'; CMakeFiles/frenet_ros_obst.dir/src/frenet_ros_obst.cpp.o:(.bss+0xb8): first defined here
[39.211s] /usr/bin/ld: CMakeFiles/frenet_ros_obst.dir/src/frenet_planner.cpp.o:(.bss+0xc0): multiple definition of `s_dest'; CMakeFiles/frenet_ros_obst.dir/src/frenet_ros_obst.cpp.o:(.bss+0xc0): first defined here
[39.212s] /usr/bin/ld: CMakeFiles/frenet_ros_obst.dir/src/frenet_planner.cpp.o:(.bss+0xd0): multiple definition of `W_X'; CMakeFiles/frenet_ros_obst.dir/src/frenet_ros_obst.cpp.o:(.bss+0xd0): first defined here
[39.212s] /usr/bin/ld: CMakeFiles/frenet_ros_obst.dir/src/frenet_planner.cpp.o:(.bss+0xf0): multiple definition of `W_Y'; CMakeFiles/frenet_ros_obst.dir/src/frenet_ros_obst.cpp.o:(.bss+0xf0): first defined here
[39.212s] /usr/bin/ld: CMakeFiles/frenet_ros_obst.dir/src/frenet_planner.cpp.o:(.bss+0x120): multiple definition of `odom'; CMakeFiles/frenet_ros_obst.dir/src/frenet_ros_obst.cpp.o:(.bss+0x120): first defined here
[39.212s] /usr/bin/ld: CMakeFiles/frenet_ros_obst.dir/src/frenet_planner.cpp.o:(.bss+0x420): multiple definition of `cmap'; CMakeFiles/frenet_ros_obst.dir/src/frenet_ros_obst.cpp.o:(.bss+0x420): first defined here
[39.213s] /usr/bin/ld: CMakeFiles/frenet_ros_obst.dir/src/frenet_planner.cpp.o:(.bss+0x4c0): multiple definition of `footprint'; CMakeFiles/frenet_ros_obst.dir/src/frenet_ros_obst.cpp.o:(.bss+0x4c0): first defined here
[39.213s] /usr/bin/ld: CMakeFiles/frenet_ros_obst.dir/src/frenet_planner.cpp.o:(.bss+0x500): multiple definition of `ob_x'; CMakeFiles/frenet_ros_obst.dir/src/frenet_ros_obst.cpp.o:(.bss+0x500): first defined here
[39.213s] /usr/bin/ld: CMakeFiles/frenet_ros_obst.dir/src/frenet_planner.cpp.o:(.bss+0x520): multiple definition of `ob_y'; CMakeFiles/frenet_ros_obst.dir/src/frenet_ros_obst.cpp.o:(.bss+0x520): first defined here
[39.213s] collect2: error: ld returned 1 exit status
[39.213s] make[2]: *** [CMakeFiles/frenet_ros_obst.dir/build.make:187: frenet_ros_obst] Error 1
[39.214s] make[1]: *** [CMakeFiles/Makefile2:78: CMakeFiles/frenet_ros_obst.dir/all] Error 2
[39.214s] make: *** [Makefile:141: all] Error 2
[39.219s] Invoked command in '/home/aayush/newest_frenet_planner/build/frenet_planner_ported' returned '2': CMAKE_PREFIX_PATH=${CMAKE_PREFIX_PATH}:/home/aayush/newest_frenet_planner/install/dummy:/opt/ros/foxy /usr/bin/cmake --build /home/aayush/newest_frenet_planner/build/frenet_planner_ported -- -j2 -l2
