running egg_info
writing ../../build/dummy/dummy.egg-info/PKG-INFO
writing dependency_links to ../../build/dummy/dummy.egg-info/dependency_links.txt
writing entry points to ../../build/dummy/dummy.egg-info/entry_points.txt
writing requirements to ../../build/dummy/dummy.egg-info/requires.txt
writing top-level names to ../../build/dummy/dummy.egg-info/top_level.txt
reading manifest file '../../build/dummy/dummy.egg-info/SOURCES.txt'
writing manifest file '../../build/dummy/dummy.egg-info/SOURCES.txt'
running build
running build_py
copying dummy/dummy_publisher.py -> /home/aayush/newest_frenet_planner/build/dummy/build/lib/dummy
running install
running install_lib
copying /home/aayush/newest_frenet_planner/build/dummy/build/lib/dummy/dummy_publisher.py -> /home/aayush/newest_frenet_planner/install/dummy/lib/python3.8/site-packages/dummy
byte-compiling /home/aayush/newest_frenet_planner/install/dummy/lib/python3.8/site-packages/dummy/dummy_publisher.py to dummy_publisher.cpython-38.pyc
running install_data
running install_egg_info
removing '/home/aayush/newest_frenet_planner/install/dummy/lib/python3.8/site-packages/dummy-0.0.0-py3.8.egg-info' (and everything under it)
Copying ../../build/dummy/dummy.egg-info to /home/aayush/newest_frenet_planner/install/dummy/lib/python3.8/site-packages/dummy-0.0.0-py3.8.egg-info
running install_scripts
Installing dum_pub script to /home/aayush/newest_frenet_planner/install/dummy/lib/dummy
writing list of installed files to '/home/aayush/newest_frenet_planner/build/dummy/install.log'
