[0.983s] Invoking command in '/home/aayush/newest_frenet_planner/src/dummy': PYTHONPATH=/home/aayush/newest_frenet_planner/install/dummy/lib/python3.8/site-packages:${PYTHONPATH} /usr/bin/python3 setup.py egg_info --egg-base ../../build/dummy build --build-base /home/aayush/newest_frenet_planner/build/dummy/build install --prefix /home/aayush/newest_frenet_planner/install/dummy --record /home/aayush/newest_frenet_planner/build/dummy/install.log --single-version-externally-managed
[1.848s] running egg_info
[1.851s] writing ../../build/dummy/dummy.egg-info/PKG-INFO
[1.851s] writing dependency_links to ../../build/dummy/dummy.egg-info/dependency_links.txt
[1.852s] writing entry points to ../../build/dummy/dummy.egg-info/entry_points.txt
[1.852s] writing requirements to ../../build/dummy/dummy.egg-info/requires.txt
[1.852s] writing top-level names to ../../build/dummy/dummy.egg-info/top_level.txt
[1.974s] reading manifest file '../../build/dummy/dummy.egg-info/SOURCES.txt'
[1.978s] writing manifest file '../../build/dummy/dummy.egg-info/SOURCES.txt'
[1.978s] running build
[1.978s] running build_py
[1.979s] copying dummy/dummy_publisher.py -> /home/aayush/newest_frenet_planner/build/dummy/build/lib/dummy
[1.979s] running install
[1.981s] running install_lib
[1.987s] copying /home/aayush/newest_frenet_planner/build/dummy/build/lib/dummy/dummy_publisher.py -> /home/aayush/newest_frenet_planner/install/dummy/lib/python3.8/site-packages/dummy
[1.988s] byte-compiling /home/aayush/newest_frenet_planner/install/dummy/lib/python3.8/site-packages/dummy/dummy_publisher.py to dummy_publisher.cpython-38.pyc
[1.990s] running install_data
[1.992s] running install_egg_info
[2.001s] removing '/home/aayush/newest_frenet_planner/install/dummy/lib/python3.8/site-packages/dummy-0.0.0-py3.8.egg-info' (and everything under it)
[2.002s] Copying ../../build/dummy/dummy.egg-info to /home/aayush/newest_frenet_planner/install/dummy/lib/python3.8/site-packages/dummy-0.0.0-py3.8.egg-info
[2.003s] running install_scripts
[2.131s] Installing dum_pub script to /home/aayush/newest_frenet_planner/install/dummy/lib/dummy
[2.132s] writing list of installed files to '/home/aayush/newest_frenet_planner/build/dummy/install.log'
[2.200s] Invoked command in '/home/aayush/newest_frenet_planner/src/dummy' returned '0': PYTHONPATH=/home/aayush/newest_frenet_planner/install/dummy/lib/python3.8/site-packages:${PYTHONPATH} /usr/bin/python3 setup.py egg_info --egg-base ../../build/dummy build --build-base /home/aayush/newest_frenet_planner/build/dummy/build install --prefix /home/aayush/newest_frenet_planner/install/dummy --record /home/aayush/newest_frenet_planner/build/dummy/install.log --single-version-externally-managed
