[1.091s] Invoking command in '/home/aayush/newest_frenet_planner/src/dummy': PYTHONPATH=/home/aayush/newest_frenet_planner/install/dummy/lib/python3.8/site-packages:${PYTHONPATH} /usr/bin/python3 setup.py egg_info --egg-base ../../build/dummy build --build-base /home/aayush/newest_frenet_planner/build/dummy/build install --prefix /home/aayush/newest_frenet_planner/install/dummy --record /home/aayush/newest_frenet_planner/build/dummy/install.log --single-version-externally-managed
[2.239s] running egg_info
[2.241s] writing ../../build/dummy/dummy.egg-info/PKG-INFO
[2.241s] writing dependency_links to ../../build/dummy/dummy.egg-info/dependency_links.txt
[2.242s] writing entry points to ../../build/dummy/dummy.egg-info/entry_points.txt
[2.243s] writing requirements to ../../build/dummy/dummy.egg-info/requires.txt
[2.243s] writing top-level names to ../../build/dummy/dummy.egg-info/top_level.txt
[2.768s] reading manifest file '../../build/dummy/dummy.egg-info/SOURCES.txt'
[2.806s] writing manifest file '../../build/dummy/dummy.egg-info/SOURCES.txt'
[2.807s] running build
[2.808s] running build_py
[2.809s] running install
[2.848s] running install_lib
[2.875s] running install_data
[2.882s] running install_egg_info
[2.937s] removing '/home/aayush/newest_frenet_planner/install/dummy/lib/python3.8/site-packages/dummy-0.0.0-py3.8.egg-info' (and everything under it)
[2.938s] Copying ../../build/dummy/dummy.egg-info to /home/aayush/newest_frenet_planner/install/dummy/lib/python3.8/site-packages/dummy-0.0.0-py3.8.egg-info
[2.951s] running install_scripts
[3.128s] Installing dum_pub script to /home/aayush/newest_frenet_planner/install/dummy/lib/dummy
[3.129s] writing list of installed files to '/home/aayush/newest_frenet_planner/build/dummy/install.log'
[3.210s] Invoked command in '/home/aayush/newest_frenet_planner/src/dummy' returned '0': PYTHONPATH=/home/aayush/newest_frenet_planner/install/dummy/lib/python3.8/site-packages:${PYTHONPATH} /usr/bin/python3 setup.py egg_info --egg-base ../../build/dummy build --build-base /home/aayush/newest_frenet_planner/build/dummy/build install --prefix /home/aayush/newest_frenet_planner/install/dummy --record /home/aayush/newest_frenet_planner/build/dummy/install.log --single-version-externally-managed
