[0.839s] Invoking command in '/home/aayush/newest_frenet_planner/build/frenet_planner_ported': CMAKE_PREFIX_PATH=${CMAKE_PREFIX_PATH}:/home/aayush/newest_frenet_planner/install/dummy:/opt/ros/foxy /usr/bin/cmake /home/aayush/newest_frenet_planner/src/frenet_planner_ported -DCMAKE_INSTALL_PREFIX=/home/aayush/newest_frenet_planner/install/frenet_planner_ported
[1.508s] -- The C compiler identification is GNU 9.3.0
[1.776s] -- The CXX compiler identification is GNU 9.3.0
[1.872s] -- Check for working C compiler: /usr/bin/cc
[2.143s] -- Check for working C compiler: /usr/bin/cc -- works
[2.143s] -- Detecting C compiler ABI info
[2.385s] -- Detecting C compiler ABI info - done
[2.452s] -- Detecting C compile features
[2.455s] -- Detecting C compile features - done
[2.468s] -- Check for working CXX compiler: /usr/bin/c++
[2.729s] -- Check for working CXX compiler: /usr/bin/c++ -- works
[2.733s] -- Detecting CXX compiler ABI info
[2.990s] -- Detecting CXX compiler ABI info - done
[3.056s] -- Detecting CXX compile features
[3.059s] -- Detecting CXX compile features - done
[3.925s] -- Found OpenMP_C: -fopenmp (found version "4.5") 
[4.202s] -- Found OpenMP_CXX: -fopenmp (found version "4.5") 
[4.204s] -- Found OpenMP: TRUE (found version "4.5")  
[4.205s] OPENMP FOUND
[4.215s] -- Found ament_cmake: 0.9.8 (/opt/ros/foxy/share/ament_cmake/cmake)
[4.334s] -- Found PythonInterp: /usr/bin/python3 (found suitable version "3.8.10", minimum required is "3") 
[4.335s] -- Using PYTHON_EXECUTABLE: /usr/bin/python3
[5.031s] -- Found geometry_msgs: 2.0.4 (/opt/ros/foxy/share/geometry_msgs/cmake)
[5.267s] -- Using all available rosidl_typesupport_c: rosidl_typesupport_fastrtps_c;rosidl_typesupport_introspection_c
[5.311s] -- Found rosidl_adapter: 1.2.1 (/opt/ros/foxy/share/rosidl_adapter/cmake)
[5.766s] -- Found OpenSSL: /usr/lib/x86_64-linux-gnu/libcrypto.so (found version "1.1.1f")  
[5.866s] -- Found FastRTPS: /opt/ros/foxy/include  
[6.235s] -- Using all available rosidl_typesupport_cpp: rosidl_typesupport_fastrtps_cpp;rosidl_typesupport_introspection_cpp
[6.798s] -- Found nav_msgs: 2.0.4 (/opt/ros/foxy/share/nav_msgs/cmake)
[7.326s] -- Found rclcpp: 2.3.1 (/opt/ros/foxy/share/rclcpp/cmake)
[7.674s] -- Found rmw_implementation_cmake: 1.0.3 (/opt/ros/foxy/share/rmw_implementation_cmake/cmake)
[7.702s] -- Using RMW implementation 'rmw_fastrtps_cpp' as default
[7.730s] -- Looking for pthread.h
[7.961s] -- Looking for pthread.h - found
[7.962s] -- Performing Test CMAKE_HAVE_LIBC_PTHREAD
[8.195s] -- Performing Test CMAKE_HAVE_LIBC_PTHREAD - Success
[8.199s] -- Found Threads: TRUE  
[9.188s] -- Found rclpy: 1.0.5 (/opt/ros/foxy/share/rclpy/cmake)
[9.227s] -- /opt/ros/foxy/share/fastrtps_cmake_module/cmake/Modules;/home/aayush/newest_frenet_planner/src/frenet_planner_ported/cmake_modules
[9.375s] -- Found Boost: /usr/lib/x86_64-linux-gnu/cmake/Boost-1.71.0/BoostConfig.cmake (found version "1.71.0") found components: system thread graph 
[9.400s] -- Found ament_lint_auto: 0.9.6 (/opt/ros/foxy/share/ament_lint_auto/cmake)
[9.747s] -- Found PythonLibs: /usr/lib/x86_64-linux-gnu/libpython3.8.so (found suitable version "3.8.10", minimum required is "2.7") 
[9.749s] -- dir='/home/aayush/newest_frenet_planner/src/frenet_planner_ported/$'
[9.749s] -- dir='/home/aayush/newest_frenet_planner/src/frenet_planner_ported/{rclcpp_INCLUDE_DIRS}'
[9.749s] -- dir='/home/aayush/newest_frenet_planner/src/frenet_planner_ported/$'
[9.749s] -- dir='/home/aayush/newest_frenet_planner/src/frenet_planner_ported/{geometry_msgs_INCLUDE_DIRS}'
[9.749s] -- dir='/home/aayush/newest_frenet_planner/src/frenet_planner_ported/$'
[9.750s] -- dir='/home/aayush/newest_frenet_planner/src/frenet_planner_ported/{nav_msgs_INCLUDE_DIRS}'
[9.750s] -- dir='/home/aayush/newest_frenet_planner/src/frenet_planner_ported/$'
[9.750s] -- dir='/home/aayush/newest_frenet_planner/src/frenet_planner_ported/{rclcpp_INCLUDE_DIRS}'
[9.750s] -- dir='/home/aayush/newest_frenet_planner/src/frenet_planner_ported/$'
[9.751s] -- dir='/home/aayush/newest_frenet_planner/src/frenet_planner_ported/{rclpy_INCLUDE_DIRS}'
[9.751s] -- dir='/home/aayush/newest_frenet_planner/src/frenet_planner_ported/$'
[9.751s] -- dir='/home/aayush/newest_frenet_planner/src/frenet_planner_ported/{std_msgs_INCLUDE_DIRS}'
[9.751s] -- dir='/home/aayush/newest_frenet_planner/src/frenet_planner_ported/$'
[9.751s] -- dir='/home/aayush/newest_frenet_planner/src/frenet_planner_ported/{costmap_2d_INCLUDE_DIRS}'
[9.752s] -- dir='/home/aayush/newest_frenet_planner/src/frenet_planner_ported/$'
[9.752s] -- dir='/home/aayush/newest_frenet_planner/src/frenet_planner_ported/{base_local_planner_INCLUDE_DIRS}'
[9.752s] -- dir='/home/aayush/newest_frenet_planner/src/frenet_planner_ported/$'
[9.752s] -- dir='/home/aayush/newest_frenet_planner/src/frenet_planner_ported/{costmap_converter_INCLUDE_DIRS}'
[9.753s] -- dir='/home/aayush/newest_frenet_planner/src/frenet_planner_ported/./include'
[9.753s] -- dir='/home/aayush/newest_frenet_planner/src/frenet_planner_ported/./launch'
[9.753s] -- dir='/home/aayush/newest_frenet_planner/src/frenet_planner_ported/./config'
[9.784s] -- Added test 'copyright' to check source files copyright and LICENSE
[9.789s] -- Added test 'cppcheck' to perform static code analysis on C / C++ code
[9.804s] -- Configured cppcheck include dirs: /home/aayush/newest_frenet_planner/src/frenet_planner_ported/$;/home/aayush/newest_frenet_planner/src/frenet_planner_ported/{rclcpp_INCLUDE_DIRS};/home/aayush/newest_frenet_planner/src/frenet_planner_ported/{geometry_msgs_INCLUDE_DIRS};/home/aayush/newest_frenet_planner/src/frenet_planner_ported/{nav_msgs_INCLUDE_DIRS};/home/aayush/newest_frenet_planner/src/frenet_planner_ported/{rclpy_INCLUDE_DIRS};/home/aayush/newest_frenet_planner/src/frenet_planner_ported/{std_msgs_INCLUDE_DIRS};/home/aayush/newest_frenet_planner/src/frenet_planner_ported/{costmap_2d_INCLUDE_DIRS};/home/aayush/newest_frenet_planner/src/frenet_planner_ported/{base_local_planner_INCLUDE_DIRS};/home/aayush/newest_frenet_planner/src/frenet_planner_ported/{costmap_converter_INCLUDE_DIRS};/home/aayush/newest_frenet_planner/src/frenet_planner_ported/./include;/home/aayush/newest_frenet_planner/src/frenet_planner_ported/./launch;/home/aayush/newest_frenet_planner/src/frenet_planner_ported/./config
[9.805s] -- Configured cppcheck exclude dirs and/or files: 
[9.810s] -- Added test 'cpplint' to check C / C++ code against the Google style
[9.810s] -- Configured cpplint exclude dirs and/or files: 
[9.812s] -- Added test 'flake8' to check Python code syntax and style conventions
[9.815s] -- Added test 'lint_cmake' to check CMake code style
[9.818s] -- Added test 'pep257' to check Python code against some of the style conventions in PEP 257
[9.822s] -- Added test 'uncrustify' to check C / C++ code style
[9.823s] -- Configured uncrustify additional arguments: 
[9.825s] -- Added test 'xmllint' to check XML markup files
[9.838s] -- Configuring done
[9.883s] -- Generating done
[9.891s] -- Build files have been written to: /home/aayush/newest_frenet_planner/build/frenet_planner_ported
[9.907s] Invoked command in '/home/aayush/newest_frenet_planner/build/frenet_planner_ported' returned '0': CMAKE_PREFIX_PATH=${CMAKE_PREFIX_PATH}:/home/aayush/newest_frenet_planner/install/dummy:/opt/ros/foxy /usr/bin/cmake /home/aayush/newest_frenet_planner/src/frenet_planner_ported -DCMAKE_INSTALL_PREFIX=/home/aayush/newest_frenet_planner/install/frenet_planner_ported
[9.915s] Invoking command in '/home/aayush/newest_frenet_planner/build/frenet_planner_ported': CMAKE_PREFIX_PATH=${CMAKE_PREFIX_PATH}:/home/aayush/newest_frenet_planner/install/dummy:/opt/ros/foxy /usr/bin/cmake --build /home/aayush/newest_frenet_planner/build/frenet_planner_ported -- -j2 -l2
[10.037s] [35m[1mScanning dependencies of target frenet_ros_obst[0m
[11.443s] [ 20%] [32mBuilding CXX object CMakeFiles/frenet_ros_obst.dir/src/frenet_ros_obst.cpp.o[0m
[11.449s] [ 40%] [32mBuilding CXX object CMakeFiles/frenet_ros_obst.dir/src/frenet_planner.cpp.o[0m
[17.896s] In file included from [01m[K/home/aayush/newest_frenet_planner/src/frenet_planner_ported/src/../include/frenet_class.hpp:11[m[K,
[17.896s]                  from [01m[K/home/aayush/newest_frenet_planner/src/frenet_planner_ported/src/frenet_ros_obst.cpp:1[m[K:
[17.897s] [01m[K/home/aayush/newest_frenet_planner/src/frenet_planner_ported/./include/matplotlibcpp.hpp:314:36:[m[K [01;35m[Kwarning: [m[Kstatic_assert without a message only available with ‘[01m[K-std=c++17[m[K’ or ‘[01m[K-std=gnu++17[m[K’ [[01;35m[K-Wpedantic[m[K]
[17.897s]   314 | static_assert(sizeof(long long) == [01;35m[K8[m[K);
[17.897s]       |                                    [01;35m[K^[m[K
[17.897s] [01m[K/home/aayush/newest_frenet_planner/src/frenet_planner_ported/./include/matplotlibcpp.hpp:316:45:[m[K [01;35m[Kwarning: [m[Kstatic_assert without a message only available with ‘[01m[K-std=c++17[m[K’ or ‘[01m[K-std=gnu++17[m[K’ [[01;35m[K-Wpedantic[m[K]
[17.898s]   316 | static_assert(sizeof(unsigned long long) == [01;35m[K8[m[K);
[17.898s]       |                                             [01;35m[K^[m[K
[18.331s] In file included from [01m[K/home/aayush/newest_frenet_planner/src/frenet_planner_ported/src/frenet_planner.cpp:8[m[K:
[18.331s] [01m[K/home/aayush/newest_frenet_planner/src/frenet_planner_ported/./include/matplotlibcpp.hpp:314:36:[m[K [01;35m[Kwarning: [m[Kstatic_assert without a message only available with ‘[01m[K-std=c++17[m[K’ or ‘[01m[K-std=gnu++17[m[K’ [[01;35m[K-Wpedantic[m[K]
[18.331s]   314 | static_assert(sizeof(long long) == [01;35m[K8[m[K);
[18.332s]       |                                    [01;35m[K^[m[K
[18.332s] [01m[K/home/aayush/newest_frenet_planner/src/frenet_planner_ported/./include/matplotlibcpp.hpp:316:45:[m[K [01;35m[Kwarning: [m[Kstatic_assert without a message only available with ‘[01m[K-std=c++17[m[K’ or ‘[01m[K-std=gnu++17[m[K’ [[01;35m[K-Wpedantic[m[K]
[18.333s]   316 | static_assert(sizeof(unsigned long long) == [01;35m[K8[m[K);
[18.333s]       |                                             [01;35m[K^[m[K
[21.084s] In file included from [01m[K/home/aayush/newest_frenet_planner/src/frenet_planner_ported/src/frenet_ros_obst.cpp:1[m[K:
[21.085s] [01m[K/home/aayush/newest_frenet_planner/src/frenet_planner_ported/src/../include/frenet_class.hpp:131:81:[m[K [01;35m[Kwarning: [m[K‘[01m[Kgeometry_msgs::msg::PolygonStamped_<std::allocator<void> >::ConstPtr[m[K’ is deprecated [[01;35m[K-Wdeprecated-declarations[m[K]
[21.085s]   131 | allback(const geometry_msgs::msg::PolygonStamped::ConstPtr p[01;35m[K)[m[K
[21.085s]       |                                                             [01;35m[K^[m[K
[21.085s] 
[21.086s] In file included from [01m[K/opt/ros/foxy/include/geometry_msgs/msg/polygon_stamped.hpp:7[m[K,
[21.086s]                  from [01m[K/home/aayush/newest_frenet_planner/src/frenet_planner_ported/src/../include/frenet_class.hpp:8[m[K,
[21.086s]                  from [01m[K/home/aayush/newest_frenet_planner/src/frenet_planner_ported/src/frenet_ros_obst.cpp:1[m[K:
[21.087s] [01m[K/opt/ros/foxy/include/geometry_msgs/msg/detail/polygon_stamped__struct.hpp:114:5:[m[K [01;36m[Knote: [m[Kdeclared here
[21.087s]   114 |     [01;36m[KConstPtr[m[K;
[21.087s]       |     [01;36m[K^~~~~~~~[m[K
[21.087s] In file included from [01m[K/home/aayush/newest_frenet_planner/src/frenet_planner_ported/src/frenet_ros_obst.cpp:1[m[K:
[21.087s] [01m[K/home/aayush/newest_frenet_planner/src/frenet_planner_ported/src/../include/frenet_class.hpp:137:67:[m[K [01;35m[Kwarning: [m[K‘[01m[Knav_msgs::msg::Odometry_<std::allocator<void> >::ConstPtr[m[K’ is deprecated [[01;35m[K-Wdeprecated-declarations[m[K]
[21.088s]   137 |     void odom_callback(const nav_msgs::msg::Odometry::ConstPtr msg[01;35m[K)[m[K
[21.088s]       |                                                                   [01;35m[K^[m[K
[21.088s] In file included from [01m[K/opt/ros/foxy/include/nav_msgs/msg/odometry.hpp:7[m[K,
[21.088s]                  from [01m[K/home/aayush/newest_frenet_planner/src/frenet_planner_ported/src/../include/frenet_class.hpp:6[m[K,
[21.089s]                  from [01m[K/home/aayush/newest_frenet_planner/src/frenet_planner_ported/src/frenet_ros_obst.cpp:1[m[K:
[21.089s] [01m[K/opt/ros/foxy/include/nav_msgs/msg/detail/odometry__struct.hpp:145:5:[m[K [01;36m[Knote: [m[Kdeclared here
[21.089s]   145 |     [01;36m[KConstPtr[m[K;
[21.089s]       |     [01;36m[K^~~~~~~~[m[K
[21.089s] In file included from [01m[K/home/aayush/newest_frenet_planner/src/frenet_planner_ported/src/frenet_ros_obst.cpp:1[m[K:
[21.090s] [01m[K/home/aayush/newest_frenet_planner/src/frenet_planner_ported/src/../include/frenet_class.hpp:141:86:[m[K [01;35m[Kwarning: [m[K‘[01m[Knav_msgs::msg::OccupancyGrid_<std::allocator<void> >::ConstPtr[m[K’ is deprecated [[01;35m[K-Wdeprecated-declarations[m[K]
[21.090s]   141 | (const nav_msgs::msg::OccupancyGrid::ConstPtr occupancy_grid[01;35m[K)[m[K
[21.090s]       |                                                             [01;35m[K^[m[K
[21.090s] 
[21.090s] In file included from [01m[K/opt/ros/foxy/include/nav_msgs/msg/occupancy_grid.hpp:7[m[K,
[21.091s]                  from [01m[K/home/aayush/newest_frenet_planner/src/frenet_planner_ported/src/../include/frenet_class.hpp:7[m[K,
[21.091s]                  from [01m[K/home/aayush/newest_frenet_planner/src/frenet_planner_ported/src/frenet_ros_obst.cpp:1[m[K:
[21.091s] [01m[K/opt/ros/foxy/include/nav_msgs/msg/detail/occupancy_grid__struct.hpp:123:5:[m[K [01;36m[Knote: [m[Kdeclared here
[21.091s]   123 |     [01;36m[KConstPtr[m[K;
[21.091s]       |     [01;36m[K^~~~~~~~[m[K
[21.240s] In file included from [01m[K/home/aayush/newest_frenet_planner/src/frenet_planner_ported/src/frenet_ros_obst.cpp:1[m[K:
[21.240s] [01m[K/home/aayush/newest_frenet_planner/src/frenet_planner_ported/src/../include/frenet_class.hpp:[m[K In member function ‘[01m[Kvoid FrenetClass::costmap_callback(nav_msgs::msg::OccupancyGrid_<std::allocator<void> >::ConstPtr)[m[K’:
[21.240s] [01m[K/home/aayush/newest_frenet_planner/src/frenet_planner_ported/src/../include/frenet_class.hpp:171:22:[m[K [01;35m[Kwarning: [m[Kcomparison of integer expressions of different signedness: ‘[01m[Klong int[m[K’ and ‘[01m[Kstd::vector<std::pair<double, double> >::size_type[m[K’ {aka ‘[01m[Klong unsigned int[m[K’} [[01;35m[K-Wsign-compare[m[K]
[21.241s]   171 |   for (long i = 0; [01;35m[Ki < ob1.size()[m[K; i++)
[21.241s]       |                    [01;35m[K~~^~~~~~~~~~~~[m[K
[21.241s] [01m[K/home/aayush/newest_frenet_planner/src/frenet_planner_ported/src/../include/frenet_class.hpp:151:13:[m[K [01;35m[Kwarning: [m[Kunused variable ‘[01m[KstartTime1[m[K’ [[01;35m[K-Wunused-variable[m[K]
[21.241s]   151 |      double [01;35m[KstartTime1[m[K = omp_get_wtime();
[21.241s]       |             [01;35m[K^~~~~~~~~~[m[K
[21.244s] In file included from [01m[K/home/aayush/newest_frenet_planner/src/frenet_planner_ported/src/frenet_ros_obst.cpp:2[m[K:
[21.245s] [01m[K/home/aayush/newest_frenet_planner/src/frenet_planner_ported/src/../include/frenet_optimal_trajectory.hpp:[m[K In function ‘[01m[Kstd::ostream& operator<<(std::ostream&, const FrenetPath&)[m[K’:
[21.245s] [01m[K/home/aayush/newest_frenet_planner/src/frenet_planner_ported/src/../include/frenet_optimal_trajectory.hpp:79:20:[m[K [01;35m[Kwarning: [m[Kstatement has no effect [[01;35m[K-Wunused-value[m[K]
[21.245s]    79 | #define trace(...) [01;35m[K42[m[K
[21.245s]       |                    [01;35m[K^~[m[K
[21.245s] [01m[K/home/aayush/newest_frenet_planner/src/frenet_planner_ported/src/../include/frenet_optimal_trajectory.hpp:79:20:[m[K [01;36m[Knote: [m[Kin definition of macro ‘[01m[Ktrace[m[K’
[21.246s]    79 | #define trace(...) [01;36m[K42[m[K
[21.246s]       |                    [01;36m[K^~[m[K
[21.247s] [01m[K/home/aayush/newest_frenet_planner/src/frenet_planner_ported/src/../include/frenet_optimal_trajectory.hpp:79:20:[m[K [01;35m[Kwarning: [m[Kstatement has no effect [[01;35m[K-Wunused-value[m[K]
[21.247s]    79 | #define trace(...) [01;35m[K42[m[K
[21.248s]       |                    [01;35m[K^~[m[K
[21.248s] [01m[K/home/aayush/newest_frenet_planner/src/frenet_planner_ported/src/../include/frenet_optimal_trajectory.hpp:79:20:[m[K [01;36m[Knote: [m[Kin definition of macro ‘[01m[Ktrace[m[K’
[21.248s]    79 | #define trace(...) [01;36m[K42[m[K
[21.249s]       |                    [01;36m[K^~[m[K
[21.249s] [01m[K/home/aayush/newest_frenet_planner/src/frenet_planner_ported/src/../include/frenet_optimal_trajectory.hpp:79:20:[m[K [01;35m[Kwarning: [m[Kstatement has no effect [[01;35m[K-Wunused-value[m[K]
[21.249s]    79 | #define trace(...) [01;35m[K42[m[K
[21.249s]       |                    [01;35m[K^~[m[K
[21.250s] [01m[K/home/aayush/newest_frenet_planner/src/frenet_planner_ported/src/../include/frenet_optimal_trajectory.hpp:79:20:[m[K [01;36m[Knote: [m[Kin definition of macro ‘[01m[Ktrace[m[K’
[21.250s]    79 | #define trace(...) [01;36m[K42[m[K
[21.250s]       |                    [01;36m[K^~[m[K
[21.250s] [01m[K/home/aayush/newest_frenet_planner/src/frenet_planner_ported/src/../include/frenet_optimal_trajectory.hpp:79:20:[m[K [01;35m[Kwarning: [m[Kstatement has no effect [[01;35m[K-Wunused-value[m[K]
[21.251s]    79 | #define trace(...) [01;35m[K42[m[K
[21.251s]       |                    [01;35m[K^~[m[K
[21.251s] [01m[K/home/aayush/newest_frenet_planner/src/frenet_planner_ported/src/../include/frenet_optimal_trajectory.hpp:79:20:[m[K [01;36m[Knote: [m[Kin definition of macro ‘[01m[Ktrace[m[K’
[21.253s]    79 | #define trace(...) [01;36m[K42[m[K
[21.253s]       |                    [01;36m[K^~[m[K
[21.254s] [01m[K/home/aayush/newest_frenet_planner/src/frenet_planner_ported/src/../include/frenet_optimal_trajectory.hpp:79:20:[m[K [01;35m[Kwarning: [m[Kstatement has no effect [[01;35m[K-Wunused-value[m[K]
[21.254s]    79 | #define trace(...) [01;35m[K42[m[K
[21.254s]       |                    [01;35m[K^~[m[K
[21.254s] [01m[K/home/aayush/newest_frenet_planner/src/frenet_planner_ported/src/../include/frenet_optimal_trajectory.hpp:79:20:[m[K [01;36m[Knote: [m[Kin definition of macro ‘[01m[Ktrace[m[K’
[21.255s]    79 | #define trace(...) [01;36m[K42[m[K
[21.255s]       |                    [01;36m[K^~[m[K
[21.255s] [01m[K/home/aayush/newest_frenet_planner/src/frenet_planner_ported/src/../include/frenet_optimal_trajectory.hpp:79:20:[m[K [01;35m[Kwarning: [m[Kstatement has no effect [[01;35m[K-Wunused-value[m[K]
[21.255s]    79 | #define trace(...) [01;35m[K42[m[K
[21.256s]       |                    [01;35m[K^~[m[K
[21.256s] [01m[K/home/aayush/newest_frenet_planner/src/frenet_planner_ported/src/../include/frenet_optimal_trajectory.hpp:79:20:[m[K [01;36m[Knote: [m[Kin definition of macro ‘[01m[Ktrace[m[K’
[21.264s]    79 | #define trace(...) [01;36m[K42[m[K
[21.265s]       |                    [01;36m[K^~[m[K
[21.265s] [01m[K/home/aayush/newest_frenet_planner/src/frenet_planner_ported/src/../include/frenet_optimal_trajectory.hpp:79:20:[m[K [01;35m[Kwarning: [m[Kstatement has no effect [[01;35m[K-Wunused-value[m[K]
[21.265s]    79 | #define trace(...) [01;35m[K42[m[K
[21.265s]       |                    [01;35m[K^~[m[K
[21.266s] [01m[K/home/aayush/newest_frenet_planner/src/frenet_planner_ported/src/../include/frenet_optimal_trajectory.hpp:79:20:[m[K [01;36m[Knote: [m[Kin definition of macro ‘[01m[Ktrace[m[K’
[21.266s]    79 | #define trace(...) [01;36m[K42[m[K
[21.266s]       |                    [01;36m[K^~[m[K
[21.266s] [01m[K/home/aayush/newest_frenet_planner/src/frenet_planner_ported/src/../include/frenet_optimal_trajectory.hpp:79:20:[m[K [01;35m[Kwarning: [m[Kstatement has no effect [[01;35m[K-Wunused-value[m[K]
[21.267s]    79 | #define trace(...) [01;35m[K42[m[K
[21.267s]       |                    [01;35m[K^~[m[K
[21.268s] [01m[K/home/aayush/newest_frenet_planner/src/frenet_planner_ported/src/../include/frenet_optimal_trajectory.hpp:79:20:[m[K [01;36m[Knote: [m[Kin definition of macro ‘[01m[Ktrace[m[K’
[21.268s]    79 | #define trace(...) [01;36m[K42[m[K
[21.268s]       |                    [01;36m[K^~[m[K
[21.268s] [01m[K/home/aayush/newest_frenet_planner/src/frenet_planner_ported/src/../include/frenet_optimal_trajectory.hpp:79:20:[m[K [01;35m[Kwarning: [m[Kstatement has no effect [[01;35m[K-Wunused-value[m[K]
[21.269s]    79 | #define trace(...) [01;35m[K42[m[K
[21.269s]       |                    [01;35m[K^~[m[K
[21.269s] [01m[K/home/aayush/newest_frenet_planner/src/frenet_planner_ported/src/../include/frenet_optimal_trajectory.hpp:79:20:[m[K [01;36m[Knote: [m[Kin definition of macro ‘[01m[Ktrace[m[K’
[21.272s]    79 | #define trace(...) [01;36m[K42[m[K
[21.273s]       |                    [01;36m[K^~[m[K
[21.273s] [01m[K/home/aayush/newest_frenet_planner/src/frenet_planner_ported/src/../include/frenet_optimal_trajectory.hpp:79:20:[m[K [01;35m[Kwarning: [m[Kstatement has no effect [[01;35m[K-Wunused-value[m[K]
[21.273s]    79 | #define trace(...) [01;35m[K42[m[K
[21.274s]       |                    [01;35m[K^~[m[K
[21.274s] [01m[K/home/aayush/newest_frenet_planner/src/frenet_planner_ported/src/../include/frenet_optimal_trajectory.hpp:79:20:[m[K [01;36m[Knote: [m[Kin definition of macro ‘[01m[Ktrace[m[K’
[21.274s]    79 | #define trace(...) [01;36m[K42[m[K
[21.274s]       |                    [01;36m[K^~[m[K
[21.275s] [01m[K/home/aayush/newest_frenet_planner/src/frenet_planner_ported/src/../include/frenet_optimal_trajectory.hpp:79:20:[m[K [01;35m[Kwarning: [m[Kstatement has no effect [[01;35m[K-Wunused-value[m[K]
[21.275s]    79 | #define trace(...) [01;35m[K42[m[K
[21.275s]       |                    [01;35m[K^~[m[K
[21.275s] [01m[K/home/aayush/newest_frenet_planner/src/frenet_planner_ported/src/../include/frenet_optimal_trajectory.hpp:79:20:[m[K [01;36m[Knote: [m[Kin definition of macro ‘[01m[Ktrace[m[K’
[21.276s]    79 | #define trace(...) [01;36m[K42[m[K
[21.276s]       |                    [01;36m[K^~[m[K
[21.276s] [01m[K/home/aayush/newest_frenet_planner/src/frenet_planner_ported/src/../include/frenet_optimal_trajectory.hpp:79:20:[m[K [01;35m[Kwarning: [m[Kstatement has no effect [[01;35m[K-Wunused-value[m[K]
[21.276s]    79 | #define trace(...) [01;35m[K42[m[K
[21.277s]       |                    [01;35m[K^~[m[K
[21.277s] [01m[K/home/aayush/newest_frenet_planner/src/frenet_planner_ported/src/../include/frenet_optimal_trajectory.hpp:79:20:[m[K [01;36m[Knote: [m[Kin definition of macro ‘[01m[Ktrace[m[K’
[21.277s]    79 | #define trace(...) [01;36m[K42[m[K
[21.277s]       |                    [01;36m[K^~[m[K
[21.278s] [01m[K/home/aayush/newest_frenet_planner/src/frenet_planner_ported/src/../include/frenet_optimal_trajectory.hpp:79:20:[m[K [01;35m[Kwarning: [m[Kstatement has no effect [[01;35m[K-Wunused-value[m[K]
[21.278s]    79 | #define trace(...) [01;35m[K42[m[K
[21.278s]       |                    [01;35m[K^~[m[K
[21.278s] [01m[K/home/aayush/newest_frenet_planner/src/frenet_planner_ported/src/../include/frenet_optimal_trajectory.hpp:79:20:[m[K [01;36m[Knote: [m[Kin definition of macro ‘[01m[Ktrace[m[K’
[21.279s]    79 | #define trace(...) [01;36m[K42[m[K
[21.279s]       |                    [01;36m[K^~[m[K
[21.279s] [01m[K/home/aayush/newest_frenet_planner/src/frenet_planner_ported/src/../include/frenet_optimal_trajectory.hpp:80:59:[m[K [01;35m[Kwarning: [m[Kunused parameter ‘[01m[Kfp[m[K’ [[01;35m[K-Wunused-parameter[m[K]
[21.279s]    80 | inline ostream& operator<<(ostream& os, [01;35m[Kconst FrenetPath& fp[m[K)
[21.280s]       |                                         [01;35m[K~~~~~~~~~~~~~~~~~~^~[m[K
[21.280s] [01m[K/home/aayush/newest_frenet_planner/src/frenet_planner_ported/src/frenet_ros_obst.cpp:[m[K In function ‘[01m[Kdouble get_bot_yaw()[m[K’:
[21.287s] [01m[K/home/aayush/newest_frenet_planner/src/frenet_planner_ported/src/../include/frenet_optimal_trajectory.hpp:79:20:[m[K [01;35m[Kwarning: [m[Kstatement has no effect [[01;35m[K-Wunused-value[m[K]
[21.288s]    79 | #define trace(...) [01;35m[K42[m[K
[21.288s]       |                    [01;35m[K^~[m[K
[21.288s] [01m[K/home/aayush/newest_frenet_planner/src/frenet_planner_ported/src/../include/frenet_optimal_trajectory.hpp:79:20:[m[K [01;36m[Knote: [m[Kin definition of macro ‘[01m[Ktrace[m[K’
[21.294s]    79 | #define trace(...) [01;36m[K42[m[K
[21.295s]       |                    [01;36m[K^~[m[K
[21.295s] [01m[K/home/aayush/newest_frenet_planner/src/frenet_planner_ported/src/frenet_ros_obst.cpp:[m[K In function ‘[01m[Kvoid initial_conditions_path(Spline2D&, double&, double&, double&, double&, double&, double&, FrenetPath&)[m[K’:
[21.295s] [01m[K/home/aayush/newest_frenet_planner/src/frenet_planner_ported/src/frenet_ros_obst.cpp:55:40:[m[K [01;35m[Kwarning: [m[Kunused parameter ‘[01m[Kcsp[m[K’ [[01;35m[K-Wunused-parameter[m[K]
[21.296s]    55 | void initial_conditions_path([01;35m[KSpline2D &csp[m[K, double &s0, double &c_speed, double &c_d, double &c_d_d,
[21.296s]       |                              [01;35m[K~~~~~~~~~~^~~[m[K
[21.296s] In file included from [01m[K/home/aayush/newest_frenet_planner/src/frenet_planner_ported/src/frenet_ros_obst.cpp:2[m[K:
[21.296s] [01m[K/home/aayush/newest_frenet_planner/src/frenet_planner_ported/src/frenet_ros_obst.cpp:[m[K In function ‘[01m[Kint initial_conditions_new(Spline2D&, vecD&, vecD&, vecD&, vecD&, vecD&, double&, double&, double&, double&, double&, double&, FrenetPath&)[m[K’:
[21.296s] [01m[K/home/aayush/newest_frenet_planner/src/frenet_planner_ported/src/../include/frenet_optimal_trajectory.hpp:79:20:[m[K [01;35m[Kwarning: [m[Kstatement has no effect [[01;35m[K-Wunused-value[m[K]
[21.297s]    79 | #define trace(...) [01;35m[K42[m[K
[21.297s]       |                    [01;35m[K^~[m[K
[21.297s] [01m[K/home/aayush/newest_frenet_planner/src/frenet_planner_ported/src/../include/frenet_optimal_trajectory.hpp:79:20:[m[K [01;36m[Knote: [m[Kin definition of macro ‘[01m[Ktrace[m[K’
[21.297s]    79 | #define trace(...) [01;36m[K42[m[K
[21.297s]       |                    [01;36m[K^~[m[K
[21.298s] [01m[K/home/aayush/newest_frenet_planner/src/frenet_planner_ported/src/../include/frenet_optimal_trajectory.hpp:79:20:[m[K [01;35m[Kwarning: [m[Kstatement has no effect [[01;35m[K-Wunused-value[m[K]
[21.298s]    79 | #define trace(...) [01;35m[K42[m[K
[21.298s]       |                    [01;35m[K^~[m[K
[21.298s] [01m[K/home/aayush/newest_frenet_planner/src/frenet_planner_ported/src/../include/frenet_optimal_trajectory.hpp:79:20:[m[K [01;36m[Knote: [m[Kin definition of macro ‘[01m[Ktrace[m[K’
[21.298s]    79 | #define trace(...) [01;36m[K42[m[K
[21.299s]       |                    [01;36m[K^~[m[K
[21.299s] [01m[K/home/aayush/newest_frenet_planner/src/frenet_planner_ported/src/frenet_ros_obst.cpp:71:38:[m[K [01;35m[Kwarning: [m[Kunused parameter ‘[01m[Kcsp[m[K’ [[01;35m[K-Wunused-parameter[m[K]
[21.299s]    71 | int initial_conditions_new([01;35m[KSpline2D &csp[m[K, vecD &global_s, vecD &global_x, vecD &global_y,
[21.299s]       |                            [01;35m[K~~~~~~~~~~^~~[m[K
[21.309s] In file included from [01m[K/home/aayush/newest_frenet_planner/src/frenet_planner_ported/src/frenet_ros_obst.cpp:2[m[K:
[21.309s] [01m[K/home/aayush/newest_frenet_planner/src/frenet_planner_ported/src/frenet_ros_obst.cpp:[m[K In function ‘[01m[Kint main(int, char**)[m[K’:
[21.309s] [01m[K/home/aayush/newest_frenet_planner/src/frenet_planner_ported/src/../include/frenet_optimal_trajectory.hpp:79:20:[m[K [01;35m[Kwarning: [m[Kstatement has no effect [[01;35m[K-Wunused-value[m[K]
[21.309s]    79 | #define trace(...) [01;35m[K42[m[K
[21.310s]       |                    [01;35m[K^~[m[K
[21.310s] [01m[K/home/aayush/newest_frenet_planner/src/frenet_planner_ported/src/../include/frenet_optimal_trajectory.hpp:79:20:[m[K [01;36m[Knote: [m[Kin definition of macro ‘[01m[Ktrace[m[K’
[21.310s]    79 | #define trace(...) [01;36m[K42[m[K
[21.310s]       |                    [01;36m[K^~[m[K
[21.351s] In file included from [01m[K/home/aayush/newest_frenet_planner/src/frenet_planner_ported/src/frenet_planner.cpp:10[m[K:
[21.351s] [01m[K/home/aayush/newest_frenet_planner/src/frenet_planner_ported/src/../include/frenet_optimal_trajectory.hpp:[m[K In function ‘[01m[Kstd::ostream& operator<<(std::ostream&, const FrenetPath&)[m[K’:
[21.351s] [01m[K/home/aayush/newest_frenet_planner/src/frenet_planner_ported/src/../include/frenet_optimal_trajectory.hpp:79:20:[m[K [01;35m[Kwarning: [m[Kstatement has no effect [[01;35m[K-Wunused-value[m[K]
[21.352s]    79 | #define trace(...) [01;35m[K42[m[K
[21.353s]       |                    [01;35m[K^~[m[K
[21.353s] [01m[K/home/aayush/newest_frenet_planner/src/frenet_planner_ported/src/../include/frenet_optimal_trajectory.hpp:79:20:[m[K [01;36m[Knote: [m[Kin definition of macro ‘[01m[Ktrace[m[K’
[21.353s]    79 | #define trace(...) [01;36m[K42[m[K
[21.353s]       |                    [01;36m[K^~[m[K
[21.354s] [01m[K/home/aayush/newest_frenet_planner/src/frenet_planner_ported/src/../include/frenet_optimal_trajectory.hpp:79:20:[m[K [01;35m[Kwarning: [m[Kstatement has no effect [[01;35m[K-Wunused-value[m[K]
[21.354s]    79 | #define trace(...) [01;35m[K42[m[K
[21.355s]       |                    [01;35m[K^~[m[K
[21.355s] [01m[K/home/aayush/newest_frenet_planner/src/frenet_planner_ported/src/../include/frenet_optimal_trajectory.hpp:79:20:[m[K [01;36m[Knote: [m[Kin definition of macro ‘[01m[Ktrace[m[K’
[21.355s]    79 | #define trace(...) [01;36m[K42[m[K
[21.356s]       |                    [01;36m[K^~[m[K
[21.356s] [01m[K/home/aayush/newest_frenet_planner/src/frenet_planner_ported/src/../include/frenet_optimal_trajectory.hpp:79:20:[m[K [01;35m[Kwarning: [m[Kstatement has no effect [[01;35m[K-Wunused-value[m[K]
[21.356s]    79 | #define trace(...) [01;35m[K42[m[K
[21.356s]       |                    [01;35m[K^~[m[K
[21.357s] [01m[K/home/aayush/newest_frenet_planner/src/frenet_planner_ported/src/../include/frenet_optimal_trajectory.hpp:79:20:[m[K [01;36m[Knote: [m[Kin definition of macro ‘[01m[Ktrace[m[K’
[21.357s]    79 | #define trace(...) [01;36m[K42[m[K
[21.357s]       |                    [01;36m[K^~[m[K
[21.357s] [01m[K/home/aayush/newest_frenet_planner/src/frenet_planner_ported/src/../include/frenet_optimal_trajectory.hpp:79:20:[m[K [01;35m[Kwarning: [m[Kstatement has no effect [[01;35m[K-Wunused-value[m[K]
[21.358s]    79 | #define trace(...) [01;35m[K42[m[K
[21.358s]       |                    [01;35m[K^~[m[K
[21.358s] [01m[K/home/aayush/newest_frenet_planner/src/frenet_planner_ported/src/../include/frenet_optimal_trajectory.hpp:79:20:[m[K [01;36m[Knote: [m[Kin definition of macro ‘[01m[Ktrace[m[K’
[21.358s]    79 | #define trace(...) [01;36m[K42[m[K
[21.359s]       |                    [01;36m[K^~[m[K
[21.359s] [01m[K/home/aayush/newest_frenet_planner/src/frenet_planner_ported/src/../include/frenet_optimal_trajectory.hpp:79:20:[m[K [01;35m[Kwarning: [m[Kstatement has no effect [[01;35m[K-Wunused-value[m[K]
[21.359s]    79 | #define trace(...) [01;35m[K42[m[K
[21.359s]       |                    [01;35m[K^~[m[K
[21.360s] [01m[K/home/aayush/newest_frenet_planner/src/frenet_planner_ported/src/../include/frenet_optimal_trajectory.hpp:79:20:[m[K [01;36m[Knote: [m[Kin definition of macro ‘[01m[Ktrace[m[K’
[21.360s]    79 | #define trace(...) [01;36m[K42[m[K
[21.360s]       |                    [01;36m[K^~[m[K
[21.360s] [01m[K/home/aayush/newest_frenet_planner/src/frenet_planner_ported/src/../include/frenet_optimal_trajectory.hpp:79:20:[m[K [01;35m[Kwarning: [m[Kstatement has no effect [[01;35m[K-Wunused-value[m[K]
[21.361s]    79 | #define trace(...) [01;35m[K42[m[K
[21.361s]       |                    [01;35m[K^~[m[K
[21.361s] [01m[K/home/aayush/newest_frenet_planner/src/frenet_planner_ported/src/../include/frenet_optimal_trajectory.hpp:79:20:[m[K [01;36m[Knote: [m[Kin definition of macro ‘[01m[Ktrace[m[K’
[21.361s]    79 | #define trace(...) [01;36m[K42[m[K
[21.362s]       |                    [01;36m[K^~[m[K
[21.362s] [01m[K/home/aayush/newest_frenet_planner/src/frenet_planner_ported/src/../include/frenet_optimal_trajectory.hpp:79:20:[m[K [01;35m[Kwarning: [m[Kstatement has no effect [[01;35m[K-Wunused-value[m[K]
[21.362s]    79 | #define trace(...) [01;35m[K42[m[K
[21.362s]       |                    [01;35m[K^~[m[K
[21.363s] [01m[K/home/aayush/newest_frenet_planner/src/frenet_planner_ported/src/../include/frenet_optimal_trajectory.hpp:79:20:[m[K [01;36m[Knote: [m[Kin definition of macro ‘[01m[Ktrace[m[K’
[21.363s]    79 | #define trace(...) [01;36m[K42[m[K
[21.363s]       |                    [01;36m[K^~[m[K
[21.363s] [01m[K/home/aayush/newest_frenet_planner/src/frenet_planner_ported/src/../include/frenet_optimal_trajectory.hpp:79:20:[m[K [01;35m[Kwarning: [m[Kstatement has no effect [[01;35m[K-Wunused-value[m[K]
[21.372s]    79 | #define trace(...) [01;35m[K42[m[K
[21.372s]       |                    [01;35m[K^~[m[K
[21.373s] [01m[K/home/aayush/newest_frenet_planner/src/frenet_planner_ported/src/../include/frenet_optimal_trajectory.hpp:79:20:[m[K [01;36m[Knote: [m[Kin definition of macro ‘[01m[Ktrace[m[K’
[21.373s]    79 | #define trace(...) [01;36m[K42[m[K
[21.373s]       |                    [01;36m[K^~[m[K
[21.374s] [01m[K/home/aayush/newest_frenet_planner/src/frenet_planner_ported/src/../include/frenet_optimal_trajectory.hpp:79:20:[m[K [01;35m[Kwarning: [m[Kstatement has no effect [[01;35m[K-Wunused-value[m[K]
[21.374s]    79 | #define trace(...) [01;35m[K42[m[K
[21.374s]       |                    [01;35m[K^~[m[K
[21.374s] [01m[K/home/aayush/newest_frenet_planner/src/frenet_planner_ported/src/../include/frenet_optimal_trajectory.hpp:79:20:[m[K [01;36m[Knote: [m[Kin definition of macro ‘[01m[Ktrace[m[K’
[21.375s]    79 | #define trace(...) [01;36m[K42[m[K
[21.375s]       |                    [01;36m[K^~[m[K
[21.375s] [01m[K/home/aayush/newest_frenet_planner/src/frenet_planner_ported/src/../include/frenet_optimal_trajectory.hpp:79:20:[m[K [01;35m[Kwarning: [m[Kstatement has no effect [[01;35m[K-Wunused-value[m[K]
[21.375s]    79 | #define trace(...) [01;35m[K42[m[K
[21.375s]       |                    [01;35m[K^~[m[K
[21.376s] [01m[K/home/aayush/newest_frenet_planner/src/frenet_planner_ported/src/../include/frenet_optimal_trajectory.hpp:79:20:[m[K [01;36m[Knote: [m[Kin definition of macro ‘[01m[Ktrace[m[K’
[21.376s]    79 | #define trace(...) [01;36m[K42[m[K
[21.376s]       |                    [01;36m[K^~[m[K
[21.377s] [01m[K/home/aayush/newest_frenet_planner/src/frenet_planner_ported/src/../include/frenet_optimal_trajectory.hpp:79:20:[m[K [01;35m[Kwarning: [m[Kstatement has no effect [[01;35m[K-Wunused-value[m[K]
[21.377s]    79 | #define trace(...) [01;35m[K42[m[K
[21.377s]       |                    [01;35m[K^~[m[K
[21.377s] [01m[K/home/aayush/newest_frenet_planner/src/frenet_planner_ported/src/../include/frenet_optimal_trajectory.hpp:79:20:[m[K [01;36m[Knote: [m[Kin definition of macro ‘[01m[Ktrace[m[K’
[21.377s]    79 | #define trace(...) [01;36m[K42[m[K
[21.378s]       |                    [01;36m[K^~[m[K
[21.378s] [01m[K/home/aayush/newest_frenet_planner/src/frenet_planner_ported/src/../include/frenet_optimal_trajectory.hpp:79:20:[m[K [01;35m[Kwarning: [m[Kstatement has no effect [[01;35m[K-Wunused-value[m[K]
[21.378s]    79 | #define trace(...) [01;35m[K42[m[K
[21.378s]       |                    [01;35m[K^~[m[K
[21.379s] [01m[K/home/aayush/newest_frenet_planner/src/frenet_planner_ported/src/../include/frenet_optimal_trajectory.hpp:79:20:[m[K [01;36m[Knote: [m[Kin definition of macro ‘[01m[Ktrace[m[K’
[21.379s]    79 | #define trace(...) [01;36m[K42[m[K
[21.379s]       |                    [01;36m[K^~[m[K
[21.379s] [01m[K/home/aayush/newest_frenet_planner/src/frenet_planner_ported/src/../include/frenet_optimal_trajectory.hpp:79:20:[m[K [01;35m[Kwarning: [m[Kstatement has no effect [[01;35m[K-Wunused-value[m[K]
[21.380s]    79 | #define trace(...) [01;35m[K42[m[K
[21.393s]       |                    [01;35m[K^~[m[K
[21.394s] [01m[K/home/aayush/newest_frenet_planner/src/frenet_planner_ported/src/../include/frenet_optimal_trajectory.hpp:79:20:[m[K [01;36m[Knote: [m[Kin definition of macro ‘[01m[Ktrace[m[K’
[21.394s]    79 | #define trace(...) [01;36m[K42[m[K
[21.394s]       |                    [01;36m[K^~[m[K
[21.394s] [01m[K/home/aayush/newest_frenet_planner/src/frenet_planner_ported/src/../include/frenet_optimal_trajectory.hpp:80:59:[m[K [01;35m[Kwarning: [m[Kunused parameter ‘[01m[Kfp[m[K’ [[01;35m[K-Wunused-parameter[m[K]
[21.394s]    80 | inline ostream& operator<<(ostream& os, [01;35m[Kconst FrenetPath& fp[m[K)
[21.395s]       |                                         [01;35m[K~~~~~~~~~~~~~~~~~~^~[m[K
[21.395s] [01m[K/home/aayush/newest_frenet_planner/src/frenet_planner_ported/src/frenet_planner.cpp:[m[K In member function ‘[01m[Kvoid FrenetPath::calc_lon_paths_quintic_poly(double, double, double, double, double)[m[K’:
[21.395s] [01m[K/home/aayush/newest_frenet_planner/src/frenet_planner_ported/src/frenet_planner.cpp:68:91:[m[K [01;35m[Kwarning: [m[Kunused parameter ‘[01m[Kts[m[K’ [[01;35m[K-Wunused-parameter[m[K]
[21.395s]    68 | void FrenetPath::calc_lon_paths_quintic_poly(double c_speed, double s0, double Ti, [01;35m[Kdouble ts[m[K,
[21.395s]       |                                                                                    [01;35m[K~~~~~~~^~[m[K
[21.396s] [01m[K/home/aayush/newest_frenet_planner/src/frenet_planner_ported/src/frenet_ros_obst.cpp:169:10:[m[K [01;35m[Kwarning: [m[Kunused variable ‘[01m[KmainLoop1[m[K’ [[01;35m[K-Wunused-variable[m[K]
[21.396s]   169 |   double [01;35m[KmainLoop1[m[K = omp_get_wtime();
[21.396s]       |          [01;35m[K^~~~~~~~~[m[K
[21.396s] [01m[K/home/aayush/newest_frenet_planner/src/frenet_planner_ported/src/frenet_ros_obst.cpp:174:10:[m[K [01;35m[Kwarning: [m[Kunused variable ‘[01m[KstartTime1[m[K’ [[01;35m[K-Wunused-variable[m[K]
[21.396s]   174 |   double [01;35m[KstartTime1[m[K = omp_get_wtime();
[21.397s]       |          [01;35m[K^~~~~~~~~~[m[K
[21.397s] [01m[K/home/aayush/newest_frenet_planner/src/frenet_planner_ported/src/frenet_ros_obst.cpp:185:10:[m[K [01;35m[Kwarning: [m[Kunused variable ‘[01m[KendTime1[m[K’ [[01;35m[K-Wunused-variable[m[K]
[21.397s]   185 |   double [01;35m[KendTime1[m[K = omp_get_wtime();
[21.397s]       |          [01;35m[K^~~~~~~~[m[K
[21.397s] [01m[K/home/aayush/newest_frenet_planner/src/frenet_planner_ported/src/frenet_ros_obst.cpp:211:10:[m[K [01;35m[Kwarning: [m[Kunused variable ‘[01m[KstartTime2[m[K’ [[01;35m[K-Wunused-variable[m[K]
[21.398s]   211 |   double [01;35m[KstartTime2[m[K = omp_get_wtime();
[21.398s]       |          [01;35m[K^~~~~~~~~~[m[K
[21.399s] [01m[K/home/aayush/newest_frenet_planner/src/frenet_planner_ported/src/frenet_ros_obst.cpp:213:10:[m[K [01;35m[Kwarning: [m[Kunused variable ‘[01m[KendTime2[m[K’ [[01;35m[K-Wunused-variable[m[K]
[21.399s]   213 |   double [01;35m[KendTime2[m[K = omp_get_wtime();
[21.399s]       |          [01;35m[K^~~~~~~~[m[K
[21.399s] [01m[K/home/aayush/newest_frenet_planner/src/frenet_planner_ported/src/frenet_ros_obst.cpp:253:10:[m[K [01;35m[Kwarning: [m[Kunused variable ‘[01m[KstartTime3[m[K’ [[01;35m[K-Wunused-variable[m[K]
[21.400s]   253 |   double [01;35m[KstartTime3[m[K = omp_get_wtime();
[21.400s]       |          [01;35m[K^~~~~~~~~~[m[K
[21.400s] [01m[K/home/aayush/newest_frenet_planner/src/frenet_planner_ported/src/frenet_ros_obst.cpp:255:10:[m[K [01;35m[Kwarning: [m[Kunused variable ‘[01m[KendTime3[m[K’ [[01;35m[K-Wunused-variable[m[K]
[21.401s]   255 |   double [01;35m[KendTime3[m[K = omp_get_wtime();
[21.402s]       |          [01;35m[K^~~~~~~~[m[K
[21.402s] [01m[K/home/aayush/newest_frenet_planner/src/frenet_planner_ported/src/frenet_ros_obst.cpp:300:10:[m[K [01;35m[Kwarning: [m[Kunused variable ‘[01m[KmainLoop2[m[K’ [[01;35m[K-Wunused-variable[m[K]
[21.402s]   300 |   double [01;35m[KmainLoop2[m[K = omp_get_wtime();
[21.402s]       |          [01;35m[K^~~~~~~~~[m[K
[21.402s] [01m[K/home/aayush/newest_frenet_planner/src/frenet_planner_ported/src/frenet_ros_obst.cpp:130:7:[m[K [01;35m[Kwarning: [m[Kunused variable ‘[01m[KgotOdom[m[K’ [[01;35m[K-Wunused-variable[m[K]
[21.403s]   130 |  bool [01;35m[KgotOdom[m[K = false;
[21.403s]       |       [01;35m[K^~~~~~~[m[K
[21.412s] [01m[K/home/aayush/newest_frenet_planner/src/frenet_planner_ported/src/frenet_ros_obst.cpp:160:7:[m[K [01;35m[Kwarning: [m[Kunused variable ‘[01m[Krun_frenet[m[K’ [[01;35m[K-Wunused-variable[m[K]
[21.413s]   160 |  bool [01;35m[Krun_frenet[m[K = true;
[21.413s]       |       [01;35m[K^~~~~~~~~~[m[K
[21.413s] [01m[K/home/aayush/newest_frenet_planner/src/frenet_planner_ported/src/frenet_ros_obst.cpp:164:9:[m[K [01;35m[Kwarning: [m[Kunused variable ‘[01m[Kpltbasetime[m[K’ [[01;35m[K-Wunused-variable[m[K]
[21.413s]   164 |  double [01;35m[Kpltbasetime[m[K = omp_get_wtime();
[21.414s]       |         [01;35m[K^~~~~~~~~~~[m[K
[21.414s] [01m[K/home/aayush/newest_frenet_planner/src/frenet_planner_ported/src/frenet_ros_obst.cpp:166:6:[m[K [01;35m[Kwarning: [m[Kunused variable ‘[01m[Kiteration_count[m[K’ [[01;35m[K-Wunused-variable[m[K]
[21.414s]   166 |  int [01;35m[Kiteration_count[m[K = 1;
[21.414s]       |      [01;35m[K^~~~~~~~~~~~~~~[m[K
[21.415s] [01m[K/home/aayush/newest_frenet_planner/src/frenet_planner_ported/src/frenet_planner.cpp:[m[K In member function ‘[01m[Kvoid FrenetPath::adding_global_path(Spline2D)[m[K’:
[21.415s] [01m[K/home/aayush/newest_frenet_planner/src/frenet_planner_ported/src/frenet_planner.cpp:197:9:[m[K [01;35m[Kwarning: [m[Kunused variable ‘[01m[KstartTime1[m[K’ [[01;35m[K-Wunused-variable[m[K]
[21.415s]   197 |  double [01;35m[KstartTime1[m[K = omp_get_wtime();
[21.415s]       |         [01;35m[K^~~~~~~~~~[m[K
[21.416s] [01m[K/home/aayush/newest_frenet_planner/src/frenet_planner_ported/src/frenet_planner.cpp:248:9:[m[K [01;35m[Kwarning: [m[Kunused variable ‘[01m[KendTime1[m[K’ [[01;35m[K-Wunused-variable[m[K]
[21.416s]   248 |  double [01;35m[KendTime1[m[K = omp_get_wtime();
[21.416s]       |         [01;35m[K^~~~~~~~[m[K
[21.423s] In file included from [01m[K/home/aayush/newest_frenet_planner/src/frenet_planner_ported/src/frenet_planner.cpp:10[m[K:
[21.423s] [01m[K/home/aayush/newest_frenet_planner/src/frenet_planner_ported/src/frenet_planner.cpp:[m[K In function ‘[01m[KFrenetPath frenet_optimal_planning(Spline2D, double, double, double, double, double, FrenetPath, double)[m[K’:
[21.424s] [01m[K/home/aayush/newest_frenet_planner/src/frenet_planner_ported/src/../include/frenet_optimal_trajectory.hpp:79:20:[m[K [01;35m[Kwarning: [m[Kstatement has no effect [[01;35m[K-Wunused-value[m[K]
[21.424s]    79 | #define trace(...) [01;35m[K42[m[K
[21.424s]       |                    [01;35m[K^~[m[K
[21.425s] [01m[K/home/aayush/newest_frenet_planner/src/frenet_planner_ported/src/../include/frenet_optimal_trajectory.hpp:79:20:[m[K [01;36m[Knote: [m[Kin definition of macro ‘[01m[Ktrace[m[K’
[21.425s]    79 | #define trace(...) [01;36m[K42[m[K
[21.425s]       |                    [01;36m[K^~[m[K
[21.425s] [01m[K/home/aayush/newest_frenet_planner/src/frenet_planner_ported/src/../include/frenet_optimal_trajectory.hpp:79:20:[m[K [01;35m[Kwarning: [m[Kstatement has no effect [[01;35m[K-Wunused-value[m[K]
[21.426s]    79 | #define trace(...) [01;35m[K42[m[K
[21.426s]       |                    [01;35m[K^~[m[K
[21.426s] [01m[K/home/aayush/newest_frenet_planner/src/frenet_planner_ported/src/../include/frenet_optimal_trajectory.hpp:79:20:[m[K [01;36m[Knote: [m[Kin definition of macro ‘[01m[Ktrace[m[K’
[21.427s]    79 | #define trace(...) [01;36m[K42[m[K
[21.427s]       |                    [01;36m[K^~[m[K
[21.427s] [01m[K/home/aayush/newest_frenet_planner/src/frenet_planner_ported/src/../include/frenet_optimal_trajectory.hpp:79:20:[m[K [01;35m[Kwarning: [m[Kstatement has no effect [[01;35m[K-Wunused-value[m[K]
[21.427s]    79 | #define trace(...) [01;35m[K42[m[K
[21.428s]       |                    [01;35m[K^~[m[K
[21.428s] [01m[K/home/aayush/newest_frenet_planner/src/frenet_planner_ported/src/../include/frenet_optimal_trajectory.hpp:79:20:[m[K [01;36m[Knote: [m[Kin definition of macro ‘[01m[Ktrace[m[K’
[21.428s]    79 | #define trace(...) [01;36m[K42[m[K
[21.436s]       |                    [01;36m[K^~[m[K
[21.436s] [01m[K/home/aayush/newest_frenet_planner/src/frenet_planner_ported/src/../include/frenet_optimal_trajectory.hpp:79:20:[m[K [01;35m[Kwarning: [m[Kstatement has no effect [[01;35m[K-Wunused-value[m[K]
[21.436s]    79 | #define trace(...) [01;35m[K42[m[K
[21.437s]       |                    [01;35m[K^~[m[K
[21.437s] [01m[K/home/aayush/newest_frenet_planner/src/frenet_planner_ported/src/../include/frenet_optimal_trajectory.hpp:79:20:[m[K [01;36m[Knote: [m[Kin definition of macro ‘[01m[Ktrace[m[K’
[21.437s]    79 | #define trace(...) [01;36m[K42[m[K
[21.438s]       |                    [01;36m[K^~[m[K
[21.438s] [01m[K/home/aayush/newest_frenet_planner/src/frenet_planner_ported/src/../include/frenet_optimal_trajectory.hpp:79:20:[m[K [01;35m[Kwarning: [m[Kstatement has no effect [[01;35m[K-Wunused-value[m[K]
[21.438s]    79 | #define trace(...) [01;35m[K42[m[K
[21.438s]       |                    [01;35m[K^~[m[K
[21.439s] [01m[K/home/aayush/newest_frenet_planner/src/frenet_planner_ported/src/../include/frenet_optimal_trajectory.hpp:79:20:[m[K [01;36m[Knote: [m[Kin definition of macro ‘[01m[Ktrace[m[K’
[21.439s]    79 | #define trace(...) [01;36m[K42[m[K
[21.439s]       |                    [01;36m[K^~[m[K
[21.439s] [01m[K/home/aayush/newest_frenet_planner/src/frenet_planner_ported/src/frenet_planner.cpp:446:9:[m[K [01;35m[Kwarning: [m[Kunused variable ‘[01m[KstartTime1[m[K’ [[01;35m[K-Wunused-variable[m[K]
[21.440s]   446 |  double [01;35m[KstartTime1[m[K = omp_get_wtime();
[21.440s]       |         [01;35m[K^~~~~~~~~~[m[K
[21.440s] [01m[K/home/aayush/newest_frenet_planner/src/frenet_planner_ported/src/frenet_planner.cpp:448:9:[m[K [01;35m[Kwarning: [m[Kunused variable ‘[01m[KendTime1[m[K’ [[01;35m[K-Wunused-variable[m[K]
[21.440s]   448 |  double [01;35m[KendTime1[m[K = omp_get_wtime();
[21.441s]       |         [01;35m[K^~~~~~~~[m[K
[21.441s] [01m[K/home/aayush/newest_frenet_planner/src/frenet_planner_ported/src/frenet_planner.cpp:451:9:[m[K [01;35m[Kwarning: [m[Kunused variable ‘[01m[KstartTime2[m[K’ [[01;35m[K-Wunused-variable[m[K]
[21.441s]   451 |  double [01;35m[KstartTime2[m[K = omp_get_wtime();
[21.441s]       |         [01;35m[K^~~~~~~~~~[m[K
[21.442s] [01m[K/home/aayush/newest_frenet_planner/src/frenet_planner_ported/src/frenet_planner.cpp:453:9:[m[K [01;35m[Kwarning: [m[Kunused variable ‘[01m[KendTime2[m[K’ [[01;35m[K-Wunused-variable[m[K]
[21.442s]   453 |  double [01;35m[KendTime2[m[K = omp_get_wtime();
[21.442s]       |         [01;35m[K^~~~~~~~[m[K
[21.443s] [01m[K/home/aayush/newest_frenet_planner/src/frenet_planner_ported/src/frenet_planner.cpp:457:9:[m[K [01;35m[Kwarning: [m[Kunused variable ‘[01m[KstartTime3[m[K’ [[01;35m[K-Wunused-variable[m[K]
[21.443s]   457 |  double [01;35m[KstartTime3[m[K = omp_get_wtime();
[21.443s]       |         [01;35m[K^~~~~~~~~~[m[K
[21.443s] [01m[K/home/aayush/newest_frenet_planner/src/frenet_planner_ported/src/frenet_planner.cpp:460:9:[m[K [01;35m[Kwarning: [m[Kunused variable ‘[01m[KendTime3[m[K’ [[01;35m[K-Wunused-variable[m[K]
[21.444s]   460 |  double [01;35m[KendTime3[m[K = omp_get_wtime();
[21.444s]       |         [01;35m[K^~~~~~~~[m[K
[25.165s] [ 60%] [32mBuilding CXX object CMakeFiles/frenet_ros_obst.dir/src/cubic_spline_planner.cpp.o[0m
[28.916s] [01m[K/home/aayush/newest_frenet_planner/src/frenet_planner_ported/src/cubic_spline_planner.cpp:[m[K In member function ‘[01m[KEigen::MatrixXd& Spline::calc_A(vecD)[m[K’:
[28.916s] [01m[K/home/aayush/newest_frenet_planner/src/frenet_planner_ported/src/cubic_spline_planner.cpp:36:7:[m[K [01;35m[Kwarning: [m[Kunused variable ‘[01m[Ki[m[K’ [[01;35m[K-Wunused-variable[m[K]
[28.916s]    36 |   int [01;35m[Ki[m[K,j;
[28.917s]       |       [01;35m[K^[m[K
[28.917s] [01m[K/home/aayush/newest_frenet_planner/src/frenet_planner_ported/src/cubic_spline_planner.cpp:36:9:[m[K [01;35m[Kwarning: [m[Kunused variable ‘[01m[Kj[m[K’ [[01;35m[K-Wunused-variable[m[K]
[28.917s]    36 |   int i,[01;35m[Kj[m[K;
[28.917s]       |         [01;35m[K^[m[K
[28.918s] [01m[K/home/aayush/newest_frenet_planner/src/frenet_planner_ported/src/cubic_spline_planner.cpp:[m[K In member function ‘[01m[KEigen::MatrixXd& Spline::calc_B(vecD)[m[K’:
[28.918s] [01m[K/home/aayush/newest_frenet_planner/src/frenet_planner_ported/src/cubic_spline_planner.cpp:66:7:[m[K [01;35m[Kwarning: [m[Kunused variable ‘[01m[Ki[m[K’ [[01;35m[K-Wunused-variable[m[K]
[28.918s]    66 |   int [01;35m[Ki[m[K,j;
[28.919s]       |       [01;35m[K^[m[K
[28.919s] [01m[K/home/aayush/newest_frenet_planner/src/frenet_planner_ported/src/cubic_spline_planner.cpp:66:9:[m[K [01;35m[Kwarning: [m[Kunused variable ‘[01m[Kj[m[K’ [[01;35m[K-Wunused-variable[m[K]
[28.919s]    66 |   int i,[01;35m[Kj[m[K;
[28.919s]       |         [01;35m[K^[m[K
[29.017s] [01m[K/home/aayush/newest_frenet_planner/src/frenet_planner_ported/src/cubic_spline_planner.cpp:[m[K In function ‘[01m[KSpline2D& calc_spline_course(vecD, vecD, vecD&, vecD&, vecD&, vecD&, double)[m[K’:
[29.017s] [01m[K/home/aayush/newest_frenet_planner/src/frenet_planner_ported/src/cubic_spline_planner.cpp:275:20:[m[K [01;35m[Kwarning: [m[Kcomparison of integer expressions of different signedness: ‘[01m[Kint[m[K’ and ‘[01m[Kstd::vector<double>::size_type[m[K’ {aka ‘[01m[Klong unsigned int[m[K’} [[01;35m[K-Wsign-compare[m[K]
[29.018s]   275 |   for(int i = 0; [01;35m[Ki < s.size()[m[K; i++)
[29.018s]       |                  [01;35m[K~~^~~~~~~~~~[m[K
[36.574s] [ 80%] [32mBuilding CXX object CMakeFiles/frenet_ros_obst.dir/src/polynomials.cpp.o[0m
[51.229s] [100%] [32m[1mLinking CXX executable frenet_ros_obst[0m
[54.034s] [100%] Built target frenet_ros_obst
[54.322s] Invoked command in '/home/aayush/newest_frenet_planner/build/frenet_planner_ported' returned '0': CMAKE_PREFIX_PATH=${CMAKE_PREFIX_PATH}:/home/aayush/newest_frenet_planner/install/dummy:/opt/ros/foxy /usr/bin/cmake --build /home/aayush/newest_frenet_planner/build/frenet_planner_ported -- -j2 -l2
[54.455s] Invoking command in '/home/aayush/newest_frenet_planner/build/frenet_planner_ported': CMAKE_PREFIX_PATH=${CMAKE_PREFIX_PATH}:/home/aayush/newest_frenet_planner/install/dummy:/opt/ros/foxy /usr/bin/cmake --install /home/aayush/newest_frenet_planner/build/frenet_planner_ported
[54.512s] -- Install configuration: ""
[54.540s] -- Installing: /home/aayush/newest_frenet_planner/install/frenet_planner_ported/lib/frenet_planner_ported/frenet_ros_obst
[54.552s] -- Set runtime path of "/home/aayush/newest_frenet_planner/install/frenet_planner_ported/lib/frenet_planner_ported/frenet_ros_obst" to ""
[54.553s] -- Installing: /home/aayush/newest_frenet_planner/install/frenet_planner_ported/share/frenet_planner_ported/launch
[54.553s] -- Installing: /home/aayush/newest_frenet_planner/install/frenet_planner_ported/share/frenet_planner_ported/launch/frenet_planner_launch.py
[54.554s] -- Installing: /home/aayush/newest_frenet_planner/install/frenet_planner_ported/share/frenet_planner_ported/config
[54.554s] -- Installing: /home/aayush/newest_frenet_planner/install/frenet_planner_ported/share/frenet_planner_ported/config/frenet_planner.yaml
[54.555s] -- Installing: /home/aayush/newest_frenet_planner/install/frenet_planner_ported/share/ament_index/resource_index/package_run_dependencies/frenet_planner_ported
[54.557s] -- Installing: /home/aayush/newest_frenet_planner/install/frenet_planner_ported/share/ament_index/resource_index/parent_prefix_path/frenet_planner_ported
[54.599s] -- Installing: /home/aayush/newest_frenet_planner/install/frenet_planner_ported/share/frenet_planner_ported/environment/ament_prefix_path.sh
[54.600s] -- Installing: /home/aayush/newest_frenet_planner/install/frenet_planner_ported/share/frenet_planner_ported/environment/ament_prefix_path.dsv
[54.601s] -- Installing: /home/aayush/newest_frenet_planner/install/frenet_planner_ported/share/frenet_planner_ported/environment/path.sh
[54.601s] -- Installing: /home/aayush/newest_frenet_planner/install/frenet_planner_ported/share/frenet_planner_ported/environment/path.dsv
[54.602s] -- Installing: /home/aayush/newest_frenet_planner/install/frenet_planner_ported/share/frenet_planner_ported/local_setup.bash
[54.604s] -- Installing: /home/aayush/newest_frenet_planner/install/frenet_planner_ported/share/frenet_planner_ported/local_setup.sh
[54.604s] -- Installing: /home/aayush/newest_frenet_planner/install/frenet_planner_ported/share/frenet_planner_ported/local_setup.zsh
[54.605s] -- Installing: /home/aayush/newest_frenet_planner/install/frenet_planner_ported/share/frenet_planner_ported/local_setup.dsv
[54.607s] -- Installing: /home/aayush/newest_frenet_planner/install/frenet_planner_ported/share/frenet_planner_ported/package.dsv
[54.608s] -- Installing: /home/aayush/newest_frenet_planner/install/frenet_planner_ported/share/ament_index/resource_index/packages/frenet_planner_ported
[54.609s] -- Installing: /home/aayush/newest_frenet_planner/install/frenet_planner_ported/share/frenet_planner_ported/cmake/frenet_planner_portedConfig.cmake
[54.610s] -- Installing: /home/aayush/newest_frenet_planner/install/frenet_planner_ported/share/frenet_planner_ported/cmake/frenet_planner_portedConfig-version.cmake
[54.611s] -- Installing: /home/aayush/newest_frenet_planner/install/frenet_planner_ported/share/frenet_planner_ported/package.xml
[54.630s] Invoked command in '/home/aayush/newest_frenet_planner/build/frenet_planner_ported' returned '0': CMAKE_PREFIX_PATH=${CMAKE_PREFIX_PATH}:/home/aayush/newest_frenet_planner/install/dummy:/opt/ros/foxy /usr/bin/cmake --install /home/aayush/newest_frenet_planner/build/frenet_planner_ported
