[0.945s] Invoking command in '/home/aayush/newest_frenet_planner/src/dummy': PYTHONPATH=/home/aayush/newest_frenet_planner/install/dummy/lib/python3.8/site-packages:${PYTHONPATH} /usr/bin/python3 setup.py egg_info --egg-base ../../build/dummy build --build-base /home/aayush/newest_frenet_planner/build/dummy/build install --prefix /home/aayush/newest_frenet_planner/install/dummy --record /home/aayush/newest_frenet_planner/build/dummy/install.log --single-version-externally-managed
[1.805s] running egg_info
[1.807s] writing ../../build/dummy/dummy.egg-info/PKG-INFO
[1.808s] writing dependency_links to ../../build/dummy/dummy.egg-info/dependency_links.txt
[1.808s] writing entry points to ../../build/dummy/dummy.egg-info/entry_points.txt
[1.809s] writing requirements to ../../build/dummy/dummy.egg-info/requires.txt
[1.809s] writing top-level names to ../../build/dummy/dummy.egg-info/top_level.txt
[1.948s] reading manifest file '../../build/dummy/dummy.egg-info/SOURCES.txt'
[1.950s] writing manifest file '../../build/dummy/dummy.egg-info/SOURCES.txt'
[1.951s] running build
[1.951s] running build_py
[1.952s] running install
[1.957s] running install_lib
[1.964s] running install_data
[1.965s] running install_egg_info
[1.977s] removing '/home/aayush/newest_frenet_planner/install/dummy/lib/python3.8/site-packages/dummy-0.0.0-py3.8.egg-info' (and everything under it)
[1.978s] Copying ../../build/dummy/dummy.egg-info to /home/aayush/newest_frenet_planner/install/dummy/lib/python3.8/site-packages/dummy-0.0.0-py3.8.egg-info
[1.980s] running install_scripts
[2.128s] Installing dum_pub script to /home/aayush/newest_frenet_planner/install/dummy/lib/dummy
[2.129s] writing list of installed files to '/home/aayush/newest_frenet_planner/build/dummy/install.log'
[2.190s] Invoked command in '/home/aayush/newest_frenet_planner/src/dummy' returned '0': PYTHONPATH=/home/aayush/newest_frenet_planner/install/dummy/lib/python3.8/site-packages:${PYTHONPATH} /usr/bin/python3 setup.py egg_info --egg-base ../../build/dummy build --build-base /home/aayush/newest_frenet_planner/build/dummy/build install --prefix /home/aayush/newest_frenet_planner/install/dummy --record /home/aayush/newest_frenet_planner/build/dummy/install.log --single-version-externally-managed
