[0.955s] Invoking command in '/home/aayush/newest_frenet_planner/src/dummy': PYTHONPATH=/home/aayush/newest_frenet_planner/install/dummy/lib/python3.8/site-packages:${PYTHONPATH} /usr/bin/python3 setup.py egg_info --egg-base ../../build/dummy build --build-base /home/aayush/newest_frenet_planner/build/dummy/build install --prefix /home/aayush/newest_frenet_planner/install/dummy --record /home/aayush/newest_frenet_planner/build/dummy/install.log --single-version-externally-managed
[1.956s] running egg_info
[1.957s] writing ../../build/dummy/dummy.egg-info/PKG-INFO
[1.958s] writing dependency_links to ../../build/dummy/dummy.egg-info/dependency_links.txt
[1.958s] writing entry points to ../../build/dummy/dummy.egg-info/entry_points.txt
[1.960s] writing requirements to ../../build/dummy/dummy.egg-info/requires.txt
[1.961s] writing top-level names to ../../build/dummy/dummy.egg-info/top_level.txt
[2.211s] reading manifest file '../../build/dummy/dummy.egg-info/SOURCES.txt'
[2.214s] writing manifest file '../../build/dummy/dummy.egg-info/SOURCES.txt'
[2.214s] running build
[2.215s] running build_py
[2.216s] running install
[2.218s] running install_lib
[2.224s] running install_data
[2.226s] running install_egg_info
[2.237s] removing '/home/aayush/newest_frenet_planner/install/dummy/lib/python3.8/site-packages/dummy-0.0.0-py3.8.egg-info' (and everything under it)
[2.238s] Copying ../../build/dummy/dummy.egg-info to /home/aayush/newest_frenet_planner/install/dummy/lib/python3.8/site-packages/dummy-0.0.0-py3.8.egg-info
[2.240s] running install_scripts
[2.435s] Installing dum_pub script to /home/aayush/newest_frenet_planner/install/dummy/lib/dummy
[2.436s] writing list of installed files to '/home/aayush/newest_frenet_planner/build/dummy/install.log'
[2.589s] Invoked command in '/home/aayush/newest_frenet_planner/src/dummy' returned '0': PYTHONPATH=/home/aayush/newest_frenet_planner/install/dummy/lib/python3.8/site-packages:${PYTHONPATH} /usr/bin/python3 setup.py egg_info --egg-base ../../build/dummy build --build-base /home/aayush/newest_frenet_planner/build/dummy/build install --prefix /home/aayush/newest_frenet_planner/install/dummy --record /home/aayush/newest_frenet_planner/build/dummy/install.log --single-version-externally-managed
