[0.831s] Invoking command in '/home/aayush/newest_frenet_planner/build/frenet_planner_ported': CMAKE_PREFIX_PATH=${CMAKE_PREFIX_PATH}:/home/aayush/newest_frenet_planner/install/dummy:/opt/ros/foxy /usr/bin/cmake --build /home/aayush/newest_frenet_planner/build/frenet_planner_ported -- -j2 -l2
[0.981s] [35m[1mScanning dependencies of target frenet_ros_obst[0m
[1.240s] [ 20%] [32mBuilding CXX object CMakeFiles/frenet_ros_obst.dir/src/frenet_ros_obst.cpp.o[0m
[1.250s] [ 40%] [32mBuilding CXX object CMakeFiles/frenet_ros_obst.dir/src/frenet_planner.cpp.o[0m
[7.667s] In file included from [01m[K/home/aayush/newest_frenet_planner/src/frenet_planner_ported/src/../include/frenet_class.hpp:11[m[K,
[7.667s]                  from [01m[K/home/aayush/newest_frenet_planner/src/frenet_planner_ported/src/frenet_ros_obst.cpp:1[m[K:
[7.667s] [01m[K/home/aayush/newest_frenet_planner/src/frenet_planner_ported/./include/matplotlibcpp.hpp:314:36:[m[K [01;35m[Kwarning: [m[Kstatic_assert without a message only available with ‘[01m[K-std=c++17[m[K’ or ‘[01m[K-std=gnu++17[m[K’ [[01;35m[K-Wpedantic[m[K]
[7.668s]   314 | static_assert(sizeof(long long) == [01;35m[K8[m[K);
[7.668s]       |                                    [01;35m[K^[m[K
[7.668s] [01m[K/home/aayush/newest_frenet_planner/src/frenet_planner_ported/./include/matplotlibcpp.hpp:316:45:[m[K [01;35m[Kwarning: [m[Kstatic_assert without a message only available with ‘[01m[K-std=c++17[m[K’ or ‘[01m[K-std=gnu++17[m[K’ [[01;35m[K-Wpedantic[m[K]
[7.668s]   316 | static_assert(sizeof(unsigned long long) == [01;35m[K8[m[K);
[7.669s]       |                                             [01;35m[K^[m[K
[8.215s] In file included from [01m[K/home/aayush/newest_frenet_planner/src/frenet_planner_ported/src/frenet_planner.cpp:8[m[K:
[8.216s] [01m[K/home/aayush/newest_frenet_planner/src/frenet_planner_ported/./include/matplotlibcpp.hpp:314:36:[m[K [01;35m[Kwarning: [m[Kstatic_assert without a message only available with ‘[01m[K-std=c++17[m[K’ or ‘[01m[K-std=gnu++17[m[K’ [[01;35m[K-Wpedantic[m[K]
[8.216s]   314 | static_assert(sizeof(long long) == [01;35m[K8[m[K);
[8.216s]       |                                    [01;35m[K^[m[K
[8.217s] [01m[K/home/aayush/newest_frenet_planner/src/frenet_planner_ported/./include/matplotlibcpp.hpp:316:45:[m[K [01;35m[Kwarning: [m[Kstatic_assert without a message only available with ‘[01m[K-std=c++17[m[K’ or ‘[01m[K-std=gnu++17[m[K’ [[01;35m[K-Wpedantic[m[K]
[8.217s]   316 | static_assert(sizeof(unsigned long long) == [01;35m[K8[m[K);
[8.217s]       |                                             [01;35m[K^[m[K
[10.959s] In file included from [01m[K/home/aayush/newest_frenet_planner/src/frenet_planner_ported/src/frenet_ros_obst.cpp:1[m[K:
[10.959s] [01m[K/home/aayush/newest_frenet_planner/src/frenet_planner_ported/src/../include/frenet_class.hpp:129:81:[m[K [01;35m[Kwarning: [m[K‘[01m[Kgeometry_msgs::msg::PolygonStamped_<std::allocator<void> >::ConstPtr[m[K’ is deprecated [[01;35m[K-Wdeprecated-declarations[m[K]
[10.960s]   129 | allback(const geometry_msgs::msg::PolygonStamped::ConstPtr p[01;35m[K)[m[K
[10.960s]       |                                                             [01;35m[K^[m[K
[10.960s] 
[10.961s] In file included from [01m[K/opt/ros/foxy/include/geometry_msgs/msg/polygon_stamped.hpp:7[m[K,
[10.962s]                  from [01m[K/home/aayush/newest_frenet_planner/src/frenet_planner_ported/src/../include/frenet_class.hpp:8[m[K,
[10.962s]                  from [01m[K/home/aayush/newest_frenet_planner/src/frenet_planner_ported/src/frenet_ros_obst.cpp:1[m[K:
[10.962s] [01m[K/opt/ros/foxy/include/geometry_msgs/msg/detail/polygon_stamped__struct.hpp:114:5:[m[K [01;36m[Knote: [m[Kdeclared here
[10.963s]   114 |     [01;36m[KConstPtr[m[K;
[10.963s]       |     [01;36m[K^~~~~~~~[m[K
[10.966s] In file included from [01m[K/home/aayush/newest_frenet_planner/src/frenet_planner_ported/src/frenet_ros_obst.cpp:1[m[K:
[10.966s] [01m[K/home/aayush/newest_frenet_planner/src/frenet_planner_ported/src/../include/frenet_class.hpp:135:67:[m[K [01;35m[Kwarning: [m[K‘[01m[Knav_msgs::msg::Odometry_<std::allocator<void> >::ConstPtr[m[K’ is deprecated [[01;35m[K-Wdeprecated-declarations[m[K]
[10.967s]   135 |     void odom_callback(const nav_msgs::msg::Odometry::ConstPtr msg[01;35m[K)[m[K
[10.967s]       |                                                                   [01;35m[K^[m[K
[10.968s] In file included from [01m[K/opt/ros/foxy/include/nav_msgs/msg/odometry.hpp:7[m[K,
[10.968s]                  from [01m[K/home/aayush/newest_frenet_planner/src/frenet_planner_ported/src/../include/frenet_class.hpp:6[m[K,
[10.968s]                  from [01m[K/home/aayush/newest_frenet_planner/src/frenet_planner_ported/src/frenet_ros_obst.cpp:1[m[K:
[10.969s] [01m[K/opt/ros/foxy/include/nav_msgs/msg/detail/odometry__struct.hpp:145:5:[m[K [01;36m[Knote: [m[Kdeclared here
[10.969s]   145 |     [01;36m[KConstPtr[m[K;
[10.969s]       |     [01;36m[K^~~~~~~~[m[K
[10.970s] In file included from [01m[K/home/aayush/newest_frenet_planner/src/frenet_planner_ported/src/frenet_ros_obst.cpp:1[m[K:
[10.970s] [01m[K/home/aayush/newest_frenet_planner/src/frenet_planner_ported/src/../include/frenet_class.hpp:139:86:[m[K [01;35m[Kwarning: [m[K‘[01m[Knav_msgs::msg::OccupancyGrid_<std::allocator<void> >::ConstPtr[m[K’ is deprecated [[01;35m[K-Wdeprecated-declarations[m[K]
[10.971s]   139 | (const nav_msgs::msg::OccupancyGrid::ConstPtr occupancy_grid[01;35m[K)[m[K
[10.971s]       |                                                             [01;35m[K^[m[K
[10.971s] 
[10.980s] In file included from [01m[K/opt/ros/foxy/include/nav_msgs/msg/occupancy_grid.hpp:7[m[K,
[10.980s]                  from [01m[K/home/aayush/newest_frenet_planner/src/frenet_planner_ported/src/../include/frenet_class.hpp:7[m[K,
[10.980s]                  from [01m[K/home/aayush/newest_frenet_planner/src/frenet_planner_ported/src/frenet_ros_obst.cpp:1[m[K:
[10.981s] [01m[K/opt/ros/foxy/include/nav_msgs/msg/detail/occupancy_grid__struct.hpp:123:5:[m[K [01;36m[Knote: [m[Kdeclared here
[10.981s]   123 |     [01;36m[KConstPtr[m[K;
[10.981s]       |     [01;36m[K^~~~~~~~[m[K
[11.130s] In file included from [01m[K/home/aayush/newest_frenet_planner/src/frenet_planner_ported/src/frenet_ros_obst.cpp:1[m[K:
[11.130s] [01m[K/home/aayush/newest_frenet_planner/src/frenet_planner_ported/src/../include/frenet_class.hpp:[m[K In member function ‘[01m[Kvoid FrenetClass::costmap_callback(nav_msgs::msg::OccupancyGrid_<std::allocator<void> >::ConstPtr)[m[K’:
[11.131s] [01m[K/home/aayush/newest_frenet_planner/src/frenet_planner_ported/src/../include/frenet_class.hpp:169:22:[m[K [01;35m[Kwarning: [m[Kcomparison of integer expressions of different signedness: ‘[01m[Klong int[m[K’ and ‘[01m[Kstd::vector<std::pair<double, double> >::size_type[m[K’ {aka ‘[01m[Klong unsigned int[m[K’} [[01;35m[K-Wsign-compare[m[K]
[11.131s]   169 |   for (long i = 0; [01;35m[Ki < ob1.size()[m[K; i++)
[11.131s]       |                    [01;35m[K~~^~~~~~~~~~~~[m[K
[11.132s] [01m[K/home/aayush/newest_frenet_planner/src/frenet_planner_ported/src/../include/frenet_class.hpp:149:13:[m[K [01;35m[Kwarning: [m[Kunused variable ‘[01m[KstartTime1[m[K’ [[01;35m[K-Wunused-variable[m[K]
[11.132s]   149 |      double [01;35m[KstartTime1[m[K = omp_get_wtime();
[11.133s]       |             [01;35m[K^~~~~~~~~~[m[K
[11.137s] In file included from [01m[K/home/aayush/newest_frenet_planner/src/frenet_planner_ported/src/frenet_ros_obst.cpp:2[m[K:
[11.138s] [01m[K/home/aayush/newest_frenet_planner/src/frenet_planner_ported/src/../include/frenet_optimal_trajectory.hpp:[m[K In function ‘[01m[Kstd::ostream& operator<<(std::ostream&, const FrenetPath&)[m[K’:
[11.138s] [01m[K/home/aayush/newest_frenet_planner/src/frenet_planner_ported/src/../include/frenet_optimal_trajectory.hpp:80:20:[m[K [01;35m[Kwarning: [m[Kstatement has no effect [[01;35m[K-Wunused-value[m[K]
[11.139s]    80 | #define trace(...) [01;35m[K42[m[K
[11.139s]       |                    [01;35m[K^~[m[K
[11.139s] [01m[K/home/aayush/newest_frenet_planner/src/frenet_planner_ported/src/../include/frenet_optimal_trajectory.hpp:80:20:[m[K [01;36m[Knote: [m[Kin definition of macro ‘[01m[Ktrace[m[K’
[11.140s]    80 | #define trace(...) [01;36m[K42[m[K
[11.140s]       |                    [01;36m[K^~[m[K
[11.140s] [01m[K/home/aayush/newest_frenet_planner/src/frenet_planner_ported/src/../include/frenet_optimal_trajectory.hpp:80:20:[m[K [01;35m[Kwarning: [m[Kstatement has no effect [[01;35m[K-Wunused-value[m[K]
[11.141s]    80 | #define trace(...) [01;35m[K42[m[K
[11.141s]       |                    [01;35m[K^~[m[K
[11.141s] [01m[K/home/aayush/newest_frenet_planner/src/frenet_planner_ported/src/../include/frenet_optimal_trajectory.hpp:80:20:[m[K [01;36m[Knote: [m[Kin definition of macro ‘[01m[Ktrace[m[K’
[11.142s]    80 | #define trace(...) [01;36m[K42[m[K
[11.142s]       |                    [01;36m[K^~[m[K
[11.142s] [01m[K/home/aayush/newest_frenet_planner/src/frenet_planner_ported/src/../include/frenet_optimal_trajectory.hpp:80:20:[m[K [01;35m[Kwarning: [m[Kstatement has no effect [[01;35m[K-Wunused-value[m[K]
[11.143s]    80 | #define trace(...) [01;35m[K42[m[K
[11.143s]       |                    [01;35m[K^~[m[K
[11.143s] [01m[K/home/aayush/newest_frenet_planner/src/frenet_planner_ported/src/../include/frenet_optimal_trajectory.hpp:80:20:[m[K [01;36m[Knote: [m[Kin definition of macro ‘[01m[Ktrace[m[K’
[11.143s]    80 | #define trace(...) [01;36m[K42[m[K
[11.144s]       |                    [01;36m[K^~[m[K
[11.144s] [01m[K/home/aayush/newest_frenet_planner/src/frenet_planner_ported/src/../include/frenet_optimal_trajectory.hpp:80:20:[m[K [01;35m[Kwarning: [m[Kstatement has no effect [[01;35m[K-Wunused-value[m[K]
[11.144s]    80 | #define trace(...) [01;35m[K42[m[K
[11.145s]       |                    [01;35m[K^~[m[K
[11.145s] [01m[K/home/aayush/newest_frenet_planner/src/frenet_planner_ported/src/../include/frenet_optimal_trajectory.hpp:80:20:[m[K [01;36m[Knote: [m[Kin definition of macro ‘[01m[Ktrace[m[K’
[11.145s]    80 | #define trace(...) [01;36m[K42[m[K
[11.146s]       |                    [01;36m[K^~[m[K
[11.147s] [01m[K/home/aayush/newest_frenet_planner/src/frenet_planner_ported/src/../include/frenet_optimal_trajectory.hpp:80:20:[m[K [01;35m[Kwarning: [m[Kstatement has no effect [[01;35m[K-Wunused-value[m[K]
[11.147s]    80 | #define trace(...) [01;35m[K42[m[K
[11.147s]       |                    [01;35m[K^~[m[K
[11.148s] [01m[K/home/aayush/newest_frenet_planner/src/frenet_planner_ported/src/../include/frenet_optimal_trajectory.hpp:80:20:[m[K [01;36m[Knote: [m[Kin definition of macro ‘[01m[Ktrace[m[K’
[11.148s]    80 | #define trace(...) [01;36m[K42[m[K
[11.151s]       |                    [01;36m[K^~[m[K
[11.151s] [01m[K/home/aayush/newest_frenet_planner/src/frenet_planner_ported/src/../include/frenet_optimal_trajectory.hpp:80:20:[m[K [01;35m[Kwarning: [m[Kstatement has no effect [[01;35m[K-Wunused-value[m[K]
[11.151s]    80 | #define trace(...) [01;35m[K42[m[K
[11.151s]       |                    [01;35m[K^~[m[K
[11.152s] [01m[K/home/aayush/newest_frenet_planner/src/frenet_planner_ported/src/../include/frenet_optimal_trajectory.hpp:80:20:[m[K [01;36m[Knote: [m[Kin definition of macro ‘[01m[Ktrace[m[K’
[11.152s]    80 | #define trace(...) [01;36m[K42[m[K
[11.152s]       |                    [01;36m[K^~[m[K
[11.152s] [01m[K/home/aayush/newest_frenet_planner/src/frenet_planner_ported/src/../include/frenet_optimal_trajectory.hpp:80:20:[m[K [01;35m[Kwarning: [m[Kstatement has no effect [[01;35m[K-Wunused-value[m[K]
[11.152s]    80 | #define trace(...) [01;35m[K42[m[K
[11.153s]       |                    [01;35m[K^~[m[K
[11.153s] [01m[K/home/aayush/newest_frenet_planner/src/frenet_planner_ported/src/../include/frenet_optimal_trajectory.hpp:80:20:[m[K [01;36m[Knote: [m[Kin definition of macro ‘[01m[Ktrace[m[K’
[11.153s]    80 | #define trace(...) [01;36m[K42[m[K
[11.153s]       |                    [01;36m[K^~[m[K
[11.153s] [01m[K/home/aayush/newest_frenet_planner/src/frenet_planner_ported/src/../include/frenet_optimal_trajectory.hpp:80:20:[m[K [01;35m[Kwarning: [m[Kstatement has no effect [[01;35m[K-Wunused-value[m[K]
[11.154s]    80 | #define trace(...) [01;35m[K42[m[K
[11.154s]       |                    [01;35m[K^~[m[K
[11.154s] [01m[K/home/aayush/newest_frenet_planner/src/frenet_planner_ported/src/../include/frenet_optimal_trajectory.hpp:80:20:[m[K [01;36m[Knote: [m[Kin definition of macro ‘[01m[Ktrace[m[K’
[11.154s]    80 | #define trace(...) [01;36m[K42[m[K
[11.154s]       |                    [01;36m[K^~[m[K
[11.155s] [01m[K/home/aayush/newest_frenet_planner/src/frenet_planner_ported/src/../include/frenet_optimal_trajectory.hpp:80:20:[m[K [01;35m[Kwarning: [m[Kstatement has no effect [[01;35m[K-Wunused-value[m[K]
[11.155s]    80 | #define trace(...) [01;35m[K42[m[K
[11.155s]       |                    [01;35m[K^~[m[K
[11.155s] [01m[K/home/aayush/newest_frenet_planner/src/frenet_planner_ported/src/../include/frenet_optimal_trajectory.hpp:80:20:[m[K [01;36m[Knote: [m[Kin definition of macro ‘[01m[Ktrace[m[K’
[11.155s]    80 | #define trace(...) [01;36m[K42[m[K
[11.156s]       |                    [01;36m[K^~[m[K
[11.156s] [01m[K/home/aayush/newest_frenet_planner/src/frenet_planner_ported/src/../include/frenet_optimal_trajectory.hpp:80:20:[m[K [01;35m[Kwarning: [m[Kstatement has no effect [[01;35m[K-Wunused-value[m[K]
[11.156s]    80 | #define trace(...) [01;35m[K42[m[K
[11.156s]       |                    [01;35m[K^~[m[K
[11.156s] [01m[K/home/aayush/newest_frenet_planner/src/frenet_planner_ported/src/../include/frenet_optimal_trajectory.hpp:80:20:[m[K [01;36m[Knote: [m[Kin definition of macro ‘[01m[Ktrace[m[K’
[11.157s]    80 | #define trace(...) [01;36m[K42[m[K
[11.157s]       |                    [01;36m[K^~[m[K
[11.157s] [01m[K/home/aayush/newest_frenet_planner/src/frenet_planner_ported/src/../include/frenet_optimal_trajectory.hpp:80:20:[m[K [01;35m[Kwarning: [m[Kstatement has no effect [[01;35m[K-Wunused-value[m[K]
[11.157s]    80 | #define trace(...) [01;35m[K42[m[K
[11.168s]       |                    [01;35m[K^~[m[K
[11.168s] [01m[K/home/aayush/newest_frenet_planner/src/frenet_planner_ported/src/../include/frenet_optimal_trajectory.hpp:80:20:[m[K [01;36m[Knote: [m[Kin definition of macro ‘[01m[Ktrace[m[K’
[11.168s]    80 | #define trace(...) [01;36m[K42[m[K
[11.169s]       |                    [01;36m[K^~[m[K
[11.169s] [01m[K/home/aayush/newest_frenet_planner/src/frenet_planner_ported/src/../include/frenet_optimal_trajectory.hpp:80:20:[m[K [01;35m[Kwarning: [m[Kstatement has no effect [[01;35m[K-Wunused-value[m[K]
[11.169s]    80 | #define trace(...) [01;35m[K42[m[K
[11.169s]       |                    [01;35m[K^~[m[K
[11.169s] [01m[K/home/aayush/newest_frenet_planner/src/frenet_planner_ported/src/../include/frenet_optimal_trajectory.hpp:80:20:[m[K [01;36m[Knote: [m[Kin definition of macro ‘[01m[Ktrace[m[K’
[11.170s]    80 | #define trace(...) [01;36m[K42[m[K
[11.170s]       |                    [01;36m[K^~[m[K
[11.170s] [01m[K/home/aayush/newest_frenet_planner/src/frenet_planner_ported/src/../include/frenet_optimal_trajectory.hpp:80:20:[m[K [01;35m[Kwarning: [m[Kstatement has no effect [[01;35m[K-Wunused-value[m[K]
[11.170s]    80 | #define trace(...) [01;35m[K42[m[K
[11.171s]       |                    [01;35m[K^~[m[K
[11.171s] [01m[K/home/aayush/newest_frenet_planner/src/frenet_planner_ported/src/../include/frenet_optimal_trajectory.hpp:80:20:[m[K [01;36m[Knote: [m[Kin definition of macro ‘[01m[Ktrace[m[K’
[11.171s]    80 | #define trace(...) [01;36m[K42[m[K
[11.171s]       |                    [01;36m[K^~[m[K
[11.176s] [01m[K/home/aayush/newest_frenet_planner/src/frenet_planner_ported/src/../include/frenet_optimal_trajectory.hpp:81:59:[m[K [01;35m[Kwarning: [m[Kunused parameter ‘[01m[Kfp[m[K’ [[01;35m[K-Wunused-parameter[m[K]
[11.177s]    81 | inline ostream& operator<<(ostream& os, [01;35m[Kconst FrenetPath& fp[m[K)
[11.177s]       |                                         [01;35m[K~~~~~~~~~~~~~~~~~~^~[m[K
[11.177s] [01m[K/home/aayush/newest_frenet_planner/src/frenet_planner_ported/src/frenet_ros_obst.cpp:[m[K In function ‘[01m[Kdouble get_bot_yaw()[m[K’:
[11.178s] [01m[K/home/aayush/newest_frenet_planner/src/frenet_planner_ported/src/../include/frenet_optimal_trajectory.hpp:80:20:[m[K [01;35m[Kwarning: [m[Kstatement has no effect [[01;35m[K-Wunused-value[m[K]
[11.178s]    80 | #define trace(...) [01;35m[K42[m[K
[11.178s]       |                    [01;35m[K^~[m[K
[11.178s] [01m[K/home/aayush/newest_frenet_planner/src/frenet_planner_ported/src/../include/frenet_optimal_trajectory.hpp:80:20:[m[K [01;36m[Knote: [m[Kin definition of macro ‘[01m[Ktrace[m[K’
[11.179s]    80 | #define trace(...) [01;36m[K42[m[K
[11.179s]       |                    [01;36m[K^~[m[K
[11.179s] [01m[K/home/aayush/newest_frenet_planner/src/frenet_planner_ported/src/frenet_ros_obst.cpp:[m[K In function ‘[01m[Kvoid initial_conditions_path(Spline2D&, double&, double&, double&, double&, double&, double&, FrenetPath&)[m[K’:
[11.180s] [01m[K/home/aayush/newest_frenet_planner/src/frenet_planner_ported/src/frenet_ros_obst.cpp:55:40:[m[K [01;35m[Kwarning: [m[Kunused parameter ‘[01m[Kcsp[m[K’ [[01;35m[K-Wunused-parameter[m[K]
[11.189s]    55 | void initial_conditions_path([01;35m[KSpline2D &csp[m[K, double &s0, double &c_speed, double &c_d, double &c_d_d,
[11.190s]       |                              [01;35m[K~~~~~~~~~~^~~[m[K
[11.190s] In file included from [01m[K/home/aayush/newest_frenet_planner/src/frenet_planner_ported/src/frenet_ros_obst.cpp:2[m[K:
[11.190s] [01m[K/home/aayush/newest_frenet_planner/src/frenet_planner_ported/src/frenet_ros_obst.cpp:[m[K In function ‘[01m[Kint initial_conditions_new(Spline2D&, vecD&, vecD&, vecD&, vecD&, vecD&, double&, double&, double&, double&, double&, double&, FrenetPath&)[m[K’:
[11.191s] [01m[K/home/aayush/newest_frenet_planner/src/frenet_planner_ported/src/../include/frenet_optimal_trajectory.hpp:80:20:[m[K [01;35m[Kwarning: [m[Kstatement has no effect [[01;35m[K-Wunused-value[m[K]
[11.191s]    80 | #define trace(...) [01;35m[K42[m[K
[11.191s]       |                    [01;35m[K^~[m[K
[11.191s] [01m[K/home/aayush/newest_frenet_planner/src/frenet_planner_ported/src/../include/frenet_optimal_trajectory.hpp:80:20:[m[K [01;36m[Knote: [m[Kin definition of macro ‘[01m[Ktrace[m[K’
[11.192s]    80 | #define trace(...) [01;36m[K42[m[K
[11.192s]       |                    [01;36m[K^~[m[K
[11.192s] [01m[K/home/aayush/newest_frenet_planner/src/frenet_planner_ported/src/../include/frenet_optimal_trajectory.hpp:80:20:[m[K [01;35m[Kwarning: [m[Kstatement has no effect [[01;35m[K-Wunused-value[m[K]
[11.192s]    80 | #define trace(...) [01;35m[K42[m[K
[11.192s]       |                    [01;35m[K^~[m[K
[11.193s] [01m[K/home/aayush/newest_frenet_planner/src/frenet_planner_ported/src/../include/frenet_optimal_trajectory.hpp:80:20:[m[K [01;36m[Knote: [m[Kin definition of macro ‘[01m[Ktrace[m[K’
[11.193s]    80 | #define trace(...) [01;36m[K42[m[K
[11.193s]       |                    [01;36m[K^~[m[K
[11.193s] [01m[K/home/aayush/newest_frenet_planner/src/frenet_planner_ported/src/frenet_ros_obst.cpp:71:38:[m[K [01;35m[Kwarning: [m[Kunused parameter ‘[01m[Kcsp[m[K’ [[01;35m[K-Wunused-parameter[m[K]
[11.193s]    71 | int initial_conditions_new([01;35m[KSpline2D &csp[m[K, vecD &global_s, vecD &global_x, vecD &global_y,
[11.194s]       |                            [01;35m[K~~~~~~~~~~^~~[m[K
[11.211s] In file included from [01m[K/home/aayush/newest_frenet_planner/src/frenet_planner_ported/src/frenet_ros_obst.cpp:2[m[K:
[11.211s] [01m[K/home/aayush/newest_frenet_planner/src/frenet_planner_ported/src/frenet_ros_obst.cpp:[m[K In function ‘[01m[Kint main(int, char**)[m[K’:
[11.211s] [01m[K/home/aayush/newest_frenet_planner/src/frenet_planner_ported/src/../include/frenet_optimal_trajectory.hpp:80:20:[m[K [01;35m[Kwarning: [m[Kstatement has no effect [[01;35m[K-Wunused-value[m[K]
[11.212s]    80 | #define trace(...) [01;35m[K42[m[K
[11.212s]       |                    [01;35m[K^~[m[K
[11.213s] [01m[K/home/aayush/newest_frenet_planner/src/frenet_planner_ported/src/../include/frenet_optimal_trajectory.hpp:80:20:[m[K [01;36m[Knote: [m[Kin definition of macro ‘[01m[Ktrace[m[K’
[11.214s]    80 | #define trace(...) [01;36m[K42[m[K
[11.214s]       |                    [01;36m[K^~[m[K
[11.292s] [01m[K/home/aayush/newest_frenet_planner/src/frenet_planner_ported/src/frenet_ros_obst.cpp:174:10:[m[K [01;35m[Kwarning: [m[Kunused variable ‘[01m[KstartTime1[m[K’ [[01;35m[K-Wunused-variable[m[K]
[11.292s]   174 |   double [01;35m[KstartTime1[m[K = omp_get_wtime();
[11.292s]       |          [01;35m[K^~~~~~~~~~[m[K
[11.293s] In file included from [01m[K/home/aayush/newest_frenet_planner/src/frenet_planner_ported/src/../include/frenet_optimal_trajectory.hpp:6[m[K,
[11.293s]                  from [01m[K/home/aayush/newest_frenet_planner/src/frenet_planner_ported/src/frenet_planner.cpp:10[m[K:
[11.293s] [01m[K/home/aayush/newest_frenet_planner/src/frenet_planner_ported/src/../include/../include/frenet_class.hpp:129:81:[m[K [01;35m[Kwarning: [m[K‘[01m[Kgeometry_msgs::msg::PolygonStamped_<std::allocator<void> >::ConstPtr[m[K’ is deprecated [[01;35m[K-Wdeprecated-declarations[m[K]
[11.293s]   129 |     void footprint_callback(const geometry_msgs::msg::PolygonStamped::ConstPtr p[01;35m[K)[m[K
[11.294s]       |                                                                                 [01;35m[K^[m[K
[11.294s] In file included from [01m[K/opt/ros/foxy/include/geometry_msgs/msg/polygon_stamped.hpp:7[m[K,
[11.294s]                  from [01m[K/home/aayush/newest_frenet_planner/src/frenet_planner_ported/src/frenet_planner.cpp:6[m[K:
[11.295s] [01m[K/opt/ros/foxy/include/geometry_msgs/msg/detail/polygon_stamped__struct.hpp:114:5:[m[K [01;36m[Knote: [m[Kdeclared here
[11.295s]   114 |     [01;36m[KConstPtr[m[K;
[11.295s]       |     [01;36m[K^~~~~~~~[m[K
[11.295s] In file included from [01m[K/home/aayush/newest_frenet_planner/src/frenet_planner_ported/src/../include/frenet_optimal_trajectory.hpp:6[m[K,
[11.296s]                  from [01m[K/home/aayush/newest_frenet_planner/src/frenet_planner_ported/src/frenet_planner.cpp:10[m[K:
[11.296s] [01m[K/home/aayush/newest_frenet_planner/src/frenet_planner_ported/src/../include/../include/frenet_class.hpp:135:67:[m[K [01;35m[Kwarning: [m[K‘[01m[Knav_msgs::msg::Odometry_<std::allocator<void> >::ConstPtr[m[K’ is deprecated [[01;35m[K-Wdeprecated-declarations[m[K]
[11.296s]   135 |     void odom_callback(const nav_msgs::msg::Odometry::ConstPtr msg[01;35m[K)[m[K
[11.296s]       |                                                                   [01;35m[K^[m[K
[11.297s] In file included from [01m[K/opt/ros/foxy/include/nav_msgs/msg/odometry.hpp:7[m[K,
[11.297s]                  from [01m[K/home/aayush/newest_frenet_planner/src/frenet_planner_ported/src/frenet_planner.cpp:4[m[K:
[11.297s] [01m[K/opt/ros/foxy/include/nav_msgs/msg/detail/odometry__struct.hpp:145:5:[m[K [01;36m[Knote: [m[Kdeclared here
[11.297s]   145 |     [01;36m[KConstPtr[m[K;
[11.297s]       |     [01;36m[K^~~~~~~~[m[K
[11.298s] In file included from [01m[K/home/aayush/newest_frenet_planner/src/frenet_planner_ported/src/../include/frenet_optimal_trajectory.hpp:6[m[K,
[11.298s]                  from [01m[K/home/aayush/newest_frenet_planner/src/frenet_planner_ported/src/frenet_planner.cpp:10[m[K:
[11.298s] [01m[K/home/aayush/newest_frenet_planner/src/frenet_planner_ported/src/../include/../include/frenet_class.hpp:139:86:[m[K [01;35m[Kwarning: [m[K‘[01m[Knav_msgs::msg::OccupancyGrid_<std::allocator<void> >::ConstPtr[m[K’ is deprecated [[01;35m[K-Wdeprecated-declarations[m[K]
[11.298s]   139 |     void costmap_callback(const nav_msgs::msg::OccupancyGrid::ConstPtr occupancy_grid[01;35m[K)[m[K
[11.298s]       |                                                                                      [01;35m[K^[m[K
[11.299s] In file included from [01m[K/opt/ros/foxy/include/nav_msgs/msg/occupancy_grid.hpp:7[m[K,
[11.299s]                  from [01m[K/home/aayush/newest_frenet_planner/src/frenet_planner_ported/src/frenet_planner.cpp:5[m[K:
[11.299s] [01m[K/opt/ros/foxy/include/nav_msgs/msg/detail/occupancy_grid__struct.hpp:123:5:[m[K [01;36m[Knote: [m[Kdeclared here
[11.299s]   123 |     [01;36m[KConstPtr[m[K;
[11.306s]       |     [01;36m[K^~~~~~~~[m[K
[11.306s] [01m[K/home/aayush/newest_frenet_planner/src/frenet_planner_ported/src/frenet_ros_obst.cpp:188:10:[m[K [01;35m[Kwarning: [m[Kunused variable ‘[01m[KendTime1[m[K’ [[01;35m[K-Wunused-variable[m[K]
[11.307s]   188 |   double [01;35m[KendTime1[m[K = omp_get_wtime();
[11.307s]       |          [01;35m[K^~~~~~~~[m[K
[11.307s] [01m[K/home/aayush/newest_frenet_planner/src/frenet_planner_ported/src/frenet_ros_obst.cpp:260:10:[m[K [01;35m[Kwarning: [m[Kunused variable ‘[01m[KstartTime3[m[K’ [[01;35m[K-Wunused-variable[m[K]
[11.308s]   260 |   double [01;35m[KstartTime3[m[K = omp_get_wtime();
[11.308s]       |          [01;35m[K^~~~~~~~~~[m[K
[11.308s] [01m[K/home/aayush/newest_frenet_planner/src/frenet_planner_ported/src/frenet_ros_obst.cpp:262:10:[m[K [01;35m[Kwarning: [m[Kunused variable ‘[01m[KendTime3[m[K’ [[01;35m[K-Wunused-variable[m[K]
[11.309s]   262 |   double [01;35m[KendTime3[m[K = omp_get_wtime();
[11.309s]       |          [01;35m[K^~~~~~~~[m[K
[11.309s] [01m[K/home/aayush/newest_frenet_planner/src/frenet_planner_ported/src/frenet_ros_obst.cpp:130:7:[m[K [01;35m[Kwarning: [m[Kunused variable ‘[01m[KgotOdom[m[K’ [[01;35m[K-Wunused-variable[m[K]
[11.310s]   130 |  bool [01;35m[KgotOdom[m[K = false;
[11.310s]       |       [01;35m[K^~~~~~~[m[K
[11.310s] [01m[K/home/aayush/newest_frenet_planner/src/frenet_planner_ported/src/frenet_ros_obst.cpp:164:9:[m[K [01;35m[Kwarning: [m[Kunused variable ‘[01m[Kpltbasetime[m[K’ [[01;35m[K-Wunused-variable[m[K]
[11.310s]   164 |  double [01;35m[Kpltbasetime[m[K = omp_get_wtime();
[11.312s]       |         [01;35m[K^~~~~~~~~~~[m[K
[11.312s] [01m[K/home/aayush/newest_frenet_planner/src/frenet_planner_ported/src/frenet_ros_obst.cpp:166:6:[m[K [01;35m[Kwarning: [m[Kunused variable ‘[01m[Kiteration_count[m[K’ [[01;35m[K-Wunused-variable[m[K]
[11.312s]   166 |  int [01;35m[Kiteration_count[m[K = 1;
[11.312s]       |      [01;35m[K^~~~~~~~~~~~~~~[m[K
[11.454s] In file included from [01m[K/home/aayush/newest_frenet_planner/src/frenet_planner_ported/src/../include/frenet_optimal_trajectory.hpp:6[m[K,
[11.454s]                  from [01m[K/home/aayush/newest_frenet_planner/src/frenet_planner_ported/src/frenet_planner.cpp:10[m[K:
[11.454s] [01m[K/home/aayush/newest_frenet_planner/src/frenet_planner_ported/src/../include/../include/frenet_class.hpp:[m[K In member function ‘[01m[Kvoid FrenetClass::costmap_callback(nav_msgs::msg::OccupancyGrid_<std::allocator<void> >::ConstPtr)[m[K’:
[11.454s] [01m[K/home/aayush/newest_frenet_planner/src/frenet_planner_ported/src/../include/../include/frenet_class.hpp:169:22:[m[K [01;35m[Kwarning: [m[Kcomparison of integer expressions of different signedness: ‘[01m[Klong int[m[K’ and ‘[01m[Kstd::vector<std::pair<double, double> >::size_type[m[K’ {aka ‘[01m[Klong unsigned int[m[K’} [[01;35m[K-Wsign-compare[m[K]
[11.455s]   169 |   for (long i = 0; [01;35m[Ki < ob1.size()[m[K; i++)
[11.455s]       |                    [01;35m[K~~^~~~~~~~~~~~[m[K
[11.455s] [01m[K/home/aayush/newest_frenet_planner/src/frenet_planner_ported/src/../include/../include/frenet_class.hpp:149:13:[m[K [01;35m[Kwarning: [m[Kunused variable ‘[01m[KstartTime1[m[K’ [[01;35m[K-Wunused-variable[m[K]
[11.455s]   149 |      double [01;35m[KstartTime1[m[K = omp_get_wtime();
[11.455s]       |             [01;35m[K^~~~~~~~~~[m[K
[11.458s] In file included from [01m[K/home/aayush/newest_frenet_planner/src/frenet_planner_ported/src/frenet_planner.cpp:10[m[K:
[11.459s] [01m[K/home/aayush/newest_frenet_planner/src/frenet_planner_ported/src/../include/frenet_optimal_trajectory.hpp:[m[K In function ‘[01m[Kstd::ostream& operator<<(std::ostream&, const FrenetPath&)[m[K’:
[11.459s] [01m[K/home/aayush/newest_frenet_planner/src/frenet_planner_ported/src/../include/frenet_optimal_trajectory.hpp:80:20:[m[K [01;35m[Kwarning: [m[Kstatement has no effect [[01;35m[K-Wunused-value[m[K]
[11.459s]    80 | #define trace(...) [01;35m[K42[m[K
[11.459s]       |                    [01;35m[K^~[m[K
[11.460s] [01m[K/home/aayush/newest_frenet_planner/src/frenet_planner_ported/src/../include/frenet_optimal_trajectory.hpp:80:20:[m[K [01;36m[Knote: [m[Kin definition of macro ‘[01m[Ktrace[m[K’
[11.460s]    80 | #define trace(...) [01;36m[K42[m[K
[11.460s]       |                    [01;36m[K^~[m[K
[11.460s] [01m[K/home/aayush/newest_frenet_planner/src/frenet_planner_ported/src/../include/frenet_optimal_trajectory.hpp:80:20:[m[K [01;35m[Kwarning: [m[Kstatement has no effect [[01;35m[K-Wunused-value[m[K]
[11.460s]    80 | #define trace(...) [01;35m[K42[m[K
[11.461s]       |                    [01;35m[K^~[m[K
[11.461s] [01m[K/home/aayush/newest_frenet_planner/src/frenet_planner_ported/src/../include/frenet_optimal_trajectory.hpp:80:20:[m[K [01;36m[Knote: [m[Kin definition of macro ‘[01m[Ktrace[m[K’
[11.461s]    80 | #define trace(...) [01;36m[K42[m[K
[11.461s]       |                    [01;36m[K^~[m[K
[11.461s] [01m[K/home/aayush/newest_frenet_planner/src/frenet_planner_ported/src/../include/frenet_optimal_trajectory.hpp:80:20:[m[K [01;35m[Kwarning: [m[Kstatement has no effect [[01;35m[K-Wunused-value[m[K]
[11.462s]    80 | #define trace(...) [01;35m[K42[m[K
[11.462s]       |                    [01;35m[K^~[m[K
[11.462s] [01m[K/home/aayush/newest_frenet_planner/src/frenet_planner_ported/src/../include/frenet_optimal_trajectory.hpp:80:20:[m[K [01;36m[Knote: [m[Kin definition of macro ‘[01m[Ktrace[m[K’
[11.462s]    80 | #define trace(...) [01;36m[K42[m[K
[11.462s]       |                    [01;36m[K^~[m[K
[11.463s] [01m[K/home/aayush/newest_frenet_planner/src/frenet_planner_ported/src/../include/frenet_optimal_trajectory.hpp:80:20:[m[K [01;35m[Kwarning: [m[Kstatement has no effect [[01;35m[K-Wunused-value[m[K]
[11.463s]    80 | #define trace(...) [01;35m[K42[m[K
[11.463s]       |                    [01;35m[K^~[m[K
[11.464s] [01m[K/home/aayush/newest_frenet_planner/src/frenet_planner_ported/src/../include/frenet_optimal_trajectory.hpp:80:20:[m[K [01;36m[Knote: [m[Kin definition of macro ‘[01m[Ktrace[m[K’
[11.464s]    80 | #define trace(...) [01;36m[K42[m[K
[11.464s]       |                    [01;36m[K^~[m[K
[11.464s] [01m[K/home/aayush/newest_frenet_planner/src/frenet_planner_ported/src/../include/frenet_optimal_trajectory.hpp:80:20:[m[K [01;35m[Kwarning: [m[Kstatement has no effect [[01;35m[K-Wunused-value[m[K]
[11.464s]    80 | #define trace(...) [01;35m[K42[m[K
[11.465s]       |                    [01;35m[K^~[m[K
[11.465s] [01m[K/home/aayush/newest_frenet_planner/src/frenet_planner_ported/src/../include/frenet_optimal_trajectory.hpp:80:20:[m[K [01;36m[Knote: [m[Kin definition of macro ‘[01m[Ktrace[m[K’
[11.465s]    80 | #define trace(...) [01;36m[K42[m[K
[11.465s]       |                    [01;36m[K^~[m[K
[11.471s] [01m[K/home/aayush/newest_frenet_planner/src/frenet_planner_ported/src/../include/frenet_optimal_trajectory.hpp:80:20:[m[K [01;35m[Kwarning: [m[Kstatement has no effect [[01;35m[K-Wunused-value[m[K]
[11.472s]    80 | #define trace(...) [01;35m[K42[m[K
[11.472s]       |                    [01;35m[K^~[m[K
[11.473s] [01m[K/home/aayush/newest_frenet_planner/src/frenet_planner_ported/src/../include/frenet_optimal_trajectory.hpp:80:20:[m[K [01;36m[Knote: [m[Kin definition of macro ‘[01m[Ktrace[m[K’
[11.473s]    80 | #define trace(...) [01;36m[K42[m[K
[11.473s]       |                    [01;36m[K^~[m[K
[11.473s] [01m[K/home/aayush/newest_frenet_planner/src/frenet_planner_ported/src/../include/frenet_optimal_trajectory.hpp:80:20:[m[K [01;35m[Kwarning: [m[Kstatement has no effect [[01;35m[K-Wunused-value[m[K]
[11.474s]    80 | #define trace(...) [01;35m[K42[m[K
[11.474s]       |                    [01;35m[K^~[m[K
[11.474s] [01m[K/home/aayush/newest_frenet_planner/src/frenet_planner_ported/src/../include/frenet_optimal_trajectory.hpp:80:20:[m[K [01;36m[Knote: [m[Kin definition of macro ‘[01m[Ktrace[m[K’
[11.474s]    80 | #define trace(...) [01;36m[K42[m[K
[11.475s]       |                    [01;36m[K^~[m[K
[11.475s] [01m[K/home/aayush/newest_frenet_planner/src/frenet_planner_ported/src/../include/frenet_optimal_trajectory.hpp:80:20:[m[K [01;35m[Kwarning: [m[Kstatement has no effect [[01;35m[K-Wunused-value[m[K]
[11.475s]    80 | #define trace(...) [01;35m[K42[m[K
[11.475s]       |                    [01;35m[K^~[m[K
[11.476s] [01m[K/home/aayush/newest_frenet_planner/src/frenet_planner_ported/src/../include/frenet_optimal_trajectory.hpp:80:20:[m[K [01;36m[Knote: [m[Kin definition of macro ‘[01m[Ktrace[m[K’
[11.476s]    80 | #define trace(...) [01;36m[K42[m[K
[11.476s]       |                    [01;36m[K^~[m[K
[11.476s] [01m[K/home/aayush/newest_frenet_planner/src/frenet_planner_ported/src/../include/frenet_optimal_trajectory.hpp:80:20:[m[K [01;35m[Kwarning: [m[Kstatement has no effect [[01;35m[K-Wunused-value[m[K]
[11.477s]    80 | #define trace(...) [01;35m[K42[m[K
[11.477s]       |                    [01;35m[K^~[m[K
[11.477s] [01m[K/home/aayush/newest_frenet_planner/src/frenet_planner_ported/src/../include/frenet_optimal_trajectory.hpp:80:20:[m[K [01;36m[Knote: [m[Kin definition of macro ‘[01m[Ktrace[m[K’
[11.477s]    80 | #define trace(...) [01;36m[K42[m[K
[11.478s]       |                    [01;36m[K^~[m[K
[11.478s] [01m[K/home/aayush/newest_frenet_planner/src/frenet_planner_ported/src/../include/frenet_optimal_trajectory.hpp:80:20:[m[K [01;35m[Kwarning: [m[Kstatement has no effect [[01;35m[K-Wunused-value[m[K]
[11.478s]    80 | #define trace(...) [01;35m[K42[m[K
[11.479s]       |                    [01;35m[K^~[m[K
[11.479s] [01m[K/home/aayush/newest_frenet_planner/src/frenet_planner_ported/src/../include/frenet_optimal_trajectory.hpp:80:20:[m[K [01;36m[Knote: [m[Kin definition of macro ‘[01m[Ktrace[m[K’
[11.479s]    80 | #define trace(...) [01;36m[K42[m[K
[11.479s]       |                    [01;36m[K^~[m[K
[11.486s] [01m[K/home/aayush/newest_frenet_planner/src/frenet_planner_ported/src/../include/frenet_optimal_trajectory.hpp:80:20:[m[K [01;35m[Kwarning: [m[Kstatement has no effect [[01;35m[K-Wunused-value[m[K]
[11.486s]    80 | #define trace(...) [01;35m[K42[m[K
[11.487s]       |                    [01;35m[K^~[m[K
[11.487s] [01m[K/home/aayush/newest_frenet_planner/src/frenet_planner_ported/src/../include/frenet_optimal_trajectory.hpp:80:20:[m[K [01;36m[Knote: [m[Kin definition of macro ‘[01m[Ktrace[m[K’
[11.487s]    80 | #define trace(...) [01;36m[K42[m[K
[11.487s]       |                    [01;36m[K^~[m[K
[11.488s] [01m[K/home/aayush/newest_frenet_planner/src/frenet_planner_ported/src/../include/frenet_optimal_trajectory.hpp:80:20:[m[K [01;35m[Kwarning: [m[Kstatement has no effect [[01;35m[K-Wunused-value[m[K]
[11.488s]    80 | #define trace(...) [01;35m[K42[m[K
[11.488s]       |                    [01;35m[K^~[m[K
[11.488s] [01m[K/home/aayush/newest_frenet_planner/src/frenet_planner_ported/src/../include/frenet_optimal_trajectory.hpp:80:20:[m[K [01;36m[Knote: [m[Kin definition of macro ‘[01m[Ktrace[m[K’
[11.489s]    80 | #define trace(...) [01;36m[K42[m[K
[11.489s]       |                    [01;36m[K^~[m[K
[11.489s] [01m[K/home/aayush/newest_frenet_planner/src/frenet_planner_ported/src/../include/frenet_optimal_trajectory.hpp:80:20:[m[K [01;35m[Kwarning: [m[Kstatement has no effect [[01;35m[K-Wunused-value[m[K]
[11.490s]    80 | #define trace(...) [01;35m[K42[m[K
[11.490s]       |                    [01;35m[K^~[m[K
[11.490s] [01m[K/home/aayush/newest_frenet_planner/src/frenet_planner_ported/src/../include/frenet_optimal_trajectory.hpp:80:20:[m[K [01;36m[Knote: [m[Kin definition of macro ‘[01m[Ktrace[m[K’
[11.491s]    80 | #define trace(...) [01;36m[K42[m[K
[11.491s]       |                    [01;36m[K^~[m[K
[11.491s] [01m[K/home/aayush/newest_frenet_planner/src/frenet_planner_ported/src/../include/frenet_optimal_trajectory.hpp:81:59:[m[K [01;35m[Kwarning: [m[Kunused parameter ‘[01m[Kfp[m[K’ [[01;35m[K-Wunused-parameter[m[K]
[11.491s]    81 | inline ostream& operator<<(ostream& os, [01;35m[Kconst FrenetPath& fp[m[K)
[11.491s]       |                                         [01;35m[K~~~~~~~~~~~~~~~~~~^~[m[K
[11.492s] [01m[K/home/aayush/newest_frenet_planner/src/frenet_planner_ported/src/frenet_planner.cpp:[m[K In member function ‘[01m[Kvoid FrenetPath::calc_lon_paths_quintic_poly(double, double, double, double, double)[m[K’:
[11.492s] [01m[K/home/aayush/newest_frenet_planner/src/frenet_planner_ported/src/frenet_planner.cpp:69:91:[m[K [01;35m[Kwarning: [m[Kunused parameter ‘[01m[Kts[m[K’ [[01;35m[K-Wunused-parameter[m[K]
[11.492s]    69 | void FrenetPath::calc_lon_paths_quintic_poly(double c_speed, double s0, double Ti, [01;35m[Kdouble ts[m[K,
[11.492s]       |                                                                                    [01;35m[K~~~~~~~^~[m[K
[11.506s] [01m[K/home/aayush/newest_frenet_planner/src/frenet_planner_ported/src/frenet_planner.cpp:[m[K In member function ‘[01m[Kvoid FrenetPath::adding_global_path(Spline2D)[m[K’:
[11.506s] [01m[K/home/aayush/newest_frenet_planner/src/frenet_planner_ported/src/frenet_planner.cpp:198:9:[m[K [01;35m[Kwarning: [m[Kunused variable ‘[01m[KstartTime1[m[K’ [[01;35m[K-Wunused-variable[m[K]
[11.506s]   198 |  double [01;35m[KstartTime1[m[K = omp_get_wtime();
[11.506s]       |         [01;35m[K^~~~~~~~~~[m[K
[11.507s] [01m[K/home/aayush/newest_frenet_planner/src/frenet_planner_ported/src/frenet_planner.cpp:249:9:[m[K [01;35m[Kwarning: [m[Kunused variable ‘[01m[KendTime1[m[K’ [[01;35m[K-Wunused-variable[m[K]
[11.507s]   249 |  double [01;35m[KendTime1[m[K = omp_get_wtime();
[11.507s]       |         [01;35m[K^~~~~~~~[m[K
[11.512s] In file included from [01m[K/home/aayush/newest_frenet_planner/src/frenet_planner_ported/src/frenet_planner.cpp:10[m[K:
[11.512s] [01m[K/home/aayush/newest_frenet_planner/src/frenet_planner_ported/src/frenet_planner.cpp:[m[K In function ‘[01m[KFrenetPath frenet_optimal_planning(Spline2D, double, double, double, double, double, FrenetPath, double)[m[K’:
[11.513s] [01m[K/home/aayush/newest_frenet_planner/src/frenet_planner_ported/src/../include/frenet_optimal_trajectory.hpp:80:20:[m[K [01;35m[Kwarning: [m[Kstatement has no effect [[01;35m[K-Wunused-value[m[K]
[11.513s]    80 | #define trace(...) [01;35m[K42[m[K
[11.513s]       |                    [01;35m[K^~[m[K
[11.514s] [01m[K/home/aayush/newest_frenet_planner/src/frenet_planner_ported/src/../include/frenet_optimal_trajectory.hpp:80:20:[m[K [01;36m[Knote: [m[Kin definition of macro ‘[01m[Ktrace[m[K’
[11.514s]    80 | #define trace(...) [01;36m[K42[m[K
[11.514s]       |                    [01;36m[K^~[m[K
[11.514s] [01m[K/home/aayush/newest_frenet_planner/src/frenet_planner_ported/src/../include/frenet_optimal_trajectory.hpp:80:20:[m[K [01;35m[Kwarning: [m[Kstatement has no effect [[01;35m[K-Wunused-value[m[K]
[11.515s]    80 | #define trace(...) [01;35m[K42[m[K
[11.515s]       |                    [01;35m[K^~[m[K
[11.515s] [01m[K/home/aayush/newest_frenet_planner/src/frenet_planner_ported/src/../include/frenet_optimal_trajectory.hpp:80:20:[m[K [01;36m[Knote: [m[Kin definition of macro ‘[01m[Ktrace[m[K’
[11.515s]    80 | #define trace(...) [01;36m[K42[m[K
[11.516s]       |                    [01;36m[K^~[m[K
[11.516s] [01m[K/home/aayush/newest_frenet_planner/src/frenet_planner_ported/src/../include/frenet_optimal_trajectory.hpp:80:20:[m[K [01;35m[Kwarning: [m[Kstatement has no effect [[01;35m[K-Wunused-value[m[K]
[11.516s]    80 | #define trace(...) [01;35m[K42[m[K
[11.516s]       |                    [01;35m[K^~[m[K
[11.517s] [01m[K/home/aayush/newest_frenet_planner/src/frenet_planner_ported/src/../include/frenet_optimal_trajectory.hpp:80:20:[m[K [01;36m[Knote: [m[Kin definition of macro ‘[01m[Ktrace[m[K’
[11.517s]    80 | #define trace(...) [01;36m[K42[m[K
[11.517s]       |                    [01;36m[K^~[m[K
[11.517s] [01m[K/home/aayush/newest_frenet_planner/src/frenet_planner_ported/src/../include/frenet_optimal_trajectory.hpp:80:20:[m[K [01;35m[Kwarning: [m[Kstatement has no effect [[01;35m[K-Wunused-value[m[K]
[11.518s]    80 | #define trace(...) [01;35m[K42[m[K
[11.518s]       |                    [01;35m[K^~[m[K
[11.518s] [01m[K/home/aayush/newest_frenet_planner/src/frenet_planner_ported/src/../include/frenet_optimal_trajectory.hpp:80:20:[m[K [01;36m[Knote: [m[Kin definition of macro ‘[01m[Ktrace[m[K’
[11.518s]    80 | #define trace(...) [01;36m[K42[m[K
[11.518s]       |                    [01;36m[K^~[m[K
[11.519s] [01m[K/home/aayush/newest_frenet_planner/src/frenet_planner_ported/src/../include/frenet_optimal_trajectory.hpp:80:20:[m[K [01;35m[Kwarning: [m[Kstatement has no effect [[01;35m[K-Wunused-value[m[K]
[11.519s]    80 | #define trace(...) [01;35m[K42[m[K
[11.519s]       |                    [01;35m[K^~[m[K
[11.519s] [01m[K/home/aayush/newest_frenet_planner/src/frenet_planner_ported/src/../include/frenet_optimal_trajectory.hpp:80:20:[m[K [01;36m[Knote: [m[Kin definition of macro ‘[01m[Ktrace[m[K’
[11.519s]    80 | #define trace(...) [01;36m[K42[m[K
[11.520s]       |                    [01;36m[K^~[m[K
[39.011s] [ 60%] [32m[1mLinking CXX executable frenet_ros_obst[0m
[40.959s] /usr/bin/ld: CMakeFiles/frenet_ros_obst.dir/src/frenet_planner.cpp.o:(.bss+0x0): multiple definition of `cost_count'; CMakeFiles/frenet_ros_obst.dir/src/frenet_ros_obst.cpp.o:(.bss+0x0): first defined here
[40.959s] /usr/bin/ld: CMakeFiles/frenet_ros_obst.dir/src/frenet_planner.cpp.o:(.bss+0x8): multiple definition of `MAX_SPEED'; CMakeFiles/frenet_ros_obst.dir/src/frenet_ros_obst.cpp.o:(.bss+0x8): first defined here
[40.959s] /usr/bin/ld: CMakeFiles/frenet_ros_obst.dir/src/frenet_planner.cpp.o:(.bss+0x10): multiple definition of `MAX_ACCEL'; CMakeFiles/frenet_ros_obst.dir/src/frenet_ros_obst.cpp.o:(.bss+0x10): first defined here
[40.960s] /usr/bin/ld: CMakeFiles/frenet_ros_obst.dir/src/frenet_planner.cpp.o:(.bss+0x18): multiple definition of `MAX_CURVATURE'; CMakeFiles/frenet_ros_obst.dir/src/frenet_ros_obst.cpp.o:(.bss+0x18): first defined here
[40.960s] /usr/bin/ld: CMakeFiles/frenet_ros_obst.dir/src/frenet_planner.cpp.o:(.bss+0x20): multiple definition of `MAX_ROAD_WIDTH'; CMakeFiles/frenet_ros_obst.dir/src/frenet_ros_obst.cpp.o:(.bss+0x20): first defined here
[40.960s] /usr/bin/ld: CMakeFiles/frenet_ros_obst.dir/src/frenet_planner.cpp.o:(.bss+0x28): multiple definition of `D_ROAD_W'; CMakeFiles/frenet_ros_obst.dir/src/frenet_ros_obst.cpp.o:(.bss+0x28): first defined here
[40.961s] /usr/bin/ld: CMakeFiles/frenet_ros_obst.dir/src/frenet_planner.cpp.o:(.bss+0x30): multiple definition of `DT'; CMakeFiles/frenet_ros_obst.dir/src/frenet_ros_obst.cpp.o:(.bss+0x30): first defined here
[40.963s] /usr/bin/ld: CMakeFiles/frenet_ros_obst.dir/src/frenet_planner.cpp.o:(.bss+0x38): multiple definition of `MAXT'; CMakeFiles/frenet_ros_obst.dir/src/frenet_ros_obst.cpp.o:(.bss+0x38): first defined here
[40.963s] /usr/bin/ld: CMakeFiles/frenet_ros_obst.dir/src/frenet_planner.cpp.o:(.bss+0x40): multiple definition of `MINT'; CMakeFiles/frenet_ros_obst.dir/src/frenet_ros_obst.cpp.o:(.bss+0x40): first defined here
[40.966s] /usr/bin/ld: CMakeFiles/frenet_ros_obst.dir/src/frenet_planner.cpp.o:(.bss+0x48): multiple definition of `TARGET_SPEED'; CMakeFiles/frenet_ros_obst.dir/src/frenet_ros_obst.cpp.o:(.bss+0x48): first defined here
[40.966s] /usr/bin/ld: CMakeFiles/frenet_ros_obst.dir/src/frenet_planner.cpp.o:(.bss+0x50): multiple definition of `D_T_S'; CMakeFiles/frenet_ros_obst.dir/src/frenet_ros_obst.cpp.o:(.bss+0x50): first defined here
[40.966s] /usr/bin/ld: CMakeFiles/frenet_ros_obst.dir/src/frenet_planner.cpp.o:(.bss+0x58): multiple definition of `N_S_SAMPLE'; CMakeFiles/frenet_ros_obst.dir/src/frenet_ros_obst.cpp.o:(.bss+0x58): first defined here
[40.967s] /usr/bin/ld: CMakeFiles/frenet_ros_obst.dir/src/frenet_planner.cpp.o:(.bss+0x60): multiple definition of `ROBOT_RADIUS'; CMakeFiles/frenet_ros_obst.dir/src/frenet_ros_obst.cpp.o:(.bss+0x60): first defined here
[40.967s] /usr/bin/ld: CMakeFiles/frenet_ros_obst.dir/src/frenet_planner.cpp.o:(.bss+0x68): multiple definition of `MIN_LAT_VEL'; CMakeFiles/frenet_ros_obst.dir/src/frenet_ros_obst.cpp.o:(.bss+0x68): first defined here
[40.967s] /usr/bin/ld: CMakeFiles/frenet_ros_obst.dir/src/frenet_planner.cpp.o:(.bss+0x70): multiple definition of `MAX_LAT_VEL'; CMakeFiles/frenet_ros_obst.dir/src/frenet_ros_obst.cpp.o:(.bss+0x70): first defined here
[40.967s] /usr/bin/ld: CMakeFiles/frenet_ros_obst.dir/src/frenet_planner.cpp.o:(.bss+0x78): multiple definition of `D_D_NS'; CMakeFiles/frenet_ros_obst.dir/src/frenet_ros_obst.cpp.o:(.bss+0x78): first defined here
[40.967s] /usr/bin/ld: CMakeFiles/frenet_ros_obst.dir/src/frenet_planner.cpp.o:(.bss+0x80): multiple definition of `MAX_SHIFT_D'; CMakeFiles/frenet_ros_obst.dir/src/frenet_ros_obst.cpp.o:(.bss+0x80): first defined here
[40.968s] /usr/bin/ld: CMakeFiles/frenet_ros_obst.dir/src/frenet_planner.cpp.o:(.bss+0x88): multiple definition of `KJ'; CMakeFiles/frenet_ros_obst.dir/src/frenet_ros_obst.cpp.o:(.bss+0x88): first defined here
[40.968s] /usr/bin/ld: CMakeFiles/frenet_ros_obst.dir/src/frenet_planner.cpp.o:(.bss+0x90): multiple definition of `KT'; CMakeFiles/frenet_ros_obst.dir/src/frenet_ros_obst.cpp.o:(.bss+0x90): first defined here
[40.968s] /usr/bin/ld: CMakeFiles/frenet_ros_obst.dir/src/frenet_planner.cpp.o:(.bss+0x98): multiple definition of `KD'; CMakeFiles/frenet_ros_obst.dir/src/frenet_ros_obst.cpp.o:(.bss+0x98): first defined here
[40.968s] /usr/bin/ld: CMakeFiles/frenet_ros_obst.dir/src/frenet_planner.cpp.o:(.bss+0xa0): multiple definition of `KD_V'; CMakeFiles/frenet_ros_obst.dir/src/frenet_ros_obst.cpp.o:(.bss+0xa0): first defined here
[40.968s] /usr/bin/ld: CMakeFiles/frenet_ros_obst.dir/src/frenet_planner.cpp.o:(.bss+0xa8): multiple definition of `KLAT'; CMakeFiles/frenet_ros_obst.dir/src/frenet_ros_obst.cpp.o:(.bss+0xa8): first defined here
[40.969s] /usr/bin/ld: CMakeFiles/frenet_ros_obst.dir/src/frenet_planner.cpp.o:(.bss+0xb0): multiple definition of `KLON'; CMakeFiles/frenet_ros_obst.dir/src/frenet_ros_obst.cpp.o:(.bss+0xb0): first defined here
[40.969s] /usr/bin/ld: CMakeFiles/frenet_ros_obst.dir/src/frenet_planner.cpp.o:(.bss+0xb8): multiple definition of `STOP_CAR'; CMakeFiles/frenet_ros_obst.dir/src/frenet_ros_obst.cpp.o:(.bss+0xb8): first defined here
[40.969s] /usr/bin/ld: CMakeFiles/frenet_ros_obst.dir/src/frenet_planner.cpp.o:(.bss+0xc0): multiple definition of `s_dest'; CMakeFiles/frenet_ros_obst.dir/src/frenet_ros_obst.cpp.o:(.bss+0xc0): first defined here
[40.969s] /usr/bin/ld: CMakeFiles/frenet_ros_obst.dir/src/frenet_planner.cpp.o:(.bss+0xd0): multiple definition of `W_X'; CMakeFiles/frenet_ros_obst.dir/src/frenet_ros_obst.cpp.o:(.bss+0xd0): first defined here
[40.970s] /usr/bin/ld: CMakeFiles/frenet_ros_obst.dir/src/frenet_planner.cpp.o:(.bss+0xf0): multiple definition of `W_Y'; CMakeFiles/frenet_ros_obst.dir/src/frenet_ros_obst.cpp.o:(.bss+0xf0): first defined here
[40.973s] /usr/bin/ld: CMakeFiles/frenet_ros_obst.dir/src/frenet_planner.cpp.o:(.bss+0x120): multiple definition of `odom'; CMakeFiles/frenet_ros_obst.dir/src/frenet_ros_obst.cpp.o:(.bss+0x120): first defined here
[40.976s] /usr/bin/ld: CMakeFiles/frenet_ros_obst.dir/src/frenet_planner.cpp.o:(.bss+0x420): multiple definition of `cmap'; CMakeFiles/frenet_ros_obst.dir/src/frenet_ros_obst.cpp.o:(.bss+0x420): first defined here
[40.977s] /usr/bin/ld: CMakeFiles/frenet_ros_obst.dir/src/frenet_planner.cpp.o:(.bss+0x4c0): multiple definition of `footprint'; CMakeFiles/frenet_ros_obst.dir/src/frenet_ros_obst.cpp.o:(.bss+0x4c0): first defined here
[40.977s] /usr/bin/ld: CMakeFiles/frenet_ros_obst.dir/src/frenet_planner.cpp.o:(.bss+0x500): multiple definition of `ob_x'; CMakeFiles/frenet_ros_obst.dir/src/frenet_ros_obst.cpp.o:(.bss+0x500): first defined here
[40.977s] /usr/bin/ld: CMakeFiles/frenet_ros_obst.dir/src/frenet_planner.cpp.o:(.bss+0x520): multiple definition of `ob_y'; CMakeFiles/frenet_ros_obst.dir/src/frenet_ros_obst.cpp.o:(.bss+0x520): first defined here
[40.977s] collect2: error: ld returned 1 exit status
[40.977s] make[2]: *** [CMakeFiles/frenet_ros_obst.dir/build.make:187: frenet_ros_obst] Error 1
[40.978s] make[1]: *** [CMakeFiles/Makefile2:78: CMakeFiles/frenet_ros_obst.dir/all] Error 2
[40.978s] make: *** [Makefile:141: all] Error 2
[40.978s] Invoked command in '/home/aayush/newest_frenet_planner/build/frenet_planner_ported' returned '2': CMAKE_PREFIX_PATH=${CMAKE_PREFIX_PATH}:/home/aayush/newest_frenet_planner/install/dummy:/opt/ros/foxy /usr/bin/cmake --build /home/aayush/newest_frenet_planner/build/frenet_planner_ported -- -j2 -l2
