[0.856s] Invoking command in '/home/aayush/newest_frenet_planner/build/frenet_planner_ported': CMAKE_PREFIX_PATH=${CMAKE_PREFIX_PATH}:/home/aayush/newest_frenet_planner/install/dummy:/opt/ros/foxy /usr/bin/cmake --build /home/aayush/newest_frenet_planner/build/frenet_planner_ported -- -j2 -l2
[1.014s] [35m[1mScanning dependencies of target frenet_ros_obst[0m
[1.289s] [ 20%] [32mBuilding CXX object CMakeFiles/frenet_ros_obst.dir/src/frenet_ros_obst.cpp.o[0m
[1.303s] [ 40%] [32mBuilding CXX object CMakeFiles/frenet_ros_obst.dir/src/frenet_planner.cpp.o[0m
[7.877s] In file included from [01m[K/home/aayush/newest_frenet_planner/src/frenet_planner_ported/src/../include/frenet_class.hpp:11[m[K,
[7.877s]                  from [01m[K/home/aayush/newest_frenet_planner/src/frenet_planner_ported/src/frenet_ros_obst.cpp:1[m[K:
[7.878s] [01m[K/home/aayush/newest_frenet_planner/src/frenet_planner_ported/./include/matplotlibcpp.hpp:314:36:[m[K [01;35m[Kwarning: [m[Kstatic_assert without a message only available with ‘[01m[K-std=c++17[m[K’ or ‘[01m[K-std=gnu++17[m[K’ [[01;35m[K-Wpedantic[m[K]
[7.878s]   314 | static_assert(sizeof(long long) == [01;35m[K8[m[K);
[7.878s]       |                                    [01;35m[K^[m[K
[7.878s] [01m[K/home/aayush/newest_frenet_planner/src/frenet_planner_ported/./include/matplotlibcpp.hpp:316:45:[m[K [01;35m[Kwarning: [m[Kstatic_assert without a message only available with ‘[01m[K-std=c++17[m[K’ or ‘[01m[K-std=gnu++17[m[K’ [[01;35m[K-Wpedantic[m[K]
[7.879s]   316 | static_assert(sizeof(unsigned long long) == [01;35m[K8[m[K);
[7.879s]       |                                             [01;35m[K^[m[K
[8.002s] In file included from [01m[K/home/aayush/newest_frenet_planner/src/frenet_planner_ported/src/frenet_planner.cpp:8[m[K:
[8.002s] [01m[K/home/aayush/newest_frenet_planner/src/frenet_planner_ported/./include/matplotlibcpp.hpp:314:36:[m[K [01;35m[Kwarning: [m[Kstatic_assert without a message only available with ‘[01m[K-std=c++17[m[K’ or ‘[01m[K-std=gnu++17[m[K’ [[01;35m[K-Wpedantic[m[K]
[8.002s]   314 | static_assert(sizeof(long long) == [01;35m[K8[m[K);
[8.002s]       |                                    [01;35m[K^[m[K
[8.003s] [01m[K/home/aayush/newest_frenet_planner/src/frenet_planner_ported/./include/matplotlibcpp.hpp:316:45:[m[K [01;35m[Kwarning: [m[Kstatic_assert without a message only available with ‘[01m[K-std=c++17[m[K’ or ‘[01m[K-std=gnu++17[m[K’ [[01;35m[K-Wpedantic[m[K]
[8.003s]   316 | static_assert(sizeof(unsigned long long) == [01;35m[K8[m[K);
[8.003s]       |                                             [01;35m[K^[m[K
[10.983s] In file included from [01m[K/home/aayush/newest_frenet_planner/src/frenet_planner_ported/src/../include/frenet_optimal_trajectory.hpp:6[m[K,
[10.983s]                  from [01m[K/home/aayush/newest_frenet_planner/src/frenet_planner_ported/src/frenet_planner.cpp:10[m[K:
[10.984s] [01m[K/home/aayush/newest_frenet_planner/src/frenet_planner_ported/src/../include/../include/frenet_class.hpp:129:81:[m[K [01;35m[Kwarning: [m[K‘[01m[Kgeometry_msgs::msg::PolygonStamped_<std::allocator<void> >::ConstPtr[m[K’ is deprecated [[01;35m[K-Wdeprecated-declarations[m[K]
[10.984s]   129 |     void footprint_callback(const geometry_msgs::msg::PolygonStamped::ConstPtr p[01;35m[K)[m[K
[10.984s]       |                                                                                 [01;35m[K^[m[K
[10.985s] In file included from [01m[K/opt/ros/foxy/include/geometry_msgs/msg/polygon_stamped.hpp:7[m[K,
[10.985s]                  from [01m[K/home/aayush/newest_frenet_planner/src/frenet_planner_ported/src/frenet_planner.cpp:6[m[K:
[10.985s] [01m[K/opt/ros/foxy/include/geometry_msgs/msg/detail/polygon_stamped__struct.hpp:114:5:[m[K [01;36m[Knote: [m[Kdeclared here
[10.985s]   114 |     [01;36m[KConstPtr[m[K;
[10.985s]       |     [01;36m[K^~~~~~~~[m[K
[10.986s] In file included from [01m[K/home/aayush/newest_frenet_planner/src/frenet_planner_ported/src/../include/frenet_optimal_trajectory.hpp:6[m[K,
[10.986s]                  from [01m[K/home/aayush/newest_frenet_planner/src/frenet_planner_ported/src/frenet_planner.cpp:10[m[K:
[10.986s] [01m[K/home/aayush/newest_frenet_planner/src/frenet_planner_ported/src/../include/../include/frenet_class.hpp:135:67:[m[K [01;35m[Kwarning: [m[K‘[01m[Knav_msgs::msg::Odometry_<std::allocator<void> >::ConstPtr[m[K’ is deprecated [[01;35m[K-Wdeprecated-declarations[m[K]
[10.987s]   135 |     void odom_callback(const nav_msgs::msg::Odometry::ConstPtr msg[01;35m[K)[m[K
[10.987s]       |                                                                   [01;35m[K^[m[K
[10.987s] In file included from [01m[K/opt/ros/foxy/include/nav_msgs/msg/odometry.hpp:7[m[K,
[10.988s]                  from [01m[K/home/aayush/newest_frenet_planner/src/frenet_planner_ported/src/frenet_planner.cpp:4[m[K:
[10.988s] [01m[K/opt/ros/foxy/include/nav_msgs/msg/detail/odometry__struct.hpp:145:5:[m[K [01;36m[Knote: [m[Kdeclared here
[10.988s]   145 |     [01;36m[KConstPtr[m[K;
[10.988s]       |     [01;36m[K^~~~~~~~[m[K
[10.989s] In file included from [01m[K/home/aayush/newest_frenet_planner/src/frenet_planner_ported/src/../include/frenet_optimal_trajectory.hpp:6[m[K,
[10.989s]                  from [01m[K/home/aayush/newest_frenet_planner/src/frenet_planner_ported/src/frenet_planner.cpp:10[m[K:
[10.990s] [01m[K/home/aayush/newest_frenet_planner/src/frenet_planner_ported/src/../include/../include/frenet_class.hpp:139:86:[m[K [01;35m[Kwarning: [m[K‘[01m[Knav_msgs::msg::OccupancyGrid_<std::allocator<void> >::ConstPtr[m[K’ is deprecated [[01;35m[K-Wdeprecated-declarations[m[K]
[10.990s]   139 |     void costmap_callback(const nav_msgs::msg::OccupancyGrid::ConstPtr occupancy_grid[01;35m[K)[m[K
[10.990s]       |                                                                                      [01;35m[K^[m[K
[10.990s] In file included from [01m[K/opt/ros/foxy/include/nav_msgs/msg/occupancy_grid.hpp:7[m[K,
[10.990s]                  from [01m[K/home/aayush/newest_frenet_planner/src/frenet_planner_ported/src/frenet_planner.cpp:5[m[K:
[10.991s] [01m[K/opt/ros/foxy/include/nav_msgs/msg/detail/occupancy_grid__struct.hpp:123:5:[m[K [01;36m[Knote: [m[Kdeclared here
[10.991s]   123 |     [01;36m[KConstPtr[m[K;
[10.991s]       |     [01;36m[K^~~~~~~~[m[K
[11.153s] In file included from [01m[K/home/aayush/newest_frenet_planner/src/frenet_planner_ported/src/../include/frenet_optimal_trajectory.hpp:6[m[K,
[11.153s]                  from [01m[K/home/aayush/newest_frenet_planner/src/frenet_planner_ported/src/frenet_planner.cpp:10[m[K:
[11.153s] [01m[K/home/aayush/newest_frenet_planner/src/frenet_planner_ported/src/../include/../include/frenet_class.hpp:[m[K In member function ‘[01m[Kvoid FrenetClass::costmap_callback(nav_msgs::msg::OccupancyGrid_<std::allocator<void> >::ConstPtr)[m[K’:
[11.153s] [01m[K/home/aayush/newest_frenet_planner/src/frenet_planner_ported/src/../include/../include/frenet_class.hpp:169:22:[m[K [01;35m[Kwarning: [m[Kcomparison of integer expressions of different signedness: ‘[01m[Klong int[m[K’ and ‘[01m[Kstd::vector<std::pair<double, double> >::size_type[m[K’ {aka ‘[01m[Klong unsigned int[m[K’} [[01;35m[K-Wsign-compare[m[K]
[11.154s]   169 |   for (long i = 0; [01;35m[Ki < ob1.size()[m[K; i++)
[11.154s]       |                    [01;35m[K~~^~~~~~~~~~~~[m[K
[11.154s] [01m[K/home/aayush/newest_frenet_planner/src/frenet_planner_ported/src/../include/../include/frenet_class.hpp:149:13:[m[K [01;35m[Kwarning: [m[Kunused variable ‘[01m[KstartTime1[m[K’ [[01;35m[K-Wunused-variable[m[K]
[11.155s]   149 |      double [01;35m[KstartTime1[m[K = omp_get_wtime();
[11.155s]       |             [01;35m[K^~~~~~~~~~[m[K
[11.159s] In file included from [01m[K/home/aayush/newest_frenet_planner/src/frenet_planner_ported/src/frenet_planner.cpp:10[m[K:
[11.160s] [01m[K/home/aayush/newest_frenet_planner/src/frenet_planner_ported/src/../include/frenet_optimal_trajectory.hpp:[m[K In function ‘[01m[Kstd::ostream& operator<<(std::ostream&, const FrenetPath&)[m[K’:
[11.160s] [01m[K/home/aayush/newest_frenet_planner/src/frenet_planner_ported/src/../include/frenet_optimal_trajectory.hpp:80:20:[m[K [01;35m[Kwarning: [m[Kstatement has no effect [[01;35m[K-Wunused-value[m[K]
[11.160s]    80 | #define trace(...) [01;35m[K42[m[K
[11.160s]       |                    [01;35m[K^~[m[K
[11.160s] [01m[K/home/aayush/newest_frenet_planner/src/frenet_planner_ported/src/../include/frenet_optimal_trajectory.hpp:80:20:[m[K [01;36m[Knote: [m[Kin definition of macro ‘[01m[Ktrace[m[K’
[11.161s]    80 | #define trace(...) [01;36m[K42[m[K
[11.161s]       |                    [01;36m[K^~[m[K
[11.161s] [01m[K/home/aayush/newest_frenet_planner/src/frenet_planner_ported/src/../include/frenet_optimal_trajectory.hpp:80:20:[m[K [01;35m[Kwarning: [m[Kstatement has no effect [[01;35m[K-Wunused-value[m[K]
[11.162s]    80 | #define trace(...) [01;35m[K42[m[K
[11.163s]       |                    [01;35m[K^~[m[K
[11.164s] [01m[K/home/aayush/newest_frenet_planner/src/frenet_planner_ported/src/../include/frenet_optimal_trajectory.hpp:80:20:[m[K [01;36m[Knote: [m[Kin definition of macro ‘[01m[Ktrace[m[K’
[11.165s]    80 | #define trace(...) [01;36m[K42[m[K
[11.165s]       |                    [01;36m[K^~[m[K
[11.165s] [01m[K/home/aayush/newest_frenet_planner/src/frenet_planner_ported/src/../include/frenet_optimal_trajectory.hpp:80:20:[m[K [01;35m[Kwarning: [m[Kstatement has no effect [[01;35m[K-Wunused-value[m[K]
[11.166s]    80 | #define trace(...) [01;35m[K42[m[K
[11.166s]       |                    [01;35m[K^~[m[K
[11.166s] [01m[K/home/aayush/newest_frenet_planner/src/frenet_planner_ported/src/../include/frenet_optimal_trajectory.hpp:80:20:[m[K [01;36m[Knote: [m[Kin definition of macro ‘[01m[Ktrace[m[K’
[11.166s]    80 | #define trace(...) [01;36m[K42[m[K
[11.166s]       |                    [01;36m[K^~[m[K
[11.167s] [01m[K/home/aayush/newest_frenet_planner/src/frenet_planner_ported/src/../include/frenet_optimal_trajectory.hpp:80:20:[m[K [01;35m[Kwarning: [m[Kstatement has no effect [[01;35m[K-Wunused-value[m[K]
[11.167s]    80 | #define trace(...) [01;35m[K42[m[K
[11.167s]       |                    [01;35m[K^~[m[K
[11.167s] [01m[K/home/aayush/newest_frenet_planner/src/frenet_planner_ported/src/../include/frenet_optimal_trajectory.hpp:80:20:[m[K [01;36m[Knote: [m[Kin definition of macro ‘[01m[Ktrace[m[K’
[11.168s]    80 | #define trace(...) [01;36m[K42[m[K
[11.168s]       |                    [01;36m[K^~[m[K
[11.168s] [01m[K/home/aayush/newest_frenet_planner/src/frenet_planner_ported/src/../include/frenet_optimal_trajectory.hpp:80:20:[m[K [01;35m[Kwarning: [m[Kstatement has no effect [[01;35m[K-Wunused-value[m[K]
[11.169s]    80 | #define trace(...) [01;35m[K42[m[K
[11.170s]       |                    [01;35m[K^~[m[K
[11.170s] [01m[K/home/aayush/newest_frenet_planner/src/frenet_planner_ported/src/../include/frenet_optimal_trajectory.hpp:80:20:[m[K [01;36m[Knote: [m[Kin definition of macro ‘[01m[Ktrace[m[K’
[11.171s]    80 | #define trace(...) [01;36m[K42[m[K
[11.172s]       |                    [01;36m[K^~[m[K
[11.172s] [01m[K/home/aayush/newest_frenet_planner/src/frenet_planner_ported/src/../include/frenet_optimal_trajectory.hpp:80:20:[m[K [01;35m[Kwarning: [m[Kstatement has no effect [[01;35m[K-Wunused-value[m[K]
[11.172s]    80 | #define trace(...) [01;35m[K42[m[K
[11.173s]       |                    [01;35m[K^~[m[K
[11.173s] [01m[K/home/aayush/newest_frenet_planner/src/frenet_planner_ported/src/../include/frenet_optimal_trajectory.hpp:80:20:[m[K [01;36m[Knote: [m[Kin definition of macro ‘[01m[Ktrace[m[K’
[11.173s]    80 | #define trace(...) [01;36m[K42[m[K
[11.173s]       |                    [01;36m[K^~[m[K
[11.174s] [01m[K/home/aayush/newest_frenet_planner/src/frenet_planner_ported/src/../include/frenet_optimal_trajectory.hpp:80:20:[m[K [01;35m[Kwarning: [m[Kstatement has no effect [[01;35m[K-Wunused-value[m[K]
[11.174s]    80 | #define trace(...) [01;35m[K42[m[K
[11.174s]       |                    [01;35m[K^~[m[K
[11.174s] [01m[K/home/aayush/newest_frenet_planner/src/frenet_planner_ported/src/../include/frenet_optimal_trajectory.hpp:80:20:[m[K [01;36m[Knote: [m[Kin definition of macro ‘[01m[Ktrace[m[K’
[11.175s]    80 | #define trace(...) [01;36m[K42[m[K
[11.175s]       |                    [01;36m[K^~[m[K
[11.182s] [01m[K/home/aayush/newest_frenet_planner/src/frenet_planner_ported/src/../include/frenet_optimal_trajectory.hpp:80:20:[m[K [01;35m[Kwarning: [m[Kstatement has no effect [[01;35m[K-Wunused-value[m[K]
[11.182s]    80 | #define trace(...) [01;35m[K42[m[K
[11.183s]       |                    [01;35m[K^~[m[K
[11.183s] [01m[K/home/aayush/newest_frenet_planner/src/frenet_planner_ported/src/../include/frenet_optimal_trajectory.hpp:80:20:[m[K [01;36m[Knote: [m[Kin definition of macro ‘[01m[Ktrace[m[K’
[11.184s]    80 | #define trace(...) [01;36m[K42[m[K
[11.184s]       |                    [01;36m[K^~[m[K
[11.184s] [01m[K/home/aayush/newest_frenet_planner/src/frenet_planner_ported/src/../include/frenet_optimal_trajectory.hpp:80:20:[m[K [01;35m[Kwarning: [m[Kstatement has no effect [[01;35m[K-Wunused-value[m[K]
[11.184s]    80 | #define trace(...) [01;35m[K42[m[K
[11.184s]       |                    [01;35m[K^~[m[K
[11.185s] [01m[K/home/aayush/newest_frenet_planner/src/frenet_planner_ported/src/../include/frenet_optimal_trajectory.hpp:80:20:[m[K [01;36m[Knote: [m[Kin definition of macro ‘[01m[Ktrace[m[K’
[11.185s]    80 | #define trace(...) [01;36m[K42[m[K
[11.185s]       |                    [01;36m[K^~[m[K
[11.185s] [01m[K/home/aayush/newest_frenet_planner/src/frenet_planner_ported/src/../include/frenet_optimal_trajectory.hpp:80:20:[m[K [01;35m[Kwarning: [m[Kstatement has no effect [[01;35m[K-Wunused-value[m[K]
[11.185s]    80 | #define trace(...) [01;35m[K42[m[K
[11.186s]       |                    [01;35m[K^~[m[K
[11.186s] [01m[K/home/aayush/newest_frenet_planner/src/frenet_planner_ported/src/../include/frenet_optimal_trajectory.hpp:80:20:[m[K [01;36m[Knote: [m[Kin definition of macro ‘[01m[Ktrace[m[K’
[11.186s]    80 | #define trace(...) [01;36m[K42[m[K
[11.186s]       |                    [01;36m[K^~[m[K
[11.186s] [01m[K/home/aayush/newest_frenet_planner/src/frenet_planner_ported/src/../include/frenet_optimal_trajectory.hpp:80:20:[m[K [01;35m[Kwarning: [m[Kstatement has no effect [[01;35m[K-Wunused-value[m[K]
[11.187s]    80 | #define trace(...) [01;35m[K42[m[K
[11.187s]       |                    [01;35m[K^~[m[K
[11.187s] [01m[K/home/aayush/newest_frenet_planner/src/frenet_planner_ported/src/../include/frenet_optimal_trajectory.hpp:80:20:[m[K [01;36m[Knote: [m[Kin definition of macro ‘[01m[Ktrace[m[K’
[11.191s]    80 | #define trace(...) [01;36m[K42[m[K
[11.192s]       |                    [01;36m[K^~[m[K
[11.192s] [01m[K/home/aayush/newest_frenet_planner/src/frenet_planner_ported/src/../include/frenet_optimal_trajectory.hpp:80:20:[m[K [01;35m[Kwarning: [m[Kstatement has no effect [[01;35m[K-Wunused-value[m[K]
[11.192s]    80 | #define trace(...) [01;35m[K42[m[K
[11.192s]       |                    [01;35m[K^~[m[K
[11.192s] [01m[K/home/aayush/newest_frenet_planner/src/frenet_planner_ported/src/../include/frenet_optimal_trajectory.hpp:80:20:[m[K [01;36m[Knote: [m[Kin definition of macro ‘[01m[Ktrace[m[K’
[11.193s]    80 | #define trace(...) [01;36m[K42[m[K
[11.193s]       |                    [01;36m[K^~[m[K
[11.193s] [01m[K/home/aayush/newest_frenet_planner/src/frenet_planner_ported/src/../include/frenet_optimal_trajectory.hpp:80:20:[m[K [01;35m[Kwarning: [m[Kstatement has no effect [[01;35m[K-Wunused-value[m[K]
[11.193s]    80 | #define trace(...) [01;35m[K42[m[K
[11.193s]       |                    [01;35m[K^~[m[K
[11.194s] [01m[K/home/aayush/newest_frenet_planner/src/frenet_planner_ported/src/../include/frenet_optimal_trajectory.hpp:80:20:[m[K [01;36m[Knote: [m[Kin definition of macro ‘[01m[Ktrace[m[K’
[11.194s]    80 | #define trace(...) [01;36m[K42[m[K
[11.194s]       |                    [01;36m[K^~[m[K
[11.194s] [01m[K/home/aayush/newest_frenet_planner/src/frenet_planner_ported/src/../include/frenet_optimal_trajectory.hpp:81:59:[m[K [01;35m[Kwarning: [m[Kunused parameter ‘[01m[Kfp[m[K’ [[01;35m[K-Wunused-parameter[m[K]
[11.194s]    81 | inline ostream& operator<<(ostream& os, [01;35m[Kconst FrenetPath& fp[m[K)
[11.195s]       |                                         [01;35m[K~~~~~~~~~~~~~~~~~~^~[m[K
[11.195s] [01m[K/home/aayush/newest_frenet_planner/src/frenet_planner_ported/src/frenet_planner.cpp:[m[K In member function ‘[01m[Kvoid FrenetPath::calc_lon_paths_quintic_poly(double, double, double, double, double)[m[K’:
[11.195s] [01m[K/home/aayush/newest_frenet_planner/src/frenet_planner_ported/src/frenet_planner.cpp:69:91:[m[K [01;35m[Kwarning: [m[Kunused parameter ‘[01m[Kts[m[K’ [[01;35m[K-Wunused-parameter[m[K]
[11.195s]    69 | void FrenetPath::calc_lon_paths_quintic_poly(double c_speed, double s0, double Ti, [01;35m[Kdouble ts[m[K,
[11.200s]       |                                                                                    [01;35m[K~~~~~~~^~[m[K
[11.205s] [01m[K/home/aayush/newest_frenet_planner/src/frenet_planner_ported/src/frenet_planner.cpp:[m[K In member function ‘[01m[Kvoid FrenetPath::adding_global_path(Spline2D)[m[K’:
[11.205s] [01m[K/home/aayush/newest_frenet_planner/src/frenet_planner_ported/src/frenet_planner.cpp:198:9:[m[K [01;35m[Kwarning: [m[Kunused variable ‘[01m[KstartTime1[m[K’ [[01;35m[K-Wunused-variable[m[K]
[11.205s]   198 |  double [01;35m[KstartTime1[m[K = omp_get_wtime();
[11.205s]       |         [01;35m[K^~~~~~~~~~[m[K
[11.206s] [01m[K/home/aayush/newest_frenet_planner/src/frenet_planner_ported/src/frenet_planner.cpp:249:9:[m[K [01;35m[Kwarning: [m[Kunused variable ‘[01m[KendTime1[m[K’ [[01;35m[K-Wunused-variable[m[K]
[11.206s]   249 |  double [01;35m[KendTime1[m[K = omp_get_wtime();
[11.206s]       |         [01;35m[K^~~~~~~~[m[K
[11.222s] In file included from [01m[K/home/aayush/newest_frenet_planner/src/frenet_planner_ported/src/frenet_planner.cpp:10[m[K:
[11.222s] [01m[K/home/aayush/newest_frenet_planner/src/frenet_planner_ported/src/frenet_planner.cpp:[m[K In function ‘[01m[KFrenetPath frenet_optimal_planning(Spline2D, double, double, double, double, double, FrenetPath, double)[m[K’:
[11.223s] [01m[K/home/aayush/newest_frenet_planner/src/frenet_planner_ported/src/../include/frenet_optimal_trajectory.hpp:80:20:[m[K [01;35m[Kwarning: [m[Kstatement has no effect [[01;35m[K-Wunused-value[m[K]
[11.223s]    80 | #define trace(...) [01;35m[K42[m[K
[11.223s]       |                    [01;35m[K^~[m[K
[11.223s] [01m[K/home/aayush/newest_frenet_planner/src/frenet_planner_ported/src/../include/frenet_optimal_trajectory.hpp:80:20:[m[K [01;36m[Knote: [m[Kin definition of macro ‘[01m[Ktrace[m[K’
[11.223s]    80 | #define trace(...) [01;36m[K42[m[K
[11.224s]       |                    [01;36m[K^~[m[K
[11.224s] [01m[K/home/aayush/newest_frenet_planner/src/frenet_planner_ported/src/../include/frenet_optimal_trajectory.hpp:80:20:[m[K [01;35m[Kwarning: [m[Kstatement has no effect [[01;35m[K-Wunused-value[m[K]
[11.224s]    80 | #define trace(...) [01;35m[K42[m[K
[11.224s]       |                    [01;35m[K^~[m[K
[11.225s] [01m[K/home/aayush/newest_frenet_planner/src/frenet_planner_ported/src/../include/frenet_optimal_trajectory.hpp:80:20:[m[K [01;36m[Knote: [m[Kin definition of macro ‘[01m[Ktrace[m[K’
[11.225s]    80 | #define trace(...) [01;36m[K42[m[K
[11.225s]       |                    [01;36m[K^~[m[K
[11.225s] [01m[K/home/aayush/newest_frenet_planner/src/frenet_planner_ported/src/../include/frenet_optimal_trajectory.hpp:80:20:[m[K [01;35m[Kwarning: [m[Kstatement has no effect [[01;35m[K-Wunused-value[m[K]
[11.226s]    80 | #define trace(...) [01;35m[K42[m[K
[11.226s]       |                    [01;35m[K^~[m[K
[11.226s] [01m[K/home/aayush/newest_frenet_planner/src/frenet_planner_ported/src/../include/frenet_optimal_trajectory.hpp:80:20:[m[K [01;36m[Knote: [m[Kin definition of macro ‘[01m[Ktrace[m[K’
[11.226s]    80 | #define trace(...) [01;36m[K42[m[K
[11.227s]       |                    [01;36m[K^~[m[K
[11.227s] [01m[K/home/aayush/newest_frenet_planner/src/frenet_planner_ported/src/../include/frenet_optimal_trajectory.hpp:80:20:[m[K [01;35m[Kwarning: [m[Kstatement has no effect [[01;35m[K-Wunused-value[m[K]
[11.227s]    80 | #define trace(...) [01;35m[K42[m[K
[11.227s]       |                    [01;35m[K^~[m[K
[11.228s] [01m[K/home/aayush/newest_frenet_planner/src/frenet_planner_ported/src/../include/frenet_optimal_trajectory.hpp:80:20:[m[K [01;36m[Knote: [m[Kin definition of macro ‘[01m[Ktrace[m[K’
[11.228s]    80 | #define trace(...) [01;36m[K42[m[K
[11.228s]       |                    [01;36m[K^~[m[K
[11.228s] [01m[K/home/aayush/newest_frenet_planner/src/frenet_planner_ported/src/../include/frenet_optimal_trajectory.hpp:80:20:[m[K [01;35m[Kwarning: [m[Kstatement has no effect [[01;35m[K-Wunused-value[m[K]
[11.228s]    80 | #define trace(...) [01;35m[K42[m[K
[11.229s]       |                    [01;35m[K^~[m[K
[11.229s] [01m[K/home/aayush/newest_frenet_planner/src/frenet_planner_ported/src/../include/frenet_optimal_trajectory.hpp:80:20:[m[K [01;36m[Knote: [m[Kin definition of macro ‘[01m[Ktrace[m[K’
[11.229s]    80 | #define trace(...) [01;36m[K42[m[K
[11.229s]       |                    [01;36m[K^~[m[K
[11.275s] In file included from [01m[K/home/aayush/newest_frenet_planner/src/frenet_planner_ported/src/frenet_ros_obst.cpp:1[m[K:
[11.275s] [01m[K/home/aayush/newest_frenet_planner/src/frenet_planner_ported/src/../include/frenet_class.hpp:129:81:[m[K [01;35m[Kwarning: [m[K‘[01m[Kgeometry_msgs::msg::PolygonStamped_<std::allocator<void> >::ConstPtr[m[K’ is deprecated [[01;35m[K-Wdeprecated-declarations[m[K]
[11.275s]   129 | allback(const geometry_msgs::msg::PolygonStamped::ConstPtr p[01;35m[K)[m[K
[11.276s]       |                                                             [01;35m[K^[m[K
[11.276s] 
[11.277s] In file included from [01m[K/opt/ros/foxy/include/geometry_msgs/msg/polygon_stamped.hpp:7[m[K,
[11.277s]                  from [01m[K/home/aayush/newest_frenet_planner/src/frenet_planner_ported/src/../include/frenet_class.hpp:8[m[K,
[11.277s]                  from [01m[K/home/aayush/newest_frenet_planner/src/frenet_planner_ported/src/frenet_ros_obst.cpp:1[m[K:
[11.277s] [01m[K/opt/ros/foxy/include/geometry_msgs/msg/detail/polygon_stamped__struct.hpp:114:5:[m[K [01;36m[Knote: [m[Kdeclared here
[11.278s]   114 |     [01;36m[KConstPtr[m[K;
[11.278s]       |     [01;36m[K^~~~~~~~[m[K
[11.279s] In file included from [01m[K/home/aayush/newest_frenet_planner/src/frenet_planner_ported/src/frenet_ros_obst.cpp:1[m[K:
[11.279s] [01m[K/home/aayush/newest_frenet_planner/src/frenet_planner_ported/src/../include/frenet_class.hpp:135:67:[m[K [01;35m[Kwarning: [m[K‘[01m[Knav_msgs::msg::Odometry_<std::allocator<void> >::ConstPtr[m[K’ is deprecated [[01;35m[K-Wdeprecated-declarations[m[K]
[11.279s]   135 |     void odom_callback(const nav_msgs::msg::Odometry::ConstPtr msg[01;35m[K)[m[K
[11.279s]       |                                                                   [01;35m[K^[m[K
[11.280s] In file included from [01m[K/opt/ros/foxy/include/nav_msgs/msg/odometry.hpp:7[m[K,
[11.280s]                  from [01m[K/home/aayush/newest_frenet_planner/src/frenet_planner_ported/src/../include/frenet_class.hpp:6[m[K,
[11.281s]                  from [01m[K/home/aayush/newest_frenet_planner/src/frenet_planner_ported/src/frenet_ros_obst.cpp:1[m[K:
[11.281s] [01m[K/opt/ros/foxy/include/nav_msgs/msg/detail/odometry__struct.hpp:145:5:[m[K [01;36m[Knote: [m[Kdeclared here
[11.281s]   145 |     [01;36m[KConstPtr[m[K;
[11.281s]       |     [01;36m[K^~~~~~~~[m[K
[11.282s] In file included from [01m[K/home/aayush/newest_frenet_planner/src/frenet_planner_ported/src/frenet_ros_obst.cpp:1[m[K:
[11.282s] [01m[K/home/aayush/newest_frenet_planner/src/frenet_planner_ported/src/../include/frenet_class.hpp:139:86:[m[K [01;35m[Kwarning: [m[K‘[01m[Knav_msgs::msg::OccupancyGrid_<std::allocator<void> >::ConstPtr[m[K’ is deprecated [[01;35m[K-Wdeprecated-declarations[m[K]
[11.283s]   139 | (const nav_msgs::msg::OccupancyGrid::ConstPtr occupancy_grid[01;35m[K)[m[K
[11.283s]       |                                                             [01;35m[K^[m[K
[11.283s] 
[11.289s] In file included from [01m[K/opt/ros/foxy/include/nav_msgs/msg/occupancy_grid.hpp:7[m[K,
[11.289s]                  from [01m[K/home/aayush/newest_frenet_planner/src/frenet_planner_ported/src/../include/frenet_class.hpp:7[m[K,
[11.289s]                  from [01m[K/home/aayush/newest_frenet_planner/src/frenet_planner_ported/src/frenet_ros_obst.cpp:1[m[K:
[11.289s] [01m[K/opt/ros/foxy/include/nav_msgs/msg/detail/occupancy_grid__struct.hpp:123:5:[m[K [01;36m[Knote: [m[Kdeclared here
[11.290s]   123 |     [01;36m[KConstPtr[m[K;
[11.290s]       |     [01;36m[K^~~~~~~~[m[K
[11.390s] In file included from [01m[K/home/aayush/newest_frenet_planner/src/frenet_planner_ported/src/frenet_ros_obst.cpp:1[m[K:
[11.390s] [01m[K/home/aayush/newest_frenet_planner/src/frenet_planner_ported/src/../include/frenet_class.hpp:[m[K In constructor ‘[01m[KFrenetClass::FrenetClass()[m[K’:
[11.390s] [01m[K/home/aayush/newest_frenet_planner/src/frenet_planner_ported/src/../include/frenet_class.hpp:70:31:[m[K [01;31m[Kerror: [m[K‘[01m[KKJ[m[K’ was not declared in this scope
[11.390s]    70 |     this->get_parameter("KJ", [01;31m[KKJ[m[K);
[11.390s]       |                               [01;31m[K^~[m[K
[11.397s] [01m[K/home/aayush/newest_frenet_planner/src/frenet_planner_ported/src/../include/frenet_class.hpp:72:31:[m[K [01;31m[Kerror: [m[K‘[01m[KKT[m[K’ was not declared in this scope
[11.397s]    72 |     this->get_parameter("KT", [01;31m[KKT[m[K);
[11.397s]       |                               [01;31m[K^~[m[K
[11.404s] [01m[K/home/aayush/newest_frenet_planner/src/frenet_planner_ported/src/../include/frenet_class.hpp:74:31:[m[K [01;31m[Kerror: [m[K‘[01m[KKD[m[K’ was not declared in this scope; did you mean ‘[01m[KKDL[m[K’?
[11.404s]    74 |     this->get_parameter("KD", [01;31m[KKD[m[K);
[11.405s]       |                               [01;31m[K^~[m[K
[11.405s]       |                               [32m[KKDL[m[K
[11.412s] [01m[K/home/aayush/newest_frenet_planner/src/frenet_planner_ported/src/../include/frenet_class.hpp:76:33:[m[K [01;31m[Kerror: [m[K‘[01m[KKD_V[m[K’ was not declared in this scope
[11.412s]    76 |     this->get_parameter("KD_V", [01;31m[KKD_V[m[K);
[11.413s]       |                                 [01;31m[K^~~~[m[K
[11.421s] [01m[K/home/aayush/newest_frenet_planner/src/frenet_planner_ported/src/../include/frenet_class.hpp:78:33:[m[K [01;31m[Kerror: [m[K‘[01m[KKLAT[m[K’ was not declared in this scope
[11.421s]    78 |     this->get_parameter("KLAT", [01;31m[KKLAT[m[K);
[11.422s]       |                                 [01;31m[K^~~~[m[K
[11.431s] [01m[K/home/aayush/newest_frenet_planner/src/frenet_planner_ported/src/../include/frenet_class.hpp:80:33:[m[K [01;31m[Kerror: [m[K‘[01m[KKLON[m[K’ was not declared in this scope
[11.431s]    80 |     this->get_parameter("KLON", [01;31m[KKLON[m[K);
[11.432s]       |                                 [01;31m[K^~~~[m[K
[11.459s] [01m[K/home/aayush/newest_frenet_planner/src/frenet_planner_ported/src/../include/frenet_class.hpp:82:38:[m[K [01;31m[Kerror: [m[K‘[01m[KMAX_SPEED[m[K’ was not declared in this scope
[11.459s]    82 |     this->get_parameter("MAX_SPEED", [01;31m[KMAX_SPEED[m[K);
[11.460s]       |                                      [01;31m[K^~~~~~~~~[m[K
[11.486s] [01m[K/home/aayush/newest_frenet_planner/src/frenet_planner_ported/src/../include/frenet_class.hpp:84:37:[m[K [01;31m[Kerror: [m[K‘[01m[KMAX_ACCEL[m[K’ was not declared in this scope
[11.486s]    84 |     this->get_parameter("MAX_ACCEL",[01;31m[KMAX_ACCEL[m[K );
[11.486s]       |                                     [01;31m[K^~~~~~~~~[m[K
[11.519s] [01m[K/home/aayush/newest_frenet_planner/src/frenet_planner_ported/src/../include/frenet_class.hpp:86:42:[m[K [01;31m[Kerror: [m[K‘[01m[KMAX_CURVATURE[m[K’ was not declared in this scope
[11.520s]    86 |     this->get_parameter("MAX_CURVATURE", [01;31m[KMAX_CURVATURE[m[K);
[11.520s]       |                                          [01;31m[K^~~~~~~~~~~~~[m[K
[11.537s] [01m[K/home/aayush/newest_frenet_planner/src/frenet_planner_ported/src/../include/frenet_class.hpp:88:37:[m[K [01;31m[Kerror: [m[K‘[01m[KD_ROAD_W[m[K’ was not declared in this scope
[11.537s]    88 |     this->get_parameter("D_ROAD_W", [01;31m[KD_ROAD_W[m[K);
[11.538s]       |                                     [01;31m[K^~~~~~~~[m[K
[11.544s] [01m[K/home/aayush/newest_frenet_planner/src/frenet_planner_ported/src/../include/frenet_class.hpp:90:31:[m[K [01;31m[Kerror: [m[K‘[01m[KDT[m[K’ was not declared in this scope
[11.544s]    90 |     this->get_parameter("DT", [01;31m[KDT[m[K);
[11.544s]       |                               [01;31m[K^~[m[K
[11.554s] [01m[K/home/aayush/newest_frenet_planner/src/frenet_planner_ported/src/../include/frenet_class.hpp:92:33:[m[K [01;31m[Kerror: [m[K‘[01m[KMAXT[m[K’ was not declared in this scope
[11.554s]    92 |     this->get_parameter("MAXT", [01;31m[KMAXT[m[K);
[11.555s]       |                                 [01;31m[K^~~~[m[K
[11.562s] [01m[K/home/aayush/newest_frenet_planner/src/frenet_planner_ported/src/../include/frenet_class.hpp:94:33:[m[K [01;31m[Kerror: [m[K‘[01m[KMINT[m[K’ was not declared in this scope
[11.564s]    94 |     this->get_parameter("MINT", [01;31m[KMINT[m[K);
[11.564s]       |                                 [01;31m[K^~~~[m[K
[11.601s] [01m[K/home/aayush/newest_frenet_planner/src/frenet_planner_ported/src/../include/frenet_class.hpp:96:41:[m[K [01;31m[Kerror: [m[K‘[01m[KTARGET_SPEED[m[K’ was not declared in this scope
[11.602s]    96 |     this->get_parameter("TARGET_SPEED", [01;31m[KTARGET_SPEED[m[K);
[11.602s]       |                                         [01;31m[K^~~~~~~~~~~~[m[K
[11.613s] [01m[K/home/aayush/newest_frenet_planner/src/frenet_planner_ported/src/../include/frenet_class.hpp:98:34:[m[K [01;31m[Kerror: [m[K‘[01m[KD_T_S[m[K’ was not declared in this scope
[11.614s]    98 |     this->get_parameter("D_T_S", [01;31m[KD_T_S[m[K);
[11.614s]       |                                  [01;31m[K^~~~~[m[K
[11.641s] [01m[K/home/aayush/newest_frenet_planner/src/frenet_planner_ported/src/../include/frenet_class.hpp:100:39:[m[K [01;31m[Kerror: [m[K‘[01m[KN_S_SAMPLE[m[K’ was not declared in this scope
[11.641s]   100 |     this->get_parameter("N_S_SAMPLE", [01;31m[KN_S_SAMPLE[m[K);
[11.641s]       |                                       [01;31m[K^~~~~~~~~~[m[K
[11.680s] [01m[K/home/aayush/newest_frenet_planner/src/frenet_planner_ported/src/../include/frenet_class.hpp:102:41:[m[K [01;31m[Kerror: [m[K‘[01m[KROBOT_RADIUS[m[K’ was not declared in this scope
[11.680s]   102 |     this->get_parameter("ROBOT_RADIUS", [01;31m[KROBOT_RADIUS[m[K);
[11.680s]       |                                         [01;31m[K^~~~~~~~~~~~[m[K
[11.708s] [01m[K/home/aayush/newest_frenet_planner/src/frenet_planner_ported/src/../include/frenet_class.hpp:104:40:[m[K [01;31m[Kerror: [m[K‘[01m[KMIN_LAT_VEL[m[K’ was not declared in this scope
[11.709s]   104 |     this->get_parameter("MIN_LAT_VEL", [01;31m[KMIN_LAT_VEL[m[K);
[11.709s]       |                                        [01;31m[K^~~~~~~~~~~[m[K
[11.722s] [01m[K/home/aayush/newest_frenet_planner/src/frenet_planner_ported/src/../include/frenet_class.hpp:106:35:[m[K [01;31m[Kerror: [m[K‘[01m[KD_D_NS[m[K’ was not declared in this scope
[11.722s]   106 |     this->get_parameter("D_D_NS", [01;31m[KD_D_NS[m[K);
[11.723s]       |                                   [01;31m[K^~~~~~[m[K
[11.750s] [01m[K/home/aayush/newest_frenet_planner/src/frenet_planner_ported/src/../include/frenet_class.hpp:108:40:[m[K [01;31m[Kerror: [m[K‘[01m[KMAX_SHIFT_D[m[K’ was not declared in this scope
[11.750s]   108 |     this->get_parameter("MAX_SHIFT_D", [01;31m[KMAX_SHIFT_D[m[K);
[11.751s]       |                                        [01;31m[K^~~~~~~~~~~[m[K
[11.785s] [01m[K/home/aayush/newest_frenet_planner/src/frenet_planner_ported/src/../include/frenet_class.hpp:[m[K In member function ‘[01m[Kvoid FrenetClass::footprint_callback(geometry_msgs::msg::PolygonStamped_<std::allocator<void> >::ConstPtr)[m[K’:
[11.785s] [01m[K/home/aayush/newest_frenet_planner/src/frenet_planner_ported/src/../include/frenet_class.hpp:131:9:[m[K [01;31m[Kerror: [m[K‘[01m[K::footprint[m[K’ has not been declared; did you mean ‘[01m[Kfootprint_sub[m[K’?
[11.785s]   131 |       ::[01;31m[Kfootprint[m[K = *p;
[11.785s]       |         [01;31m[K^~~~~~~~~[m[K
[11.786s]       |         [32m[Kfootprint_sub[m[K
[11.804s] [01m[K/home/aayush/newest_frenet_planner/src/frenet_planner_ported/src/../include/frenet_class.hpp:[m[K In member function ‘[01m[Kvoid FrenetClass::odom_callback(nav_msgs::msg::Odometry_<std::allocator<void> >::ConstPtr)[m[K’:
[11.804s] [01m[K/home/aayush/newest_frenet_planner/src/frenet_planner_ported/src/../include/frenet_class.hpp:137:9:[m[K [01;31m[Kerror: [m[K‘[01m[K::odom[m[K’ has not been declared
[11.804s]   137 |       ::[01;31m[Kodom[m[K = *msg;
[11.804s]       |         [01;31m[K^~~~[m[K
[11.820s] [01m[K/home/aayush/newest_frenet_planner/src/frenet_planner_ported/src/../include/frenet_class.hpp:[m[K In member function ‘[01m[Kvoid FrenetClass::costmap_callback(nav_msgs::msg::OccupancyGrid_<std::allocator<void> >::ConstPtr)[m[K’:
[11.820s] [01m[K/home/aayush/newest_frenet_planner/src/frenet_planner_ported/src/../include/frenet_class.hpp:144:8:[m[K [01;31m[Kerror: [m[K‘[01m[K::cmap[m[K’ has not been declared
[11.821s]   144 |      ::[01;31m[Kcmap[m[K = *occupancy_grid;
[11.821s]       |        [01;31m[K^~~~[m[K
[11.828s] [01m[K/home/aayush/newest_frenet_planner/src/frenet_planner_ported/src/../include/frenet_class.hpp:145:6:[m[K [01;31m[Kerror: [m[K‘[01m[Kob_x[m[K’ was not declared in this scope
[11.828s]   145 |      [01;31m[Kob_x[m[K.clear();
[11.828s]       |      [01;31m[K^~~~[m[K
[11.835s] [01m[K/home/aayush/newest_frenet_planner/src/frenet_planner_ported/src/../include/frenet_class.hpp:146:6:[m[K [01;31m[Kerror: [m[K‘[01m[Kob_y[m[K’ was not declared in this scope
[11.836s]   146 |      [01;31m[Kob_y[m[K.clear();
[11.836s]       |      [01;31m[K^~~~[m[K
[11.857s] [01m[K/home/aayush/newest_frenet_planner/src/frenet_planner_ported/src/../include/frenet_class.hpp:169:22:[m[K [01;35m[Kwarning: [m[Kcomparison of integer expressions of different signedness: ‘[01m[Klong int[m[K’ and ‘[01m[Kstd::vector<std::pair<double, double> >::size_type[m[K’ {aka ‘[01m[Klong unsigned int[m[K’} [[01;35m[K-Wsign-compare[m[K]
[11.857s]   169 |   for (long i = 0; [01;35m[Ki < ob1.size()[m[K; i++)
[11.857s]       |                    [01;35m[K~~^~~~~~~~~~~~[m[K
[11.858s] [01m[K/home/aayush/newest_frenet_planner/src/frenet_planner_ported/src/../include/frenet_class.hpp:149:13:[m[K [01;35m[Kwarning: [m[Kunused variable ‘[01m[KstartTime1[m[K’ [[01;35m[K-Wunused-variable[m[K]
[11.858s]   149 |      double [01;35m[KstartTime1[m[K = omp_get_wtime();
[11.858s]       |             [01;35m[K^~~~~~~~~~[m[K
[11.863s] In file included from [01m[K/home/aayush/newest_frenet_planner/src/frenet_planner_ported/src/frenet_ros_obst.cpp:2[m[K:
[11.863s] [01m[K/home/aayush/newest_frenet_planner/src/frenet_planner_ported/src/../include/frenet_optimal_trajectory.hpp:[m[K In function ‘[01m[Kstd::ostream& operator<<(std::ostream&, const FrenetPath&)[m[K’:
[11.864s] [01m[K/home/aayush/newest_frenet_planner/src/frenet_planner_ported/src/../include/frenet_optimal_trajectory.hpp:80:20:[m[K [01;35m[Kwarning: [m[Kstatement has no effect [[01;35m[K-Wunused-value[m[K]
[11.864s]    80 | #define trace(...) [01;35m[K42[m[K
[11.864s]       |                    [01;35m[K^~[m[K
[11.866s] [01m[K/home/aayush/newest_frenet_planner/src/frenet_planner_ported/src/../include/frenet_optimal_trajectory.hpp:80:20:[m[K [01;36m[Knote: [m[Kin definition of macro ‘[01m[Ktrace[m[K’
[11.866s]    80 | #define trace(...) [01;36m[K42[m[K
[11.866s]       |                    [01;36m[K^~[m[K
[11.867s] [01m[K/home/aayush/newest_frenet_planner/src/frenet_planner_ported/src/../include/frenet_optimal_trajectory.hpp:80:20:[m[K [01;35m[Kwarning: [m[Kstatement has no effect [[01;35m[K-Wunused-value[m[K]
[11.867s]    80 | #define trace(...) [01;35m[K42[m[K
[11.867s]       |                    [01;35m[K^~[m[K
[11.867s] [01m[K/home/aayush/newest_frenet_planner/src/frenet_planner_ported/src/../include/frenet_optimal_trajectory.hpp:80:20:[m[K [01;36m[Knote: [m[Kin definition of macro ‘[01m[Ktrace[m[K’
[11.867s]    80 | #define trace(...) [01;36m[K42[m[K
[11.868s]       |                    [01;36m[K^~[m[K
[11.868s] [01m[K/home/aayush/newest_frenet_planner/src/frenet_planner_ported/src/../include/frenet_optimal_trajectory.hpp:80:20:[m[K [01;35m[Kwarning: [m[Kstatement has no effect [[01;35m[K-Wunused-value[m[K]
[11.868s]    80 | #define trace(...) [01;35m[K42[m[K
[11.869s]       |                    [01;35m[K^~[m[K
[11.869s] [01m[K/home/aayush/newest_frenet_planner/src/frenet_planner_ported/src/../include/frenet_optimal_trajectory.hpp:80:20:[m[K [01;36m[Knote: [m[Kin definition of macro ‘[01m[Ktrace[m[K’
[11.869s]    80 | #define trace(...) [01;36m[K42[m[K
[11.869s]       |                    [01;36m[K^~[m[K
[11.870s] [01m[K/home/aayush/newest_frenet_planner/src/frenet_planner_ported/src/../include/frenet_optimal_trajectory.hpp:80:20:[m[K [01;35m[Kwarning: [m[Kstatement has no effect [[01;35m[K-Wunused-value[m[K]
[11.870s]    80 | #define trace(...) [01;35m[K42[m[K
[11.870s]       |                    [01;35m[K^~[m[K
[11.870s] [01m[K/home/aayush/newest_frenet_planner/src/frenet_planner_ported/src/../include/frenet_optimal_trajectory.hpp:80:20:[m[K [01;36m[Knote: [m[Kin definition of macro ‘[01m[Ktrace[m[K’
[11.870s]    80 | #define trace(...) [01;36m[K42[m[K
[11.871s]       |                    [01;36m[K^~[m[K
[11.871s] [01m[K/home/aayush/newest_frenet_planner/src/frenet_planner_ported/src/../include/frenet_optimal_trajectory.hpp:80:20:[m[K [01;35m[Kwarning: [m[Kstatement has no effect [[01;35m[K-Wunused-value[m[K]
[11.872s]    80 | #define trace(...) [01;35m[K42[m[K
[11.872s]       |                    [01;35m[K^~[m[K
[11.872s] [01m[K/home/aayush/newest_frenet_planner/src/frenet_planner_ported/src/../include/frenet_optimal_trajectory.hpp:80:20:[m[K [01;36m[Knote: [m[Kin definition of macro ‘[01m[Ktrace[m[K’
[11.872s]    80 | #define trace(...) [01;36m[K42[m[K
[11.872s]       |                    [01;36m[K^~[m[K
[11.874s] [01m[K/home/aayush/newest_frenet_planner/src/frenet_planner_ported/src/../include/frenet_optimal_trajectory.hpp:80:20:[m[K [01;35m[Kwarning: [m[Kstatement has no effect [[01;35m[K-Wunused-value[m[K]
[11.874s]    80 | #define trace(...) [01;35m[K42[m[K
[11.874s]       |                    [01;35m[K^~[m[K
[11.874s] [01m[K/home/aayush/newest_frenet_planner/src/frenet_planner_ported/src/../include/frenet_optimal_trajectory.hpp:80:20:[m[K [01;36m[Knote: [m[Kin definition of macro ‘[01m[Ktrace[m[K’
[11.874s]    80 | #define trace(...) [01;36m[K42[m[K
[11.875s]       |                    [01;36m[K^~[m[K
[11.875s] [01m[K/home/aayush/newest_frenet_planner/src/frenet_planner_ported/src/../include/frenet_optimal_trajectory.hpp:80:20:[m[K [01;35m[Kwarning: [m[Kstatement has no effect [[01;35m[K-Wunused-value[m[K]
[11.875s]    80 | #define trace(...) [01;35m[K42[m[K
[11.875s]       |                    [01;35m[K^~[m[K
[11.876s] [01m[K/home/aayush/newest_frenet_planner/src/frenet_planner_ported/src/../include/frenet_optimal_trajectory.hpp:80:20:[m[K [01;36m[Knote: [m[Kin definition of macro ‘[01m[Ktrace[m[K’
[11.876s]    80 | #define trace(...) [01;36m[K42[m[K
[11.876s]       |                    [01;36m[K^~[m[K
[11.883s] [01m[K/home/aayush/newest_frenet_planner/src/frenet_planner_ported/src/../include/frenet_optimal_trajectory.hpp:80:20:[m[K [01;35m[Kwarning: [m[Kstatement has no effect [[01;35m[K-Wunused-value[m[K]
[11.883s]    80 | #define trace(...) [01;35m[K42[m[K
[11.884s]       |                    [01;35m[K^~[m[K
[11.884s] [01m[K/home/aayush/newest_frenet_planner/src/frenet_planner_ported/src/../include/frenet_optimal_trajectory.hpp:80:20:[m[K [01;36m[Knote: [m[Kin definition of macro ‘[01m[Ktrace[m[K’
[11.884s]    80 | #define trace(...) [01;36m[K42[m[K
[11.884s]       |                    [01;36m[K^~[m[K
[11.885s] [01m[K/home/aayush/newest_frenet_planner/src/frenet_planner_ported/src/../include/frenet_optimal_trajectory.hpp:80:20:[m[K [01;35m[Kwarning: [m[Kstatement has no effect [[01;35m[K-Wunused-value[m[K]
[11.885s]    80 | #define trace(...) [01;35m[K42[m[K
[11.885s]       |                    [01;35m[K^~[m[K
[11.885s] [01m[K/home/aayush/newest_frenet_planner/src/frenet_planner_ported/src/../include/frenet_optimal_trajectory.hpp:80:20:[m[K [01;36m[Knote: [m[Kin definition of macro ‘[01m[Ktrace[m[K’
[11.886s]    80 | #define trace(...) [01;36m[K42[m[K
[11.886s]       |                    [01;36m[K^~[m[K
[11.886s] [01m[K/home/aayush/newest_frenet_planner/src/frenet_planner_ported/src/../include/frenet_optimal_trajectory.hpp:80:20:[m[K [01;35m[Kwarning: [m[Kstatement has no effect [[01;35m[K-Wunused-value[m[K]
[11.886s]    80 | #define trace(...) [01;35m[K42[m[K
[11.887s]       |                    [01;35m[K^~[m[K
[11.887s] [01m[K/home/aayush/newest_frenet_planner/src/frenet_planner_ported/src/../include/frenet_optimal_trajectory.hpp:80:20:[m[K [01;36m[Knote: [m[Kin definition of macro ‘[01m[Ktrace[m[K’
[11.887s]    80 | #define trace(...) [01;36m[K42[m[K
[11.890s]       |                    [01;36m[K^~[m[K
[11.891s] [01m[K/home/aayush/newest_frenet_planner/src/frenet_planner_ported/src/../include/frenet_optimal_trajectory.hpp:80:20:[m[K [01;35m[Kwarning: [m[Kstatement has no effect [[01;35m[K-Wunused-value[m[K]
[11.891s]    80 | #define trace(...) [01;35m[K42[m[K
[11.891s]       |                    [01;35m[K^~[m[K
[11.891s] [01m[K/home/aayush/newest_frenet_planner/src/frenet_planner_ported/src/../include/frenet_optimal_trajectory.hpp:80:20:[m[K [01;36m[Knote: [m[Kin definition of macro ‘[01m[Ktrace[m[K’
[11.892s]    80 | #define trace(...) [01;36m[K42[m[K
[11.892s]       |                    [01;36m[K^~[m[K
[11.892s] [01m[K/home/aayush/newest_frenet_planner/src/frenet_planner_ported/src/../include/frenet_optimal_trajectory.hpp:80:20:[m[K [01;35m[Kwarning: [m[Kstatement has no effect [[01;35m[K-Wunused-value[m[K]
[11.892s]    80 | #define trace(...) [01;35m[K42[m[K
[11.893s]       |                    [01;35m[K^~[m[K
[11.893s] [01m[K/home/aayush/newest_frenet_planner/src/frenet_planner_ported/src/../include/frenet_optimal_trajectory.hpp:80:20:[m[K [01;36m[Knote: [m[Kin definition of macro ‘[01m[Ktrace[m[K’
[11.893s]    80 | #define trace(...) [01;36m[K42[m[K
[11.893s]       |                    [01;36m[K^~[m[K
[11.894s] [01m[K/home/aayush/newest_frenet_planner/src/frenet_planner_ported/src/../include/frenet_optimal_trajectory.hpp:80:20:[m[K [01;35m[Kwarning: [m[Kstatement has no effect [[01;35m[K-Wunused-value[m[K]
[11.894s]    80 | #define trace(...) [01;35m[K42[m[K
[11.894s]       |                    [01;35m[K^~[m[K
[11.895s] [01m[K/home/aayush/newest_frenet_planner/src/frenet_planner_ported/src/../include/frenet_optimal_trajectory.hpp:80:20:[m[K [01;36m[Knote: [m[Kin definition of macro ‘[01m[Ktrace[m[K’
[11.895s]    80 | #define trace(...) [01;36m[K42[m[K
[11.895s]       |                    [01;36m[K^~[m[K
[11.904s] [01m[K/home/aayush/newest_frenet_planner/src/frenet_planner_ported/src/../include/frenet_optimal_trajectory.hpp:81:59:[m[K [01;35m[Kwarning: [m[Kunused parameter ‘[01m[Kfp[m[K’ [[01;35m[K-Wunused-parameter[m[K]
[11.904s]    81 | inline ostream& operator<<(ostream& os, [01;35m[Kconst FrenetPath& fp[m[K)
[11.905s]       |                                         [01;35m[K~~~~~~~~~~~~~~~~~~^~[m[K
[11.905s] [01m[K/home/aayush/newest_frenet_planner/src/frenet_planner_ported/src/frenet_ros_obst.cpp:[m[K In function ‘[01m[Kdouble get_bot_yaw()[m[K’:
[11.905s] [01m[K/home/aayush/newest_frenet_planner/src/frenet_planner_ported/src/../include/frenet_optimal_trajectory.hpp:80:20:[m[K [01;35m[Kwarning: [m[Kstatement has no effect [[01;35m[K-Wunused-value[m[K]
[11.905s]    80 | #define trace(...) [01;35m[K42[m[K
[11.905s]       |                    [01;35m[K^~[m[K
[11.906s] [01m[K/home/aayush/newest_frenet_planner/src/frenet_planner_ported/src/../include/frenet_optimal_trajectory.hpp:80:20:[m[K [01;36m[Knote: [m[Kin definition of macro ‘[01m[Ktrace[m[K’
[11.906s]    80 | #define trace(...) [01;36m[K42[m[K
[11.906s]       |                    [01;36m[K^~[m[K
[11.906s] [01m[K/home/aayush/newest_frenet_planner/src/frenet_planner_ported/src/frenet_ros_obst.cpp:[m[K In function ‘[01m[Kvoid initial_conditions_path(Spline2D&, double&, double&, double&, double&, double&, double&, FrenetPath&)[m[K’:
[11.906s] [01m[K/home/aayush/newest_frenet_planner/src/frenet_planner_ported/src/frenet_ros_obst.cpp:55:40:[m[K [01;35m[Kwarning: [m[Kunused parameter ‘[01m[Kcsp[m[K’ [[01;35m[K-Wunused-parameter[m[K]
[11.907s]    55 | void initial_conditions_path([01;35m[KSpline2D &csp[m[K, double &s0, double &c_speed, double &c_d, double &c_d_d,
[11.907s]       |                              [01;35m[K~~~~~~~~~~^~~[m[K
[11.907s] In file included from [01m[K/home/aayush/newest_frenet_planner/src/frenet_planner_ported/src/frenet_ros_obst.cpp:2[m[K:
[11.907s] [01m[K/home/aayush/newest_frenet_planner/src/frenet_planner_ported/src/frenet_ros_obst.cpp:[m[K In function ‘[01m[Kint initial_conditions_new(Spline2D&, vecD&, vecD&, vecD&, vecD&, vecD&, double&, double&, double&, double&, double&, double&, FrenetPath&)[m[K’:
[11.907s] [01m[K/home/aayush/newest_frenet_planner/src/frenet_planner_ported/src/../include/frenet_optimal_trajectory.hpp:80:20:[m[K [01;35m[Kwarning: [m[Kstatement has no effect [[01;35m[K-Wunused-value[m[K]
[11.908s]    80 | #define trace(...) [01;35m[K42[m[K
[11.908s]       |                    [01;35m[K^~[m[K
[11.908s] [01m[K/home/aayush/newest_frenet_planner/src/frenet_planner_ported/src/../include/frenet_optimal_trajectory.hpp:80:20:[m[K [01;36m[Knote: [m[Kin definition of macro ‘[01m[Ktrace[m[K’
[11.908s]    80 | #define trace(...) [01;36m[K42[m[K
[11.909s]       |                    [01;36m[K^~[m[K
[11.909s] [01m[K/home/aayush/newest_frenet_planner/src/frenet_planner_ported/src/../include/frenet_optimal_trajectory.hpp:80:20:[m[K [01;35m[Kwarning: [m[Kstatement has no effect [[01;35m[K-Wunused-value[m[K]
[11.909s]    80 | #define trace(...) [01;35m[K42[m[K
[11.909s]       |                    [01;35m[K^~[m[K
[11.909s] [01m[K/home/aayush/newest_frenet_planner/src/frenet_planner_ported/src/../include/frenet_optimal_trajectory.hpp:80:20:[m[K [01;36m[Knote: [m[Kin definition of macro ‘[01m[Ktrace[m[K’
[11.910s]    80 | #define trace(...) [01;36m[K42[m[K
[11.910s]       |                    [01;36m[K^~[m[K
[11.910s] [01m[K/home/aayush/newest_frenet_planner/src/frenet_planner_ported/src/frenet_ros_obst.cpp:71:38:[m[K [01;35m[Kwarning: [m[Kunused parameter ‘[01m[Kcsp[m[K’ [[01;35m[K-Wunused-parameter[m[K]
[11.910s]    71 | int initial_conditions_new([01;35m[KSpline2D &csp[m[K, vecD &global_s, vecD &global_x, vecD &global_y,
[11.910s]       |                            [01;35m[K~~~~~~~~~~^~~[m[K
[11.934s] In file included from [01m[K/home/aayush/newest_frenet_planner/src/frenet_planner_ported/src/frenet_ros_obst.cpp:2[m[K:
[11.934s] [01m[K/home/aayush/newest_frenet_planner/src/frenet_planner_ported/src/frenet_ros_obst.cpp:[m[K In function ‘[01m[Kint main(int, char**)[m[K’:
[11.934s] [01m[K/home/aayush/newest_frenet_planner/src/frenet_planner_ported/src/../include/frenet_optimal_trajectory.hpp:80:20:[m[K [01;35m[Kwarning: [m[Kstatement has no effect [[01;35m[K-Wunused-value[m[K]
[11.934s]    80 | #define trace(...) [01;35m[K42[m[K
[11.935s]       |                    [01;35m[K^~[m[K
[11.935s] [01m[K/home/aayush/newest_frenet_planner/src/frenet_planner_ported/src/../include/frenet_optimal_trajectory.hpp:80:20:[m[K [01;36m[Knote: [m[Kin definition of macro ‘[01m[Ktrace[m[K’
[11.935s]    80 | #define trace(...) [01;36m[K42[m[K
[11.935s]       |                    [01;36m[K^~[m[K
[12.013s] [01m[K/home/aayush/newest_frenet_planner/src/frenet_planner_ported/src/frenet_ros_obst.cpp:174:10:[m[K [01;35m[Kwarning: [m[Kunused variable ‘[01m[KstartTime1[m[K’ [[01;35m[K-Wunused-variable[m[K]
[12.013s]   174 |   double [01;35m[KstartTime1[m[K = omp_get_wtime();
[12.013s]       |          [01;35m[K^~~~~~~~~~[m[K
[12.013s] [01m[K/home/aayush/newest_frenet_planner/src/frenet_planner_ported/src/frenet_ros_obst.cpp:188:10:[m[K [01;35m[Kwarning: [m[Kunused variable ‘[01m[KendTime1[m[K’ [[01;35m[K-Wunused-variable[m[K]
[12.014s]   188 |   double [01;35m[KendTime1[m[K = omp_get_wtime();
[12.014s]       |          [01;35m[K^~~~~~~~[m[K
[12.014s] [01m[K/home/aayush/newest_frenet_planner/src/frenet_planner_ported/src/frenet_ros_obst.cpp:260:10:[m[K [01;35m[Kwarning: [m[Kunused variable ‘[01m[KstartTime3[m[K’ [[01;35m[K-Wunused-variable[m[K]
[12.014s]   260 |   double [01;35m[KstartTime3[m[K = omp_get_wtime();
[12.015s]       |          [01;35m[K^~~~~~~~~~[m[K
[12.015s] [01m[K/home/aayush/newest_frenet_planner/src/frenet_planner_ported/src/frenet_ros_obst.cpp:262:10:[m[K [01;35m[Kwarning: [m[Kunused variable ‘[01m[KendTime3[m[K’ [[01;35m[K-Wunused-variable[m[K]
[12.015s]   262 |   double [01;35m[KendTime3[m[K = omp_get_wtime();
[12.015s]       |          [01;35m[K^~~~~~~~[m[K
[12.016s] [01m[K/home/aayush/newest_frenet_planner/src/frenet_planner_ported/src/frenet_ros_obst.cpp:130:7:[m[K [01;35m[Kwarning: [m[Kunused variable ‘[01m[KgotOdom[m[K’ [[01;35m[K-Wunused-variable[m[K]
[12.016s]   130 |  bool [01;35m[KgotOdom[m[K = false;
[12.016s]       |       [01;35m[K^~~~~~~[m[K
[12.017s] [01m[K/home/aayush/newest_frenet_planner/src/frenet_planner_ported/src/frenet_ros_obst.cpp:164:9:[m[K [01;35m[Kwarning: [m[Kunused variable ‘[01m[Kpltbasetime[m[K’ [[01;35m[K-Wunused-variable[m[K]
[12.017s]   164 |  double [01;35m[Kpltbasetime[m[K = omp_get_wtime();
[12.017s]       |         [01;35m[K^~~~~~~~~~~[m[K
[12.018s] [01m[K/home/aayush/newest_frenet_planner/src/frenet_planner_ported/src/frenet_ros_obst.cpp:166:6:[m[K [01;35m[Kwarning: [m[Kunused variable ‘[01m[Kiteration_count[m[K’ [[01;35m[K-Wunused-variable[m[K]
[12.018s]   166 |  int [01;35m[Kiteration_count[m[K = 1;
[12.018s]       |      [01;35m[K^~~~~~~~~~~~~~~[m[K
[22.700s] make[2]: *** [CMakeFiles/frenet_ros_obst.dir/build.make:63: CMakeFiles/frenet_ros_obst.dir/src/frenet_ros_obst.cpp.o] Error 1
[22.701s] make[1]: *** [CMakeFiles/Makefile2:78: CMakeFiles/frenet_ros_obst.dir/all] Error 2
[22.701s] make: *** [Makefile:141: all] Error 2
[22.706s] Invoked command in '/home/aayush/newest_frenet_planner/build/frenet_planner_ported' returned '2': CMAKE_PREFIX_PATH=${CMAKE_PREFIX_PATH}:/home/aayush/newest_frenet_planner/install/dummy:/opt/ros/foxy /usr/bin/cmake --build /home/aayush/newest_frenet_planner/build/frenet_planner_ported -- -j2 -l2
