[1.176s] Invoking command in '/home/aayush/newest_frenet_planner/src/dummy': PYTHONPATH=/home/aayush/newest_frenet_planner/install/dummy/lib/python3.8/site-packages:${PYTHONPATH} /usr/bin/python3 setup.py egg_info --egg-base ../../build/dummy build --build-base /home/aayush/newest_frenet_planner/build/dummy/build install --prefix /home/aayush/newest_frenet_planner/install/dummy --record /home/aayush/newest_frenet_planner/build/dummy/install.log --single-version-externally-managed
[2.389s] running egg_info
[2.390s] writing ../../build/dummy/dummy.egg-info/PKG-INFO
[2.391s] writing dependency_links to ../../build/dummy/dummy.egg-info/dependency_links.txt
[2.391s] writing entry points to ../../build/dummy/dummy.egg-info/entry_points.txt
[2.392s] writing requirements to ../../build/dummy/dummy.egg-info/requires.txt
[2.392s] writing top-level names to ../../build/dummy/dummy.egg-info/top_level.txt
[2.662s] reading manifest file '../../build/dummy/dummy.egg-info/SOURCES.txt'
[2.665s] writing manifest file '../../build/dummy/dummy.egg-info/SOURCES.txt'
[2.668s] running build
[2.668s] running build_py
[2.669s] running install
[2.676s] running install_lib
[2.685s] running install_data
[2.693s] running install_egg_info
[2.712s] removing '/home/aayush/newest_frenet_planner/install/dummy/lib/python3.8/site-packages/dummy-0.0.0-py3.8.egg-info' (and everything under it)
[2.713s] Copying ../../build/dummy/dummy.egg-info to /home/aayush/newest_frenet_planner/install/dummy/lib/python3.8/site-packages/dummy-0.0.0-py3.8.egg-info
[2.715s] running install_scripts
[2.944s] Installing dum_pub script to /home/aayush/newest_frenet_planner/install/dummy/lib/dummy
[2.945s] writing list of installed files to '/home/aayush/newest_frenet_planner/build/dummy/install.log'
[3.164s] Invoked command in '/home/aayush/newest_frenet_planner/src/dummy' returned '0': PYTHONPATH=/home/aayush/newest_frenet_planner/install/dummy/lib/python3.8/site-packages:${PYTHONPATH} /usr/bin/python3 setup.py egg_info --egg-base ../../build/dummy build --build-base /home/aayush/newest_frenet_planner/build/dummy/build install --prefix /home/aayush/newest_frenet_planner/install/dummy --record /home/aayush/newest_frenet_planner/build/dummy/install.log --single-version-externally-managed
