[0.832s] Invoking command in '/home/aayush/newest_frenet_planner/build/frenet_planner_ported': CMAKE_PREFIX_PATH=${CMAKE_PREFIX_PATH}:/home/aayush/newest_frenet_planner/install/dummy:/opt/ros/foxy /usr/bin/cmake --build /home/aayush/newest_frenet_planner/build/frenet_planner_ported -- -j2 -l2
[1.045s] [35m[1mScanning dependencies of target frenet_ros_obst[0m
[1.295s] [ 20%] [32mBuilding CXX object CMakeFiles/frenet_ros_obst.dir/src/frenet_planner.cpp.o[0m
[7.831s] In file included from [01m[K/home/aayush/newest_frenet_planner/src/frenet_planner_ported/src/frenet_planner.cpp:8[m[K:
[7.831s] [01m[K/home/aayush/newest_frenet_planner/src/frenet_planner_ported/./include/matplotlibcpp.hpp:314:36:[m[K [01;35m[Kwarning: [m[Kstatic_assert without a message only available with ‘[01m[K-std=c++17[m[K’ or ‘[01m[K-std=gnu++17[m[K’ [[01;35m[K-Wpedantic[m[K]
[7.832s]   314 | static_assert(sizeof(long long) == [01;35m[K8[m[K);
[7.832s]       |                                    [01;35m[K^[m[K
[7.834s] [01m[K/home/aayush/newest_frenet_planner/src/frenet_planner_ported/./include/matplotlibcpp.hpp:316:45:[m[K [01;35m[Kwarning: [m[Kstatic_assert without a message only available with ‘[01m[K-std=c++17[m[K’ or ‘[01m[K-std=gnu++17[m[K’ [[01;35m[K-Wpedantic[m[K]
[7.834s]   316 | static_assert(sizeof(unsigned long long) == [01;35m[K8[m[K);
[7.834s]       |                                             [01;35m[K^[m[K
[10.353s] In file included from [01m[K/home/aayush/newest_frenet_planner/src/frenet_planner_ported/src/frenet_planner.cpp:10[m[K:
[10.353s] [01m[K/home/aayush/newest_frenet_planner/src/frenet_planner_ported/src/../include/frenet_optimal_trajectory.hpp:[m[K In function ‘[01m[Kstd::ostream& operator<<(std::ostream&, const FrenetPath&)[m[K’:
[10.353s] [01m[K/home/aayush/newest_frenet_planner/src/frenet_planner_ported/src/../include/frenet_optimal_trajectory.hpp:82:20:[m[K [01;35m[Kwarning: [m[Kstatement has no effect [[01;35m[K-Wunused-value[m[K]
[10.353s]    82 | #define trace(...) [01;35m[K42[m[K
[10.353s]       |                    [01;35m[K^~[m[K
[10.354s] [01m[K/home/aayush/newest_frenet_planner/src/frenet_planner_ported/src/../include/frenet_optimal_trajectory.hpp:82:20:[m[K [01;36m[Knote: [m[Kin definition of macro ‘[01m[Ktrace[m[K’
[10.354s]    82 | #define trace(...) [01;36m[K42[m[K
[10.354s]       |                    [01;36m[K^~[m[K
[10.356s] [01m[K/home/aayush/newest_frenet_planner/src/frenet_planner_ported/src/../include/frenet_optimal_trajectory.hpp:82:20:[m[K [01;35m[Kwarning: [m[Kstatement has no effect [[01;35m[K-Wunused-value[m[K]
[10.356s]    82 | #define trace(...) [01;35m[K42[m[K
[10.356s]       |                    [01;35m[K^~[m[K
[10.356s] [01m[K/home/aayush/newest_frenet_planner/src/frenet_planner_ported/src/../include/frenet_optimal_trajectory.hpp:82:20:[m[K [01;36m[Knote: [m[Kin definition of macro ‘[01m[Ktrace[m[K’
[10.356s]    82 | #define trace(...) [01;36m[K42[m[K
[10.357s]       |                    [01;36m[K^~[m[K
[10.357s] [01m[K/home/aayush/newest_frenet_planner/src/frenet_planner_ported/src/../include/frenet_optimal_trajectory.hpp:82:20:[m[K [01;35m[Kwarning: [m[Kstatement has no effect [[01;35m[K-Wunused-value[m[K]
[10.357s]    82 | #define trace(...) [01;35m[K42[m[K
[10.357s]       |                    [01;35m[K^~[m[K
[10.357s] [01m[K/home/aayush/newest_frenet_planner/src/frenet_planner_ported/src/../include/frenet_optimal_trajectory.hpp:82:20:[m[K [01;36m[Knote: [m[Kin definition of macro ‘[01m[Ktrace[m[K’
[10.358s]    82 | #define trace(...) [01;36m[K42[m[K
[10.358s]       |                    [01;36m[K^~[m[K
[10.358s] [01m[K/home/aayush/newest_frenet_planner/src/frenet_planner_ported/src/../include/frenet_optimal_trajectory.hpp:82:20:[m[K [01;35m[Kwarning: [m[Kstatement has no effect [[01;35m[K-Wunused-value[m[K]
[10.358s]    82 | #define trace(...) [01;35m[K42[m[K
[10.359s]       |                    [01;35m[K^~[m[K
[10.359s] [01m[K/home/aayush/newest_frenet_planner/src/frenet_planner_ported/src/../include/frenet_optimal_trajectory.hpp:82:20:[m[K [01;36m[Knote: [m[Kin definition of macro ‘[01m[Ktrace[m[K’
[10.359s]    82 | #define trace(...) [01;36m[K42[m[K
[10.359s]       |                    [01;36m[K^~[m[K
[10.359s] [01m[K/home/aayush/newest_frenet_planner/src/frenet_planner_ported/src/../include/frenet_optimal_trajectory.hpp:82:20:[m[K [01;35m[Kwarning: [m[Kstatement has no effect [[01;35m[K-Wunused-value[m[K]
[10.360s]    82 | #define trace(...) [01;35m[K42[m[K
[10.360s]       |                    [01;35m[K^~[m[K
[10.360s] [01m[K/home/aayush/newest_frenet_planner/src/frenet_planner_ported/src/../include/frenet_optimal_trajectory.hpp:82:20:[m[K [01;36m[Knote: [m[Kin definition of macro ‘[01m[Ktrace[m[K’
[10.360s]    82 | #define trace(...) [01;36m[K42[m[K
[10.362s]       |                    [01;36m[K^~[m[K
[10.362s] [01m[K/home/aayush/newest_frenet_planner/src/frenet_planner_ported/src/../include/frenet_optimal_trajectory.hpp:82:20:[m[K [01;35m[Kwarning: [m[Kstatement has no effect [[01;35m[K-Wunused-value[m[K]
[10.362s]    82 | #define trace(...) [01;35m[K42[m[K
[10.362s]       |                    [01;35m[K^~[m[K
[10.363s] [01m[K/home/aayush/newest_frenet_planner/src/frenet_planner_ported/src/../include/frenet_optimal_trajectory.hpp:82:20:[m[K [01;36m[Knote: [m[Kin definition of macro ‘[01m[Ktrace[m[K’
[10.363s]    82 | #define trace(...) [01;36m[K42[m[K
[10.363s]       |                    [01;36m[K^~[m[K
[10.363s] [01m[K/home/aayush/newest_frenet_planner/src/frenet_planner_ported/src/../include/frenet_optimal_trajectory.hpp:82:20:[m[K [01;35m[Kwarning: [m[Kstatement has no effect [[01;35m[K-Wunused-value[m[K]
[10.364s]    82 | #define trace(...) [01;35m[K42[m[K
[10.364s]       |                    [01;35m[K^~[m[K
[10.364s] [01m[K/home/aayush/newest_frenet_planner/src/frenet_planner_ported/src/../include/frenet_optimal_trajectory.hpp:82:20:[m[K [01;36m[Knote: [m[Kin definition of macro ‘[01m[Ktrace[m[K’
[10.365s]    82 | #define trace(...) [01;36m[K42[m[K
[10.365s]       |                    [01;36m[K^~[m[K
[10.365s] [01m[K/home/aayush/newest_frenet_planner/src/frenet_planner_ported/src/../include/frenet_optimal_trajectory.hpp:82:20:[m[K [01;35m[Kwarning: [m[Kstatement has no effect [[01;35m[K-Wunused-value[m[K]
[10.365s]    82 | #define trace(...) [01;35m[K42[m[K
[10.365s]       |                    [01;35m[K^~[m[K
[10.366s] [01m[K/home/aayush/newest_frenet_planner/src/frenet_planner_ported/src/../include/frenet_optimal_trajectory.hpp:82:20:[m[K [01;36m[Knote: [m[Kin definition of macro ‘[01m[Ktrace[m[K’
[10.366s]    82 | #define trace(...) [01;36m[K42[m[K
[10.366s]       |                    [01;36m[K^~[m[K
[10.366s] [01m[K/home/aayush/newest_frenet_planner/src/frenet_planner_ported/src/../include/frenet_optimal_trajectory.hpp:82:20:[m[K [01;35m[Kwarning: [m[Kstatement has no effect [[01;35m[K-Wunused-value[m[K]
[10.366s]    82 | #define trace(...) [01;35m[K42[m[K
[10.367s]       |                    [01;35m[K^~[m[K
[10.367s] [01m[K/home/aayush/newest_frenet_planner/src/frenet_planner_ported/src/../include/frenet_optimal_trajectory.hpp:82:20:[m[K [01;36m[Knote: [m[Kin definition of macro ‘[01m[Ktrace[m[K’
[10.367s]    82 | #define trace(...) [01;36m[K42[m[K
[10.367s]       |                    [01;36m[K^~[m[K
[10.367s] [01m[K/home/aayush/newest_frenet_planner/src/frenet_planner_ported/src/../include/frenet_optimal_trajectory.hpp:82:20:[m[K [01;35m[Kwarning: [m[Kstatement has no effect [[01;35m[K-Wunused-value[m[K]
[10.371s]    82 | #define trace(...) [01;35m[K42[m[K
[10.371s]       |                    [01;35m[K^~[m[K
[10.372s] [01m[K/home/aayush/newest_frenet_planner/src/frenet_planner_ported/src/../include/frenet_optimal_trajectory.hpp:82:20:[m[K [01;36m[Knote: [m[Kin definition of macro ‘[01m[Ktrace[m[K’
[10.372s]    82 | #define trace(...) [01;36m[K42[m[K
[10.372s]       |                    [01;36m[K^~[m[K
[10.372s] [01m[K/home/aayush/newest_frenet_planner/src/frenet_planner_ported/src/../include/frenet_optimal_trajectory.hpp:82:20:[m[K [01;35m[Kwarning: [m[Kstatement has no effect [[01;35m[K-Wunused-value[m[K]
[10.373s]    82 | #define trace(...) [01;35m[K42[m[K
[10.373s]       |                    [01;35m[K^~[m[K
[10.373s] [01m[K/home/aayush/newest_frenet_planner/src/frenet_planner_ported/src/../include/frenet_optimal_trajectory.hpp:82:20:[m[K [01;36m[Knote: [m[Kin definition of macro ‘[01m[Ktrace[m[K’
[10.373s]    82 | #define trace(...) [01;36m[K42[m[K
[10.374s]       |                    [01;36m[K^~[m[K
[10.374s] [01m[K/home/aayush/newest_frenet_planner/src/frenet_planner_ported/src/../include/frenet_optimal_trajectory.hpp:82:20:[m[K [01;35m[Kwarning: [m[Kstatement has no effect [[01;35m[K-Wunused-value[m[K]
[10.374s]    82 | #define trace(...) [01;35m[K42[m[K
[10.374s]       |                    [01;35m[K^~[m[K
[10.374s] [01m[K/home/aayush/newest_frenet_planner/src/frenet_planner_ported/src/../include/frenet_optimal_trajectory.hpp:82:20:[m[K [01;36m[Knote: [m[Kin definition of macro ‘[01m[Ktrace[m[K’
[10.375s]    82 | #define trace(...) [01;36m[K42[m[K
[10.375s]       |                    [01;36m[K^~[m[K
[10.375s] [01m[K/home/aayush/newest_frenet_planner/src/frenet_planner_ported/src/../include/frenet_optimal_trajectory.hpp:82:20:[m[K [01;35m[Kwarning: [m[Kstatement has no effect [[01;35m[K-Wunused-value[m[K]
[10.375s]    82 | #define trace(...) [01;35m[K42[m[K
[10.375s]       |                    [01;35m[K^~[m[K
[10.376s] [01m[K/home/aayush/newest_frenet_planner/src/frenet_planner_ported/src/../include/frenet_optimal_trajectory.hpp:82:20:[m[K [01;36m[Knote: [m[Kin definition of macro ‘[01m[Ktrace[m[K’
[10.376s]    82 | #define trace(...) [01;36m[K42[m[K
[10.376s]       |                    [01;36m[K^~[m[K
[10.376s] [01m[K/home/aayush/newest_frenet_planner/src/frenet_planner_ported/src/../include/frenet_optimal_trajectory.hpp:83:59:[m[K [01;35m[Kwarning: [m[Kunused parameter ‘[01m[Kfp[m[K’ [[01;35m[K-Wunused-parameter[m[K]
[10.376s]    83 | inline ostream& operator<<(ostream& os, [01;35m[Kconst FrenetPath& fp[m[K)
[10.377s]       |                                         [01;35m[K~~~~~~~~~~~~~~~~~~^~[m[K
[10.377s] [01m[K/home/aayush/newest_frenet_planner/src/frenet_planner_ported/src/frenet_planner.cpp:[m[K In member function ‘[01m[Kvoid FrenetPath::calc_lon_paths_quintic_poly(double, double, double, double, double)[m[K’:
[10.377s] [01m[K/home/aayush/newest_frenet_planner/src/frenet_planner_ported/src/frenet_planner.cpp:69:91:[m[K [01;35m[Kwarning: [m[Kunused parameter ‘[01m[Kts[m[K’ [[01;35m[K-Wunused-parameter[m[K]
[10.377s]    69 | s_quintic_poly(double c_speed, double s0, double Ti, [01;35m[Kdouble ts[m[K,
[10.378s]       |                                                      [01;35m[K~~~~~~~^~[m[K
[10.378s] 
[10.389s] [01m[K/home/aayush/newest_frenet_planner/src/frenet_planner_ported/src/frenet_planner.cpp:[m[K In member function ‘[01m[Kvoid FrenetPath::adding_global_path(Spline2D)[m[K’:
[10.389s] [01m[K/home/aayush/newest_frenet_planner/src/frenet_planner_ported/src/frenet_planner.cpp:198:9:[m[K [01;35m[Kwarning: [m[Kunused variable ‘[01m[KstartTime1[m[K’ [[01;35m[K-Wunused-variable[m[K]
[10.389s]   198 |  double [01;35m[KstartTime1[m[K = omp_get_wtime();
[10.390s]       |         [01;35m[K^~~~~~~~~~[m[K
[10.390s] [01m[K/home/aayush/newest_frenet_planner/src/frenet_planner_ported/src/frenet_planner.cpp:249:9:[m[K [01;35m[Kwarning: [m[Kunused variable ‘[01m[KendTime1[m[K’ [[01;35m[K-Wunused-variable[m[K]
[10.390s]   249 |  double [01;35m[KendTime1[m[K = omp_get_wtime();
[10.390s]       |         [01;35m[K^~~~~~~~[m[K
[10.406s] [01m[K/home/aayush/newest_frenet_planner/src/frenet_planner_ported/src/frenet_planner.cpp:[m[K In function ‘[01m[KFrenetPath frenet_optimal_planning(Spline2D, double, double, double, double, double, FrenetPath, double)[m[K’:
[10.406s] [01m[K/home/aayush/newest_frenet_planner/src/frenet_planner_ported/src/frenet_planner.cpp:446:53:[m[K [01;31m[Kerror: [m[Kcannot call member function ‘[01m[Kconst char* rclcpp::Logger::get_name() const[m[K’ without object
[10.406s]   446 |  const char* logger_name = rclcpp::Logger::get_name([01;31m[K)[m[K;
[10.406s]       |                                                     [01;31m[K^[m[K
[10.407s] In file included from [01m[K/home/aayush/newest_frenet_planner/src/frenet_planner_ported/src/frenet_planner.cpp:10[m[K:
[10.407s] [01m[K/home/aayush/newest_frenet_planner/src/frenet_planner_ported/src/../include/frenet_optimal_trajectory.hpp:82:20:[m[K [01;35m[Kwarning: [m[Kstatement has no effect [[01;35m[K-Wunused-value[m[K]
[10.407s]    82 | #define trace(...) [01;35m[K42[m[K
[10.407s]       |                    [01;35m[K^~[m[K
[10.408s] [01m[K/home/aayush/newest_frenet_planner/src/frenet_planner_ported/src/../include/frenet_optimal_trajectory.hpp:82:20:[m[K [01;36m[Knote: [m[Kin definition of macro ‘[01m[Ktrace[m[K’
[10.408s]    82 | #define trace(...) [01;36m[K42[m[K
[10.408s]       |                    [01;36m[K^~[m[K
[10.409s] In file included from [01m[K/opt/ros/foxy/include/rclcpp/service.hpp:34[m[K,
[10.409s]                  from [01m[K/opt/ros/foxy/include/rclcpp/callback_group.hpp:25[m[K,
[10.409s]                  from [01m[K/opt/ros/foxy/include/rclcpp/any_executable.hpp:20[m[K,
[10.410s]                  from [01m[K/opt/ros/foxy/include/rclcpp/memory_strategy.hpp:24[m[K,
[10.410s]                  from [01m[K/opt/ros/foxy/include/rclcpp/memory_strategies.hpp:18[m[K,
[10.410s]                  from [01m[K/opt/ros/foxy/include/rclcpp/executor_options.hpp:20[m[K,
[10.411s]                  from [01m[K/opt/ros/foxy/include/rclcpp/executor.hpp:33[m[K,
[10.412s]                  from [01m[K/opt/ros/foxy/include/rclcpp/executors/multi_threaded_executor.hpp:25[m[K,
[10.412s]                  from [01m[K/opt/ros/foxy/include/rclcpp/executors.hpp:21[m[K,
[10.412s]                  from [01m[K/opt/ros/foxy/include/rclcpp/rclcpp.hpp:146[m[K,
[10.413s]                  from [01m[K/opt/ros/foxy/include/tf2_ros/buffer_interface.h:35[m[K,
[10.413s]                  from [01m[K/opt/ros/foxy/include/tf2_geometry_msgs/tf2_geometry_msgs.h:38[m[K,
[10.413s]                  from [01m[K/home/aayush/newest_frenet_planner/src/frenet_planner_ported/src/frenet_planner.cpp:2[m[K:
[10.414s] [01m[K/home/aayush/newest_frenet_planner/src/frenet_planner_ported/src/frenet_planner.cpp:455:2:[m[K [01;31m[Kerror: [m[Kstatic assertion failed: First argument to logging macros must be an rclcpp::Logger
[10.415s]   455 |  [01;31m[KRCLCPP_INFO[m[K(logger_name, calc_frenet_paths_function_str);
[10.415s]       |  [01;31m[K^~~~~~~~~~~[m[K
[10.415s] In file included from [01m[K/opt/ros/foxy/include/rclcpp/client.hpp:40[m[K,
[10.416s]                  from [01m[K/opt/ros/foxy/include/rclcpp/callback_group.hpp:23[m[K,
[10.416s]                  from [01m[K/opt/ros/foxy/include/rclcpp/any_executable.hpp:20[m[K,
[10.416s]                  from [01m[K/opt/ros/foxy/include/rclcpp/memory_strategy.hpp:24[m[K,
[10.416s]                  from [01m[K/opt/ros/foxy/include/rclcpp/memory_strategies.hpp:18[m[K,
[10.417s]                  from [01m[K/opt/ros/foxy/include/rclcpp/executor_options.hpp:20[m[K,
[10.417s]                  from [01m[K/opt/ros/foxy/include/rclcpp/executor.hpp:33[m[K,
[10.417s]                  from [01m[K/opt/ros/foxy/include/rclcpp/executors/multi_threaded_executor.hpp:25[m[K,
[10.417s]                  from [01m[K/opt/ros/foxy/include/rclcpp/executors.hpp:21[m[K,
[10.418s]                  from [01m[K/opt/ros/foxy/include/rclcpp/rclcpp.hpp:146[m[K,
[10.418s]                  from [01m[K/opt/ros/foxy/include/tf2_ros/buffer_interface.h:35[m[K,
[10.418s]                  from [01m[K/opt/ros/foxy/include/tf2_geometry_msgs/tf2_geometry_msgs.h:38[m[K,
[10.418s]                  from [01m[K/home/aayush/newest_frenet_planner/src/frenet_planner_ported/src/frenet_planner.cpp:2[m[K:
[10.419s] [01m[K/home/aayush/newest_frenet_planner/src/frenet_planner_ported/src/frenet_planner.cpp:455:2:[m[K [01;31m[Kerror: [m[Krequest for member ‘[01m[Kget_name[m[K’ in ‘[01m[Klogger_name[m[K’, which is of non-class type ‘[01m[Kconst char*[m[K’
[10.419s]   455 |  [01;31m[KRCLCPP_INFO[m[K(logger_name, calc_frenet_paths_function_str);
[10.419s]       |  [01;31m[K^~~~~~~~~~~[m[K
[10.419s] [01m[K/home/aayush/newest_frenet_planner/src/frenet_planner_ported/src/frenet_planner.cpp:455:2:[m[K [01;31m[Kerror: [m[Krequest for member ‘[01m[Kget_name[m[K’ in ‘[01m[Klogger_name[m[K’, which is of non-class type ‘[01m[Kconst char*[m[K’
[10.420s]   455 |  [01;31m[KRCLCPP_INFO[m[K(logger_name, calc_frenet_paths_function_str);
[10.420s]       |  [01;31m[K^~~~~~~~~~~[m[K
[10.420s] In file included from [01m[K/home/aayush/newest_frenet_planner/src/frenet_planner_ported/src/frenet_planner.cpp:10[m[K:
[10.420s] [01m[K/home/aayush/newest_frenet_planner/src/frenet_planner_ported/src/../include/frenet_optimal_trajectory.hpp:82:20:[m[K [01;35m[Kwarning: [m[Kstatement has no effect [[01;35m[K-Wunused-value[m[K]
[10.421s]    82 | #define trace(...) [01;35m[K42[m[K
[10.421s]       |                    [01;35m[K^~[m[K
[10.422s] [01m[K/home/aayush/newest_frenet_planner/src/frenet_planner_ported/src/../include/frenet_optimal_trajectory.hpp:82:20:[m[K [01;36m[Knote: [m[Kin definition of macro ‘[01m[Ktrace[m[K’
[10.422s]    82 | #define trace(...) [01;36m[K42[m[K
[10.422s]       |                    [01;36m[K^~[m[K
[10.422s] In file included from [01m[K/opt/ros/foxy/include/rclcpp/service.hpp:34[m[K,
[10.423s]                  from [01m[K/opt/ros/foxy/include/rclcpp/callback_group.hpp:25[m[K,
[10.423s]                  from [01m[K/opt/ros/foxy/include/rclcpp/any_executable.hpp:20[m[K,
[10.423s]                  from [01m[K/opt/ros/foxy/include/rclcpp/memory_strategy.hpp:24[m[K,
[10.423s]                  from [01m[K/opt/ros/foxy/include/rclcpp/memory_strategies.hpp:18[m[K,
[10.424s]                  from [01m[K/opt/ros/foxy/include/rclcpp/executor_options.hpp:20[m[K,
[10.424s]                  from [01m[K/opt/ros/foxy/include/rclcpp/executor.hpp:33[m[K,
[10.424s]                  from [01m[K/opt/ros/foxy/include/rclcpp/executors/multi_threaded_executor.hpp:25[m[K,
[10.424s]                  from [01m[K/opt/ros/foxy/include/rclcpp/executors.hpp:21[m[K,
[10.424s]                  from [01m[K/opt/ros/foxy/include/rclcpp/rclcpp.hpp:146[m[K,
[10.425s]                  from [01m[K/opt/ros/foxy/include/tf2_ros/buffer_interface.h:35[m[K,
[10.425s]                  from [01m[K/opt/ros/foxy/include/tf2_geometry_msgs/tf2_geometry_msgs.h:38[m[K,
[10.425s]                  from [01m[K/home/aayush/newest_frenet_planner/src/frenet_planner_ported/src/frenet_planner.cpp:2[m[K:
[10.425s] [01m[K/home/aayush/newest_frenet_planner/src/frenet_planner_ported/src/frenet_planner.cpp:465:2:[m[K [01;31m[Kerror: [m[Kstatic assertion failed: First argument to logging macros must be an rclcpp::Logger
[10.425s]   465 |  [01;31m[KRCLCPP_INFO[m[K(logger_name, calc_global_paths_function_str);
[10.426s]       |  [01;31m[K^~~~~~~~~~~[m[K
[10.426s] In file included from [01m[K/opt/ros/foxy/include/rclcpp/client.hpp:40[m[K,
[10.426s]                  from [01m[K/opt/ros/foxy/include/rclcpp/callback_group.hpp:23[m[K,
[10.427s]                  from [01m[K/opt/ros/foxy/include/rclcpp/any_executable.hpp:20[m[K,
[10.427s]                  from [01m[K/opt/ros/foxy/include/rclcpp/memory_strategy.hpp:24[m[K,
[10.427s]                  from [01m[K/opt/ros/foxy/include/rclcpp/memory_strategies.hpp:18[m[K,
[10.427s]                  from [01m[K/opt/ros/foxy/include/rclcpp/executor_options.hpp:20[m[K,
[10.427s]                  from [01m[K/opt/ros/foxy/include/rclcpp/executor.hpp:33[m[K,
[10.428s]                  from [01m[K/opt/ros/foxy/include/rclcpp/executors/multi_threaded_executor.hpp:25[m[K,
[10.428s]                  from [01m[K/opt/ros/foxy/include/rclcpp/executors.hpp:21[m[K,
[10.428s]                  from [01m[K/opt/ros/foxy/include/rclcpp/rclcpp.hpp:146[m[K,
[10.428s]                  from [01m[K/opt/ros/foxy/include/tf2_ros/buffer_interface.h:35[m[K,
[10.428s]                  from [01m[K/opt/ros/foxy/include/tf2_geometry_msgs/tf2_geometry_msgs.h:38[m[K,
[10.429s]                  from [01m[K/home/aayush/newest_frenet_planner/src/frenet_planner_ported/src/frenet_planner.cpp:2[m[K:
[10.429s] [01m[K/home/aayush/newest_frenet_planner/src/frenet_planner_ported/src/frenet_planner.cpp:465:2:[m[K [01;31m[Kerror: [m[Krequest for member ‘[01m[Kget_name[m[K’ in ‘[01m[Klogger_name[m[K’, which is of non-class type ‘[01m[Kconst char*[m[K’
[10.429s]   465 |  [01;31m[KRCLCPP_INFO[m[K(logger_name, calc_global_paths_function_str);
[10.429s]       |  [01;31m[K^~~~~~~~~~~[m[K
[10.430s] [01m[K/home/aayush/newest_frenet_planner/src/frenet_planner_ported/src/frenet_planner.cpp:465:2:[m[K [01;31m[Kerror: [m[Krequest for member ‘[01m[Kget_name[m[K’ in ‘[01m[Klogger_name[m[K’, which is of non-class type ‘[01m[Kconst char*[m[K’
[10.430s]   465 |  [01;31m[KRCLCPP_INFO[m[K(logger_name, calc_global_paths_function_str);
[10.430s]       |  [01;31m[K^~~~~~~~~~~[m[K
[10.430s] In file included from [01m[K/home/aayush/newest_frenet_planner/src/frenet_planner_ported/src/frenet_planner.cpp:10[m[K:
[10.431s] [01m[K/home/aayush/newest_frenet_planner/src/frenet_planner_ported/src/../include/frenet_optimal_trajectory.hpp:82:20:[m[K [01;35m[Kwarning: [m[Kstatement has no effect [[01;35m[K-Wunused-value[m[K]
[10.431s]    82 | #define trace(...) [01;35m[K42[m[K
[10.431s]       |                    [01;35m[K^~[m[K
[10.431s] [01m[K/home/aayush/newest_frenet_planner/src/frenet_planner_ported/src/../include/frenet_optimal_trajectory.hpp:82:20:[m[K [01;36m[Knote: [m[Kin definition of macro ‘[01m[Ktrace[m[K’
[10.432s]    82 | #define trace(...) [01;36m[K42[m[K
[10.432s]       |                    [01;36m[K^~[m[K
[10.432s] In file included from [01m[K/opt/ros/foxy/include/rclcpp/service.hpp:34[m[K,
[10.432s]                  from [01m[K/opt/ros/foxy/include/rclcpp/callback_group.hpp:25[m[K,
[10.432s]                  from [01m[K/opt/ros/foxy/include/rclcpp/any_executable.hpp:20[m[K,
[10.433s]                  from [01m[K/opt/ros/foxy/include/rclcpp/memory_strategy.hpp:24[m[K,
[10.433s]                  from [01m[K/opt/ros/foxy/include/rclcpp/memory_strategies.hpp:18[m[K,
[10.433s]                  from [01m[K/opt/ros/foxy/include/rclcpp/executor_options.hpp:20[m[K,
[10.434s]                  from [01m[K/opt/ros/foxy/include/rclcpp/executor.hpp:33[m[K,
[10.434s]                  from [01m[K/opt/ros/foxy/include/rclcpp/executors/multi_threaded_executor.hpp:25[m[K,
[10.434s]                  from [01m[K/opt/ros/foxy/include/rclcpp/executors.hpp:21[m[K,
[10.434s]                  from [01m[K/opt/ros/foxy/include/rclcpp/rclcpp.hpp:146[m[K,
[10.434s]                  from [01m[K/opt/ros/foxy/include/tf2_ros/buffer_interface.h:35[m[K,
[10.435s]                  from [01m[K/opt/ros/foxy/include/tf2_geometry_msgs/tf2_geometry_msgs.h:38[m[K,
[10.435s]                  from [01m[K/home/aayush/newest_frenet_planner/src/frenet_planner_ported/src/frenet_planner.cpp:2[m[K:
[10.435s] [01m[K/home/aayush/newest_frenet_planner/src/frenet_planner_ported/src/frenet_planner.cpp:478:2:[m[K [01;31m[Kerror: [m[Kstatic assertion failed: First argument to logging macros must be an rclcpp::Logger
[10.435s]   478 |  [01;31m[KRCLCPP_INFO[m[K(logger_name, calc_path_function_str);
[10.435s]       |  [01;31m[K^~~~~~~~~~~[m[K
[10.436s] In file included from [01m[K/opt/ros/foxy/include/rclcpp/client.hpp:40[m[K,
[10.436s]                  from [01m[K/opt/ros/foxy/include/rclcpp/callback_group.hpp:23[m[K,
[10.436s]                  from [01m[K/opt/ros/foxy/include/rclcpp/any_executable.hpp:20[m[K,
[10.436s]                  from [01m[K/opt/ros/foxy/include/rclcpp/memory_strategy.hpp:24[m[K,
[10.437s]                  from [01m[K/opt/ros/foxy/include/rclcpp/memory_strategies.hpp:18[m[K,
[10.437s]                  from [01m[K/opt/ros/foxy/include/rclcpp/executor_options.hpp:20[m[K,
[10.437s]                  from [01m[K/opt/ros/foxy/include/rclcpp/executor.hpp:33[m[K,
[10.437s]                  from [01m[K/opt/ros/foxy/include/rclcpp/executors/multi_threaded_executor.hpp:25[m[K,
[10.438s]                  from [01m[K/opt/ros/foxy/include/rclcpp/executors.hpp:21[m[K,
[10.438s]                  from [01m[K/opt/ros/foxy/include/rclcpp/rclcpp.hpp:146[m[K,
[10.438s]                  from [01m[K/opt/ros/foxy/include/tf2_ros/buffer_interface.h:35[m[K,
[10.438s]                  from [01m[K/opt/ros/foxy/include/tf2_geometry_msgs/tf2_geometry_msgs.h:38[m[K,
[10.438s]                  from [01m[K/home/aayush/newest_frenet_planner/src/frenet_planner_ported/src/frenet_planner.cpp:2[m[K:
[10.439s] [01m[K/home/aayush/newest_frenet_planner/src/frenet_planner_ported/src/frenet_planner.cpp:478:2:[m[K [01;31m[Kerror: [m[Krequest for member ‘[01m[Kget_name[m[K’ in ‘[01m[Klogger_name[m[K’, which is of non-class type ‘[01m[Kconst char*[m[K’
[10.439s]   478 |  [01;31m[KRCLCPP_INFO[m[K(logger_name, calc_path_function_str);
[10.439s]       |  [01;31m[K^~~~~~~~~~~[m[K
[10.439s] [01m[K/home/aayush/newest_frenet_planner/src/frenet_planner_ported/src/frenet_planner.cpp:478:2:[m[K [01;31m[Kerror: [m[Krequest for member ‘[01m[Kget_name[m[K’ in ‘[01m[Klogger_name[m[K’, which is of non-class type ‘[01m[Kconst char*[m[K’
[10.439s]   478 |  [01;31m[KRCLCPP_INFO[m[K(logger_name, calc_path_function_str);
[10.440s]       |  [01;31m[K^~~~~~~~~~~[m[K
[10.440s] In file included from [01m[K/home/aayush/newest_frenet_planner/src/frenet_planner_ported/src/frenet_planner.cpp:10[m[K:
[10.440s] [01m[K/home/aayush/newest_frenet_planner/src/frenet_planner_ported/src/../include/frenet_optimal_trajectory.hpp:82:20:[m[K [01;35m[Kwarning: [m[Kstatement has no effect [[01;35m[K-Wunused-value[m[K]
[10.440s]    82 | #define trace(...) [01;35m[K42[m[K
[10.441s]       |                    [01;35m[K^~[m[K
[10.441s] [01m[K/home/aayush/newest_frenet_planner/src/frenet_planner_ported/src/../include/frenet_optimal_trajectory.hpp:82:20:[m[K [01;36m[Knote: [m[Kin definition of macro ‘[01m[Ktrace[m[K’
[10.441s]    82 | #define trace(...) [01;36m[K42[m[K
[10.441s]       |                    [01;36m[K^~[m[K
[10.441s] [01m[K/home/aayush/newest_frenet_planner/src/frenet_planner_ported/src/../include/frenet_optimal_trajectory.hpp:82:20:[m[K [01;35m[Kwarning: [m[Kstatement has no effect [[01;35m[K-Wunused-value[m[K]
[10.442s]    82 | #define trace(...) [01;35m[K42[m[K
[10.442s]       |                    [01;35m[K^~[m[K
[10.442s] [01m[K/home/aayush/newest_frenet_planner/src/frenet_planner_ported/src/../include/frenet_optimal_trajectory.hpp:82:20:[m[K [01;36m[Knote: [m[Kin definition of macro ‘[01m[Ktrace[m[K’
[10.442s]    82 | #define trace(...) [01;36m[K42[m[K
[10.442s]       |                    [01;36m[K^~[m[K
[11.845s] make[2]: *** [CMakeFiles/frenet_ros_obst.dir/build.make:76: CMakeFiles/frenet_ros_obst.dir/src/frenet_planner.cpp.o] Error 1
[11.845s] make[1]: *** [CMakeFiles/Makefile2:78: CMakeFiles/frenet_ros_obst.dir/all] Error 2
[11.846s] make: *** [Makefile:141: all] Error 2
[11.852s] Invoked command in '/home/aayush/newest_frenet_planner/build/frenet_planner_ported' returned '2': CMAKE_PREFIX_PATH=${CMAKE_PREFIX_PATH}:/home/aayush/newest_frenet_planner/install/dummy:/opt/ros/foxy /usr/bin/cmake --build /home/aayush/newest_frenet_planner/build/frenet_planner_ported -- -j2 -l2
