[0.920s] Invoking command in '/home/aayush/newest_frenet_planner/build/frenet_planner_ported': CMAKE_PREFIX_PATH=${CMAKE_PREFIX_PATH}:/home/aayush/newest_frenet_planner/install/dummy:/opt/ros/foxy /usr/bin/cmake --build /home/aayush/newest_frenet_planner/build/frenet_planner_ported -- -j2 -l2
[1.115s] [35m[1mScanning dependencies of target frenet_ros_obst[0m
[1.354s] [ 20%] [32mBuilding CXX object CMakeFiles/frenet_ros_obst.dir/src/frenet_ros_obst.cpp.o[0m
[1.408s] [ 40%] [32mBuilding CXX object CMakeFiles/frenet_ros_obst.dir/src/frenet_planner.cpp.o[0m
[9.809s] In file included from [01m[K/home/aayush/newest_frenet_planner/src/frenet_planner_ported/src/frenet_planner.cpp:8[m[K:
[9.810s] [01m[K/home/aayush/newest_frenet_planner/src/frenet_planner_ported/./include/matplotlibcpp.hpp:314:36:[m[K [01;35m[Kwarning: [m[Kstatic_assert without a message only available with ‘[01m[K-std=c++17[m[K’ or ‘[01m[K-std=gnu++17[m[K’ [[01;35m[K-Wpedantic[m[K]
[9.810s]   314 | static_assert(sizeof(long long) == [01;35m[K8[m[K);
[9.810s]       |                                    [01;35m[K^[m[K
[9.811s] [01m[K/home/aayush/newest_frenet_planner/src/frenet_planner_ported/./include/matplotlibcpp.hpp:316:45:[m[K [01;35m[Kwarning: [m[Kstatic_assert without a message only available with ‘[01m[K-std=c++17[m[K’ or ‘[01m[K-std=gnu++17[m[K’ [[01;35m[K-Wpedantic[m[K]
[9.811s]   316 | static_assert(sizeof(unsigned long long) == [01;35m[K8[m[K);
[9.811s]       |                                             [01;35m[K^[m[K
[12.360s] In file included from [01m[K/home/aayush/newest_frenet_planner/src/frenet_planner_ported/src/../include/../include/frenet_class.hpp:11[m[K,
[12.361s]                  from [01m[K/home/aayush/newest_frenet_planner/src/frenet_planner_ported/src/../include/frenet_optimal_trajectory.hpp:6[m[K,
[12.361s]                  from [01m[K/home/aayush/newest_frenet_planner/src/frenet_planner_ported/src/frenet_ros_obst.cpp:2[m[K:
[12.361s] [01m[K/home/aayush/newest_frenet_planner/src/frenet_planner_ported/./include/matplotlibcpp.hpp:314:36:[m[K [01;35m[Kwarning: [m[Kstatic_assert without a message only available with ‘[01m[K-std=c++17[m[K’ or ‘[01m[K-std=gnu++17[m[K’ [[01;35m[K-Wpedantic[m[K]
[12.362s]   314 | static_assert(sizeof(long long) == [01;35m[K8[m[K);
[12.368s]       |                                    [01;35m[K^[m[K
[12.371s] [01m[K/home/aayush/newest_frenet_planner/src/frenet_planner_ported/./include/matplotlibcpp.hpp:316:45:[m[K [01;35m[Kwarning: [m[Kstatic_assert without a message only available with ‘[01m[K-std=c++17[m[K’ or ‘[01m[K-std=gnu++17[m[K’ [[01;35m[K-Wpedantic[m[K]
[12.371s]   316 | static_assert(sizeof(unsigned long long) == [01;35m[K8[m[K);
[12.371s]       |                                             [01;35m[K^[m[K
[13.618s] In file included from [01m[K/home/aayush/newest_frenet_planner/src/frenet_planner_ported/src/../include/frenet_optimal_trajectory.hpp:6[m[K,
[13.619s]                  from [01m[K/home/aayush/newest_frenet_planner/src/frenet_planner_ported/src/frenet_planner.cpp:10[m[K:
[13.619s] [01m[K/home/aayush/newest_frenet_planner/src/frenet_planner_ported/src/../include/../include/frenet_class.hpp:165:81:[m[K [01;35m[Kwarning: [m[K‘[01m[Kgeometry_msgs::msg::PolygonStamped_<std::allocator<void> >::ConstPtr[m[K’ is deprecated [[01;35m[K-Wdeprecated-declarations[m[K]
[13.619s]   165 |     void footprint_callback(const geometry_msgs::msg::PolygonStamped::ConstPtr p[01;35m[K)[m[K
[13.619s]       |                                                                                 [01;35m[K^[m[K
[13.620s] In file included from [01m[K/opt/ros/foxy/include/geometry_msgs/msg/polygon_stamped.hpp:7[m[K,
[13.620s]                  from [01m[K/home/aayush/newest_frenet_planner/src/frenet_planner_ported/src/frenet_planner.cpp:6[m[K:
[13.620s] [01m[K/opt/ros/foxy/include/geometry_msgs/msg/detail/polygon_stamped__struct.hpp:114:5:[m[K [01;36m[Knote: [m[Kdeclared here
[13.620s]   114 |     [01;36m[KConstPtr[m[K;
[13.621s]       |     [01;36m[K^~~~~~~~[m[K
[13.621s] In file included from [01m[K/home/aayush/newest_frenet_planner/src/frenet_planner_ported/src/../include/frenet_optimal_trajectory.hpp:6[m[K,
[13.621s]                  from [01m[K/home/aayush/newest_frenet_planner/src/frenet_planner_ported/src/frenet_planner.cpp:10[m[K:
[13.621s] [01m[K/home/aayush/newest_frenet_planner/src/frenet_planner_ported/src/../include/../include/frenet_class.hpp:171:67:[m[K [01;35m[Kwarning: [m[K‘[01m[Knav_msgs::msg::Odometry_<std::allocator<void> >::ConstPtr[m[K’ is deprecated [[01;35m[K-Wdeprecated-declarations[m[K]
[13.621s]   171 |     void odom_callback(const nav_msgs::msg::Odometry::ConstPtr msg[01;35m[K)[m[K
[13.622s]       |                                                                   [01;35m[K^[m[K
[13.622s] In file included from [01m[K/opt/ros/foxy/include/nav_msgs/msg/odometry.hpp:7[m[K,
[13.622s]                  from [01m[K/home/aayush/newest_frenet_planner/src/frenet_planner_ported/src/frenet_planner.cpp:4[m[K:
[13.622s] [01m[K/opt/ros/foxy/include/nav_msgs/msg/detail/odometry__struct.hpp:145:5:[m[K [01;36m[Knote: [m[Kdeclared here
[13.622s]   145 |     [01;36m[KConstPtr[m[K;
[13.623s]       |     [01;36m[K^~~~~~~~[m[K
[13.623s] In file included from [01m[K/home/aayush/newest_frenet_planner/src/frenet_planner_ported/src/../include/frenet_optimal_trajectory.hpp:6[m[K,
[13.623s]                  from [01m[K/home/aayush/newest_frenet_planner/src/frenet_planner_ported/src/frenet_planner.cpp:10[m[K:
[13.623s] [01m[K/home/aayush/newest_frenet_planner/src/frenet_planner_ported/src/../include/../include/frenet_class.hpp:175:86:[m[K [01;35m[Kwarning: [m[K‘[01m[Knav_msgs::msg::OccupancyGrid_<std::allocator<void> >::ConstPtr[m[K’ is deprecated [[01;35m[K-Wdeprecated-declarations[m[K]
[13.624s]   175 |     void costmap_callback(const nav_msgs::msg::OccupancyGrid::ConstPtr occupancy_grid[01;35m[K)[m[K
[13.624s]       |                                                                                      [01;35m[K^[m[K
[13.624s] In file included from [01m[K/opt/ros/foxy/include/nav_msgs/msg/occupancy_grid.hpp:7[m[K,
[13.624s]                  from [01m[K/home/aayush/newest_frenet_planner/src/frenet_planner_ported/src/frenet_planner.cpp:5[m[K:
[13.624s] [01m[K/opt/ros/foxy/include/nav_msgs/msg/detail/occupancy_grid__struct.hpp:123:5:[m[K [01;36m[Knote: [m[Kdeclared here
[13.625s]   123 |     [01;36m[KConstPtr[m[K;
[13.625s]       |     [01;36m[K^~~~~~~~[m[K
[13.758s] In file included from [01m[K/home/aayush/newest_frenet_planner/src/frenet_planner_ported/src/../include/frenet_optimal_trajectory.hpp:6[m[K,
[13.758s]                  from [01m[K/home/aayush/newest_frenet_planner/src/frenet_planner_ported/src/frenet_ros_obst.cpp:2[m[K:
[13.758s] [01m[K/home/aayush/newest_frenet_planner/src/frenet_planner_ported/src/../include/../include/frenet_class.hpp:165:81:[m[K [01;35m[Kwarning: [m[K‘[01m[Kgeometry_msgs::msg::PolygonStamped_<std::allocator<void> >::ConstPtr[m[K’ is deprecated [[01;35m[K-Wdeprecated-declarations[m[K]
[13.759s]   165 | allback(const geometry_msgs::msg::PolygonStamped::ConstPtr p[01;35m[K)[m[K
[13.759s]       |                                                             [01;35m[K^[m[K
[13.760s] 
[13.760s] In file included from [01m[K/opt/ros/foxy/include/geometry_msgs/msg/polygon_stamped.hpp:7[m[K,
[13.760s]                  from [01m[K/home/aayush/newest_frenet_planner/src/frenet_planner_ported/src/../include/../include/frenet_class.hpp:8[m[K,
[13.761s]                  from [01m[K/home/aayush/newest_frenet_planner/src/frenet_planner_ported/src/../include/frenet_optimal_trajectory.hpp:6[m[K,
[13.761s]                  from [01m[K/home/aayush/newest_frenet_planner/src/frenet_planner_ported/src/frenet_ros_obst.cpp:2[m[K:
[13.761s] [01m[K/opt/ros/foxy/include/geometry_msgs/msg/detail/polygon_stamped__struct.hpp:114:5:[m[K [01;36m[Knote: [m[Kdeclared here
[13.762s]   114 |     [01;36m[KConstPtr[m[K;
[13.762s]       |     [01;36m[K^~~~~~~~[m[K
[13.762s] In file included from [01m[K/home/aayush/newest_frenet_planner/src/frenet_planner_ported/src/../include/frenet_optimal_trajectory.hpp:6[m[K,
[13.763s]                  from [01m[K/home/aayush/newest_frenet_planner/src/frenet_planner_ported/src/frenet_ros_obst.cpp:2[m[K:
[13.763s] [01m[K/home/aayush/newest_frenet_planner/src/frenet_planner_ported/src/../include/../include/frenet_class.hpp:171:67:[m[K [01;35m[Kwarning: [m[K‘[01m[Knav_msgs::msg::Odometry_<std::allocator<void> >::ConstPtr[m[K’ is deprecated [[01;35m[K-Wdeprecated-declarations[m[K]
[13.763s]   171 |     void odom_callback(const nav_msgs::msg::Odometry::ConstPtr msg[01;35m[K)[m[K
[13.764s]       |                                                                   [01;35m[K^[m[K
[13.764s] In file included from [01m[K/opt/ros/foxy/include/nav_msgs/msg/odometry.hpp:7[m[K,
[13.764s]                  from [01m[K/home/aayush/newest_frenet_planner/src/frenet_planner_ported/src/../include/../include/frenet_class.hpp:6[m[K,
[13.765s]                  from [01m[K/home/aayush/newest_frenet_planner/src/frenet_planner_ported/src/../include/frenet_optimal_trajectory.hpp:6[m[K,
[13.765s]                  from [01m[K/home/aayush/newest_frenet_planner/src/frenet_planner_ported/src/frenet_ros_obst.cpp:2[m[K:
[13.765s] [01m[K/opt/ros/foxy/include/nav_msgs/msg/detail/odometry__struct.hpp:145:5:[m[K [01;36m[Knote: [m[Kdeclared here
[13.766s]   145 |     [01;36m[KConstPtr[m[K;
[13.766s]       |     [01;36m[K^~~~~~~~[m[K
[13.767s] In file included from [01m[K/home/aayush/newest_frenet_planner/src/frenet_planner_ported/src/../include/frenet_optimal_trajectory.hpp:6[m[K,
[13.767s]                  from [01m[K/home/aayush/newest_frenet_planner/src/frenet_planner_ported/src/frenet_ros_obst.cpp:2[m[K:
[13.767s] [01m[K/home/aayush/newest_frenet_planner/src/frenet_planner_ported/src/../include/../include/frenet_class.hpp:175:86:[m[K [01;35m[Kwarning: [m[K‘[01m[Knav_msgs::msg::OccupancyGrid_<std::allocator<void> >::ConstPtr[m[K’ is deprecated [[01;35m[K-Wdeprecated-declarations[m[K]
[13.767s]   175 | (const nav_msgs::msg::OccupancyGrid::ConstPtr occupancy_grid[01;35m[K)[m[K
[13.768s]       |                                                             [01;35m[K^[m[K
[13.772s] 
[13.772s] In file included from [01m[K/opt/ros/foxy/include/nav_msgs/msg/occupancy_grid.hpp:7[m[K,
[13.772s]                  from [01m[K/home/aayush/newest_frenet_planner/src/frenet_planner_ported/src/../include/../include/frenet_class.hpp:7[m[K,
[13.772s]                  from [01m[K/home/aayush/newest_frenet_planner/src/frenet_planner_ported/src/../include/frenet_optimal_trajectory.hpp:6[m[K,
[13.773s]                  from [01m[K/home/aayush/newest_frenet_planner/src/frenet_planner_ported/src/frenet_ros_obst.cpp:2[m[K:
[13.773s] [01m[K/opt/ros/foxy/include/nav_msgs/msg/detail/occupancy_grid__struct.hpp:123:5:[m[K [01;36m[Knote: [m[Kdeclared here
[13.773s]   123 |     [01;36m[KConstPtr[m[K;
[13.773s]       |     [01;36m[K^~~~~~~~[m[K
[13.791s] In file included from [01m[K/home/aayush/newest_frenet_planner/src/frenet_planner_ported/src/../include/frenet_optimal_trajectory.hpp:6[m[K,
[13.791s]                  from [01m[K/home/aayush/newest_frenet_planner/src/frenet_planner_ported/src/frenet_planner.cpp:10[m[K:
[13.791s] [01m[K/home/aayush/newest_frenet_planner/src/frenet_planner_ported/src/../include/../include/frenet_class.hpp:[m[K In member function ‘[01m[Kvoid FrenetClass::costmap_callback(nav_msgs::msg::OccupancyGrid_<std::allocator<void> >::ConstPtr)[m[K’:
[13.792s] [01m[K/home/aayush/newest_frenet_planner/src/frenet_planner_ported/src/../include/../include/frenet_class.hpp:205:22:[m[K [01;35m[Kwarning: [m[Kcomparison of integer expressions of different signedness: ‘[01m[Klong int[m[K’ and ‘[01m[Kstd::vector<std::pair<double, double> >::size_type[m[K’ {aka ‘[01m[Klong unsigned int[m[K’} [[01;35m[K-Wsign-compare[m[K]
[13.792s]   205 |   for (long i = 0; [01;35m[Ki < ob1.size()[m[K; i++)
[13.792s]       |                    [01;35m[K~~^~~~~~~~~~~~[m[K
[13.796s] [01m[K/home/aayush/newest_frenet_planner/src/frenet_planner_ported/src/../include/../include/frenet_class.hpp:185:13:[m[K [01;35m[Kwarning: [m[Kunused variable ‘[01m[KstartTime1[m[K’ [[01;35m[K-Wunused-variable[m[K]
[13.796s]   185 |      double [01;35m[KstartTime1[m[K = omp_get_wtime();
[13.796s]       |             [01;35m[K^~~~~~~~~~[m[K
[13.810s] In file included from [01m[K/home/aayush/newest_frenet_planner/src/frenet_planner_ported/src/frenet_planner.cpp:10[m[K:
[13.811s] [01m[K/home/aayush/newest_frenet_planner/src/frenet_planner_ported/src/../include/frenet_optimal_trajectory.hpp:[m[K In function ‘[01m[Kstd::ostream& operator<<(std::ostream&, const FrenetPath&)[m[K’:
[13.811s] [01m[K/home/aayush/newest_frenet_planner/src/frenet_planner_ported/src/../include/frenet_optimal_trajectory.hpp:80:20:[m[K [01;35m[Kwarning: [m[Kstatement has no effect [[01;35m[K-Wunused-value[m[K]
[13.811s]    80 | #define trace(...) [01;35m[K42[m[K
[13.812s]       |                    [01;35m[K^~[m[K
[13.812s] [01m[K/home/aayush/newest_frenet_planner/src/frenet_planner_ported/src/../include/frenet_optimal_trajectory.hpp:80:20:[m[K [01;36m[Knote: [m[Kin definition of macro ‘[01m[Ktrace[m[K’
[13.812s]    80 | #define trace(...) [01;36m[K42[m[K
[13.813s]       |                    [01;36m[K^~[m[K
[13.813s] [01m[K/home/aayush/newest_frenet_planner/src/frenet_planner_ported/src/../include/frenet_optimal_trajectory.hpp:80:20:[m[K [01;35m[Kwarning: [m[Kstatement has no effect [[01;35m[K-Wunused-value[m[K]
[13.813s]    80 | #define trace(...) [01;35m[K42[m[K
[13.813s]       |                    [01;35m[K^~[m[K
[13.814s] [01m[K/home/aayush/newest_frenet_planner/src/frenet_planner_ported/src/../include/frenet_optimal_trajectory.hpp:80:20:[m[K [01;36m[Knote: [m[Kin definition of macro ‘[01m[Ktrace[m[K’
[13.814s]    80 | #define trace(...) [01;36m[K42[m[K
[13.814s]       |                    [01;36m[K^~[m[K
[13.814s] [01m[K/home/aayush/newest_frenet_planner/src/frenet_planner_ported/src/../include/frenet_optimal_trajectory.hpp:80:20:[m[K [01;35m[Kwarning: [m[Kstatement has no effect [[01;35m[K-Wunused-value[m[K]
[13.815s]    80 | #define trace(...) [01;35m[K42[m[K
[13.815s]       |                    [01;35m[K^~[m[K
[13.815s] [01m[K/home/aayush/newest_frenet_planner/src/frenet_planner_ported/src/../include/frenet_optimal_trajectory.hpp:80:20:[m[K [01;36m[Knote: [m[Kin definition of macro ‘[01m[Ktrace[m[K’
[13.816s]    80 | #define trace(...) [01;36m[K42[m[K
[13.816s]       |                    [01;36m[K^~[m[K
[13.819s] [01m[K/home/aayush/newest_frenet_planner/src/frenet_planner_ported/src/../include/frenet_optimal_trajectory.hpp:80:20:[m[K [01;35m[Kwarning: [m[Kstatement has no effect [[01;35m[K-Wunused-value[m[K]
[13.819s]    80 | #define trace(...) [01;35m[K42[m[K
[13.820s]       |                    [01;35m[K^~[m[K
[13.820s] [01m[K/home/aayush/newest_frenet_planner/src/frenet_planner_ported/src/../include/frenet_optimal_trajectory.hpp:80:20:[m[K [01;36m[Knote: [m[Kin definition of macro ‘[01m[Ktrace[m[K’
[13.820s]    80 | #define trace(...) [01;36m[K42[m[K
[13.821s]       |                    [01;36m[K^~[m[K
[13.821s] [01m[K/home/aayush/newest_frenet_planner/src/frenet_planner_ported/src/../include/frenet_optimal_trajectory.hpp:80:20:[m[K [01;35m[Kwarning: [m[Kstatement has no effect [[01;35m[K-Wunused-value[m[K]
[13.821s]    80 | #define trace(...) [01;35m[K42[m[K
[13.821s]       |                    [01;35m[K^~[m[K
[13.822s] [01m[K/home/aayush/newest_frenet_planner/src/frenet_planner_ported/src/../include/frenet_optimal_trajectory.hpp:80:20:[m[K [01;36m[Knote: [m[Kin definition of macro ‘[01m[Ktrace[m[K’
[13.822s]    80 | #define trace(...) [01;36m[K42[m[K
[13.822s]       |                    [01;36m[K^~[m[K
[13.823s] [01m[K/home/aayush/newest_frenet_planner/src/frenet_planner_ported/src/../include/frenet_optimal_trajectory.hpp:80:20:[m[K [01;35m[Kwarning: [m[Kstatement has no effect [[01;35m[K-Wunused-value[m[K]
[13.823s]    80 | #define trace(...) [01;35m[K42[m[K
[13.823s]       |                    [01;35m[K^~[m[K
[13.823s] [01m[K/home/aayush/newest_frenet_planner/src/frenet_planner_ported/src/../include/frenet_optimal_trajectory.hpp:80:20:[m[K [01;36m[Knote: [m[Kin definition of macro ‘[01m[Ktrace[m[K’
[13.824s]    80 | #define trace(...) [01;36m[K42[m[K
[13.824s]       |                    [01;36m[K^~[m[K
[13.824s] [01m[K/home/aayush/newest_frenet_planner/src/frenet_planner_ported/src/../include/frenet_optimal_trajectory.hpp:80:20:[m[K [01;35m[Kwarning: [m[Kstatement has no effect [[01;35m[K-Wunused-value[m[K]
[13.824s]    80 | #define trace(...) [01;35m[K42[m[K
[13.824s]       |                    [01;35m[K^~[m[K
[13.834s] [01m[K/home/aayush/newest_frenet_planner/src/frenet_planner_ported/src/../include/frenet_optimal_trajectory.hpp:80:20:[m[K [01;36m[Knote: [m[Kin definition of macro ‘[01m[Ktrace[m[K’
[13.834s]    80 | #define trace(...) [01;36m[K42[m[K
[13.835s]       |                    [01;36m[K^~[m[K
[13.835s] [01m[K/home/aayush/newest_frenet_planner/src/frenet_planner_ported/src/../include/frenet_optimal_trajectory.hpp:80:20:[m[K [01;35m[Kwarning: [m[Kstatement has no effect [[01;35m[K-Wunused-value[m[K]
[13.835s]    80 | #define trace(...) [01;35m[K42[m[K
[13.835s]       |                    [01;35m[K^~[m[K
[13.835s] [01m[K/home/aayush/newest_frenet_planner/src/frenet_planner_ported/src/../include/frenet_optimal_trajectory.hpp:80:20:[m[K [01;36m[Knote: [m[Kin definition of macro ‘[01m[Ktrace[m[K’
[13.836s]    80 | #define trace(...) [01;36m[K42[m[K
[13.836s]       |                    [01;36m[K^~[m[K
[13.836s] [01m[K/home/aayush/newest_frenet_planner/src/frenet_planner_ported/src/../include/frenet_optimal_trajectory.hpp:80:20:[m[K [01;35m[Kwarning: [m[Kstatement has no effect [[01;35m[K-Wunused-value[m[K]
[13.836s]    80 | #define trace(...) [01;35m[K42[m[K
[13.837s]       |                    [01;35m[K^~[m[K
[13.837s] [01m[K/home/aayush/newest_frenet_planner/src/frenet_planner_ported/src/../include/frenet_optimal_trajectory.hpp:80:20:[m[K [01;36m[Knote: [m[Kin definition of macro ‘[01m[Ktrace[m[K’
[13.837s]    80 | #define trace(...) [01;36m[K42[m[K
[13.837s]       |                    [01;36m[K^~[m[K
[13.837s] [01m[K/home/aayush/newest_frenet_planner/src/frenet_planner_ported/src/../include/frenet_optimal_trajectory.hpp:80:20:[m[K [01;35m[Kwarning: [m[Kstatement has no effect [[01;35m[K-Wunused-value[m[K]
[13.839s]    80 | #define trace(...) [01;35m[K42[m[K
[13.839s]       |                    [01;35m[K^~[m[K
[13.839s] [01m[K/home/aayush/newest_frenet_planner/src/frenet_planner_ported/src/../include/frenet_optimal_trajectory.hpp:80:20:[m[K [01;36m[Knote: [m[Kin definition of macro ‘[01m[Ktrace[m[K’
[13.839s]    80 | #define trace(...) [01;36m[K42[m[K
[13.840s]       |                    [01;36m[K^~[m[K
[13.840s] [01m[K/home/aayush/newest_frenet_planner/src/frenet_planner_ported/src/../include/frenet_optimal_trajectory.hpp:80:20:[m[K [01;35m[Kwarning: [m[Kstatement has no effect [[01;35m[K-Wunused-value[m[K]
[13.840s]    80 | #define trace(...) [01;35m[K42[m[K
[13.840s]       |                    [01;35m[K^~[m[K
[13.840s] [01m[K/home/aayush/newest_frenet_planner/src/frenet_planner_ported/src/../include/frenet_optimal_trajectory.hpp:80:20:[m[K [01;36m[Knote: [m[Kin definition of macro ‘[01m[Ktrace[m[K’
[13.841s]    80 | #define trace(...) [01;36m[K42[m[K
[13.841s]       |                    [01;36m[K^~[m[K
[13.841s] [01m[K/home/aayush/newest_frenet_planner/src/frenet_planner_ported/src/../include/frenet_optimal_trajectory.hpp:80:20:[m[K [01;35m[Kwarning: [m[Kstatement has no effect [[01;35m[K-Wunused-value[m[K]
[13.841s]    80 | #define trace(...) [01;35m[K42[m[K
[13.842s]       |                    [01;35m[K^~[m[K
[13.842s] [01m[K/home/aayush/newest_frenet_planner/src/frenet_planner_ported/src/../include/frenet_optimal_trajectory.hpp:80:20:[m[K [01;36m[Knote: [m[Kin definition of macro ‘[01m[Ktrace[m[K’
[13.842s]    80 | #define trace(...) [01;36m[K42[m[K
[13.842s]       |                    [01;36m[K^~[m[K
[13.843s] [01m[K/home/aayush/newest_frenet_planner/src/frenet_planner_ported/src/../include/frenet_optimal_trajectory.hpp:80:20:[m[K [01;35m[Kwarning: [m[Kstatement has no effect [[01;35m[K-Wunused-value[m[K]
[13.843s]    80 | #define trace(...) [01;35m[K42[m[K
[13.843s]       |                    [01;35m[K^~[m[K
[13.843s] [01m[K/home/aayush/newest_frenet_planner/src/frenet_planner_ported/src/../include/frenet_optimal_trajectory.hpp:80:20:[m[K [01;36m[Knote: [m[Kin definition of macro ‘[01m[Ktrace[m[K’
[13.843s]    80 | #define trace(...) [01;36m[K42[m[K
[13.844s]       |                    [01;36m[K^~[m[K
[13.844s] [01m[K/home/aayush/newest_frenet_planner/src/frenet_planner_ported/src/../include/frenet_optimal_trajectory.hpp:81:59:[m[K [01;35m[Kwarning: [m[Kunused parameter ‘[01m[Kfp[m[K’ [[01;35m[K-Wunused-parameter[m[K]
[13.844s]    81 | inline ostream& operator<<(ostream& os, [01;35m[Kconst FrenetPath& fp[m[K)
[13.844s]       |                                         [01;35m[K~~~~~~~~~~~~~~~~~~^~[m[K
[13.860s] [01m[K/home/aayush/newest_frenet_planner/src/frenet_planner_ported/src/frenet_planner.cpp:[m[K In member function ‘[01m[Kvoid FrenetPath::calc_lon_paths_quintic_poly(double, double, double, double, double)[m[K’:
[13.860s] [01m[K/home/aayush/newest_frenet_planner/src/frenet_planner_ported/src/frenet_planner.cpp:69:91:[m[K [01;35m[Kwarning: [m[Kunused parameter ‘[01m[Kts[m[K’ [[01;35m[K-Wunused-parameter[m[K]
[13.861s]    69 | void FrenetPath::calc_lon_paths_quintic_poly(double c_speed, double s0, double Ti, [01;35m[Kdouble ts[m[K,
[13.861s]       |                                                                                    [01;35m[K~~~~~~~^~[m[K
[13.929s] [01m[K/home/aayush/newest_frenet_planner/src/frenet_planner_ported/src/frenet_planner.cpp:[m[K In member function ‘[01m[Kvoid FrenetPath::adding_global_path(Spline2D)[m[K’:
[13.929s] [01m[K/home/aayush/newest_frenet_planner/src/frenet_planner_ported/src/frenet_planner.cpp:198:9:[m[K [01;35m[Kwarning: [m[Kunused variable ‘[01m[KstartTime1[m[K’ [[01;35m[K-Wunused-variable[m[K]
[13.929s]   198 |  double [01;35m[KstartTime1[m[K = omp_get_wtime();
[13.930s]       |         [01;35m[K^~~~~~~~~~[m[K
[13.930s] [01m[K/home/aayush/newest_frenet_planner/src/frenet_planner_ported/src/frenet_planner.cpp:249:9:[m[K [01;35m[Kwarning: [m[Kunused variable ‘[01m[KendTime1[m[K’ [[01;35m[K-Wunused-variable[m[K]
[13.930s]   249 |  double [01;35m[KendTime1[m[K = omp_get_wtime();
[13.931s]       |         [01;35m[K^~~~~~~~[m[K
[13.988s] In file included from [01m[K/home/aayush/newest_frenet_planner/src/frenet_planner_ported/src/frenet_planner.cpp:10[m[K:
[13.988s] [01m[K/home/aayush/newest_frenet_planner/src/frenet_planner_ported/src/frenet_planner.cpp:[m[K In function ‘[01m[KFrenetPath frenet_optimal_planning(Spline2D, double, double, double, double, double, FrenetPath, double)[m[K’:
[13.988s] [01m[K/home/aayush/newest_frenet_planner/src/frenet_planner_ported/src/../include/frenet_optimal_trajectory.hpp:80:20:[m[K [01;35m[Kwarning: [m[Kstatement has no effect [[01;35m[K-Wunused-value[m[K]
[13.988s]    80 | #define trace(...) [01;35m[K42[m[K
[13.989s]       |                    [01;35m[K^~[m[K
[13.989s] [01m[K/home/aayush/newest_frenet_planner/src/frenet_planner_ported/src/../include/frenet_optimal_trajectory.hpp:80:20:[m[K [01;36m[Knote: [m[Kin definition of macro ‘[01m[Ktrace[m[K’
[13.989s]    80 | #define trace(...) [01;36m[K42[m[K
[13.989s]       |                    [01;36m[K^~[m[K
[13.999s] [01m[K/home/aayush/newest_frenet_planner/src/frenet_planner_ported/src/../include/frenet_optimal_trajectory.hpp:80:20:[m[K [01;35m[Kwarning: [m[Kstatement has no effect [[01;35m[K-Wunused-value[m[K]
[13.999s]    80 | #define trace(...) [01;35m[K42[m[K
[13.999s]       |                    [01;35m[K^~[m[K
[13.999s] [01m[K/home/aayush/newest_frenet_planner/src/frenet_planner_ported/src/../include/frenet_optimal_trajectory.hpp:80:20:[m[K [01;36m[Knote: [m[Kin definition of macro ‘[01m[Ktrace[m[K’
[14.000s]    80 | #define trace(...) [01;36m[K42[m[K
[14.000s]       |                    [01;36m[K^~[m[K
[14.001s] [01m[K/home/aayush/newest_frenet_planner/src/frenet_planner_ported/src/../include/frenet_optimal_trajectory.hpp:80:20:[m[K [01;35m[Kwarning: [m[Kstatement has no effect [[01;35m[K-Wunused-value[m[K]
[14.001s]    80 | #define trace(...) [01;35m[K42[m[K
[14.002s]       |                    [01;35m[K^~[m[K
[14.002s] [01m[K/home/aayush/newest_frenet_planner/src/frenet_planner_ported/src/../include/frenet_optimal_trajectory.hpp:80:20:[m[K [01;36m[Knote: [m[Kin definition of macro ‘[01m[Ktrace[m[K’
[14.002s]    80 | #define trace(...) [01;36m[K42[m[K
[14.002s]       |                    [01;36m[K^~[m[K
[14.010s] [01m[K/home/aayush/newest_frenet_planner/src/frenet_planner_ported/src/../include/frenet_optimal_trajectory.hpp:80:20:[m[K [01;35m[Kwarning: [m[Kstatement has no effect [[01;35m[K-Wunused-value[m[K]
[14.010s]    80 | #define trace(...) [01;35m[K42[m[K
[14.011s]       |                    [01;35m[K^~[m[K
[14.011s] [01m[K/home/aayush/newest_frenet_planner/src/frenet_planner_ported/src/../include/frenet_optimal_trajectory.hpp:80:20:[m[K [01;36m[Knote: [m[Kin definition of macro ‘[01m[Ktrace[m[K’
[14.011s]    80 | #define trace(...) [01;36m[K42[m[K
[14.011s]       |                    [01;36m[K^~[m[K
[14.012s] [01m[K/home/aayush/newest_frenet_planner/src/frenet_planner_ported/src/../include/frenet_optimal_trajectory.hpp:80:20:[m[K [01;35m[Kwarning: [m[Kstatement has no effect [[01;35m[K-Wunused-value[m[K]
[14.012s]    80 | #define trace(...) [01;35m[K42[m[K
[14.012s]       |                    [01;35m[K^~[m[K
[14.012s] [01m[K/home/aayush/newest_frenet_planner/src/frenet_planner_ported/src/../include/frenet_optimal_trajectory.hpp:80:20:[m[K [01;36m[Knote: [m[Kin definition of macro ‘[01m[Ktrace[m[K’
[14.013s]    80 | #define trace(...) [01;36m[K42[m[K
[14.013s]       |                    [01;36m[K^~[m[K
[14.074s] In file included from [01m[K/home/aayush/newest_frenet_planner/src/frenet_planner_ported/src/../include/frenet_optimal_trajectory.hpp:6[m[K,
[14.074s]                  from [01m[K/home/aayush/newest_frenet_planner/src/frenet_planner_ported/src/frenet_ros_obst.cpp:2[m[K:
[14.075s] [01m[K/home/aayush/newest_frenet_planner/src/frenet_planner_ported/src/../include/../include/frenet_class.hpp:[m[K In member function ‘[01m[Kvoid FrenetClass::costmap_callback(nav_msgs::msg::OccupancyGrid_<std::allocator<void> >::ConstPtr)[m[K’:
[14.075s] [01m[K/home/aayush/newest_frenet_planner/src/frenet_planner_ported/src/../include/../include/frenet_class.hpp:205:22:[m[K [01;35m[Kwarning: [m[Kcomparison of integer expressions of different signedness: ‘[01m[Klong int[m[K’ and ‘[01m[Kstd::vector<std::pair<double, double> >::size_type[m[K’ {aka ‘[01m[Klong unsigned int[m[K’} [[01;35m[K-Wsign-compare[m[K]
[14.075s]   205 |   for (long i = 0; [01;35m[Ki < ob1.size()[m[K; i++)
[14.075s]       |                    [01;35m[K~~^~~~~~~~~~~~[m[K
[14.079s] [01m[K/home/aayush/newest_frenet_planner/src/frenet_planner_ported/src/../include/../include/frenet_class.hpp:185:13:[m[K [01;35m[Kwarning: [m[Kunused variable ‘[01m[KstartTime1[m[K’ [[01;35m[K-Wunused-variable[m[K]
[14.079s]   185 |      double [01;35m[KstartTime1[m[K = omp_get_wtime();
[14.080s]       |             [01;35m[K^~~~~~~~~~[m[K
[14.095s] In file included from [01m[K/home/aayush/newest_frenet_planner/src/frenet_planner_ported/src/frenet_ros_obst.cpp:2[m[K:
[14.095s] [01m[K/home/aayush/newest_frenet_planner/src/frenet_planner_ported/src/../include/frenet_optimal_trajectory.hpp:[m[K In function ‘[01m[Kstd::ostream& operator<<(std::ostream&, const FrenetPath&)[m[K’:
[14.096s] [01m[K/home/aayush/newest_frenet_planner/src/frenet_planner_ported/src/../include/frenet_optimal_trajectory.hpp:80:20:[m[K [01;35m[Kwarning: [m[Kstatement has no effect [[01;35m[K-Wunused-value[m[K]
[14.096s]    80 | #define trace(...) [01;35m[K42[m[K
[14.096s]       |                    [01;35m[K^~[m[K
[14.096s] [01m[K/home/aayush/newest_frenet_planner/src/frenet_planner_ported/src/../include/frenet_optimal_trajectory.hpp:80:20:[m[K [01;36m[Knote: [m[Kin definition of macro ‘[01m[Ktrace[m[K’
[14.096s]    80 | #define trace(...) [01;36m[K42[m[K
[14.097s]       |                    [01;36m[K^~[m[K
[14.097s] [01m[K/home/aayush/newest_frenet_planner/src/frenet_planner_ported/src/../include/frenet_optimal_trajectory.hpp:80:20:[m[K [01;35m[Kwarning: [m[Kstatement has no effect [[01;35m[K-Wunused-value[m[K]
[14.097s]    80 | #define trace(...) [01;35m[K42[m[K
[14.097s]       |                    [01;35m[K^~[m[K
[14.097s] [01m[K/home/aayush/newest_frenet_planner/src/frenet_planner_ported/src/../include/frenet_optimal_trajectory.hpp:80:20:[m[K [01;36m[Knote: [m[Kin definition of macro ‘[01m[Ktrace[m[K’
[14.098s]    80 | #define trace(...) [01;36m[K42[m[K
[14.098s]       |                    [01;36m[K^~[m[K
[14.098s] [01m[K/home/aayush/newest_frenet_planner/src/frenet_planner_ported/src/../include/frenet_optimal_trajectory.hpp:80:20:[m[K [01;35m[Kwarning: [m[Kstatement has no effect [[01;35m[K-Wunused-value[m[K]
[14.098s]    80 | #define trace(...) [01;35m[K42[m[K
[14.098s]       |                    [01;35m[K^~[m[K
[14.099s] [01m[K/home/aayush/newest_frenet_planner/src/frenet_planner_ported/src/../include/frenet_optimal_trajectory.hpp:80:20:[m[K [01;36m[Knote: [m[Kin definition of macro ‘[01m[Ktrace[m[K’
[14.099s]    80 | #define trace(...) [01;36m[K42[m[K
[14.099s]       |                    [01;36m[K^~[m[K
[14.099s] [01m[K/home/aayush/newest_frenet_planner/src/frenet_planner_ported/src/../include/frenet_optimal_trajectory.hpp:80:20:[m[K [01;35m[Kwarning: [m[Kstatement has no effect [[01;35m[K-Wunused-value[m[K]
[14.100s]    80 | #define trace(...) [01;35m[K42[m[K
[14.100s]       |                    [01;35m[K^~[m[K
[14.100s] [01m[K/home/aayush/newest_frenet_planner/src/frenet_planner_ported/src/../include/frenet_optimal_trajectory.hpp:80:20:[m[K [01;36m[Knote: [m[Kin definition of macro ‘[01m[Ktrace[m[K’
[14.100s]    80 | #define trace(...) [01;36m[K42[m[K
[14.100s]       |                    [01;36m[K^~[m[K
[14.101s] [01m[K/home/aayush/newest_frenet_planner/src/frenet_planner_ported/src/../include/frenet_optimal_trajectory.hpp:80:20:[m[K [01;35m[Kwarning: [m[Kstatement has no effect [[01;35m[K-Wunused-value[m[K]
[14.101s]    80 | #define trace(...) [01;35m[K42[m[K
[14.101s]       |                    [01;35m[K^~[m[K
[14.101s] [01m[K/home/aayush/newest_frenet_planner/src/frenet_planner_ported/src/../include/frenet_optimal_trajectory.hpp:80:20:[m[K [01;36m[Knote: [m[Kin definition of macro ‘[01m[Ktrace[m[K’
[14.101s]    80 | #define trace(...) [01;36m[K42[m[K
[14.102s]       |                    [01;36m[K^~[m[K
[14.102s] [01m[K/home/aayush/newest_frenet_planner/src/frenet_planner_ported/src/../include/frenet_optimal_trajectory.hpp:80:20:[m[K [01;35m[Kwarning: [m[Kstatement has no effect [[01;35m[K-Wunused-value[m[K]
[14.108s]    80 | #define trace(...) [01;35m[K42[m[K
[14.108s]       |                    [01;35m[K^~[m[K
[14.108s] [01m[K/home/aayush/newest_frenet_planner/src/frenet_planner_ported/src/../include/frenet_optimal_trajectory.hpp:80:20:[m[K [01;36m[Knote: [m[Kin definition of macro ‘[01m[Ktrace[m[K’
[14.109s]    80 | #define trace(...) [01;36m[K42[m[K
[14.109s]       |                    [01;36m[K^~[m[K
[14.110s] [01m[K/home/aayush/newest_frenet_planner/src/frenet_planner_ported/src/../include/frenet_optimal_trajectory.hpp:80:20:[m[K [01;35m[Kwarning: [m[Kstatement has no effect [[01;35m[K-Wunused-value[m[K]
[14.111s]    80 | #define trace(...) [01;35m[K42[m[K
[14.111s]       |                    [01;35m[K^~[m[K
[14.112s] [01m[K/home/aayush/newest_frenet_planner/src/frenet_planner_ported/src/../include/frenet_optimal_trajectory.hpp:80:20:[m[K [01;36m[Knote: [m[Kin definition of macro ‘[01m[Ktrace[m[K’
[14.112s]    80 | #define trace(...) [01;36m[K42[m[K
[14.112s]       |                    [01;36m[K^~[m[K
[14.112s] [01m[K/home/aayush/newest_frenet_planner/src/frenet_planner_ported/src/../include/frenet_optimal_trajectory.hpp:80:20:[m[K [01;35m[Kwarning: [m[Kstatement has no effect [[01;35m[K-Wunused-value[m[K]
[14.113s]    80 | #define trace(...) [01;35m[K42[m[K
[14.113s]       |                    [01;35m[K^~[m[K
[14.113s] [01m[K/home/aayush/newest_frenet_planner/src/frenet_planner_ported/src/../include/frenet_optimal_trajectory.hpp:80:20:[m[K [01;36m[Knote: [m[Kin definition of macro ‘[01m[Ktrace[m[K’
[14.113s]    80 | #define trace(...) [01;36m[K42[m[K
[14.113s]       |                    [01;36m[K^~[m[K
[14.114s] [01m[K/home/aayush/newest_frenet_planner/src/frenet_planner_ported/src/../include/frenet_optimal_trajectory.hpp:80:20:[m[K [01;35m[Kwarning: [m[Kstatement has no effect [[01;35m[K-Wunused-value[m[K]
[14.114s]    80 | #define trace(...) [01;35m[K42[m[K
[14.114s]       |                    [01;35m[K^~[m[K
[14.114s] [01m[K/home/aayush/newest_frenet_planner/src/frenet_planner_ported/src/../include/frenet_optimal_trajectory.hpp:80:20:[m[K [01;36m[Knote: [m[Kin definition of macro ‘[01m[Ktrace[m[K’
[14.114s]    80 | #define trace(...) [01;36m[K42[m[K
[14.118s]       |                    [01;36m[K^~[m[K
[14.118s] [01m[K/home/aayush/newest_frenet_planner/src/frenet_planner_ported/src/../include/frenet_optimal_trajectory.hpp:80:20:[m[K [01;35m[Kwarning: [m[Kstatement has no effect [[01;35m[K-Wunused-value[m[K]
[14.119s]    80 | #define trace(...) [01;35m[K42[m[K
[14.119s]       |                    [01;35m[K^~[m[K
[14.119s] [01m[K/home/aayush/newest_frenet_planner/src/frenet_planner_ported/src/../include/frenet_optimal_trajectory.hpp:80:20:[m[K [01;36m[Knote: [m[Kin definition of macro ‘[01m[Ktrace[m[K’
[14.119s]    80 | #define trace(...) [01;36m[K42[m[K
[14.120s]       |                    [01;36m[K^~[m[K
[14.120s] [01m[K/home/aayush/newest_frenet_planner/src/frenet_planner_ported/src/../include/frenet_optimal_trajectory.hpp:80:20:[m[K [01;35m[Kwarning: [m[Kstatement has no effect [[01;35m[K-Wunused-value[m[K]
[14.122s]    80 | #define trace(...) [01;35m[K42[m[K
[14.123s]       |                    [01;35m[K^~[m[K
[14.123s] [01m[K/home/aayush/newest_frenet_planner/src/frenet_planner_ported/src/../include/frenet_optimal_trajectory.hpp:80:20:[m[K [01;36m[Knote: [m[Kin definition of macro ‘[01m[Ktrace[m[K’
[14.123s]    80 | #define trace(...) [01;36m[K42[m[K
[14.123s]       |                    [01;36m[K^~[m[K
[14.123s] [01m[K/home/aayush/newest_frenet_planner/src/frenet_planner_ported/src/../include/frenet_optimal_trajectory.hpp:80:20:[m[K [01;35m[Kwarning: [m[Kstatement has no effect [[01;35m[K-Wunused-value[m[K]
[14.124s]    80 | #define trace(...) [01;35m[K42[m[K
[14.124s]       |                    [01;35m[K^~[m[K
[14.124s] [01m[K/home/aayush/newest_frenet_planner/src/frenet_planner_ported/src/../include/frenet_optimal_trajectory.hpp:80:20:[m[K [01;36m[Knote: [m[Kin definition of macro ‘[01m[Ktrace[m[K’
[14.124s]    80 | #define trace(...) [01;36m[K42[m[K
[14.124s]       |                    [01;36m[K^~[m[K
[14.125s] [01m[K/home/aayush/newest_frenet_planner/src/frenet_planner_ported/src/../include/frenet_optimal_trajectory.hpp:80:20:[m[K [01;35m[Kwarning: [m[Kstatement has no effect [[01;35m[K-Wunused-value[m[K]
[14.125s]    80 | #define trace(...) [01;35m[K42[m[K
[14.125s]       |                    [01;35m[K^~[m[K
[14.125s] [01m[K/home/aayush/newest_frenet_planner/src/frenet_planner_ported/src/../include/frenet_optimal_trajectory.hpp:80:20:[m[K [01;36m[Knote: [m[Kin definition of macro ‘[01m[Ktrace[m[K’
[14.126s]    80 | #define trace(...) [01;36m[K42[m[K
[14.126s]       |                    [01;36m[K^~[m[K
[14.133s] [01m[K/home/aayush/newest_frenet_planner/src/frenet_planner_ported/src/../include/frenet_optimal_trajectory.hpp:81:59:[m[K [01;35m[Kwarning: [m[Kunused parameter ‘[01m[Kfp[m[K’ [[01;35m[K-Wunused-parameter[m[K]
[14.133s]    81 | inline ostream& operator<<(ostream& os, [01;35m[Kconst FrenetPath& fp[m[K)
[14.134s]       |                                         [01;35m[K~~~~~~~~~~~~~~~~~~^~[m[K
[14.134s] [01m[K/home/aayush/newest_frenet_planner/src/frenet_planner_ported/src/frenet_ros_obst.cpp:[m[K In function ‘[01m[Kdouble get_bot_yaw()[m[K’:
[14.134s] [01m[K/home/aayush/newest_frenet_planner/src/frenet_planner_ported/src/../include/frenet_optimal_trajectory.hpp:80:20:[m[K [01;35m[Kwarning: [m[Kstatement has no effect [[01;35m[K-Wunused-value[m[K]
[14.134s]    80 | #define trace(...) [01;35m[K42[m[K
[14.135s]       |                    [01;35m[K^~[m[K
[14.135s] [01m[K/home/aayush/newest_frenet_planner/src/frenet_planner_ported/src/../include/frenet_optimal_trajectory.hpp:80:20:[m[K [01;36m[Knote: [m[Kin definition of macro ‘[01m[Ktrace[m[K’
[14.135s]    80 | #define trace(...) [01;36m[K42[m[K
[14.135s]       |                    [01;36m[K^~[m[K
[14.136s] [01m[K/home/aayush/newest_frenet_planner/src/frenet_planner_ported/src/frenet_ros_obst.cpp:[m[K In function ‘[01m[Kvoid initial_conditions_path(Spline2D&, double&, double&, double&, double&, double&, double&, FrenetPath&)[m[K’:
[14.136s] [01m[K/home/aayush/newest_frenet_planner/src/frenet_planner_ported/src/frenet_ros_obst.cpp:55:40:[m[K [01;35m[Kwarning: [m[Kunused parameter ‘[01m[Kcsp[m[K’ [[01;35m[K-Wunused-parameter[m[K]
[14.136s]    55 | void initial_conditions_path([01;35m[KSpline2D &csp[m[K, double &s0, double &c_speed, double &c_d, double &c_d_d,
[14.136s]       |                              [01;35m[K~~~~~~~~~~^~~[m[K
[14.137s] In file included from [01m[K/home/aayush/newest_frenet_planner/src/frenet_planner_ported/src/frenet_ros_obst.cpp:2[m[K:
[14.137s] [01m[K/home/aayush/newest_frenet_planner/src/frenet_planner_ported/src/frenet_ros_obst.cpp:[m[K In function ‘[01m[Kint initial_conditions_new(Spline2D&, vecD&, vecD&, vecD&, vecD&, vecD&, double&, double&, double&, double&, double&, double&, FrenetPath&)[m[K’:
[14.137s] [01m[K/home/aayush/newest_frenet_planner/src/frenet_planner_ported/src/../include/frenet_optimal_trajectory.hpp:80:20:[m[K [01;35m[Kwarning: [m[Kstatement has no effect [[01;35m[K-Wunused-value[m[K]
[14.138s]    80 | #define trace(...) [01;35m[K42[m[K
[14.138s]       |                    [01;35m[K^~[m[K
[14.138s] [01m[K/home/aayush/newest_frenet_planner/src/frenet_planner_ported/src/../include/frenet_optimal_trajectory.hpp:80:20:[m[K [01;36m[Knote: [m[Kin definition of macro ‘[01m[Ktrace[m[K’
[14.138s]    80 | #define trace(...) [01;36m[K42[m[K
[14.139s]       |                    [01;36m[K^~[m[K
[14.139s] [01m[K/home/aayush/newest_frenet_planner/src/frenet_planner_ported/src/../include/frenet_optimal_trajectory.hpp:80:20:[m[K [01;35m[Kwarning: [m[Kstatement has no effect [[01;35m[K-Wunused-value[m[K]
[14.139s]    80 | #define trace(...) [01;35m[K42[m[K
[14.139s]       |                    [01;35m[K^~[m[K
[14.140s] [01m[K/home/aayush/newest_frenet_planner/src/frenet_planner_ported/src/../include/frenet_optimal_trajectory.hpp:80:20:[m[K [01;36m[Knote: [m[Kin definition of macro ‘[01m[Ktrace[m[K’
[14.140s]    80 | #define trace(...) [01;36m[K42[m[K
[14.140s]       |                    [01;36m[K^~[m[K
[14.140s] [01m[K/home/aayush/newest_frenet_planner/src/frenet_planner_ported/src/frenet_ros_obst.cpp:71:38:[m[K [01;35m[Kwarning: [m[Kunused parameter ‘[01m[Kcsp[m[K’ [[01;35m[K-Wunused-parameter[m[K]
[14.141s]    71 | int initial_conditions_new([01;35m[KSpline2D &csp[m[K, vecD &global_s, vecD &global_x, vecD &global_y,
[14.141s]       |                            [01;35m[K~~~~~~~~~~^~~[m[K
[14.179s] In file included from [01m[K/home/aayush/newest_frenet_planner/src/frenet_planner_ported/src/frenet_ros_obst.cpp:2[m[K:
[14.180s] [01m[K/home/aayush/newest_frenet_planner/src/frenet_planner_ported/src/frenet_ros_obst.cpp:[m[K In function ‘[01m[Kint main(int, char**)[m[K’:
[14.180s] [01m[K/home/aayush/newest_frenet_planner/src/frenet_planner_ported/src/../include/frenet_optimal_trajectory.hpp:80:20:[m[K [01;35m[Kwarning: [m[Kstatement has no effect [[01;35m[K-Wunused-value[m[K]
[14.180s]    80 | #define trace(...) [01;35m[K42[m[K
[14.180s]       |                    [01;35m[K^~[m[K
[14.180s] [01m[K/home/aayush/newest_frenet_planner/src/frenet_planner_ported/src/../include/frenet_optimal_trajectory.hpp:80:20:[m[K [01;36m[Knote: [m[Kin definition of macro ‘[01m[Ktrace[m[K’
[14.181s]    80 | #define trace(...) [01;36m[K42[m[K
[14.181s]       |                    [01;36m[K^~[m[K
[14.403s] [01m[K/home/aayush/newest_frenet_planner/src/frenet_planner_ported/src/frenet_ros_obst.cpp:174:10:[m[K [01;35m[Kwarning: [m[Kunused variable ‘[01m[KstartTime1[m[K’ [[01;35m[K-Wunused-variable[m[K]
[14.404s]   174 |   double [01;35m[KstartTime1[m[K = omp_get_wtime();
[14.404s]       |          [01;35m[K^~~~~~~~~~[m[K
[14.404s] [01m[K/home/aayush/newest_frenet_planner/src/frenet_planner_ported/src/frenet_ros_obst.cpp:188:10:[m[K [01;35m[Kwarning: [m[Kunused variable ‘[01m[KendTime1[m[K’ [[01;35m[K-Wunused-variable[m[K]
[14.405s]   188 |   double [01;35m[KendTime1[m[K = omp_get_wtime();
[14.405s]       |          [01;35m[K^~~~~~~~[m[K
[14.405s] [01m[K/home/aayush/newest_frenet_planner/src/frenet_planner_ported/src/frenet_ros_obst.cpp:260:10:[m[K [01;35m[Kwarning: [m[Kunused variable ‘[01m[KstartTime3[m[K’ [[01;35m[K-Wunused-variable[m[K]
[14.405s]   260 |   double [01;35m[KstartTime3[m[K = omp_get_wtime();
[14.405s]       |          [01;35m[K^~~~~~~~~~[m[K
[14.406s] [01m[K/home/aayush/newest_frenet_planner/src/frenet_planner_ported/src/frenet_ros_obst.cpp:262:10:[m[K [01;35m[Kwarning: [m[Kunused variable ‘[01m[KendTime3[m[K’ [[01;35m[K-Wunused-variable[m[K]
[14.406s]   262 |   double [01;35m[KendTime3[m[K = omp_get_wtime();
[14.406s]       |          [01;35m[K^~~~~~~~[m[K
[14.406s] [01m[K/home/aayush/newest_frenet_planner/src/frenet_planner_ported/src/frenet_ros_obst.cpp:130:7:[m[K [01;35m[Kwarning: [m[Kunused variable ‘[01m[KgotOdom[m[K’ [[01;35m[K-Wunused-variable[m[K]
[14.406s]   130 |  bool [01;35m[KgotOdom[m[K = false;
[14.407s]       |       [01;35m[K^~~~~~~[m[K
[14.407s] [01m[K/home/aayush/newest_frenet_planner/src/frenet_planner_ported/src/frenet_ros_obst.cpp:164:9:[m[K [01;35m[Kwarning: [m[Kunused variable ‘[01m[Kpltbasetime[m[K’ [[01;35m[K-Wunused-variable[m[K]
[14.407s]   164 |  double [01;35m[Kpltbasetime[m[K = omp_get_wtime();
[14.407s]       |         [01;35m[K^~~~~~~~~~~[m[K
[14.408s] [01m[K/home/aayush/newest_frenet_planner/src/frenet_planner_ported/src/frenet_ros_obst.cpp:166:6:[m[K [01;35m[Kwarning: [m[Kunused variable ‘[01m[Kiteration_count[m[K’ [[01;35m[K-Wunused-variable[m[K]
[14.408s]   166 |  int [01;35m[Kiteration_count[m[K = 1;
[14.408s]       |      [01;35m[K^~~~~~~~~~~~~~~[m[K
[42.998s] [ 60%] [32m[1mLinking CXX executable frenet_ros_obst[0m
[45.015s] /usr/bin/ld: CMakeFiles/frenet_ros_obst.dir/src/frenet_planner.cpp.o:(.bss+0x0): multiple definition of `cost_count'; CMakeFiles/frenet_ros_obst.dir/src/frenet_ros_obst.cpp.o:(.bss+0x0): first defined here
[45.016s] /usr/bin/ld: CMakeFiles/frenet_ros_obst.dir/src/frenet_ros_obst.cpp.o: in function `find_nearest_in_global_path(std::vector<double, std::allocator<double> >&, std::vector<double, std::allocator<double> >&, double&, double&, double&, int&, int, FrenetPath&)':
[45.017s] frenet_ros_obst.cpp:(.text+0x45b): undefined reference to `odom'
[45.018s] /usr/bin/ld: frenet_ros_obst.cpp:(.text+0x468): undefined reference to `odom'
[45.018s] /usr/bin/ld: CMakeFiles/frenet_ros_obst.dir/src/frenet_ros_obst.cpp.o: in function `initial_conditions_new(Spline2D&, std::vector<double, std::allocator<double> >&, std::vector<double, std::allocator<double> >&, std::vector<double, std::allocator<double> >&, std::vector<double, std::allocator<double> >&, std::vector<double, std::allocator<double> >&, double&, double&, double&, double&, double&, double&, FrenetPath&)':
[45.019s] frenet_ros_obst.cpp:(.text+0x8e3): undefined reference to `odom'
[45.019s] /usr/bin/ld: frenet_ros_obst.cpp:(.text+0x8f0): undefined reference to `odom'
[45.019s] /usr/bin/ld: frenet_ros_obst.cpp:(.text+0x984): undefined reference to `odom'
[45.020s] /usr/bin/ld: CMakeFiles/frenet_ros_obst.dir/src/frenet_ros_obst.cpp.o:frenet_ros_obst.cpp:(.text+0x9c5): more undefined references to `odom' follow
[45.020s] /usr/bin/ld: CMakeFiles/frenet_ros_obst.dir/src/frenet_ros_obst.cpp.o: in function `main':
[45.021s] frenet_ros_obst.cpp:(.text+0x11a9): undefined reference to `W_X'
[45.021s] /usr/bin/ld: frenet_ros_obst.cpp:(.text+0x11cd): undefined reference to `W_Y'
[45.021s] /usr/bin/ld: frenet_ros_obst.cpp:(.text+0x11f1): undefined reference to `TARGET_SPEED'
[45.021s] /usr/bin/ld: frenet_ros_obst.cpp:(.text+0x13d8): undefined reference to `W_Y'
[45.022s] /usr/bin/ld: frenet_ros_obst.cpp:(.text+0x13ee): undefined reference to `W_X'
[45.025s] /usr/bin/ld: frenet_ros_obst.cpp:(.text+0x164f): undefined reference to `s_dest'
[45.025s] /usr/bin/ld: frenet_ros_obst.cpp:(.text+0x18d2): undefined reference to `s_dest'
[45.026s] /usr/bin/ld: frenet_ros_obst.cpp:(.text+0x18fc): undefined reference to `STOP_CAR'
[45.028s] /usr/bin/ld: frenet_ros_obst.cpp:(.text+0x1909): undefined reference to `TARGET_SPEED'
[45.029s] /usr/bin/ld: frenet_ros_obst.cpp:(.text+0x1911): undefined reference to `STOP_CAR'
[45.030s] /usr/bin/ld: frenet_ros_obst.cpp:(.text+0x1922): undefined reference to `s_dest'
[45.030s] /usr/bin/ld: frenet_ros_obst.cpp:(.text+0x1dfe): undefined reference to `ob_y'
[45.030s] /usr/bin/ld: frenet_ros_obst.cpp:(.text+0x1e05): undefined reference to `ob_x'
[45.030s] /usr/bin/ld: frenet_ros_obst.cpp:(.text+0x20b4): undefined reference to `STOP_CAR'
[45.031s] /usr/bin/ld: frenet_ros_obst.cpp:(.text+0x22ca): undefined reference to `STOP_CAR'
[45.031s] /usr/bin/ld: CMakeFiles/frenet_ros_obst.dir/src/frenet_ros_obst.cpp.o: in function `FrenetClass::FrenetClass()':
[45.031s] frenet_ros_obst.cpp:(.text._ZN11FrenetClassC2Ev[_ZN11FrenetClassC5Ev]+0x930): undefined reference to `KJ'
[45.031s] /usr/bin/ld: frenet_ros_obst.cpp:(.text._ZN11FrenetClassC2Ev[_ZN11FrenetClassC5Ev]+0xa40): undefined reference to `KT'
[45.032s] /usr/bin/ld: frenet_ros_obst.cpp:(.text._ZN11FrenetClassC2Ev[_ZN11FrenetClassC5Ev]+0xb50): undefined reference to `KD'
[45.032s] /usr/bin/ld: frenet_ros_obst.cpp:(.text._ZN11FrenetClassC2Ev[_ZN11FrenetClassC5Ev]+0xc60): undefined reference to `KD_V'
[45.032s] /usr/bin/ld: frenet_ros_obst.cpp:(.text._ZN11FrenetClassC2Ev[_ZN11FrenetClassC5Ev]+0xd70): undefined reference to `KLAT'
[45.032s] /usr/bin/ld: frenet_ros_obst.cpp:(.text._ZN11FrenetClassC2Ev[_ZN11FrenetClassC5Ev]+0xe80): undefined reference to `KLON'
[45.036s] /usr/bin/ld: frenet_ros_obst.cpp:(.text._ZN11FrenetClassC2Ev[_ZN11FrenetClassC5Ev]+0xf90): undefined reference to `MAX_SPEED'
[45.039s] /usr/bin/ld: frenet_ros_obst.cpp:(.text._ZN11FrenetClassC2Ev[_ZN11FrenetClassC5Ev]+0x10a0): undefined reference to `MAX_ACCEL'
[45.040s] /usr/bin/ld: frenet_ros_obst.cpp:(.text._ZN11FrenetClassC2Ev[_ZN11FrenetClassC5Ev]+0x11b0): undefined reference to `MAX_CURVATURE'
[45.040s] /usr/bin/ld: frenet_ros_obst.cpp:(.text._ZN11FrenetClassC2Ev[_ZN11FrenetClassC5Ev]+0x12c0): undefined reference to `D_ROAD_W'
[45.040s] /usr/bin/ld: frenet_ros_obst.cpp:(.text._ZN11FrenetClassC2Ev[_ZN11FrenetClassC5Ev]+0x13d0): undefined reference to `DT'
[45.041s] /usr/bin/ld: frenet_ros_obst.cpp:(.text._ZN11FrenetClassC2Ev[_ZN11FrenetClassC5Ev]+0x14e0): undefined reference to `MAXT'
[45.041s] /usr/bin/ld: frenet_ros_obst.cpp:(.text._ZN11FrenetClassC2Ev[_ZN11FrenetClassC5Ev]+0x15f0): undefined reference to `MINT'
[45.041s] /usr/bin/ld: frenet_ros_obst.cpp:(.text._ZN11FrenetClassC2Ev[_ZN11FrenetClassC5Ev]+0x1700): undefined reference to `TARGET_SPEED'
[45.041s] /usr/bin/ld: frenet_ros_obst.cpp:(.text._ZN11FrenetClassC2Ev[_ZN11FrenetClassC5Ev]+0x1810): undefined reference to `D_T_S'
[45.042s] /usr/bin/ld: frenet_ros_obst.cpp:(.text._ZN11FrenetClassC2Ev[_ZN11FrenetClassC5Ev]+0x1920): undefined reference to `N_S_SAMPLE'
[45.042s] /usr/bin/ld: frenet_ros_obst.cpp:(.text._ZN11FrenetClassC2Ev[_ZN11FrenetClassC5Ev]+0x1a30): undefined reference to `ROBOT_RADIUS'
[45.043s] /usr/bin/ld: frenet_ros_obst.cpp:(.text._ZN11FrenetClassC2Ev[_ZN11FrenetClassC5Ev]+0x1b40): undefined reference to `MIN_LAT_VEL'
[45.046s] /usr/bin/ld: frenet_ros_obst.cpp:(.text._ZN11FrenetClassC2Ev[_ZN11FrenetClassC5Ev]+0x1c50): undefined reference to `D_D_NS'
[45.048s] /usr/bin/ld: frenet_ros_obst.cpp:(.text._ZN11FrenetClassC2Ev[_ZN11FrenetClassC5Ev]+0x1d60): undefined reference to `MAX_SHIFT_D'
[45.050s] /usr/bin/ld: CMakeFiles/frenet_ros_obst.dir/src/frenet_ros_obst.cpp.o: in function `FrenetClass::footprint_callback(std::shared_ptr<geometry_msgs::msg::PolygonStamped_<std::allocator<void> > const>)':
[45.050s] frenet_ros_obst.cpp:(.text._ZN11FrenetClass18footprint_callbackESt10shared_ptrIKN13geometry_msgs3msg15PolygonStamped_ISaIvEEEE[_ZN11FrenetClass18footprint_callbackESt10shared_ptrIKN13geometry_msgs3msg15PolygonStamped_ISaIvEEEE]+0x26): undefined reference to `footprint'
[45.050s] /usr/bin/ld: CMakeFiles/frenet_ros_obst.dir/src/frenet_ros_obst.cpp.o: in function `FrenetClass::odom_callback(std::shared_ptr<nav_msgs::msg::Odometry_<std::allocator<void> > const>)':
[45.051s] frenet_ros_obst.cpp:(.text._ZN11FrenetClass13odom_callbackESt10shared_ptrIKN8nav_msgs3msg9Odometry_ISaIvEEEE[_ZN11FrenetClass13odom_callbackESt10shared_ptrIKN8nav_msgs3msg9Odometry_ISaIvEEEE]+0x26): undefined reference to `odom'
[45.051s] /usr/bin/ld: CMakeFiles/frenet_ros_obst.dir/src/frenet_ros_obst.cpp.o: in function `FrenetClass::costmap_callback(std::shared_ptr<nav_msgs::msg::OccupancyGrid_<std::allocator<void> > const>)':
[45.051s] frenet_ros_obst.cpp:(.text._ZN11FrenetClass16costmap_callbackESt10shared_ptrIKN8nav_msgs3msg14OccupancyGrid_ISaIvEEEE[_ZN11FrenetClass16costmap_callbackESt10shared_ptrIKN8nav_msgs3msg14OccupancyGrid_ISaIvEEEE]+0x51): undefined reference to `cmap'
[45.051s] /usr/bin/ld: frenet_ros_obst.cpp:(.text._ZN11FrenetClass16costmap_callbackESt10shared_ptrIKN8nav_msgs3msg14OccupancyGrid_ISaIvEEEE[_ZN11FrenetClass16costmap_callbackESt10shared_ptrIKN8nav_msgs3msg14OccupancyGrid_ISaIvEEEE]+0x5d): undefined reference to `ob_x'
[45.052s] /usr/bin/ld: frenet_ros_obst.cpp:(.text._ZN11FrenetClass16costmap_callbackESt10shared_ptrIKN8nav_msgs3msg14OccupancyGrid_ISaIvEEEE[_ZN11FrenetClass16costmap_callbackESt10shared_ptrIKN8nav_msgs3msg14OccupancyGrid_ISaIvEEEE]+0x69): undefined reference to `ob_y'
[45.052s] /usr/bin/ld: frenet_ros_obst.cpp:(.text._ZN11FrenetClass16costmap_callbackESt10shared_ptrIKN8nav_msgs3msg14OccupancyGrid_ISaIvEEEE[_ZN11FrenetClass16costmap_callbackESt10shared_ptrIKN8nav_msgs3msg14OccupancyGrid_ISaIvEEEE]+0x155): undefined reference to `ob_x'
[45.052s] /usr/bin/ld: frenet_ros_obst.cpp:(.text._ZN11FrenetClass16costmap_callbackESt10shared_ptrIKN8nav_msgs3msg14OccupancyGrid_ISaIvEEEE[_ZN11FrenetClass16costmap_callbackESt10shared_ptrIKN8nav_msgs3msg14OccupancyGrid_ISaIvEEEE]+0x173): undefined reference to `ob_y'
[45.052s] /usr/bin/ld: frenet_ros_obst.cpp:(.text._ZN11FrenetClass16costmap_callbackESt10shared_ptrIKN8nav_msgs3msg14OccupancyGrid_ISaIvEEEE[_ZN11FrenetClass16costmap_callbackESt10shared_ptrIKN8nav_msgs3msg14OccupancyGrid_ISaIvEEEE]+0x1d4): undefined reference to `ob_x'
[45.052s] /usr/bin/ld: frenet_ros_obst.cpp:(.text._ZN11FrenetClass16costmap_callbackESt10shared_ptrIKN8nav_msgs3msg14OccupancyGrid_ISaIvEEEE[_ZN11FrenetClass16costmap_callbackESt10shared_ptrIKN8nav_msgs3msg14OccupancyGrid_ISaIvEEEE]+0x20e): undefined reference to `ob_y'
[45.053s] /usr/bin/ld: CMakeFiles/frenet_ros_obst.dir/src/frenet_ros_obst.cpp.o: in function `get_bot_yaw()':
[45.053s] frenet_ros_obst.cpp:(.text._Z11get_bot_yawv[_Z11get_bot_yawv]+0x21): undefined reference to `odom'
[45.053s] /usr/bin/ld: frenet_ros_obst.cpp:(.text._Z11get_bot_yawv[_Z11get_bot_yawv]+0x28): undefined reference to `odom'
[45.053s] /usr/bin/ld: frenet_ros_obst.cpp:(.text._Z11get_bot_yawv[_Z11get_bot_yawv]+0x3d): undefined reference to `odom'
[45.054s] /usr/bin/ld: frenet_ros_obst.cpp:(.text._Z11get_bot_yawv[_Z11get_bot_yawv]+0x44): undefined reference to `odom'
[45.056s] /usr/bin/ld: frenet_ros_obst.cpp:(.text._Z11get_bot_yawv[_Z11get_bot_yawv]+0x59): undefined reference to `odom'
[45.057s] /usr/bin/ld: CMakeFiles/frenet_ros_obst.dir/src/frenet_ros_obst.cpp.o:frenet_ros_obst.cpp:(.text._Z11get_bot_yawv[_Z11get_bot_yawv]+0x60): more undefined references to `odom' follow
[45.058s] /usr/bin/ld: CMakeFiles/frenet_ros_obst.dir/src/frenet_planner.cpp.o: in function `FrenetPath::calc_lat_paths(double, double, double, double, double, double)':
[45.058s] frenet_planner.cpp:(.text+0x2ea): undefined reference to `DT'
[45.059s] /usr/bin/ld: frenet_planner.cpp:(.text+0x42f): undefined reference to `DT'
[45.059s] /usr/bin/ld: frenet_planner.cpp:(.text+0x476): undefined reference to `DT'
[45.059s] /usr/bin/ld: frenet_planner.cpp:(.text+0x4cf): undefined reference to `DT'
[45.060s] /usr/bin/ld: frenet_planner.cpp:(.text+0x528): undefined reference to `DT'
[45.060s] /usr/bin/ld: CMakeFiles/frenet_ros_obst.dir/src/frenet_planner.cpp.o:frenet_planner.cpp:(.text+0x581): more undefined references to `DT' follow
[45.062s] /usr/bin/ld: CMakeFiles/frenet_ros_obst.dir/src/frenet_planner.cpp.o: in function `FrenetPath::calc_lon_paths(double, double, double, double)':
[45.062s] frenet_planner.cpp:(.text+0x924): undefined reference to `TARGET_SPEED'
[45.063s] /usr/bin/ld: frenet_planner.cpp:(.text+0x97f): undefined reference to `KJ'
[45.066s] /usr/bin/ld: frenet_planner.cpp:(.text+0x98b): undefined reference to `KT'
[45.066s] /usr/bin/ld: frenet_planner.cpp:(.text+0x9be): undefined reference to `KD'
[45.066s] /usr/bin/ld: frenet_planner.cpp:(.text+0xa1b): undefined reference to `KJ'
[45.066s] /usr/bin/ld: frenet_planner.cpp:(.text+0xa27): undefined reference to `KT'
[45.067s] /usr/bin/ld: frenet_planner.cpp:(.text+0xa3b): undefined reference to `KD_V'
[45.067s] /usr/bin/ld: frenet_planner.cpp:(.text+0xa6a): undefined reference to `KLAT'
[45.067s] /usr/bin/ld: frenet_planner.cpp:(.text+0xa85): undefined reference to `KLON'
[45.067s] /usr/bin/ld: CMakeFiles/frenet_ros_obst.dir/src/frenet_planner.cpp.o: in function `FrenetPath::calc_lon_paths_quintic_poly(double, double, double, double, double)':
[45.067s] frenet_planner.cpp:(.text+0xdd0): undefined reference to `STOP_CAR'
[45.068s] /usr/bin/ld: frenet_planner.cpp:(.text+0x1037): undefined reference to `TARGET_SPEED'
[45.068s] /usr/bin/ld: frenet_planner.cpp:(.text+0x1085): undefined reference to `STOP_CAR'
[45.068s] /usr/bin/ld: frenet_planner.cpp:(.text+0x111f): undefined reference to `KJ'
[45.068s] /usr/bin/ld: frenet_planner.cpp:(.text+0x112b): undefined reference to `KT'
[45.068s] /usr/bin/ld: frenet_planner.cpp:(.text+0x115e): undefined reference to `KD'
[45.069s] /usr/bin/ld: frenet_planner.cpp:(.text+0x11bb): undefined reference to `KJ'
[45.069s] /usr/bin/ld: frenet_planner.cpp:(.text+0x11c7): undefined reference to `KT'
[45.069s] /usr/bin/ld: frenet_planner.cpp:(.text+0x11db): undefined reference to `KD_V'
[45.069s] /usr/bin/ld: frenet_planner.cpp:(.text+0x120d): undefined reference to `KLAT'
[45.074s] /usr/bin/ld: frenet_planner.cpp:(.text+0x1228): undefined reference to `KLON'
[45.076s] /usr/bin/ld: CMakeFiles/frenet_ros_obst.dir/src/frenet_planner.cpp.o: in function `get_limits_d(FrenetPath, double*, double*)':
[45.076s] frenet_planner.cpp:(.text+0x12c8): undefined reference to `MAX_SHIFT_D'
[45.077s] /usr/bin/ld: frenet_planner.cpp:(.text+0x12ec): undefined reference to `MAX_SHIFT_D'
[45.077s] /usr/bin/ld: frenet_planner.cpp:(.text+0x12f8): undefined reference to `D_ROAD_W'
[45.077s] /usr/bin/ld: CMakeFiles/frenet_ros_obst.dir/src/frenet_planner.cpp.o: in function `calc_frenet_paths(double, double, double, double, double, FrenetPath)':
[45.078s] frenet_planner.cpp:(.text+0x1393): undefined reference to `MAX_ROAD_WIDTH'
[45.078s] /usr/bin/ld: frenet_planner.cpp:(.text+0x13af): undefined reference to `MAX_ROAD_WIDTH'
[45.078s] /usr/bin/ld: frenet_planner.cpp:(.text+0x13b7): undefined reference to `D_ROAD_W'
[45.078s] /usr/bin/ld: frenet_planner.cpp:(.text+0x1412): undefined reference to `STOP_CAR'
[45.079s] /usr/bin/ld: CMakeFiles/frenet_ros_obst.dir/src/frenet_planner.cpp.o: in function `point_obcheck(geometry_msgs::msg::Point32_<std::allocator<void> >, double)':
[45.079s] frenet_planner.cpp:(.text+0x2060): undefined reference to `ob_x'
[45.079s] /usr/bin/ld: frenet_planner.cpp:(.text+0x206f): undefined reference to `ob_x'
[45.079s] /usr/bin/ld: frenet_planner.cpp:(.text+0x2094): undefined reference to `ob_x'
[45.080s] /usr/bin/ld: frenet_planner.cpp:(.text+0x20b4): undefined reference to `ob_x'
[45.080s] /usr/bin/ld: frenet_planner.cpp:(.text+0x20db): undefined reference to `ob_x'
[45.080s] /usr/bin/ld: CMakeFiles/frenet_ros_obst.dir/src/frenet_planner.cpp.o:frenet_planner.cpp:(.text+0x210c): more undefined references to `ob_x' follow
[45.081s] /usr/bin/ld: CMakeFiles/frenet_ros_obst.dir/src/frenet_planner.cpp.o: in function `point_obcheck(geometry_msgs::msg::Point32_<std::allocator<void> >, double)':
[45.081s] frenet_planner.cpp:(.text+0x21df): undefined reference to `ob_y'
[45.081s] /usr/bin/ld: frenet_planner.cpp:(.text+0x21fc): undefined reference to `ob_x'
[45.081s] /usr/bin/ld: frenet_planner.cpp:(.text+0x2239): undefined reference to `ob_y'
[45.082s] /usr/bin/ld: frenet_planner.cpp:(.text+0x2256): undefined reference to `ob_x'
[45.082s] /usr/bin/ld: frenet_planner.cpp:(.text+0x22bc): undefined reference to `ob_y'
[45.082s] /usr/bin/ld: frenet_planner.cpp:(.text+0x22cb): undefined reference to `ob_y'
[45.082s] /usr/bin/ld: frenet_planner.cpp:(.text+0x22f4): undefined reference to `ob_y'
[45.083s] /usr/bin/ld: frenet_planner.cpp:(.text+0x231b): undefined reference to `ob_y'
[45.084s] /usr/bin/ld: frenet_planner.cpp:(.text+0x234c): undefined reference to `ob_y'
[45.085s] /usr/bin/ld: CMakeFiles/frenet_ros_obst.dir/src/frenet_planner.cpp.o:frenet_planner.cpp:(.text+0x2373): more undefined references to `ob_y' follow
[45.085s] /usr/bin/ld: CMakeFiles/frenet_ros_obst.dir/src/frenet_planner.cpp.o: in function `point_obcheck(geometry_msgs::msg::Point32_<std::allocator<void> >, double)':
[45.085s] frenet_planner.cpp:(.text+0x243c): undefined reference to `ob_x'
[45.085s] /usr/bin/ld: frenet_planner.cpp:(.text+0x2479): undefined reference to `ob_y'
[45.086s] /usr/bin/ld: frenet_planner.cpp:(.text+0x2496): undefined reference to `ob_x'
[45.086s] /usr/bin/ld: CMakeFiles/frenet_ros_obst.dir/src/frenet_planner.cpp.o: in function `FrenetPath::check_collision(double)':
[45.086s] frenet_planner.cpp:(.text+0x2638): undefined reference to `footprint'
[45.086s] /usr/bin/ld: frenet_planner.cpp:(.text+0x2652): undefined reference to `odom'
[45.087s] /usr/bin/ld: frenet_planner.cpp:(.text+0x2658): undefined reference to `odom'
[45.087s] /usr/bin/ld: frenet_planner.cpp:(.text+0x265e): undefined reference to `odom'
[45.087s] /usr/bin/ld: frenet_planner.cpp:(.text+0x2664): undefined reference to `odom'
[45.088s] /usr/bin/ld: frenet_planner.cpp:(.text+0x266a): undefined reference to `odom'
[45.088s] /usr/bin/ld: CMakeFiles/frenet_ros_obst.dir/src/frenet_planner.cpp.o:frenet_planner.cpp:(.text+0x2670): more undefined references to `odom' follow
[45.088s] /usr/bin/ld: CMakeFiles/frenet_ros_obst.dir/src/frenet_planner.cpp.o: in function `calc_frenet_paths(double, double, double, double, double, FrenetPath) [clone ._omp_fn.0]':
[45.089s] frenet_planner.cpp:(.text+0x310b): undefined reference to `D_ROAD_W'
[45.089s] /usr/bin/ld: frenet_planner.cpp:(.text+0x312b): undefined reference to `D_ROAD_W'
[45.089s] /usr/bin/ld: frenet_planner.cpp:(.text+0x313b): undefined reference to `MAXT'
[45.089s] /usr/bin/ld: frenet_planner.cpp:(.text+0x3143): undefined reference to `DT'
[45.089s] /usr/bin/ld: frenet_planner.cpp:(.text+0x314f): undefined reference to `DT'
[45.090s] /usr/bin/ld: frenet_planner.cpp:(.text+0x3200): undefined reference to `D_ROAD_W'
[45.090s] /usr/bin/ld: frenet_planner.cpp:(.text+0x321c): undefined reference to `D_T_S'
[45.090s] /usr/bin/ld: frenet_planner.cpp:(.text+0x324e): undefined reference to `TARGET_SPEED'
[45.090s] /usr/bin/ld: frenet_planner.cpp:(.text+0x3330): undefined reference to `TARGET_SPEED'
[45.090s] /usr/bin/ld: CMakeFiles/frenet_ros_obst.dir/src/frenet_planner.cpp.o: in function `calc_frenet_paths(double, double, double, double, double, FrenetPath) [clone ._omp_fn.1]':
[45.091s] frenet_planner.cpp:(.text+0x34d8): undefined reference to `D_ROAD_W'
[45.091s] /usr/bin/ld: frenet_planner.cpp:(.text+0x34fd): undefined reference to `D_ROAD_W'
[45.091s] /usr/bin/ld: frenet_planner.cpp:(.text+0x350d): undefined reference to `MINT'
[45.091s] /usr/bin/ld: frenet_planner.cpp:(.text+0x3515): undefined reference to `DT'
[45.092s] /usr/bin/ld: frenet_planner.cpp:(.text+0x3526): undefined reference to `MAXT'
[45.092s] /usr/bin/ld: frenet_planner.cpp:(.text+0x352e): undefined reference to `DT'
[45.092s] /usr/bin/ld: frenet_planner.cpp:(.text+0x353a): undefined reference to `DT'
[45.092s] /usr/bin/ld: frenet_planner.cpp:(.text+0x354b): undefined reference to `MAX_LAT_VEL'
[45.093s] /usr/bin/ld: frenet_planner.cpp:(.text+0x355f): undefined reference to `D_D_NS'
[45.093s] /usr/bin/ld: frenet_planner.cpp:(.text+0x3570): undefined reference to `MAX_LAT_VEL'
[45.093s] /usr/bin/ld: frenet_planner.cpp:(.text+0x3578): undefined reference to `D_D_NS'
[45.093s] /usr/bin/ld: frenet_planner.cpp:(.text+0x3584): undefined reference to `D_D_NS'
[45.093s] /usr/bin/ld: frenet_planner.cpp:(.text+0x3690): undefined reference to `D_ROAD_W'
[45.094s] /usr/bin/ld: frenet_planner.cpp:(.text+0x36ac): undefined reference to `DT'
[45.094s] /usr/bin/ld: frenet_planner.cpp:(.text+0x36c8): undefined reference to `D_D_NS'
[45.094s] /usr/bin/ld: frenet_planner.cpp:(.text+0x37d3): undefined reference to `TARGET_SPEED'
[45.094s] /usr/bin/ld: frenet_planner.cpp:(.text+0x37db): undefined reference to `D_T_S'
[45.094s] /usr/bin/ld: frenet_planner.cpp:(.text+0x37e3): undefined reference to `N_S_SAMPLE'
[45.095s] /usr/bin/ld: frenet_planner.cpp:(.text+0x37fb): undefined reference to `D_T_S'
[45.095s] /usr/bin/ld: frenet_planner.cpp:(.text+0x3803): undefined reference to `N_S_SAMPLE'
[45.095s] /usr/bin/ld: frenet_planner.cpp:(.text+0x380f): undefined reference to `TARGET_SPEED'
[45.095s] /usr/bin/ld: frenet_planner.cpp:(.text+0x3833): undefined reference to `D_T_S'
[45.095s] /usr/bin/ld: frenet_planner.cpp:(.text+0x3960): undefined reference to `D_T_S'
[45.096s] collect2: error: ld returned 1 exit status
[45.096s] make[2]: *** [CMakeFiles/frenet_ros_obst.dir/build.make:187: frenet_ros_obst] Error 1
[45.096s] make[1]: *** [CMakeFiles/Makefile2:78: CMakeFiles/frenet_ros_obst.dir/all] Error 2
[45.096s] make: *** [Makefile:141: all] Error 2
[45.097s] Invoked command in '/home/aayush/newest_frenet_planner/build/frenet_planner_ported' returned '2': CMAKE_PREFIX_PATH=${CMAKE_PREFIX_PATH}:/home/aayush/newest_frenet_planner/install/dummy:/opt/ros/foxy /usr/bin/cmake --build /home/aayush/newest_frenet_planner/build/frenet_planner_ported -- -j2 -l2
