[1.378s] Invoking command in '/home/aayush/newest_frenet_planner/src/dummy': PYTHONPATH=/home/aayush/newest_frenet_planner/install/dummy/lib/python3.8/site-packages:${PYTHONPATH} /usr/bin/python3 setup.py egg_info --egg-base ../../build/dummy build --build-base /home/aayush/newest_frenet_planner/build/dummy/build install --prefix /home/aayush/newest_frenet_planner/install/dummy --record /home/aayush/newest_frenet_planner/build/dummy/install.log --single-version-externally-managed
[2.548s] running egg_info
[2.550s] writing ../../build/dummy/dummy.egg-info/PKG-INFO
[2.555s] writing dependency_links to ../../build/dummy/dummy.egg-info/dependency_links.txt
[2.555s] writing entry points to ../../build/dummy/dummy.egg-info/entry_points.txt
[2.556s] writing requirements to ../../build/dummy/dummy.egg-info/requires.txt
[2.556s] writing top-level names to ../../build/dummy/dummy.egg-info/top_level.txt
[2.760s] reading manifest file '../../build/dummy/dummy.egg-info/SOURCES.txt'
[2.770s] writing manifest file '../../build/dummy/dummy.egg-info/SOURCES.txt'
[2.770s] running build
[2.778s] running build_py
[2.779s] running install
[2.781s] running install_lib
[2.794s] running install_data
[2.796s] running install_egg_info
[2.823s] removing '/home/aayush/newest_frenet_planner/install/dummy/lib/python3.8/site-packages/dummy-0.0.0-py3.8.egg-info' (and everything under it)
[2.824s] Copying ../../build/dummy/dummy.egg-info to /home/aayush/newest_frenet_planner/install/dummy/lib/python3.8/site-packages/dummy-0.0.0-py3.8.egg-info
[2.826s] running install_scripts
[3.066s] Installing dum_pub script to /home/aayush/newest_frenet_planner/install/dummy/lib/dummy
[3.067s] writing list of installed files to '/home/aayush/newest_frenet_planner/build/dummy/install.log'
[3.123s] Invoked command in '/home/aayush/newest_frenet_planner/src/dummy' returned '0': PYTHONPATH=/home/aayush/newest_frenet_planner/install/dummy/lib/python3.8/site-packages:${PYTHONPATH} /usr/bin/python3 setup.py egg_info --egg-base ../../build/dummy build --build-base /home/aayush/newest_frenet_planner/build/dummy/build install --prefix /home/aayush/newest_frenet_planner/install/dummy --record /home/aayush/newest_frenet_planner/build/dummy/install.log --single-version-externally-managed
