[0.864s] Invoking command in '/home/aayush/newest_frenet_planner/build/frenet_planner': CMAKE_PREFIX_PATH=${CMAKE_PREFIX_PATH}:/home/aayush/newest_frenet_planner/install/dummy:/opt/ros/foxy /usr/bin/cmake --build /home/aayush/newest_frenet_planner/build/frenet_planner -- -j2 -l2
[1.057s] [35m[1mScanning dependencies of target frenet_ros_obst[0m
[1.331s] [ 20%] [32mBuilding CXX object CMakeFiles/frenet_ros_obst.dir/src/frenet_ros_obst.cpp.o[0m
[7.086s] In file included from [01m[K/home/aayush/newest_frenet_planner/src/frenet_planner/src/../include/frenet_class.hpp:11[m[K,
[7.086s]                  from [01m[K/home/aayush/newest_frenet_planner/src/frenet_planner/src/frenet_ros_obst.cpp:1[m[K:
[7.086s] [01m[K/home/aayush/newest_frenet_planner/src/frenet_planner/./include/matplotlibcpp.hpp:314:36:[m[K [01;35m[Kwarning: [m[Kstatic_assert without a message only available with ‘[01m[K-std=c++17[m[K’ or ‘[01m[K-std=gnu++17[m[K’ [[01;35m[K-Wpedantic[m[K]
[7.086s]   314 | static_assert(sizeof(long long) == [01;35m[K8[m[K);
[7.087s]       |                                    [01;35m[K^[m[K
[7.087s] [01m[K/home/aayush/newest_frenet_planner/src/frenet_planner/./include/matplotlibcpp.hpp:316:45:[m[K [01;35m[Kwarning: [m[Kstatic_assert without a message only available with ‘[01m[K-std=c++17[m[K’ or ‘[01m[K-std=gnu++17[m[K’ [[01;35m[K-Wpedantic[m[K]
[7.087s]   316 | static_assert(sizeof(unsigned long long) == [01;35m[K8[m[K);
[7.087s]       |                                             [01;35m[K^[m[K
[10.070s] In file included from [01m[K/home/aayush/newest_frenet_planner/src/frenet_planner/src/frenet_ros_obst.cpp:1[m[K:
[10.070s] [01m[K/home/aayush/newest_frenet_planner/src/frenet_planner/src/../include/frenet_class.hpp:131:81:[m[K [01;35m[Kwarning: [m[K‘[01m[Kgeometry_msgs::msg::PolygonStamped_<std::allocator<void> >::ConstPtr[m[K’ is deprecated [[01;35m[K-Wdeprecated-declarations[m[K]
[10.071s]   131 | allback(const geometry_msgs::msg::PolygonStamped::ConstPtr p[01;35m[K)[m[K
[10.071s]       |                                                             [01;35m[K^[m[K
[10.071s] 
[10.071s] In file included from [01m[K/opt/ros/foxy/include/geometry_msgs/msg/polygon_stamped.hpp:7[m[K,
[10.072s]                  from [01m[K/home/aayush/newest_frenet_planner/src/frenet_planner/src/../include/frenet_class.hpp:8[m[K,
[10.072s]                  from [01m[K/home/aayush/newest_frenet_planner/src/frenet_planner/src/frenet_ros_obst.cpp:1[m[K:
[10.072s] [01m[K/opt/ros/foxy/include/geometry_msgs/msg/detail/polygon_stamped__struct.hpp:114:5:[m[K [01;36m[Knote: [m[Kdeclared here
[10.072s]   114 |     [01;36m[KConstPtr[m[K;
[10.072s]       |     [01;36m[K^~~~~~~~[m[K
[10.073s] In file included from [01m[K/home/aayush/newest_frenet_planner/src/frenet_planner/src/frenet_ros_obst.cpp:1[m[K:
[10.073s] [01m[K/home/aayush/newest_frenet_planner/src/frenet_planner/src/../include/frenet_class.hpp:137:67:[m[K [01;35m[Kwarning: [m[K‘[01m[Knav_msgs::msg::Odometry_<std::allocator<void> >::ConstPtr[m[K’ is deprecated [[01;35m[K-Wdeprecated-declarations[m[K]
[10.073s]   137 |     void odom_callback(const nav_msgs::msg::Odometry::ConstPtr msg[01;35m[K)[m[K
[10.074s]       |                                                                   [01;35m[K^[m[K
[10.074s] In file included from [01m[K/opt/ros/foxy/include/nav_msgs/msg/odometry.hpp:7[m[K,
[10.074s]                  from [01m[K/home/aayush/newest_frenet_planner/src/frenet_planner/src/../include/frenet_class.hpp:6[m[K,
[10.074s]                  from [01m[K/home/aayush/newest_frenet_planner/src/frenet_planner/src/frenet_ros_obst.cpp:1[m[K:
[10.075s] [01m[K/opt/ros/foxy/include/nav_msgs/msg/detail/odometry__struct.hpp:145:5:[m[K [01;36m[Knote: [m[Kdeclared here
[10.075s]   145 |     [01;36m[KConstPtr[m[K;
[10.075s]       |     [01;36m[K^~~~~~~~[m[K
[10.075s] In file included from [01m[K/home/aayush/newest_frenet_planner/src/frenet_planner/src/frenet_ros_obst.cpp:1[m[K:
[10.076s] [01m[K/home/aayush/newest_frenet_planner/src/frenet_planner/src/../include/frenet_class.hpp:141:86:[m[K [01;35m[Kwarning: [m[K‘[01m[Knav_msgs::msg::OccupancyGrid_<std::allocator<void> >::ConstPtr[m[K’ is deprecated [[01;35m[K-Wdeprecated-declarations[m[K]
[10.076s]   141 | (const nav_msgs::msg::OccupancyGrid::ConstPtr occupancy_grid[01;35m[K)[m[K
[10.078s]       |                                                             [01;35m[K^[m[K
[10.078s] 
[10.079s] In file included from [01m[K/opt/ros/foxy/include/nav_msgs/msg/occupancy_grid.hpp:7[m[K,
[10.079s]                  from [01m[K/home/aayush/newest_frenet_planner/src/frenet_planner/src/../include/frenet_class.hpp:7[m[K,
[10.079s]                  from [01m[K/home/aayush/newest_frenet_planner/src/frenet_planner/src/frenet_ros_obst.cpp:1[m[K:
[10.079s] [01m[K/opt/ros/foxy/include/nav_msgs/msg/detail/occupancy_grid__struct.hpp:123:5:[m[K [01;36m[Knote: [m[Kdeclared here
[10.080s]   123 |     [01;36m[KConstPtr[m[K;
[10.080s]       |     [01;36m[K^~~~~~~~[m[K
[10.221s] In file included from [01m[K/home/aayush/newest_frenet_planner/src/frenet_planner/src/frenet_ros_obst.cpp:1[m[K:
[10.222s] [01m[K/home/aayush/newest_frenet_planner/src/frenet_planner/src/../include/frenet_class.hpp:[m[K In member function ‘[01m[Kvoid FrenetClass::costmap_callback(nav_msgs::msg::OccupancyGrid_<std::allocator<void> >::ConstPtr)[m[K’:
[10.222s] [01m[K/home/aayush/newest_frenet_planner/src/frenet_planner/src/../include/frenet_class.hpp:171:22:[m[K [01;35m[Kwarning: [m[Kcomparison of integer expressions of different signedness: ‘[01m[Klong int[m[K’ and ‘[01m[Kstd::vector<std::pair<double, double> >::size_type[m[K’ {aka ‘[01m[Klong unsigned int[m[K’} [[01;35m[K-Wsign-compare[m[K]
[10.222s]   171 |   for (long i = 0; [01;35m[Ki < ob1.size()[m[K; i++)
[10.222s]       |                    [01;35m[K~~^~~~~~~~~~~~[m[K
[10.223s] [01m[K/home/aayush/newest_frenet_planner/src/frenet_planner/src/../include/frenet_class.hpp:151:13:[m[K [01;35m[Kwarning: [m[Kunused variable ‘[01m[KstartTime1[m[K’ [[01;35m[K-Wunused-variable[m[K]
[10.224s]   151 |      double [01;35m[KstartTime1[m[K = omp_get_wtime();
[10.224s]       |             [01;35m[K^~~~~~~~~~[m[K
[10.228s] In file included from [01m[K/home/aayush/newest_frenet_planner/src/frenet_planner/src/frenet_ros_obst.cpp:2[m[K:
[10.229s] [01m[K/home/aayush/newest_frenet_planner/src/frenet_planner/src/../include/frenet_optimal_trajectory.hpp:[m[K In function ‘[01m[Kstd::ostream& operator<<(std::ostream&, const FrenetPath&)[m[K’:
[10.229s] [01m[K/home/aayush/newest_frenet_planner/src/frenet_planner/src/../include/frenet_optimal_trajectory.hpp:79:20:[m[K [01;35m[Kwarning: [m[Kstatement has no effect [[01;35m[K-Wunused-value[m[K]
[10.229s]    79 | #define trace(...) [01;35m[K42[m[K
[10.230s]       |                    [01;35m[K^~[m[K
[10.230s] [01m[K/home/aayush/newest_frenet_planner/src/frenet_planner/src/../include/frenet_optimal_trajectory.hpp:79:20:[m[K [01;36m[Knote: [m[Kin definition of macro ‘[01m[Ktrace[m[K’
[10.230s]    79 | #define trace(...) [01;36m[K42[m[K
[10.230s]       |                    [01;36m[K^~[m[K
[10.231s] [01m[K/home/aayush/newest_frenet_planner/src/frenet_planner/src/../include/frenet_optimal_trajectory.hpp:79:20:[m[K [01;35m[Kwarning: [m[Kstatement has no effect [[01;35m[K-Wunused-value[m[K]
[10.231s]    79 | #define trace(...) [01;35m[K42[m[K
[10.231s]       |                    [01;35m[K^~[m[K
[10.232s] [01m[K/home/aayush/newest_frenet_planner/src/frenet_planner/src/../include/frenet_optimal_trajectory.hpp:79:20:[m[K [01;36m[Knote: [m[Kin definition of macro ‘[01m[Ktrace[m[K’
[10.232s]    79 | #define trace(...) [01;36m[K42[m[K
[10.232s]       |                    [01;36m[K^~[m[K
[10.232s] [01m[K/home/aayush/newest_frenet_planner/src/frenet_planner/src/../include/frenet_optimal_trajectory.hpp:79:20:[m[K [01;35m[Kwarning: [m[Kstatement has no effect [[01;35m[K-Wunused-value[m[K]
[10.233s]    79 | #define trace(...) [01;35m[K42[m[K
[10.233s]       |                    [01;35m[K^~[m[K
[10.233s] [01m[K/home/aayush/newest_frenet_planner/src/frenet_planner/src/../include/frenet_optimal_trajectory.hpp:79:20:[m[K [01;36m[Knote: [m[Kin definition of macro ‘[01m[Ktrace[m[K’
[10.234s]    79 | #define trace(...) [01;36m[K42[m[K
[10.234s]       |                    [01;36m[K^~[m[K
[10.234s] [01m[K/home/aayush/newest_frenet_planner/src/frenet_planner/src/../include/frenet_optimal_trajectory.hpp:79:20:[m[K [01;35m[Kwarning: [m[Kstatement has no effect [[01;35m[K-Wunused-value[m[K]
[10.234s]    79 | #define trace(...) [01;35m[K42[m[K
[10.235s]       |                    [01;35m[K^~[m[K
[10.235s] [01m[K/home/aayush/newest_frenet_planner/src/frenet_planner/src/../include/frenet_optimal_trajectory.hpp:79:20:[m[K [01;36m[Knote: [m[Kin definition of macro ‘[01m[Ktrace[m[K’
[10.235s]    79 | #define trace(...) [01;36m[K42[m[K
[10.236s]       |                    [01;36m[K^~[m[K
[10.236s] [01m[K/home/aayush/newest_frenet_planner/src/frenet_planner/src/../include/frenet_optimal_trajectory.hpp:79:20:[m[K [01;35m[Kwarning: [m[Kstatement has no effect [[01;35m[K-Wunused-value[m[K]
[10.236s]    79 | #define trace(...) [01;35m[K42[m[K
[10.237s]       |                    [01;35m[K^~[m[K
[10.237s] [01m[K/home/aayush/newest_frenet_planner/src/frenet_planner/src/../include/frenet_optimal_trajectory.hpp:79:20:[m[K [01;36m[Knote: [m[Kin definition of macro ‘[01m[Ktrace[m[K’
[10.237s]    79 | #define trace(...) [01;36m[K42[m[K
[10.238s]       |                    [01;36m[K^~[m[K
[10.238s] [01m[K/home/aayush/newest_frenet_planner/src/frenet_planner/src/../include/frenet_optimal_trajectory.hpp:79:20:[m[K [01;35m[Kwarning: [m[Kstatement has no effect [[01;35m[K-Wunused-value[m[K]
[10.238s]    79 | #define trace(...) [01;35m[K42[m[K
[10.238s]       |                    [01;35m[K^~[m[K
[10.240s] [01m[K/home/aayush/newest_frenet_planner/src/frenet_planner/src/../include/frenet_optimal_trajectory.hpp:79:20:[m[K [01;36m[Knote: [m[Kin definition of macro ‘[01m[Ktrace[m[K’
[10.240s]    79 | #define trace(...) [01;36m[K42[m[K
[10.240s]       |                    [01;36m[K^~[m[K
[10.241s] [01m[K/home/aayush/newest_frenet_planner/src/frenet_planner/src/../include/frenet_optimal_trajectory.hpp:79:20:[m[K [01;35m[Kwarning: [m[Kstatement has no effect [[01;35m[K-Wunused-value[m[K]
[10.241s]    79 | #define trace(...) [01;35m[K42[m[K
[10.241s]       |                    [01;35m[K^~[m[K
[10.241s] [01m[K/home/aayush/newest_frenet_planner/src/frenet_planner/src/../include/frenet_optimal_trajectory.hpp:79:20:[m[K [01;36m[Knote: [m[Kin definition of macro ‘[01m[Ktrace[m[K’
[10.241s]    79 | #define trace(...) [01;36m[K42[m[K
[10.242s]       |                    [01;36m[K^~[m[K
[10.242s] [01m[K/home/aayush/newest_frenet_planner/src/frenet_planner/src/../include/frenet_optimal_trajectory.hpp:79:20:[m[K [01;35m[Kwarning: [m[Kstatement has no effect [[01;35m[K-Wunused-value[m[K]
[10.242s]    79 | #define trace(...) [01;35m[K42[m[K
[10.242s]       |                    [01;35m[K^~[m[K
[10.243s] [01m[K/home/aayush/newest_frenet_planner/src/frenet_planner/src/../include/frenet_optimal_trajectory.hpp:79:20:[m[K [01;36m[Knote: [m[Kin definition of macro ‘[01m[Ktrace[m[K’
[10.243s]    79 | #define trace(...) [01;36m[K42[m[K
[10.243s]       |                    [01;36m[K^~[m[K
[10.244s] [01m[K/home/aayush/newest_frenet_planner/src/frenet_planner/src/../include/frenet_optimal_trajectory.hpp:79:20:[m[K [01;35m[Kwarning: [m[Kstatement has no effect [[01;35m[K-Wunused-value[m[K]
[10.244s]    79 | #define trace(...) [01;35m[K42[m[K
[10.244s]       |                    [01;35m[K^~[m[K
[10.245s] [01m[K/home/aayush/newest_frenet_planner/src/frenet_planner/src/../include/frenet_optimal_trajectory.hpp:79:20:[m[K [01;36m[Knote: [m[Kin definition of macro ‘[01m[Ktrace[m[K’
[10.245s]    79 | #define trace(...) [01;36m[K42[m[K
[10.245s]       |                    [01;36m[K^~[m[K
[10.245s] [01m[K/home/aayush/newest_frenet_planner/src/frenet_planner/src/../include/frenet_optimal_trajectory.hpp:79:20:[m[K [01;35m[Kwarning: [m[Kstatement has no effect [[01;35m[K-Wunused-value[m[K]
[10.246s]    79 | #define trace(...) [01;35m[K42[m[K
[10.246s]       |                    [01;35m[K^~[m[K
[10.246s] [01m[K/home/aayush/newest_frenet_planner/src/frenet_planner/src/../include/frenet_optimal_trajectory.hpp:79:20:[m[K [01;36m[Knote: [m[Kin definition of macro ‘[01m[Ktrace[m[K’
[10.246s]    79 | #define trace(...) [01;36m[K42[m[K
[10.246s]       |                    [01;36m[K^~[m[K
[10.247s] [01m[K/home/aayush/newest_frenet_planner/src/frenet_planner/src/../include/frenet_optimal_trajectory.hpp:79:20:[m[K [01;35m[Kwarning: [m[Kstatement has no effect [[01;35m[K-Wunused-value[m[K]
[10.247s]    79 | #define trace(...) [01;35m[K42[m[K
[10.247s]       |                    [01;35m[K^~[m[K
[10.248s] [01m[K/home/aayush/newest_frenet_planner/src/frenet_planner/src/../include/frenet_optimal_trajectory.hpp:79:20:[m[K [01;36m[Knote: [m[Kin definition of macro ‘[01m[Ktrace[m[K’
[10.248s]    79 | #define trace(...) [01;36m[K42[m[K
[10.248s]       |                    [01;36m[K^~[m[K
[10.248s] [01m[K/home/aayush/newest_frenet_planner/src/frenet_planner/src/../include/frenet_optimal_trajectory.hpp:79:20:[m[K [01;35m[Kwarning: [m[Kstatement has no effect [[01;35m[K-Wunused-value[m[K]
[10.249s]    79 | #define trace(...) [01;35m[K42[m[K
[10.249s]       |                    [01;35m[K^~[m[K
[10.249s] [01m[K/home/aayush/newest_frenet_planner/src/frenet_planner/src/../include/frenet_optimal_trajectory.hpp:79:20:[m[K [01;36m[Knote: [m[Kin definition of macro ‘[01m[Ktrace[m[K’
[10.250s]    79 | #define trace(...) [01;36m[K42[m[K
[10.250s]       |                    [01;36m[K^~[m[K
[10.250s] [01m[K/home/aayush/newest_frenet_planner/src/frenet_planner/src/../include/frenet_optimal_trajectory.hpp:79:20:[m[K [01;35m[Kwarning: [m[Kstatement has no effect [[01;35m[K-Wunused-value[m[K]
[10.250s]    79 | #define trace(...) [01;35m[K42[m[K
[10.251s]       |                    [01;35m[K^~[m[K
[10.251s] [01m[K/home/aayush/newest_frenet_planner/src/frenet_planner/src/../include/frenet_optimal_trajectory.hpp:79:20:[m[K [01;36m[Knote: [m[Kin definition of macro ‘[01m[Ktrace[m[K’
[10.252s]    79 | #define trace(...) [01;36m[K42[m[K
[10.252s]       |                    [01;36m[K^~[m[K
[10.252s] [01m[K/home/aayush/newest_frenet_planner/src/frenet_planner/src/../include/frenet_optimal_trajectory.hpp:80:59:[m[K [01;35m[Kwarning: [m[Kunused parameter ‘[01m[Kfp[m[K’ [[01;35m[K-Wunused-parameter[m[K]
[10.253s]    80 | inline ostream& operator<<(ostream& os, [01;35m[Kconst FrenetPath& fp[m[K)
[10.253s]       |                                         [01;35m[K~~~~~~~~~~~~~~~~~~^~[m[K
[10.253s] [01m[K/home/aayush/newest_frenet_planner/src/frenet_planner/src/frenet_ros_obst.cpp:[m[K In function ‘[01m[Kdouble get_bot_yaw()[m[K’:
[10.253s] [01m[K/home/aayush/newest_frenet_planner/src/frenet_planner/src/../include/frenet_optimal_trajectory.hpp:79:20:[m[K [01;35m[Kwarning: [m[Kstatement has no effect [[01;35m[K-Wunused-value[m[K]
[10.254s]    79 | #define trace(...) [01;35m[K42[m[K
[10.254s]       |                    [01;35m[K^~[m[K
[10.254s] [01m[K/home/aayush/newest_frenet_planner/src/frenet_planner/src/../include/frenet_optimal_trajectory.hpp:79:20:[m[K [01;36m[Knote: [m[Kin definition of macro ‘[01m[Ktrace[m[K’
[10.254s]    79 | #define trace(...) [01;36m[K42[m[K
[10.255s]       |                    [01;36m[K^~[m[K
[10.255s] [01m[K/home/aayush/newest_frenet_planner/src/frenet_planner/src/frenet_ros_obst.cpp:[m[K In function ‘[01m[Kvoid initial_conditions_path(Spline2D&, double&, double&, double&, double&, double&, double&, FrenetPath&)[m[K’:
[10.256s] [01m[K/home/aayush/newest_frenet_planner/src/frenet_planner/src/frenet_ros_obst.cpp:55:40:[m[K [01;35m[Kwarning: [m[Kunused parameter ‘[01m[Kcsp[m[K’ [[01;35m[K-Wunused-parameter[m[K]
[10.256s]    55 | void initial_conditions_path([01;35m[KSpline2D &csp[m[K, double &s0, double &c_speed, double &c_d, double &c_d_d,
[10.256s]       |                              [01;35m[K~~~~~~~~~~^~~[m[K
[10.256s] In file included from [01m[K/home/aayush/newest_frenet_planner/src/frenet_planner/src/frenet_ros_obst.cpp:2[m[K:
[10.257s] [01m[K/home/aayush/newest_frenet_planner/src/frenet_planner/src/frenet_ros_obst.cpp:[m[K In function ‘[01m[Kint initial_conditions_new(Spline2D&, vecD&, vecD&, vecD&, vecD&, vecD&, double&, double&, double&, double&, double&, double&, FrenetPath&)[m[K’:
[10.257s] [01m[K/home/aayush/newest_frenet_planner/src/frenet_planner/src/../include/frenet_optimal_trajectory.hpp:79:20:[m[K [01;35m[Kwarning: [m[Kstatement has no effect [[01;35m[K-Wunused-value[m[K]
[10.257s]    79 | #define trace(...) [01;35m[K42[m[K
[10.257s]       |                    [01;35m[K^~[m[K
[10.258s] [01m[K/home/aayush/newest_frenet_planner/src/frenet_planner/src/../include/frenet_optimal_trajectory.hpp:79:20:[m[K [01;36m[Knote: [m[Kin definition of macro ‘[01m[Ktrace[m[K’
[10.258s]    79 | #define trace(...) [01;36m[K42[m[K
[10.258s]       |                    [01;36m[K^~[m[K
[10.258s] [01m[K/home/aayush/newest_frenet_planner/src/frenet_planner/src/../include/frenet_optimal_trajectory.hpp:79:20:[m[K [01;35m[Kwarning: [m[Kstatement has no effect [[01;35m[K-Wunused-value[m[K]
[10.259s]    79 | #define trace(...) [01;35m[K42[m[K
[10.259s]       |                    [01;35m[K^~[m[K
[10.259s] [01m[K/home/aayush/newest_frenet_planner/src/frenet_planner/src/../include/frenet_optimal_trajectory.hpp:79:20:[m[K [01;36m[Knote: [m[Kin definition of macro ‘[01m[Ktrace[m[K’
[10.259s]    79 | #define trace(...) [01;36m[K42[m[K
[10.259s]       |                    [01;36m[K^~[m[K
[10.260s] [01m[K/home/aayush/newest_frenet_planner/src/frenet_planner/src/frenet_ros_obst.cpp:71:38:[m[K [01;35m[Kwarning: [m[Kunused parameter ‘[01m[Kcsp[m[K’ [[01;35m[K-Wunused-parameter[m[K]
[10.260s]    71 | int initial_conditions_new([01;35m[KSpline2D &csp[m[K, vecD &global_s, vecD &global_x, vecD &global_y,
[10.260s]       |                            [01;35m[K~~~~~~~~~~^~~[m[K
[10.283s] In file included from [01m[K/home/aayush/newest_frenet_planner/src/frenet_planner/src/frenet_ros_obst.cpp:2[m[K:
[10.283s] [01m[K/home/aayush/newest_frenet_planner/src/frenet_planner/src/frenet_ros_obst.cpp:[m[K In function ‘[01m[Kint main(int, char**)[m[K’:
[10.284s] [01m[K/home/aayush/newest_frenet_planner/src/frenet_planner/src/../include/frenet_optimal_trajectory.hpp:79:20:[m[K [01;35m[Kwarning: [m[Kstatement has no effect [[01;35m[K-Wunused-value[m[K]
[10.284s]    79 | #define trace(...) [01;35m[K42[m[K
[10.284s]       |                    [01;35m[K^~[m[K
[10.284s] [01m[K/home/aayush/newest_frenet_planner/src/frenet_planner/src/../include/frenet_optimal_trajectory.hpp:79:20:[m[K [01;36m[Knote: [m[Kin definition of macro ‘[01m[Ktrace[m[K’
[10.284s]    79 | #define trace(...) [01;36m[K42[m[K
[10.285s]       |                    [01;36m[K^~[m[K
[10.347s] [01m[K/home/aayush/newest_frenet_planner/src/frenet_planner/src/frenet_ros_obst.cpp:169:10:[m[K [01;35m[Kwarning: [m[Kunused variable ‘[01m[KmainLoop1[m[K’ [[01;35m[K-Wunused-variable[m[K]
[10.347s]   169 |   double [01;35m[KmainLoop1[m[K = omp_get_wtime();
[10.347s]       |          [01;35m[K^~~~~~~~~[m[K
[10.347s] [01m[K/home/aayush/newest_frenet_planner/src/frenet_planner/src/frenet_ros_obst.cpp:174:10:[m[K [01;35m[Kwarning: [m[Kunused variable ‘[01m[KstartTime1[m[K’ [[01;35m[K-Wunused-variable[m[K]
[10.347s]   174 |   double [01;35m[KstartTime1[m[K = omp_get_wtime();
[10.348s]       |          [01;35m[K^~~~~~~~~~[m[K
[10.348s] [01m[K/home/aayush/newest_frenet_planner/src/frenet_planner/src/frenet_ros_obst.cpp:185:10:[m[K [01;35m[Kwarning: [m[Kunused variable ‘[01m[KendTime1[m[K’ [[01;35m[K-Wunused-variable[m[K]
[10.348s]   185 |   double [01;35m[KendTime1[m[K = omp_get_wtime();
[10.348s]       |          [01;35m[K^~~~~~~~[m[K
[10.348s] [01m[K/home/aayush/newest_frenet_planner/src/frenet_planner/src/frenet_ros_obst.cpp:213:10:[m[K [01;35m[Kwarning: [m[Kunused variable ‘[01m[KstartTime2[m[K’ [[01;35m[K-Wunused-variable[m[K]
[10.349s]   213 |   double [01;35m[KstartTime2[m[K = omp_get_wtime();
[10.349s]       |          [01;35m[K^~~~~~~~~~[m[K
[10.349s] [01m[K/home/aayush/newest_frenet_planner/src/frenet_planner/src/frenet_ros_obst.cpp:215:10:[m[K [01;35m[Kwarning: [m[Kunused variable ‘[01m[KendTime2[m[K’ [[01;35m[K-Wunused-variable[m[K]
[10.349s]   215 |   double [01;35m[KendTime2[m[K = omp_get_wtime();
[10.350s]       |          [01;35m[K^~~~~~~~[m[K
[10.350s] [01m[K/home/aayush/newest_frenet_planner/src/frenet_planner/src/frenet_ros_obst.cpp:255:10:[m[K [01;35m[Kwarning: [m[Kunused variable ‘[01m[KstartTime3[m[K’ [[01;35m[K-Wunused-variable[m[K]
[10.350s]   255 |   double [01;35m[KstartTime3[m[K = omp_get_wtime();
[10.350s]       |          [01;35m[K^~~~~~~~~~[m[K
[10.350s] [01m[K/home/aayush/newest_frenet_planner/src/frenet_planner/src/frenet_ros_obst.cpp:257:10:[m[K [01;35m[Kwarning: [m[Kunused variable ‘[01m[KendTime3[m[K’ [[01;35m[K-Wunused-variable[m[K]
[10.351s]   257 |   double [01;35m[KendTime3[m[K = omp_get_wtime();
[10.351s]       |          [01;35m[K^~~~~~~~[m[K
[10.351s] [01m[K/home/aayush/newest_frenet_planner/src/frenet_planner/src/frenet_ros_obst.cpp:302:10:[m[K [01;35m[Kwarning: [m[Kunused variable ‘[01m[KmainLoop2[m[K’ [[01;35m[K-Wunused-variable[m[K]
[10.351s]   302 |   double [01;35m[KmainLoop2[m[K = omp_get_wtime();
[10.352s]       |          [01;35m[K^~~~~~~~~[m[K
[10.352s] [01m[K/home/aayush/newest_frenet_planner/src/frenet_planner/src/frenet_ros_obst.cpp:130:7:[m[K [01;35m[Kwarning: [m[Kunused variable ‘[01m[KgotOdom[m[K’ [[01;35m[K-Wunused-variable[m[K]
[10.352s]   130 |  bool [01;35m[KgotOdom[m[K = false;
[10.352s]       |       [01;35m[K^~~~~~~[m[K
[10.352s] [01m[K/home/aayush/newest_frenet_planner/src/frenet_planner/src/frenet_ros_obst.cpp:164:9:[m[K [01;35m[Kwarning: [m[Kunused variable ‘[01m[Kpltbasetime[m[K’ [[01;35m[K-Wunused-variable[m[K]
[10.353s]   164 |  double [01;35m[Kpltbasetime[m[K = omp_get_wtime();
[10.353s]       |         [01;35m[K^~~~~~~~~~~[m[K
[10.353s] [01m[K/home/aayush/newest_frenet_planner/src/frenet_planner/src/frenet_ros_obst.cpp:166:6:[m[K [01;35m[Kwarning: [m[Kunused variable ‘[01m[Kiteration_count[m[K’ [[01;35m[K-Wunused-variable[m[K]
[10.353s]   166 |  int [01;35m[Kiteration_count[m[K = 1;
[10.353s]       |      [01;35m[K^~~~~~~~~~~~~~~[m[K
[36.882s] [ 40%] [32m[1mLinking CXX executable frenet_ros_obst[0m
[39.012s] [100%] Built target frenet_ros_obst
[39.044s] Invoked command in '/home/aayush/newest_frenet_planner/build/frenet_planner' returned '0': CMAKE_PREFIX_PATH=${CMAKE_PREFIX_PATH}:/home/aayush/newest_frenet_planner/install/dummy:/opt/ros/foxy /usr/bin/cmake --build /home/aayush/newest_frenet_planner/build/frenet_planner -- -j2 -l2
[39.122s] Invoking command in '/home/aayush/newest_frenet_planner/build/frenet_planner': CMAKE_PREFIX_PATH=${CMAKE_PREFIX_PATH}:/home/aayush/newest_frenet_planner/install/dummy:/opt/ros/foxy /usr/bin/cmake --install /home/aayush/newest_frenet_planner/build/frenet_planner
[39.162s] -- Install configuration: ""
[39.164s] -- Installing: /home/aayush/newest_frenet_planner/install/frenet_planner/lib/frenet_planner/frenet_ros_obst
[39.179s] -- Set runtime path of "/home/aayush/newest_frenet_planner/install/frenet_planner/lib/frenet_planner/frenet_ros_obst" to ""
[39.179s] -- Up-to-date: /home/aayush/newest_frenet_planner/install/frenet_planner/share/frenet_planner/launch
[39.180s] -- Up-to-date: /home/aayush/newest_frenet_planner/install/frenet_planner/share/frenet_planner/launch/frenet_planner_launch.py
[39.180s] -- Up-to-date: /home/aayush/newest_frenet_planner/install/frenet_planner/share/frenet_planner/config
[39.180s] -- Up-to-date: /home/aayush/newest_frenet_planner/install/frenet_planner/share/frenet_planner/config/frenet_planner.yaml
[39.181s] -- Up-to-date: /home/aayush/newest_frenet_planner/install/frenet_planner/share/ament_index/resource_index/package_run_dependencies/frenet_planner
[39.181s] -- Up-to-date: /home/aayush/newest_frenet_planner/install/frenet_planner/share/ament_index/resource_index/parent_prefix_path/frenet_planner
[39.182s] -- Up-to-date: /home/aayush/newest_frenet_planner/install/frenet_planner/share/frenet_planner/environment/ament_prefix_path.sh
[39.182s] -- Up-to-date: /home/aayush/newest_frenet_planner/install/frenet_planner/share/frenet_planner/environment/ament_prefix_path.dsv
[39.183s] -- Up-to-date: /home/aayush/newest_frenet_planner/install/frenet_planner/share/frenet_planner/environment/path.sh
[39.183s] -- Up-to-date: /home/aayush/newest_frenet_planner/install/frenet_planner/share/frenet_planner/environment/path.dsv
[39.183s] -- Up-to-date: /home/aayush/newest_frenet_planner/install/frenet_planner/share/frenet_planner/local_setup.bash
[39.184s] -- Up-to-date: /home/aayush/newest_frenet_planner/install/frenet_planner/share/frenet_planner/local_setup.sh
[39.184s] -- Up-to-date: /home/aayush/newest_frenet_planner/install/frenet_planner/share/frenet_planner/local_setup.zsh
[39.184s] -- Up-to-date: /home/aayush/newest_frenet_planner/install/frenet_planner/share/frenet_planner/local_setup.dsv
[39.184s] -- Installing: /home/aayush/newest_frenet_planner/install/frenet_planner/share/frenet_planner/package.dsv
[39.185s] -- Up-to-date: /home/aayush/newest_frenet_planner/install/frenet_planner/share/ament_index/resource_index/packages/frenet_planner
[39.185s] -- Up-to-date: /home/aayush/newest_frenet_planner/install/frenet_planner/share/frenet_planner/cmake/frenet_plannerConfig.cmake
[39.185s] -- Up-to-date: /home/aayush/newest_frenet_planner/install/frenet_planner/share/frenet_planner/cmake/frenet_plannerConfig-version.cmake
[39.185s] -- Up-to-date: /home/aayush/newest_frenet_planner/install/frenet_planner/share/frenet_planner/package.xml
[39.193s] Invoked command in '/home/aayush/newest_frenet_planner/build/frenet_planner' returned '0': CMAKE_PREFIX_PATH=${CMAKE_PREFIX_PATH}:/home/aayush/newest_frenet_planner/install/dummy:/opt/ros/foxy /usr/bin/cmake --install /home/aayush/newest_frenet_planner/build/frenet_planner
