[0.870s] Invoking command in '/home/aayush/newest_frenet_planner/build/frenet_planner_ported': CMAKE_PREFIX_PATH=${CMAKE_PREFIX_PATH}:/home/aayush/newest_frenet_planner/install/dummy:/opt/ros/foxy /usr/bin/cmake --build /home/aayush/newest_frenet_planner/build/frenet_planner_ported -- -j2 -l2
[1.030s] [35m[1mScanning dependencies of target frenet_ros_obst[0m
[1.356s] [ 20%] [32mBuilding CXX object CMakeFiles/frenet_ros_obst.dir/src/frenet_ros_obst.cpp.o[0m
[1.365s] [ 40%] [32mBuilding CXX object CMakeFiles/frenet_ros_obst.dir/src/frenet_planner.cpp.o[0m
[6.112s] In file included from [01m[K/home/aayush/newest_frenet_planner/src/frenet_planner_ported/src/frenet_ros_obst.cpp:2[m[K:
[6.113s] [01m[K/home/aayush/newest_frenet_planner/src/frenet_planner_ported/src/../include/frenet_optimal_trajectory.hpp:10:1:[m[K [01;31m[Kerror: [m[Kexpected class-name before ‘[01m[K{[m[K’ token
[6.113s]    10 | [01;31m[K{[m[K
[6.113s]       | [01;31m[K^[m[K
[6.116s] [01m[K/home/aayush/newest_frenet_planner/src/frenet_planner_ported/src/../include/frenet_optimal_trajectory.hpp:[m[K In function ‘[01m[Kstd::ostream& operator<<(std::ostream&, const FrenetPath&)[m[K’:
[6.117s] [01m[K/home/aayush/newest_frenet_planner/src/frenet_planner_ported/src/../include/frenet_optimal_trajectory.hpp:82:20:[m[K [01;35m[Kwarning: [m[Kstatement has no effect [[01;35m[K-Wunused-value[m[K]
[6.117s]    82 | #define trace(...) [01;35m[K42[m[K
[6.117s]       |                    [01;35m[K^~[m[K
[6.117s] [01m[K/home/aayush/newest_frenet_planner/src/frenet_planner_ported/src/../include/frenet_optimal_trajectory.hpp:85:3:[m[K [01;36m[Knote: [m[Kin expansion of macro ‘[01m[Ktrace[m[K’
[6.118s]    85 |   [01;36m[Ktrace[m[K(fp.t);
[6.118s]       |   [01;36m[K^~~~~[m[K
[6.118s] [01m[K/home/aayush/newest_frenet_planner/src/frenet_planner_ported/src/../include/frenet_optimal_trajectory.hpp:82:20:[m[K [01;35m[Kwarning: [m[Kstatement has no effect [[01;35m[K-Wunused-value[m[K]
[6.119s]    82 | #define trace(...) [01;35m[K42[m[K
[6.119s]       |                    [01;35m[K^~[m[K
[6.119s] [01m[K/home/aayush/newest_frenet_planner/src/frenet_planner_ported/src/../include/frenet_optimal_trajectory.hpp:86:3:[m[K [01;36m[Knote: [m[Kin expansion of macro ‘[01m[Ktrace[m[K’
[6.120s]    86 |   [01;36m[Ktrace[m[K(fp.d);
[6.120s]       |   [01;36m[K^~~~~[m[K
[6.121s] [01m[K/home/aayush/newest_frenet_planner/src/frenet_planner_ported/src/../include/frenet_optimal_trajectory.hpp:82:20:[m[K [01;35m[Kwarning: [m[Kstatement has no effect [[01;35m[K-Wunused-value[m[K]
[6.121s]    82 | #define trace(...) [01;35m[K42[m[K
[6.121s]       |                    [01;35m[K^~[m[K
[6.121s] [01m[K/home/aayush/newest_frenet_planner/src/frenet_planner_ported/src/../include/frenet_optimal_trajectory.hpp:87:3:[m[K [01;36m[Knote: [m[Kin expansion of macro ‘[01m[Ktrace[m[K’
[6.122s]    87 |   [01;36m[Ktrace[m[K(fp.d_d);
[6.122s]       |   [01;36m[K^~~~~[m[K
[6.122s] [01m[K/home/aayush/newest_frenet_planner/src/frenet_planner_ported/src/../include/frenet_optimal_trajectory.hpp:82:20:[m[K [01;35m[Kwarning: [m[Kstatement has no effect [[01;35m[K-Wunused-value[m[K]
[6.123s]    82 | #define trace(...) [01;35m[K42[m[K
[6.123s]       |                    [01;35m[K^~[m[K
[6.123s] [01m[K/home/aayush/newest_frenet_planner/src/frenet_planner_ported/src/../include/frenet_optimal_trajectory.hpp:88:3:[m[K [01;36m[Knote: [m[Kin expansion of macro ‘[01m[Ktrace[m[K’
[6.123s]    88 |   [01;36m[Ktrace[m[K(fp.d_dd);
[6.124s]       |   [01;36m[K^~~~~[m[K
[6.124s] [01m[K/home/aayush/newest_frenet_planner/src/frenet_planner_ported/src/../include/frenet_optimal_trajectory.hpp:82:20:[m[K [01;35m[Kwarning: [m[Kstatement has no effect [[01;35m[K-Wunused-value[m[K]
[6.125s]    82 | #define trace(...) [01;35m[K42[m[K
[6.125s]       |                    [01;35m[K^~[m[K
[6.125s] [01m[K/home/aayush/newest_frenet_planner/src/frenet_planner_ported/src/../include/frenet_optimal_trajectory.hpp:89:3:[m[K [01;36m[Knote: [m[Kin expansion of macro ‘[01m[Ktrace[m[K’
[6.129s]    89 |   [01;36m[Ktrace[m[K(fp.d_ddd);
[6.129s]       |   [01;36m[K^~~~~[m[K
[6.130s] [01m[K/home/aayush/newest_frenet_planner/src/frenet_planner_ported/src/../include/frenet_optimal_trajectory.hpp:82:20:[m[K [01;35m[Kwarning: [m[Kstatement has no effect [[01;35m[K-Wunused-value[m[K]
[6.130s]    82 | #define trace(...) [01;35m[K42[m[K
[6.130s]       |                    [01;35m[K^~[m[K
[6.132s] [01m[K/home/aayush/newest_frenet_planner/src/frenet_planner_ported/src/../include/frenet_optimal_trajectory.hpp:90:3:[m[K [01;36m[Knote: [m[Kin expansion of macro ‘[01m[Ktrace[m[K’
[6.132s]    90 |   [01;36m[Ktrace[m[K(fp.s);
[6.133s]       |   [01;36m[K^~~~~[m[K
[6.133s] [01m[K/home/aayush/newest_frenet_planner/src/frenet_planner_ported/src/../include/frenet_optimal_trajectory.hpp:82:20:[m[K [01;35m[Kwarning: [m[Kstatement has no effect [[01;35m[K-Wunused-value[m[K]
[6.133s]    82 | #define trace(...) [01;35m[K42[m[K
[6.133s]       |                    [01;35m[K^~[m[K
[6.134s] [01m[K/home/aayush/newest_frenet_planner/src/frenet_planner_ported/src/../include/frenet_optimal_trajectory.hpp:91:3:[m[K [01;36m[Knote: [m[Kin expansion of macro ‘[01m[Ktrace[m[K’
[6.134s]    91 |   [01;36m[Ktrace[m[K(fp.s_d);
[6.134s]       |   [01;36m[K^~~~~[m[K
[6.137s] [01m[K/home/aayush/newest_frenet_planner/src/frenet_planner_ported/src/../include/frenet_optimal_trajectory.hpp:82:20:[m[K [01;35m[Kwarning: [m[Kstatement has no effect [[01;35m[K-Wunused-value[m[K]
[6.137s]    82 | #define trace(...) [01;35m[K42[m[K
[6.137s]       |                    [01;35m[K^~[m[K
[6.137s] [01m[K/home/aayush/newest_frenet_planner/src/frenet_planner_ported/src/../include/frenet_optimal_trajectory.hpp:92:3:[m[K [01;36m[Knote: [m[Kin expansion of macro ‘[01m[Ktrace[m[K’
[6.138s]    92 |   [01;36m[Ktrace[m[K(fp.s_dd);
[6.138s]       |   [01;36m[K^~~~~[m[K
[6.138s] [01m[K/home/aayush/newest_frenet_planner/src/frenet_planner_ported/src/../include/frenet_optimal_trajectory.hpp:82:20:[m[K [01;35m[Kwarning: [m[Kstatement has no effect [[01;35m[K-Wunused-value[m[K]
[6.138s]    82 | #define trace(...) [01;35m[K42[m[K
[6.139s]       |                    [01;35m[K^~[m[K
[6.139s] [01m[K/home/aayush/newest_frenet_planner/src/frenet_planner_ported/src/../include/frenet_optimal_trajectory.hpp:93:3:[m[K [01;36m[Knote: [m[Kin expansion of macro ‘[01m[Ktrace[m[K’
[6.139s]    93 |   [01;36m[Ktrace[m[K(fp.s_ddd);
[6.139s]       |   [01;36m[K^~~~~[m[K
[6.140s] [01m[K/home/aayush/newest_frenet_planner/src/frenet_planner_ported/src/../include/frenet_optimal_trajectory.hpp:82:20:[m[K [01;35m[Kwarning: [m[Kstatement has no effect [[01;35m[K-Wunused-value[m[K]
[6.140s]    82 | #define trace(...) [01;35m[K42[m[K
[6.140s]       |                    [01;35m[K^~[m[K
[6.140s] [01m[K/home/aayush/newest_frenet_planner/src/frenet_planner_ported/src/../include/frenet_optimal_trajectory.hpp:94:3:[m[K [01;36m[Knote: [m[Kin expansion of macro ‘[01m[Ktrace[m[K’
[6.141s]    94 |   [01;36m[Ktrace[m[K(fp.x);
[6.141s]       |   [01;36m[K^~~~~[m[K
[6.141s] [01m[K/home/aayush/newest_frenet_planner/src/frenet_planner_ported/src/../include/frenet_optimal_trajectory.hpp:82:20:[m[K [01;35m[Kwarning: [m[Kstatement has no effect [[01;35m[K-Wunused-value[m[K]
[6.141s]    82 | #define trace(...) [01;35m[K42[m[K
[6.142s]       |                    [01;35m[K^~[m[K
[6.142s] [01m[K/home/aayush/newest_frenet_planner/src/frenet_planner_ported/src/../include/frenet_optimal_trajectory.hpp:95:3:[m[K [01;36m[Knote: [m[Kin expansion of macro ‘[01m[Ktrace[m[K’
[6.142s]    95 |   [01;36m[Ktrace[m[K(fp.y);
[6.142s]       |   [01;36m[K^~~~~[m[K
[6.143s] [01m[K/home/aayush/newest_frenet_planner/src/frenet_planner_ported/src/../include/frenet_optimal_trajectory.hpp:82:20:[m[K [01;35m[Kwarning: [m[Kstatement has no effect [[01;35m[K-Wunused-value[m[K]
[6.143s]    82 | #define trace(...) [01;35m[K42[m[K
[6.143s]       |                    [01;35m[K^~[m[K
[6.143s] [01m[K/home/aayush/newest_frenet_planner/src/frenet_planner_ported/src/../include/frenet_optimal_trajectory.hpp:96:3:[m[K [01;36m[Knote: [m[Kin expansion of macro ‘[01m[Ktrace[m[K’
[6.144s]    96 |   [01;36m[Ktrace[m[K(fp.yaw);
[6.144s]       |   [01;36m[K^~~~~[m[K
[6.144s] [01m[K/home/aayush/newest_frenet_planner/src/frenet_planner_ported/src/../include/frenet_optimal_trajectory.hpp:82:20:[m[K [01;35m[Kwarning: [m[Kstatement has no effect [[01;35m[K-Wunused-value[m[K]
[6.144s]    82 | #define trace(...) [01;35m[K42[m[K
[6.145s]       |                    [01;35m[K^~[m[K
[6.145s] [01m[K/home/aayush/newest_frenet_planner/src/frenet_planner_ported/src/../include/frenet_optimal_trajectory.hpp:97:3:[m[K [01;36m[Knote: [m[Kin expansion of macro ‘[01m[Ktrace[m[K’
[6.145s]    97 |   [01;36m[Ktrace[m[K(fp.ds);
[6.145s]       |   [01;36m[K^~~~~[m[K
[6.146s] [01m[K/home/aayush/newest_frenet_planner/src/frenet_planner_ported/src/../include/frenet_optimal_trajectory.hpp:83:59:[m[K [01;35m[Kwarning: [m[Kunused parameter ‘[01m[Kfp[m[K’ [[01;35m[K-Wunused-parameter[m[K]
[6.162s]    83 | inline ostream& operator<<(ostream& os, [01;35m[Kconst FrenetPath& fp[m[K)
[6.163s]       |                                         [01;35m[K~~~~~~~~~~~~~~~~~~^~[m[K
[6.163s] [01m[K/home/aayush/newest_frenet_planner/src/frenet_planner_ported/src/frenet_ros_obst.cpp:[m[K At global scope:
[6.163s] [01m[K/home/aayush/newest_frenet_planner/src/frenet_planner_ported/src/frenet_ros_obst.cpp:6:17:[m[K [01;31m[Kerror: [m[K‘[01m[Kmatplotlibcpp[m[K’ is not a namespace-name
[6.163s]     6 | namespace plt = [01;31m[Kmatplotlibcpp[m[K;
[6.164s]       |                 [01;31m[K^~~~~~~~~~~~~[m[K
[6.164s] [01m[K/home/aayush/newest_frenet_planner/src/frenet_planner_ported/src/frenet_ros_obst.cpp:[m[K In function ‘[01m[Kvoid find_nearest_in_global_path(vecD&, vecD&, double&, double&, double&, int&, int, FrenetPath&)[m[K’:
[6.164s] [01m[K/home/aayush/newest_frenet_planner/src/frenet_planner_ported/src/frenet_ros_obst.cpp:31:12:[m[K [01;31m[Kerror: [m[K‘[01m[KFLT_MAX[m[K’ was not declared in this scope
[6.164s]    31 |  min_dis = [01;31m[KFLT_MAX[m[K;
[6.165s]       |            [01;31m[K^~~~~~~[m[K
[6.165s] [01m[K/home/aayush/newest_frenet_planner/src/frenet_planner_ported/src/frenet_ros_obst.cpp:4:1:[m[K [01;36m[Knote: [m[K‘[01m[KFLT_MAX[m[K’ is defined in header ‘[01m[K<cfloat>[m[K’; did you forget to ‘[01m[K#include <cfloat>[m[K’?
[6.165s]     3 | #include "../include/cubic_spline_planner.hpp"
[6.165s]   +++ |+[32m[K#include <cfloat>[m[K
[6.166s]     4 | //#include "../include/parameters.hpp"    //COMMIT CHANGE HERE
[6.166s] [01m[K/home/aayush/newest_frenet_planner/src/frenet_planner_ported/src/frenet_ros_obst.cpp:[m[K In function ‘[01m[Kdouble get_bot_yaw()[m[K’:
[6.166s] [01m[K/home/aayush/newest_frenet_planner/src/frenet_planner_ported/src/frenet_ros_obst.cpp:48:2:[m[K [01;31m[Kerror: [m[K‘[01m[Ktf2[m[K’ has not been declared
[6.167s]    48 |  [01;31m[Ktf2[m[K::Quaternion q(p.orientation.x, p.orientation.y, p.orientation.z, p.orientation.w);
[6.167s]       |  [01;31m[K^~~[m[K
[6.167s] [01m[K/home/aayush/newest_frenet_planner/src/frenet_planner_ported/src/frenet_ros_obst.cpp:49:2:[m[K [01;31m[Kerror: [m[K‘[01m[Ktf2[m[K’ has not been declared
[6.167s]    49 |  [01;31m[Ktf2[m[K::Matrix3x3 m(q);
[6.168s]       |  [01;31m[K^~~[m[K
[6.168s] [01m[K/home/aayush/newest_frenet_planner/src/frenet_planner_ported/src/frenet_ros_obst.cpp:51:2:[m[K [01;31m[Kerror: [m[K‘[01m[Km[m[K’ was not declared in this scope
[6.168s]    51 |  [01;31m[Km[m[K.getRPY(roll, pitch, yaw);
[6.168s]       |  [01;31m[K^[m[K
[6.169s] In file included from [01m[K/home/aayush/newest_frenet_planner/src/frenet_planner_ported/src/frenet_ros_obst.cpp:2[m[K:
[6.169s] [01m[K/home/aayush/newest_frenet_planner/src/frenet_planner_ported/src/../include/frenet_optimal_trajectory.hpp:82:20:[m[K [01;35m[Kwarning: [m[Kstatement has no effect [[01;35m[K-Wunused-value[m[K]
[6.169s]    82 | #define trace(...) [01;35m[K42[m[K
[6.169s]       |                    [01;35m[K^~[m[K
[6.170s] [01m[K/home/aayush/newest_frenet_planner/src/frenet_planner_ported/src/frenet_ros_obst.cpp:52:2:[m[K [01;36m[Knote: [m[Kin expansion of macro ‘[01m[Ktrace[m[K’
[6.170s]    52 |  [01;36m[Ktrace[m[K(yaw, pitch, roll); // is -nan
[6.170s]       |  [01;36m[K^~~~~[m[K
[6.170s] [01m[K/home/aayush/newest_frenet_planner/src/frenet_planner_ported/src/frenet_ros_obst.cpp:[m[K In function ‘[01m[Kvoid initial_conditions_path(Spline2D&, double&, double&, double&, double&, double&, double&, FrenetPath&)[m[K’:
[6.171s] [01m[K/home/aayush/newest_frenet_planner/src/frenet_planner_ported/src/frenet_ros_obst.cpp:56:40:[m[K [01;35m[Kwarning: [m[Kunused parameter ‘[01m[Kcsp[m[K’ [[01;35m[K-Wunused-parameter[m[K]
[6.171s]    56 | void initial_conditions_path([01;35m[KSpline2D &csp[m[K, double &s0, double &c_speed, double &c_d, double &c_d_d,
[6.171s]       |                              [01;35m[K~~~~~~~~~~^~~[m[K
[6.175s] In file included from [01m[K/home/aayush/newest_frenet_planner/src/frenet_planner_ported/src/frenet_ros_obst.cpp:2[m[K:
[6.176s] [01m[K/home/aayush/newest_frenet_planner/src/frenet_planner_ported/src/frenet_ros_obst.cpp:[m[K In function ‘[01m[Kint initial_conditions_new(Spline2D&, vecD&, vecD&, vecD&, vecD&, vecD&, double&, double&, double&, double&, double&, double&, FrenetPath&)[m[K’:
[6.176s] [01m[K/home/aayush/newest_frenet_planner/src/frenet_planner_ported/src/../include/frenet_optimal_trajectory.hpp:82:20:[m[K [01;35m[Kwarning: [m[Kstatement has no effect [[01;35m[K-Wunused-value[m[K]
[6.177s]    82 | #define trace(...) [01;35m[K42[m[K
[6.177s]       |                    [01;35m[K^~[m[K
[6.177s] [01m[K/home/aayush/newest_frenet_planner/src/frenet_planner_ported/src/frenet_ros_obst.cpp:97:2:[m[K [01;36m[Knote: [m[Kin expansion of macro ‘[01m[Ktrace[m[K’
[6.177s]    97 |  [01;36m[Ktrace[m[K(bot_yaw, g_path_yaw);
[6.178s]       |  [01;36m[K^~~~~[m[K
[6.178s] [01m[K/home/aayush/newest_frenet_planner/src/frenet_planner_ported/src/../include/frenet_optimal_trajectory.hpp:82:20:[m[K [01;35m[Kwarning: [m[Kstatement has no effect [[01;35m[K-Wunused-value[m[K]
[6.178s]    82 | #define trace(...) [01;35m[K42[m[K
[6.184s]       |                    [01;35m[K^~[m[K
[6.184s] [01m[K/home/aayush/newest_frenet_planner/src/frenet_planner_ported/src/frenet_ros_obst.cpp:99:2:[m[K [01;36m[Knote: [m[Kin expansion of macro ‘[01m[Ktrace[m[K’
[6.184s]    99 |  [01;36m[Ktrace[m[K(delta_theta);
[6.185s]       |  [01;36m[K^~~~~[m[K
[6.185s] [01m[K/home/aayush/newest_frenet_planner/src/frenet_planner_ported/src/frenet_ros_obst.cpp:72:38:[m[K [01;35m[Kwarning: [m[Kunused parameter ‘[01m[Kcsp[m[K’ [[01;35m[K-Wunused-parameter[m[K]
[6.185s]    72 | int initial_conditions_new([01;35m[KSpline2D &csp[m[K, vecD &global_s, vecD &global_x, vecD &global_y,
[6.186s]       |                            [01;35m[K~~~~~~~~~~^~~[m[K
[6.186s] [01m[K/home/aayush/newest_frenet_planner/src/frenet_planner_ported/src/frenet_ros_obst.cpp:[m[K At global scope:
[6.186s] [01m[K/home/aayush/newest_frenet_planner/src/frenet_planner_ported/src/frenet_ros_obst.cpp:108:33:[m[K [01;31m[Kerror: [m[Kvariable or field ‘[01m[KpublishPath[m[K’ declared void
[6.186s]   108 | void publishPath(nav_msgs::msg::[01;31m[KPath[m[K &path_msg, FrenetPath &path, vecD &rk, vecD &ryaw, double &c_speed,
[6.187s]       |                                 [01;31m[K^~~~[m[K
[6.187s] [01m[K/home/aayush/newest_frenet_planner/src/frenet_planner_ported/src/frenet_ros_obst.cpp:108:33:[m[K [01;31m[Kerror: [m[K‘[01m[KPath[m[K’ is not a member of ‘[01m[Knav_msgs::msg[m[K’
[6.187s] [01m[K/home/aayush/newest_frenet_planner/src/frenet_planner_ported/src/frenet_ros_obst.cpp:108:39:[m[K [01;31m[Kerror: [m[K‘[01m[Kpath_msg[m[K’ was not declared in this scope
[6.187s]   108 | void publishPath(nav_msgs::msg::Path &[01;31m[Kpath_msg[m[K, FrenetPath &path, vecD &rk, vecD &ryaw, double &c_speed,
[6.188s]       |                                       [01;31m[K^~~~~~~~[m[K
[6.188s] [01m[K/home/aayush/newest_frenet_planner/src/frenet_planner_ported/src/frenet_ros_obst.cpp:108:60:[m[K [01;31m[Kerror: [m[Kexpected primary-expression before ‘[01m[K&[m[K’ token
[6.191s]   108 | void publishPath(nav_msgs::msg::Path &path_msg, FrenetPath [01;31m[K&[m[Kpath, vecD &rk, vecD &ryaw, double &c_speed,
[6.191s]       |                                                            [01;31m[K^[m[K
[6.192s] [01m[K/home/aayush/newest_frenet_planner/src/frenet_planner_ported/src/frenet_ros_obst.cpp:108:61:[m[K [01;31m[Kerror: [m[K‘[01m[Kpath[m[K’ was not declared in this scope
[6.192s]   108 | void publishPath(nav_msgs::msg::Path &path_msg, FrenetPath &[01;31m[Kpath[m[K, vecD &rk, vecD &ryaw, double &c_speed,
[6.192s]       |                                                             [01;31m[K^~~~[m[K
[6.194s] [01m[K/home/aayush/newest_frenet_planner/src/frenet_planner_ported/src/frenet_ros_obst.cpp:108:72:[m[K [01;31m[Kerror: [m[Kexpected primary-expression before ‘[01m[K&[m[K’ token
[6.195s]   108 | hPath(nav_msgs::msg::Path &path_msg, FrenetPath &path, vecD [01;31m[K&[m[Krk, vecD &ryaw, double &c_speed,
[6.195s]       |                                                             [01;31m[K^[m[K
[6.195s] 
[6.199s] [01m[K/home/aayush/newest_frenet_planner/src/frenet_planner_ported/src/frenet_ros_obst.cpp:108:73:[m[K [01;31m[Kerror: [m[K‘[01m[Krk[m[K’ was not declared in this scope
[6.199s]   108 | Path(nav_msgs::msg::Path &path_msg, FrenetPath &path, vecD &[01;31m[Krk[m[K, vecD &ryaw, double &c_speed,
[6.199s]       |                                                             [01;31m[K^~[m[K
[6.200s] 
[6.200s] [01m[K/home/aayush/newest_frenet_planner/src/frenet_planner_ported/src/frenet_ros_obst.cpp:108:82:[m[K [01;31m[Kerror: [m[Kexpected primary-expression before ‘[01m[K&[m[K’ token
[6.200s]   108 | msgs::msg::Path &path_msg, FrenetPath &path, vecD &rk, vecD [01;31m[K&[m[Kryaw, double &c_speed,
[6.200s]       |                                                             [01;31m[K^[m[K
[6.201s] 
[6.201s] [01m[K/home/aayush/newest_frenet_planner/src/frenet_planner_ported/src/frenet_ros_obst.cpp:108:83:[m[K [01;31m[Kerror: [m[K‘[01m[Kryaw[m[K’ was not declared in this scope
[6.201s]   108 | sgs::msg::Path &path_msg, FrenetPath &path, vecD &rk, vecD &[01;31m[Kryaw[m[K, double &c_speed,
[6.201s]       |                                                             [01;31m[K^~~~[m[K
[6.202s] 
[6.202s] [01m[K/home/aayush/newest_frenet_planner/src/frenet_planner_ported/src/frenet_ros_obst.cpp:108:89:[m[K [01;31m[Kerror: [m[Kexpected primary-expression before ‘[01m[Kdouble[m[K’
[6.203s]   108 | :msg::Path &path_msg, FrenetPath &path, vecD &rk, vecD &ryaw, [01;31m[Kdouble[m[K &c_speed,
[6.203s]       |                                                               [01;31m[K^~~~~~[m[K
[6.203s] 
[6.203s] [01m[K/home/aayush/newest_frenet_planner/src/frenet_planner_ported/src/frenet_ros_obst.cpp:109:6:[m[K [01;31m[Kerror: [m[Kexpected primary-expression before ‘[01m[Kdouble[m[K’
[6.203s]   109 |      [01;31m[Kdouble[m[K &c_d, double &c_d_d)
[6.211s]       |      [01;31m[K^~~~~~[m[K
[6.211s] [01m[K/home/aayush/newest_frenet_planner/src/frenet_planner_ported/src/frenet_ros_obst.cpp:109:19:[m[K [01;31m[Kerror: [m[Kexpected primary-expression before ‘[01m[Kdouble[m[K’
[6.211s]   109 |      double &c_d, [01;31m[Kdouble[m[K &c_d_d)
[6.211s]       |                   [01;31m[K^~~~~~[m[K
[6.212s] [01m[K/home/aayush/newest_frenet_planner/src/frenet_planner_ported/src/frenet_ros_obst.cpp:[m[K In function ‘[01m[Kint main(int, char**)[m[K’:
[6.212s] [01m[K/home/aayush/newest_frenet_planner/src/frenet_planner_ported/src/frenet_ros_obst.cpp:132:2:[m[K [01;31m[Kerror: [m[K‘[01m[Krclcpp[m[K’ has not been declared
[6.212s]   132 |  [01;31m[Krclcpp[m[K::init(argc, argv);
[6.212s]       |  [01;31m[K^~~~~~[m[K
[6.213s] [01m[K/home/aayush/newest_frenet_planner/src/frenet_planner_ported/src/frenet_ros_obst.cpp:133:31:[m[K [01;31m[Kerror: [m[K‘[01m[KFrenetClass[m[K’ was not declared in this scope
[6.213s]   133 |  auto node = std::make_shared<[01;31m[KFrenetClass[m[K>();
[6.213s]       |                               [01;31m[K^~~~~~~~~~~[m[K
[6.213s] [01m[K/home/aayush/newest_frenet_planner/src/frenet_planner_ported/src/frenet_ros_obst.cpp:133:44:[m[K [01;31m[Kerror: [m[Kno matching function for call to ‘[01m[Kmake_shared<<expression error> >()[m[K’
[6.214s]   133 |  auto node = std::make_shared<FrenetClass>([01;31m[K)[m[K;
[6.214s]       |                                            [01;31m[K^[m[K
[6.214s] In file included from [01m[K/usr/include/c++/9/memory:81[m[K,
[6.215s]                  from [01m[K/opt/ros/foxy/include/rosidl_runtime_cpp/bounded_vector.hpp:19[m[K,
[6.215s]                  from [01m[K/opt/ros/foxy/include/nav_msgs/msg/detail/odometry__struct.hpp:8[m[K,
[6.215s]                  from [01m[K/opt/ros/foxy/include/nav_msgs/msg/odometry.hpp:7[m[K,
[6.216s]                  from [01m[K/home/aayush/newest_frenet_planner/src/frenet_planner_ported/src/../include/../include/parameters.hpp:3[m[K,
[6.216s]                  from [01m[K/home/aayush/newest_frenet_planner/src/frenet_planner_ported/src/../include/frenet_optimal_trajectory.hpp:5[m[K,
[6.216s]                  from [01m[K/home/aayush/newest_frenet_planner/src/frenet_planner_ported/src/frenet_ros_obst.cpp:2[m[K:
[6.216s] [01m[K/usr/include/c++/9/bits/shared_ptr.h:714:5:[m[K [01;36m[Knote: [m[Kcandidate: ‘[01m[Ktemplate<class _Tp, class ... _Args> std::shared_ptr<_Tp> std::make_shared(_Args&& ...)[m[K’
[6.217s]   714 |     [01;36m[Kmake_shared[m[K(_Args&&... __args)
[6.217s]       |     [01;36m[K^~~~~~~~~~~[m[K
[6.217s] [01m[K/usr/include/c++/9/bits/shared_ptr.h:714:5:[m[K [01;36m[Knote: [m[K  template argument deduction/substitution failed:
[6.225s] [01m[K/home/aayush/newest_frenet_planner/src/frenet_planner_ported/src/frenet_ros_obst.cpp:133:44:[m[K [01;31m[Kerror: [m[Ktemplate argument 1 is invalid
[6.226s]   133 |  auto node = std::make_shared<FrenetClass>([01;31m[K)[m[K;
[6.226s]       |                                            [01;31m[K^[m[K
[6.227s] [01m[K/home/aayush/newest_frenet_planner/src/frenet_planner_ported/src/frenet_ros_obst.cpp:138:2:[m[K [01;31m[Kerror: [m[K‘[01m[KRCLCPP_INFO[m[K’ was not declared in this scope
[6.227s]   138 |  [01;31m[KRCLCPP_INFO[m[K(node->get_logger(), "running main");
[6.227s]       |  [01;31m[K^~~~~~~~~~~[m[K
[6.232s] [01m[K/home/aayush/newest_frenet_planner/src/frenet_planner_ported/src/frenet_ros_obst.cpp:162:2:[m[K [01;31m[Kerror: [m[K‘[01m[Kplt[m[K’ has not been declared
[6.233s]   162 |  [01;31m[Kplt[m[K::ion();
[6.233s]       |  [01;31m[K^~~[m[K
[6.233s] [01m[K/home/aayush/newest_frenet_planner/src/frenet_planner_ported/src/frenet_ros_obst.cpp:163:3:[m[K [01;31m[Kerror: [m[K‘[01m[Kplt[m[K’ has not been declared
[6.234s]   163 |   [01;31m[Kplt[m[K::show();
[6.234s]       |   [01;31m[K^~~[m[K
[6.235s] [01m[K/home/aayush/newest_frenet_planner/src/frenet_planner_ported/src/frenet_ros_obst.cpp:168:9:[m[K [01;31m[Kerror: [m[K‘[01m[Krclcpp[m[K’ has not been declared
[6.235s]   168 |  while ([01;31m[Krclcpp[m[K::ok())
[6.235s]       |         [01;31m[K^~~~~~[m[K
[6.235s] [01m[K/home/aayush/newest_frenet_planner/src/frenet_planner_ported/src/frenet_ros_obst.cpp:171:3:[m[K [01;31m[Kerror: [m[K‘[01m[Krclcpp[m[K’ has not been declared
[6.236s]   171 |   [01;31m[Krclcpp[m[K::spin_some(node);
[6.236s]       |   [01;31m[K^~~~~~[m[K
[6.236s] [01m[K/home/aayush/newest_frenet_planner/src/frenet_planner_ported/src/frenet_ros_obst.cpp:172:12:[m[K [01;31m[Kerror: [m[Kaggregate ‘[01m[Kstd::ofstream fout[m[K’ has incomplete type and cannot be defined
[6.237s]   172 |   ofstream [01;31m[Kfout[m[K;
[6.237s]       |            [01;31m[K^~~~[m[K
[6.238s] In file included from [01m[K/home/aayush/newest_frenet_planner/src/frenet_planner_ported/src/frenet_ros_obst.cpp:2[m[K:
[6.239s] [01m[K/home/aayush/newest_frenet_planner/src/frenet_planner_ported/src/../include/frenet_optimal_trajectory.hpp:82:20:[m[K [01;35m[Kwarning: [m[Kstatement has no effect [[01;35m[K-Wunused-value[m[K]
[6.239s]    82 | #define trace(...) [01;35m[K42[m[K
[6.239s]       |                    [01;35m[K^~[m[K
[6.239s] [01m[K/home/aayush/newest_frenet_planner/src/frenet_planner_ported/src/frenet_ros_obst.cpp:205:3:[m[K [01;36m[Knote: [m[Kin expansion of macro ‘[01m[Ktrace[m[K’
[6.240s]   205 |   [01;36m[Ktrace[m[K("frenet optimal planning", s0, c_speed, c_d, c_d_d, c_d_dd, lp, bot_yaw);
[6.240s]       |   [01;36m[K^~~~~[m[K
[6.254s] [01m[K/home/aayush/newest_frenet_planner/src/frenet_planner_ported/src/frenet_ros_obst.cpp:243:18:[m[K [01;31m[Kerror: [m[K‘[01m[KPath[m[K’ is not a member of ‘[01m[Knav_msgs::msg[m[K’
[6.254s]   243 |   nav_msgs::msg::[01;31m[KPath[m[K path_msg;
[6.254s]       |                  [01;31m[K^~~~[m[K
[6.255s] [01m[K/home/aayush/newest_frenet_planner/src/frenet_planner_ported/src/frenet_ros_obst.cpp:244:18:[m[K [01;31m[Kerror: [m[K‘[01m[KPath[m[K’ is not a member of ‘[01m[Knav_msgs::msg[m[K’
[6.256s]   244 |   nav_msgs::msg::[01;31m[KPath[m[K global_path_msg;
[6.256s]       |                  [01;31m[K^~~~[m[K
[6.264s] [01m[K/home/aayush/newest_frenet_planner/src/frenet_planner_ported/src/frenet_ros_obst.cpp:245:3:[m[K [01;31m[Kerror: [m[K‘[01m[Kpath_msg[m[K’ was not declared in this scope
[6.264s]   245 |   [01;31m[Kpath_msg[m[K.header.frame_id = "map";
[6.265s]       |   [01;31m[K^~~~~~~~[m[K
[6.271s] [01m[K/home/aayush/newest_frenet_planner/src/frenet_planner_ported/src/frenet_ros_obst.cpp:246:3:[m[K [01;31m[Kerror: [m[K‘[01m[Kglobal_path_msg[m[K’ was not declared in this scope
[6.272s]   246 |   [01;31m[Kglobal_path_msg[m[K.header.frame_id = "map";
[6.272s]       |   [01;31m[K^~~~~~~~~~~~~~~[m[K
[6.273s] [01m[K/home/aayush/newest_frenet_planner/src/frenet_planner_ported/src/frenet_ros_obst.cpp:251:24:[m[K [01;31m[Kerror: [m[K‘[01m[KPoseStamped[m[K’ is not a member of ‘[01m[Kgeometry_msgs::msg[m[K’; did you mean ‘[01m[KPolygonStamped[m[K’?
[6.273s]   251 |    geometry_msgs::msg::[01;31m[KPoseStamped[m[K loc;
[6.273s]       |                        [01;31m[K^~~~~~~~~~~[m[K
[6.273s]       |                        [32m[KPolygonStamped[m[K
[6.277s] [01m[K/home/aayush/newest_frenet_planner/src/frenet_planner_ported/src/frenet_ros_obst.cpp:252:4:[m[K [01;31m[Kerror: [m[K‘[01m[Kloc[m[K’ was not declared in this scope; did you mean ‘[01m[Klog[m[K’?
[6.277s]   252 |    [01;31m[Kloc[m[K.pose.position.x = rx[i];
[6.277s]       |    [01;31m[K^~~[m[K
[6.277s]       |    [32m[Klog[m[K
[6.278s] [01m[K/home/aayush/newest_frenet_planner/src/frenet_planner_ported/src/frenet_ros_obst.cpp:259:4:[m[K [01;31m[Kerror: [m[K‘[01m[Kplt[m[K’ has not been declared
[6.278s]   259 |    [01;31m[Kplt[m[K::ion();
[6.279s]       |    [01;31m[K^~~[m[K
[6.279s] [01m[K/home/aayush/newest_frenet_planner/src/frenet_planner_ported/src/frenet_ros_obst.cpp:260:4:[m[K [01;31m[Kerror: [m[K‘[01m[Kplt[m[K’ has not been declared
[6.279s]   260 |    [01;31m[Kplt[m[K::show();
[6.279s]       |    [01;31m[K^~~[m[K
[6.280s] [01m[K/home/aayush/newest_frenet_planner/src/frenet_planner_ported/src/frenet_ros_obst.cpp:261:4:[m[K [01;31m[Kerror: [m[K‘[01m[Kplt[m[K’ has not been declared
[6.280s]   261 |    [01;31m[Kplt[m[K::plot(lp.get_x(), lp.get_y());
[6.281s]       |    [01;31m[K^~~[m[K
[6.281s] [01m[K/home/aayush/newest_frenet_planner/src/frenet_planner_ported/src/frenet_ros_obst.cpp:262:4:[m[K [01;31m[Kerror: [m[K‘[01m[Kplt[m[K’ has not been declared
[6.282s]   262 |    [01;31m[Kplt[m[K::pause(0.001);
[6.282s]       |    [01;31m[K^~~[m[K
[6.283s] [01m[K/home/aayush/newest_frenet_planner/src/frenet_planner_ported/src/frenet_ros_obst.cpp:263:4:[m[K [01;31m[Kerror: [m[K‘[01m[Kplt[m[K’ has not been declared
[6.283s]   263 |    [01;31m[Kplt[m[K::plot(rx, ry);
[6.283s]       |    [01;31m[K^~~[m[K
[6.284s] [01m[K/home/aayush/newest_frenet_planner/src/frenet_planner_ported/src/frenet_ros_obst.cpp:264:4:[m[K [01;31m[Kerror: [m[K‘[01m[Kplt[m[K’ has not been declared
[6.284s]   264 |    [01;31m[Kplt[m[K::scatter(ob_x,ob_y);
[6.285s]       |    [01;31m[K^~~[m[K
[6.286s] [01m[K/home/aayush/newest_frenet_planner/src/frenet_planner_ported/src/frenet_ros_obst.cpp:265:4:[m[K [01;31m[Kerror: [m[K‘[01m[Kplt[m[K’ has not been declared
[6.287s]   265 |    [01;31m[Kplt[m[K::pause(0.001);
[6.287s]       |    [01;31m[K^~~[m[K
[6.296s] [01m[K/home/aayush/newest_frenet_planner/src/frenet_planner_ported/src/frenet_ros_obst.cpp:275:3:[m[K [01;31m[Kerror: [m[K‘[01m[KpublishPath[m[K’ was not declared in this scope
[6.296s]   275 |   [01;31m[KpublishPath[m[K(path_msg, path, rk, ryaw, c_d, c_speed, c_d_d);
[6.296s]       |   [01;31m[K^~~~~~~~~~~[m[K
[6.301s] [01m[K/home/aayush/newest_frenet_planner/src/frenet_planner_ported/src/frenet_ros_obst.cpp:175:10:[m[K [01;35m[Kwarning: [m[Kunused variable ‘[01m[KstartTime1[m[K’ [[01;35m[K-Wunused-variable[m[K]
[6.302s]   175 |   double [01;35m[KstartTime1[m[K = omp_get_wtime();
[6.302s]       |          [01;35m[K^~~~~~~~~~[m[K
[6.302s] [01m[K/home/aayush/newest_frenet_planner/src/frenet_planner_ported/src/frenet_ros_obst.cpp:194:10:[m[K [01;35m[Kwarning: [m[Kunused variable ‘[01m[KendTime1[m[K’ [[01;35m[K-Wunused-variable[m[K]
[6.302s]   194 |   double [01;35m[KendTime1[m[K = omp_get_wtime();
[6.302s]       |          [01;35m[K^~~~~~~~[m[K
[6.303s] [01m[K/home/aayush/newest_frenet_planner/src/frenet_planner_ported/src/frenet_ros_obst.cpp:273:10:[m[K [01;35m[Kwarning: [m[Kunused variable ‘[01m[KstartTime3[m[K’ [[01;35m[K-Wunused-variable[m[K]
[6.303s]   273 |   double [01;35m[KstartTime3[m[K = omp_get_wtime();
[6.303s]       |          [01;35m[K^~~~~~~~~~[m[K
[6.304s] [01m[K/home/aayush/newest_frenet_planner/src/frenet_planner_ported/src/frenet_ros_obst.cpp:276:10:[m[K [01;35m[Kwarning: [m[Kunused variable ‘[01m[KendTime3[m[K’ [[01;35m[K-Wunused-variable[m[K]
[6.304s]   276 |   double [01;35m[KendTime3[m[K = omp_get_wtime();
[6.304s]       |          [01;35m[K^~~~~~~~[m[K
[6.305s] [01m[K/home/aayush/newest_frenet_planner/src/frenet_planner_ported/src/frenet_ros_obst.cpp:131:7:[m[K [01;35m[Kwarning: [m[Kunused variable ‘[01m[KgotOdom[m[K’ [[01;35m[K-Wunused-variable[m[K]
[6.305s]   131 |  bool [01;35m[KgotOdom[m[K = false;
[6.305s]       |       [01;35m[K^~~~~~~[m[K
[6.306s] [01m[K/home/aayush/newest_frenet_planner/src/frenet_planner_ported/src/frenet_ros_obst.cpp:165:9:[m[K [01;35m[Kwarning: [m[Kunused variable ‘[01m[Kpltbasetime[m[K’ [[01;35m[K-Wunused-variable[m[K]
[6.306s]   165 |  double [01;35m[Kpltbasetime[m[K = omp_get_wtime();
[6.306s]       |         [01;35m[K^~~~~~~~~~~[m[K
[6.306s] [01m[K/home/aayush/newest_frenet_planner/src/frenet_planner_ported/src/frenet_ros_obst.cpp:167:6:[m[K [01;35m[Kwarning: [m[Kunused variable ‘[01m[Kiteration_count[m[K’ [[01;35m[K-Wunused-variable[m[K]
[6.306s]   167 |  int [01;35m[Kiteration_count[m[K = 1;
[6.307s]       |      [01;35m[K^~~~~~~~~~~~~~~[m[K
[6.569s] make[2]: *** [CMakeFiles/frenet_ros_obst.dir/build.make:63: CMakeFiles/frenet_ros_obst.dir/src/frenet_ros_obst.cpp.o] Error 1
[6.569s] make[2]: *** Waiting for unfinished jobs....
[8.728s] In file included from [01m[K/home/aayush/newest_frenet_planner/src/frenet_planner_ported/src/frenet_planner.cpp:8[m[K:
[8.728s] [01m[K/home/aayush/newest_frenet_planner/src/frenet_planner_ported/./include/matplotlibcpp.hpp:314:36:[m[K [01;35m[Kwarning: [m[Kstatic_assert without a message only available with ‘[01m[K-std=c++17[m[K’ or ‘[01m[K-std=gnu++17[m[K’ [[01;35m[K-Wpedantic[m[K]
[8.728s]   314 | static_assert(sizeof(long long) == [01;35m[K8[m[K);
[8.729s]       |                                    [01;35m[K^[m[K
[8.729s] [01m[K/home/aayush/newest_frenet_planner/src/frenet_planner_ported/./include/matplotlibcpp.hpp:316:45:[m[K [01;35m[Kwarning: [m[Kstatic_assert without a message only available with ‘[01m[K-std=c++17[m[K’ or ‘[01m[K-std=gnu++17[m[K’ [[01;35m[K-Wpedantic[m[K]
[8.729s]   316 | static_assert(sizeof(unsigned long long) == [01;35m[K8[m[K);
[8.729s]       |                                             [01;35m[K^[m[K
[11.276s] In file included from [01m[K/home/aayush/newest_frenet_planner/src/frenet_planner_ported/src/frenet_planner.cpp:10[m[K:
[11.276s] [01m[K/home/aayush/newest_frenet_planner/src/frenet_planner_ported/src/../include/frenet_optimal_trajectory.hpp:10:1:[m[K [01;31m[Kerror: [m[Kexpected class-name before ‘[01m[K{[m[K’ token
[11.276s]    10 | [01;31m[K{[m[K
[11.276s]       | [01;31m[K^[m[K
[11.279s] [01m[K/home/aayush/newest_frenet_planner/src/frenet_planner_ported/src/../include/frenet_optimal_trajectory.hpp:[m[K In function ‘[01m[Kstd::ostream& operator<<(std::ostream&, const FrenetPath&)[m[K’:
[11.280s] [01m[K/home/aayush/newest_frenet_planner/src/frenet_planner_ported/src/../include/frenet_optimal_trajectory.hpp:82:20:[m[K [01;35m[Kwarning: [m[Kstatement has no effect [[01;35m[K-Wunused-value[m[K]
[11.280s]    82 | #define trace(...) [01;35m[K42[m[K
[11.280s]       |                    [01;35m[K^~[m[K
[11.281s] [01m[K/home/aayush/newest_frenet_planner/src/frenet_planner_ported/src/../include/frenet_optimal_trajectory.hpp:82:20:[m[K [01;36m[Knote: [m[Kin definition of macro ‘[01m[Ktrace[m[K’
[11.281s]    82 | #define trace(...) [01;36m[K42[m[K
[11.281s]       |                    [01;36m[K^~[m[K
[11.283s] [01m[K/home/aayush/newest_frenet_planner/src/frenet_planner_ported/src/../include/frenet_optimal_trajectory.hpp:82:20:[m[K [01;35m[Kwarning: [m[Kstatement has no effect [[01;35m[K-Wunused-value[m[K]
[11.283s]    82 | #define trace(...) [01;35m[K42[m[K
[11.283s]       |                    [01;35m[K^~[m[K
[11.283s] [01m[K/home/aayush/newest_frenet_planner/src/frenet_planner_ported/src/../include/frenet_optimal_trajectory.hpp:82:20:[m[K [01;36m[Knote: [m[Kin definition of macro ‘[01m[Ktrace[m[K’
[11.283s]    82 | #define trace(...) [01;36m[K42[m[K
[11.284s]       |                    [01;36m[K^~[m[K
[11.284s] [01m[K/home/aayush/newest_frenet_planner/src/frenet_planner_ported/src/../include/frenet_optimal_trajectory.hpp:82:20:[m[K [01;35m[Kwarning: [m[Kstatement has no effect [[01;35m[K-Wunused-value[m[K]
[11.284s]    82 | #define trace(...) [01;35m[K42[m[K
[11.284s]       |                    [01;35m[K^~[m[K
[11.284s] [01m[K/home/aayush/newest_frenet_planner/src/frenet_planner_ported/src/../include/frenet_optimal_trajectory.hpp:82:20:[m[K [01;36m[Knote: [m[Kin definition of macro ‘[01m[Ktrace[m[K’
[11.285s]    82 | #define trace(...) [01;36m[K42[m[K
[11.287s]       |                    [01;36m[K^~[m[K
[11.287s] [01m[K/home/aayush/newest_frenet_planner/src/frenet_planner_ported/src/../include/frenet_optimal_trajectory.hpp:82:20:[m[K [01;35m[Kwarning: [m[Kstatement has no effect [[01;35m[K-Wunused-value[m[K]
[11.287s]    82 | #define trace(...) [01;35m[K42[m[K
[11.287s]       |                    [01;35m[K^~[m[K
[11.287s] [01m[K/home/aayush/newest_frenet_planner/src/frenet_planner_ported/src/../include/frenet_optimal_trajectory.hpp:82:20:[m[K [01;36m[Knote: [m[Kin definition of macro ‘[01m[Ktrace[m[K’
[11.288s]    82 | #define trace(...) [01;36m[K42[m[K
[11.288s]       |                    [01;36m[K^~[m[K
[11.288s] [01m[K/home/aayush/newest_frenet_planner/src/frenet_planner_ported/src/../include/frenet_optimal_trajectory.hpp:82:20:[m[K [01;35m[Kwarning: [m[Kstatement has no effect [[01;35m[K-Wunused-value[m[K]
[11.288s]    82 | #define trace(...) [01;35m[K42[m[K
[11.288s]       |                    [01;35m[K^~[m[K
[11.289s] [01m[K/home/aayush/newest_frenet_planner/src/frenet_planner_ported/src/../include/frenet_optimal_trajectory.hpp:82:20:[m[K [01;36m[Knote: [m[Kin definition of macro ‘[01m[Ktrace[m[K’
[11.289s]    82 | #define trace(...) [01;36m[K42[m[K
[11.289s]       |                    [01;36m[K^~[m[K
[11.289s] [01m[K/home/aayush/newest_frenet_planner/src/frenet_planner_ported/src/../include/frenet_optimal_trajectory.hpp:82:20:[m[K [01;35m[Kwarning: [m[Kstatement has no effect [[01;35m[K-Wunused-value[m[K]
[11.290s]    82 | #define trace(...) [01;35m[K42[m[K
[11.290s]       |                    [01;35m[K^~[m[K
[11.290s] [01m[K/home/aayush/newest_frenet_planner/src/frenet_planner_ported/src/../include/frenet_optimal_trajectory.hpp:82:20:[m[K [01;36m[Knote: [m[Kin definition of macro ‘[01m[Ktrace[m[K’
[11.290s]    82 | #define trace(...) [01;36m[K42[m[K
[11.291s]       |                    [01;36m[K^~[m[K
[11.291s] [01m[K/home/aayush/newest_frenet_planner/src/frenet_planner_ported/src/../include/frenet_optimal_trajectory.hpp:82:20:[m[K [01;35m[Kwarning: [m[Kstatement has no effect [[01;35m[K-Wunused-value[m[K]
[11.291s]    82 | #define trace(...) [01;35m[K42[m[K
[11.291s]       |                    [01;35m[K^~[m[K
[11.291s] [01m[K/home/aayush/newest_frenet_planner/src/frenet_planner_ported/src/../include/frenet_optimal_trajectory.hpp:82:20:[m[K [01;36m[Knote: [m[Kin definition of macro ‘[01m[Ktrace[m[K’
[11.292s]    82 | #define trace(...) [01;36m[K42[m[K
[11.292s]       |                    [01;36m[K^~[m[K
[11.292s] [01m[K/home/aayush/newest_frenet_planner/src/frenet_planner_ported/src/../include/frenet_optimal_trajectory.hpp:82:20:[m[K [01;35m[Kwarning: [m[Kstatement has no effect [[01;35m[K-Wunused-value[m[K]
[11.292s]    82 | #define trace(...) [01;35m[K42[m[K
[11.292s]       |                    [01;35m[K^~[m[K
[11.293s] [01m[K/home/aayush/newest_frenet_planner/src/frenet_planner_ported/src/../include/frenet_optimal_trajectory.hpp:82:20:[m[K [01;36m[Knote: [m[Kin definition of macro ‘[01m[Ktrace[m[K’
[11.293s]    82 | #define trace(...) [01;36m[K42[m[K
[11.293s]       |                    [01;36m[K^~[m[K
[11.293s] [01m[K/home/aayush/newest_frenet_planner/src/frenet_planner_ported/src/../include/frenet_optimal_trajectory.hpp:82:20:[m[K [01;35m[Kwarning: [m[Kstatement has no effect [[01;35m[K-Wunused-value[m[K]
[11.293s]    82 | #define trace(...) [01;35m[K42[m[K
[11.294s]       |                    [01;35m[K^~[m[K
[11.294s] [01m[K/home/aayush/newest_frenet_planner/src/frenet_planner_ported/src/../include/frenet_optimal_trajectory.hpp:82:20:[m[K [01;36m[Knote: [m[Kin definition of macro ‘[01m[Ktrace[m[K’
[11.294s]    82 | #define trace(...) [01;36m[K42[m[K
[11.294s]       |                    [01;36m[K^~[m[K
[11.295s] [01m[K/home/aayush/newest_frenet_planner/src/frenet_planner_ported/src/../include/frenet_optimal_trajectory.hpp:82:20:[m[K [01;35m[Kwarning: [m[Kstatement has no effect [[01;35m[K-Wunused-value[m[K]
[11.295s]    82 | #define trace(...) [01;35m[K42[m[K
[11.295s]       |                    [01;35m[K^~[m[K
[11.296s] [01m[K/home/aayush/newest_frenet_planner/src/frenet_planner_ported/src/../include/frenet_optimal_trajectory.hpp:82:20:[m[K [01;36m[Knote: [m[Kin definition of macro ‘[01m[Ktrace[m[K’
[11.296s]    82 | #define trace(...) [01;36m[K42[m[K
[11.296s]       |                    [01;36m[K^~[m[K
[11.296s] [01m[K/home/aayush/newest_frenet_planner/src/frenet_planner_ported/src/../include/frenet_optimal_trajectory.hpp:82:20:[m[K [01;35m[Kwarning: [m[Kstatement has no effect [[01;35m[K-Wunused-value[m[K]
[11.296s]    82 | #define trace(...) [01;35m[K42[m[K
[11.297s]       |                    [01;35m[K^~[m[K
[11.297s] [01m[K/home/aayush/newest_frenet_planner/src/frenet_planner_ported/src/../include/frenet_optimal_trajectory.hpp:82:20:[m[K [01;36m[Knote: [m[Kin definition of macro ‘[01m[Ktrace[m[K’
[11.297s]    82 | #define trace(...) [01;36m[K42[m[K
[11.297s]       |                    [01;36m[K^~[m[K
[11.297s] [01m[K/home/aayush/newest_frenet_planner/src/frenet_planner_ported/src/../include/frenet_optimal_trajectory.hpp:82:20:[m[K [01;35m[Kwarning: [m[Kstatement has no effect [[01;35m[K-Wunused-value[m[K]
[11.298s]    82 | #define trace(...) [01;35m[K42[m[K
[11.298s]       |                    [01;35m[K^~[m[K
[11.298s] [01m[K/home/aayush/newest_frenet_planner/src/frenet_planner_ported/src/../include/frenet_optimal_trajectory.hpp:82:20:[m[K [01;36m[Knote: [m[Kin definition of macro ‘[01m[Ktrace[m[K’
[11.298s]    82 | #define trace(...) [01;36m[K42[m[K
[11.299s]       |                    [01;36m[K^~[m[K
[11.299s] [01m[K/home/aayush/newest_frenet_planner/src/frenet_planner_ported/src/../include/frenet_optimal_trajectory.hpp:82:20:[m[K [01;35m[Kwarning: [m[Kstatement has no effect [[01;35m[K-Wunused-value[m[K]
[11.299s]    82 | #define trace(...) [01;35m[K42[m[K
[11.299s]       |                    [01;35m[K^~[m[K
[11.299s] [01m[K/home/aayush/newest_frenet_planner/src/frenet_planner_ported/src/../include/frenet_optimal_trajectory.hpp:82:20:[m[K [01;36m[Knote: [m[Kin definition of macro ‘[01m[Ktrace[m[K’
[11.300s]    82 | #define trace(...) [01;36m[K42[m[K
[11.300s]       |                    [01;36m[K^~[m[K
[11.300s] [01m[K/home/aayush/newest_frenet_planner/src/frenet_planner_ported/src/../include/frenet_optimal_trajectory.hpp:83:59:[m[K [01;35m[Kwarning: [m[Kunused parameter ‘[01m[Kfp[m[K’ [[01;35m[K-Wunused-parameter[m[K]
[11.300s]    83 | inline ostream& operator<<(ostream& os, [01;35m[Kconst FrenetPath& fp[m[K)
[11.300s]       |                                         [01;35m[K~~~~~~~~~~~~~~~~~~^~[m[K
[11.301s] [01m[K/home/aayush/newest_frenet_planner/src/frenet_planner_ported/src/frenet_planner.cpp:[m[K In member function ‘[01m[Kvoid FrenetPath::calc_lon_paths_quintic_poly(double, double, double, double, double)[m[K’:
[11.301s] [01m[K/home/aayush/newest_frenet_planner/src/frenet_planner_ported/src/frenet_planner.cpp:69:91:[m[K [01;35m[Kwarning: [m[Kunused parameter ‘[01m[Kts[m[K’ [[01;35m[K-Wunused-parameter[m[K]
[11.301s]    69 | void FrenetPath::calc_lon_paths_quintic_poly(double c_speed, double s0, double Ti, [01;35m[Kdouble ts[m[K,
[11.301s]       |                                                                                    [01;35m[K~~~~~~~^~[m[K
[11.319s] [01m[K/home/aayush/newest_frenet_planner/src/frenet_planner_ported/src/frenet_planner.cpp:[m[K In member function ‘[01m[Kvoid FrenetPath::adding_global_path(Spline2D)[m[K’:
[11.319s] [01m[K/home/aayush/newest_frenet_planner/src/frenet_planner_ported/src/frenet_planner.cpp:198:9:[m[K [01;35m[Kwarning: [m[Kunused variable ‘[01m[KstartTime1[m[K’ [[01;35m[K-Wunused-variable[m[K]
[11.319s]   198 |  double [01;35m[KstartTime1[m[K = omp_get_wtime();
[11.319s]       |         [01;35m[K^~~~~~~~~~[m[K
[11.320s] [01m[K/home/aayush/newest_frenet_planner/src/frenet_planner_ported/src/frenet_planner.cpp:249:9:[m[K [01;35m[Kwarning: [m[Kunused variable ‘[01m[KendTime1[m[K’ [[01;35m[K-Wunused-variable[m[K]
[11.320s]   249 |  double [01;35m[KendTime1[m[K = omp_get_wtime();
[11.320s]       |         [01;35m[K^~~~~~~~[m[K
[11.339s] In file included from [01m[K/home/aayush/newest_frenet_planner/src/frenet_planner_ported/src/frenet_planner.cpp:10[m[K:
[11.339s] [01m[K/home/aayush/newest_frenet_planner/src/frenet_planner_ported/src/frenet_planner.cpp:[m[K In function ‘[01m[KFrenetPath frenet_optimal_planning(Spline2D, double, double, double, double, double, FrenetPath, double)[m[K’:
[11.340s] [01m[K/home/aayush/newest_frenet_planner/src/frenet_planner_ported/src/../include/frenet_optimal_trajectory.hpp:82:20:[m[K [01;31m[Kerror: [m[Kexpected initializer before numeric constant
[11.340s]    82 | #define trace(...) [01;31m[K42[m[K
[11.340s]       |                    [01;31m[K^~[m[K
[11.340s] [01m[K/home/aayush/newest_frenet_planner/src/frenet_planner_ported/src/../include/frenet_optimal_trajectory.hpp:82:20:[m[K [01;36m[Knote: [m[Kin definition of macro ‘[01m[Ktrace[m[K’
[11.340s]    82 | #define trace(...) [01;36m[K42[m[K
[11.341s]       |                    [01;36m[K^~[m[K
[11.342s] In file included from [01m[K/opt/ros/foxy/include/rclcpp/service.hpp:34[m[K,
[11.342s]                  from [01m[K/opt/ros/foxy/include/rclcpp/callback_group.hpp:25[m[K,
[11.342s]                  from [01m[K/opt/ros/foxy/include/rclcpp/any_executable.hpp:20[m[K,
[11.343s]                  from [01m[K/opt/ros/foxy/include/rclcpp/memory_strategy.hpp:24[m[K,
[11.343s]                  from [01m[K/opt/ros/foxy/include/rclcpp/memory_strategies.hpp:18[m[K,
[11.343s]                  from [01m[K/opt/ros/foxy/include/rclcpp/executor_options.hpp:20[m[K,
[11.343s]                  from [01m[K/opt/ros/foxy/include/rclcpp/executor.hpp:33[m[K,
[11.344s]                  from [01m[K/opt/ros/foxy/include/rclcpp/executors/multi_threaded_executor.hpp:25[m[K,
[11.344s]                  from [01m[K/opt/ros/foxy/include/rclcpp/executors.hpp:21[m[K,
[11.344s]                  from [01m[K/opt/ros/foxy/include/rclcpp/rclcpp.hpp:146[m[K,
[11.344s]                  from [01m[K/opt/ros/foxy/include/tf2_ros/buffer_interface.h:35[m[K,
[11.345s]                  from [01m[K/opt/ros/foxy/include/tf2_geometry_msgs/tf2_geometry_msgs.h:38[m[K,
[11.345s]                  from [01m[K/home/aayush/newest_frenet_planner/src/frenet_planner_ported/src/frenet_planner.cpp:2[m[K:
[11.345s] [01m[K/home/aayush/newest_frenet_planner/src/frenet_planner_ported/src/frenet_planner.cpp:455:14:[m[K [01;31m[Kerror: [m[Kinvalid use of ‘[01m[Kthis[m[K’ in non-member function
[11.345s]   455 |  RCLCPP_INFO([01;31m[Kthis[m[K->get_logger(), calc_frenet_paths_function_str);
[11.346s]       |              [01;31m[K^~~~[m[K
[11.346s] [01m[K/home/aayush/newest_frenet_planner/src/frenet_planner_ported/src/frenet_planner.cpp:455:14:[m[K [01;31m[Kerror: [m[Kinvalid use of ‘[01m[Kthis[m[K’ in non-member function
[11.347s] [01m[K/home/aayush/newest_frenet_planner/src/frenet_planner_ported/src/frenet_planner.cpp:455:2:[m[K [01;31m[Kerror: [m[Ktemplate argument 1 is invalid
[11.347s]   455 |  [01;31m[KRCLCPP_INFO[m[K(this->get_logger(), calc_frenet_paths_function_str);
[11.347s]       |  [01;31m[K^~~~~~~~~~~[m[K
[11.347s] [01m[K/home/aayush/newest_frenet_planner/src/frenet_planner_ported/src/frenet_planner.cpp:455:2:[m[K [01;31m[Kerror: [m[Ktemplate argument 1 is invalid
[11.348s]   455 |  [01;31m[KRCLCPP_INFO[m[K(this->get_logger(), calc_frenet_paths_function_str);
[11.348s]       |  [01;31m[K^~~~~~~~~~~[m[K
[11.348s] [01m[K/home/aayush/newest_frenet_planner/src/frenet_planner_ported/src/frenet_planner.cpp:455:2:[m[K [01;31m[Kerror: [m[Ktemplate argument 1 is invalid
[11.349s]   455 |  [01;31m[KRCLCPP_INFO[m[K(this->get_logger(), calc_frenet_paths_function_str);
[11.349s]       |  [01;31m[K^~~~~~~~~~~[m[K
[11.349s] In file included from [01m[K/opt/ros/foxy/include/rclcpp/client.hpp:40[m[K,
[11.350s]                  from [01m[K/opt/ros/foxy/include/rclcpp/callback_group.hpp:23[m[K,
[11.350s]                  from [01m[K/opt/ros/foxy/include/rclcpp/any_executable.hpp:20[m[K,
[11.350s]                  from [01m[K/opt/ros/foxy/include/rclcpp/memory_strategy.hpp:24[m[K,
[11.350s]                  from [01m[K/opt/ros/foxy/include/rclcpp/memory_strategies.hpp:18[m[K,
[11.351s]                  from [01m[K/opt/ros/foxy/include/rclcpp/executor_options.hpp:20[m[K,
[11.351s]                  from [01m[K/opt/ros/foxy/include/rclcpp/executor.hpp:33[m[K,
[11.351s]                  from [01m[K/opt/ros/foxy/include/rclcpp/executors/multi_threaded_executor.hpp:25[m[K,
[11.351s]                  from [01m[K/opt/ros/foxy/include/rclcpp/executors.hpp:21[m[K,
[11.352s]                  from [01m[K/opt/ros/foxy/include/rclcpp/rclcpp.hpp:146[m[K,
[11.352s]                  from [01m[K/opt/ros/foxy/include/tf2_ros/buffer_interface.h:35[m[K,
[11.352s]                  from [01m[K/opt/ros/foxy/include/tf2_geometry_msgs/tf2_geometry_msgs.h:38[m[K,
[11.352s]                  from [01m[K/home/aayush/newest_frenet_planner/src/frenet_planner_ported/src/frenet_planner.cpp:2[m[K:
[11.353s] [01m[K/home/aayush/newest_frenet_planner/src/frenet_planner_ported/src/frenet_planner.cpp:455:14:[m[K [01;31m[Kerror: [m[Kinvalid use of ‘[01m[Kthis[m[K’ in non-member function
[11.353s]   455 |  RCLCPP_INFO([01;31m[Kthis[m[K->get_logger(), calc_frenet_paths_function_str);
[11.354s]       |              [01;31m[K^~~~[m[K
[11.354s] [01m[K/home/aayush/newest_frenet_planner/src/frenet_planner_ported/src/frenet_planner.cpp:455:14:[m[K [01;31m[Kerror: [m[Kinvalid use of ‘[01m[Kthis[m[K’ in non-member function
[11.354s]   455 |  RCLCPP_INFO([01;31m[Kthis[m[K->get_logger(), calc_frenet_paths_function_str);
[11.355s]       |              [01;31m[K^~~~[m[K
[11.355s] In file included from [01m[K/home/aayush/newest_frenet_planner/src/frenet_planner_ported/src/frenet_planner.cpp:10[m[K:
[11.355s] [01m[K/home/aayush/newest_frenet_planner/src/frenet_planner_ported/src/../include/frenet_optimal_trajectory.hpp:82:20:[m[K [01;35m[Kwarning: [m[Kstatement has no effect [[01;35m[K-Wunused-value[m[K]
[11.355s]    82 | #define trace(...) [01;35m[K42[m[K
[11.356s]       |                    [01;35m[K^~[m[K
[11.356s] [01m[K/home/aayush/newest_frenet_planner/src/frenet_planner_ported/src/../include/frenet_optimal_trajectory.hpp:82:20:[m[K [01;36m[Knote: [m[Kin definition of macro ‘[01m[Ktrace[m[K’
[11.357s]    82 | #define trace(...) [01;36m[K42[m[K
[11.357s]       |                    [01;36m[K^~[m[K
[11.357s] In file included from [01m[K/opt/ros/foxy/include/rclcpp/service.hpp:34[m[K,
[11.357s]                  from [01m[K/opt/ros/foxy/include/rclcpp/callback_group.hpp:25[m[K,
[11.358s]                  from [01m[K/opt/ros/foxy/include/rclcpp/any_executable.hpp:20[m[K,
[11.358s]                  from [01m[K/opt/ros/foxy/include/rclcpp/memory_strategy.hpp:24[m[K,
[11.358s]                  from [01m[K/opt/ros/foxy/include/rclcpp/memory_strategies.hpp:18[m[K,
[11.358s]                  from [01m[K/opt/ros/foxy/include/rclcpp/executor_options.hpp:20[m[K,
[11.359s]                  from [01m[K/opt/ros/foxy/include/rclcpp/executor.hpp:33[m[K,
[11.359s]                  from [01m[K/opt/ros/foxy/include/rclcpp/executors/multi_threaded_executor.hpp:25[m[K,
[11.359s]                  from [01m[K/opt/ros/foxy/include/rclcpp/executors.hpp:21[m[K,
[11.360s]                  from [01m[K/opt/ros/foxy/include/rclcpp/rclcpp.hpp:146[m[K,
[11.360s]                  from [01m[K/opt/ros/foxy/include/tf2_ros/buffer_interface.h:35[m[K,
[11.360s]                  from [01m[K/opt/ros/foxy/include/tf2_geometry_msgs/tf2_geometry_msgs.h:38[m[K,
[11.360s]                  from [01m[K/home/aayush/newest_frenet_planner/src/frenet_planner_ported/src/frenet_planner.cpp:2[m[K:
[11.361s] [01m[K/home/aayush/newest_frenet_planner/src/frenet_planner_ported/src/frenet_planner.cpp:465:14:[m[K [01;31m[Kerror: [m[Kinvalid use of ‘[01m[Kthis[m[K’ in non-member function
[11.361s]   465 |  RCLCPP_INFO([01;31m[Kthis[m[K->get_logger(), calc_global_paths_function_str);
[11.361s]       |              [01;31m[K^~~~[m[K
[11.361s] [01m[K/home/aayush/newest_frenet_planner/src/frenet_planner_ported/src/frenet_planner.cpp:465:14:[m[K [01;31m[Kerror: [m[Kinvalid use of ‘[01m[Kthis[m[K’ in non-member function
[11.362s] [01m[K/home/aayush/newest_frenet_planner/src/frenet_planner_ported/src/frenet_planner.cpp:465:2:[m[K [01;31m[Kerror: [m[Ktemplate argument 1 is invalid
[11.362s]   465 |  [01;31m[KRCLCPP_INFO[m[K(this->get_logger(), calc_global_paths_function_str);
[11.362s]       |  [01;31m[K^~~~~~~~~~~[m[K
[11.362s] [01m[K/home/aayush/newest_frenet_planner/src/frenet_planner_ported/src/frenet_planner.cpp:465:2:[m[K [01;31m[Kerror: [m[Ktemplate argument 1 is invalid
[11.362s]   465 |  [01;31m[KRCLCPP_INFO[m[K(this->get_logger(), calc_global_paths_function_str);
[11.363s]       |  [01;31m[K^~~~~~~~~~~[m[K
[11.363s] [01m[K/home/aayush/newest_frenet_planner/src/frenet_planner_ported/src/frenet_planner.cpp:465:2:[m[K [01;31m[Kerror: [m[Ktemplate argument 1 is invalid
[11.363s]   465 |  [01;31m[KRCLCPP_INFO[m[K(this->get_logger(), calc_global_paths_function_str);
[11.363s]       |  [01;31m[K^~~~~~~~~~~[m[K
[11.363s] In file included from [01m[K/opt/ros/foxy/include/rclcpp/client.hpp:40[m[K,
[11.364s]                  from [01m[K/opt/ros/foxy/include/rclcpp/callback_group.hpp:23[m[K,
[11.364s]                  from [01m[K/opt/ros/foxy/include/rclcpp/any_executable.hpp:20[m[K,
[11.364s]                  from [01m[K/opt/ros/foxy/include/rclcpp/memory_strategy.hpp:24[m[K,
[11.364s]                  from [01m[K/opt/ros/foxy/include/rclcpp/memory_strategies.hpp:18[m[K,
[11.364s]                  from [01m[K/opt/ros/foxy/include/rclcpp/executor_options.hpp:20[m[K,
[11.365s]                  from [01m[K/opt/ros/foxy/include/rclcpp/executor.hpp:33[m[K,
[11.365s]                  from [01m[K/opt/ros/foxy/include/rclcpp/executors/multi_threaded_executor.hpp:25[m[K,
[11.365s]                  from [01m[K/opt/ros/foxy/include/rclcpp/executors.hpp:21[m[K,
[11.365s]                  from [01m[K/opt/ros/foxy/include/rclcpp/rclcpp.hpp:146[m[K,
[11.365s]                  from [01m[K/opt/ros/foxy/include/tf2_ros/buffer_interface.h:35[m[K,
[11.366s]                  from [01m[K/opt/ros/foxy/include/tf2_geometry_msgs/tf2_geometry_msgs.h:38[m[K,
[11.366s]                  from [01m[K/home/aayush/newest_frenet_planner/src/frenet_planner_ported/src/frenet_planner.cpp:2[m[K:
[11.366s] [01m[K/home/aayush/newest_frenet_planner/src/frenet_planner_ported/src/frenet_planner.cpp:465:14:[m[K [01;31m[Kerror: [m[Kinvalid use of ‘[01m[Kthis[m[K’ in non-member function
[11.366s]   465 |  RCLCPP_INFO([01;31m[Kthis[m[K->get_logger(), calc_global_paths_function_str);
[11.367s]       |              [01;31m[K^~~~[m[K
[11.367s] [01m[K/home/aayush/newest_frenet_planner/src/frenet_planner_ported/src/frenet_planner.cpp:465:14:[m[K [01;31m[Kerror: [m[Kinvalid use of ‘[01m[Kthis[m[K’ in non-member function
[11.367s]   465 |  RCLCPP_INFO([01;31m[Kthis[m[K->get_logger(), calc_global_paths_function_str);
[11.367s]       |              [01;31m[K^~~~[m[K
[11.367s] In file included from [01m[K/home/aayush/newest_frenet_planner/src/frenet_planner_ported/src/frenet_planner.cpp:10[m[K:
[11.368s] [01m[K/home/aayush/newest_frenet_planner/src/frenet_planner_ported/src/../include/frenet_optimal_trajectory.hpp:82:20:[m[K [01;35m[Kwarning: [m[Kstatement has no effect [[01;35m[K-Wunused-value[m[K]
[11.368s]    82 | #define trace(...) [01;35m[K42[m[K
[11.368s]       |                    [01;35m[K^~[m[K
[11.368s] [01m[K/home/aayush/newest_frenet_planner/src/frenet_planner_ported/src/../include/frenet_optimal_trajectory.hpp:82:20:[m[K [01;36m[Knote: [m[Kin definition of macro ‘[01m[Ktrace[m[K’
[11.368s]    82 | #define trace(...) [01;36m[K42[m[K
[11.369s]       |                    [01;36m[K^~[m[K
[11.369s] In file included from [01m[K/opt/ros/foxy/include/rclcpp/service.hpp:34[m[K,
[11.369s]                  from [01m[K/opt/ros/foxy/include/rclcpp/callback_group.hpp:25[m[K,
[11.369s]                  from [01m[K/opt/ros/foxy/include/rclcpp/any_executable.hpp:20[m[K,
[11.369s]                  from [01m[K/opt/ros/foxy/include/rclcpp/memory_strategy.hpp:24[m[K,
[11.370s]                  from [01m[K/opt/ros/foxy/include/rclcpp/memory_strategies.hpp:18[m[K,
[11.370s]                  from [01m[K/opt/ros/foxy/include/rclcpp/executor_options.hpp:20[m[K,
[11.370s]                  from [01m[K/opt/ros/foxy/include/rclcpp/executor.hpp:33[m[K,
[11.370s]                  from [01m[K/opt/ros/foxy/include/rclcpp/executors/multi_threaded_executor.hpp:25[m[K,
[11.371s]                  from [01m[K/opt/ros/foxy/include/rclcpp/executors.hpp:21[m[K,
[11.371s]                  from [01m[K/opt/ros/foxy/include/rclcpp/rclcpp.hpp:146[m[K,
[11.371s]                  from [01m[K/opt/ros/foxy/include/tf2_ros/buffer_interface.h:35[m[K,
[11.371s]                  from [01m[K/opt/ros/foxy/include/tf2_geometry_msgs/tf2_geometry_msgs.h:38[m[K,
[11.371s]                  from [01m[K/home/aayush/newest_frenet_planner/src/frenet_planner_ported/src/frenet_planner.cpp:2[m[K:
[11.372s] [01m[K/home/aayush/newest_frenet_planner/src/frenet_planner_ported/src/frenet_planner.cpp:478:14:[m[K [01;31m[Kerror: [m[Kinvalid use of ‘[01m[Kthis[m[K’ in non-member function
[11.372s]   478 |  RCLCPP_INFO([01;31m[Kthis[m[K->get_logger(), calc_path_function_str);
[11.372s]       |              [01;31m[K^~~~[m[K
[11.372s] [01m[K/home/aayush/newest_frenet_planner/src/frenet_planner_ported/src/frenet_planner.cpp:478:14:[m[K [01;31m[Kerror: [m[Kinvalid use of ‘[01m[Kthis[m[K’ in non-member function
[11.372s] [01m[K/home/aayush/newest_frenet_planner/src/frenet_planner_ported/src/frenet_planner.cpp:478:2:[m[K [01;31m[Kerror: [m[Ktemplate argument 1 is invalid
[11.373s]   478 |  [01;31m[KRCLCPP_INFO[m[K(this->get_logger(), calc_path_function_str);
[11.373s]       |  [01;31m[K^~~~~~~~~~~[m[K
[11.373s] [01m[K/home/aayush/newest_frenet_planner/src/frenet_planner_ported/src/frenet_planner.cpp:478:2:[m[K [01;31m[Kerror: [m[Ktemplate argument 1 is invalid
[11.373s]   478 |  [01;31m[KRCLCPP_INFO[m[K(this->get_logger(), calc_path_function_str);
[11.373s]       |  [01;31m[K^~~~~~~~~~~[m[K
[11.374s] [01m[K/home/aayush/newest_frenet_planner/src/frenet_planner_ported/src/frenet_planner.cpp:478:2:[m[K [01;31m[Kerror: [m[Ktemplate argument 1 is invalid
[11.374s]   478 |  [01;31m[KRCLCPP_INFO[m[K(this->get_logger(), calc_path_function_str);
[11.374s]       |  [01;31m[K^~~~~~~~~~~[m[K
[11.374s] In file included from [01m[K/opt/ros/foxy/include/rclcpp/client.hpp:40[m[K,
[11.375s]                  from [01m[K/opt/ros/foxy/include/rclcpp/callback_group.hpp:23[m[K,
[11.375s]                  from [01m[K/opt/ros/foxy/include/rclcpp/any_executable.hpp:20[m[K,
[11.375s]                  from [01m[K/opt/ros/foxy/include/rclcpp/memory_strategy.hpp:24[m[K,
[11.375s]                  from [01m[K/opt/ros/foxy/include/rclcpp/memory_strategies.hpp:18[m[K,
[11.376s]                  from [01m[K/opt/ros/foxy/include/rclcpp/executor_options.hpp:20[m[K,
[11.376s]                  from [01m[K/opt/ros/foxy/include/rclcpp/executor.hpp:33[m[K,
[11.376s]                  from [01m[K/opt/ros/foxy/include/rclcpp/executors/multi_threaded_executor.hpp:25[m[K,
[11.376s]                  from [01m[K/opt/ros/foxy/include/rclcpp/executors.hpp:21[m[K,
[11.376s]                  from [01m[K/opt/ros/foxy/include/rclcpp/rclcpp.hpp:146[m[K,
[11.377s]                  from [01m[K/opt/ros/foxy/include/tf2_ros/buffer_interface.h:35[m[K,
[11.377s]                  from [01m[K/opt/ros/foxy/include/tf2_geometry_msgs/tf2_geometry_msgs.h:38[m[K,
[11.377s]                  from [01m[K/home/aayush/newest_frenet_planner/src/frenet_planner_ported/src/frenet_planner.cpp:2[m[K:
[11.377s] [01m[K/home/aayush/newest_frenet_planner/src/frenet_planner_ported/src/frenet_planner.cpp:478:14:[m[K [01;31m[Kerror: [m[Kinvalid use of ‘[01m[Kthis[m[K’ in non-member function
[11.377s]   478 |  RCLCPP_INFO([01;31m[Kthis[m[K->get_logger(), calc_path_function_str);
[11.378s]       |              [01;31m[K^~~~[m[K
[11.378s] [01m[K/home/aayush/newest_frenet_planner/src/frenet_planner_ported/src/frenet_planner.cpp:478:14:[m[K [01;31m[Kerror: [m[Kinvalid use of ‘[01m[Kthis[m[K’ in non-member function
[11.378s]   478 |  RCLCPP_INFO([01;31m[Kthis[m[K->get_logger(), calc_path_function_str);
[11.378s]       |              [01;31m[K^~~~[m[K
[11.379s] In file included from [01m[K/home/aayush/newest_frenet_planner/src/frenet_planner_ported/src/frenet_planner.cpp:10[m[K:
[11.379s] [01m[K/home/aayush/newest_frenet_planner/src/frenet_planner_ported/src/../include/frenet_optimal_trajectory.hpp:82:20:[m[K [01;35m[Kwarning: [m[Kstatement has no effect [[01;35m[K-Wunused-value[m[K]
[11.379s]    82 | #define trace(...) [01;35m[K42[m[K
[11.379s]       |                    [01;35m[K^~[m[K
[11.379s] [01m[K/home/aayush/newest_frenet_planner/src/frenet_planner_ported/src/../include/frenet_optimal_trajectory.hpp:82:20:[m[K [01;36m[Knote: [m[Kin definition of macro ‘[01m[Ktrace[m[K’
[11.380s]    82 | #define trace(...) [01;36m[K42[m[K
[11.380s]       |                    [01;36m[K^~[m[K
[11.380s] [01m[K/home/aayush/newest_frenet_planner/src/frenet_planner_ported/src/../include/frenet_optimal_trajectory.hpp:82:20:[m[K [01;35m[Kwarning: [m[Kstatement has no effect [[01;35m[K-Wunused-value[m[K]
[11.380s]    82 | #define trace(...) [01;35m[K42[m[K
[11.380s]       |                    [01;35m[K^~[m[K
[11.381s] [01m[K/home/aayush/newest_frenet_planner/src/frenet_planner_ported/src/../include/frenet_optimal_trajectory.hpp:82:20:[m[K [01;36m[Knote: [m[Kin definition of macro ‘[01m[Ktrace[m[K’
[11.381s]    82 | #define trace(...) [01;36m[K42[m[K
[11.381s]       |                    [01;36m[K^~[m[K
[12.782s] make[2]: *** [CMakeFiles/frenet_ros_obst.dir/build.make:76: CMakeFiles/frenet_ros_obst.dir/src/frenet_planner.cpp.o] Error 1
[12.787s] make[1]: *** [CMakeFiles/Makefile2:78: CMakeFiles/frenet_ros_obst.dir/all] Error 2
[12.787s] make: *** [Makefile:141: all] Error 2
[12.792s] Invoked command in '/home/aayush/newest_frenet_planner/build/frenet_planner_ported' returned '2': CMAKE_PREFIX_PATH=${CMAKE_PREFIX_PATH}:/home/aayush/newest_frenet_planner/install/dummy:/opt/ros/foxy /usr/bin/cmake --build /home/aayush/newest_frenet_planner/build/frenet_planner_ported -- -j2 -l2
