[0.988s] Invoking command in '/home/aayush/newest_frenet_planner/src/dummy': PYTHONPATH=/home/aayush/newest_frenet_planner/install/dummy/lib/python3.8/site-packages:${PYTHONPATH} /usr/bin/python3 setup.py egg_info --egg-base ../../build/dummy build --build-base /home/aayush/newest_frenet_planner/build/dummy/build install --prefix /home/aayush/newest_frenet_planner/install/dummy --record /home/aayush/newest_frenet_planner/build/dummy/install.log --single-version-externally-managed
[2.911s] running egg_info
[2.913s] writing ../../build/dummy/dummy.egg-info/PKG-INFO
[2.914s] writing dependency_links to ../../build/dummy/dummy.egg-info/dependency_links.txt
[2.915s] writing entry points to ../../build/dummy/dummy.egg-info/entry_points.txt
[2.920s] writing requirements to ../../build/dummy/dummy.egg-info/requires.txt
[2.921s] writing top-level names to ../../build/dummy/dummy.egg-info/top_level.txt
[3.095s] reading manifest file '../../build/dummy/dummy.egg-info/SOURCES.txt'
[3.098s] writing manifest file '../../build/dummy/dummy.egg-info/SOURCES.txt'
[3.098s] running build
[3.099s] running build_py
[3.099s] running install
[3.105s] running install_lib
[3.121s] running install_data
[3.128s] running install_egg_info
[3.143s] removing '/home/aayush/newest_frenet_planner/install/dummy/lib/python3.8/site-packages/dummy-0.0.0-py3.8.egg-info' (and everything under it)
[3.143s] Copying ../../build/dummy/dummy.egg-info to /home/aayush/newest_frenet_planner/install/dummy/lib/python3.8/site-packages/dummy-0.0.0-py3.8.egg-info
[3.144s] running install_scripts
[3.416s] Installing dum_pub script to /home/aayush/newest_frenet_planner/install/dummy/lib/dummy
[3.418s] writing list of installed files to '/home/aayush/newest_frenet_planner/build/dummy/install.log'
[3.557s] Invoked command in '/home/aayush/newest_frenet_planner/src/dummy' returned '0': PYTHONPATH=/home/aayush/newest_frenet_planner/install/dummy/lib/python3.8/site-packages:${PYTHONPATH} /usr/bin/python3 setup.py egg_info --egg-base ../../build/dummy build --build-base /home/aayush/newest_frenet_planner/build/dummy/build install --prefix /home/aayush/newest_frenet_planner/install/dummy --record /home/aayush/newest_frenet_planner/build/dummy/install.log --single-version-externally-managed
