[0.937s] Invoking command in '/home/aayush/newest_frenet_planner/src/dummy': PYTHONPATH=/home/aayush/newest_frenet_planner/install/dummy/lib/python3.8/site-packages:${PYTHONPATH} /usr/bin/python3 setup.py egg_info --egg-base ../../build/dummy build --build-base /home/aayush/newest_frenet_planner/build/dummy/build install --prefix /home/aayush/newest_frenet_planner/install/dummy --record /home/aayush/newest_frenet_planner/build/dummy/install.log --single-version-externally-managed
[2.008s] running egg_info
[2.010s] writing ../../build/dummy/dummy.egg-info/PKG-INFO
[2.011s] writing dependency_links to ../../build/dummy/dummy.egg-info/dependency_links.txt
[2.012s] writing entry points to ../../build/dummy/dummy.egg-info/entry_points.txt
[2.014s] writing requirements to ../../build/dummy/dummy.egg-info/requires.txt
[2.014s] writing top-level names to ../../build/dummy/dummy.egg-info/top_level.txt
[2.247s] reading manifest file '../../build/dummy/dummy.egg-info/SOURCES.txt'
[2.248s] writing manifest file '../../build/dummy/dummy.egg-info/SOURCES.txt'
[2.249s] running build
[2.249s] running build_py
[2.250s] running install
[2.252s] running install_lib
[2.259s] running install_data
[2.261s] running install_egg_info
[2.272s] removing '/home/aayush/newest_frenet_planner/install/dummy/lib/python3.8/site-packages/dummy-0.0.0-py3.8.egg-info' (and everything under it)
[2.273s] Copying ../../build/dummy/dummy.egg-info to /home/aayush/newest_frenet_planner/install/dummy/lib/python3.8/site-packages/dummy-0.0.0-py3.8.egg-info
[2.275s] running install_scripts
[2.556s] Installing dum_pub script to /home/aayush/newest_frenet_planner/install/dummy/lib/dummy
[2.557s] writing list of installed files to '/home/aayush/newest_frenet_planner/build/dummy/install.log'
[2.682s] Invoked command in '/home/aayush/newest_frenet_planner/src/dummy' returned '0': PYTHONPATH=/home/aayush/newest_frenet_planner/install/dummy/lib/python3.8/site-packages:${PYTHONPATH} /usr/bin/python3 setup.py egg_info --egg-base ../../build/dummy build --build-base /home/aayush/newest_frenet_planner/build/dummy/build install --prefix /home/aayush/newest_frenet_planner/install/dummy --record /home/aayush/newest_frenet_planner/build/dummy/install.log --single-version-externally-managed
