[0.943s] Invoking command in '/home/aayush/newest_frenet_planner/src/dummy': PYTHONPATH=/home/aayush/newest_frenet_planner/install/dummy/lib/python3.8/site-packages:${PYTHONPATH} /usr/bin/python3 setup.py egg_info --egg-base ../../build/dummy build --build-base /home/aayush/newest_frenet_planner/build/dummy/build install --prefix /home/aayush/newest_frenet_planner/install/dummy --record /home/aayush/newest_frenet_planner/build/dummy/install.log --single-version-externally-managed
[1.890s] running egg_info
[1.897s] writing ../../build/dummy/dummy.egg-info/PKG-INFO
[1.898s] writing dependency_links to ../../build/dummy/dummy.egg-info/dependency_links.txt
[1.898s] writing entry points to ../../build/dummy/dummy.egg-info/entry_points.txt
[1.900s] writing requirements to ../../build/dummy/dummy.egg-info/requires.txt
[1.900s] writing top-level names to ../../build/dummy/dummy.egg-info/top_level.txt
[2.120s] reading manifest file '../../build/dummy/dummy.egg-info/SOURCES.txt'
[2.131s] writing manifest file '../../build/dummy/dummy.egg-info/SOURCES.txt'
[2.132s] running build
[2.132s] running build_py
[2.134s] running install
[2.136s] running install_lib
[2.143s] running install_data
[2.161s] running install_egg_info
[2.172s] removing '/home/aayush/newest_frenet_planner/install/dummy/lib/python3.8/site-packages/dummy-0.0.0-py3.8.egg-info' (and everything under it)
[2.173s] Copying ../../build/dummy/dummy.egg-info to /home/aayush/newest_frenet_planner/install/dummy/lib/python3.8/site-packages/dummy-0.0.0-py3.8.egg-info
[2.176s] running install_scripts
[2.416s] Installing dum_pub script to /home/aayush/newest_frenet_planner/install/dummy/lib/dummy
[2.424s] writing list of installed files to '/home/aayush/newest_frenet_planner/build/dummy/install.log'
[2.519s] Invoked command in '/home/aayush/newest_frenet_planner/src/dummy' returned '0': PYTHONPATH=/home/aayush/newest_frenet_planner/install/dummy/lib/python3.8/site-packages:${PYTHONPATH} /usr/bin/python3 setup.py egg_info --egg-base ../../build/dummy build --build-base /home/aayush/newest_frenet_planner/build/dummy/build install --prefix /home/aayush/newest_frenet_planner/install/dummy --record /home/aayush/newest_frenet_planner/build/dummy/install.log --single-version-externally-managed
