[1.030s] Invoking command in '/home/aayush/newest_frenet_planner/src/dummy': PYTHONPATH=/home/aayush/newest_frenet_planner/install/dummy/lib/python3.8/site-packages:${PYTHONPATH} /usr/bin/python3 setup.py egg_info --egg-base ../../build/dummy build --build-base /home/aayush/newest_frenet_planner/build/dummy/build install --prefix /home/aayush/newest_frenet_planner/install/dummy --record /home/aayush/newest_frenet_planner/build/dummy/install.log --single-version-externally-managed
[2.089s] running egg_info
[2.091s] writing ../../build/dummy/dummy.egg-info/PKG-INFO
[2.093s] writing dependency_links to ../../build/dummy/dummy.egg-info/dependency_links.txt
[2.093s] writing entry points to ../../build/dummy/dummy.egg-info/entry_points.txt
[2.094s] writing requirements to ../../build/dummy/dummy.egg-info/requires.txt
[2.094s] writing top-level names to ../../build/dummy/dummy.egg-info/top_level.txt
[2.353s] reading manifest file '../../build/dummy/dummy.egg-info/SOURCES.txt'
[2.363s] writing manifest file '../../build/dummy/dummy.egg-info/SOURCES.txt'
[2.363s] running build
[2.364s] running build_py
[2.364s] running install
[2.369s] running install_lib
[2.376s] running install_data
[2.379s] running install_egg_info
[2.392s] removing '/home/aayush/newest_frenet_planner/install/dummy/lib/python3.8/site-packages/dummy-0.0.0-py3.8.egg-info' (and everything under it)
[2.393s] Copying ../../build/dummy/dummy.egg-info to /home/aayush/newest_frenet_planner/install/dummy/lib/python3.8/site-packages/dummy-0.0.0-py3.8.egg-info
[2.402s] running install_scripts
[2.617s] Installing dum_pub script to /home/aayush/newest_frenet_planner/install/dummy/lib/dummy
[2.621s] writing list of installed files to '/home/aayush/newest_frenet_planner/build/dummy/install.log'
[2.724s] Invoked command in '/home/aayush/newest_frenet_planner/src/dummy' returned '0': PYTHONPATH=/home/aayush/newest_frenet_planner/install/dummy/lib/python3.8/site-packages:${PYTHONPATH} /usr/bin/python3 setup.py egg_info --egg-base ../../build/dummy build --build-base /home/aayush/newest_frenet_planner/build/dummy/build install --prefix /home/aayush/newest_frenet_planner/install/dummy --record /home/aayush/newest_frenet_planner/build/dummy/install.log --single-version-externally-managed
