[0.844s] Invoking command in '/home/aayush/newest_frenet_planner/build/frenet_planner_ported': CMAKE_PREFIX_PATH=${CMAKE_PREFIX_PATH}:/home/aayush/newest_frenet_planner/install/dummy:/opt/ros/foxy /usr/bin/cmake --build /home/aayush/newest_frenet_planner/build/frenet_planner_ported -- -j2 -l2
[1.007s] [35m[1mScanning dependencies of target frenet_ros_obst[0m
[1.257s] [ 20%] [32mBuilding CXX object CMakeFiles/frenet_ros_obst.dir/src/frenet_ros_obst.cpp.o[0m
[6.693s] In file included from [01m[K/home/aayush/newest_frenet_planner/src/frenet_planner_ported/src/../include/frenet_class.hpp:11[m[K,
[6.693s]                  from [01m[K/home/aayush/newest_frenet_planner/src/frenet_planner_ported/src/frenet_ros_obst.cpp:1[m[K:
[6.693s] [01m[K/home/aayush/newest_frenet_planner/src/frenet_planner_ported/./include/matplotlibcpp.hpp:314:36:[m[K [01;35m[Kwarning: [m[Kstatic_assert without a message only available with ‘[01m[K-std=c++17[m[K’ or ‘[01m[K-std=gnu++17[m[K’ [[01;35m[K-Wpedantic[m[K]
[6.693s]   314 | static_assert(sizeof(long long) == [01;35m[K8[m[K);
[6.693s]       |                                    [01;35m[K^[m[K
[6.694s] [01m[K/home/aayush/newest_frenet_planner/src/frenet_planner_ported/./include/matplotlibcpp.hpp:316:45:[m[K [01;35m[Kwarning: [m[Kstatic_assert without a message only available with ‘[01m[K-std=c++17[m[K’ or ‘[01m[K-std=gnu++17[m[K’ [[01;35m[K-Wpedantic[m[K]
[6.694s]   316 | static_assert(sizeof(unsigned long long) == [01;35m[K8[m[K);
[6.694s]       |                                             [01;35m[K^[m[K
[9.715s] In file included from [01m[K/home/aayush/newest_frenet_planner/src/frenet_planner_ported/src/frenet_ros_obst.cpp:1[m[K:
[9.716s] [01m[K/home/aayush/newest_frenet_planner/src/frenet_planner_ported/src/../include/frenet_class.hpp:129:81:[m[K [01;35m[Kwarning: [m[K‘[01m[Kgeometry_msgs::msg::PolygonStamped_<std::allocator<void> >::ConstPtr[m[K’ is deprecated [[01;35m[K-Wdeprecated-declarations[m[K]
[9.716s]   129 | allback(const geometry_msgs::msg::PolygonStamped::ConstPtr p[01;35m[K)[m[K
[9.716s]       |                                                             [01;35m[K^[m[K
[9.716s] 
[9.717s] In file included from [01m[K/opt/ros/foxy/include/geometry_msgs/msg/polygon_stamped.hpp:7[m[K,
[9.717s]                  from [01m[K/home/aayush/newest_frenet_planner/src/frenet_planner_ported/src/../include/frenet_class.hpp:8[m[K,
[9.717s]                  from [01m[K/home/aayush/newest_frenet_planner/src/frenet_planner_ported/src/frenet_ros_obst.cpp:1[m[K:
[9.717s] [01m[K/opt/ros/foxy/include/geometry_msgs/msg/detail/polygon_stamped__struct.hpp:114:5:[m[K [01;36m[Knote: [m[Kdeclared here
[9.718s]   114 |     [01;36m[KConstPtr[m[K;
[9.718s]       |     [01;36m[K^~~~~~~~[m[K
[9.718s] In file included from [01m[K/home/aayush/newest_frenet_planner/src/frenet_planner_ported/src/frenet_ros_obst.cpp:1[m[K:
[9.719s] [01m[K/home/aayush/newest_frenet_planner/src/frenet_planner_ported/src/../include/frenet_class.hpp:135:67:[m[K [01;35m[Kwarning: [m[K‘[01m[Knav_msgs::msg::Odometry_<std::allocator<void> >::ConstPtr[m[K’ is deprecated [[01;35m[K-Wdeprecated-declarations[m[K]
[9.719s]   135 |     void odom_callback(const nav_msgs::msg::Odometry::ConstPtr msg[01;35m[K)[m[K
[9.719s]       |                                                                   [01;35m[K^[m[K
[9.719s] In file included from [01m[K/opt/ros/foxy/include/nav_msgs/msg/odometry.hpp:7[m[K,
[9.719s]                  from [01m[K/home/aayush/newest_frenet_planner/src/frenet_planner_ported/src/../include/frenet_class.hpp:6[m[K,
[9.720s]                  from [01m[K/home/aayush/newest_frenet_planner/src/frenet_planner_ported/src/frenet_ros_obst.cpp:1[m[K:
[9.720s] [01m[K/opt/ros/foxy/include/nav_msgs/msg/detail/odometry__struct.hpp:145:5:[m[K [01;36m[Knote: [m[Kdeclared here
[9.720s]   145 |     [01;36m[KConstPtr[m[K;
[9.720s]       |     [01;36m[K^~~~~~~~[m[K
[9.721s] In file included from [01m[K/home/aayush/newest_frenet_planner/src/frenet_planner_ported/src/frenet_ros_obst.cpp:1[m[K:
[9.721s] [01m[K/home/aayush/newest_frenet_planner/src/frenet_planner_ported/src/../include/frenet_class.hpp:139:86:[m[K [01;35m[Kwarning: [m[K‘[01m[Knav_msgs::msg::OccupancyGrid_<std::allocator<void> >::ConstPtr[m[K’ is deprecated [[01;35m[K-Wdeprecated-declarations[m[K]
[9.722s]   139 | (const nav_msgs::msg::OccupancyGrid::ConstPtr occupancy_grid[01;35m[K)[m[K
[9.722s]       |                                                             [01;35m[K^[m[K
[9.723s] 
[9.723s] In file included from [01m[K/opt/ros/foxy/include/nav_msgs/msg/occupancy_grid.hpp:7[m[K,
[9.723s]                  from [01m[K/home/aayush/newest_frenet_planner/src/frenet_planner_ported/src/../include/frenet_class.hpp:7[m[K,
[9.723s]                  from [01m[K/home/aayush/newest_frenet_planner/src/frenet_planner_ported/src/frenet_ros_obst.cpp:1[m[K:
[9.723s] [01m[K/opt/ros/foxy/include/nav_msgs/msg/detail/occupancy_grid__struct.hpp:123:5:[m[K [01;36m[Knote: [m[Kdeclared here
[9.724s]   123 |     [01;36m[KConstPtr[m[K;
[9.724s]       |     [01;36m[K^~~~~~~~[m[K
[9.864s] In file included from [01m[K/home/aayush/newest_frenet_planner/src/frenet_planner_ported/src/frenet_ros_obst.cpp:1[m[K:
[9.864s] [01m[K/home/aayush/newest_frenet_planner/src/frenet_planner_ported/src/../include/frenet_class.hpp:[m[K In member function ‘[01m[Kvoid FrenetClass::costmap_callback(nav_msgs::msg::OccupancyGrid_<std::allocator<void> >::ConstPtr)[m[K’:
[9.865s] [01m[K/home/aayush/newest_frenet_planner/src/frenet_planner_ported/src/../include/frenet_class.hpp:169:22:[m[K [01;35m[Kwarning: [m[Kcomparison of integer expressions of different signedness: ‘[01m[Klong int[m[K’ and ‘[01m[Kstd::vector<std::pair<double, double> >::size_type[m[K’ {aka ‘[01m[Klong unsigned int[m[K’} [[01;35m[K-Wsign-compare[m[K]
[9.865s]   169 |   for (long i = 0; [01;35m[Ki < ob1.size()[m[K; i++)
[9.865s]       |                    [01;35m[K~~^~~~~~~~~~~~[m[K
[9.865s] [01m[K/home/aayush/newest_frenet_planner/src/frenet_planner_ported/src/../include/frenet_class.hpp:149:13:[m[K [01;35m[Kwarning: [m[Kunused variable ‘[01m[KstartTime1[m[K’ [[01;35m[K-Wunused-variable[m[K]
[9.866s]   149 |      double [01;35m[KstartTime1[m[K = omp_get_wtime();
[9.866s]       |             [01;35m[K^~~~~~~~~~[m[K
[9.869s] In file included from [01m[K/home/aayush/newest_frenet_planner/src/frenet_planner_ported/src/frenet_ros_obst.cpp:2[m[K:
[9.869s] [01m[K/home/aayush/newest_frenet_planner/src/frenet_planner_ported/src/../include/frenet_optimal_trajectory.hpp:[m[K In function ‘[01m[Kstd::ostream& operator<<(std::ostream&, const FrenetPath&)[m[K’:
[9.870s] [01m[K/home/aayush/newest_frenet_planner/src/frenet_planner_ported/src/../include/frenet_optimal_trajectory.hpp:80:20:[m[K [01;35m[Kwarning: [m[Kstatement has no effect [[01;35m[K-Wunused-value[m[K]
[9.870s]    80 | #define trace(...) [01;35m[K42[m[K
[9.871s]       |                    [01;35m[K^~[m[K
[9.871s] [01m[K/home/aayush/newest_frenet_planner/src/frenet_planner_ported/src/../include/frenet_optimal_trajectory.hpp:80:20:[m[K [01;36m[Knote: [m[Kin definition of macro ‘[01m[Ktrace[m[K’
[9.871s]    80 | #define trace(...) [01;36m[K42[m[K
[9.871s]       |                    [01;36m[K^~[m[K
[9.875s] [01m[K/home/aayush/newest_frenet_planner/src/frenet_planner_ported/src/../include/frenet_optimal_trajectory.hpp:80:20:[m[K [01;35m[Kwarning: [m[Kstatement has no effect [[01;35m[K-Wunused-value[m[K]
[9.875s]    80 | #define trace(...) [01;35m[K42[m[K
[9.876s]       |                    [01;35m[K^~[m[K
[9.876s] [01m[K/home/aayush/newest_frenet_planner/src/frenet_planner_ported/src/../include/frenet_optimal_trajectory.hpp:80:20:[m[K [01;36m[Knote: [m[Kin definition of macro ‘[01m[Ktrace[m[K’
[9.876s]    80 | #define trace(...) [01;36m[K42[m[K
[9.877s]       |                    [01;36m[K^~[m[K
[9.877s] [01m[K/home/aayush/newest_frenet_planner/src/frenet_planner_ported/src/../include/frenet_optimal_trajectory.hpp:80:20:[m[K [01;35m[Kwarning: [m[Kstatement has no effect [[01;35m[K-Wunused-value[m[K]
[9.877s]    80 | #define trace(...) [01;35m[K42[m[K
[9.877s]       |                    [01;35m[K^~[m[K
[9.878s] [01m[K/home/aayush/newest_frenet_planner/src/frenet_planner_ported/src/../include/frenet_optimal_trajectory.hpp:80:20:[m[K [01;36m[Knote: [m[Kin definition of macro ‘[01m[Ktrace[m[K’
[9.878s]    80 | #define trace(...) [01;36m[K42[m[K
[9.878s]       |                    [01;36m[K^~[m[K
[9.879s] [01m[K/home/aayush/newest_frenet_planner/src/frenet_planner_ported/src/../include/frenet_optimal_trajectory.hpp:80:20:[m[K [01;35m[Kwarning: [m[Kstatement has no effect [[01;35m[K-Wunused-value[m[K]
[9.879s]    80 | #define trace(...) [01;35m[K42[m[K
[9.879s]       |                    [01;35m[K^~[m[K
[9.880s] [01m[K/home/aayush/newest_frenet_planner/src/frenet_planner_ported/src/../include/frenet_optimal_trajectory.hpp:80:20:[m[K [01;36m[Knote: [m[Kin definition of macro ‘[01m[Ktrace[m[K’
[9.880s]    80 | #define trace(...) [01;36m[K42[m[K
[9.880s]       |                    [01;36m[K^~[m[K
[9.880s] [01m[K/home/aayush/newest_frenet_planner/src/frenet_planner_ported/src/../include/frenet_optimal_trajectory.hpp:80:20:[m[K [01;35m[Kwarning: [m[Kstatement has no effect [[01;35m[K-Wunused-value[m[K]
[9.881s]    80 | #define trace(...) [01;35m[K42[m[K
[9.881s]       |                    [01;35m[K^~[m[K
[9.881s] [01m[K/home/aayush/newest_frenet_planner/src/frenet_planner_ported/src/../include/frenet_optimal_trajectory.hpp:80:20:[m[K [01;36m[Knote: [m[Kin definition of macro ‘[01m[Ktrace[m[K’
[9.882s]    80 | #define trace(...) [01;36m[K42[m[K
[9.882s]       |                    [01;36m[K^~[m[K
[9.883s] [01m[K/home/aayush/newest_frenet_planner/src/frenet_planner_ported/src/../include/frenet_optimal_trajectory.hpp:80:20:[m[K [01;35m[Kwarning: [m[Kstatement has no effect [[01;35m[K-Wunused-value[m[K]
[9.883s]    80 | #define trace(...) [01;35m[K42[m[K
[9.883s]       |                    [01;35m[K^~[m[K
[9.884s] [01m[K/home/aayush/newest_frenet_planner/src/frenet_planner_ported/src/../include/frenet_optimal_trajectory.hpp:80:20:[m[K [01;36m[Knote: [m[Kin definition of macro ‘[01m[Ktrace[m[K’
[9.884s]    80 | #define trace(...) [01;36m[K42[m[K
[9.884s]       |                    [01;36m[K^~[m[K
[9.884s] [01m[K/home/aayush/newest_frenet_planner/src/frenet_planner_ported/src/../include/frenet_optimal_trajectory.hpp:80:20:[m[K [01;35m[Kwarning: [m[Kstatement has no effect [[01;35m[K-Wunused-value[m[K]
[9.885s]    80 | #define trace(...) [01;35m[K42[m[K
[9.885s]       |                    [01;35m[K^~[m[K
[9.885s] [01m[K/home/aayush/newest_frenet_planner/src/frenet_planner_ported/src/../include/frenet_optimal_trajectory.hpp:80:20:[m[K [01;36m[Knote: [m[Kin definition of macro ‘[01m[Ktrace[m[K’
[9.885s]    80 | #define trace(...) [01;36m[K42[m[K
[9.886s]       |                    [01;36m[K^~[m[K
[9.886s] [01m[K/home/aayush/newest_frenet_planner/src/frenet_planner_ported/src/../include/frenet_optimal_trajectory.hpp:80:20:[m[K [01;35m[Kwarning: [m[Kstatement has no effect [[01;35m[K-Wunused-value[m[K]
[9.886s]    80 | #define trace(...) [01;35m[K42[m[K
[9.886s]       |                    [01;35m[K^~[m[K
[9.887s] [01m[K/home/aayush/newest_frenet_planner/src/frenet_planner_ported/src/../include/frenet_optimal_trajectory.hpp:80:20:[m[K [01;36m[Knote: [m[Kin definition of macro ‘[01m[Ktrace[m[K’
[9.887s]    80 | #define trace(...) [01;36m[K42[m[K
[9.887s]       |                    [01;36m[K^~[m[K
[9.887s] [01m[K/home/aayush/newest_frenet_planner/src/frenet_planner_ported/src/../include/frenet_optimal_trajectory.hpp:80:20:[m[K [01;35m[Kwarning: [m[Kstatement has no effect [[01;35m[K-Wunused-value[m[K]
[9.888s]    80 | #define trace(...) [01;35m[K42[m[K
[9.888s]       |                    [01;35m[K^~[m[K
[9.888s] [01m[K/home/aayush/newest_frenet_planner/src/frenet_planner_ported/src/../include/frenet_optimal_trajectory.hpp:80:20:[m[K [01;36m[Knote: [m[Kin definition of macro ‘[01m[Ktrace[m[K’
[9.888s]    80 | #define trace(...) [01;36m[K42[m[K
[9.889s]       |                    [01;36m[K^~[m[K
[9.889s] [01m[K/home/aayush/newest_frenet_planner/src/frenet_planner_ported/src/../include/frenet_optimal_trajectory.hpp:80:20:[m[K [01;35m[Kwarning: [m[Kstatement has no effect [[01;35m[K-Wunused-value[m[K]
[9.889s]    80 | #define trace(...) [01;35m[K42[m[K
[9.889s]       |                    [01;35m[K^~[m[K
[9.890s] [01m[K/home/aayush/newest_frenet_planner/src/frenet_planner_ported/src/../include/frenet_optimal_trajectory.hpp:80:20:[m[K [01;36m[Knote: [m[Kin definition of macro ‘[01m[Ktrace[m[K’
[9.890s]    80 | #define trace(...) [01;36m[K42[m[K
[9.890s]       |                    [01;36m[K^~[m[K
[9.890s] [01m[K/home/aayush/newest_frenet_planner/src/frenet_planner_ported/src/../include/frenet_optimal_trajectory.hpp:80:20:[m[K [01;35m[Kwarning: [m[Kstatement has no effect [[01;35m[K-Wunused-value[m[K]
[9.891s]    80 | #define trace(...) [01;35m[K42[m[K
[9.891s]       |                    [01;35m[K^~[m[K
[9.891s] [01m[K/home/aayush/newest_frenet_planner/src/frenet_planner_ported/src/../include/frenet_optimal_trajectory.hpp:80:20:[m[K [01;36m[Knote: [m[Kin definition of macro ‘[01m[Ktrace[m[K’
[9.891s]    80 | #define trace(...) [01;36m[K42[m[K
[9.892s]       |                    [01;36m[K^~[m[K
[9.892s] [01m[K/home/aayush/newest_frenet_planner/src/frenet_planner_ported/src/../include/frenet_optimal_trajectory.hpp:80:20:[m[K [01;35m[Kwarning: [m[Kstatement has no effect [[01;35m[K-Wunused-value[m[K]
[9.892s]    80 | #define trace(...) [01;35m[K42[m[K
[9.892s]       |                    [01;35m[K^~[m[K
[9.893s] [01m[K/home/aayush/newest_frenet_planner/src/frenet_planner_ported/src/../include/frenet_optimal_trajectory.hpp:80:20:[m[K [01;36m[Knote: [m[Kin definition of macro ‘[01m[Ktrace[m[K’
[9.893s]    80 | #define trace(...) [01;36m[K42[m[K
[9.893s]       |                    [01;36m[K^~[m[K
[9.894s] [01m[K/home/aayush/newest_frenet_planner/src/frenet_planner_ported/src/../include/frenet_optimal_trajectory.hpp:80:20:[m[K [01;35m[Kwarning: [m[Kstatement has no effect [[01;35m[K-Wunused-value[m[K]
[9.894s]    80 | #define trace(...) [01;35m[K42[m[K
[9.894s]       |                    [01;35m[K^~[m[K
[9.894s] [01m[K/home/aayush/newest_frenet_planner/src/frenet_planner_ported/src/../include/frenet_optimal_trajectory.hpp:80:20:[m[K [01;36m[Knote: [m[Kin definition of macro ‘[01m[Ktrace[m[K’
[9.895s]    80 | #define trace(...) [01;36m[K42[m[K
[9.895s]       |                    [01;36m[K^~[m[K
[9.895s] [01m[K/home/aayush/newest_frenet_planner/src/frenet_planner_ported/src/../include/frenet_optimal_trajectory.hpp:81:59:[m[K [01;35m[Kwarning: [m[Kunused parameter ‘[01m[Kfp[m[K’ [[01;35m[K-Wunused-parameter[m[K]
[9.895s]    81 | inline ostream& operator<<(ostream& os, [01;35m[Kconst FrenetPath& fp[m[K)
[9.896s]       |                                         [01;35m[K~~~~~~~~~~~~~~~~~~^~[m[K
[9.896s] [01m[K/home/aayush/newest_frenet_planner/src/frenet_planner_ported/src/frenet_ros_obst.cpp:[m[K In function ‘[01m[Kdouble get_bot_yaw()[m[K’:
[9.896s] [01m[K/home/aayush/newest_frenet_planner/src/frenet_planner_ported/src/../include/frenet_optimal_trajectory.hpp:80:20:[m[K [01;35m[Kwarning: [m[Kstatement has no effect [[01;35m[K-Wunused-value[m[K]
[9.896s]    80 | #define trace(...) [01;35m[K42[m[K
[9.897s]       |                    [01;35m[K^~[m[K
[9.897s] [01m[K/home/aayush/newest_frenet_planner/src/frenet_planner_ported/src/../include/frenet_optimal_trajectory.hpp:80:20:[m[K [01;36m[Knote: [m[Kin definition of macro ‘[01m[Ktrace[m[K’
[9.897s]    80 | #define trace(...) [01;36m[K42[m[K
[9.898s]       |                    [01;36m[K^~[m[K
[9.898s] [01m[K/home/aayush/newest_frenet_planner/src/frenet_planner_ported/src/frenet_ros_obst.cpp:[m[K In function ‘[01m[Kvoid initial_conditions_path(Spline2D&, double&, double&, double&, double&, double&, double&, FrenetPath&)[m[K’:
[9.898s] [01m[K/home/aayush/newest_frenet_planner/src/frenet_planner_ported/src/frenet_ros_obst.cpp:56:40:[m[K [01;35m[Kwarning: [m[Kunused parameter ‘[01m[Kcsp[m[K’ [[01;35m[K-Wunused-parameter[m[K]
[9.899s]    56 | void initial_conditions_path([01;35m[KSpline2D &csp[m[K, double &s0, double &c_speed, double &c_d, double &c_d_d,
[9.899s]       |                              [01;35m[K~~~~~~~~~~^~~[m[K
[9.899s] In file included from [01m[K/home/aayush/newest_frenet_planner/src/frenet_planner_ported/src/frenet_ros_obst.cpp:2[m[K:
[9.899s] [01m[K/home/aayush/newest_frenet_planner/src/frenet_planner_ported/src/frenet_ros_obst.cpp:[m[K In function ‘[01m[Kint initial_conditions_new(Spline2D&, vecD&, vecD&, vecD&, vecD&, vecD&, double&, double&, double&, double&, double&, double&, FrenetPath&)[m[K’:
[9.900s] [01m[K/home/aayush/newest_frenet_planner/src/frenet_planner_ported/src/../include/frenet_optimal_trajectory.hpp:80:20:[m[K [01;35m[Kwarning: [m[Kstatement has no effect [[01;35m[K-Wunused-value[m[K]
[9.900s]    80 | #define trace(...) [01;35m[K42[m[K
[9.900s]       |                    [01;35m[K^~[m[K
[9.901s] [01m[K/home/aayush/newest_frenet_planner/src/frenet_planner_ported/src/../include/frenet_optimal_trajectory.hpp:80:20:[m[K [01;36m[Knote: [m[Kin definition of macro ‘[01m[Ktrace[m[K’
[9.901s]    80 | #define trace(...) [01;36m[K42[m[K
[9.901s]       |                    [01;36m[K^~[m[K
[9.901s] [01m[K/home/aayush/newest_frenet_planner/src/frenet_planner_ported/src/../include/frenet_optimal_trajectory.hpp:80:20:[m[K [01;35m[Kwarning: [m[Kstatement has no effect [[01;35m[K-Wunused-value[m[K]
[9.902s]    80 | #define trace(...) [01;35m[K42[m[K
[9.902s]       |                    [01;35m[K^~[m[K
[9.902s] [01m[K/home/aayush/newest_frenet_planner/src/frenet_planner_ported/src/../include/frenet_optimal_trajectory.hpp:80:20:[m[K [01;36m[Knote: [m[Kin definition of macro ‘[01m[Ktrace[m[K’
[9.902s]    80 | #define trace(...) [01;36m[K42[m[K
[9.902s]       |                    [01;36m[K^~[m[K
[9.903s] [01m[K/home/aayush/newest_frenet_planner/src/frenet_planner_ported/src/frenet_ros_obst.cpp:72:38:[m[K [01;35m[Kwarning: [m[Kunused parameter ‘[01m[Kcsp[m[K’ [[01;35m[K-Wunused-parameter[m[K]
[9.903s]    72 | int initial_conditions_new([01;35m[KSpline2D &csp[m[K, vecD &global_s, vecD &global_x, vecD &global_y,
[9.903s]       |                            [01;35m[K~~~~~~~~~~^~~[m[K
[9.919s] In file included from [01m[K/opt/ros/foxy/include/rclcpp/client.hpp:40[m[K,
[9.919s]                  from [01m[K/opt/ros/foxy/include/rclcpp/callback_group.hpp:23[m[K,
[9.919s]                  from [01m[K/opt/ros/foxy/include/rclcpp/any_executable.hpp:20[m[K,
[9.919s]                  from [01m[K/opt/ros/foxy/include/rclcpp/memory_strategy.hpp:24[m[K,
[9.920s]                  from [01m[K/opt/ros/foxy/include/rclcpp/memory_strategies.hpp:18[m[K,
[9.920s]                  from [01m[K/opt/ros/foxy/include/rclcpp/executor_options.hpp:20[m[K,
[9.920s]                  from [01m[K/opt/ros/foxy/include/rclcpp/executor.hpp:33[m[K,
[9.920s]                  from [01m[K/opt/ros/foxy/include/rclcpp/executors/multi_threaded_executor.hpp:25[m[K,
[9.920s]                  from [01m[K/opt/ros/foxy/include/rclcpp/executors.hpp:21[m[K,
[9.921s]                  from [01m[K/opt/ros/foxy/include/rclcpp/rclcpp.hpp:146[m[K,
[9.921s]                  from [01m[K/home/aayush/newest_frenet_planner/src/frenet_planner_ported/src/../include/frenet_class.hpp:4[m[K,
[9.921s]                  from [01m[K/home/aayush/newest_frenet_planner/src/frenet_planner_ported/src/frenet_ros_obst.cpp:1[m[K:
[9.921s] [01m[K/home/aayush/newest_frenet_planner/src/frenet_planner_ported/src/frenet_ros_obst.cpp:[m[K In function ‘[01m[Kint main(int, char**)[m[K’:
[9.921s] [01m[K/home/aayush/newest_frenet_planner/src/frenet_planner_ported/src/frenet_ros_obst.cpp:189:95:[m[K [01;31m[Kerror: [m[Kno matching function for call to ‘[01m[Kstd::__cxx11::basic_string<char>::basic_string(double)[m[K’
[9.922s]   189 | _logger(), "Initial Conditions:", string(endTime - startTime[01;31m[K)[m[K);
[9.922s]       |                                                             [01;31m[K^[m[K
[9.922s] 
[9.926s] In file included from [01m[K/usr/include/c++/9/string:55[m[K,
[9.926s]                  from [01m[K/usr/include/c++/9/stdexcept:39[m[K,
[9.926s]                  from [01m[K/usr/include/c++/9/array:39[m[K,
[9.927s]                  from [01m[K/usr/include/c++/9/tuple:39[m[K,
[9.927s]                  from [01m[K/usr/include/c++/9/bits/unique_ptr.h:37[m[K,
[9.927s]                  from [01m[K/usr/include/c++/9/memory:80[m[K,
[9.927s]                  from [01m[K/opt/ros/foxy/include/rclcpp/rclcpp.hpp:144[m[K,
[9.928s]                  from [01m[K/home/aayush/newest_frenet_planner/src/frenet_planner_ported/src/../include/frenet_class.hpp:4[m[K,
[9.928s]                  from [01m[K/home/aayush/newest_frenet_planner/src/frenet_planner_ported/src/frenet_ros_obst.cpp:1[m[K:
[9.928s] [01m[K/usr/include/c++/9/bits/basic_string.h:625:9:[m[K [01;36m[Knote: [m[Kcandidate: ‘[01m[Ktemplate<class _InputIterator, class> std::__cxx11::basic_string<_CharT, _Traits, _Alloc>::basic_string(_InputIterator, _InputIterator, const _Alloc&)[m[K’
[9.928s]   625 |         [01;36m[Kbasic_string[m[K(_InputIterator __beg, _InputIterator __end,
[9.929s]       |         [01;36m[K^~~~~~~~~~~~[m[K
[9.929s] [01m[K/usr/include/c++/9/bits/basic_string.h:625:9:[m[K [01;36m[Knote: [m[K  template argument deduction/substitution failed:
[9.929s] In file included from [01m[K/opt/ros/foxy/include/rclcpp/client.hpp:40[m[K,
[9.929s]                  from [01m[K/opt/ros/foxy/include/rclcpp/callback_group.hpp:23[m[K,
[9.930s]                  from [01m[K/opt/ros/foxy/include/rclcpp/any_executable.hpp:20[m[K,
[9.930s]                  from [01m[K/opt/ros/foxy/include/rclcpp/memory_strategy.hpp:24[m[K,
[9.930s]                  from [01m[K/opt/ros/foxy/include/rclcpp/memory_strategies.hpp:18[m[K,
[9.930s]                  from [01m[K/opt/ros/foxy/include/rclcpp/executor_options.hpp:20[m[K,
[9.931s]                  from [01m[K/opt/ros/foxy/include/rclcpp/executor.hpp:33[m[K,
[9.931s]                  from [01m[K/opt/ros/foxy/include/rclcpp/executors/multi_threaded_executor.hpp:25[m[K,
[9.931s]                  from [01m[K/opt/ros/foxy/include/rclcpp/executors.hpp:21[m[K,
[9.932s]                  from [01m[K/opt/ros/foxy/include/rclcpp/rclcpp.hpp:146[m[K,
[9.932s]                  from [01m[K/home/aayush/newest_frenet_planner/src/frenet_planner_ported/src/../include/frenet_class.hpp:4[m[K,
[9.932s]                  from [01m[K/home/aayush/newest_frenet_planner/src/frenet_planner_ported/src/frenet_ros_obst.cpp:1[m[K:
[9.932s] [01m[K/home/aayush/newest_frenet_planner/src/frenet_planner_ported/src/frenet_ros_obst.cpp:189:95:[m[K [01;36m[Knote: [m[K  candidate expects 3 arguments, 1 provided
[9.933s]   189 | _logger(), "Initial Conditions:", string(endTime - startTime[01;36m[K)[m[K);
[9.933s]       |                                                             [01;36m[K^[m[K
[9.933s] 
[9.933s] In file included from [01m[K/usr/include/c++/9/string:55[m[K,
[9.933s]                  from [01m[K/usr/include/c++/9/stdexcept:39[m[K,
[9.934s]                  from [01m[K/usr/include/c++/9/array:39[m[K,
[9.934s]                  from [01m[K/usr/include/c++/9/tuple:39[m[K,
[9.934s]                  from [01m[K/usr/include/c++/9/bits/unique_ptr.h:37[m[K,
[9.934s]                  from [01m[K/usr/include/c++/9/memory:80[m[K,
[9.934s]                  from [01m[K/opt/ros/foxy/include/rclcpp/rclcpp.hpp:144[m[K,
[9.935s]                  from [01m[K/home/aayush/newest_frenet_planner/src/frenet_planner_ported/src/../include/frenet_class.hpp:4[m[K,
[9.935s]                  from [01m[K/home/aayush/newest_frenet_planner/src/frenet_planner_ported/src/frenet_ros_obst.cpp:1[m[K:
[9.935s] [01m[K/usr/include/c++/9/bits/basic_string.h:587:7:[m[K [01;36m[Knote: [m[Kcandidate: ‘[01m[Kstd::__cxx11::basic_string<_CharT, _Traits, _Alloc>::basic_string(std::__cxx11::basic_string<_CharT, _Traits, _Alloc>&&, const _Alloc&) [with _CharT = char; _Traits = std::char_traits<char>; _Alloc = std::allocator<char>][m[K’
[9.935s]   587 |       [01;36m[Kbasic_string[m[K(basic_string&& __str, const _Alloc& __a)
[9.936s]       |       [01;36m[K^~~~~~~~~~~~[m[K
[9.936s] [01m[K/usr/include/c++/9/bits/basic_string.h:587:7:[m[K [01;36m[Knote: [m[K  candidate expects 2 arguments, 1 provided
[9.936s] [01m[K/usr/include/c++/9/bits/basic_string.h:583:7:[m[K [01;36m[Knote: [m[Kcandidate: ‘[01m[Kstd::__cxx11::basic_string<_CharT, _Traits, _Alloc>::basic_string(const std::__cxx11::basic_string<_CharT, _Traits, _Alloc>&, const _Alloc&) [with _CharT = char; _Traits = std::char_traits<char>; _Alloc = std::allocator<char>][m[K’
[9.936s]   583 |       [01;36m[Kbasic_string[m[K(const basic_string& __str, const _Alloc& __a)
[9.936s]       |       [01;36m[K^~~~~~~~~~~~[m[K
[9.937s] [01m[K/usr/include/c++/9/bits/basic_string.h:583:7:[m[K [01;36m[Knote: [m[K  candidate expects 2 arguments, 1 provided
[9.937s] [01m[K/usr/include/c++/9/bits/basic_string.h:579:7:[m[K [01;36m[Knote: [m[Kcandidate: ‘[01m[Kstd::__cxx11::basic_string<_CharT, _Traits, _Alloc>::basic_string(std::initializer_list<_Tp>, const _Alloc&) [with _CharT = char; _Traits = std::char_traits<char>; _Alloc = std::allocator<char>][m[K’
[9.937s]   579 |       [01;36m[Kbasic_string[m[K(initializer_list<_CharT> __l, const _Alloc& __a = _Alloc())
[9.937s]       |       [01;36m[K^~~~~~~~~~~~[m[K
[9.937s] [01m[K/usr/include/c++/9/bits/basic_string.h:579:45:[m[K [01;36m[Knote: [m[K  no known conversion for argument 1 from ‘[01m[Kdouble[m[K’ to ‘[01m[Kstd::initializer_list<char>[m[K’
[9.938s]   579 |       basic_string([01;36m[Kinitializer_list<_CharT> __l[m[K, const _Alloc& __a = _Alloc())
[9.938s]       |                    [01;36m[K~~~~~~~~~~~~~~~~~~~~~~~~~^~~[m[K
[9.938s] [01m[K/usr/include/c++/9/bits/basic_string.h:552:7:[m[K [01;36m[Knote: [m[Kcandidate: ‘[01m[Kstd::__cxx11::basic_string<_CharT, _Traits, _Alloc>::basic_string(std::__cxx11::basic_string<_CharT, _Traits, _Alloc>&&) [with _CharT = char; _Traits = std::char_traits<char>; _Alloc = std::allocator<char>][m[K’
[9.938s]   552 |       [01;36m[Kbasic_string[m[K(basic_string&& __str) noexcept
[9.938s]       |       [01;36m[K^~~~~~~~~~~~[m[K
[9.939s] [01m[K/usr/include/c++/9/bits/basic_string.h:552:35:[m[K [01;36m[Knote: [m[K  no known conversion for argument 1 from ‘[01m[Kdouble[m[K’ to ‘[01m[Kstd::__cxx11::basic_string<char>&&[m[K’
[9.939s]   552 |       basic_string([01;36m[Kbasic_string&& __str[m[K) noexcept
[9.939s]       |                    [01;36m[K~~~~~~~~~~~~~~~^~~~~[m[K
[9.939s] [01m[K/usr/include/c++/9/bits/basic_string.h:540:7:[m[K [01;36m[Knote: [m[Kcandidate: ‘[01m[Kstd::__cxx11::basic_string<_CharT, _Traits, _Alloc>::basic_string(std::__cxx11::basic_string<_CharT, _Traits, _Alloc>::size_type, _CharT, const _Alloc&) [with _CharT = char; _Traits = std::char_traits<char>; _Alloc = std::allocator<char>; std::__cxx11::basic_string<_CharT, _Traits, _Alloc>::size_type = long unsigned int][m[K’
[9.940s]   540 |       [01;36m[Kbasic_string[m[K(size_type __n, _CharT __c, const _Alloc& __a = _Alloc())
[9.940s]       |       [01;36m[K^~~~~~~~~~~~[m[K
[9.940s] [01m[K/usr/include/c++/9/bits/basic_string.h:540:7:[m[K [01;36m[Knote: [m[K  candidate expects 3 arguments, 1 provided
[9.940s] [01m[K/usr/include/c++/9/bits/basic_string.h:525:7:[m[K [01;36m[Knote: [m[Kcandidate: ‘[01m[Kstd::__cxx11::basic_string<_CharT, _Traits, _Alloc>::basic_string(const _CharT*, const _Alloc&) [with _CharT = char; _Traits = std::char_traits<char>; _Alloc = std::allocator<char>][m[K’
[9.940s]   525 |       [01;36m[Kbasic_string[m[K(const _CharT* __s, const _Alloc& __a = _Alloc())
[9.941s]       |       [01;36m[K^~~~~~~~~~~~[m[K
[9.941s] [01m[K/usr/include/c++/9/bits/basic_string.h:525:34:[m[K [01;36m[Knote: [m[K  no known conversion for argument 1 from ‘[01m[Kdouble[m[K’ to ‘[01m[Kconst char*[m[K’
[9.941s]   525 |       basic_string([01;36m[Kconst _CharT* __s[m[K, const _Alloc& __a = _Alloc())
[9.941s]       |                    [01;36m[K~~~~~~~~~~~~~~^~~[m[K
[9.941s] [01m[K/usr/include/c++/9/bits/basic_string.h:510:7:[m[K [01;36m[Knote: [m[Kcandidate: ‘[01m[Kstd::__cxx11::basic_string<_CharT, _Traits, _Alloc>::basic_string(const _CharT*, std::__cxx11::basic_string<_CharT, _Traits, _Alloc>::size_type, const _Alloc&) [with _CharT = char; _Traits = std::char_traits<char>; _Alloc = std::allocator<char>; std::__cxx11::basic_string<_CharT, _Traits, _Alloc>::size_type = long unsigned int][m[K’
[9.942s]   510 |       [01;36m[Kbasic_string[m[K(const _CharT* __s, size_type __n,
[9.942s]       |       [01;36m[K^~~~~~~~~~~~[m[K
[9.942s] [01m[K/usr/include/c++/9/bits/basic_string.h:510:7:[m[K [01;36m[Knote: [m[K  candidate expects 3 arguments, 1 provided
[9.942s] [01m[K/usr/include/c++/9/bits/basic_string.h:492:7:[m[K [01;36m[Knote: [m[Kcandidate: ‘[01m[Kstd::__cxx11::basic_string<_CharT, _Traits, _Alloc>::basic_string(const std::__cxx11::basic_string<_CharT, _Traits, _Alloc>&, std::__cxx11::basic_string<_CharT, _Traits, _Alloc>::size_type, std::__cxx11::basic_string<_CharT, _Traits, _Alloc>::size_type, const _Alloc&) [with _CharT = char; _Traits = std::char_traits<char>; _Alloc = std::allocator<char>; std::__cxx11::basic_string<_CharT, _Traits, _Alloc>::size_type = long unsigned int][m[K’
[9.942s]   492 |       [01;36m[Kbasic_string[m[K(const basic_string& __str, size_type __pos,
[9.943s]       |       [01;36m[K^~~~~~~~~~~~[m[K
[9.943s] [01m[K/usr/include/c++/9/bits/basic_string.h:492:7:[m[K [01;36m[Knote: [m[K  candidate expects 4 arguments, 1 provided
[9.943s] [01m[K/usr/include/c++/9/bits/basic_string.h:476:7:[m[K [01;36m[Knote: [m[Kcandidate: ‘[01m[Kstd::__cxx11::basic_string<_CharT, _Traits, _Alloc>::basic_string(const std::__cxx11::basic_string<_CharT, _Traits, _Alloc>&, std::__cxx11::basic_string<_CharT, _Traits, _Alloc>::size_type, std::__cxx11::basic_string<_CharT, _Traits, _Alloc>::size_type) [with _CharT = char; _Traits = std::char_traits<char>; _Alloc = std::allocator<char>; std::__cxx11::basic_string<_CharT, _Traits, _Alloc>::size_type = long unsigned int][m[K’
[9.943s]   476 |       [01;36m[Kbasic_string[m[K(const basic_string& __str, size_type __pos,
[9.944s]       |       [01;36m[K^~~~~~~~~~~~[m[K
[9.944s] [01m[K/usr/include/c++/9/bits/basic_string.h:476:7:[m[K [01;36m[Knote: [m[K  candidate expects 3 arguments, 1 provided
[9.944s] [01m[K/usr/include/c++/9/bits/basic_string.h:461:7:[m[K [01;36m[Knote: [m[Kcandidate: ‘[01m[Kstd::__cxx11::basic_string<_CharT, _Traits, _Alloc>::basic_string(const std::__cxx11::basic_string<_CharT, _Traits, _Alloc>&, std::__cxx11::basic_string<_CharT, _Traits, _Alloc>::size_type, const _Alloc&) [with _CharT = char; _Traits = std::char_traits<char>; _Alloc = std::allocator<char>; std::__cxx11::basic_string<_CharT, _Traits, _Alloc>::size_type = long unsigned int][m[K’
[9.944s]   461 |       [01;36m[Kbasic_string[m[K(const basic_string& __str, size_type __pos,
[9.944s]       |       [01;36m[K^~~~~~~~~~~~[m[K
[9.945s] [01m[K/usr/include/c++/9/bits/basic_string.h:461:7:[m[K [01;36m[Knote: [m[K  candidate expects 3 arguments, 1 provided
[9.945s] [01m[K/usr/include/c++/9/bits/basic_string.h:448:7:[m[K [01;36m[Knote: [m[Kcandidate: ‘[01m[Kstd::__cxx11::basic_string<_CharT, _Traits, _Alloc>::basic_string(const std::__cxx11::basic_string<_CharT, _Traits, _Alloc>&) [with _CharT = char; _Traits = std::char_traits<char>; _Alloc = std::allocator<char>][m[K’
[9.945s]   448 |       [01;36m[Kbasic_string[m[K(const basic_string& __str)
[9.945s]       |       [01;36m[K^~~~~~~~~~~~[m[K
[9.945s] [01m[K/usr/include/c++/9/bits/basic_string.h:448:40:[m[K [01;36m[Knote: [m[K  no known conversion for argument 1 from ‘[01m[Kdouble[m[K’ to ‘[01m[Kconst std::__cxx11::basic_string<char>&[m[K’
[9.946s]   448 |       basic_string([01;36m[Kconst basic_string& __str[m[K)
[9.946s]       |                    [01;36m[K~~~~~~~~~~~~~~~~~~~~^~~~~[m[K
[9.946s] [01m[K/usr/include/c++/9/bits/basic_string.h:440:7:[m[K [01;36m[Knote: [m[Kcandidate: ‘[01m[Kstd::__cxx11::basic_string<_CharT, _Traits, _Alloc>::basic_string(const _Alloc&) [with _CharT = char; _Traits = std::char_traits<char>; _Alloc = std::allocator<char>][m[K’
[9.946s]   440 |       [01;36m[Kbasic_string[m[K(const _Alloc& __a) _GLIBCXX_NOEXCEPT
[9.946s]       |       [01;36m[K^~~~~~~~~~~~[m[K
[9.947s] [01m[K/usr/include/c++/9/bits/basic_string.h:440:34:[m[K [01;36m[Knote: [m[K  no known conversion for argument 1 from ‘[01m[Kdouble[m[K’ to ‘[01m[Kconst std::allocator<char>&[m[K’
[9.947s]   440 |       basic_string([01;36m[Kconst _Alloc& __a[m[K) _GLIBCXX_NOEXCEPT
[9.947s]       |                    [01;36m[K~~~~~~~~~~~~~~^~~[m[K
[9.947s] [01m[K/usr/include/c++/9/bits/basic_string.h:431:7:[m[K [01;36m[Knote: [m[Kcandidate: ‘[01m[Kstd::__cxx11::basic_string<_CharT, _Traits, _Alloc>::basic_string() [with _CharT = char; _Traits = std::char_traits<char>; _Alloc = std::allocator<char>][m[K’
[9.948s]   431 |       [01;36m[Kbasic_string[m[K()
[9.948s]       |       [01;36m[K^~~~~~~~~~~~[m[K
[9.948s] [01m[K/usr/include/c++/9/bits/basic_string.h:431:7:[m[K [01;36m[Knote: [m[K  candidate expects 0 arguments, 1 provided
[9.948s] In file included from [01m[K/home/aayush/newest_frenet_planner/src/frenet_planner_ported/src/frenet_ros_obst.cpp:2[m[K:
[9.949s] [01m[K/home/aayush/newest_frenet_planner/src/frenet_planner_ported/src/../include/frenet_optimal_trajectory.hpp:80:20:[m[K [01;35m[Kwarning: [m[Kstatement has no effect [[01;35m[K-Wunused-value[m[K]
[9.949s]    80 | #define trace(...) [01;35m[K42[m[K
[9.949s]       |                    [01;35m[K^~[m[K
[9.949s] [01m[K/home/aayush/newest_frenet_planner/src/frenet_planner_ported/src/../include/frenet_optimal_trajectory.hpp:80:20:[m[K [01;36m[Knote: [m[Kin definition of macro ‘[01m[Ktrace[m[K’
[9.949s]    80 | #define trace(...) [01;36m[K42[m[K
[9.950s]       |                    [01;36m[K^~[m[K
[9.990s] [01m[K/home/aayush/newest_frenet_planner/src/frenet_planner_ported/src/frenet_ros_obst.cpp:175:10:[m[K [01;35m[Kwarning: [m[Kunused variable ‘[01m[KstartTime1[m[K’ [[01;35m[K-Wunused-variable[m[K]
[9.990s]   175 |   double [01;35m[KstartTime1[m[K = omp_get_wtime();
[9.990s]       |          [01;35m[K^~~~~~~~~~[m[K
[9.990s] [01m[K/home/aayush/newest_frenet_planner/src/frenet_planner_ported/src/frenet_ros_obst.cpp:191:10:[m[K [01;35m[Kwarning: [m[Kunused variable ‘[01m[KendTime1[m[K’ [[01;35m[K-Wunused-variable[m[K]
[9.991s]   191 |   double [01;35m[KendTime1[m[K = omp_get_wtime();
[9.992s]       |          [01;35m[K^~~~~~~~[m[K
[9.992s] [01m[K/home/aayush/newest_frenet_planner/src/frenet_planner_ported/src/frenet_ros_obst.cpp:263:10:[m[K [01;35m[Kwarning: [m[Kunused variable ‘[01m[KstartTime3[m[K’ [[01;35m[K-Wunused-variable[m[K]
[9.992s]   263 |   double [01;35m[KstartTime3[m[K = omp_get_wtime();
[9.992s]       |          [01;35m[K^~~~~~~~~~[m[K
[9.992s] [01m[K/home/aayush/newest_frenet_planner/src/frenet_planner_ported/src/frenet_ros_obst.cpp:265:10:[m[K [01;35m[Kwarning: [m[Kunused variable ‘[01m[KendTime3[m[K’ [[01;35m[K-Wunused-variable[m[K]
[9.993s]   265 |   double [01;35m[KendTime3[m[K = omp_get_wtime();
[9.993s]       |          [01;35m[K^~~~~~~~[m[K
[9.993s] [01m[K/home/aayush/newest_frenet_planner/src/frenet_planner_ported/src/frenet_ros_obst.cpp:131:7:[m[K [01;35m[Kwarning: [m[Kunused variable ‘[01m[KgotOdom[m[K’ [[01;35m[K-Wunused-variable[m[K]
[9.993s]   131 |  bool [01;35m[KgotOdom[m[K = false;
[9.993s]       |       [01;35m[K^~~~~~~[m[K
[9.994s] [01m[K/home/aayush/newest_frenet_planner/src/frenet_planner_ported/src/frenet_ros_obst.cpp:165:9:[m[K [01;35m[Kwarning: [m[Kunused variable ‘[01m[Kpltbasetime[m[K’ [[01;35m[K-Wunused-variable[m[K]
[9.994s]   165 |  double [01;35m[Kpltbasetime[m[K = omp_get_wtime();
[9.994s]       |         [01;35m[K^~~~~~~~~~~[m[K
[9.994s] [01m[K/home/aayush/newest_frenet_planner/src/frenet_planner_ported/src/frenet_ros_obst.cpp:167:6:[m[K [01;35m[Kwarning: [m[Kunused variable ‘[01m[Kiteration_count[m[K’ [[01;35m[K-Wunused-variable[m[K]
[9.994s]   167 |  int [01;35m[Kiteration_count[m[K = 1;
[9.995s]       |      [01;35m[K^~~~~~~~~~~~~~~[m[K
[19.381s] make[2]: *** [CMakeFiles/frenet_ros_obst.dir/build.make:63: CMakeFiles/frenet_ros_obst.dir/src/frenet_ros_obst.cpp.o] Error 1
[19.381s] make[1]: *** [CMakeFiles/Makefile2:78: CMakeFiles/frenet_ros_obst.dir/all] Error 2
[19.382s] make: *** [Makefile:141: all] Error 2
[19.383s] Invoked command in '/home/aayush/newest_frenet_planner/build/frenet_planner_ported' returned '2': CMAKE_PREFIX_PATH=${CMAKE_PREFIX_PATH}:/home/aayush/newest_frenet_planner/install/dummy:/opt/ros/foxy /usr/bin/cmake --build /home/aayush/newest_frenet_planner/build/frenet_planner_ported -- -j2 -l2
