[0.934s] Invoking command in '/home/aayush/newest_frenet_planner/src/dummy': PYTHONPATH=/home/aayush/newest_frenet_planner/install/dummy/lib/python3.8/site-packages:${PYTHONPATH} /usr/bin/python3 setup.py egg_info --egg-base ../../build/dummy build --build-base /home/aayush/newest_frenet_planner/build/dummy/build install --prefix /home/aayush/newest_frenet_planner/install/dummy --record /home/aayush/newest_frenet_planner/build/dummy/install.log --single-version-externally-managed
[1.774s] running egg_info
[1.775s] writing ../../build/dummy/dummy.egg-info/PKG-INFO
[1.776s] writing dependency_links to ../../build/dummy/dummy.egg-info/dependency_links.txt
[1.777s] writing entry points to ../../build/dummy/dummy.egg-info/entry_points.txt
[1.778s] writing requirements to ../../build/dummy/dummy.egg-info/requires.txt
[1.779s] writing top-level names to ../../build/dummy/dummy.egg-info/top_level.txt
[1.917s] reading manifest file '../../build/dummy/dummy.egg-info/SOURCES.txt'
[1.923s] writing manifest file '../../build/dummy/dummy.egg-info/SOURCES.txt'
[1.924s] running build
[1.924s] running build_py
[1.925s] running install
[1.927s] running install_lib
[1.934s] running install_data
[1.935s] running install_egg_info
[1.949s] removing '/home/aayush/newest_frenet_planner/install/dummy/lib/python3.8/site-packages/dummy-0.0.0-py3.8.egg-info' (and everything under it)
[1.950s] Copying ../../build/dummy/dummy.egg-info to /home/aayush/newest_frenet_planner/install/dummy/lib/python3.8/site-packages/dummy-0.0.0-py3.8.egg-info
[1.953s] running install_scripts
[2.101s] Installing dum_pub script to /home/aayush/newest_frenet_planner/install/dummy/lib/dummy
[2.102s] writing list of installed files to '/home/aayush/newest_frenet_planner/build/dummy/install.log'
[2.163s] Invoked command in '/home/aayush/newest_frenet_planner/src/dummy' returned '0': PYTHONPATH=/home/aayush/newest_frenet_planner/install/dummy/lib/python3.8/site-packages:${PYTHONPATH} /usr/bin/python3 setup.py egg_info --egg-base ../../build/dummy build --build-base /home/aayush/newest_frenet_planner/build/dummy/build install --prefix /home/aayush/newest_frenet_planner/install/dummy --record /home/aayush/newest_frenet_planner/build/dummy/install.log --single-version-externally-managed
