[0.931s] Invoking command in '/home/aayush/newest_frenet_planner/src/dummy': PYTHONPATH=/home/aayush/newest_frenet_planner/install/dummy/lib/python3.8/site-packages:${PYTHONPATH} /usr/bin/python3 setup.py egg_info --egg-base ../../build/dummy build --build-base /home/aayush/newest_frenet_planner/build/dummy/build install --prefix /home/aayush/newest_frenet_planner/install/dummy --record /home/aayush/newest_frenet_planner/build/dummy/install.log --single-version-externally-managed
[1.824s] running egg_info
[1.826s] writing ../../build/dummy/dummy.egg-info/PKG-INFO
[1.827s] writing dependency_links to ../../build/dummy/dummy.egg-info/dependency_links.txt
[1.828s] writing entry points to ../../build/dummy/dummy.egg-info/entry_points.txt
[1.829s] writing requirements to ../../build/dummy/dummy.egg-info/requires.txt
[1.830s] writing top-level names to ../../build/dummy/dummy.egg-info/top_level.txt
[1.986s] reading manifest file '../../build/dummy/dummy.egg-info/SOURCES.txt'
[1.989s] writing manifest file '../../build/dummy/dummy.egg-info/SOURCES.txt'
[1.990s] running build
[1.990s] running build_py
[1.991s] running install
[1.993s] running install_lib
[2.000s] running install_data
[2.001s] running install_egg_info
[2.012s] removing '/home/aayush/newest_frenet_planner/install/dummy/lib/python3.8/site-packages/dummy-0.0.0-py3.8.egg-info' (and everything under it)
[2.014s] Copying ../../build/dummy/dummy.egg-info to /home/aayush/newest_frenet_planner/install/dummy/lib/python3.8/site-packages/dummy-0.0.0-py3.8.egg-info
[2.016s] running install_scripts
[2.178s] Installing dum_pub script to /home/aayush/newest_frenet_planner/install/dummy/lib/dummy
[2.179s] writing list of installed files to '/home/aayush/newest_frenet_planner/build/dummy/install.log'
[2.236s] Invoked command in '/home/aayush/newest_frenet_planner/src/dummy' returned '0': PYTHONPATH=/home/aayush/newest_frenet_planner/install/dummy/lib/python3.8/site-packages:${PYTHONPATH} /usr/bin/python3 setup.py egg_info --egg-base ../../build/dummy build --build-base /home/aayush/newest_frenet_planner/build/dummy/build install --prefix /home/aayush/newest_frenet_planner/install/dummy --record /home/aayush/newest_frenet_planner/build/dummy/install.log --single-version-externally-managed
