[0.919s] Invoking command in '/home/aayush/newest_frenet_planner/src/dummy': PYTHONPATH=/home/aayush/newest_frenet_planner/install/dummy/lib/python3.8/site-packages:${PYTHONPATH} /usr/bin/python3 setup.py egg_info --egg-base ../../build/dummy build --build-base /home/aayush/newest_frenet_planner/build/dummy/build install --prefix /home/aayush/newest_frenet_planner/install/dummy --record /home/aayush/newest_frenet_planner/build/dummy/install.log --single-version-externally-managed
[1.986s] running egg_info
[1.994s] writing ../../build/dummy/dummy.egg-info/PKG-INFO
[2.002s] writing dependency_links to ../../build/dummy/dummy.egg-info/dependency_links.txt
[2.003s] writing entry points to ../../build/dummy/dummy.egg-info/entry_points.txt
[2.003s] writing requirements to ../../build/dummy/dummy.egg-info/requires.txt
[2.003s] writing top-level names to ../../build/dummy/dummy.egg-info/top_level.txt
[2.286s] reading manifest file '../../build/dummy/dummy.egg-info/SOURCES.txt'
[2.291s] writing manifest file '../../build/dummy/dummy.egg-info/SOURCES.txt'
[2.291s] running build
[2.291s] running build_py
[2.293s] running install
[2.296s] running install_lib
[2.304s] running install_data
[2.305s] running install_egg_info
[2.317s] removing '/home/aayush/newest_frenet_planner/install/dummy/lib/python3.8/site-packages/dummy-0.0.0-py3.8.egg-info' (and everything under it)
[2.318s] Copying ../../build/dummy/dummy.egg-info to /home/aayush/newest_frenet_planner/install/dummy/lib/python3.8/site-packages/dummy-0.0.0-py3.8.egg-info
[2.321s] running install_scripts
[2.733s] Installing dum_pub script to /home/aayush/newest_frenet_planner/install/dummy/lib/dummy
[2.733s] writing list of installed files to '/home/aayush/newest_frenet_planner/build/dummy/install.log'
[2.826s] Invoked command in '/home/aayush/newest_frenet_planner/src/dummy' returned '0': PYTHONPATH=/home/aayush/newest_frenet_planner/install/dummy/lib/python3.8/site-packages:${PYTHONPATH} /usr/bin/python3 setup.py egg_info --egg-base ../../build/dummy build --build-base /home/aayush/newest_frenet_planner/build/dummy/build install --prefix /home/aayush/newest_frenet_planner/install/dummy --record /home/aayush/newest_frenet_planner/build/dummy/install.log --single-version-externally-managed
