-- The C compiler identification is GNU 9.3.0
-- The CXX compiler identification is GNU 9.3.0
-- Check for working C compiler: /usr/bin/cc
-- Check for working C compiler: /usr/bin/cc -- works
-- Detecting C compiler ABI info
-- Detecting C compiler ABI info - done
-- Detecting C compile features
-- Detecting C compile features - done
-- Check for working CXX compiler: /usr/bin/c++
-- Check for working CXX compiler: /usr/bin/c++ -- works
-- Detecting CXX compiler ABI info
-- Detecting CXX compiler ABI info - done
-- Detecting CXX compile features
-- Detecting CXX compile features - done
-- Found OpenMP_C: -fopenmp (found version "4.5") 
-- Found OpenMP_CXX: -fopenmp (found version "4.5") 
-- Found OpenMP: TRUE (found version "4.5")  
-- Found ament_cmake: 0.9.8 (/opt/ros/foxy/share/ament_cmake/cmake)
-- Found PythonInterp: /usr/bin/python3 (found suitable version "3.8.10", minimum required is "3") 
-- Using PYTHON_EXECUTABLE: /usr/bin/python3
-- Found geometry_msgs: 2.0.4 (/opt/ros/foxy/share/geometry_msgs/cmake)
-- Using all available rosidl_typesupport_c: rosidl_typesupport_fastrtps_c;rosidl_typesupport_introspection_c
-- Found rosidl_adapter: 1.2.1 (/opt/ros/foxy/share/rosidl_adapter/cmake)
-- Found OpenSSL: /usr/lib/x86_64-linux-gnu/libcrypto.so (found version "1.1.1f")  
-- Found FastRTPS: /opt/ros/foxy/include  
-- Using all available rosidl_typesupport_cpp: rosidl_typesupport_fastrtps_cpp;rosidl_typesupport_introspection_cpp
-- Found nav_msgs: 2.0.4 (/opt/ros/foxy/share/nav_msgs/cmake)
-- Found rclcpp: 2.3.1 (/opt/ros/foxy/share/rclcpp/cmake)
-- Found rmw_implementation_cmake: 1.0.3 (/opt/ros/foxy/share/rmw_implementation_cmake/cmake)
-- Using RMW implementation 'rmw_fastrtps_cpp' as default
-- Looking for pthread.h
-- Looking for pthread.h - found
-- Performing Test CMAKE_HAVE_LIBC_PTHREAD
-- Performing Test CMAKE_HAVE_LIBC_PTHREAD - Success
-- Found Threads: TRUE  
-- Found rclpy: 1.0.5 (/opt/ros/foxy/share/rclpy/cmake)
-- /opt/ros/foxy/share/fastrtps_cmake_module/cmake/Modules;/home/aayush/newest_frenet_planner/src/frenet_planner/cmake_modules
-- Found Boost: /usr/lib/x86_64-linux-gnu/cmake/Boost-1.71.0/BoostConfig.cmake (found version "1.71.0") found components: system thread graph 
-- Found ament_lint_auto: 0.9.6 (/opt/ros/foxy/share/ament_lint_auto/cmake)
-- Found PythonLibs: /usr/lib/x86_64-linux-gnu/libpython3.8.so (found suitable version "3.8.10", minimum required is "2.7") 
-- dir='/home/aayush/newest_frenet_planner/src/frenet_planner/$'
-- dir='/home/aayush/newest_frenet_planner/src/frenet_planner/{rclcpp_INCLUDE_DIRS}'
-- dir='/home/aayush/newest_frenet_planner/src/frenet_planner/$'
-- dir='/home/aayush/newest_frenet_planner/src/frenet_planner/{geometry_msgs_INCLUDE_DIRS}'
-- dir='/home/aayush/newest_frenet_planner/src/frenet_planner/$'
-- dir='/home/aayush/newest_frenet_planner/src/frenet_planner/{nav_msgs_INCLUDE_DIRS}'
-- dir='/home/aayush/newest_frenet_planner/src/frenet_planner/$'
-- dir='/home/aayush/newest_frenet_planner/src/frenet_planner/{rclcpp_INCLUDE_DIRS}'
-- dir='/home/aayush/newest_frenet_planner/src/frenet_planner/$'
-- dir='/home/aayush/newest_frenet_planner/src/frenet_planner/{rclpy_INCLUDE_DIRS}'
-- dir='/home/aayush/newest_frenet_planner/src/frenet_planner/$'
-- dir='/home/aayush/newest_frenet_planner/src/frenet_planner/{std_msgs_INCLUDE_DIRS}'
-- dir='/home/aayush/newest_frenet_planner/src/frenet_planner/$'
-- dir='/home/aayush/newest_frenet_planner/src/frenet_planner/{costmap_2d_INCLUDE_DIRS}'
-- dir='/home/aayush/newest_frenet_planner/src/frenet_planner/$'
-- dir='/home/aayush/newest_frenet_planner/src/frenet_planner/{base_local_planner_INCLUDE_DIRS}'
-- dir='/home/aayush/newest_frenet_planner/src/frenet_planner/$'
-- dir='/home/aayush/newest_frenet_planner/src/frenet_planner/{costmap_converter_INCLUDE_DIRS}'
-- dir='/home/aayush/newest_frenet_planner/src/frenet_planner/./include'
-- dir='/home/aayush/newest_frenet_planner/src/frenet_planner/./launch'
-- dir='/home/aayush/newest_frenet_planner/src/frenet_planner/./config'
-- Added test 'copyright' to check source files copyright and LICENSE
-- Added test 'cppcheck' to perform static code analysis on C / C++ code
-- Configured cppcheck include dirs: /home/aayush/newest_frenet_planner/src/frenet_planner/$;/home/aayush/newest_frenet_planner/src/frenet_planner/{rclcpp_INCLUDE_DIRS};/home/aayush/newest_frenet_planner/src/frenet_planner/{geometry_msgs_INCLUDE_DIRS};/home/aayush/newest_frenet_planner/src/frenet_planner/{nav_msgs_INCLUDE_DIRS};/home/aayush/newest_frenet_planner/src/frenet_planner/{rclpy_INCLUDE_DIRS};/home/aayush/newest_frenet_planner/src/frenet_planner/{std_msgs_INCLUDE_DIRS};/home/aayush/newest_frenet_planner/src/frenet_planner/{costmap_2d_INCLUDE_DIRS};/home/aayush/newest_frenet_planner/src/frenet_planner/{base_local_planner_INCLUDE_DIRS};/home/aayush/newest_frenet_planner/src/frenet_planner/{costmap_converter_INCLUDE_DIRS};/home/aayush/newest_frenet_planner/src/frenet_planner/./include;/home/aayush/newest_frenet_planner/src/frenet_planner/./launch;/home/aayush/newest_frenet_planner/src/frenet_planner/./config
-- Configured cppcheck exclude dirs and/or files: 
-- Added test 'cpplint' to check C / C++ code against the Google style
-- Configured cpplint exclude dirs and/or files: 
-- Added test 'flake8' to check Python code syntax and style conventions
-- Added test 'lint_cmake' to check CMake code style
-- Added test 'pep257' to check Python code against some of the style conventions in PEP 257
-- Added test 'uncrustify' to check C / C++ code style
-- Configured uncrustify additional arguments: 
-- Added test 'xmllint' to check XML markup files
-- Configuring done
-- Generating done
-- Build files have been written to: /home/aayush/newest_frenet_planner/build/frenet_planner
[35m[1mScanning dependencies of target frenet_ros_obst[0m
[ 20%] [32mBuilding CXX object CMakeFiles/frenet_ros_obst.dir/src/frenet_planner.cpp.o[0m
[ 40%] [32mBuilding CXX object CMakeFiles/frenet_ros_obst.dir/src/frenet_ros_obst.cpp.o[0m
[ 60%] [32mBuilding CXX object CMakeFiles/frenet_ros_obst.dir/src/cubic_spline_planner.cpp.o[0m
[ 80%] [32mBuilding CXX object CMakeFiles/frenet_ros_obst.dir/src/polynomials.cpp.o[0m
[100%] [32m[1mLinking CXX executable frenet_ros_obst[0m
[100%] Built target frenet_ros_obst
-- Install configuration: ""
-- Installing: /home/aayush/newest_frenet_planner/install/frenet_planner/lib/frenet_planner/frenet_ros_obst
-- Set runtime path of "/home/aayush/newest_frenet_planner/install/frenet_planner/lib/frenet_planner/frenet_ros_obst" to ""
-- Installing: /home/aayush/newest_frenet_planner/install/frenet_planner/share/frenet_planner/launch
-- Installing: /home/aayush/newest_frenet_planner/install/frenet_planner/share/frenet_planner/launch/frenet_planner_launch.py
-- Installing: /home/aayush/newest_frenet_planner/install/frenet_planner/share/frenet_planner/config
-- Installing: /home/aayush/newest_frenet_planner/install/frenet_planner/share/frenet_planner/config/frenet_planner.yaml
-- Installing: /home/aayush/newest_frenet_planner/install/frenet_planner/share/ament_index/resource_index/package_run_dependencies/frenet_planner
-- Installing: /home/aayush/newest_frenet_planner/install/frenet_planner/share/ament_index/resource_index/parent_prefix_path/frenet_planner
-- Installing: /home/aayush/newest_frenet_planner/install/frenet_planner/share/frenet_planner/environment/ament_prefix_path.sh
-- Installing: /home/aayush/newest_frenet_planner/install/frenet_planner/share/frenet_planner/environment/ament_prefix_path.dsv
-- Installing: /home/aayush/newest_frenet_planner/install/frenet_planner/share/frenet_planner/environment/path.sh
-- Installing: /home/aayush/newest_frenet_planner/install/frenet_planner/share/frenet_planner/environment/path.dsv
-- Installing: /home/aayush/newest_frenet_planner/install/frenet_planner/share/frenet_planner/local_setup.bash
-- Installing: /home/aayush/newest_frenet_planner/install/frenet_planner/share/frenet_planner/local_setup.sh
-- Installing: /home/aayush/newest_frenet_planner/install/frenet_planner/share/frenet_planner/local_setup.zsh
-- Installing: /home/aayush/newest_frenet_planner/install/frenet_planner/share/frenet_planner/local_setup.dsv
-- Installing: /home/aayush/newest_frenet_planner/install/frenet_planner/share/frenet_planner/package.dsv
-- Installing: /home/aayush/newest_frenet_planner/install/frenet_planner/share/ament_index/resource_index/packages/frenet_planner
-- Installing: /home/aayush/newest_frenet_planner/install/frenet_planner/share/frenet_planner/cmake/frenet_plannerConfig.cmake
-- Installing: /home/aayush/newest_frenet_planner/install/frenet_planner/share/frenet_planner/cmake/frenet_plannerConfig-version.cmake
-- Installing: /home/aayush/newest_frenet_planner/install/frenet_planner/share/frenet_planner/package.xml
