[0.067s] Invoking command in '/home/aayush/newest_frenet_planner/build/frenet_planner': CMAKE_PREFIX_PATH=${CMAKE_PREFIX_PATH}:/home/aayush/new_new_frenet_planner/install/dummy:/opt/ros/foxy /usr/bin/cmake /home/aayush/newest_frenet_planner/src/frenet_planner -DCMAKE_INSTALL_PREFIX=/home/aayush/newest_frenet_planner/install/frenet_planner
[1.405s] -- The C compiler identification is GNU 9.3.0
[1.609s] -- The CXX compiler identification is GNU 9.3.0
[1.654s] -- Check for working C compiler: /usr/bin/cc
[1.880s] -- Check for working C compiler: /usr/bin/cc -- works
[1.884s] -- Detecting C compiler ABI info
[2.091s] -- Detecting C compiler ABI info - done
[2.154s] -- Detecting C compile features
[2.156s] -- Detecting C compile features - done
[2.168s] -- Check for working CXX compiler: /usr/bin/c++
[2.427s] -- Check for working CXX compiler: /usr/bin/c++ -- works
[2.431s] -- Detecting CXX compiler ABI info
[2.686s] -- Detecting CXX compiler ABI info - done
[2.750s] -- Detecting CXX compile features
[2.752s] -- Detecting CXX compile features - done
[3.903s] -- Found OpenMP_C: -fopenmp (found version "4.5") 
[4.224s] -- Found OpenMP_CXX: -fopenmp (found version "4.5") 
[4.226s] -- Found OpenMP: TRUE (found version "4.5")  
[4.226s] OPENMP FOUND
[4.282s] -- Found ament_cmake: 0.9.8 (/opt/ros/foxy/share/ament_cmake/cmake)
[4.391s] -- Found PythonInterp: /usr/bin/python3 (found suitable version "3.8.10", minimum required is "3") 
[4.392s] -- Using PYTHON_EXECUTABLE: /usr/bin/python3
[5.126s] -- Found geometry_msgs: 2.0.4 (/opt/ros/foxy/share/geometry_msgs/cmake)
[5.241s] -- Using all available rosidl_typesupport_c: rosidl_typesupport_fastrtps_c;rosidl_typesupport_introspection_c
[5.270s] -- Found rosidl_adapter: 1.2.1 (/opt/ros/foxy/share/rosidl_adapter/cmake)
[5.750s] -- Found OpenSSL: /usr/lib/x86_64-linux-gnu/libcrypto.so (found version "1.1.1f")  
[5.832s] -- Found FastRTPS: /opt/ros/foxy/include  
[6.173s] -- Using all available rosidl_typesupport_cpp: rosidl_typesupport_fastrtps_cpp;rosidl_typesupport_introspection_cpp
[6.723s] -- Found nav_msgs: 2.0.4 (/opt/ros/foxy/share/nav_msgs/cmake)
[7.212s] -- Found rclcpp: 2.3.1 (/opt/ros/foxy/share/rclcpp/cmake)
[7.468s] -- Found rmw_implementation_cmake: 1.0.3 (/opt/ros/foxy/share/rmw_implementation_cmake/cmake)
[7.474s] -- Using RMW implementation 'rmw_fastrtps_cpp' as default
[7.478s] -- Looking for pthread.h
[7.815s] -- Looking for pthread.h - found
[7.816s] -- Performing Test CMAKE_HAVE_LIBC_PTHREAD
[8.064s] -- Performing Test CMAKE_HAVE_LIBC_PTHREAD - Success
[8.069s] -- Found Threads: TRUE  
[8.952s] -- Found rclpy: 1.0.5 (/opt/ros/foxy/share/rclpy/cmake)
[8.986s] -- /opt/ros/foxy/share/fastrtps_cmake_module/cmake/Modules;/home/aayush/newest_frenet_planner/src/frenet_planner/cmake_modules
[9.101s] -- Found Boost: /usr/lib/x86_64-linux-gnu/cmake/Boost-1.71.0/BoostConfig.cmake (found version "1.71.0") found components: system thread graph 
[9.133s] -- Found ament_lint_auto: 0.9.6 (/opt/ros/foxy/share/ament_lint_auto/cmake)
[9.385s] -- Found PythonLibs: /usr/lib/x86_64-linux-gnu/libpython3.8.so (found suitable version "3.8.10", minimum required is "2.7") 
[9.386s] -- dir='/home/aayush/newest_frenet_planner/src/frenet_planner/$'
[9.386s] -- dir='/home/aayush/newest_frenet_planner/src/frenet_planner/{rclcpp_INCLUDE_DIRS}'
[9.386s] -- dir='/home/aayush/newest_frenet_planner/src/frenet_planner/$'
[9.386s] -- dir='/home/aayush/newest_frenet_planner/src/frenet_planner/{geometry_msgs_INCLUDE_DIRS}'
[9.387s] -- dir='/home/aayush/newest_frenet_planner/src/frenet_planner/$'
[9.387s] -- dir='/home/aayush/newest_frenet_planner/src/frenet_planner/{nav_msgs_INCLUDE_DIRS}'
[9.387s] -- dir='/home/aayush/newest_frenet_planner/src/frenet_planner/$'
[9.387s] -- dir='/home/aayush/newest_frenet_planner/src/frenet_planner/{rclcpp_INCLUDE_DIRS}'
[9.388s] -- dir='/home/aayush/newest_frenet_planner/src/frenet_planner/$'
[9.388s] -- dir='/home/aayush/newest_frenet_planner/src/frenet_planner/{rclpy_INCLUDE_DIRS}'
[9.388s] -- dir='/home/aayush/newest_frenet_planner/src/frenet_planner/$'
[9.388s] -- dir='/home/aayush/newest_frenet_planner/src/frenet_planner/{std_msgs_INCLUDE_DIRS}'
[9.389s] -- dir='/home/aayush/newest_frenet_planner/src/frenet_planner/$'
[9.389s] -- dir='/home/aayush/newest_frenet_planner/src/frenet_planner/{costmap_2d_INCLUDE_DIRS}'
[9.389s] -- dir='/home/aayush/newest_frenet_planner/src/frenet_planner/$'
[9.390s] -- dir='/home/aayush/newest_frenet_planner/src/frenet_planner/{base_local_planner_INCLUDE_DIRS}'
[9.390s] -- dir='/home/aayush/newest_frenet_planner/src/frenet_planner/$'
[9.390s] -- dir='/home/aayush/newest_frenet_planner/src/frenet_planner/{costmap_converter_INCLUDE_DIRS}'
[9.390s] -- dir='/home/aayush/newest_frenet_planner/src/frenet_planner/./include'
[9.390s] -- dir='/home/aayush/newest_frenet_planner/src/frenet_planner/./launch'
[9.391s] -- dir='/home/aayush/newest_frenet_planner/src/frenet_planner/./config'
[9.396s] -- Added test 'copyright' to check source files copyright and LICENSE
[9.401s] -- Added test 'cppcheck' to perform static code analysis on C / C++ code
[9.413s] -- Configured cppcheck include dirs: /home/aayush/newest_frenet_planner/src/frenet_planner/$;/home/aayush/newest_frenet_planner/src/frenet_planner/{rclcpp_INCLUDE_DIRS};/home/aayush/newest_frenet_planner/src/frenet_planner/{geometry_msgs_INCLUDE_DIRS};/home/aayush/newest_frenet_planner/src/frenet_planner/{nav_msgs_INCLUDE_DIRS};/home/aayush/newest_frenet_planner/src/frenet_planner/{rclpy_INCLUDE_DIRS};/home/aayush/newest_frenet_planner/src/frenet_planner/{std_msgs_INCLUDE_DIRS};/home/aayush/newest_frenet_planner/src/frenet_planner/{costmap_2d_INCLUDE_DIRS};/home/aayush/newest_frenet_planner/src/frenet_planner/{base_local_planner_INCLUDE_DIRS};/home/aayush/newest_frenet_planner/src/frenet_planner/{costmap_converter_INCLUDE_DIRS};/home/aayush/newest_frenet_planner/src/frenet_planner/./include;/home/aayush/newest_frenet_planner/src/frenet_planner/./launch;/home/aayush/newest_frenet_planner/src/frenet_planner/./config
[9.413s] -- Configured cppcheck exclude dirs and/or files: 
[9.421s] -- Added test 'cpplint' to check C / C++ code against the Google style
[9.421s] -- Configured cpplint exclude dirs and/or files: 
[9.421s] -- Added test 'flake8' to check Python code syntax and style conventions
[9.422s] -- Added test 'lint_cmake' to check CMake code style
[9.424s] -- Added test 'pep257' to check Python code against some of the style conventions in PEP 257
[9.428s] -- Added test 'uncrustify' to check C / C++ code style
[9.429s] -- Configured uncrustify additional arguments: 
[9.431s] -- Added test 'xmllint' to check XML markup files
[9.443s] -- Configuring done
[9.484s] -- Generating done
[9.492s] -- Build files have been written to: /home/aayush/newest_frenet_planner/build/frenet_planner
[9.514s] Invoked command in '/home/aayush/newest_frenet_planner/build/frenet_planner' returned '0': CMAKE_PREFIX_PATH=${CMAKE_PREFIX_PATH}:/home/aayush/new_new_frenet_planner/install/dummy:/opt/ros/foxy /usr/bin/cmake /home/aayush/newest_frenet_planner/src/frenet_planner -DCMAKE_INSTALL_PREFIX=/home/aayush/newest_frenet_planner/install/frenet_planner
[9.516s] Invoking command in '/home/aayush/newest_frenet_planner/build/frenet_planner': CMAKE_PREFIX_PATH=${CMAKE_PREFIX_PATH}:/home/aayush/new_new_frenet_planner/install/dummy:/opt/ros/foxy /usr/bin/cmake --build /home/aayush/newest_frenet_planner/build/frenet_planner -- -j2 -l2
[9.631s] [35m[1mScanning dependencies of target frenet_ros_obst[0m
[9.932s] [ 20%] [32mBuilding CXX object CMakeFiles/frenet_ros_obst.dir/src/frenet_planner.cpp.o[0m
[9.934s] [ 40%] [32mBuilding CXX object CMakeFiles/frenet_ros_obst.dir/src/frenet_ros_obst.cpp.o[0m
[18.699s] In file included from [01m[K/home/aayush/newest_frenet_planner/src/frenet_planner/src/../include/frenet_class.hpp:11[m[K,
[18.699s]                  from [01m[K/home/aayush/newest_frenet_planner/src/frenet_planner/src/frenet_ros_obst.cpp:1[m[K:
[18.700s] [01m[K/home/aayush/newest_frenet_planner/src/frenet_planner/./include/matplotlibcpp.hpp:314:36:[m[K [01;35m[Kwarning: [m[Kstatic_assert without a message only available with ‘[01m[K-std=c++17[m[K’ or ‘[01m[K-std=gnu++17[m[K’ [[01;35m[K-Wpedantic[m[K]
[18.700s]   314 | static_assert(sizeof(long long) == [01;35m[K8[m[K);
[18.700s]       |                                    [01;35m[K^[m[K
[18.700s] [01m[K/home/aayush/newest_frenet_planner/src/frenet_planner/./include/matplotlibcpp.hpp:316:45:[m[K [01;35m[Kwarning: [m[Kstatic_assert without a message only available with ‘[01m[K-std=c++17[m[K’ or ‘[01m[K-std=gnu++17[m[K’ [[01;35m[K-Wpedantic[m[K]
[18.701s]   316 | static_assert(sizeof(unsigned long long) == [01;35m[K8[m[K);
[18.701s]       |                                             [01;35m[K^[m[K
[19.615s] In file included from [01m[K/home/aayush/newest_frenet_planner/src/frenet_planner/src/frenet_planner.cpp:8[m[K:
[19.616s] [01m[K/home/aayush/newest_frenet_planner/src/frenet_planner/./include/matplotlibcpp.hpp:314:36:[m[K [01;35m[Kwarning: [m[Kstatic_assert without a message only available with ‘[01m[K-std=c++17[m[K’ or ‘[01m[K-std=gnu++17[m[K’ [[01;35m[K-Wpedantic[m[K]
[19.616s]   314 | static_assert(sizeof(long long) == [01;35m[K8[m[K);
[19.616s]       |                                    [01;35m[K^[m[K
[19.617s] [01m[K/home/aayush/newest_frenet_planner/src/frenet_planner/./include/matplotlibcpp.hpp:316:45:[m[K [01;35m[Kwarning: [m[Kstatic_assert without a message only available with ‘[01m[K-std=c++17[m[K’ or ‘[01m[K-std=gnu++17[m[K’ [[01;35m[K-Wpedantic[m[K]
[19.617s]   316 | static_assert(sizeof(unsigned long long) == [01;35m[K8[m[K);
[19.618s]       |                                             [01;35m[K^[m[K
[22.527s] In file included from [01m[K/home/aayush/newest_frenet_planner/src/frenet_planner/src/frenet_ros_obst.cpp:1[m[K:
[22.527s] [01m[K/home/aayush/newest_frenet_planner/src/frenet_planner/src/../include/frenet_class.hpp:131:81:[m[K [01;35m[Kwarning: [m[K‘[01m[Kgeometry_msgs::msg::PolygonStamped_<std::allocator<void> >::ConstPtr[m[K’ is deprecated [[01;35m[K-Wdeprecated-declarations[m[K]
[22.527s]   131 |     void footprint_callback(const geometry_msgs::msg::PolygonStamped::ConstPtr p[01;35m[K)[m[K
[22.528s]       |                                                                                 [01;35m[K^[m[K
[22.528s] In file included from [01m[K/opt/ros/foxy/include/geometry_msgs/msg/polygon_stamped.hpp:7[m[K,
[22.529s]                  from [01m[K/home/aayush/newest_frenet_planner/src/frenet_planner/src/../include/frenet_class.hpp:8[m[K,
[22.529s]                  from [01m[K/home/aayush/newest_frenet_planner/src/frenet_planner/src/frenet_ros_obst.cpp:1[m[K:
[22.529s] [01m[K/opt/ros/foxy/include/geometry_msgs/msg/detail/polygon_stamped__struct.hpp:114:5:[m[K [01;36m[Knote: [m[Kdeclared here
[22.530s]   114 |     [01;36m[KConstPtr[m[K;
[22.530s]       |     [01;36m[K^~~~~~~~[m[K
[22.530s] In file included from [01m[K/home/aayush/newest_frenet_planner/src/frenet_planner/src/frenet_ros_obst.cpp:1[m[K:
[22.531s] [01m[K/home/aayush/newest_frenet_planner/src/frenet_planner/src/../include/frenet_class.hpp:137:67:[m[K [01;35m[Kwarning: [m[K‘[01m[Knav_msgs::msg::Odometry_<std::allocator<void> >::ConstPtr[m[K’ is deprecated [[01;35m[K-Wdeprecated-declarations[m[K]
[22.531s]   137 |     void odom_callback(const nav_msgs::msg::Odometry::ConstPtr msg[01;35m[K)[m[K
[22.531s]       |                                                                   [01;35m[K^[m[K
[22.532s] In file included from [01m[K/opt/ros/foxy/include/nav_msgs/msg/odometry.hpp:7[m[K,
[22.532s]                  from [01m[K/home/aayush/newest_frenet_planner/src/frenet_planner/src/../include/frenet_class.hpp:6[m[K,
[22.533s]                  from [01m[K/home/aayush/newest_frenet_planner/src/frenet_planner/src/frenet_ros_obst.cpp:1[m[K:
[22.533s] [01m[K/opt/ros/foxy/include/nav_msgs/msg/detail/odometry__struct.hpp:145:5:[m[K [01;36m[Knote: [m[Kdeclared here
[22.534s]   145 |     [01;36m[KConstPtr[m[K;
[22.534s]       |     [01;36m[K^~~~~~~~[m[K
[22.535s] In file included from [01m[K/home/aayush/newest_frenet_planner/src/frenet_planner/src/frenet_ros_obst.cpp:1[m[K:
[22.535s] [01m[K/home/aayush/newest_frenet_planner/src/frenet_planner/src/../include/frenet_class.hpp:141:86:[m[K [01;35m[Kwarning: [m[K‘[01m[Knav_msgs::msg::OccupancyGrid_<std::allocator<void> >::ConstPtr[m[K’ is deprecated [[01;35m[K-Wdeprecated-declarations[m[K]
[22.535s]   141 |     void costmap_callback(const nav_msgs::msg::OccupancyGrid::ConstPtr occupancy_grid[01;35m[K)[m[K
[22.536s]       |                                                                                      [01;35m[K^[m[K
[22.536s] In file included from [01m[K/opt/ros/foxy/include/nav_msgs/msg/occupancy_grid.hpp:7[m[K,
[22.536s]                  from [01m[K/home/aayush/newest_frenet_planner/src/frenet_planner/src/../include/frenet_class.hpp:7[m[K,
[22.537s]                  from [01m[K/home/aayush/newest_frenet_planner/src/frenet_planner/src/frenet_ros_obst.cpp:1[m[K:
[22.537s] [01m[K/opt/ros/foxy/include/nav_msgs/msg/detail/occupancy_grid__struct.hpp:123:5:[m[K [01;36m[Knote: [m[Kdeclared here
[22.544s]   123 |     [01;36m[KConstPtr[m[K;
[22.545s]       |     [01;36m[K^~~~~~~~[m[K
[22.667s] In file included from [01m[K/home/aayush/newest_frenet_planner/src/frenet_planner/src/frenet_planner.cpp:10[m[K:
[22.667s] [01m[K/home/aayush/newest_frenet_planner/src/frenet_planner/src/../include/frenet_optimal_trajectory.hpp:[m[K In function ‘[01m[Kstd::ostream& operator<<(std::ostream&, const FrenetPath&)[m[K’:
[22.668s] [01m[K/home/aayush/newest_frenet_planner/src/frenet_planner/src/../include/frenet_optimal_trajectory.hpp:79:20:[m[K [01;35m[Kwarning: [m[Kstatement has no effect [[01;35m[K-Wunused-value[m[K]
[22.668s]    79 | #define trace(...) [01;35m[K42[m[K
[22.668s]       |                    [01;35m[K^~[m[K
[22.669s] [01m[K/home/aayush/newest_frenet_planner/src/frenet_planner/src/../include/frenet_optimal_trajectory.hpp:79:20:[m[K [01;36m[Knote: [m[Kin definition of macro ‘[01m[Ktrace[m[K’
[22.669s]    79 | #define trace(...) [01;36m[K42[m[K
[22.669s]       |                    [01;36m[K^~[m[K
[22.669s] [01m[K/home/aayush/newest_frenet_planner/src/frenet_planner/src/../include/frenet_optimal_trajectory.hpp:79:20:[m[K [01;35m[Kwarning: [m[Kstatement has no effect [[01;35m[K-Wunused-value[m[K]
[22.670s]    79 | #define trace(...) [01;35m[K42[m[K
[22.670s]       |                    [01;35m[K^~[m[K
[22.670s] [01m[K/home/aayush/newest_frenet_planner/src/frenet_planner/src/../include/frenet_optimal_trajectory.hpp:79:20:[m[K [01;36m[Knote: [m[Kin definition of macro ‘[01m[Ktrace[m[K’
[22.670s]    79 | #define trace(...) [01;36m[K42[m[K
[22.671s]       |                    [01;36m[K^~[m[K
[22.671s] [01m[K/home/aayush/newest_frenet_planner/src/frenet_planner/src/../include/frenet_optimal_trajectory.hpp:79:20:[m[K [01;35m[Kwarning: [m[Kstatement has no effect [[01;35m[K-Wunused-value[m[K]
[22.671s]    79 | #define trace(...) [01;35m[K42[m[K
[22.672s]       |                    [01;35m[K^~[m[K
[22.672s] [01m[K/home/aayush/newest_frenet_planner/src/frenet_planner/src/../include/frenet_optimal_trajectory.hpp:79:20:[m[K [01;36m[Knote: [m[Kin definition of macro ‘[01m[Ktrace[m[K’
[22.672s]    79 | #define trace(...) [01;36m[K42[m[K
[22.672s]       |                    [01;36m[K^~[m[K
[22.673s] [01m[K/home/aayush/newest_frenet_planner/src/frenet_planner/src/../include/frenet_optimal_trajectory.hpp:79:20:[m[K [01;35m[Kwarning: [m[Kstatement has no effect [[01;35m[K-Wunused-value[m[K]
[22.673s]    79 | #define trace(...) [01;35m[K42[m[K
[22.673s]       |                    [01;35m[K^~[m[K
[22.673s] [01m[K/home/aayush/newest_frenet_planner/src/frenet_planner/src/../include/frenet_optimal_trajectory.hpp:79:20:[m[K [01;36m[Knote: [m[Kin definition of macro ‘[01m[Ktrace[m[K’
[22.674s]    79 | #define trace(...) [01;36m[K42[m[K
[22.674s]       |                    [01;36m[K^~[m[K
[22.674s] [01m[K/home/aayush/newest_frenet_planner/src/frenet_planner/src/../include/frenet_optimal_trajectory.hpp:79:20:[m[K [01;35m[Kwarning: [m[Kstatement has no effect [[01;35m[K-Wunused-value[m[K]
[22.675s]    79 | #define trace(...) [01;35m[K42[m[K
[22.675s]       |                    [01;35m[K^~[m[K
[22.675s] [01m[K/home/aayush/newest_frenet_planner/src/frenet_planner/src/../include/frenet_optimal_trajectory.hpp:79:20:[m[K [01;36m[Knote: [m[Kin definition of macro ‘[01m[Ktrace[m[K’
[22.675s]    79 | #define trace(...) [01;36m[K42[m[K
[22.680s]       |                    [01;36m[K^~[m[K
[22.680s] [01m[K/home/aayush/newest_frenet_planner/src/frenet_planner/src/../include/frenet_optimal_trajectory.hpp:79:20:[m[K [01;35m[Kwarning: [m[Kstatement has no effect [[01;35m[K-Wunused-value[m[K]
[22.680s]    79 | #define trace(...) [01;35m[K42[m[K
[22.681s]       |                    [01;35m[K^~[m[K
[22.681s] [01m[K/home/aayush/newest_frenet_planner/src/frenet_planner/src/../include/frenet_optimal_trajectory.hpp:79:20:[m[K [01;36m[Knote: [m[Kin definition of macro ‘[01m[Ktrace[m[K’
[22.682s]    79 | #define trace(...) [01;36m[K42[m[K
[22.682s]       |                    [01;36m[K^~[m[K
[22.682s] [01m[K/home/aayush/newest_frenet_planner/src/frenet_planner/src/../include/frenet_optimal_trajectory.hpp:79:20:[m[K [01;35m[Kwarning: [m[Kstatement has no effect [[01;35m[K-Wunused-value[m[K]
[22.683s]    79 | #define trace(...) [01;35m[K42[m[K
[22.683s]       |                    [01;35m[K^~[m[K
[22.683s] [01m[K/home/aayush/newest_frenet_planner/src/frenet_planner/src/../include/frenet_optimal_trajectory.hpp:79:20:[m[K [01;36m[Knote: [m[Kin definition of macro ‘[01m[Ktrace[m[K’
[22.684s]    79 | #define trace(...) [01;36m[K42[m[K
[22.684s]       |                    [01;36m[K^~[m[K
[22.684s] [01m[K/home/aayush/newest_frenet_planner/src/frenet_planner/src/../include/frenet_optimal_trajectory.hpp:79:20:[m[K [01;35m[Kwarning: [m[Kstatement has no effect [[01;35m[K-Wunused-value[m[K]
[22.684s]    79 | #define trace(...) [01;35m[K42[m[K
[22.685s]       |                    [01;35m[K^~[m[K
[22.685s] [01m[K/home/aayush/newest_frenet_planner/src/frenet_planner/src/../include/frenet_optimal_trajectory.hpp:79:20:[m[K [01;36m[Knote: [m[Kin definition of macro ‘[01m[Ktrace[m[K’
[22.685s]    79 | #define trace(...) [01;36m[K42[m[K
[22.685s]       |                    [01;36m[K^~[m[K
[22.685s] [01m[K/home/aayush/newest_frenet_planner/src/frenet_planner/src/../include/frenet_optimal_trajectory.hpp:79:20:[m[K [01;35m[Kwarning: [m[Kstatement has no effect [[01;35m[K-Wunused-value[m[K]
[22.686s]    79 | #define trace(...) [01;35m[K42[m[K
[22.686s]       |                    [01;35m[K^~[m[K
[22.686s] [01m[K/home/aayush/newest_frenet_planner/src/frenet_planner/src/../include/frenet_optimal_trajectory.hpp:79:20:[m[K [01;36m[Knote: [m[Kin definition of macro ‘[01m[Ktrace[m[K’
[22.686s]    79 | #define trace(...) [01;36m[K42[m[K
[22.686s]       |                    [01;36m[K^~[m[K
[22.687s] [01m[K/home/aayush/newest_frenet_planner/src/frenet_planner/src/../include/frenet_optimal_trajectory.hpp:79:20:[m[K [01;35m[Kwarning: [m[Kstatement has no effect [[01;35m[K-Wunused-value[m[K]
[22.687s]    79 | #define trace(...) [01;35m[K42[m[K
[22.687s]       |                    [01;35m[K^~[m[K
[22.687s] [01m[K/home/aayush/newest_frenet_planner/src/frenet_planner/src/../include/frenet_optimal_trajectory.hpp:79:20:[m[K [01;36m[Knote: [m[Kin definition of macro ‘[01m[Ktrace[m[K’
[22.687s]    79 | #define trace(...) [01;36m[K42[m[K
[22.696s]       |                    [01;36m[K^~[m[K
[22.696s] [01m[K/home/aayush/newest_frenet_planner/src/frenet_planner/src/../include/frenet_optimal_trajectory.hpp:79:20:[m[K [01;35m[Kwarning: [m[Kstatement has no effect [[01;35m[K-Wunused-value[m[K]
[22.696s]    79 | #define trace(...) [01;35m[K42[m[K
[22.697s]       |                    [01;35m[K^~[m[K
[22.697s] [01m[K/home/aayush/newest_frenet_planner/src/frenet_planner/src/../include/frenet_optimal_trajectory.hpp:79:20:[m[K [01;36m[Knote: [m[Kin definition of macro ‘[01m[Ktrace[m[K’
[22.697s]    79 | #define trace(...) [01;36m[K42[m[K
[22.697s]       |                    [01;36m[K^~[m[K
[22.697s] [01m[K/home/aayush/newest_frenet_planner/src/frenet_planner/src/../include/frenet_optimal_trajectory.hpp:79:20:[m[K [01;35m[Kwarning: [m[Kstatement has no effect [[01;35m[K-Wunused-value[m[K]
[22.698s]    79 | #define trace(...) [01;35m[K42[m[K
[22.698s]       |                    [01;35m[K^~[m[K
[22.698s] [01m[K/home/aayush/newest_frenet_planner/src/frenet_planner/src/../include/frenet_optimal_trajectory.hpp:79:20:[m[K [01;36m[Knote: [m[Kin definition of macro ‘[01m[Ktrace[m[K’
[22.698s]    79 | #define trace(...) [01;36m[K42[m[K
[22.698s]       |                    [01;36m[K^~[m[K
[22.699s] [01m[K/home/aayush/newest_frenet_planner/src/frenet_planner/src/../include/frenet_optimal_trajectory.hpp:79:20:[m[K [01;35m[Kwarning: [m[Kstatement has no effect [[01;35m[K-Wunused-value[m[K]
[22.699s]    79 | #define trace(...) [01;35m[K42[m[K
[22.699s]       |                    [01;35m[K^~[m[K
[22.699s] [01m[K/home/aayush/newest_frenet_planner/src/frenet_planner/src/../include/frenet_optimal_trajectory.hpp:79:20:[m[K [01;36m[Knote: [m[Kin definition of macro ‘[01m[Ktrace[m[K’
[22.700s]    79 | #define trace(...) [01;36m[K42[m[K
[22.700s]       |                    [01;36m[K^~[m[K
[22.706s] [01m[K/home/aayush/newest_frenet_planner/src/frenet_planner/src/../include/frenet_optimal_trajectory.hpp:80:59:[m[K [01;35m[Kwarning: [m[Kunused parameter ‘[01m[Kfp[m[K’ [[01;35m[K-Wunused-parameter[m[K]
[22.706s]    80 | inline ostream& operator<<(ostream& os, [01;35m[Kconst FrenetPath& fp[m[K)
[22.706s]       |                                         [01;35m[K~~~~~~~~~~~~~~~~~~^~[m[K
[22.706s] [01m[K/home/aayush/newest_frenet_planner/src/frenet_planner/src/frenet_planner.cpp:[m[K In member function ‘[01m[Kvoid FrenetPath::calc_lon_paths_quintic_poly(double, double, double, double, double)[m[K’:
[22.706s] [01m[K/home/aayush/newest_frenet_planner/src/frenet_planner/src/frenet_planner.cpp:68:91:[m[K [01;35m[Kwarning: [m[Kunused parameter ‘[01m[Kts[m[K’ [[01;35m[K-Wunused-parameter[m[K]
[22.707s]    68 | void FrenetPath::calc_lon_paths_quintic_poly(double c_speed, double s0, double Ti, [01;35m[Kdouble ts[m[K,
[22.707s]       |                                                                                    [01;35m[K~~~~~~~^~[m[K
[22.707s] [01m[K/home/aayush/newest_frenet_planner/src/frenet_planner/src/frenet_planner.cpp:[m[K In member function ‘[01m[Kvoid FrenetPath::adding_global_path(Spline2D)[m[K’:
[22.707s] [01m[K/home/aayush/newest_frenet_planner/src/frenet_planner/src/frenet_planner.cpp:197:9:[m[K [01;35m[Kwarning: [m[Kunused variable ‘[01m[KstartTime1[m[K’ [[01;35m[K-Wunused-variable[m[K]
[22.708s]   197 |  double [01;35m[KstartTime1[m[K = omp_get_wtime();
[22.708s]       |         [01;35m[K^~~~~~~~~~[m[K
[22.708s] [01m[K/home/aayush/newest_frenet_planner/src/frenet_planner/src/frenet_planner.cpp:248:9:[m[K [01;35m[Kwarning: [m[Kunused variable ‘[01m[KendTime1[m[K’ [[01;35m[K-Wunused-variable[m[K]
[22.708s]   248 |  double [01;35m[KendTime1[m[K = omp_get_wtime();
[22.708s]       |         [01;35m[K^~~~~~~~[m[K
[22.719s] In file included from [01m[K/home/aayush/newest_frenet_planner/src/frenet_planner/src/frenet_planner.cpp:10[m[K:
[22.719s] [01m[K/home/aayush/newest_frenet_planner/src/frenet_planner/src/frenet_planner.cpp:[m[K In function ‘[01m[KFrenetPath frenet_optimal_planning(Spline2D, double, double, double, double, double, FrenetPath, double)[m[K’:
[22.719s] [01m[K/home/aayush/newest_frenet_planner/src/frenet_planner/src/../include/frenet_optimal_trajectory.hpp:79:20:[m[K [01;35m[Kwarning: [m[Kstatement has no effect [[01;35m[K-Wunused-value[m[K]
[22.720s]    79 | #define trace(...) [01;35m[K42[m[K
[22.720s]       |                    [01;35m[K^~[m[K
[22.720s] [01m[K/home/aayush/newest_frenet_planner/src/frenet_planner/src/../include/frenet_optimal_trajectory.hpp:79:20:[m[K [01;36m[Knote: [m[Kin definition of macro ‘[01m[Ktrace[m[K’
[22.720s]    79 | #define trace(...) [01;36m[K42[m[K
[22.721s]       |                    [01;36m[K^~[m[K
[22.721s] [01m[K/home/aayush/newest_frenet_planner/src/frenet_planner/src/../include/frenet_optimal_trajectory.hpp:79:20:[m[K [01;35m[Kwarning: [m[Kstatement has no effect [[01;35m[K-Wunused-value[m[K]
[22.721s]    79 | #define trace(...) [01;35m[K42[m[K
[22.722s]       |                    [01;35m[K^~[m[K
[22.722s] [01m[K/home/aayush/newest_frenet_planner/src/frenet_planner/src/../include/frenet_optimal_trajectory.hpp:79:20:[m[K [01;36m[Knote: [m[Kin definition of macro ‘[01m[Ktrace[m[K’
[22.723s]    79 | #define trace(...) [01;36m[K42[m[K
[22.723s]       |                    [01;36m[K^~[m[K
[22.723s] [01m[K/home/aayush/newest_frenet_planner/src/frenet_planner/src/../include/frenet_optimal_trajectory.hpp:79:20:[m[K [01;35m[Kwarning: [m[Kstatement has no effect [[01;35m[K-Wunused-value[m[K]
[22.724s]    79 | #define trace(...) [01;35m[K42[m[K
[22.724s]       |                    [01;35m[K^~[m[K
[22.724s] [01m[K/home/aayush/newest_frenet_planner/src/frenet_planner/src/../include/frenet_optimal_trajectory.hpp:79:20:[m[K [01;36m[Knote: [m[Kin definition of macro ‘[01m[Ktrace[m[K’
[22.724s]    79 | #define trace(...) [01;36m[K42[m[K
[22.725s]       |                    [01;36m[K^~[m[K
[22.725s] [01m[K/home/aayush/newest_frenet_planner/src/frenet_planner/src/../include/frenet_optimal_trajectory.hpp:79:20:[m[K [01;35m[Kwarning: [m[Kstatement has no effect [[01;35m[K-Wunused-value[m[K]
[22.725s]    79 | #define trace(...) [01;35m[K42[m[K
[22.725s]       |                    [01;35m[K^~[m[K
[22.725s] [01m[K/home/aayush/newest_frenet_planner/src/frenet_planner/src/../include/frenet_optimal_trajectory.hpp:79:20:[m[K [01;36m[Knote: [m[Kin definition of macro ‘[01m[Ktrace[m[K’
[22.726s]    79 | #define trace(...) [01;36m[K42[m[K
[22.726s]       |                    [01;36m[K^~[m[K
[22.726s] [01m[K/home/aayush/newest_frenet_planner/src/frenet_planner/src/../include/frenet_optimal_trajectory.hpp:79:20:[m[K [01;35m[Kwarning: [m[Kstatement has no effect [[01;35m[K-Wunused-value[m[K]
[22.726s]    79 | #define trace(...) [01;35m[K42[m[K
[22.726s]       |                    [01;35m[K^~[m[K
[22.727s] [01m[K/home/aayush/newest_frenet_planner/src/frenet_planner/src/../include/frenet_optimal_trajectory.hpp:79:20:[m[K [01;36m[Knote: [m[Kin definition of macro ‘[01m[Ktrace[m[K’
[22.727s]    79 | #define trace(...) [01;36m[K42[m[K
[22.727s]       |                    [01;36m[K^~[m[K
[22.727s] [01m[K/home/aayush/newest_frenet_planner/src/frenet_planner/src/frenet_planner.cpp:446:9:[m[K [01;35m[Kwarning: [m[Kunused variable ‘[01m[KstartTime1[m[K’ [[01;35m[K-Wunused-variable[m[K]
[22.727s]   446 |  double [01;35m[KstartTime1[m[K = omp_get_wtime();
[22.728s]       |         [01;35m[K^~~~~~~~~~[m[K
[22.728s] [01m[K/home/aayush/newest_frenet_planner/src/frenet_planner/src/frenet_planner.cpp:448:9:[m[K [01;35m[Kwarning: [m[Kunused variable ‘[01m[KendTime1[m[K’ [[01;35m[K-Wunused-variable[m[K]
[22.733s]   448 |  double [01;35m[KendTime1[m[K = omp_get_wtime();
[22.733s]       |         [01;35m[K^~~~~~~~[m[K
[22.733s] [01m[K/home/aayush/newest_frenet_planner/src/frenet_planner/src/frenet_planner.cpp:451:9:[m[K [01;35m[Kwarning: [m[Kunused variable ‘[01m[KstartTime2[m[K’ [[01;35m[K-Wunused-variable[m[K]
[22.733s]   451 |  double [01;35m[KstartTime2[m[K = omp_get_wtime();
[22.734s]       |         [01;35m[K^~~~~~~~~~[m[K
[22.734s] [01m[K/home/aayush/newest_frenet_planner/src/frenet_planner/src/frenet_planner.cpp:453:9:[m[K [01;35m[Kwarning: [m[Kunused variable ‘[01m[KendTime2[m[K’ [[01;35m[K-Wunused-variable[m[K]
[22.734s]   453 |  double [01;35m[KendTime2[m[K = omp_get_wtime();
[22.734s]       |         [01;35m[K^~~~~~~~[m[K
[22.735s] [01m[K/home/aayush/newest_frenet_planner/src/frenet_planner/src/frenet_planner.cpp:457:9:[m[K [01;35m[Kwarning: [m[Kunused variable ‘[01m[KstartTime3[m[K’ [[01;35m[K-Wunused-variable[m[K]
[22.735s]   457 |  double [01;35m[KstartTime3[m[K = omp_get_wtime();
[22.735s]       |         [01;35m[K^~~~~~~~~~[m[K
[22.735s] [01m[K/home/aayush/newest_frenet_planner/src/frenet_planner/src/frenet_planner.cpp:460:9:[m[K [01;35m[Kwarning: [m[Kunused variable ‘[01m[KendTime3[m[K’ [[01;35m[K-Wunused-variable[m[K]
[22.735s]   460 |  double [01;35m[KendTime3[m[K = omp_get_wtime();
[22.736s]       |         [01;35m[K^~~~~~~~[m[K
[22.741s] In file included from [01m[K/home/aayush/newest_frenet_planner/src/frenet_planner/src/frenet_ros_obst.cpp:1[m[K:
[22.742s] [01m[K/home/aayush/newest_frenet_planner/src/frenet_planner/src/../include/frenet_class.hpp:[m[K In member function ‘[01m[Kvoid FrenetClass::costmap_callback(nav_msgs::msg::OccupancyGrid_<std::allocator<void> >::ConstPtr)[m[K’:
[22.742s] [01m[K/home/aayush/newest_frenet_planner/src/frenet_planner/src/../include/frenet_class.hpp:171:22:[m[K [01;35m[Kwarning: [m[Kcomparison of integer expressions of different signedness: ‘[01m[Klong int[m[K’ and ‘[01m[Kstd::vector<std::pair<double, double> >::size_type[m[K’ {aka ‘[01m[Klong unsigned int[m[K’} [[01;35m[K-Wsign-compare[m[K]
[22.742s]   171 |   for (long i = 0; [01;35m[Ki < ob1.size()[m[K; i++)
[22.743s]       |                    [01;35m[K~~^~~~~~~~~~~~[m[K
[22.743s] [01m[K/home/aayush/newest_frenet_planner/src/frenet_planner/src/../include/frenet_class.hpp:151:13:[m[K [01;35m[Kwarning: [m[Kunused variable ‘[01m[KstartTime1[m[K’ [[01;35m[K-Wunused-variable[m[K]
[22.744s]   151 |      double [01;35m[KstartTime1[m[K = omp_get_wtime();
[22.744s]       |             [01;35m[K^~~~~~~~~~[m[K
[22.750s] In file included from [01m[K/home/aayush/newest_frenet_planner/src/frenet_planner/src/frenet_ros_obst.cpp:2[m[K:
[22.751s] [01m[K/home/aayush/newest_frenet_planner/src/frenet_planner/src/../include/frenet_optimal_trajectory.hpp:[m[K In function ‘[01m[Kstd::ostream& operator<<(std::ostream&, const FrenetPath&)[m[K’:
[22.751s] [01m[K/home/aayush/newest_frenet_planner/src/frenet_planner/src/../include/frenet_optimal_trajectory.hpp:79:20:[m[K [01;35m[Kwarning: [m[Kstatement has no effect [[01;35m[K-Wunused-value[m[K]
[22.751s]    79 | #define trace(...) [01;35m[K42[m[K
[22.752s]       |                    [01;35m[K^~[m[K
[22.752s] [01m[K/home/aayush/newest_frenet_planner/src/frenet_planner/src/../include/frenet_optimal_trajectory.hpp:79:20:[m[K [01;36m[Knote: [m[Kin definition of macro ‘[01m[Ktrace[m[K’
[22.752s]    79 | #define trace(...) [01;36m[K42[m[K
[22.753s]       |                    [01;36m[K^~[m[K
[22.753s] [01m[K/home/aayush/newest_frenet_planner/src/frenet_planner/src/../include/frenet_optimal_trajectory.hpp:79:20:[m[K [01;35m[Kwarning: [m[Kstatement has no effect [[01;35m[K-Wunused-value[m[K]
[22.753s]    79 | #define trace(...) [01;35m[K42[m[K
[22.754s]       |                    [01;35m[K^~[m[K
[22.754s] [01m[K/home/aayush/newest_frenet_planner/src/frenet_planner/src/../include/frenet_optimal_trajectory.hpp:79:20:[m[K [01;36m[Knote: [m[Kin definition of macro ‘[01m[Ktrace[m[K’
[22.754s]    79 | #define trace(...) [01;36m[K42[m[K
[22.755s]       |                    [01;36m[K^~[m[K
[22.755s] [01m[K/home/aayush/newest_frenet_planner/src/frenet_planner/src/../include/frenet_optimal_trajectory.hpp:79:20:[m[K [01;35m[Kwarning: [m[Kstatement has no effect [[01;35m[K-Wunused-value[m[K]
[22.756s]    79 | #define trace(...) [01;35m[K42[m[K
[22.756s]       |                    [01;35m[K^~[m[K
[22.756s] [01m[K/home/aayush/newest_frenet_planner/src/frenet_planner/src/../include/frenet_optimal_trajectory.hpp:79:20:[m[K [01;36m[Knote: [m[Kin definition of macro ‘[01m[Ktrace[m[K’
[22.757s]    79 | #define trace(...) [01;36m[K42[m[K
[22.757s]       |                    [01;36m[K^~[m[K
[22.757s] [01m[K/home/aayush/newest_frenet_planner/src/frenet_planner/src/../include/frenet_optimal_trajectory.hpp:79:20:[m[K [01;35m[Kwarning: [m[Kstatement has no effect [[01;35m[K-Wunused-value[m[K]
[22.758s]    79 | #define trace(...) [01;35m[K42[m[K
[22.758s]       |                    [01;35m[K^~[m[K
[22.759s] [01m[K/home/aayush/newest_frenet_planner/src/frenet_planner/src/../include/frenet_optimal_trajectory.hpp:79:20:[m[K [01;36m[Knote: [m[Kin definition of macro ‘[01m[Ktrace[m[K’
[22.759s]    79 | #define trace(...) [01;36m[K42[m[K
[22.759s]       |                    [01;36m[K^~[m[K
[22.759s] [01m[K/home/aayush/newest_frenet_planner/src/frenet_planner/src/../include/frenet_optimal_trajectory.hpp:79:20:[m[K [01;35m[Kwarning: [m[Kstatement has no effect [[01;35m[K-Wunused-value[m[K]
[22.763s]    79 | #define trace(...) [01;35m[K42[m[K
[22.769s]       |                    [01;35m[K^~[m[K
[22.769s] [01m[K/home/aayush/newest_frenet_planner/src/frenet_planner/src/../include/frenet_optimal_trajectory.hpp:79:20:[m[K [01;36m[Knote: [m[Kin definition of macro ‘[01m[Ktrace[m[K’
[22.769s]    79 | #define trace(...) [01;36m[K42[m[K
[22.770s]       |                    [01;36m[K^~[m[K
[22.770s] [01m[K/home/aayush/newest_frenet_planner/src/frenet_planner/src/../include/frenet_optimal_trajectory.hpp:79:20:[m[K [01;35m[Kwarning: [m[Kstatement has no effect [[01;35m[K-Wunused-value[m[K]
[22.770s]    79 | #define trace(...) [01;35m[K42[m[K
[22.770s]       |                    [01;35m[K^~[m[K
[22.770s] [01m[K/home/aayush/newest_frenet_planner/src/frenet_planner/src/../include/frenet_optimal_trajectory.hpp:79:20:[m[K [01;36m[Knote: [m[Kin definition of macro ‘[01m[Ktrace[m[K’
[22.771s]    79 | #define trace(...) [01;36m[K42[m[K
[22.771s]       |                    [01;36m[K^~[m[K
[22.771s] [01m[K/home/aayush/newest_frenet_planner/src/frenet_planner/src/../include/frenet_optimal_trajectory.hpp:79:20:[m[K [01;35m[Kwarning: [m[Kstatement has no effect [[01;35m[K-Wunused-value[m[K]
[22.771s]    79 | #define trace(...) [01;35m[K42[m[K
[22.771s]       |                    [01;35m[K^~[m[K
[22.772s] [01m[K/home/aayush/newest_frenet_planner/src/frenet_planner/src/../include/frenet_optimal_trajectory.hpp:79:20:[m[K [01;36m[Knote: [m[Kin definition of macro ‘[01m[Ktrace[m[K’
[22.772s]    79 | #define trace(...) [01;36m[K42[m[K
[22.772s]       |                    [01;36m[K^~[m[K
[22.772s] [01m[K/home/aayush/newest_frenet_planner/src/frenet_planner/src/../include/frenet_optimal_trajectory.hpp:79:20:[m[K [01;35m[Kwarning: [m[Kstatement has no effect [[01;35m[K-Wunused-value[m[K]
[22.772s]    79 | #define trace(...) [01;35m[K42[m[K
[22.773s]       |                    [01;35m[K^~[m[K
[22.773s] [01m[K/home/aayush/newest_frenet_planner/src/frenet_planner/src/../include/frenet_optimal_trajectory.hpp:79:20:[m[K [01;36m[Knote: [m[Kin definition of macro ‘[01m[Ktrace[m[K’
[22.773s]    79 | #define trace(...) [01;36m[K42[m[K
[22.773s]       |                    [01;36m[K^~[m[K
[22.774s] [01m[K/home/aayush/newest_frenet_planner/src/frenet_planner/src/../include/frenet_optimal_trajectory.hpp:79:20:[m[K [01;35m[Kwarning: [m[Kstatement has no effect [[01;35m[K-Wunused-value[m[K]
[22.774s]    79 | #define trace(...) [01;35m[K42[m[K
[22.774s]       |                    [01;35m[K^~[m[K
[22.774s] [01m[K/home/aayush/newest_frenet_planner/src/frenet_planner/src/../include/frenet_optimal_trajectory.hpp:79:20:[m[K [01;36m[Knote: [m[Kin definition of macro ‘[01m[Ktrace[m[K’
[22.774s]    79 | #define trace(...) [01;36m[K42[m[K
[22.775s]       |                    [01;36m[K^~[m[K
[22.775s] [01m[K/home/aayush/newest_frenet_planner/src/frenet_planner/src/../include/frenet_optimal_trajectory.hpp:79:20:[m[K [01;35m[Kwarning: [m[Kstatement has no effect [[01;35m[K-Wunused-value[m[K]
[22.775s]    79 | #define trace(...) [01;35m[K42[m[K
[22.775s]       |                    [01;35m[K^~[m[K
[22.775s] [01m[K/home/aayush/newest_frenet_planner/src/frenet_planner/src/../include/frenet_optimal_trajectory.hpp:79:20:[m[K [01;36m[Knote: [m[Kin definition of macro ‘[01m[Ktrace[m[K’
[22.776s]    79 | #define trace(...) [01;36m[K42[m[K
[22.776s]       |                    [01;36m[K^~[m[K
[22.782s] [01m[K/home/aayush/newest_frenet_planner/src/frenet_planner/src/../include/frenet_optimal_trajectory.hpp:79:20:[m[K [01;35m[Kwarning: [m[Kstatement has no effect [[01;35m[K-Wunused-value[m[K]
[22.782s]    79 | #define trace(...) [01;35m[K42[m[K
[22.782s]       |                    [01;35m[K^~[m[K
[22.783s] [01m[K/home/aayush/newest_frenet_planner/src/frenet_planner/src/../include/frenet_optimal_trajectory.hpp:79:20:[m[K [01;36m[Knote: [m[Kin definition of macro ‘[01m[Ktrace[m[K’
[22.783s]    79 | #define trace(...) [01;36m[K42[m[K
[22.783s]       |                    [01;36m[K^~[m[K
[22.783s] [01m[K/home/aayush/newest_frenet_planner/src/frenet_planner/src/../include/frenet_optimal_trajectory.hpp:79:20:[m[K [01;35m[Kwarning: [m[Kstatement has no effect [[01;35m[K-Wunused-value[m[K]
[22.783s]    79 | #define trace(...) [01;35m[K42[m[K
[22.784s]       |                    [01;35m[K^~[m[K
[22.784s] [01m[K/home/aayush/newest_frenet_planner/src/frenet_planner/src/../include/frenet_optimal_trajectory.hpp:79:20:[m[K [01;36m[Knote: [m[Kin definition of macro ‘[01m[Ktrace[m[K’
[22.784s]    79 | #define trace(...) [01;36m[K42[m[K
[22.784s]       |                    [01;36m[K^~[m[K
[22.784s] [01m[K/home/aayush/newest_frenet_planner/src/frenet_planner/src/../include/frenet_optimal_trajectory.hpp:79:20:[m[K [01;35m[Kwarning: [m[Kstatement has no effect [[01;35m[K-Wunused-value[m[K]
[22.785s]    79 | #define trace(...) [01;35m[K42[m[K
[22.785s]       |                    [01;35m[K^~[m[K
[22.785s] [01m[K/home/aayush/newest_frenet_planner/src/frenet_planner/src/../include/frenet_optimal_trajectory.hpp:79:20:[m[K [01;36m[Knote: [m[Kin definition of macro ‘[01m[Ktrace[m[K’
[22.785s]    79 | #define trace(...) [01;36m[K42[m[K
[22.785s]       |                    [01;36m[K^~[m[K
[22.786s] [01m[K/home/aayush/newest_frenet_planner/src/frenet_planner/src/../include/frenet_optimal_trajectory.hpp:80:59:[m[K [01;35m[Kwarning: [m[Kunused parameter ‘[01m[Kfp[m[K’ [[01;35m[K-Wunused-parameter[m[K]
[22.786s]    80 | inline ostream& operator<<(ostream& os, [01;35m[Kconst FrenetPath& fp[m[K)
[22.786s]       |                                         [01;35m[K~~~~~~~~~~~~~~~~~~^~[m[K
[22.786s] [01m[K/home/aayush/newest_frenet_planner/src/frenet_planner/src/frenet_ros_obst.cpp:[m[K In function ‘[01m[Kdouble get_bot_yaw()[m[K’:
[22.786s] [01m[K/home/aayush/newest_frenet_planner/src/frenet_planner/src/../include/frenet_optimal_trajectory.hpp:79:20:[m[K [01;35m[Kwarning: [m[Kstatement has no effect [[01;35m[K-Wunused-value[m[K]
[22.787s]    79 | #define trace(...) [01;35m[K42[m[K
[22.787s]       |                    [01;35m[K^~[m[K
[22.787s] [01m[K/home/aayush/newest_frenet_planner/src/frenet_planner/src/../include/frenet_optimal_trajectory.hpp:79:20:[m[K [01;36m[Knote: [m[Kin definition of macro ‘[01m[Ktrace[m[K’
[22.787s]    79 | #define trace(...) [01;36m[K42[m[K
[22.787s]       |                    [01;36m[K^~[m[K
[22.788s] [01m[K/home/aayush/newest_frenet_planner/src/frenet_planner/src/frenet_ros_obst.cpp:[m[K In function ‘[01m[Kvoid initial_conditions_path(Spline2D&, double&, double&, double&, double&, double&, double&, FrenetPath&)[m[K’:
[22.788s] [01m[K/home/aayush/newest_frenet_planner/src/frenet_planner/src/frenet_ros_obst.cpp:55:40:[m[K [01;35m[Kwarning: [m[Kunused parameter ‘[01m[Kcsp[m[K’ [[01;35m[K-Wunused-parameter[m[K]
[22.788s]    55 | void initial_conditions_path([01;35m[KSpline2D &csp[m[K, double &s0, double &c_speed, double &c_d, double &c_d_d,
[22.795s]       |                              [01;35m[K~~~~~~~~~~^~~[m[K
[22.795s] In file included from [01m[K/home/aayush/newest_frenet_planner/src/frenet_planner/src/frenet_ros_obst.cpp:2[m[K:
[22.795s] [01m[K/home/aayush/newest_frenet_planner/src/frenet_planner/src/frenet_ros_obst.cpp:[m[K In function ‘[01m[Kint initial_conditions_new(Spline2D&, vecD&, vecD&, vecD&, vecD&, vecD&, double&, double&, double&, double&, double&, double&, FrenetPath&)[m[K’:
[22.795s] [01m[K/home/aayush/newest_frenet_planner/src/frenet_planner/src/../include/frenet_optimal_trajectory.hpp:79:20:[m[K [01;35m[Kwarning: [m[Kstatement has no effect [[01;35m[K-Wunused-value[m[K]
[22.796s]    79 | #define trace(...) [01;35m[K42[m[K
[22.796s]       |                    [01;35m[K^~[m[K
[22.796s] [01m[K/home/aayush/newest_frenet_planner/src/frenet_planner/src/../include/frenet_optimal_trajectory.hpp:79:20:[m[K [01;36m[Knote: [m[Kin definition of macro ‘[01m[Ktrace[m[K’
[22.796s]    79 | #define trace(...) [01;36m[K42[m[K
[22.796s]       |                    [01;36m[K^~[m[K
[22.797s] [01m[K/home/aayush/newest_frenet_planner/src/frenet_planner/src/../include/frenet_optimal_trajectory.hpp:79:20:[m[K [01;35m[Kwarning: [m[Kstatement has no effect [[01;35m[K-Wunused-value[m[K]
[22.797s]    79 | #define trace(...) [01;35m[K42[m[K
[22.797s]       |                    [01;35m[K^~[m[K
[22.797s] [01m[K/home/aayush/newest_frenet_planner/src/frenet_planner/src/../include/frenet_optimal_trajectory.hpp:79:20:[m[K [01;36m[Knote: [m[Kin definition of macro ‘[01m[Ktrace[m[K’
[22.797s]    79 | #define trace(...) [01;36m[K42[m[K
[22.798s]       |                    [01;36m[K^~[m[K
[22.798s] [01m[K/home/aayush/newest_frenet_planner/src/frenet_planner/src/frenet_ros_obst.cpp:71:38:[m[K [01;35m[Kwarning: [m[Kunused parameter ‘[01m[Kcsp[m[K’ [[01;35m[K-Wunused-parameter[m[K]
[22.798s]    71 | int initial_conditions_new([01;35m[KSpline2D &csp[m[K, vecD &global_s, vecD &global_x, vecD &global_y,
[22.798s]       |                            [01;35m[K~~~~~~~~~~^~~[m[K
[22.818s] In file included from [01m[K/home/aayush/newest_frenet_planner/src/frenet_planner/src/frenet_ros_obst.cpp:2[m[K:
[22.819s] [01m[K/home/aayush/newest_frenet_planner/src/frenet_planner/src/frenet_ros_obst.cpp:[m[K In function ‘[01m[Kint main(int, char**)[m[K’:
[22.819s] [01m[K/home/aayush/newest_frenet_planner/src/frenet_planner/src/../include/frenet_optimal_trajectory.hpp:79:20:[m[K [01;35m[Kwarning: [m[Kstatement has no effect [[01;35m[K-Wunused-value[m[K]
[22.819s]    79 | #define trace(...) [01;35m[K42[m[K
[22.820s]       |                    [01;35m[K^~[m[K
[22.820s] [01m[K/home/aayush/newest_frenet_planner/src/frenet_planner/src/../include/frenet_optimal_trajectory.hpp:79:20:[m[K [01;36m[Knote: [m[Kin definition of macro ‘[01m[Ktrace[m[K’
[22.820s]    79 | #define trace(...) [01;36m[K42[m[K
[22.821s]       |                    [01;36m[K^~[m[K
[22.915s] [01m[K/home/aayush/newest_frenet_planner/src/frenet_planner/src/frenet_ros_obst.cpp:169:10:[m[K [01;35m[Kwarning: [m[Kunused variable ‘[01m[KmainLoop1[m[K’ [[01;35m[K-Wunused-variable[m[K]
[22.915s]   169 |   double [01;35m[KmainLoop1[m[K = omp_get_wtime();
[22.916s]       |          [01;35m[K^~~~~~~~~[m[K
[22.916s] [01m[K/home/aayush/newest_frenet_planner/src/frenet_planner/src/frenet_ros_obst.cpp:174:10:[m[K [01;35m[Kwarning: [m[Kunused variable ‘[01m[KstartTime1[m[K’ [[01;35m[K-Wunused-variable[m[K]
[22.917s]   174 |   double [01;35m[KstartTime1[m[K = omp_get_wtime();
[22.917s]       |          [01;35m[K^~~~~~~~~~[m[K
[22.917s] [01m[K/home/aayush/newest_frenet_planner/src/frenet_planner/src/frenet_ros_obst.cpp:185:10:[m[K [01;35m[Kwarning: [m[Kunused variable ‘[01m[KendTime1[m[K’ [[01;35m[K-Wunused-variable[m[K]
[22.918s]   185 |   double [01;35m[KendTime1[m[K = omp_get_wtime();
[22.918s]       |          [01;35m[K^~~~~~~~[m[K
[22.918s] [01m[K/home/aayush/newest_frenet_planner/src/frenet_planner/src/frenet_ros_obst.cpp:211:10:[m[K [01;35m[Kwarning: [m[Kunused variable ‘[01m[KstartTime2[m[K’ [[01;35m[K-Wunused-variable[m[K]
[22.919s]   211 |   double [01;35m[KstartTime2[m[K = omp_get_wtime();
[22.919s]       |          [01;35m[K^~~~~~~~~~[m[K
[22.919s] [01m[K/home/aayush/newest_frenet_planner/src/frenet_planner/src/frenet_ros_obst.cpp:213:10:[m[K [01;35m[Kwarning: [m[Kunused variable ‘[01m[KendTime2[m[K’ [[01;35m[K-Wunused-variable[m[K]
[22.920s]   213 |   double [01;35m[KendTime2[m[K = omp_get_wtime();
[22.920s]       |          [01;35m[K^~~~~~~~[m[K
[22.921s] [01m[K/home/aayush/newest_frenet_planner/src/frenet_planner/src/frenet_ros_obst.cpp:253:10:[m[K [01;35m[Kwarning: [m[Kunused variable ‘[01m[KstartTime3[m[K’ [[01;35m[K-Wunused-variable[m[K]
[22.922s]   253 |   double [01;35m[KstartTime3[m[K = omp_get_wtime();
[22.922s]       |          [01;35m[K^~~~~~~~~~[m[K
[22.923s] [01m[K/home/aayush/newest_frenet_planner/src/frenet_planner/src/frenet_ros_obst.cpp:255:10:[m[K [01;35m[Kwarning: [m[Kunused variable ‘[01m[KendTime3[m[K’ [[01;35m[K-Wunused-variable[m[K]
[22.923s]   255 |   double [01;35m[KendTime3[m[K = omp_get_wtime();
[22.924s]       |          [01;35m[K^~~~~~~~[m[K
[22.924s] [01m[K/home/aayush/newest_frenet_planner/src/frenet_planner/src/frenet_ros_obst.cpp:300:10:[m[K [01;35m[Kwarning: [m[Kunused variable ‘[01m[KmainLoop2[m[K’ [[01;35m[K-Wunused-variable[m[K]
[22.924s]   300 |   double [01;35m[KmainLoop2[m[K = omp_get_wtime();
[22.925s]       |          [01;35m[K^~~~~~~~~[m[K
[22.925s] [01m[K/home/aayush/newest_frenet_planner/src/frenet_planner/src/frenet_ros_obst.cpp:130:7:[m[K [01;35m[Kwarning: [m[Kunused variable ‘[01m[KgotOdom[m[K’ [[01;35m[K-Wunused-variable[m[K]
[22.926s]   130 |  bool [01;35m[KgotOdom[m[K = false;
[22.926s]       |       [01;35m[K^~~~~~~[m[K
[22.926s] [01m[K/home/aayush/newest_frenet_planner/src/frenet_planner/src/frenet_ros_obst.cpp:160:7:[m[K [01;35m[Kwarning: [m[Kunused variable ‘[01m[Krun_frenet[m[K’ [[01;35m[K-Wunused-variable[m[K]
[22.926s]   160 |  bool [01;35m[Krun_frenet[m[K = true;
[22.926s]       |       [01;35m[K^~~~~~~~~~[m[K
[22.929s] [01m[K/home/aayush/newest_frenet_planner/src/frenet_planner/src/frenet_ros_obst.cpp:164:9:[m[K [01;35m[Kwarning: [m[Kunused variable ‘[01m[Kpltbasetime[m[K’ [[01;35m[K-Wunused-variable[m[K]
[22.930s]   164 |  double [01;35m[Kpltbasetime[m[K = omp_get_wtime();
[22.930s]       |         [01;35m[K^~~~~~~~~~~[m[K
[22.930s] [01m[K/home/aayush/newest_frenet_planner/src/frenet_planner/src/frenet_ros_obst.cpp:166:6:[m[K [01;35m[Kwarning: [m[Kunused variable ‘[01m[Kiteration_count[m[K’ [[01;35m[K-Wunused-variable[m[K]
[22.934s]   166 |  int [01;35m[Kiteration_count[m[K = 1;
[22.934s]       |      [01;35m[K^~~~~~~~~~~~~~~[m[K
[27.939s] [ 60%] [32mBuilding CXX object CMakeFiles/frenet_ros_obst.dir/src/cubic_spline_planner.cpp.o[0m
[33.734s] [01m[K/home/aayush/newest_frenet_planner/src/frenet_planner/src/cubic_spline_planner.cpp:[m[K In member function ‘[01m[KEigen::MatrixXd& Spline::calc_A(vecD)[m[K’:
[33.734s] [01m[K/home/aayush/newest_frenet_planner/src/frenet_planner/src/cubic_spline_planner.cpp:36:7:[m[K [01;35m[Kwarning: [m[Kunused variable ‘[01m[Ki[m[K’ [[01;35m[K-Wunused-variable[m[K]
[33.735s]    36 |   int [01;35m[Ki[m[K,j;
[33.735s]       |       [01;35m[K^[m[K
[33.736s] [01m[K/home/aayush/newest_frenet_planner/src/frenet_planner/src/cubic_spline_planner.cpp:36:9:[m[K [01;35m[Kwarning: [m[Kunused variable ‘[01m[Kj[m[K’ [[01;35m[K-Wunused-variable[m[K]
[33.736s]    36 |   int i,[01;35m[Kj[m[K;
[33.737s]       |         [01;35m[K^[m[K
[33.745s] [01m[K/home/aayush/newest_frenet_planner/src/frenet_planner/src/cubic_spline_planner.cpp:[m[K In member function ‘[01m[KEigen::MatrixXd& Spline::calc_B(vecD)[m[K’:
[33.745s] [01m[K/home/aayush/newest_frenet_planner/src/frenet_planner/src/cubic_spline_planner.cpp:66:7:[m[K [01;35m[Kwarning: [m[Kunused variable ‘[01m[Ki[m[K’ [[01;35m[K-Wunused-variable[m[K]
[33.746s]    66 |   int [01;35m[Ki[m[K,j;
[33.746s]       |       [01;35m[K^[m[K
[33.747s] [01m[K/home/aayush/newest_frenet_planner/src/frenet_planner/src/cubic_spline_planner.cpp:66:9:[m[K [01;35m[Kwarning: [m[Kunused variable ‘[01m[Kj[m[K’ [[01;35m[K-Wunused-variable[m[K]
[33.747s]    66 |   int i,[01;35m[Kj[m[K;
[33.747s]       |         [01;35m[K^[m[K
[33.909s] [01m[K/home/aayush/newest_frenet_planner/src/frenet_planner/src/cubic_spline_planner.cpp:[m[K In function ‘[01m[KSpline2D& calc_spline_course(vecD, vecD, vecD&, vecD&, vecD&, vecD&, double)[m[K’:
[33.909s] [01m[K/home/aayush/newest_frenet_planner/src/frenet_planner/src/cubic_spline_planner.cpp:275:20:[m[K [01;35m[Kwarning: [m[Kcomparison of integer expressions of different signedness: ‘[01m[Kint[m[K’ and ‘[01m[Kstd::vector<double>::size_type[m[K’ {aka ‘[01m[Klong unsigned int[m[K’} [[01;35m[K-Wsign-compare[m[K]
[33.910s]   275 |   for(int i = 0; [01;35m[Ki < s.size()[m[K; i++)
[33.910s]       |                  [01;35m[K~~^~~~~~~~~~[m[K
[45.647s] [ 80%] [32mBuilding CXX object CMakeFiles/frenet_ros_obst.dir/src/polynomials.cpp.o[0m
[61.792s] [100%] [32m[1mLinking CXX executable frenet_ros_obst[0m
[65.012s] [100%] Built target frenet_ros_obst
[65.080s] Invoked command in '/home/aayush/newest_frenet_planner/build/frenet_planner' returned '0': CMAKE_PREFIX_PATH=${CMAKE_PREFIX_PATH}:/home/aayush/new_new_frenet_planner/install/dummy:/opt/ros/foxy /usr/bin/cmake --build /home/aayush/newest_frenet_planner/build/frenet_planner -- -j2 -l2
[65.226s] Invoking command in '/home/aayush/newest_frenet_planner/build/frenet_planner': CMAKE_PREFIX_PATH=${CMAKE_PREFIX_PATH}:/home/aayush/new_new_frenet_planner/install/dummy:/opt/ros/foxy /usr/bin/cmake --install /home/aayush/newest_frenet_planner/build/frenet_planner
[65.276s] -- Install configuration: ""
[65.276s] -- Installing: /home/aayush/newest_frenet_planner/install/frenet_planner/lib/frenet_planner/frenet_ros_obst
[65.289s] -- Set runtime path of "/home/aayush/newest_frenet_planner/install/frenet_planner/lib/frenet_planner/frenet_ros_obst" to ""
[65.290s] -- Installing: /home/aayush/newest_frenet_planner/install/frenet_planner/share/frenet_planner/launch
[65.290s] -- Installing: /home/aayush/newest_frenet_planner/install/frenet_planner/share/frenet_planner/launch/frenet_planner_launch.py
[65.292s] -- Installing: /home/aayush/newest_frenet_planner/install/frenet_planner/share/frenet_planner/config
[65.293s] -- Installing: /home/aayush/newest_frenet_planner/install/frenet_planner/share/frenet_planner/config/frenet_planner.yaml
[65.294s] -- Installing: /home/aayush/newest_frenet_planner/install/frenet_planner/share/ament_index/resource_index/package_run_dependencies/frenet_planner
[65.311s] -- Installing: /home/aayush/newest_frenet_planner/install/frenet_planner/share/ament_index/resource_index/parent_prefix_path/frenet_planner
[65.327s] -- Installing: /home/aayush/newest_frenet_planner/install/frenet_planner/share/frenet_planner/environment/ament_prefix_path.sh
[65.337s] -- Installing: /home/aayush/newest_frenet_planner/install/frenet_planner/share/frenet_planner/environment/ament_prefix_path.dsv
[65.352s] -- Installing: /home/aayush/newest_frenet_planner/install/frenet_planner/share/frenet_planner/environment/path.sh
[65.353s] -- Installing: /home/aayush/newest_frenet_planner/install/frenet_planner/share/frenet_planner/environment/path.dsv
[65.355s] -- Installing: /home/aayush/newest_frenet_planner/install/frenet_planner/share/frenet_planner/local_setup.bash
[65.356s] -- Installing: /home/aayush/newest_frenet_planner/install/frenet_planner/share/frenet_planner/local_setup.sh
[65.358s] -- Installing: /home/aayush/newest_frenet_planner/install/frenet_planner/share/frenet_planner/local_setup.zsh
[65.359s] -- Installing: /home/aayush/newest_frenet_planner/install/frenet_planner/share/frenet_planner/local_setup.dsv
[65.360s] -- Installing: /home/aayush/newest_frenet_planner/install/frenet_planner/share/frenet_planner/package.dsv
[65.361s] -- Installing: /home/aayush/newest_frenet_planner/install/frenet_planner/share/ament_index/resource_index/packages/frenet_planner
[65.362s] -- Installing: /home/aayush/newest_frenet_planner/install/frenet_planner/share/frenet_planner/cmake/frenet_plannerConfig.cmake
[65.363s] -- Installing: /home/aayush/newest_frenet_planner/install/frenet_planner/share/frenet_planner/cmake/frenet_plannerConfig-version.cmake
[65.364s] -- Installing: /home/aayush/newest_frenet_planner/install/frenet_planner/share/frenet_planner/package.xml
[65.373s] Invoked command in '/home/aayush/newest_frenet_planner/build/frenet_planner' returned '0': CMAKE_PREFIX_PATH=${CMAKE_PREFIX_PATH}:/home/aayush/new_new_frenet_planner/install/dummy:/opt/ros/foxy /usr/bin/cmake --install /home/aayush/newest_frenet_planner/build/frenet_planner
