[1.053s] Invoking command in '/home/aayush/newest_frenet_planner/build/frenet_planner_ported': CMAKE_PREFIX_PATH=${CMAKE_PREFIX_PATH}:/home/aayush/newest_frenet_planner/install/dummy:/opt/ros/foxy /usr/bin/cmake --build /home/aayush/newest_frenet_planner/build/frenet_planner_ported -- -j2 -l2
[1.440s] [35m[1mScanning dependencies of target frenet_ros_obst[0m
[1.795s] [ 20%] [32mBuilding CXX object CMakeFiles/frenet_ros_obst.dir/src/frenet_planner.cpp.o[0m
[1.810s] [ 40%] [32mBuilding CXX object CMakeFiles/frenet_ros_obst.dir/src/frenet_ros_obst.cpp.o[0m
[11.277s] In file included from [01m[K/home/aayush/newest_frenet_planner/src/frenet_planner_ported/src/frenet_planner.cpp:8[m[K:
[11.277s] [01m[K/home/aayush/newest_frenet_planner/src/frenet_planner_ported/./include/matplotlibcpp.hpp:314:36:[m[K [01;35m[Kwarning: [m[Kstatic_assert without a message only available with ‘[01m[K-std=c++17[m[K’ or ‘[01m[K-std=gnu++17[m[K’ [[01;35m[K-Wpedantic[m[K]
[11.277s]   314 | static_assert(sizeof(long long) == [01;35m[K8[m[K);
[11.278s]       |                                    [01;35m[K^[m[K
[11.278s] [01m[K/home/aayush/newest_frenet_planner/src/frenet_planner_ported/./include/matplotlibcpp.hpp:316:45:[m[K [01;35m[Kwarning: [m[Kstatic_assert without a message only available with ‘[01m[K-std=c++17[m[K’ or ‘[01m[K-std=gnu++17[m[K’ [[01;35m[K-Wpedantic[m[K]
[11.278s]   316 | static_assert(sizeof(unsigned long long) == [01;35m[K8[m[K);
[11.278s]       |                                             [01;35m[K^[m[K
[13.670s] In file included from [01m[K/home/aayush/newest_frenet_planner/src/frenet_planner_ported/src/../include/../include/frenet_class.hpp:11[m[K,
[13.671s]                  from [01m[K/home/aayush/newest_frenet_planner/src/frenet_planner_ported/src/../include/frenet_optimal_trajectory.hpp:6[m[K,
[13.671s]                  from [01m[K/home/aayush/newest_frenet_planner/src/frenet_planner_ported/src/frenet_ros_obst.cpp:2[m[K:
[13.671s] [01m[K/home/aayush/newest_frenet_planner/src/frenet_planner_ported/./include/matplotlibcpp.hpp:314:36:[m[K [01;35m[Kwarning: [m[Kstatic_assert without a message only available with ‘[01m[K-std=c++17[m[K’ or ‘[01m[K-std=gnu++17[m[K’ [[01;35m[K-Wpedantic[m[K]
[13.671s]   314 | static_assert(sizeof(long long) == [01;35m[K8[m[K);
[13.672s]       |                                    [01;35m[K^[m[K
[13.672s] [01m[K/home/aayush/newest_frenet_planner/src/frenet_planner_ported/./include/matplotlibcpp.hpp:316:45:[m[K [01;35m[Kwarning: [m[Kstatic_assert without a message only available with ‘[01m[K-std=c++17[m[K’ or ‘[01m[K-std=gnu++17[m[K’ [[01;35m[K-Wpedantic[m[K]
[13.672s]   316 | static_assert(sizeof(unsigned long long) == [01;35m[K8[m[K);
[13.672s]       |                                             [01;35m[K^[m[K
[14.407s] In file included from [01m[K/home/aayush/newest_frenet_planner/src/frenet_planner_ported/src/../include/frenet_optimal_trajectory.hpp:6[m[K,
[14.407s]                  from [01m[K/home/aayush/newest_frenet_planner/src/frenet_planner_ported/src/frenet_ros_obst.cpp:2[m[K:
[14.408s] [01m[K/home/aayush/newest_frenet_planner/src/frenet_planner_ported/src/../include/../include/frenet_class.hpp:165:81:[m[K [01;35m[Kwarning: [m[K‘[01m[Kgeometry_msgs::msg::PolygonStamped_<std::allocator<void> >::ConstPtr[m[K’ is deprecated [[01;35m[K-Wdeprecated-declarations[m[K]
[14.408s]   165 | allback(const geometry_msgs::msg::PolygonStamped::ConstPtr p[01;35m[K)[m[K
[14.408s]       |                                                             [01;35m[K^[m[K
[14.408s] 
[14.408s] In file included from [01m[K/opt/ros/foxy/include/geometry_msgs/msg/polygon_stamped.hpp:7[m[K,
[14.409s]                  from [01m[K/home/aayush/newest_frenet_planner/src/frenet_planner_ported/src/../include/../include/frenet_class.hpp:8[m[K,
[14.409s]                  from [01m[K/home/aayush/newest_frenet_planner/src/frenet_planner_ported/src/../include/frenet_optimal_trajectory.hpp:6[m[K,
[14.409s]                  from [01m[K/home/aayush/newest_frenet_planner/src/frenet_planner_ported/src/frenet_ros_obst.cpp:2[m[K:
[14.409s] [01m[K/opt/ros/foxy/include/geometry_msgs/msg/detail/polygon_stamped__struct.hpp:114:5:[m[K [01;36m[Knote: [m[Kdeclared here
[14.410s]   114 |     [01;36m[KConstPtr[m[K;
[14.410s]       |     [01;36m[K^~~~~~~~[m[K
[14.410s] In file included from [01m[K/home/aayush/newest_frenet_planner/src/frenet_planner_ported/src/../include/frenet_optimal_trajectory.hpp:6[m[K,
[14.411s]                  from [01m[K/home/aayush/newest_frenet_planner/src/frenet_planner_ported/src/frenet_ros_obst.cpp:2[m[K:
[14.411s] [01m[K/home/aayush/newest_frenet_planner/src/frenet_planner_ported/src/../include/../include/frenet_class.hpp:171:67:[m[K [01;35m[Kwarning: [m[K‘[01m[Knav_msgs::msg::Odometry_<std::allocator<void> >::ConstPtr[m[K’ is deprecated [[01;35m[K-Wdeprecated-declarations[m[K]
[14.411s]   171 |     void odom_callback(const nav_msgs::msg::Odometry::ConstPtr msg[01;35m[K)[m[K
[14.411s]       |                                                                   [01;35m[K^[m[K
[14.411s] In file included from [01m[K/opt/ros/foxy/include/nav_msgs/msg/odometry.hpp:7[m[K,
[14.412s]                  from [01m[K/home/aayush/newest_frenet_planner/src/frenet_planner_ported/src/../include/../include/frenet_class.hpp:6[m[K,
[14.412s]                  from [01m[K/home/aayush/newest_frenet_planner/src/frenet_planner_ported/src/../include/frenet_optimal_trajectory.hpp:6[m[K,
[14.412s]                  from [01m[K/home/aayush/newest_frenet_planner/src/frenet_planner_ported/src/frenet_ros_obst.cpp:2[m[K:
[14.412s] [01m[K/opt/ros/foxy/include/nav_msgs/msg/detail/odometry__struct.hpp:145:5:[m[K [01;36m[Knote: [m[Kdeclared here
[14.412s]   145 |     [01;36m[KConstPtr[m[K;
[14.413s]       |     [01;36m[K^~~~~~~~[m[K
[14.413s] In file included from [01m[K/home/aayush/newest_frenet_planner/src/frenet_planner_ported/src/../include/frenet_optimal_trajectory.hpp:6[m[K,
[14.413s]                  from [01m[K/home/aayush/newest_frenet_planner/src/frenet_planner_ported/src/frenet_ros_obst.cpp:2[m[K:
[14.413s] [01m[K/home/aayush/newest_frenet_planner/src/frenet_planner_ported/src/../include/../include/frenet_class.hpp:175:86:[m[K [01;35m[Kwarning: [m[K‘[01m[Knav_msgs::msg::OccupancyGrid_<std::allocator<void> >::ConstPtr[m[K’ is deprecated [[01;35m[K-Wdeprecated-declarations[m[K]
[14.414s]   175 | (const nav_msgs::msg::OccupancyGrid::ConstPtr occupancy_grid[01;35m[K)[m[K
[14.414s]       |                                                             [01;35m[K^[m[K
[14.414s] 
[14.414s] In file included from [01m[K/opt/ros/foxy/include/nav_msgs/msg/occupancy_grid.hpp:7[m[K,
[14.417s]                  from [01m[K/home/aayush/newest_frenet_planner/src/frenet_planner_ported/src/../include/../include/frenet_class.hpp:7[m[K,
[14.417s]                  from [01m[K/home/aayush/newest_frenet_planner/src/frenet_planner_ported/src/../include/frenet_optimal_trajectory.hpp:6[m[K,
[14.417s]                  from [01m[K/home/aayush/newest_frenet_planner/src/frenet_planner_ported/src/frenet_ros_obst.cpp:2[m[K:
[14.418s] [01m[K/opt/ros/foxy/include/nav_msgs/msg/detail/occupancy_grid__struct.hpp:123:5:[m[K [01;36m[Knote: [m[Kdeclared here
[14.418s]   123 |     [01;36m[KConstPtr[m[K;
[14.418s]       |     [01;36m[K^~~~~~~~[m[K
[14.513s] In file included from [01m[K/home/aayush/newest_frenet_planner/src/frenet_planner_ported/src/../include/frenet_optimal_trajectory.hpp:6[m[K,
[14.513s]                  from [01m[K/home/aayush/newest_frenet_planner/src/frenet_planner_ported/src/frenet_planner.cpp:10[m[K:
[14.513s] [01m[K/home/aayush/newest_frenet_planner/src/frenet_planner_ported/src/../include/../include/frenet_class.hpp:165:81:[m[K [01;35m[Kwarning: [m[K‘[01m[Kgeometry_msgs::msg::PolygonStamped_<std::allocator<void> >::ConstPtr[m[K’ is deprecated [[01;35m[K-Wdeprecated-declarations[m[K]
[14.514s]   165 |     void footprint_callback(const geometry_msgs::msg::PolygonStamped::ConstPtr p[01;35m[K)[m[K
[14.514s]       |                                                                                 [01;35m[K^[m[K
[14.515s] In file included from [01m[K/opt/ros/foxy/include/geometry_msgs/msg/polygon_stamped.hpp:7[m[K,
[14.515s]                  from [01m[K/home/aayush/newest_frenet_planner/src/frenet_planner_ported/src/frenet_planner.cpp:6[m[K:
[14.515s] [01m[K/opt/ros/foxy/include/geometry_msgs/msg/detail/polygon_stamped__struct.hpp:114:5:[m[K [01;36m[Knote: [m[Kdeclared here
[14.515s]   114 |     [01;36m[KConstPtr[m[K;
[14.516s]       |     [01;36m[K^~~~~~~~[m[K
[14.516s] In file included from [01m[K/home/aayush/newest_frenet_planner/src/frenet_planner_ported/src/../include/frenet_optimal_trajectory.hpp:6[m[K,
[14.517s]                  from [01m[K/home/aayush/newest_frenet_planner/src/frenet_planner_ported/src/frenet_planner.cpp:10[m[K:
[14.517s] [01m[K/home/aayush/newest_frenet_planner/src/frenet_planner_ported/src/../include/../include/frenet_class.hpp:171:67:[m[K [01;35m[Kwarning: [m[K‘[01m[Knav_msgs::msg::Odometry_<std::allocator<void> >::ConstPtr[m[K’ is deprecated [[01;35m[K-Wdeprecated-declarations[m[K]
[14.517s]   171 |     void odom_callback(const nav_msgs::msg::Odometry::ConstPtr msg[01;35m[K)[m[K
[14.517s]       |                                                                   [01;35m[K^[m[K
[14.518s] In file included from [01m[K/opt/ros/foxy/include/nav_msgs/msg/odometry.hpp:7[m[K,
[14.518s]                  from [01m[K/home/aayush/newest_frenet_planner/src/frenet_planner_ported/src/frenet_planner.cpp:4[m[K:
[14.518s] [01m[K/opt/ros/foxy/include/nav_msgs/msg/detail/odometry__struct.hpp:145:5:[m[K [01;36m[Knote: [m[Kdeclared here
[14.518s]   145 |     [01;36m[KConstPtr[m[K;
[14.519s]       |     [01;36m[K^~~~~~~~[m[K
[14.520s] In file included from [01m[K/home/aayush/newest_frenet_planner/src/frenet_planner_ported/src/../include/frenet_optimal_trajectory.hpp:6[m[K,
[14.520s]                  from [01m[K/home/aayush/newest_frenet_planner/src/frenet_planner_ported/src/frenet_planner.cpp:10[m[K:
[14.521s] [01m[K/home/aayush/newest_frenet_planner/src/frenet_planner_ported/src/../include/../include/frenet_class.hpp:175:86:[m[K [01;35m[Kwarning: [m[K‘[01m[Knav_msgs::msg::OccupancyGrid_<std::allocator<void> >::ConstPtr[m[K’ is deprecated [[01;35m[K-Wdeprecated-declarations[m[K]
[14.521s]   175 |     void costmap_callback(const nav_msgs::msg::OccupancyGrid::ConstPtr occupancy_grid[01;35m[K)[m[K
[14.521s]       |                                                                                      [01;35m[K^[m[K
[14.522s] In file included from [01m[K/opt/ros/foxy/include/nav_msgs/msg/occupancy_grid.hpp:7[m[K,
[14.523s]                  from [01m[K/home/aayush/newest_frenet_planner/src/frenet_planner_ported/src/frenet_planner.cpp:5[m[K:
[14.523s] [01m[K/opt/ros/foxy/include/nav_msgs/msg/detail/occupancy_grid__struct.hpp:123:5:[m[K [01;36m[Knote: [m[Kdeclared here
[14.523s]   123 |     [01;36m[KConstPtr[m[K;
[14.529s]       |     [01;36m[K^~~~~~~~[m[K
[14.583s] In file included from [01m[K/home/aayush/newest_frenet_planner/src/frenet_planner_ported/src/../include/frenet_optimal_trajectory.hpp:6[m[K,
[14.584s]                  from [01m[K/home/aayush/newest_frenet_planner/src/frenet_planner_ported/src/frenet_ros_obst.cpp:2[m[K:
[14.584s] [01m[K/home/aayush/newest_frenet_planner/src/frenet_planner_ported/src/../include/../include/frenet_class.hpp:[m[K In member function ‘[01m[Kvoid FrenetClass::costmap_callback(nav_msgs::msg::OccupancyGrid_<std::allocator<void> >::ConstPtr)[m[K’:
[14.584s] [01m[K/home/aayush/newest_frenet_planner/src/frenet_planner_ported/src/../include/../include/frenet_class.hpp:205:22:[m[K [01;35m[Kwarning: [m[Kcomparison of integer expressions of different signedness: ‘[01m[Klong int[m[K’ and ‘[01m[Kstd::vector<std::pair<double, double> >::size_type[m[K’ {aka ‘[01m[Klong unsigned int[m[K’} [[01;35m[K-Wsign-compare[m[K]
[14.584s]   205 |   for (long i = 0; [01;35m[Ki < ob1.size()[m[K; i++)
[14.585s]       |                    [01;35m[K~~^~~~~~~~~~~~[m[K
[14.585s] [01m[K/home/aayush/newest_frenet_planner/src/frenet_planner_ported/src/../include/../include/frenet_class.hpp:185:13:[m[K [01;35m[Kwarning: [m[Kunused variable ‘[01m[KstartTime1[m[K’ [[01;35m[K-Wunused-variable[m[K]
[14.585s]   185 |      double [01;35m[KstartTime1[m[K = omp_get_wtime();
[14.585s]       |             [01;35m[K^~~~~~~~~~[m[K
[14.590s] In file included from [01m[K/home/aayush/newest_frenet_planner/src/frenet_planner_ported/src/frenet_ros_obst.cpp:2[m[K:
[14.590s] [01m[K/home/aayush/newest_frenet_planner/src/frenet_planner_ported/src/../include/frenet_optimal_trajectory.hpp:[m[K In function ‘[01m[Kstd::ostream& operator<<(std::ostream&, const FrenetPath&)[m[K’:
[14.590s] [01m[K/home/aayush/newest_frenet_planner/src/frenet_planner_ported/src/../include/frenet_optimal_trajectory.hpp:80:20:[m[K [01;35m[Kwarning: [m[Kstatement has no effect [[01;35m[K-Wunused-value[m[K]
[14.590s]    80 | #define trace(...) [01;35m[K42[m[K
[14.590s]       |                    [01;35m[K^~[m[K
[14.591s] [01m[K/home/aayush/newest_frenet_planner/src/frenet_planner_ported/src/../include/frenet_optimal_trajectory.hpp:80:20:[m[K [01;36m[Knote: [m[Kin definition of macro ‘[01m[Ktrace[m[K’
[14.591s]    80 | #define trace(...) [01;36m[K42[m[K
[14.591s]       |                    [01;36m[K^~[m[K
[14.591s] [01m[K/home/aayush/newest_frenet_planner/src/frenet_planner_ported/src/../include/frenet_optimal_trajectory.hpp:80:20:[m[K [01;35m[Kwarning: [m[Kstatement has no effect [[01;35m[K-Wunused-value[m[K]
[14.591s]    80 | #define trace(...) [01;35m[K42[m[K
[14.592s]       |                    [01;35m[K^~[m[K
[14.592s] [01m[K/home/aayush/newest_frenet_planner/src/frenet_planner_ported/src/../include/frenet_optimal_trajectory.hpp:80:20:[m[K [01;36m[Knote: [m[Kin definition of macro ‘[01m[Ktrace[m[K’
[14.592s]    80 | #define trace(...) [01;36m[K42[m[K
[14.592s]       |                    [01;36m[K^~[m[K
[14.593s] [01m[K/home/aayush/newest_frenet_planner/src/frenet_planner_ported/src/../include/frenet_optimal_trajectory.hpp:80:20:[m[K [01;35m[Kwarning: [m[Kstatement has no effect [[01;35m[K-Wunused-value[m[K]
[14.594s]    80 | #define trace(...) [01;35m[K42[m[K
[14.594s]       |                    [01;35m[K^~[m[K
[14.594s] [01m[K/home/aayush/newest_frenet_planner/src/frenet_planner_ported/src/../include/frenet_optimal_trajectory.hpp:80:20:[m[K [01;36m[Knote: [m[Kin definition of macro ‘[01m[Ktrace[m[K’
[14.594s]    80 | #define trace(...) [01;36m[K42[m[K
[14.594s]       |                    [01;36m[K^~[m[K
[14.595s] [01m[K/home/aayush/newest_frenet_planner/src/frenet_planner_ported/src/../include/frenet_optimal_trajectory.hpp:80:20:[m[K [01;35m[Kwarning: [m[Kstatement has no effect [[01;35m[K-Wunused-value[m[K]
[14.595s]    80 | #define trace(...) [01;35m[K42[m[K
[14.595s]       |                    [01;35m[K^~[m[K
[14.595s] [01m[K/home/aayush/newest_frenet_planner/src/frenet_planner_ported/src/../include/frenet_optimal_trajectory.hpp:80:20:[m[K [01;36m[Knote: [m[Kin definition of macro ‘[01m[Ktrace[m[K’
[14.596s]    80 | #define trace(...) [01;36m[K42[m[K
[14.596s]       |                    [01;36m[K^~[m[K
[14.596s] [01m[K/home/aayush/newest_frenet_planner/src/frenet_planner_ported/src/../include/frenet_optimal_trajectory.hpp:80:20:[m[K [01;35m[Kwarning: [m[Kstatement has no effect [[01;35m[K-Wunused-value[m[K]
[14.596s]    80 | #define trace(...) [01;35m[K42[m[K
[14.598s]       |                    [01;35m[K^~[m[K
[14.598s] [01m[K/home/aayush/newest_frenet_planner/src/frenet_planner_ported/src/../include/frenet_optimal_trajectory.hpp:80:20:[m[K [01;36m[Knote: [m[Kin definition of macro ‘[01m[Ktrace[m[K’
[14.598s]    80 | #define trace(...) [01;36m[K42[m[K
[14.598s]       |                    [01;36m[K^~[m[K
[14.599s] [01m[K/home/aayush/newest_frenet_planner/src/frenet_planner_ported/src/../include/frenet_optimal_trajectory.hpp:80:20:[m[K [01;35m[Kwarning: [m[Kstatement has no effect [[01;35m[K-Wunused-value[m[K]
[14.599s]    80 | #define trace(...) [01;35m[K42[m[K
[14.599s]       |                    [01;35m[K^~[m[K
[14.599s] [01m[K/home/aayush/newest_frenet_planner/src/frenet_planner_ported/src/../include/frenet_optimal_trajectory.hpp:80:20:[m[K [01;36m[Knote: [m[Kin definition of macro ‘[01m[Ktrace[m[K’
[14.605s]    80 | #define trace(...) [01;36m[K42[m[K
[14.605s]       |                    [01;36m[K^~[m[K
[14.606s] [01m[K/home/aayush/newest_frenet_planner/src/frenet_planner_ported/src/../include/frenet_optimal_trajectory.hpp:80:20:[m[K [01;35m[Kwarning: [m[Kstatement has no effect [[01;35m[K-Wunused-value[m[K]
[14.606s]    80 | #define trace(...) [01;35m[K42[m[K
[14.606s]       |                    [01;35m[K^~[m[K
[14.606s] [01m[K/home/aayush/newest_frenet_planner/src/frenet_planner_ported/src/../include/frenet_optimal_trajectory.hpp:80:20:[m[K [01;36m[Knote: [m[Kin definition of macro ‘[01m[Ktrace[m[K’
[14.606s]    80 | #define trace(...) [01;36m[K42[m[K
[14.607s]       |                    [01;36m[K^~[m[K
[14.607s] [01m[K/home/aayush/newest_frenet_planner/src/frenet_planner_ported/src/../include/frenet_optimal_trajectory.hpp:80:20:[m[K [01;35m[Kwarning: [m[Kstatement has no effect [[01;35m[K-Wunused-value[m[K]
[14.607s]    80 | #define trace(...) [01;35m[K42[m[K
[14.607s]       |                    [01;35m[K^~[m[K
[14.607s] [01m[K/home/aayush/newest_frenet_planner/src/frenet_planner_ported/src/../include/frenet_optimal_trajectory.hpp:80:20:[m[K [01;36m[Knote: [m[Kin definition of macro ‘[01m[Ktrace[m[K’
[14.608s]    80 | #define trace(...) [01;36m[K42[m[K
[14.608s]       |                    [01;36m[K^~[m[K
[14.608s] [01m[K/home/aayush/newest_frenet_planner/src/frenet_planner_ported/src/../include/frenet_optimal_trajectory.hpp:80:20:[m[K [01;35m[Kwarning: [m[Kstatement has no effect [[01;35m[K-Wunused-value[m[K]
[14.608s]    80 | #define trace(...) [01;35m[K42[m[K
[14.608s]       |                    [01;35m[K^~[m[K
[14.609s] [01m[K/home/aayush/newest_frenet_planner/src/frenet_planner_ported/src/../include/frenet_optimal_trajectory.hpp:80:20:[m[K [01;36m[Knote: [m[Kin definition of macro ‘[01m[Ktrace[m[K’
[14.609s]    80 | #define trace(...) [01;36m[K42[m[K
[14.609s]       |                    [01;36m[K^~[m[K
[14.609s] [01m[K/home/aayush/newest_frenet_planner/src/frenet_planner_ported/src/../include/frenet_optimal_trajectory.hpp:80:20:[m[K [01;35m[Kwarning: [m[Kstatement has no effect [[01;35m[K-Wunused-value[m[K]
[14.609s]    80 | #define trace(...) [01;35m[K42[m[K
[14.610s]       |                    [01;35m[K^~[m[K
[14.610s] [01m[K/home/aayush/newest_frenet_planner/src/frenet_planner_ported/src/../include/frenet_optimal_trajectory.hpp:80:20:[m[K [01;36m[Knote: [m[Kin definition of macro ‘[01m[Ktrace[m[K’
[14.610s]    80 | #define trace(...) [01;36m[K42[m[K
[14.610s]       |                    [01;36m[K^~[m[K
[14.610s] [01m[K/home/aayush/newest_frenet_planner/src/frenet_planner_ported/src/../include/frenet_optimal_trajectory.hpp:80:20:[m[K [01;35m[Kwarning: [m[Kstatement has no effect [[01;35m[K-Wunused-value[m[K]
[14.611s]    80 | #define trace(...) [01;35m[K42[m[K
[14.611s]       |                    [01;35m[K^~[m[K
[14.611s] [01m[K/home/aayush/newest_frenet_planner/src/frenet_planner_ported/src/../include/frenet_optimal_trajectory.hpp:80:20:[m[K [01;36m[Knote: [m[Kin definition of macro ‘[01m[Ktrace[m[K’
[14.611s]    80 | #define trace(...) [01;36m[K42[m[K
[14.611s]       |                    [01;36m[K^~[m[K
[14.612s] [01m[K/home/aayush/newest_frenet_planner/src/frenet_planner_ported/src/../include/frenet_optimal_trajectory.hpp:80:20:[m[K [01;35m[Kwarning: [m[Kstatement has no effect [[01;35m[K-Wunused-value[m[K]
[14.612s]    80 | #define trace(...) [01;35m[K42[m[K
[14.612s]       |                    [01;35m[K^~[m[K
[14.612s] [01m[K/home/aayush/newest_frenet_planner/src/frenet_planner_ported/src/../include/frenet_optimal_trajectory.hpp:80:20:[m[K [01;36m[Knote: [m[Kin definition of macro ‘[01m[Ktrace[m[K’
[14.620s]    80 | #define trace(...) [01;36m[K42[m[K
[14.621s]       |                    [01;36m[K^~[m[K
[14.621s] [01m[K/home/aayush/newest_frenet_planner/src/frenet_planner_ported/src/../include/frenet_optimal_trajectory.hpp:80:20:[m[K [01;35m[Kwarning: [m[Kstatement has no effect [[01;35m[K-Wunused-value[m[K]
[14.621s]    80 | #define trace(...) [01;35m[K42[m[K
[14.621s]       |                    [01;35m[K^~[m[K
[14.622s] [01m[K/home/aayush/newest_frenet_planner/src/frenet_planner_ported/src/../include/frenet_optimal_trajectory.hpp:80:20:[m[K [01;36m[Knote: [m[Kin definition of macro ‘[01m[Ktrace[m[K’
[14.622s]    80 | #define trace(...) [01;36m[K42[m[K
[14.622s]       |                    [01;36m[K^~[m[K
[14.622s] [01m[K/home/aayush/newest_frenet_planner/src/frenet_planner_ported/src/../include/frenet_optimal_trajectory.hpp:81:59:[m[K [01;35m[Kwarning: [m[Kunused parameter ‘[01m[Kfp[m[K’ [[01;35m[K-Wunused-parameter[m[K]
[14.622s]    81 | inline ostream& operator<<(ostream& os, [01;35m[Kconst FrenetPath& fp[m[K)
[14.623s]       |                                         [01;35m[K~~~~~~~~~~~~~~~~~~^~[m[K
[14.623s] [01m[K/home/aayush/newest_frenet_planner/src/frenet_planner_ported/src/frenet_ros_obst.cpp:[m[K In function ‘[01m[Kdouble get_bot_yaw()[m[K’:
[14.623s] [01m[K/home/aayush/newest_frenet_planner/src/frenet_planner_ported/src/../include/frenet_optimal_trajectory.hpp:80:20:[m[K [01;35m[Kwarning: [m[Kstatement has no effect [[01;35m[K-Wunused-value[m[K]
[14.623s]    80 | #define trace(...) [01;35m[K42[m[K
[14.623s]       |                    [01;35m[K^~[m[K
[14.624s] [01m[K/home/aayush/newest_frenet_planner/src/frenet_planner_ported/src/../include/frenet_optimal_trajectory.hpp:80:20:[m[K [01;36m[Knote: [m[Kin definition of macro ‘[01m[Ktrace[m[K’
[14.624s]    80 | #define trace(...) [01;36m[K42[m[K
[14.624s]       |                    [01;36m[K^~[m[K
[14.624s] [01m[K/home/aayush/newest_frenet_planner/src/frenet_planner_ported/src/frenet_ros_obst.cpp:[m[K In function ‘[01m[Kvoid initial_conditions_path(Spline2D&, double&, double&, double&, double&, double&, double&, FrenetPath&)[m[K’:
[14.625s] [01m[K/home/aayush/newest_frenet_planner/src/frenet_planner_ported/src/frenet_ros_obst.cpp:55:40:[m[K [01;35m[Kwarning: [m[Kunused parameter ‘[01m[Kcsp[m[K’ [[01;35m[K-Wunused-parameter[m[K]
[14.625s]    55 | void initial_conditions_path([01;35m[KSpline2D &csp[m[K, double &s0, double &c_speed, double &c_d, double &c_d_d,
[14.625s]       |                              [01;35m[K~~~~~~~~~~^~~[m[K
[14.625s] In file included from [01m[K/home/aayush/newest_frenet_planner/src/frenet_planner_ported/src/frenet_ros_obst.cpp:2[m[K:
[14.625s] [01m[K/home/aayush/newest_frenet_planner/src/frenet_planner_ported/src/frenet_ros_obst.cpp:[m[K In function ‘[01m[Kint initial_conditions_new(Spline2D&, vecD&, vecD&, vecD&, vecD&, vecD&, double&, double&, double&, double&, double&, double&, FrenetPath&)[m[K’:
[14.626s] [01m[K/home/aayush/newest_frenet_planner/src/frenet_planner_ported/src/../include/frenet_optimal_trajectory.hpp:80:20:[m[K [01;35m[Kwarning: [m[Kstatement has no effect [[01;35m[K-Wunused-value[m[K]
[14.631s]    80 | #define trace(...) [01;35m[K42[m[K
[14.631s]       |                    [01;35m[K^~[m[K
[14.632s] [01m[K/home/aayush/newest_frenet_planner/src/frenet_planner_ported/src/../include/frenet_optimal_trajectory.hpp:80:20:[m[K [01;36m[Knote: [m[Kin definition of macro ‘[01m[Ktrace[m[K’
[14.632s]    80 | #define trace(...) [01;36m[K42[m[K
[14.632s]       |                    [01;36m[K^~[m[K
[14.632s] [01m[K/home/aayush/newest_frenet_planner/src/frenet_planner_ported/src/../include/frenet_optimal_trajectory.hpp:80:20:[m[K [01;35m[Kwarning: [m[Kstatement has no effect [[01;35m[K-Wunused-value[m[K]
[14.632s]    80 | #define trace(...) [01;35m[K42[m[K
[14.633s]       |                    [01;35m[K^~[m[K
[14.633s] [01m[K/home/aayush/newest_frenet_planner/src/frenet_planner_ported/src/../include/frenet_optimal_trajectory.hpp:80:20:[m[K [01;36m[Knote: [m[Kin definition of macro ‘[01m[Ktrace[m[K’
[14.633s]    80 | #define trace(...) [01;36m[K42[m[K
[14.633s]       |                    [01;36m[K^~[m[K
[14.633s] [01m[K/home/aayush/newest_frenet_planner/src/frenet_planner_ported/src/frenet_ros_obst.cpp:71:38:[m[K [01;35m[Kwarning: [m[Kunused parameter ‘[01m[Kcsp[m[K’ [[01;35m[K-Wunused-parameter[m[K]
[14.634s]    71 | int initial_conditions_new([01;35m[KSpline2D &csp[m[K, vecD &global_s, vecD &global_x, vecD &global_y,
[14.634s]       |                            [01;35m[K~~~~~~~~~~^~~[m[K
[14.634s] In file included from [01m[K/home/aayush/newest_frenet_planner/src/frenet_planner_ported/src/frenet_ros_obst.cpp:2[m[K:
[14.634s] [01m[K/home/aayush/newest_frenet_planner/src/frenet_planner_ported/src/frenet_ros_obst.cpp:[m[K In function ‘[01m[Kint main(int, char**)[m[K’:
[14.634s] [01m[K/home/aayush/newest_frenet_planner/src/frenet_planner_ported/src/../include/frenet_optimal_trajectory.hpp:80:20:[m[K [01;35m[Kwarning: [m[Kstatement has no effect [[01;35m[K-Wunused-value[m[K]
[14.635s]    80 | #define trace(...) [01;35m[K42[m[K
[14.635s]       |                    [01;35m[K^~[m[K
[14.635s] [01m[K/home/aayush/newest_frenet_planner/src/frenet_planner_ported/src/../include/frenet_optimal_trajectory.hpp:80:20:[m[K [01;36m[Knote: [m[Kin definition of macro ‘[01m[Ktrace[m[K’
[14.635s]    80 | #define trace(...) [01;36m[K42[m[K
[14.636s]       |                    [01;36m[K^~[m[K
[14.705s] [01m[K/home/aayush/newest_frenet_planner/src/frenet_planner_ported/src/frenet_ros_obst.cpp:174:10:[m[K [01;35m[Kwarning: [m[Kunused variable ‘[01m[KstartTime1[m[K’ [[01;35m[K-Wunused-variable[m[K]
[14.706s]   174 |   double [01;35m[KstartTime1[m[K = omp_get_wtime();
[14.706s]       |          [01;35m[K^~~~~~~~~~[m[K
[14.706s] [01m[K/home/aayush/newest_frenet_planner/src/frenet_planner_ported/src/frenet_ros_obst.cpp:188:10:[m[K [01;35m[Kwarning: [m[Kunused variable ‘[01m[KendTime1[m[K’ [[01;35m[K-Wunused-variable[m[K]
[14.707s]   188 |   double [01;35m[KendTime1[m[K = omp_get_wtime();
[14.707s]       |          [01;35m[K^~~~~~~~[m[K
[14.707s] [01m[K/home/aayush/newest_frenet_planner/src/frenet_planner_ported/src/frenet_ros_obst.cpp:260:10:[m[K [01;35m[Kwarning: [m[Kunused variable ‘[01m[KstartTime3[m[K’ [[01;35m[K-Wunused-variable[m[K]
[14.707s]   260 |   double [01;35m[KstartTime3[m[K = omp_get_wtime();
[14.708s]       |          [01;35m[K^~~~~~~~~~[m[K
[14.708s] [01m[K/home/aayush/newest_frenet_planner/src/frenet_planner_ported/src/frenet_ros_obst.cpp:262:10:[m[K [01;35m[Kwarning: [m[Kunused variable ‘[01m[KendTime3[m[K’ [[01;35m[K-Wunused-variable[m[K]
[14.708s]   262 |   double [01;35m[KendTime3[m[K = omp_get_wtime();
[14.708s]       |          [01;35m[K^~~~~~~~[m[K
[14.708s] [01m[K/home/aayush/newest_frenet_planner/src/frenet_planner_ported/src/frenet_ros_obst.cpp:130:7:[m[K [01;35m[Kwarning: [m[Kunused variable ‘[01m[KgotOdom[m[K’ [[01;35m[K-Wunused-variable[m[K]
[14.709s]   130 |  bool [01;35m[KgotOdom[m[K = false;
[14.709s]       |       [01;35m[K^~~~~~~[m[K
[14.709s] [01m[K/home/aayush/newest_frenet_planner/src/frenet_planner_ported/src/frenet_ros_obst.cpp:164:9:[m[K [01;35m[Kwarning: [m[Kunused variable ‘[01m[Kpltbasetime[m[K’ [[01;35m[K-Wunused-variable[m[K]
[14.709s]   164 |  double [01;35m[Kpltbasetime[m[K = omp_get_wtime();
[14.710s]       |         [01;35m[K^~~~~~~~~~~[m[K
[14.710s] [01m[K/home/aayush/newest_frenet_planner/src/frenet_planner_ported/src/frenet_ros_obst.cpp:166:6:[m[K [01;35m[Kwarning: [m[Kunused variable ‘[01m[Kiteration_count[m[K’ [[01;35m[K-Wunused-variable[m[K]
[14.710s]   166 |  int [01;35m[Kiteration_count[m[K = 1;
[14.710s]       |      [01;35m[K^~~~~~~~~~~~~~~[m[K
[14.731s] In file included from [01m[K/home/aayush/newest_frenet_planner/src/frenet_planner_ported/src/../include/frenet_optimal_trajectory.hpp:6[m[K,
[14.731s]                  from [01m[K/home/aayush/newest_frenet_planner/src/frenet_planner_ported/src/frenet_planner.cpp:10[m[K:
[14.732s] [01m[K/home/aayush/newest_frenet_planner/src/frenet_planner_ported/src/../include/../include/frenet_class.hpp:[m[K In member function ‘[01m[Kvoid FrenetClass::costmap_callback(nav_msgs::msg::OccupancyGrid_<std::allocator<void> >::ConstPtr)[m[K’:
[14.732s] [01m[K/home/aayush/newest_frenet_planner/src/frenet_planner_ported/src/../include/../include/frenet_class.hpp:205:22:[m[K [01;35m[Kwarning: [m[Kcomparison of integer expressions of different signedness: ‘[01m[Klong int[m[K’ and ‘[01m[Kstd::vector<std::pair<double, double> >::size_type[m[K’ {aka ‘[01m[Klong unsigned int[m[K’} [[01;35m[K-Wsign-compare[m[K]
[14.732s]   205 |   for (long i = 0; [01;35m[Ki < ob1.size()[m[K; i++)
[14.732s]       |                    [01;35m[K~~^~~~~~~~~~~~[m[K
[14.733s] [01m[K/home/aayush/newest_frenet_planner/src/frenet_planner_ported/src/../include/../include/frenet_class.hpp:185:13:[m[K [01;35m[Kwarning: [m[Kunused variable ‘[01m[KstartTime1[m[K’ [[01;35m[K-Wunused-variable[m[K]
[14.733s]   185 |      double [01;35m[KstartTime1[m[K = omp_get_wtime();
[14.734s]       |             [01;35m[K^~~~~~~~~~[m[K
[14.738s] In file included from [01m[K/home/aayush/newest_frenet_planner/src/frenet_planner_ported/src/frenet_planner.cpp:10[m[K:
[14.738s] [01m[K/home/aayush/newest_frenet_planner/src/frenet_planner_ported/src/../include/frenet_optimal_trajectory.hpp:[m[K In function ‘[01m[Kstd::ostream& operator<<(std::ostream&, const FrenetPath&)[m[K’:
[14.739s] [01m[K/home/aayush/newest_frenet_planner/src/frenet_planner_ported/src/../include/frenet_optimal_trajectory.hpp:80:20:[m[K [01;35m[Kwarning: [m[Kstatement has no effect [[01;35m[K-Wunused-value[m[K]
[14.739s]    80 | #define trace(...) [01;35m[K42[m[K
[14.739s]       |                    [01;35m[K^~[m[K
[14.739s] [01m[K/home/aayush/newest_frenet_planner/src/frenet_planner_ported/src/../include/frenet_optimal_trajectory.hpp:80:20:[m[K [01;36m[Knote: [m[Kin definition of macro ‘[01m[Ktrace[m[K’
[14.740s]    80 | #define trace(...) [01;36m[K42[m[K
[14.740s]       |                    [01;36m[K^~[m[K
[14.740s] [01m[K/home/aayush/newest_frenet_planner/src/frenet_planner_ported/src/../include/frenet_optimal_trajectory.hpp:80:20:[m[K [01;35m[Kwarning: [m[Kstatement has no effect [[01;35m[K-Wunused-value[m[K]
[14.741s]    80 | #define trace(...) [01;35m[K42[m[K
[14.741s]       |                    [01;35m[K^~[m[K
[14.741s] [01m[K/home/aayush/newest_frenet_planner/src/frenet_planner_ported/src/../include/frenet_optimal_trajectory.hpp:80:20:[m[K [01;36m[Knote: [m[Kin definition of macro ‘[01m[Ktrace[m[K’
[14.741s]    80 | #define trace(...) [01;36m[K42[m[K
[14.741s]       |                    [01;36m[K^~[m[K
[14.742s] [01m[K/home/aayush/newest_frenet_planner/src/frenet_planner_ported/src/../include/frenet_optimal_trajectory.hpp:80:20:[m[K [01;35m[Kwarning: [m[Kstatement has no effect [[01;35m[K-Wunused-value[m[K]
[14.742s]    80 | #define trace(...) [01;35m[K42[m[K
[14.742s]       |                    [01;35m[K^~[m[K
[14.743s] [01m[K/home/aayush/newest_frenet_planner/src/frenet_planner_ported/src/../include/frenet_optimal_trajectory.hpp:80:20:[m[K [01;36m[Knote: [m[Kin definition of macro ‘[01m[Ktrace[m[K’
[14.743s]    80 | #define trace(...) [01;36m[K42[m[K
[14.743s]       |                    [01;36m[K^~[m[K
[14.744s] [01m[K/home/aayush/newest_frenet_planner/src/frenet_planner_ported/src/../include/frenet_optimal_trajectory.hpp:80:20:[m[K [01;35m[Kwarning: [m[Kstatement has no effect [[01;35m[K-Wunused-value[m[K]
[14.744s]    80 | #define trace(...) [01;35m[K42[m[K
[14.744s]       |                    [01;35m[K^~[m[K
[14.744s] [01m[K/home/aayush/newest_frenet_planner/src/frenet_planner_ported/src/../include/frenet_optimal_trajectory.hpp:80:20:[m[K [01;36m[Knote: [m[Kin definition of macro ‘[01m[Ktrace[m[K’
[14.744s]    80 | #define trace(...) [01;36m[K42[m[K
[14.745s]       |                    [01;36m[K^~[m[K
[14.745s] [01m[K/home/aayush/newest_frenet_planner/src/frenet_planner_ported/src/../include/frenet_optimal_trajectory.hpp:80:20:[m[K [01;35m[Kwarning: [m[Kstatement has no effect [[01;35m[K-Wunused-value[m[K]
[14.745s]    80 | #define trace(...) [01;35m[K42[m[K
[14.746s]       |                    [01;35m[K^~[m[K
[14.746s] [01m[K/home/aayush/newest_frenet_planner/src/frenet_planner_ported/src/../include/frenet_optimal_trajectory.hpp:80:20:[m[K [01;36m[Knote: [m[Kin definition of macro ‘[01m[Ktrace[m[K’
[14.746s]    80 | #define trace(...) [01;36m[K42[m[K
[14.746s]       |                    [01;36m[K^~[m[K
[14.748s] [01m[K/home/aayush/newest_frenet_planner/src/frenet_planner_ported/src/../include/frenet_optimal_trajectory.hpp:80:20:[m[K [01;35m[Kwarning: [m[Kstatement has no effect [[01;35m[K-Wunused-value[m[K]
[14.754s]    80 | #define trace(...) [01;35m[K42[m[K
[14.754s]       |                    [01;35m[K^~[m[K
[14.755s] [01m[K/home/aayush/newest_frenet_planner/src/frenet_planner_ported/src/../include/frenet_optimal_trajectory.hpp:80:20:[m[K [01;36m[Knote: [m[Kin definition of macro ‘[01m[Ktrace[m[K’
[14.755s]    80 | #define trace(...) [01;36m[K42[m[K
[14.755s]       |                    [01;36m[K^~[m[K
[14.755s] [01m[K/home/aayush/newest_frenet_planner/src/frenet_planner_ported/src/../include/frenet_optimal_trajectory.hpp:80:20:[m[K [01;35m[Kwarning: [m[Kstatement has no effect [[01;35m[K-Wunused-value[m[K]
[14.756s]    80 | #define trace(...) [01;35m[K42[m[K
[14.756s]       |                    [01;35m[K^~[m[K
[14.756s] [01m[K/home/aayush/newest_frenet_planner/src/frenet_planner_ported/src/../include/frenet_optimal_trajectory.hpp:80:20:[m[K [01;36m[Knote: [m[Kin definition of macro ‘[01m[Ktrace[m[K’
[14.757s]    80 | #define trace(...) [01;36m[K42[m[K
[14.757s]       |                    [01;36m[K^~[m[K
[14.757s] [01m[K/home/aayush/newest_frenet_planner/src/frenet_planner_ported/src/../include/frenet_optimal_trajectory.hpp:80:20:[m[K [01;35m[Kwarning: [m[Kstatement has no effect [[01;35m[K-Wunused-value[m[K]
[14.758s]    80 | #define trace(...) [01;35m[K42[m[K
[14.758s]       |                    [01;35m[K^~[m[K
[14.758s] [01m[K/home/aayush/newest_frenet_planner/src/frenet_planner_ported/src/../include/frenet_optimal_trajectory.hpp:80:20:[m[K [01;36m[Knote: [m[Kin definition of macro ‘[01m[Ktrace[m[K’
[14.758s]    80 | #define trace(...) [01;36m[K42[m[K
[14.759s]       |                    [01;36m[K^~[m[K
[14.759s] [01m[K/home/aayush/newest_frenet_planner/src/frenet_planner_ported/src/../include/frenet_optimal_trajectory.hpp:80:20:[m[K [01;35m[Kwarning: [m[Kstatement has no effect [[01;35m[K-Wunused-value[m[K]
[14.759s]    80 | #define trace(...) [01;35m[K42[m[K
[14.760s]       |                    [01;35m[K^~[m[K
[14.760s] [01m[K/home/aayush/newest_frenet_planner/src/frenet_planner_ported/src/../include/frenet_optimal_trajectory.hpp:80:20:[m[K [01;36m[Knote: [m[Kin definition of macro ‘[01m[Ktrace[m[K’
[14.760s]    80 | #define trace(...) [01;36m[K42[m[K
[14.760s]       |                    [01;36m[K^~[m[K
[14.761s] [01m[K/home/aayush/newest_frenet_planner/src/frenet_planner_ported/src/../include/frenet_optimal_trajectory.hpp:80:20:[m[K [01;35m[Kwarning: [m[Kstatement has no effect [[01;35m[K-Wunused-value[m[K]
[14.761s]    80 | #define trace(...) [01;35m[K42[m[K
[14.761s]       |                    [01;35m[K^~[m[K
[14.762s] [01m[K/home/aayush/newest_frenet_planner/src/frenet_planner_ported/src/../include/frenet_optimal_trajectory.hpp:80:20:[m[K [01;36m[Knote: [m[Kin definition of macro ‘[01m[Ktrace[m[K’
[14.762s]    80 | #define trace(...) [01;36m[K42[m[K
[14.762s]       |                    [01;36m[K^~[m[K
[14.762s] [01m[K/home/aayush/newest_frenet_planner/src/frenet_planner_ported/src/../include/frenet_optimal_trajectory.hpp:80:20:[m[K [01;35m[Kwarning: [m[Kstatement has no effect [[01;35m[K-Wunused-value[m[K]
[14.762s]    80 | #define trace(...) [01;35m[K42[m[K
[14.763s]       |                    [01;35m[K^~[m[K
[14.763s] [01m[K/home/aayush/newest_frenet_planner/src/frenet_planner_ported/src/../include/frenet_optimal_trajectory.hpp:80:20:[m[K [01;36m[Knote: [m[Kin definition of macro ‘[01m[Ktrace[m[K’
[14.763s]    80 | #define trace(...) [01;36m[K42[m[K
[14.763s]       |                    [01;36m[K^~[m[K
[14.763s] [01m[K/home/aayush/newest_frenet_planner/src/frenet_planner_ported/src/../include/frenet_optimal_trajectory.hpp:80:20:[m[K [01;35m[Kwarning: [m[Kstatement has no effect [[01;35m[K-Wunused-value[m[K]
[14.764s]    80 | #define trace(...) [01;35m[K42[m[K
[14.771s]       |                    [01;35m[K^~[m[K
[14.771s] [01m[K/home/aayush/newest_frenet_planner/src/frenet_planner_ported/src/../include/frenet_optimal_trajectory.hpp:80:20:[m[K [01;36m[Knote: [m[Kin definition of macro ‘[01m[Ktrace[m[K’
[14.771s]    80 | #define trace(...) [01;36m[K42[m[K
[14.771s]       |                    [01;36m[K^~[m[K
[14.772s] [01m[K/home/aayush/newest_frenet_planner/src/frenet_planner_ported/src/../include/frenet_optimal_trajectory.hpp:80:20:[m[K [01;35m[Kwarning: [m[Kstatement has no effect [[01;35m[K-Wunused-value[m[K]
[14.772s]    80 | #define trace(...) [01;35m[K42[m[K
[14.772s]       |                    [01;35m[K^~[m[K
[14.772s] [01m[K/home/aayush/newest_frenet_planner/src/frenet_planner_ported/src/../include/frenet_optimal_trajectory.hpp:80:20:[m[K [01;36m[Knote: [m[Kin definition of macro ‘[01m[Ktrace[m[K’
[14.774s]    80 | #define trace(...) [01;36m[K42[m[K
[14.774s]       |                    [01;36m[K^~[m[K
[14.775s] [01m[K/home/aayush/newest_frenet_planner/src/frenet_planner_ported/src/../include/frenet_optimal_trajectory.hpp:81:59:[m[K [01;35m[Kwarning: [m[Kunused parameter ‘[01m[Kfp[m[K’ [[01;35m[K-Wunused-parameter[m[K]
[14.775s]    81 | inline ostream& operator<<(ostream& os, [01;35m[Kconst FrenetPath& fp[m[K)
[14.775s]       |                                         [01;35m[K~~~~~~~~~~~~~~~~~~^~[m[K
[14.775s] [01m[K/home/aayush/newest_frenet_planner/src/frenet_planner_ported/src/frenet_planner.cpp:[m[K In member function ‘[01m[Kvoid FrenetPath::calc_lon_paths_quintic_poly(double, double, double, double, double)[m[K’:
[14.775s] [01m[K/home/aayush/newest_frenet_planner/src/frenet_planner_ported/src/frenet_planner.cpp:69:91:[m[K [01;35m[Kwarning: [m[Kunused parameter ‘[01m[Kts[m[K’ [[01;35m[K-Wunused-parameter[m[K]
[14.776s]    69 | void FrenetPath::calc_lon_paths_quintic_poly(double c_speed, double s0, double Ti, [01;35m[Kdouble ts[m[K,
[14.776s]       |                                                                                    [01;35m[K~~~~~~~^~[m[K
[14.798s] [01m[K/home/aayush/newest_frenet_planner/src/frenet_planner_ported/src/frenet_planner.cpp:[m[K In member function ‘[01m[Kvoid FrenetPath::adding_global_path(Spline2D)[m[K’:
[14.798s] [01m[K/home/aayush/newest_frenet_planner/src/frenet_planner_ported/src/frenet_planner.cpp:198:9:[m[K [01;35m[Kwarning: [m[Kunused variable ‘[01m[KstartTime1[m[K’ [[01;35m[K-Wunused-variable[m[K]
[14.799s]   198 |  double [01;35m[KstartTime1[m[K = omp_get_wtime();
[14.799s]       |         [01;35m[K^~~~~~~~~~[m[K
[14.799s] [01m[K/home/aayush/newest_frenet_planner/src/frenet_planner_ported/src/frenet_planner.cpp:249:9:[m[K [01;35m[Kwarning: [m[Kunused variable ‘[01m[KendTime1[m[K’ [[01;35m[K-Wunused-variable[m[K]
[14.800s]   249 |  double [01;35m[KendTime1[m[K = omp_get_wtime();
[14.800s]       |         [01;35m[K^~~~~~~~[m[K
[14.818s] In file included from [01m[K/home/aayush/newest_frenet_planner/src/frenet_planner_ported/src/frenet_planner.cpp:10[m[K:
[14.818s] [01m[K/home/aayush/newest_frenet_planner/src/frenet_planner_ported/src/frenet_planner.cpp:[m[K In function ‘[01m[KFrenetPath frenet_optimal_planning(Spline2D, double, double, double, double, double, FrenetPath, double)[m[K’:
[14.818s] [01m[K/home/aayush/newest_frenet_planner/src/frenet_planner_ported/src/../include/frenet_optimal_trajectory.hpp:80:20:[m[K [01;35m[Kwarning: [m[Kstatement has no effect [[01;35m[K-Wunused-value[m[K]
[14.819s]    80 | #define trace(...) [01;35m[K42[m[K
[14.819s]       |                    [01;35m[K^~[m[K
[14.819s] [01m[K/home/aayush/newest_frenet_planner/src/frenet_planner_ported/src/../include/frenet_optimal_trajectory.hpp:80:20:[m[K [01;36m[Knote: [m[Kin definition of macro ‘[01m[Ktrace[m[K’
[14.819s]    80 | #define trace(...) [01;36m[K42[m[K
[14.819s]       |                    [01;36m[K^~[m[K
[14.822s] [01m[K/home/aayush/newest_frenet_planner/src/frenet_planner_ported/src/../include/frenet_optimal_trajectory.hpp:80:20:[m[K [01;35m[Kwarning: [m[Kstatement has no effect [[01;35m[K-Wunused-value[m[K]
[14.822s]    80 | #define trace(...) [01;35m[K42[m[K
[14.822s]       |                    [01;35m[K^~[m[K
[14.822s] [01m[K/home/aayush/newest_frenet_planner/src/frenet_planner_ported/src/../include/frenet_optimal_trajectory.hpp:80:20:[m[K [01;36m[Knote: [m[Kin definition of macro ‘[01m[Ktrace[m[K’
[14.822s]    80 | #define trace(...) [01;36m[K42[m[K
[14.823s]       |                    [01;36m[K^~[m[K
[14.824s] [01m[K/home/aayush/newest_frenet_planner/src/frenet_planner_ported/src/../include/frenet_optimal_trajectory.hpp:80:20:[m[K [01;35m[Kwarning: [m[Kstatement has no effect [[01;35m[K-Wunused-value[m[K]
[14.825s]    80 | #define trace(...) [01;35m[K42[m[K
[14.825s]       |                    [01;35m[K^~[m[K
[14.825s] [01m[K/home/aayush/newest_frenet_planner/src/frenet_planner_ported/src/../include/frenet_optimal_trajectory.hpp:80:20:[m[K [01;36m[Knote: [m[Kin definition of macro ‘[01m[Ktrace[m[K’
[14.825s]    80 | #define trace(...) [01;36m[K42[m[K
[14.825s]       |                    [01;36m[K^~[m[K
[14.827s] [01m[K/home/aayush/newest_frenet_planner/src/frenet_planner_ported/src/../include/frenet_optimal_trajectory.hpp:80:20:[m[K [01;35m[Kwarning: [m[Kstatement has no effect [[01;35m[K-Wunused-value[m[K]
[14.827s]    80 | #define trace(...) [01;35m[K42[m[K
[14.828s]       |                    [01;35m[K^~[m[K
[14.828s] [01m[K/home/aayush/newest_frenet_planner/src/frenet_planner_ported/src/../include/frenet_optimal_trajectory.hpp:80:20:[m[K [01;36m[Knote: [m[Kin definition of macro ‘[01m[Ktrace[m[K’
[14.828s]    80 | #define trace(...) [01;36m[K42[m[K
[14.828s]       |                    [01;36m[K^~[m[K
[14.830s] [01m[K/home/aayush/newest_frenet_planner/src/frenet_planner_ported/src/../include/frenet_optimal_trajectory.hpp:80:20:[m[K [01;35m[Kwarning: [m[Kstatement has no effect [[01;35m[K-Wunused-value[m[K]
[14.830s]    80 | #define trace(...) [01;35m[K42[m[K
[14.830s]       |                    [01;35m[K^~[m[K
[14.830s] [01m[K/home/aayush/newest_frenet_planner/src/frenet_planner_ported/src/../include/frenet_optimal_trajectory.hpp:80:20:[m[K [01;36m[Knote: [m[Kin definition of macro ‘[01m[Ktrace[m[K’
[14.831s]    80 | #define trace(...) [01;36m[K42[m[K
[14.831s]       |                    [01;36m[K^~[m[K
[44.024s] [ 60%] [32m[1mLinking CXX executable frenet_ros_obst[0m
[46.070s] /usr/bin/ld: CMakeFiles/frenet_ros_obst.dir/src/frenet_planner.cpp.o:(.bss+0x0): multiple definition of `cost_count'; CMakeFiles/frenet_ros_obst.dir/src/frenet_ros_obst.cpp.o:(.bss+0x0): first defined here
[46.071s] /usr/bin/ld: CMakeFiles/frenet_ros_obst.dir/src/frenet_ros_obst.cpp.o: in function `find_nearest_in_global_path(std::vector<double, std::allocator<double> >&, std::vector<double, std::allocator<double> >&, double&, double&, double&, int&, int, FrenetPath&)':
[46.072s] frenet_ros_obst.cpp:(.text+0x45b): undefined reference to `odom'
[46.072s] /usr/bin/ld: frenet_ros_obst.cpp:(.text+0x468): undefined reference to `odom'
[46.074s] /usr/bin/ld: CMakeFiles/frenet_ros_obst.dir/src/frenet_ros_obst.cpp.o: in function `initial_conditions_new(Spline2D&, std::vector<double, std::allocator<double> >&, std::vector<double, std::allocator<double> >&, std::vector<double, std::allocator<double> >&, std::vector<double, std::allocator<double> >&, std::vector<double, std::allocator<double> >&, double&, double&, double&, double&, double&, double&, FrenetPath&)':
[46.074s] frenet_ros_obst.cpp:(.text+0x8e3): undefined reference to `odom'
[46.074s] /usr/bin/ld: frenet_ros_obst.cpp:(.text+0x8f0): undefined reference to `odom'
[46.074s] /usr/bin/ld: frenet_ros_obst.cpp:(.text+0x984): undefined reference to `odom'
[46.075s] /usr/bin/ld: CMakeFiles/frenet_ros_obst.dir/src/frenet_ros_obst.cpp.o:frenet_ros_obst.cpp:(.text+0x9c5): more undefined references to `odom' follow
[46.076s] /usr/bin/ld: CMakeFiles/frenet_ros_obst.dir/src/frenet_ros_obst.cpp.o: in function `main':
[46.076s] frenet_ros_obst.cpp:(.text+0x11a9): undefined reference to `W_X'
[46.077s] /usr/bin/ld: frenet_ros_obst.cpp:(.text+0x11cd): undefined reference to `W_Y'
[46.077s] /usr/bin/ld: frenet_ros_obst.cpp:(.text+0x11f1): undefined reference to `TARGET_SPEED'
[46.077s] /usr/bin/ld: frenet_ros_obst.cpp:(.text+0x13d8): undefined reference to `W_Y'
[46.077s] /usr/bin/ld: frenet_ros_obst.cpp:(.text+0x13ee): undefined reference to `W_X'
[46.077s] /usr/bin/ld: frenet_ros_obst.cpp:(.text+0x164f): undefined reference to `s_dest'
[46.078s] /usr/bin/ld: frenet_ros_obst.cpp:(.text+0x18d2): undefined reference to `s_dest'
[46.078s] /usr/bin/ld: frenet_ros_obst.cpp:(.text+0x18fc): undefined reference to `STOP_CAR'
[46.078s] /usr/bin/ld: frenet_ros_obst.cpp:(.text+0x1909): undefined reference to `TARGET_SPEED'
[46.078s] /usr/bin/ld: frenet_ros_obst.cpp:(.text+0x1911): undefined reference to `STOP_CAR'
[46.079s] /usr/bin/ld: frenet_ros_obst.cpp:(.text+0x1922): undefined reference to `s_dest'
[46.079s] /usr/bin/ld: frenet_ros_obst.cpp:(.text+0x1dfe): undefined reference to `ob_y'
[46.080s] /usr/bin/ld: frenet_ros_obst.cpp:(.text+0x1e05): undefined reference to `ob_x'
[46.081s] /usr/bin/ld: frenet_ros_obst.cpp:(.text+0x20b4): undefined reference to `STOP_CAR'
[46.082s] /usr/bin/ld: frenet_ros_obst.cpp:(.text+0x22ca): undefined reference to `STOP_CAR'
[46.084s] /usr/bin/ld: CMakeFiles/frenet_ros_obst.dir/src/frenet_ros_obst.cpp.o: in function `FrenetClass::FrenetClass()':
[46.085s] frenet_ros_obst.cpp:(.text._ZN11FrenetClassC2Ev[_ZN11FrenetClassC5Ev]+0x930): undefined reference to `KJ'
[46.085s] /usr/bin/ld: frenet_ros_obst.cpp:(.text._ZN11FrenetClassC2Ev[_ZN11FrenetClassC5Ev]+0xa40): undefined reference to `KT'
[46.086s] /usr/bin/ld: frenet_ros_obst.cpp:(.text._ZN11FrenetClassC2Ev[_ZN11FrenetClassC5Ev]+0xb50): undefined reference to `KD'
[46.087s] /usr/bin/ld: frenet_ros_obst.cpp:(.text._ZN11FrenetClassC2Ev[_ZN11FrenetClassC5Ev]+0xc60): undefined reference to `KD_V'
[46.088s] /usr/bin/ld: frenet_ros_obst.cpp:(.text._ZN11FrenetClassC2Ev[_ZN11FrenetClassC5Ev]+0xd70): undefined reference to `KLAT'
[46.089s] /usr/bin/ld: frenet_ros_obst.cpp:(.text._ZN11FrenetClassC2Ev[_ZN11FrenetClassC5Ev]+0xe80): undefined reference to `KLON'
[46.090s] /usr/bin/ld: frenet_ros_obst.cpp:(.text._ZN11FrenetClassC2Ev[_ZN11FrenetClassC5Ev]+0xf90): undefined reference to `MAX_SPEED'
[46.091s] /usr/bin/ld: frenet_ros_obst.cpp:(.text._ZN11FrenetClassC2Ev[_ZN11FrenetClassC5Ev]+0x10a0): undefined reference to `MAX_ACCEL'
[46.092s] /usr/bin/ld: frenet_ros_obst.cpp:(.text._ZN11FrenetClassC2Ev[_ZN11FrenetClassC5Ev]+0x11b0): undefined reference to `MAX_CURVATURE'
[46.093s] /usr/bin/ld: frenet_ros_obst.cpp:(.text._ZN11FrenetClassC2Ev[_ZN11FrenetClassC5Ev]+0x12c0): undefined reference to `D_ROAD_W'
[46.094s] /usr/bin/ld: frenet_ros_obst.cpp:(.text._ZN11FrenetClassC2Ev[_ZN11FrenetClassC5Ev]+0x13d0): undefined reference to `DT'
[46.095s] /usr/bin/ld: frenet_ros_obst.cpp:(.text._ZN11FrenetClassC2Ev[_ZN11FrenetClassC5Ev]+0x14e0): undefined reference to `MAXT'
[46.096s] /usr/bin/ld: frenet_ros_obst.cpp:(.text._ZN11FrenetClassC2Ev[_ZN11FrenetClassC5Ev]+0x15f0): undefined reference to `MINT'
[46.097s] /usr/bin/ld: frenet_ros_obst.cpp:(.text._ZN11FrenetClassC2Ev[_ZN11FrenetClassC5Ev]+0x1700): undefined reference to `TARGET_SPEED'
[46.098s] /usr/bin/ld: frenet_ros_obst.cpp:(.text._ZN11FrenetClassC2Ev[_ZN11FrenetClassC5Ev]+0x1810): undefined reference to `D_T_S'
[46.099s] /usr/bin/ld: frenet_ros_obst.cpp:(.text._ZN11FrenetClassC2Ev[_ZN11FrenetClassC5Ev]+0x1920): undefined reference to `N_S_SAMPLE'
[46.100s] /usr/bin/ld: frenet_ros_obst.cpp:(.text._ZN11FrenetClassC2Ev[_ZN11FrenetClassC5Ev]+0x1a30): undefined reference to `ROBOT_RADIUS'
[46.101s] /usr/bin/ld: frenet_ros_obst.cpp:(.text._ZN11FrenetClassC2Ev[_ZN11FrenetClassC5Ev]+0x1b40): undefined reference to `MIN_LAT_VEL'
[46.102s] /usr/bin/ld: frenet_ros_obst.cpp:(.text._ZN11FrenetClassC2Ev[_ZN11FrenetClassC5Ev]+0x1c50): undefined reference to `D_D_NS'
[46.103s] /usr/bin/ld: frenet_ros_obst.cpp:(.text._ZN11FrenetClassC2Ev[_ZN11FrenetClassC5Ev]+0x1d60): undefined reference to `MAX_SHIFT_D'
[46.104s] /usr/bin/ld: CMakeFiles/frenet_ros_obst.dir/src/frenet_ros_obst.cpp.o: in function `FrenetClass::footprint_callback(std::shared_ptr<geometry_msgs::msg::PolygonStamped_<std::allocator<void> > const>)':
[46.105s] frenet_ros_obst.cpp:(.text._ZN11FrenetClass18footprint_callbackESt10shared_ptrIKN13geometry_msgs3msg15PolygonStamped_ISaIvEEEE[_ZN11FrenetClass18footprint_callbackESt10shared_ptrIKN13geometry_msgs3msg15PolygonStamped_ISaIvEEEE]+0x26): undefined reference to `footprint'
[46.106s] /usr/bin/ld: CMakeFiles/frenet_ros_obst.dir/src/frenet_ros_obst.cpp.o: in function `FrenetClass::odom_callback(std::shared_ptr<nav_msgs::msg::Odometry_<std::allocator<void> > const>)':
[46.106s] frenet_ros_obst.cpp:(.text._ZN11FrenetClass13odom_callbackESt10shared_ptrIKN8nav_msgs3msg9Odometry_ISaIvEEEE[_ZN11FrenetClass13odom_callbackESt10shared_ptrIKN8nav_msgs3msg9Odometry_ISaIvEEEE]+0x26): undefined reference to `odom'
[46.108s] /usr/bin/ld: CMakeFiles/frenet_ros_obst.dir/src/frenet_ros_obst.cpp.o: in function `FrenetClass::costmap_callback(std::shared_ptr<nav_msgs::msg::OccupancyGrid_<std::allocator<void> > const>)':
[46.109s] frenet_ros_obst.cpp:(.text._ZN11FrenetClass16costmap_callbackESt10shared_ptrIKN8nav_msgs3msg14OccupancyGrid_ISaIvEEEE[_ZN11FrenetClass16costmap_callbackESt10shared_ptrIKN8nav_msgs3msg14OccupancyGrid_ISaIvEEEE]+0x51): undefined reference to `cmap'
[46.110s] /usr/bin/ld: frenet_ros_obst.cpp:(.text._ZN11FrenetClass16costmap_callbackESt10shared_ptrIKN8nav_msgs3msg14OccupancyGrid_ISaIvEEEE[_ZN11FrenetClass16costmap_callbackESt10shared_ptrIKN8nav_msgs3msg14OccupancyGrid_ISaIvEEEE]+0x5d): undefined reference to `ob_x'
[46.110s] /usr/bin/ld: frenet_ros_obst.cpp:(.text._ZN11FrenetClass16costmap_callbackESt10shared_ptrIKN8nav_msgs3msg14OccupancyGrid_ISaIvEEEE[_ZN11FrenetClass16costmap_callbackESt10shared_ptrIKN8nav_msgs3msg14OccupancyGrid_ISaIvEEEE]+0x69): undefined reference to `ob_y'
[46.111s] /usr/bin/ld: frenet_ros_obst.cpp:(.text._ZN11FrenetClass16costmap_callbackESt10shared_ptrIKN8nav_msgs3msg14OccupancyGrid_ISaIvEEEE[_ZN11FrenetClass16costmap_callbackESt10shared_ptrIKN8nav_msgs3msg14OccupancyGrid_ISaIvEEEE]+0x155): undefined reference to `ob_x'
[46.112s] /usr/bin/ld: frenet_ros_obst.cpp:(.text._ZN11FrenetClass16costmap_callbackESt10shared_ptrIKN8nav_msgs3msg14OccupancyGrid_ISaIvEEEE[_ZN11FrenetClass16costmap_callbackESt10shared_ptrIKN8nav_msgs3msg14OccupancyGrid_ISaIvEEEE]+0x173): undefined reference to `ob_y'
[46.113s] /usr/bin/ld: frenet_ros_obst.cpp:(.text._ZN11FrenetClass16costmap_callbackESt10shared_ptrIKN8nav_msgs3msg14OccupancyGrid_ISaIvEEEE[_ZN11FrenetClass16costmap_callbackESt10shared_ptrIKN8nav_msgs3msg14OccupancyGrid_ISaIvEEEE]+0x1d4): undefined reference to `ob_x'
[46.114s] /usr/bin/ld: frenet_ros_obst.cpp:(.text._ZN11FrenetClass16costmap_callbackESt10shared_ptrIKN8nav_msgs3msg14OccupancyGrid_ISaIvEEEE[_ZN11FrenetClass16costmap_callbackESt10shared_ptrIKN8nav_msgs3msg14OccupancyGrid_ISaIvEEEE]+0x20e): undefined reference to `ob_y'
[46.115s] /usr/bin/ld: CMakeFiles/frenet_ros_obst.dir/src/frenet_ros_obst.cpp.o: in function `get_bot_yaw()':
[46.116s] frenet_ros_obst.cpp:(.text._Z11get_bot_yawv[_Z11get_bot_yawv]+0x21): undefined reference to `odom'
[46.117s] /usr/bin/ld: frenet_ros_obst.cpp:(.text._Z11get_bot_yawv[_Z11get_bot_yawv]+0x28): undefined reference to `odom'
[46.118s] /usr/bin/ld: frenet_ros_obst.cpp:(.text._Z11get_bot_yawv[_Z11get_bot_yawv]+0x3d): undefined reference to `odom'
[46.119s] /usr/bin/ld: frenet_ros_obst.cpp:(.text._Z11get_bot_yawv[_Z11get_bot_yawv]+0x44): undefined reference to `odom'
[46.120s] /usr/bin/ld: frenet_ros_obst.cpp:(.text._Z11get_bot_yawv[_Z11get_bot_yawv]+0x59): undefined reference to `odom'
[46.121s] /usr/bin/ld: CMakeFiles/frenet_ros_obst.dir/src/frenet_ros_obst.cpp.o:frenet_ros_obst.cpp:(.text._Z11get_bot_yawv[_Z11get_bot_yawv]+0x60): more undefined references to `odom' follow
[46.122s] /usr/bin/ld: CMakeFiles/frenet_ros_obst.dir/src/frenet_planner.cpp.o: in function `FrenetPath::calc_lat_paths(double, double, double, double, double, double)':
[46.125s] frenet_planner.cpp:(.text+0x2ea): undefined reference to `DT'
[46.125s] /usr/bin/ld: frenet_planner.cpp:(.text+0x42f): undefined reference to `DT'
[46.125s] /usr/bin/ld: frenet_planner.cpp:(.text+0x476): undefined reference to `DT'
[46.126s] /usr/bin/ld: frenet_planner.cpp:(.text+0x4cf): undefined reference to `DT'
[46.126s] /usr/bin/ld: frenet_planner.cpp:(.text+0x528): undefined reference to `DT'
[46.126s] /usr/bin/ld: CMakeFiles/frenet_ros_obst.dir/src/frenet_planner.cpp.o:frenet_planner.cpp:(.text+0x581): more undefined references to `DT' follow
[46.130s] /usr/bin/ld: CMakeFiles/frenet_ros_obst.dir/src/frenet_planner.cpp.o: in function `FrenetPath::calc_lon_paths(double, double, double, double)':
[46.134s] frenet_planner.cpp:(.text+0x924): undefined reference to `TARGET_SPEED'
[46.135s] /usr/bin/ld: frenet_planner.cpp:(.text+0x97f): undefined reference to `KJ'
[46.135s] /usr/bin/ld: frenet_planner.cpp:(.text+0x98b): undefined reference to `KT'
[46.135s] /usr/bin/ld: frenet_planner.cpp:(.text+0x9be): undefined reference to `KD'
[46.135s] /usr/bin/ld: frenet_planner.cpp:(.text+0xa1b): undefined reference to `KJ'
[46.136s] /usr/bin/ld: frenet_planner.cpp:(.text+0xa27): undefined reference to `KT'
[46.136s] /usr/bin/ld: frenet_planner.cpp:(.text+0xa3b): undefined reference to `KD_V'
[46.136s] /usr/bin/ld: frenet_planner.cpp:(.text+0xa6a): undefined reference to `KLAT'
[46.137s] /usr/bin/ld: frenet_planner.cpp:(.text+0xa85): undefined reference to `KLON'
[46.137s] /usr/bin/ld: CMakeFiles/frenet_ros_obst.dir/src/frenet_planner.cpp.o: in function `FrenetPath::calc_lon_paths_quintic_poly(double, double, double, double, double)':
[46.137s] frenet_planner.cpp:(.text+0xdd0): undefined reference to `STOP_CAR'
[46.137s] /usr/bin/ld: frenet_planner.cpp:(.text+0x1037): undefined reference to `TARGET_SPEED'
[46.137s] /usr/bin/ld: frenet_planner.cpp:(.text+0x1085): undefined reference to `STOP_CAR'
[46.138s] /usr/bin/ld: frenet_planner.cpp:(.text+0x111f): undefined reference to `KJ'
[46.138s] /usr/bin/ld: frenet_planner.cpp:(.text+0x112b): undefined reference to `KT'
[46.138s] /usr/bin/ld: frenet_planner.cpp:(.text+0x115e): undefined reference to `KD'
[46.138s] /usr/bin/ld: frenet_planner.cpp:(.text+0x11bb): undefined reference to `KJ'
[46.138s] /usr/bin/ld: frenet_planner.cpp:(.text+0x11c7): undefined reference to `KT'
[46.139s] /usr/bin/ld: frenet_planner.cpp:(.text+0x11db): undefined reference to `KD_V'
[46.139s] /usr/bin/ld: frenet_planner.cpp:(.text+0x120d): undefined reference to `KLAT'
[46.139s] /usr/bin/ld: frenet_planner.cpp:(.text+0x1228): undefined reference to `KLON'
[46.139s] /usr/bin/ld: CMakeFiles/frenet_ros_obst.dir/src/frenet_planner.cpp.o: in function `get_limits_d(FrenetPath, double*, double*)':
[46.139s] frenet_planner.cpp:(.text+0x12c8): undefined reference to `MAX_SHIFT_D'
[46.140s] /usr/bin/ld: frenet_planner.cpp:(.text+0x12ec): undefined reference to `MAX_SHIFT_D'
[46.140s] /usr/bin/ld: frenet_planner.cpp:(.text+0x12f8): undefined reference to `D_ROAD_W'
[46.140s] /usr/bin/ld: CMakeFiles/frenet_ros_obst.dir/src/frenet_planner.cpp.o: in function `calc_frenet_paths(double, double, double, double, double, FrenetPath)':
[46.140s] frenet_planner.cpp:(.text+0x1393): undefined reference to `MAX_ROAD_WIDTH'
[46.141s] /usr/bin/ld: frenet_planner.cpp:(.text+0x13af): undefined reference to `MAX_ROAD_WIDTH'
[46.141s] /usr/bin/ld: frenet_planner.cpp:(.text+0x13b7): undefined reference to `D_ROAD_W'
[46.141s] /usr/bin/ld: frenet_planner.cpp:(.text+0x1412): undefined reference to `STOP_CAR'
[46.141s] /usr/bin/ld: CMakeFiles/frenet_ros_obst.dir/src/frenet_planner.cpp.o: in function `point_obcheck(geometry_msgs::msg::Point32_<std::allocator<void> >, double)':
[46.141s] frenet_planner.cpp:(.text+0x2060): undefined reference to `ob_x'
[46.142s] /usr/bin/ld: frenet_planner.cpp:(.text+0x206f): undefined reference to `ob_x'
[46.142s] /usr/bin/ld: frenet_planner.cpp:(.text+0x2094): undefined reference to `ob_x'
[46.142s] /usr/bin/ld: frenet_planner.cpp:(.text+0x20b4): undefined reference to `ob_x'
[46.142s] /usr/bin/ld: frenet_planner.cpp:(.text+0x20db): undefined reference to `ob_x'
[46.142s] /usr/bin/ld: CMakeFiles/frenet_ros_obst.dir/src/frenet_planner.cpp.o:frenet_planner.cpp:(.text+0x210c): more undefined references to `ob_x' follow
[46.143s] /usr/bin/ld: CMakeFiles/frenet_ros_obst.dir/src/frenet_planner.cpp.o: in function `point_obcheck(geometry_msgs::msg::Point32_<std::allocator<void> >, double)':
[46.143s] frenet_planner.cpp:(.text+0x21df): undefined reference to `ob_y'
[46.143s] /usr/bin/ld: frenet_planner.cpp:(.text+0x21fc): undefined reference to `ob_x'
[46.143s] /usr/bin/ld: frenet_planner.cpp:(.text+0x2239): undefined reference to `ob_y'
[46.143s] /usr/bin/ld: frenet_planner.cpp:(.text+0x2256): undefined reference to `ob_x'
[46.144s] /usr/bin/ld: frenet_planner.cpp:(.text+0x22bc): undefined reference to `ob_y'
[46.144s] /usr/bin/ld: frenet_planner.cpp:(.text+0x22cb): undefined reference to `ob_y'
[46.144s] /usr/bin/ld: frenet_planner.cpp:(.text+0x22f4): undefined reference to `ob_y'
[46.144s] /usr/bin/ld: frenet_planner.cpp:(.text+0x231b): undefined reference to `ob_y'
[46.144s] /usr/bin/ld: frenet_planner.cpp:(.text+0x234c): undefined reference to `ob_y'
[46.145s] /usr/bin/ld: CMakeFiles/frenet_ros_obst.dir/src/frenet_planner.cpp.o:frenet_planner.cpp:(.text+0x2373): more undefined references to `ob_y' follow
[46.146s] /usr/bin/ld: CMakeFiles/frenet_ros_obst.dir/src/frenet_planner.cpp.o: in function `point_obcheck(geometry_msgs::msg::Point32_<std::allocator<void> >, double)':
[46.146s] frenet_planner.cpp:(.text+0x243c): undefined reference to `ob_x'
[46.146s] /usr/bin/ld: frenet_planner.cpp:(.text+0x2479): undefined reference to `ob_y'
[46.147s] /usr/bin/ld: frenet_planner.cpp:(.text+0x2496): undefined reference to `ob_x'
[46.147s] /usr/bin/ld: CMakeFiles/frenet_ros_obst.dir/src/frenet_planner.cpp.o: in function `FrenetPath::check_collision(double)':
[46.147s] frenet_planner.cpp:(.text+0x2638): undefined reference to `footprint'
[46.147s] /usr/bin/ld: frenet_planner.cpp:(.text+0x2652): undefined reference to `odom'
[46.147s] /usr/bin/ld: frenet_planner.cpp:(.text+0x2658): undefined reference to `odom'
[46.148s] /usr/bin/ld: frenet_planner.cpp:(.text+0x265e): undefined reference to `odom'
[46.148s] /usr/bin/ld: frenet_planner.cpp:(.text+0x2664): undefined reference to `odom'
[46.148s] /usr/bin/ld: frenet_planner.cpp:(.text+0x266a): undefined reference to `odom'
[46.148s] /usr/bin/ld: CMakeFiles/frenet_ros_obst.dir/src/frenet_planner.cpp.o:frenet_planner.cpp:(.text+0x2670): more undefined references to `odom' follow
[46.148s] /usr/bin/ld: CMakeFiles/frenet_ros_obst.dir/src/frenet_planner.cpp.o: in function `calc_frenet_paths(double, double, double, double, double, FrenetPath) [clone ._omp_fn.0]':
[46.149s] frenet_planner.cpp:(.text+0x310b): undefined reference to `D_ROAD_W'
[46.149s] /usr/bin/ld: frenet_planner.cpp:(.text+0x312b): undefined reference to `D_ROAD_W'
[46.149s] /usr/bin/ld: frenet_planner.cpp:(.text+0x313b): undefined reference to `MAXT'
[46.149s] /usr/bin/ld: frenet_planner.cpp:(.text+0x3143): undefined reference to `DT'
[46.149s] /usr/bin/ld: frenet_planner.cpp:(.text+0x314f): undefined reference to `DT'
[46.150s] /usr/bin/ld: frenet_planner.cpp:(.text+0x3200): undefined reference to `D_ROAD_W'
[46.150s] /usr/bin/ld: frenet_planner.cpp:(.text+0x321c): undefined reference to `D_T_S'
[46.150s] /usr/bin/ld: frenet_planner.cpp:(.text+0x324e): undefined reference to `TARGET_SPEED'
[46.150s] /usr/bin/ld: frenet_planner.cpp:(.text+0x3330): undefined reference to `TARGET_SPEED'
[46.150s] /usr/bin/ld: CMakeFiles/frenet_ros_obst.dir/src/frenet_planner.cpp.o: in function `calc_frenet_paths(double, double, double, double, double, FrenetPath) [clone ._omp_fn.1]':
[46.151s] frenet_planner.cpp:(.text+0x34d8): undefined reference to `D_ROAD_W'
[46.151s] /usr/bin/ld: frenet_planner.cpp:(.text+0x34fd): undefined reference to `D_ROAD_W'
[46.151s] /usr/bin/ld: frenet_planner.cpp:(.text+0x350d): undefined reference to `MINT'
[46.151s] /usr/bin/ld: frenet_planner.cpp:(.text+0x3515): undefined reference to `DT'
[46.151s] /usr/bin/ld: frenet_planner.cpp:(.text+0x3526): undefined reference to `MAXT'
[46.152s] /usr/bin/ld: frenet_planner.cpp:(.text+0x352e): undefined reference to `DT'
[46.152s] /usr/bin/ld: frenet_planner.cpp:(.text+0x353a): undefined reference to `DT'
[46.152s] /usr/bin/ld: frenet_planner.cpp:(.text+0x354b): undefined reference to `MAX_LAT_VEL'
[46.152s] /usr/bin/ld: frenet_planner.cpp:(.text+0x355f): undefined reference to `D_D_NS'
[46.152s] /usr/bin/ld: frenet_planner.cpp:(.text+0x3570): undefined reference to `MAX_LAT_VEL'
[46.153s] /usr/bin/ld: frenet_planner.cpp:(.text+0x3578): undefined reference to `D_D_NS'
[46.153s] /usr/bin/ld: frenet_planner.cpp:(.text+0x3584): undefined reference to `D_D_NS'
[46.153s] /usr/bin/ld: frenet_planner.cpp:(.text+0x3690): undefined reference to `D_ROAD_W'
[46.153s] /usr/bin/ld: frenet_planner.cpp:(.text+0x36ac): undefined reference to `DT'
[46.154s] /usr/bin/ld: frenet_planner.cpp:(.text+0x36c8): undefined reference to `D_D_NS'
[46.154s] /usr/bin/ld: frenet_planner.cpp:(.text+0x37d3): undefined reference to `TARGET_SPEED'
[46.154s] /usr/bin/ld: frenet_planner.cpp:(.text+0x37db): undefined reference to `D_T_S'
[46.154s] /usr/bin/ld: frenet_planner.cpp:(.text+0x37e3): undefined reference to `N_S_SAMPLE'
[46.154s] /usr/bin/ld: frenet_planner.cpp:(.text+0x37fb): undefined reference to `D_T_S'
[46.155s] /usr/bin/ld: frenet_planner.cpp:(.text+0x3803): undefined reference to `N_S_SAMPLE'
[46.155s] /usr/bin/ld: frenet_planner.cpp:(.text+0x380f): undefined reference to `TARGET_SPEED'
[46.155s] /usr/bin/ld: frenet_planner.cpp:(.text+0x3833): undefined reference to `D_T_S'
[46.155s] /usr/bin/ld: frenet_planner.cpp:(.text+0x3960): undefined reference to `D_T_S'
[46.155s] collect2: error: ld returned 1 exit status
[46.156s] make[2]: *** [CMakeFiles/frenet_ros_obst.dir/build.make:187: frenet_ros_obst] Error 1
[46.156s] make[1]: *** [CMakeFiles/Makefile2:78: CMakeFiles/frenet_ros_obst.dir/all] Error 2
[46.156s] make: *** [Makefile:141: all] Error 2
[46.157s] Invoked command in '/home/aayush/newest_frenet_planner/build/frenet_planner_ported' returned '2': CMAKE_PREFIX_PATH=${CMAKE_PREFIX_PATH}:/home/aayush/newest_frenet_planner/install/dummy:/opt/ros/foxy /usr/bin/cmake --build /home/aayush/newest_frenet_planner/build/frenet_planner_ported -- -j2 -l2
